10:51:17.439 [CLI TAE (Master Thread - #0)] ERROR c.u.c.b.a.t.b.c.CommandLineAlgorithmRun - The following algorithm call failed: cd "/proj/SMACK/smac/example_scenarios/seq_rs" ;  ../wrapper.py /proj/SMACK/sv-benchmarks/c/seq-mthreaded/pals_lcr-var-start-time.6_false-unreach-call.1.ufo.UNBOUNDED.pals.c 0 2000.0 2147483647 -1 -/bopt:boolControlVC 'False' -/bopt:z3opt:SMT.MBQI 'True' -/bopt:z3opt:SMT.MBQI.MAX_ITERATIONS '1000' -/deepAsserts 'False' -/di 'True' -/doNotUseLabels 'False' -/noCallTreeReuse 'False' -/noInitPruning 'False' -/nonUniformUnfolding 'False' -/staticInlining 'True' -/trackAllVars 'True' -/useArrayTheoryCheck '1'  
10:51:17.440 [CLI TAE (Master Thread - #0)] ERROR c.u.c.b.a.t.b.c.CommandLineAlgorithmRun - The last 1 lines of output we saw were:
10:51:17.440 [CLI TAE (Master Thread - #0)] ERROR c.u.c.b.a.t.b.c.CommandLineAlgorithmRun - > Result for SMAC: CRASHED, 90000, 0, 0, -1
10:51:17.442 [CLI TAE Callback Threads (3-1)] WARN  c.u.c.b.a.t.d.s.TimingCheckerTargetAlgorithmEvaluator - Algorithm Run Result reported a runtime of 90000.0 (secs) that exceeded it's cutoff time of 2000.0 (secs) by 88000.0 (secs). Next warning at 88001.0 (secs)  
10:51:17.443 [CLI TAE Callback Threads (3-1)] WARN  c.u.c.b.a.t.d.s.CrashedSolutionQualityTransformingTargetAlgorithmEvaluatorDecorator - Detected CRASHED run. The Solution Quality of CRASHED runs will be transformed to the MAX(quality, 1.0E9), to disable this use --transform-crashed-quality false to change the value use --transform-crashed-quality-value
10:51:19.013 [main] WARN  c.u.c.b.a.r.FileSharingRunHistoryDecorator - Error occurred reading file in shared run history /proj/SMACK/smac/example_scenarios/seq_rs/smac-output/smack-scenario_seq_rs/live-rundata-39.json. We will keep trying to read this file, but will only log another error after it succeeds once. We may not be able to get it's run data but we should be able to continue
com.fasterxml.jackson.core.JsonParseException: Unexpected character ('{' (code 123)): was expecting comma to separate OBJECT entries
 at [Source: /proj/SMACK/smac/example_scenarios/seq_rs/smac-output/smack-scenario_seq_rs/live-rundata-39.json; line: 1721, column: 32]
	at com.fasterxml.jackson.core.JsonParser._constructError(JsonParser.java:1524) ~[jackson-core-2.3.1.jar:2.3.1]
	at com.fasterxml.jackson.core.base.ParserMinimalBase._reportError(ParserMinimalBase.java:557) ~[jackson-core-2.3.1.jar:2.3.1]
	at com.fasterxml.jackson.core.base.ParserMinimalBase._reportUnexpectedChar(ParserMinimalBase.java:475) ~[jackson-core-2.3.1.jar:2.3.1]
	at com.fasterxml.jackson.core.json.UTF8StreamJsonParser.nextToken(UTF8StreamJsonParser.java:688) ~[jackson-core-2.3.1.jar:2.3.1]
	at com.fasterxml.jackson.core.base.ParserMinimalBase.nextValue(ParserMinimalBase.java:123) ~[jackson-core-2.3.1.jar:2.3.1]
	at ca.ubc.cs.beta.aeatk.json.serializers.AlgorithmRunResultJson$AlgorithmRunDeserializer.deserialize(AlgorithmRunResultJson.java:57) ~[aeatk.jar:na]
	at ca.ubc.cs.beta.aeatk.json.serializers.AlgorithmRunResultJson$AlgorithmRunDeserializer.deserialize(AlgorithmRunResultJson.java:30) ~[aeatk.jar:na]
	at com.fasterxml.jackson.databind.MappingIterator.nextValue(MappingIterator.java:189) ~[jackson-databind-2.3.1.jar:2.3.1]
	at ca.ubc.cs.beta.aeatk.runhistory.FileSharingRunHistoryDecorator.readRunsFromFile(FileSharingRunHistoryDecorator.java:421) [aeatk.jar:na]
	at ca.ubc.cs.beta.aeatk.runhistory.FileSharingRunHistoryDecorator.reReadFiles(FileSharingRunHistoryDecorator.java:339) [aeatk.jar:na]
	at ca.ubc.cs.beta.aeatk.runhistory.FileSharingRunHistoryDecorator.append(FileSharingRunHistoryDecorator.java:239) [aeatk.jar:na]
	at ca.ubc.cs.beta.aeatk.runhistory.FileSharingRunHistoryDecorator.append(FileSharingRunHistoryDecorator.java:502) [aeatk.jar:na]
	at ca.ubc.cs.beta.aeatk.runhistory.TeeRunHistory.append(TeeRunHistory.java:33) [aeatk.jar:na]
	at ca.ubc.cs.beta.aeatk.runhistory.ThreadSafeRunHistoryWrapper.append(ThreadSafeRunHistoryWrapper.java:60) [aeatk.jar:na]
	at ca.ubc.cs.beta.aeatk.initialization.classic.ClassicInitializationProcedure.updateRunHistory(ClassicInitializationProcedure.java:156) [aeatk.jar:na]
	at ca.ubc.cs.beta.aeatk.initialization.classic.ClassicInitializationProcedure.evaluateRun(ClassicInitializationProcedure.java:143) [aeatk.jar:na]
	at ca.ubc.cs.beta.aeatk.initialization.classic.ClassicInitializationProcedure.evaluateRun(ClassicInitializationProcedure.java:114) [aeatk.jar:na]
	at ca.ubc.cs.beta.aeatk.initialization.classic.ClassicInitializationProcedure.run(ClassicInitializationProcedure.java:93) [aeatk.jar:na]
	at ca.ubc.cs.beta.smac.configurator.AbstractAlgorithmFramework.run(AbstractAlgorithmFramework.java:516) [smac.jar:na]
	at ca.ubc.cs.beta.smac.executors.SMACExecutor.oldMain(SMACExecutor.java:140) [smac.jar:na]
	at ca.ubc.cs.beta.smac.executors.SMACExecutor.main(SMACExecutor.java:104) [smac.jar:na]
	at sun.reflect.NativeMethodAccessorImpl.invoke0(Native Method) ~[na:1.8.0_162]
	at sun.reflect.NativeMethodAccessorImpl.invoke(NativeMethodAccessorImpl.java:62) ~[na:1.8.0_162]
	at sun.reflect.DelegatingMethodAccessorImpl.invoke(DelegatingMethodAccessorImpl.java:43) ~[na:1.8.0_162]
	at java.lang.reflect.Method.invoke(Method.java:498) ~[na:1.8.0_162]
	at ca.ubc.cs.beta.aeatk.ant.execscript.Launcher.main(Launcher.java:37) [aeatk.jar:na]
10:51:19.419 [main] WARN  c.u.c.b.a.r.FileSharingRunHistoryDecorator - Error occurred reading file in shared run history /proj/SMACK/smac/example_scenarios/seq_rs/smac-output/smack-scenario_seq_rs/live-rundata-34.json. We will keep trying to read this file, but will only log another error after it succeeds once. We may not be able to get it's run data but we should be able to continue
com.fasterxml.jackson.core.JsonParseException: Unexpected character ('{' (code 123)): was expecting comma to separate OBJECT entries
 at [Source: /proj/SMACK/smac/example_scenarios/seq_rs/smac-output/smack-scenario_seq_rs/live-rundata-34.json; line: 1696, column: 3]
	at com.fasterxml.jackson.core.JsonParser._constructError(JsonParser.java:1524) ~[jackson-core-2.3.1.jar:2.3.1]
	at com.fasterxml.jackson.core.base.ParserMinimalBase._reportError(ParserMinimalBase.java:557) ~[jackson-core-2.3.1.jar:2.3.1]
	at com.fasterxml.jackson.core.base.ParserMinimalBase._reportUnexpectedChar(ParserMinimalBase.java:475) ~[jackson-core-2.3.1.jar:2.3.1]
	at com.fasterxml.jackson.core.json.UTF8StreamJsonParser.nextToken(UTF8StreamJsonParser.java:688) ~[jackson-core-2.3.1.jar:2.3.1]
	at com.fasterxml.jackson.core.base.ParserMinimalBase.nextValue(ParserMinimalBase.java:123) ~[jackson-core-2.3.1.jar:2.3.1]
	at ca.ubc.cs.beta.aeatk.json.serializers.AlgorithmRunResultJson$AlgorithmRunDeserializer.deserialize(AlgorithmRunResultJson.java:57) ~[aeatk.jar:na]
	at ca.ubc.cs.beta.aeatk.json.serializers.AlgorithmRunResultJson$AlgorithmRunDeserializer.deserialize(AlgorithmRunResultJson.java:30) ~[aeatk.jar:na]
	at com.fasterxml.jackson.databind.MappingIterator.nextValue(MappingIterator.java:189) ~[jackson-databind-2.3.1.jar:2.3.1]
	at ca.ubc.cs.beta.aeatk.runhistory.FileSharingRunHistoryDecorator.readRunsFromFile(FileSharingRunHistoryDecorator.java:421) [aeatk.jar:na]
	at ca.ubc.cs.beta.aeatk.runhistory.FileSharingRunHistoryDecorator.reReadFiles(FileSharingRunHistoryDecorator.java:339) [aeatk.jar:na]
	at ca.ubc.cs.beta.aeatk.runhistory.FileSharingRunHistoryDecorator.append(FileSharingRunHistoryDecorator.java:239) [aeatk.jar:na]
	at ca.ubc.cs.beta.aeatk.runhistory.FileSharingRunHistoryDecorator.append(FileSharingRunHistoryDecorator.java:502) [aeatk.jar:na]
	at ca.ubc.cs.beta.aeatk.runhistory.TeeRunHistory.append(TeeRunHistory.java:33) [aeatk.jar:na]
	at ca.ubc.cs.beta.aeatk.runhistory.ThreadSafeRunHistoryWrapper.append(ThreadSafeRunHistoryWrapper.java:60) [aeatk.jar:na]
	at ca.ubc.cs.beta.aeatk.initialization.classic.ClassicInitializationProcedure.updateRunHistory(ClassicInitializationProcedure.java:156) [aeatk.jar:na]
	at ca.ubc.cs.beta.aeatk.initialization.classic.ClassicInitializationProcedure.evaluateRun(ClassicInitializationProcedure.java:143) [aeatk.jar:na]
	at ca.ubc.cs.beta.aeatk.initialization.classic.ClassicInitializationProcedure.evaluateRun(ClassicInitializationProcedure.java:114) [aeatk.jar:na]
	at ca.ubc.cs.beta.aeatk.initialization.classic.ClassicInitializationProcedure.run(ClassicInitializationProcedure.java:93) [aeatk.jar:na]
	at ca.ubc.cs.beta.smac.configurator.AbstractAlgorithmFramework.run(AbstractAlgorithmFramework.java:516) [smac.jar:na]
	at ca.ubc.cs.beta.smac.executors.SMACExecutor.oldMain(SMACExecutor.java:140) [smac.jar:na]
	at ca.ubc.cs.beta.smac.executors.SMACExecutor.main(SMACExecutor.java:104) [smac.jar:na]
	at sun.reflect.NativeMethodAccessorImpl.invoke0(Native Method) ~[na:1.8.0_162]
	at sun.reflect.NativeMethodAccessorImpl.invoke(NativeMethodAccessorImpl.java:62) ~[na:1.8.0_162]
	at sun.reflect.DelegatingMethodAccessorImpl.invoke(DelegatingMethodAccessorImpl.java:43) ~[na:1.8.0_162]
	at java.lang.reflect.Method.invoke(Method.java:498) ~[na:1.8.0_162]
	at ca.ubc.cs.beta.aeatk.ant.execscript.Launcher.main(Launcher.java:37) [aeatk.jar:na]
11:22:45.312 [main] WARN  c.u.c.b.a.r.FileSharingRunHistoryDecorator - Error occurred reading file in shared run history /proj/SMACK/smac/example_scenarios/seq_rs/smac-output/smack-scenario_seq_rs/live-rundata-44.json. We will keep trying to read this file, but will only log another error after it succeeds once. We may not be able to get it's run data but we should be able to continue
java.lang.RuntimeException: Illegal character ((CTRL-CHAR, code 0)): only regular white space (\r, \n, \t) is allowed between tokens
 at [Source: /proj/SMACK/smac/example_scenarios/seq_rs/smac-output/smack-scenario_seq_rs/live-rundata-44.json; line: 1764, column: 3]
	at com.fasterxml.jackson.databind.MappingIterator.hasNext(MappingIterator.java:112) ~[jackson-databind-2.3.1.jar:2.3.1]
	at ca.ubc.cs.beta.aeatk.runhistory.FileSharingRunHistoryDecorator.readRunsFromFile(FileSharingRunHistoryDecorator.java:418) [aeatk.jar:na]
	at ca.ubc.cs.beta.aeatk.runhistory.FileSharingRunHistoryDecorator.reReadFiles(FileSharingRunHistoryDecorator.java:339) [aeatk.jar:na]
	at ca.ubc.cs.beta.aeatk.runhistory.FileSharingRunHistoryDecorator.append(FileSharingRunHistoryDecorator.java:239) [aeatk.jar:na]
	at ca.ubc.cs.beta.aeatk.runhistory.FileSharingRunHistoryDecorator.append(FileSharingRunHistoryDecorator.java:502) [aeatk.jar:na]
	at ca.ubc.cs.beta.aeatk.runhistory.TeeRunHistory.append(TeeRunHistory.java:33) [aeatk.jar:na]
	at ca.ubc.cs.beta.aeatk.runhistory.ThreadSafeRunHistoryWrapper.append(ThreadSafeRunHistoryWrapper.java:60) [aeatk.jar:na]
	at ca.ubc.cs.beta.smac.configurator.AbstractAlgorithmFramework.updateRunHistory(AbstractAlgorithmFramework.java:1229) [smac.jar:na]
	at ca.ubc.cs.beta.smac.configurator.AbstractAlgorithmFramework.evaluateRun(AbstractAlgorithmFramework.java:1279) [smac.jar:na]
	at ca.ubc.cs.beta.smac.configurator.AbstractAlgorithmFramework.evaluateRun(AbstractAlgorithmFramework.java:1245) [smac.jar:na]
	at ca.ubc.cs.beta.smac.configurator.AbstractAlgorithmFramework.challengeIncumbent(AbstractAlgorithmFramework.java:804) [smac.jar:na]
	at ca.ubc.cs.beta.smac.configurator.AbstractAlgorithmFramework.challengeIncumbent(AbstractAlgorithmFramework.java:778) [smac.jar:na]
	at ca.ubc.cs.beta.smac.configurator.AbstractAlgorithmFramework.intensify(AbstractAlgorithmFramework.java:766) [smac.jar:na]
	at ca.ubc.cs.beta.smac.configurator.AbstractAlgorithmFramework.run(AbstractAlgorithmFramework.java:580) [smac.jar:na]
	at ca.ubc.cs.beta.smac.executors.SMACExecutor.oldMain(SMACExecutor.java:140) [smac.jar:na]
	at ca.ubc.cs.beta.smac.executors.SMACExecutor.main(SMACExecutor.java:104) [smac.jar:na]
	at sun.reflect.NativeMethodAccessorImpl.invoke0(Native Method) ~[na:1.8.0_162]
	at sun.reflect.NativeMethodAccessorImpl.invoke(NativeMethodAccessorImpl.java:62) ~[na:1.8.0_162]
	at sun.reflect.DelegatingMethodAccessorImpl.invoke(DelegatingMethodAccessorImpl.java:43) ~[na:1.8.0_162]
	at java.lang.reflect.Method.invoke(Method.java:498) ~[na:1.8.0_162]
	at ca.ubc.cs.beta.aeatk.ant.execscript.Launcher.main(Launcher.java:37) [aeatk.jar:na]
Caused by: com.fasterxml.jackson.core.JsonParseException: Illegal character ((CTRL-CHAR, code 0)): only regular white space (\r, \n, \t) is allowed between tokens
 at [Source: /proj/SMACK/smac/example_scenarios/seq_rs/smac-output/smack-scenario_seq_rs/live-rundata-44.json; line: 1764, column: 3]
	at com.fasterxml.jackson.core.JsonParser._constructError(JsonParser.java:1524) ~[jackson-core-2.3.1.jar:2.3.1]
	at com.fasterxml.jackson.core.base.ParserMinimalBase._reportError(ParserMinimalBase.java:557) ~[jackson-core-2.3.1.jar:2.3.1]
	at com.fasterxml.jackson.core.base.ParserMinimalBase._throwInvalidSpace(ParserMinimalBase.java:503) ~[jackson-core-2.3.1.jar:2.3.1]
	at com.fasterxml.jackson.core.json.UTF8StreamJsonParser._reportInvalidChar(UTF8StreamJsonParser.java:3103) ~[jackson-core-2.3.1.jar:2.3.1]
	at com.fasterxml.jackson.core.json.UTF8StreamJsonParser._skipWSOrEnd(UTF8StreamJsonParser.java:2585) ~[jackson-core-2.3.1.jar:2.3.1]
	at com.fasterxml.jackson.core.json.UTF8StreamJsonParser.nextToken(UTF8StreamJsonParser.java:650) ~[jackson-core-2.3.1.jar:2.3.1]
	at com.fasterxml.jackson.databind.MappingIterator.hasNextValue(MappingIterator.java:159) ~[jackson-databind-2.3.1.jar:2.3.1]
	at com.fasterxml.jackson.databind.MappingIterator.hasNext(MappingIterator.java:108) ~[jackson-databind-2.3.1.jar:2.3.1]
	... 20 common frames omitted
11:22:45.434 [main] WARN  c.u.c.b.a.r.FileSharingRunHistoryDecorator - Error occurred reading file in shared run history /proj/SMACK/smac/example_scenarios/seq_rs/smac-output/smack-scenario_seq_rs/live-rundata-36.json. We will keep trying to read this file, but will only log another error after it succeeds once. We may not be able to get it's run data but we should be able to continue
java.lang.RuntimeException: Unrecognized token 'algo': was expecting ('true', 'false' or 'null')
 at [Source: /proj/SMACK/smac/example_scenarios/seq_rs/smac-output/smack-scenario_seq_rs/live-rundata-36.json; line: 1764, column: 7]
	at com.fasterxml.jackson.databind.MappingIterator.hasNext(MappingIterator.java:112) ~[jackson-databind-2.3.1.jar:2.3.1]
	at ca.ubc.cs.beta.aeatk.runhistory.FileSharingRunHistoryDecorator.readRunsFromFile(FileSharingRunHistoryDecorator.java:418) [aeatk.jar:na]
	at ca.ubc.cs.beta.aeatk.runhistory.FileSharingRunHistoryDecorator.reReadFiles(FileSharingRunHistoryDecorator.java:339) [aeatk.jar:na]
	at ca.ubc.cs.beta.aeatk.runhistory.FileSharingRunHistoryDecorator.append(FileSharingRunHistoryDecorator.java:239) [aeatk.jar:na]
	at ca.ubc.cs.beta.aeatk.runhistory.FileSharingRunHistoryDecorator.append(FileSharingRunHistoryDecorator.java:502) [aeatk.jar:na]
	at ca.ubc.cs.beta.aeatk.runhistory.TeeRunHistory.append(TeeRunHistory.java:33) [aeatk.jar:na]
	at ca.ubc.cs.beta.aeatk.runhistory.ThreadSafeRunHistoryWrapper.append(ThreadSafeRunHistoryWrapper.java:60) [aeatk.jar:na]
	at ca.ubc.cs.beta.smac.configurator.AbstractAlgorithmFramework.updateRunHistory(AbstractAlgorithmFramework.java:1229) [smac.jar:na]
	at ca.ubc.cs.beta.smac.configurator.AbstractAlgorithmFramework.evaluateRun(AbstractAlgorithmFramework.java:1279) [smac.jar:na]
	at ca.ubc.cs.beta.smac.configurator.AbstractAlgorithmFramework.evaluateRun(AbstractAlgorithmFramework.java:1245) [smac.jar:na]
	at ca.ubc.cs.beta.smac.configurator.AbstractAlgorithmFramework.challengeIncumbent(AbstractAlgorithmFramework.java:804) [smac.jar:na]
	at ca.ubc.cs.beta.smac.configurator.AbstractAlgorithmFramework.challengeIncumbent(AbstractAlgorithmFramework.java:778) [smac.jar:na]
	at ca.ubc.cs.beta.smac.configurator.AbstractAlgorithmFramework.intensify(AbstractAlgorithmFramework.java:766) [smac.jar:na]
	at ca.ubc.cs.beta.smac.configurator.AbstractAlgorithmFramework.run(AbstractAlgorithmFramework.java:580) [smac.jar:na]
	at ca.ubc.cs.beta.smac.executors.SMACExecutor.oldMain(SMACExecutor.java:140) [smac.jar:na]
	at ca.ubc.cs.beta.smac.executors.SMACExecutor.main(SMACExecutor.java:104) [smac.jar:na]
	at sun.reflect.NativeMethodAccessorImpl.invoke0(Native Method) ~[na:1.8.0_162]
	at sun.reflect.NativeMethodAccessorImpl.invoke(NativeMethodAccessorImpl.java:62) ~[na:1.8.0_162]
	at sun.reflect.DelegatingMethodAccessorImpl.invoke(DelegatingMethodAccessorImpl.java:43) ~[na:1.8.0_162]
	at java.lang.reflect.Method.invoke(Method.java:498) ~[na:1.8.0_162]
	at ca.ubc.cs.beta.aeatk.ant.execscript.Launcher.main(Launcher.java:37) [aeatk.jar:na]
Caused by: com.fasterxml.jackson.core.JsonParseException: Unrecognized token 'algo': was expecting ('true', 'false' or 'null')
 at [Source: /proj/SMACK/smac/example_scenarios/seq_rs/smac-output/smack-scenario_seq_rs/live-rundata-36.json; line: 1764, column: 7]
	at com.fasterxml.jackson.core.JsonParser._constructError(JsonParser.java:1524) ~[jackson-core-2.3.1.jar:2.3.1]
	at com.fasterxml.jackson.core.base.ParserMinimalBase._reportError(ParserMinimalBase.java:557) ~[jackson-core-2.3.1.jar:2.3.1]
	at com.fasterxml.jackson.core.json.UTF8StreamJsonParser._reportInvalidToken(UTF8StreamJsonParser.java:3095) ~[jackson-core-2.3.1.jar:2.3.1]
	at com.fasterxml.jackson.core.json.UTF8StreamJsonParser._handleUnexpectedValue(UTF8StreamJsonParser.java:2340) ~[jackson-core-2.3.1.jar:2.3.1]
	at com.fasterxml.jackson.core.json.UTF8StreamJsonParser._nextTokenNotInObject(UTF8StreamJsonParser.java:818) ~[jackson-core-2.3.1.jar:2.3.1]
	at com.fasterxml.jackson.core.json.UTF8StreamJsonParser.nextToken(UTF8StreamJsonParser.java:698) ~[jackson-core-2.3.1.jar:2.3.1]
	at com.fasterxml.jackson.databind.MappingIterator.hasNextValue(MappingIterator.java:159) ~[jackson-databind-2.3.1.jar:2.3.1]
	at com.fasterxml.jackson.databind.MappingIterator.hasNext(MappingIterator.java:108) ~[jackson-databind-2.3.1.jar:2.3.1]
	... 20 common frames omitted
11:22:45.462 [main] WARN  c.u.c.b.a.r.FileSharingRunHistoryDecorator - Error occurred reading file in shared run history /proj/SMACK/smac/example_scenarios/seq_rs/smac-output/smack-scenario_seq_rs/live-rundata-33.json. We will keep trying to read this file, but will only log another error after it succeeds once. We may not be able to get it's run data but we should be able to continue
java.lang.RuntimeException: Unexpected close marker '}': expected ']' (for ROOT starting at [Source: /proj/SMACK/smac/example_scenarios/seq_rs/smac-output/smack-scenario_seq_rs/live-rundata-33.json; line: 1, column: 0])
 at [Source: /proj/SMACK/smac/example_scenarios/seq_rs/smac-output/smack-scenario_seq_rs/live-rundata-33.json; line: 1722, column: 3]
	at com.fasterxml.jackson.databind.MappingIterator.hasNext(MappingIterator.java:112) ~[jackson-databind-2.3.1.jar:2.3.1]
	at ca.ubc.cs.beta.aeatk.runhistory.FileSharingRunHistoryDecorator.readRunsFromFile(FileSharingRunHistoryDecorator.java:418) [aeatk.jar:na]
	at ca.ubc.cs.beta.aeatk.runhistory.FileSharingRunHistoryDecorator.reReadFiles(FileSharingRunHistoryDecorator.java:339) [aeatk.jar:na]
	at ca.ubc.cs.beta.aeatk.runhistory.FileSharingRunHistoryDecorator.append(FileSharingRunHistoryDecorator.java:239) [aeatk.jar:na]
	at ca.ubc.cs.beta.aeatk.runhistory.FileSharingRunHistoryDecorator.append(FileSharingRunHistoryDecorator.java:502) [aeatk.jar:na]
	at ca.ubc.cs.beta.aeatk.runhistory.TeeRunHistory.append(TeeRunHistory.java:33) [aeatk.jar:na]
	at ca.ubc.cs.beta.aeatk.runhistory.ThreadSafeRunHistoryWrapper.append(ThreadSafeRunHistoryWrapper.java:60) [aeatk.jar:na]
	at ca.ubc.cs.beta.smac.configurator.AbstractAlgorithmFramework.updateRunHistory(AbstractAlgorithmFramework.java:1229) [smac.jar:na]
	at ca.ubc.cs.beta.smac.configurator.AbstractAlgorithmFramework.evaluateRun(AbstractAlgorithmFramework.java:1279) [smac.jar:na]
	at ca.ubc.cs.beta.smac.configurator.AbstractAlgorithmFramework.evaluateRun(AbstractAlgorithmFramework.java:1245) [smac.jar:na]
	at ca.ubc.cs.beta.smac.configurator.AbstractAlgorithmFramework.challengeIncumbent(AbstractAlgorithmFramework.java:804) [smac.jar:na]
	at ca.ubc.cs.beta.smac.configurator.AbstractAlgorithmFramework.challengeIncumbent(AbstractAlgorithmFramework.java:778) [smac.jar:na]
	at ca.ubc.cs.beta.smac.configurator.AbstractAlgorithmFramework.intensify(AbstractAlgorithmFramework.java:766) [smac.jar:na]
	at ca.ubc.cs.beta.smac.configurator.AbstractAlgorithmFramework.run(AbstractAlgorithmFramework.java:580) [smac.jar:na]
	at ca.ubc.cs.beta.smac.executors.SMACExecutor.oldMain(SMACExecutor.java:140) [smac.jar:na]
	at ca.ubc.cs.beta.smac.executors.SMACExecutor.main(SMACExecutor.java:104) [smac.jar:na]
	at sun.reflect.NativeMethodAccessorImpl.invoke0(Native Method) ~[na:1.8.0_162]
	at sun.reflect.NativeMethodAccessorImpl.invoke(NativeMethodAccessorImpl.java:62) ~[na:1.8.0_162]
	at sun.reflect.DelegatingMethodAccessorImpl.invoke(DelegatingMethodAccessorImpl.java:43) ~[na:1.8.0_162]
	at java.lang.reflect.Method.invoke(Method.java:498) ~[na:1.8.0_162]
	at ca.ubc.cs.beta.aeatk.ant.execscript.Launcher.main(Launcher.java:37) [aeatk.jar:na]
Caused by: com.fasterxml.jackson.core.JsonParseException: Unexpected close marker '}': expected ']' (for ROOT starting at [Source: /proj/SMACK/smac/example_scenarios/seq_rs/smac-output/smack-scenario_seq_rs/live-rundata-33.json; line: 1, column: 0])
 at [Source: /proj/SMACK/smac/example_scenarios/seq_rs/smac-output/smack-scenario_seq_rs/live-rundata-33.json; line: 1722, column: 3]
	at com.fasterxml.jackson.core.JsonParser._constructError(JsonParser.java:1524) ~[jackson-core-2.3.1.jar:2.3.1]
	at com.fasterxml.jackson.core.base.ParserMinimalBase._reportError(ParserMinimalBase.java:557) ~[jackson-core-2.3.1.jar:2.3.1]
	at com.fasterxml.jackson.core.base.ParserBase._reportMismatchedEndMarker(ParserBase.java:501) ~[jackson-core-2.3.1.jar:2.3.1]
	at com.fasterxml.jackson.core.json.UTF8StreamJsonParser.nextToken(UTF8StreamJsonParser.java:679) ~[jackson-core-2.3.1.jar:2.3.1]
	at com.fasterxml.jackson.databind.MappingIterator.hasNextValue(MappingIterator.java:159) ~[jackson-databind-2.3.1.jar:2.3.1]
	at com.fasterxml.jackson.databind.MappingIterator.hasNext(MappingIterator.java:108) ~[jackson-databind-2.3.1.jar:2.3.1]
	... 20 common frames omitted
11:22:45.559 [main] WARN  c.u.c.b.a.r.FileSharingRunHistoryDecorator - Error occurred reading file in shared run history /proj/SMACK/smac/example_scenarios/seq_rs/smac-output/smack-scenario_seq_rs/live-rundata-45.json. We will keep trying to read this file, but will only log another error after it succeeds once. We may not be able to get it's run data but we should be able to continue
java.lang.RuntimeException: Unexpected character (':' (code 58)): expected a valid value (number, String, array, object, 'true', 'false' or 'null')
 at [Source: /proj/SMACK/smac/example_scenarios/seq_rs/smac-output/smack-scenario_seq_rs/live-rundata-45.json; line: 1854, column: 4]
	at com.fasterxml.jackson.databind.MappingIterator.hasNext(MappingIterator.java:112) ~[jackson-databind-2.3.1.jar:2.3.1]
	at ca.ubc.cs.beta.aeatk.runhistory.FileSharingRunHistoryDecorator.readRunsFromFile(FileSharingRunHistoryDecorator.java:418) [aeatk.jar:na]
	at ca.ubc.cs.beta.aeatk.runhistory.FileSharingRunHistoryDecorator.reReadFiles(FileSharingRunHistoryDecorator.java:339) [aeatk.jar:na]
	at ca.ubc.cs.beta.aeatk.runhistory.FileSharingRunHistoryDecorator.append(FileSharingRunHistoryDecorator.java:239) [aeatk.jar:na]
	at ca.ubc.cs.beta.aeatk.runhistory.FileSharingRunHistoryDecorator.append(FileSharingRunHistoryDecorator.java:502) [aeatk.jar:na]
	at ca.ubc.cs.beta.aeatk.runhistory.TeeRunHistory.append(TeeRunHistory.java:33) [aeatk.jar:na]
	at ca.ubc.cs.beta.aeatk.runhistory.ThreadSafeRunHistoryWrapper.append(ThreadSafeRunHistoryWrapper.java:60) [aeatk.jar:na]
	at ca.ubc.cs.beta.smac.configurator.AbstractAlgorithmFramework.updateRunHistory(AbstractAlgorithmFramework.java:1229) [smac.jar:na]
	at ca.ubc.cs.beta.smac.configurator.AbstractAlgorithmFramework.evaluateRun(AbstractAlgorithmFramework.java:1279) [smac.jar:na]
	at ca.ubc.cs.beta.smac.configurator.AbstractAlgorithmFramework.evaluateRun(AbstractAlgorithmFramework.java:1245) [smac.jar:na]
	at ca.ubc.cs.beta.smac.configurator.AbstractAlgorithmFramework.challengeIncumbent(AbstractAlgorithmFramework.java:804) [smac.jar:na]
	at ca.ubc.cs.beta.smac.configurator.AbstractAlgorithmFramework.challengeIncumbent(AbstractAlgorithmFramework.java:778) [smac.jar:na]
	at ca.ubc.cs.beta.smac.configurator.AbstractAlgorithmFramework.intensify(AbstractAlgorithmFramework.java:766) [smac.jar:na]
	at ca.ubc.cs.beta.smac.configurator.AbstractAlgorithmFramework.run(AbstractAlgorithmFramework.java:580) [smac.jar:na]
	at ca.ubc.cs.beta.smac.executors.SMACExecutor.oldMain(SMACExecutor.java:140) [smac.jar:na]
	at ca.ubc.cs.beta.smac.executors.SMACExecutor.main(SMACExecutor.java:104) [smac.jar:na]
	at sun.reflect.NativeMethodAccessorImpl.invoke0(Native Method) ~[na:1.8.0_162]
	at sun.reflect.NativeMethodAccessorImpl.invoke(NativeMethodAccessorImpl.java:62) ~[na:1.8.0_162]
	at sun.reflect.DelegatingMethodAccessorImpl.invoke(DelegatingMethodAccessorImpl.java:43) ~[na:1.8.0_162]
	at java.lang.reflect.Method.invoke(Method.java:498) ~[na:1.8.0_162]
	at ca.ubc.cs.beta.aeatk.ant.execscript.Launcher.main(Launcher.java:37) [aeatk.jar:na]
Caused by: com.fasterxml.jackson.core.JsonParseException: Unexpected character (':' (code 58)): expected a valid value (number, String, array, object, 'true', 'false' or 'null')
 at [Source: /proj/SMACK/smac/example_scenarios/seq_rs/smac-output/smack-scenario_seq_rs/live-rundata-45.json; line: 1854, column: 4]
	at com.fasterxml.jackson.core.JsonParser._constructError(JsonParser.java:1524) ~[jackson-core-2.3.1.jar:2.3.1]
	at com.fasterxml.jackson.core.base.ParserMinimalBase._reportError(ParserMinimalBase.java:557) ~[jackson-core-2.3.1.jar:2.3.1]
	at com.fasterxml.jackson.core.base.ParserMinimalBase._reportUnexpectedChar(ParserMinimalBase.java:475) ~[jackson-core-2.3.1.jar:2.3.1]
	at com.fasterxml.jackson.core.json.UTF8StreamJsonParser._handleUnexpectedValue(UTF8StreamJsonParser.java:2343) ~[jackson-core-2.3.1.jar:2.3.1]
	at com.fasterxml.jackson.core.json.UTF8StreamJsonParser._nextTokenNotInObject(UTF8StreamJsonParser.java:818) ~[jackson-core-2.3.1.jar:2.3.1]
	at com.fasterxml.jackson.core.json.UTF8StreamJsonParser.nextToken(UTF8StreamJsonParser.java:698) ~[jackson-core-2.3.1.jar:2.3.1]
	at com.fasterxml.jackson.databind.MappingIterator.hasNextValue(MappingIterator.java:159) ~[jackson-databind-2.3.1.jar:2.3.1]
	at com.fasterxml.jackson.databind.MappingIterator.hasNext(MappingIterator.java:108) ~[jackson-databind-2.3.1.jar:2.3.1]
	... 20 common frames omitted
11:22:45.648 [main] WARN  c.u.c.b.a.r.FileSharingRunHistoryDecorator - Error occurred reading file in shared run history /proj/SMACK/smac/example_scenarios/seq_rs/smac-output/smack-scenario_seq_rs/live-rundata-35.json. We will keep trying to read this file, but will only log another error after it succeeds once. We may not be able to get it's run data but we should be able to continue
com.fasterxml.jackson.core.JsonParseException: Unexpected character ('{' (code 123)): was expecting comma to separate OBJECT entries
 at [Source: /proj/SMACK/smac/example_scenarios/seq_rs/smac-output/smack-scenario_seq_rs/live-rundata-35.json; line: 1722, column: 3]
	at com.fasterxml.jackson.core.JsonParser._constructError(JsonParser.java:1524) ~[jackson-core-2.3.1.jar:2.3.1]
	at com.fasterxml.jackson.core.base.ParserMinimalBase._reportError(ParserMinimalBase.java:557) ~[jackson-core-2.3.1.jar:2.3.1]
	at com.fasterxml.jackson.core.base.ParserMinimalBase._reportUnexpectedChar(ParserMinimalBase.java:475) ~[jackson-core-2.3.1.jar:2.3.1]
	at com.fasterxml.jackson.core.json.UTF8StreamJsonParser.nextToken(UTF8StreamJsonParser.java:688) ~[jackson-core-2.3.1.jar:2.3.1]
	at com.fasterxml.jackson.core.base.ParserMinimalBase.nextValue(ParserMinimalBase.java:123) ~[jackson-core-2.3.1.jar:2.3.1]
	at ca.ubc.cs.beta.aeatk.json.serializers.AlgorithmRunResultJson$AlgorithmRunDeserializer.deserialize(AlgorithmRunResultJson.java:57) ~[aeatk.jar:na]
	at ca.ubc.cs.beta.aeatk.json.serializers.AlgorithmRunResultJson$AlgorithmRunDeserializer.deserialize(AlgorithmRunResultJson.java:30) ~[aeatk.jar:na]
	at com.fasterxml.jackson.databind.MappingIterator.nextValue(MappingIterator.java:189) ~[jackson-databind-2.3.1.jar:2.3.1]
	at ca.ubc.cs.beta.aeatk.runhistory.FileSharingRunHistoryDecorator.readRunsFromFile(FileSharingRunHistoryDecorator.java:421) [aeatk.jar:na]
	at ca.ubc.cs.beta.aeatk.runhistory.FileSharingRunHistoryDecorator.reReadFiles(FileSharingRunHistoryDecorator.java:339) [aeatk.jar:na]
	at ca.ubc.cs.beta.aeatk.runhistory.FileSharingRunHistoryDecorator.append(FileSharingRunHistoryDecorator.java:239) [aeatk.jar:na]
	at ca.ubc.cs.beta.aeatk.runhistory.FileSharingRunHistoryDecorator.append(FileSharingRunHistoryDecorator.java:502) [aeatk.jar:na]
	at ca.ubc.cs.beta.aeatk.runhistory.TeeRunHistory.append(TeeRunHistory.java:33) [aeatk.jar:na]
	at ca.ubc.cs.beta.aeatk.runhistory.ThreadSafeRunHistoryWrapper.append(ThreadSafeRunHistoryWrapper.java:60) [aeatk.jar:na]
	at ca.ubc.cs.beta.smac.configurator.AbstractAlgorithmFramework.updateRunHistory(AbstractAlgorithmFramework.java:1229) [smac.jar:na]
	at ca.ubc.cs.beta.smac.configurator.AbstractAlgorithmFramework.evaluateRun(AbstractAlgorithmFramework.java:1279) [smac.jar:na]
	at ca.ubc.cs.beta.smac.configurator.AbstractAlgorithmFramework.evaluateRun(AbstractAlgorithmFramework.java:1245) [smac.jar:na]
	at ca.ubc.cs.beta.smac.configurator.AbstractAlgorithmFramework.challengeIncumbent(AbstractAlgorithmFramework.java:804) [smac.jar:na]
	at ca.ubc.cs.beta.smac.configurator.AbstractAlgorithmFramework.challengeIncumbent(AbstractAlgorithmFramework.java:778) [smac.jar:na]
	at ca.ubc.cs.beta.smac.configurator.AbstractAlgorithmFramework.intensify(AbstractAlgorithmFramework.java:766) [smac.jar:na]
	at ca.ubc.cs.beta.smac.configurator.AbstractAlgorithmFramework.run(AbstractAlgorithmFramework.java:580) [smac.jar:na]
	at ca.ubc.cs.beta.smac.executors.SMACExecutor.oldMain(SMACExecutor.java:140) [smac.jar:na]
	at ca.ubc.cs.beta.smac.executors.SMACExecutor.main(SMACExecutor.java:104) [smac.jar:na]
	at sun.reflect.NativeMethodAccessorImpl.invoke0(Native Method) ~[na:1.8.0_162]
	at sun.reflect.NativeMethodAccessorImpl.invoke(NativeMethodAccessorImpl.java:62) ~[na:1.8.0_162]
	at sun.reflect.DelegatingMethodAccessorImpl.invoke(DelegatingMethodAccessorImpl.java:43) ~[na:1.8.0_162]
	at java.lang.reflect.Method.invoke(Method.java:498) ~[na:1.8.0_162]
	at ca.ubc.cs.beta.aeatk.ant.execscript.Launcher.main(Launcher.java:37) [aeatk.jar:na]
11:22:45.672 [main] WARN  c.u.c.b.a.r.FileSharingRunHistoryDecorator - Error occurred reading file in shared run history /proj/SMACK/smac/example_scenarios/seq_rs/smac-output/smack-scenario_seq_rs/live-rundata-43.json. We will keep trying to read this file, but will only log another error after it succeeds once. We may not be able to get it's run data but we should be able to continue
com.fasterxml.jackson.core.JsonParseException: Unexpected character ('{' (code 123)): was expecting comma to separate OBJECT entries
 at [Source: /proj/SMACK/smac/example_scenarios/seq_rs/smac-output/smack-scenario_seq_rs/live-rundata-43.json; line: 1722, column: 3]
	at com.fasterxml.jackson.core.JsonParser._constructError(JsonParser.java:1524) ~[jackson-core-2.3.1.jar:2.3.1]
	at com.fasterxml.jackson.core.base.ParserMinimalBase._reportError(ParserMinimalBase.java:557) ~[jackson-core-2.3.1.jar:2.3.1]
	at com.fasterxml.jackson.core.base.ParserMinimalBase._reportUnexpectedChar(ParserMinimalBase.java:475) ~[jackson-core-2.3.1.jar:2.3.1]
	at com.fasterxml.jackson.core.json.UTF8StreamJsonParser.nextToken(UTF8StreamJsonParser.java:688) ~[jackson-core-2.3.1.jar:2.3.1]
	at com.fasterxml.jackson.core.base.ParserMinimalBase.nextValue(ParserMinimalBase.java:123) ~[jackson-core-2.3.1.jar:2.3.1]
	at ca.ubc.cs.beta.aeatk.json.serializers.AlgorithmRunResultJson$AlgorithmRunDeserializer.deserialize(AlgorithmRunResultJson.java:57) ~[aeatk.jar:na]
	at ca.ubc.cs.beta.aeatk.json.serializers.AlgorithmRunResultJson$AlgorithmRunDeserializer.deserialize(AlgorithmRunResultJson.java:30) ~[aeatk.jar:na]
	at com.fasterxml.jackson.databind.MappingIterator.nextValue(MappingIterator.java:189) ~[jackson-databind-2.3.1.jar:2.3.1]
	at ca.ubc.cs.beta.aeatk.runhistory.FileSharingRunHistoryDecorator.readRunsFromFile(FileSharingRunHistoryDecorator.java:421) [aeatk.jar:na]
	at ca.ubc.cs.beta.aeatk.runhistory.FileSharingRunHistoryDecorator.reReadFiles(FileSharingRunHistoryDecorator.java:339) [aeatk.jar:na]
	at ca.ubc.cs.beta.aeatk.runhistory.FileSharingRunHistoryDecorator.append(FileSharingRunHistoryDecorator.java:239) [aeatk.jar:na]
	at ca.ubc.cs.beta.aeatk.runhistory.FileSharingRunHistoryDecorator.append(FileSharingRunHistoryDecorator.java:502) [aeatk.jar:na]
	at ca.ubc.cs.beta.aeatk.runhistory.TeeRunHistory.append(TeeRunHistory.java:33) [aeatk.jar:na]
	at ca.ubc.cs.beta.aeatk.runhistory.ThreadSafeRunHistoryWrapper.append(ThreadSafeRunHistoryWrapper.java:60) [aeatk.jar:na]
	at ca.ubc.cs.beta.smac.configurator.AbstractAlgorithmFramework.updateRunHistory(AbstractAlgorithmFramework.java:1229) [smac.jar:na]
	at ca.ubc.cs.beta.smac.configurator.AbstractAlgorithmFramework.evaluateRun(AbstractAlgorithmFramework.java:1279) [smac.jar:na]
	at ca.ubc.cs.beta.smac.configurator.AbstractAlgorithmFramework.evaluateRun(AbstractAlgorithmFramework.java:1245) [smac.jar:na]
	at ca.ubc.cs.beta.smac.configurator.AbstractAlgorithmFramework.challengeIncumbent(AbstractAlgorithmFramework.java:804) [smac.jar:na]
	at ca.ubc.cs.beta.smac.configurator.AbstractAlgorithmFramework.challengeIncumbent(AbstractAlgorithmFramework.java:778) [smac.jar:na]
	at ca.ubc.cs.beta.smac.configurator.AbstractAlgorithmFramework.intensify(AbstractAlgorithmFramework.java:766) [smac.jar:na]
	at ca.ubc.cs.beta.smac.configurator.AbstractAlgorithmFramework.run(AbstractAlgorithmFramework.java:580) [smac.jar:na]
	at ca.ubc.cs.beta.smac.executors.SMACExecutor.oldMain(SMACExecutor.java:140) [smac.jar:na]
	at ca.ubc.cs.beta.smac.executors.SMACExecutor.main(SMACExecutor.java:104) [smac.jar:na]
	at sun.reflect.NativeMethodAccessorImpl.invoke0(Native Method) ~[na:1.8.0_162]
	at sun.reflect.NativeMethodAccessorImpl.invoke(NativeMethodAccessorImpl.java:62) ~[na:1.8.0_162]
	at sun.reflect.DelegatingMethodAccessorImpl.invoke(DelegatingMethodAccessorImpl.java:43) ~[na:1.8.0_162]
	at java.lang.reflect.Method.invoke(Method.java:498) ~[na:1.8.0_162]
	at ca.ubc.cs.beta.aeatk.ant.execscript.Launcher.main(Launcher.java:37) [aeatk.jar:na]
11:22:45.735 [main] WARN  c.u.c.b.a.r.FileSharingRunHistoryDecorator - Error occurred reading file in shared run history /proj/SMACK/smac/example_scenarios/seq_rs/smac-output/smack-scenario_seq_rs/live-rundata-47.json. We will keep trying to read this file, but will only log another error after it succeeds once. We may not be able to get it's run data but we should be able to continue
com.fasterxml.jackson.core.JsonParseException: Unexpected character ('{' (code 123)): was expecting double-quote to start field name
 at [Source: /proj/SMACK/smac/example_scenarios/seq_rs/smac-output/smack-scenario_seq_rs/live-rundata-47.json; line: 1787, column: 5]
	at com.fasterxml.jackson.core.JsonParser._constructError(JsonParser.java:1524) ~[jackson-core-2.3.1.jar:2.3.1]
	at com.fasterxml.jackson.core.base.ParserMinimalBase._reportError(ParserMinimalBase.java:557) ~[jackson-core-2.3.1.jar:2.3.1]
	at com.fasterxml.jackson.core.base.ParserMinimalBase._reportUnexpectedChar(ParserMinimalBase.java:475) ~[jackson-core-2.3.1.jar:2.3.1]
	at com.fasterxml.jackson.core.json.UTF8StreamJsonParser._handleOddName(UTF8StreamJsonParser.java:1784) ~[jackson-core-2.3.1.jar:2.3.1]
	at com.fasterxml.jackson.core.json.UTF8StreamJsonParser._parseName(UTF8StreamJsonParser.java:1481) ~[jackson-core-2.3.1.jar:2.3.1]
	at com.fasterxml.jackson.core.json.UTF8StreamJsonParser.nextToken(UTF8StreamJsonParser.java:701) ~[jackson-core-2.3.1.jar:2.3.1]
	at com.fasterxml.jackson.core.base.ParserMinimalBase.nextValue(ParserMinimalBase.java:123) ~[jackson-core-2.3.1.jar:2.3.1]
	at ca.ubc.cs.beta.aeatk.json.serializers.AlgorithmRunConfigurationJson$RunConfigDeserializer.deserialize(AlgorithmRunConfigurationJson.java:77) ~[aeatk.jar:na]
	at ca.ubc.cs.beta.aeatk.json.serializers.AlgorithmRunConfigurationJson$RunConfigDeserializer.deserialize(AlgorithmRunConfigurationJson.java:44) ~[aeatk.jar:na]
	at com.fasterxml.jackson.databind.ObjectMapper._readValue(ObjectMapper.java:2965) ~[jackson-databind-2.3.1.jar:2.3.1]
	at com.fasterxml.jackson.databind.ObjectMapper.readValue(ObjectMapper.java:1587) ~[jackson-databind-2.3.1.jar:2.3.1]
	at com.fasterxml.jackson.core.JsonParser.readValueAs(JsonParser.java:1431) ~[jackson-core-2.3.1.jar:2.3.1]
	at ca.ubc.cs.beta.aeatk.json.serializers.JsonDeserializerHelper.getDeserializedVersion(JsonDeserializerHelper.java:26) ~[aeatk.jar:na]
	at ca.ubc.cs.beta.aeatk.json.serializers.AlgorithmRunResultJson$AlgorithmRunDeserializer.deserialize(AlgorithmRunResultJson.java:94) ~[aeatk.jar:na]
	at ca.ubc.cs.beta.aeatk.json.serializers.AlgorithmRunResultJson$AlgorithmRunDeserializer.deserialize(AlgorithmRunResultJson.java:30) ~[aeatk.jar:na]
	at com.fasterxml.jackson.databind.MappingIterator.nextValue(MappingIterator.java:189) ~[jackson-databind-2.3.1.jar:2.3.1]
	at ca.ubc.cs.beta.aeatk.runhistory.FileSharingRunHistoryDecorator.readRunsFromFile(FileSharingRunHistoryDecorator.java:421) [aeatk.jar:na]
	at ca.ubc.cs.beta.aeatk.runhistory.FileSharingRunHistoryDecorator.reReadFiles(FileSharingRunHistoryDecorator.java:339) [aeatk.jar:na]
	at ca.ubc.cs.beta.aeatk.runhistory.FileSharingRunHistoryDecorator.append(FileSharingRunHistoryDecorator.java:239) [aeatk.jar:na]
	at ca.ubc.cs.beta.aeatk.runhistory.FileSharingRunHistoryDecorator.append(FileSharingRunHistoryDecorator.java:502) [aeatk.jar:na]
	at ca.ubc.cs.beta.aeatk.runhistory.TeeRunHistory.append(TeeRunHistory.java:33) [aeatk.jar:na]
	at ca.ubc.cs.beta.aeatk.runhistory.ThreadSafeRunHistoryWrapper.append(ThreadSafeRunHistoryWrapper.java:60) [aeatk.jar:na]
	at ca.ubc.cs.beta.smac.configurator.AbstractAlgorithmFramework.updateRunHistory(AbstractAlgorithmFramework.java:1229) [smac.jar:na]
	at ca.ubc.cs.beta.smac.configurator.AbstractAlgorithmFramework.evaluateRun(AbstractAlgorithmFramework.java:1279) [smac.jar:na]
	at ca.ubc.cs.beta.smac.configurator.AbstractAlgorithmFramework.evaluateRun(AbstractAlgorithmFramework.java:1245) [smac.jar:na]
	at ca.ubc.cs.beta.smac.configurator.AbstractAlgorithmFramework.challengeIncumbent(AbstractAlgorithmFramework.java:804) [smac.jar:na]
	at ca.ubc.cs.beta.smac.configurator.AbstractAlgorithmFramework.challengeIncumbent(AbstractAlgorithmFramework.java:778) [smac.jar:na]
	at ca.ubc.cs.beta.smac.configurator.AbstractAlgorithmFramework.intensify(AbstractAlgorithmFramework.java:766) [smac.jar:na]
	at ca.ubc.cs.beta.smac.configurator.AbstractAlgorithmFramework.run(AbstractAlgorithmFramework.java:580) [smac.jar:na]
	at ca.ubc.cs.beta.smac.executors.SMACExecutor.oldMain(SMACExecutor.java:140) [smac.jar:na]
	at ca.ubc.cs.beta.smac.executors.SMACExecutor.main(SMACExecutor.java:104) [smac.jar:na]
	at sun.reflect.NativeMethodAccessorImpl.invoke0(Native Method) ~[na:1.8.0_162]
	at sun.reflect.NativeMethodAccessorImpl.invoke(NativeMethodAccessorImpl.java:62) ~[na:1.8.0_162]
	at sun.reflect.DelegatingMethodAccessorImpl.invoke(DelegatingMethodAccessorImpl.java:43) ~[na:1.8.0_162]
	at java.lang.reflect.Method.invoke(Method.java:498) ~[na:1.8.0_162]
	at ca.ubc.cs.beta.aeatk.ant.execscript.Launcher.main(Launcher.java:37) [aeatk.jar:na]
11:22:45.798 [main] WARN  c.u.c.b.a.r.FileSharingRunHistoryDecorator - Error occurred reading file in shared run history /proj/SMACK/smac/example_scenarios/seq_rs/smac-output/smack-scenario_seq_rs/live-rundata-38.json. We will keep trying to read this file, but will only log another error after it succeeds once. We may not be able to get it's run data but we should be able to continue
java.lang.RuntimeException: Illegal character ((CTRL-CHAR, code 0)): only regular white space (\r, \n, \t) is allowed between tokens
 at [Source: /proj/SMACK/smac/example_scenarios/seq_rs/smac-output/smack-scenario_seq_rs/live-rundata-38.json; line: 1742, column: 3]
	at com.fasterxml.jackson.databind.MappingIterator.hasNext(MappingIterator.java:112) ~[jackson-databind-2.3.1.jar:2.3.1]
	at ca.ubc.cs.beta.aeatk.runhistory.FileSharingRunHistoryDecorator.readRunsFromFile(FileSharingRunHistoryDecorator.java:418) [aeatk.jar:na]
	at ca.ubc.cs.beta.aeatk.runhistory.FileSharingRunHistoryDecorator.reReadFiles(FileSharingRunHistoryDecorator.java:339) [aeatk.jar:na]
	at ca.ubc.cs.beta.aeatk.runhistory.FileSharingRunHistoryDecorator.append(FileSharingRunHistoryDecorator.java:239) [aeatk.jar:na]
	at ca.ubc.cs.beta.aeatk.runhistory.FileSharingRunHistoryDecorator.append(FileSharingRunHistoryDecorator.java:502) [aeatk.jar:na]
	at ca.ubc.cs.beta.aeatk.runhistory.TeeRunHistory.append(TeeRunHistory.java:33) [aeatk.jar:na]
	at ca.ubc.cs.beta.aeatk.runhistory.ThreadSafeRunHistoryWrapper.append(ThreadSafeRunHistoryWrapper.java:60) [aeatk.jar:na]
	at ca.ubc.cs.beta.smac.configurator.AbstractAlgorithmFramework.updateRunHistory(AbstractAlgorithmFramework.java:1229) [smac.jar:na]
	at ca.ubc.cs.beta.smac.configurator.AbstractAlgorithmFramework.evaluateRun(AbstractAlgorithmFramework.java:1279) [smac.jar:na]
	at ca.ubc.cs.beta.smac.configurator.AbstractAlgorithmFramework.evaluateRun(AbstractAlgorithmFramework.java:1245) [smac.jar:na]
	at ca.ubc.cs.beta.smac.configurator.AbstractAlgorithmFramework.challengeIncumbent(AbstractAlgorithmFramework.java:804) [smac.jar:na]
	at ca.ubc.cs.beta.smac.configurator.AbstractAlgorithmFramework.challengeIncumbent(AbstractAlgorithmFramework.java:778) [smac.jar:na]
	at ca.ubc.cs.beta.smac.configurator.AbstractAlgorithmFramework.intensify(AbstractAlgorithmFramework.java:766) [smac.jar:na]
	at ca.ubc.cs.beta.smac.configurator.AbstractAlgorithmFramework.run(AbstractAlgorithmFramework.java:580) [smac.jar:na]
	at ca.ubc.cs.beta.smac.executors.SMACExecutor.oldMain(SMACExecutor.java:140) [smac.jar:na]
	at ca.ubc.cs.beta.smac.executors.SMACExecutor.main(SMACExecutor.java:104) [smac.jar:na]
	at sun.reflect.NativeMethodAccessorImpl.invoke0(Native Method) ~[na:1.8.0_162]
	at sun.reflect.NativeMethodAccessorImpl.invoke(NativeMethodAccessorImpl.java:62) ~[na:1.8.0_162]
	at sun.reflect.DelegatingMethodAccessorImpl.invoke(DelegatingMethodAccessorImpl.java:43) ~[na:1.8.0_162]
	at java.lang.reflect.Method.invoke(Method.java:498) ~[na:1.8.0_162]
	at ca.ubc.cs.beta.aeatk.ant.execscript.Launcher.main(Launcher.java:37) [aeatk.jar:na]
Caused by: com.fasterxml.jackson.core.JsonParseException: Illegal character ((CTRL-CHAR, code 0)): only regular white space (\r, \n, \t) is allowed between tokens
 at [Source: /proj/SMACK/smac/example_scenarios/seq_rs/smac-output/smack-scenario_seq_rs/live-rundata-38.json; line: 1742, column: 3]
	at com.fasterxml.jackson.core.JsonParser._constructError(JsonParser.java:1524) ~[jackson-core-2.3.1.jar:2.3.1]
	at com.fasterxml.jackson.core.base.ParserMinimalBase._reportError(ParserMinimalBase.java:557) ~[jackson-core-2.3.1.jar:2.3.1]
	at com.fasterxml.jackson.core.base.ParserMinimalBase._throwInvalidSpace(ParserMinimalBase.java:503) ~[jackson-core-2.3.1.jar:2.3.1]
	at com.fasterxml.jackson.core.json.UTF8StreamJsonParser._reportInvalidChar(UTF8StreamJsonParser.java:3103) ~[jackson-core-2.3.1.jar:2.3.1]
	at com.fasterxml.jackson.core.json.UTF8StreamJsonParser._skipWSOrEnd(UTF8StreamJsonParser.java:2585) ~[jackson-core-2.3.1.jar:2.3.1]
	at com.fasterxml.jackson.core.json.UTF8StreamJsonParser.nextToken(UTF8StreamJsonParser.java:650) ~[jackson-core-2.3.1.jar:2.3.1]
	at com.fasterxml.jackson.databind.MappingIterator.hasNextValue(MappingIterator.java:159) ~[jackson-databind-2.3.1.jar:2.3.1]
	at com.fasterxml.jackson.databind.MappingIterator.hasNext(MappingIterator.java:108) ~[jackson-databind-2.3.1.jar:2.3.1]
	... 20 common frames omitted
11:22:45.854 [main] WARN  c.u.c.b.a.r.FileSharingRunHistoryDecorator - Error occurred reading file in shared run history /proj/SMACK/smac/example_scenarios/seq_rs/smac-output/smack-scenario_seq_rs/live-rundata-46.json. We will keep trying to read this file, but will only log another error after it succeeds once. We may not be able to get it's run data but we should be able to continue
com.fasterxml.jackson.core.JsonParseException: Unexpected character ('{' (code 123)): was expecting comma to separate OBJECT entries
 at [Source: /proj/SMACK/smac/example_scenarios/seq_rs/smac-output/smack-scenario_seq_rs/live-rundata-46.json; line: 1722, column: 4]
	at com.fasterxml.jackson.core.JsonParser._constructError(JsonParser.java:1524) ~[jackson-core-2.3.1.jar:2.3.1]
	at com.fasterxml.jackson.core.base.ParserMinimalBase._reportError(ParserMinimalBase.java:557) ~[jackson-core-2.3.1.jar:2.3.1]
	at com.fasterxml.jackson.core.base.ParserMinimalBase._reportUnexpectedChar(ParserMinimalBase.java:475) ~[jackson-core-2.3.1.jar:2.3.1]
	at com.fasterxml.jackson.core.json.UTF8StreamJsonParser.nextToken(UTF8StreamJsonParser.java:688) ~[jackson-core-2.3.1.jar:2.3.1]
	at com.fasterxml.jackson.core.base.ParserMinimalBase.nextValue(ParserMinimalBase.java:123) ~[jackson-core-2.3.1.jar:2.3.1]
	at ca.ubc.cs.beta.aeatk.json.serializers.AlgorithmRunResultJson$AlgorithmRunDeserializer.deserialize(AlgorithmRunResultJson.java:57) ~[aeatk.jar:na]
	at ca.ubc.cs.beta.aeatk.json.serializers.AlgorithmRunResultJson$AlgorithmRunDeserializer.deserialize(AlgorithmRunResultJson.java:30) ~[aeatk.jar:na]
	at com.fasterxml.jackson.databind.MappingIterator.nextValue(MappingIterator.java:189) ~[jackson-databind-2.3.1.jar:2.3.1]
	at ca.ubc.cs.beta.aeatk.runhistory.FileSharingRunHistoryDecorator.readRunsFromFile(FileSharingRunHistoryDecorator.java:421) [aeatk.jar:na]
	at ca.ubc.cs.beta.aeatk.runhistory.FileSharingRunHistoryDecorator.reReadFiles(FileSharingRunHistoryDecorator.java:339) [aeatk.jar:na]
	at ca.ubc.cs.beta.aeatk.runhistory.FileSharingRunHistoryDecorator.append(FileSharingRunHistoryDecorator.java:239) [aeatk.jar:na]
	at ca.ubc.cs.beta.aeatk.runhistory.FileSharingRunHistoryDecorator.append(FileSharingRunHistoryDecorator.java:502) [aeatk.jar:na]
	at ca.ubc.cs.beta.aeatk.runhistory.TeeRunHistory.append(TeeRunHistory.java:33) [aeatk.jar:na]
	at ca.ubc.cs.beta.aeatk.runhistory.ThreadSafeRunHistoryWrapper.append(ThreadSafeRunHistoryWrapper.java:60) [aeatk.jar:na]
	at ca.ubc.cs.beta.smac.configurator.AbstractAlgorithmFramework.updateRunHistory(AbstractAlgorithmFramework.java:1229) [smac.jar:na]
	at ca.ubc.cs.beta.smac.configurator.AbstractAlgorithmFramework.evaluateRun(AbstractAlgorithmFramework.java:1279) [smac.jar:na]
	at ca.ubc.cs.beta.smac.configurator.AbstractAlgorithmFramework.evaluateRun(AbstractAlgorithmFramework.java:1245) [smac.jar:na]
	at ca.ubc.cs.beta.smac.configurator.AbstractAlgorithmFramework.challengeIncumbent(AbstractAlgorithmFramework.java:804) [smac.jar:na]
	at ca.ubc.cs.beta.smac.configurator.AbstractAlgorithmFramework.challengeIncumbent(AbstractAlgorithmFramework.java:778) [smac.jar:na]
	at ca.ubc.cs.beta.smac.configurator.AbstractAlgorithmFramework.intensify(AbstractAlgorithmFramework.java:766) [smac.jar:na]
	at ca.ubc.cs.beta.smac.configurator.AbstractAlgorithmFramework.run(AbstractAlgorithmFramework.java:580) [smac.jar:na]
	at ca.ubc.cs.beta.smac.executors.SMACExecutor.oldMain(SMACExecutor.java:140) [smac.jar:na]
	at ca.ubc.cs.beta.smac.executors.SMACExecutor.main(SMACExecutor.java:104) [smac.jar:na]
	at sun.reflect.NativeMethodAccessorImpl.invoke0(Native Method) ~[na:1.8.0_162]
	at sun.reflect.NativeMethodAccessorImpl.invoke(NativeMethodAccessorImpl.java:62) ~[na:1.8.0_162]
	at sun.reflect.DelegatingMethodAccessorImpl.invoke(DelegatingMethodAccessorImpl.java:43) ~[na:1.8.0_162]
	at java.lang.reflect.Method.invoke(Method.java:498) ~[na:1.8.0_162]
	at ca.ubc.cs.beta.aeatk.ant.execscript.Launcher.main(Launcher.java:37) [aeatk.jar:na]
11:54:09.820 [main] WARN  c.u.c.b.a.r.FileSharingRunHistoryDecorator - Error occurred reading file in shared run history /proj/SMACK/smac/example_scenarios/seq_rs/smac-output/smack-scenario_seq_rs/live-rundata-41.json. We will keep trying to read this file, but will only log another error after it succeeds once. We may not be able to get it's run data but we should be able to continue
com.fasterxml.jackson.core.JsonParseException: Unexpected character (':' (code 58)): expected a valid value (number, String, array, object, 'true', 'false' or 'null')
 at [Source: /proj/SMACK/smac/example_scenarios/seq_rs/smac-output/smack-scenario_seq_rs/live-rundata-41.json; line: 1828, column: 26]
	at com.fasterxml.jackson.core.JsonParser._constructError(JsonParser.java:1524) ~[jackson-core-2.3.1.jar:2.3.1]
	at com.fasterxml.jackson.core.base.ParserMinimalBase._reportError(ParserMinimalBase.java:557) ~[jackson-core-2.3.1.jar:2.3.1]
	at com.fasterxml.jackson.core.base.ParserMinimalBase._reportUnexpectedChar(ParserMinimalBase.java:475) ~[jackson-core-2.3.1.jar:2.3.1]
	at com.fasterxml.jackson.core.json.UTF8StreamJsonParser._handleUnexpectedValue(UTF8StreamJsonParser.java:2343) ~[jackson-core-2.3.1.jar:2.3.1]
	at com.fasterxml.jackson.core.json.UTF8StreamJsonParser._nextTokenNotInObject(UTF8StreamJsonParser.java:818) ~[jackson-core-2.3.1.jar:2.3.1]
	at com.fasterxml.jackson.core.json.UTF8StreamJsonParser.nextToken(UTF8StreamJsonParser.java:698) ~[jackson-core-2.3.1.jar:2.3.1]
	at com.fasterxml.jackson.core.base.ParserMinimalBase.nextValue(ParserMinimalBase.java:123) ~[jackson-core-2.3.1.jar:2.3.1]
	at ca.ubc.cs.beta.aeatk.json.serializers.AlgorithmRunResultJson$AlgorithmRunDeserializer.deserialize(AlgorithmRunResultJson.java:57) ~[aeatk.jar:na]
	at ca.ubc.cs.beta.aeatk.json.serializers.AlgorithmRunResultJson$AlgorithmRunDeserializer.deserialize(AlgorithmRunResultJson.java:30) ~[aeatk.jar:na]
	at com.fasterxml.jackson.databind.MappingIterator.nextValue(MappingIterator.java:189) ~[jackson-databind-2.3.1.jar:2.3.1]
	at ca.ubc.cs.beta.aeatk.runhistory.FileSharingRunHistoryDecorator.readRunsFromFile(FileSharingRunHistoryDecorator.java:421) [aeatk.jar:na]
	at ca.ubc.cs.beta.aeatk.runhistory.FileSharingRunHistoryDecorator.reReadFiles(FileSharingRunHistoryDecorator.java:339) [aeatk.jar:na]
	at ca.ubc.cs.beta.aeatk.runhistory.FileSharingRunHistoryDecorator.append(FileSharingRunHistoryDecorator.java:239) [aeatk.jar:na]
	at ca.ubc.cs.beta.aeatk.runhistory.FileSharingRunHistoryDecorator.append(FileSharingRunHistoryDecorator.java:502) [aeatk.jar:na]
	at ca.ubc.cs.beta.aeatk.runhistory.TeeRunHistory.append(TeeRunHistory.java:33) [aeatk.jar:na]
	at ca.ubc.cs.beta.aeatk.runhistory.ThreadSafeRunHistoryWrapper.append(ThreadSafeRunHistoryWrapper.java:60) [aeatk.jar:na]
	at ca.ubc.cs.beta.smac.configurator.AbstractAlgorithmFramework.updateRunHistory(AbstractAlgorithmFramework.java:1229) [smac.jar:na]
	at ca.ubc.cs.beta.smac.configurator.AbstractAlgorithmFramework.evaluateRun(AbstractAlgorithmFramework.java:1279) [smac.jar:na]
	at ca.ubc.cs.beta.smac.configurator.AbstractAlgorithmFramework.challengeIncumbent(AbstractAlgorithmFramework.java:948) [smac.jar:na]
	at ca.ubc.cs.beta.smac.configurator.AbstractAlgorithmFramework.challengeIncumbent(AbstractAlgorithmFramework.java:778) [smac.jar:na]
	at ca.ubc.cs.beta.smac.configurator.AbstractAlgorithmFramework.intensify(AbstractAlgorithmFramework.java:766) [smac.jar:na]
	at ca.ubc.cs.beta.smac.configurator.AbstractAlgorithmFramework.run(AbstractAlgorithmFramework.java:580) [smac.jar:na]
	at ca.ubc.cs.beta.smac.executors.SMACExecutor.oldMain(SMACExecutor.java:140) [smac.jar:na]
	at ca.ubc.cs.beta.smac.executors.SMACExecutor.main(SMACExecutor.java:104) [smac.jar:na]
	at sun.reflect.NativeMethodAccessorImpl.invoke0(Native Method) ~[na:1.8.0_162]
	at sun.reflect.NativeMethodAccessorImpl.invoke(NativeMethodAccessorImpl.java:62) ~[na:1.8.0_162]
	at sun.reflect.DelegatingMethodAccessorImpl.invoke(DelegatingMethodAccessorImpl.java:43) ~[na:1.8.0_162]
	at java.lang.reflect.Method.invoke(Method.java:498) ~[na:1.8.0_162]
	at ca.ubc.cs.beta.aeatk.ant.execscript.Launcher.main(Launcher.java:37) [aeatk.jar:na]
12:26:59.593 [CLI TAE (Master Thread - #0)] ERROR c.u.c.b.a.t.b.c.CommandLineAlgorithmRun - The following algorithm call failed: cd "/proj/SMACK/smac/example_scenarios/seq_rs" ;  ../wrapper.py /proj/SMACK/sv-benchmarks/c/seq-mthreaded/pals_lcr-var-start-time.6_false-unreach-call.1.ufo.UNBOUNDED.pals.c 0 103.8018549684167 2147483647 -1 -/bopt:boolControlVC 'True' -/bopt:z3opt:SMT.MBQI 'False' -/deepAsserts 'True' -/di 'True' -/doNotUseLabels 'False' -/noCallTreeReuse 'True' -/noInitPruning 'True' -/nonUniformUnfolding 'False' -/staticInlining 'True' -/trackAllVars 'True' -/useArrayTheoryCheck '2'  
12:26:59.595 [CLI TAE (Master Thread - #0)] ERROR c.u.c.b.a.t.b.c.CommandLineAlgorithmRun - The last 1 lines of output we saw were:
12:26:59.595 [CLI TAE (Master Thread - #0)] ERROR c.u.c.b.a.t.b.c.CommandLineAlgorithmRun - > Result for SMAC: CRASHED, 90000, 0, 0, -1
12:26:59.625 [CLI TAE Callback Threads (3-4)] WARN  c.u.c.b.a.t.d.s.TimingCheckerTargetAlgorithmEvaluator - Algorithm Run Result reported a runtime of 90000.0 (secs) that exceeded it's cutoff time of 103.8018549684167 (secs) by 89896.19814503158 (secs). Next warning at 89897.19814503158 (secs)  
12:36:01.908 [CLI TAE Callback Threads (3-6)] WARN  c.u.c.b.a.t.d.s.TimingCheckerTargetAlgorithmEvaluator - Algorithm Run Result reported wallclock time of 115.577 (secs) that exceeded it's cutoff time of 75.64829214324355 (secs) by 39.928707856756446 (secs). Next warning at 40.928707856756446 (secs)  
12:42:47.190 [CLI TAE Observer Threads (2-1)] WARN  c.u.c.b.a.t.d.s.TimingCheckerTargetAlgorithmEvaluator - We have been waiting for 227.108 seconds for a run that should have taken at most 75.64829214324355 seconds.
 The sample call for the run that is delayed is: cd "/proj/SMACK/smac/example_scenarios/seq_rs" ;  ../wrapper.py /proj/SMACK/sv-benchmarks/c/seq-mthreaded/pals_lcr-var-start-time.6_false-unreach-call.1.ufo.UNBOUNDED.pals.c 0 75.64829214324355 2147483647 -1 -/bopt:boolControlVC 'False' -/bopt:z3opt:SMT.MBQI 'True' -/bopt:z3opt:SMT.MBQI.MAX_ITERATIONS '20052' -/deepAsserts 'False' -/di 'False' -/doNotUseLabels 'False' -/noCallTreeReuse 'False' -/noInitPruning 'True' -/nonUniformUnfolding 'False' -/staticInlining 'False' -/trackAllVars 'False' -/useArrayTheoryCheck '1'  
12:42:56.148 [CLI TAE Callback Threads (3-8)] WARN  c.u.c.b.a.t.d.s.TimingCheckerTargetAlgorithmEvaluator - Algorithm Run Result reported wallclock time of 236.235 (secs) that exceeded it's cutoff time of 75.64829214324355 (secs) by 160.58670785675645 (secs). Next warning at 161.58670785675645 (secs)  
15:48:05.602 [CLI TAE (Master Thread - #0)] ERROR c.u.c.b.a.t.b.c.CommandLineAlgorithmRun - The following algorithm call failed: cd "/proj/SMACK/smac/example_scenarios/seq_rs" ;  ../wrapper.py /proj/SMACK/sv-benchmarks/c/seq-mthreaded/rekcba_nxt_true-unreach-call.2.M1.c 0 2000.0 2147483647 -1 -/bopt:boolControlVC 'True' -/bopt:z3opt:SMT.MBQI 'True' -/bopt:z3opt:SMT.MBQI.MAX_ITERATIONS '22498' -/deepAsserts 'False' -/di 'True' -/doNotUseLabels 'True' -/noCallTreeReuse 'False' -/noInitPruning 'True' -/nonUniformUnfolding 'True' -/staticInlining 'True' -/trackAllVars 'True' -/useArrayTheoryCheck '0'  
15:48:05.610 [CLI TAE (Master Thread - #0)] ERROR c.u.c.b.a.t.b.c.CommandLineAlgorithmRun - The last 1 lines of output we saw were:
15:48:05.610 [CLI TAE (Master Thread - #0)] ERROR c.u.c.b.a.t.b.c.CommandLineAlgorithmRun - > Result for SMAC: CRASHED, 90000, 0, 0, -1
15:48:12.863 [CLI TAE (Master Thread - #0)] ERROR c.u.c.b.a.t.b.c.CommandLineAlgorithmRun - The following algorithm call failed: cd "/proj/SMACK/smac/example_scenarios/seq_rs" ;  ../wrapper.py /proj/SMACK/sv-benchmarks/c/seq-mthreaded/pals_lcr-var-start-time.6_false-unreach-call.1.ufo.UNBOUNDED.pals.c 0 670.0150189812958 2147483647 -1 -/bopt:boolControlVC 'True' -/bopt:z3opt:SMT.MBQI 'True' -/bopt:z3opt:SMT.MBQI.MAX_ITERATIONS '22498' -/deepAsserts 'False' -/di 'True' -/doNotUseLabels 'True' -/noCallTreeReuse 'False' -/noInitPruning 'True' -/nonUniformUnfolding 'True' -/staticInlining 'True' -/trackAllVars 'True' -/useArrayTheoryCheck '0'  
15:48:12.863 [CLI TAE (Master Thread - #0)] ERROR c.u.c.b.a.t.b.c.CommandLineAlgorithmRun - The last 1 lines of output we saw were:
15:48:12.863 [CLI TAE (Master Thread - #0)] ERROR c.u.c.b.a.t.b.c.CommandLineAlgorithmRun - > Result for SMAC: CRASHED, 90000, 0, 0, -1
18:53:25.076 [CLI TAE Observer Threads (2-1)] WARN  c.u.c.b.a.t.d.s.TimingCheckerTargetAlgorithmEvaluator - We have been waiting for 1677.202 seconds for a run that should have taken at most 559.0519600439549 seconds.
 The sample call for the run that is delayed is: cd "/proj/SMACK/smac/example_scenarios/seq_rs" ;  ../wrapper.py /proj/SMACK/sv-benchmarks/c/seq-mthreaded/pals_floodmax.5_false-unreach-call.1.ufo.UNBOUNDED.pals.c 0 559.0519600439549 2147483647 -1 -/bopt:boolControlVC 'True' -/bopt:z3opt:SMT.MBQI 'True' -/bopt:z3opt:SMT.MBQI.MAX_ITERATIONS '6618' -/deepAsserts 'False' -/di 'False' -/doNotUseLabels 'True' -/noCallTreeReuse 'True' -/noInitPruning 'True' -/nonUniformUnfolding 'False' -/staticInlining 'False' -/trackAllVars 'False' -/useArrayTheoryCheck '0'  
18:56:49.830 [CLI TAE Callback Threads (3-25)] WARN  c.u.c.b.a.t.d.s.TimingCheckerTargetAlgorithmEvaluator - Algorithm Run Result reported wallclock time of 1882.104 (secs) that exceeded it's cutoff time of 559.0519600439549 (secs) by 1323.052039956045 (secs). Next warning at 1324.052039956045 (secs)  
23:02:41.340 [CLI TAE (Master Thread - #0)] ERROR c.u.c.b.a.t.b.c.CommandLineAlgorithmRun - The following algorithm call failed: cd "/proj/SMACK/smac/example_scenarios/seq_rs" ;  ../wrapper.py /proj/SMACK/sv-benchmarks/c/seq-mthreaded/pals_STARTPALS_Triplicated_false-unreach-call.1.ufo.BOUNDED-10.pals_true-termination.c 0 32.20733449642658 2147483647 -1 -/bopt:boolControlVC 'False' -/bopt:z3opt:SMT.MBQI 'False' -/deepAsserts 'True' -/di 'False' -/doNotUseLabels 'True' -/noCallTreeReuse 'True' -/noInitPruning 'False' -/nonUniformUnfolding 'False' -/staticInlining 'True' -/trackAllVars 'True' -/useArrayTheoryCheck '1'  
23:02:41.341 [CLI TAE (Master Thread - #0)] ERROR c.u.c.b.a.t.b.c.CommandLineAlgorithmRun - The last 1 lines of output we saw were:
23:02:41.341 [CLI TAE (Master Thread - #0)] ERROR c.u.c.b.a.t.b.c.CommandLineAlgorithmRun - > Result for SMAC: CRASHED, 90000, 0, 0, -1
23:02:41.342 [CLI TAE Callback Threads (3-37)] WARN  c.u.c.b.a.t.d.s.TimingCheckerTargetAlgorithmEvaluator - Algorithm Run Result reported a runtime of 90000.0 (secs) that exceeded it's cutoff time of 32.20733449642658 (secs) by 89967.79266550357 (secs). Next warning at 89968.79266550357 (secs)  
03:22:10.928 [CLI TAE Observer Threads (2-1)] WARN  c.u.c.b.a.t.d.s.TimingCheckerTargetAlgorithmEvaluator - We have been waiting for 449.165 seconds for a run that should have taken at most 149.70786868442895 seconds.
 The sample call for the run that is delayed is: cd "/proj/SMACK/smac/example_scenarios/seq_rs" ;  ../wrapper.py /proj/SMACK/sv-benchmarks/c/systemc/token_ring.13_false-unreach-call_false-termination.cil.c 0 149.70786868442895 2147483647 -1 -/bopt:boolControlVC 'False' -/bopt:z3opt:SMT.MBQI 'True' -/bopt:z3opt:SMT.MBQI.MAX_ITERATIONS '24333' -/deepAsserts 'True' -/di 'True' -/doNotUseLabels 'True' -/noCallTreeReuse 'True' -/noInitPruning 'False' -/nonUniformUnfolding 'False' -/staticInlining 'False' -/trackAllVars 'False' -/useArrayTheoryCheck '2'  
21:01:59.534 [CLI TAE (Master Thread - #0)] ERROR c.u.c.b.a.t.b.c.CommandLineAlgorithmRun - The following algorithm call failed: cd "/proj/SMACK/smac/example_scenarios/seq_rs" ;  ../wrapper.py /proj/SMACK/sv-benchmarks/c/systemc/token_ring.13_false-unreach-call_false-termination.cil.c 0 273.46403355558516 2147483647 -1 -/bopt:boolControlVC 'False' -/bopt:z3opt:SMT.MBQI 'True' -/bopt:z3opt:SMT.MBQI.MAX_ITERATIONS '10516' -/deepAsserts 'True' -/di 'False' -/doNotUseLabels 'False' -/noCallTreeReuse 'True' -/noInitPruning 'True' -/nonUniformUnfolding 'True' -/staticInlining 'True' -/trackAllVars 'False' -/useArrayTheoryCheck '2'  
21:01:59.534 [CLI TAE (Master Thread - #0)] ERROR c.u.c.b.a.t.b.c.CommandLineAlgorithmRun - The last 1 lines of output we saw were:
21:01:59.534 [CLI TAE (Master Thread - #0)] ERROR c.u.c.b.a.t.b.c.CommandLineAlgorithmRun - > Result for SMAC: CRASHED, 90000, 0, 0, -1
21:13:14.294 [CLI TAE (Master Thread - #0)] ERROR c.u.c.b.a.t.b.c.CommandLineAlgorithmRun - The following algorithm call failed: cd "/proj/SMACK/smac/example_scenarios/seq_rs" ;  ../wrapper.py /proj/SMACK/sv-benchmarks/c/seq-mthreaded/rekcba_aso_true-unreach-call.2.M4.c 0 2000.0 2147483647 -1 -/bopt:boolControlVC 'True' -/bopt:z3opt:SMT.MBQI 'True' -/bopt:z3opt:SMT.MBQI.MAX_ITERATIONS '7027' -/deepAsserts 'True' -/di 'True' -/doNotUseLabels 'False' -/noCallTreeReuse 'True' -/noInitPruning 'True' -/nonUniformUnfolding 'False' -/staticInlining 'False' -/trackAllVars 'True' -/useArrayTheoryCheck '0'  
21:13:14.295 [CLI TAE (Master Thread - #0)] ERROR c.u.c.b.a.t.b.c.CommandLineAlgorithmRun - The last 1 lines of output we saw were:
21:13:14.295 [CLI TAE (Master Thread - #0)] ERROR c.u.c.b.a.t.b.c.CommandLineAlgorithmRun - > Result for SMAC: CRASHED, 90000, 0, 0, -1
04:54:11.349 [CLI TAE (Master Thread - #0)] ERROR c.u.c.b.a.t.b.c.CommandLineAlgorithmRun - The following algorithm call failed: cd "/proj/SMACK/smac/example_scenarios/seq_rs" ;  ../wrapper.py /proj/SMACK/sv-benchmarks/c/seq-mthreaded/pals_floodmax.5_false-unreach-call.1.ufo.UNBOUNDED.pals.c 0 627.6349105763912 2147483647 -1 -/bopt:boolControlVC 'False' -/bopt:z3opt:SMT.MBQI 'False' -/deepAsserts 'True' -/di 'False' -/doNotUseLabels 'False' -/noCallTreeReuse 'False' -/noInitPruning 'False' -/nonUniformUnfolding 'True' -/staticInlining 'True' -/trackAllVars 'False' -/useArrayTheoryCheck '0'  
04:54:11.350 [CLI TAE (Master Thread - #0)] ERROR c.u.c.b.a.t.b.c.CommandLineAlgorithmRun - The last 1 lines of output we saw were:
04:54:11.351 [CLI TAE (Master Thread - #0)] ERROR c.u.c.b.a.t.b.c.CommandLineAlgorithmRun - > Result for SMAC: CRASHED, 90000, 0, 0, -1
05:07:10.785 [CLI TAE (Master Thread - #0)] ERROR c.u.c.b.a.t.b.c.CommandLineAlgorithmRun - The following algorithm call failed: cd "/proj/SMACK/smac/example_scenarios/seq_rs" ;  ../wrapper.py /proj/SMACK/sv-benchmarks/c/seq-mthreaded/rekcba_aso_false-unreach-call.2.M4.c 0 2000.0 2147483647 -1 -/bopt:boolControlVC 'True' -/bopt:z3opt:SMT.MBQI 'True' -/bopt:z3opt:SMT.MBQI.MAX_ITERATIONS '7027' -/deepAsserts 'True' -/di 'True' -/doNotUseLabels 'False' -/noCallTreeReuse 'True' -/noInitPruning 'True' -/nonUniformUnfolding 'False' -/staticInlining 'False' -/trackAllVars 'True' -/useArrayTheoryCheck '0'  
05:07:10.786 [CLI TAE (Master Thread - #0)] ERROR c.u.c.b.a.t.b.c.CommandLineAlgorithmRun - The last 1 lines of output we saw were:
05:07:10.788 [CLI TAE (Master Thread - #0)] ERROR c.u.c.b.a.t.b.c.CommandLineAlgorithmRun - > Result for SMAC: CRASHED, 90000, 0, 0, -1
10:45:38.887 [CLI TAE Observer Threads (2-1)] WARN  c.u.c.b.a.t.d.s.TimingCheckerTargetAlgorithmEvaluator - We have been waiting for 1506.572 seconds for a run that should have taken at most 502.18596634303333 seconds.
 The sample call for the run that is delayed is: cd "/proj/SMACK/smac/example_scenarios/seq_rs" ;  ../wrapper.py /proj/SMACK/sv-benchmarks/c/seq-mthreaded/pals_floodmax.5_false-unreach-call.1.ufo.UNBOUNDED.pals.c 0 502.18596634303333 2147483647 -1 -/bopt:boolControlVC 'False' -/bopt:z3opt:SMT.MBQI 'False' -/deepAsserts 'False' -/di 'False' -/doNotUseLabels 'False' -/noCallTreeReuse 'True' -/noInitPruning 'True' -/nonUniformUnfolding 'True' -/staticInlining 'False' -/trackAllVars 'False' -/useArrayTheoryCheck '2'  
10:51:54.594 [CLI TAE Callback Threads (3-127)] WARN  c.u.c.b.a.t.d.s.TimingCheckerTargetAlgorithmEvaluator - Algorithm Run Result reported wallclock time of 1882.449 (secs) that exceeded it's cutoff time of 502.18596634303333 (secs) by 1380.2630336569669 (secs). Next warning at 1381.2630336569669 (secs)  
10:52:11.151 [CLI TAE (Master Thread - #0)] ERROR c.u.c.b.a.t.b.c.CommandLineAlgorithmRun - The following algorithm call failed: cd "/proj/SMACK/smac/example_scenarios/seq_rs" ;  ../wrapper.py /proj/SMACK/sv-benchmarks/c/systemc/token_ring.13_false-unreach-call_false-termination.cil.c 0 115.14738852937819 2147483647 -1 -/bopt:boolControlVC 'True' -/bopt:z3opt:SMT.MBQI 'True' -/bopt:z3opt:SMT.MBQI.MAX_ITERATIONS '31494' -/deepAsserts 'True' -/di 'False' -/doNotUseLabels 'False' -/noCallTreeReuse 'False' -/noInitPruning 'False' -/nonUniformUnfolding 'False' -/staticInlining 'True' -/trackAllVars 'False' -/useArrayTheoryCheck '1'  
10:52:11.152 [CLI TAE (Master Thread - #0)] ERROR c.u.c.b.a.t.b.c.CommandLineAlgorithmRun - The last 1 lines of output we saw were:
10:52:11.152 [CLI TAE (Master Thread - #0)] ERROR c.u.c.b.a.t.b.c.CommandLineAlgorithmRun - > Result for SMAC: CRASHED, 90000, 0, 0, -1
10:52:52.066 [CLI TAE (Master Thread - #0)] ERROR c.u.c.b.a.t.b.c.CommandLineAlgorithmRun - The following algorithm call failed: cd "/proj/SMACK/smac/example_scenarios/seq_rs" ;  ../wrapper.py /proj/SMACK/sv-benchmarks/c/seq-mthreaded/pals_STARTPALS_Triplicated_false-unreach-call.1.ufo.BOUNDED-10.pals_true-termination.c 0 25.538203202533726 2147483647 -1 -/bopt:boolControlVC 'True' -/bopt:z3opt:SMT.MBQI 'True' -/bopt:z3opt:SMT.MBQI.MAX_ITERATIONS '8228' -/deepAsserts 'True' -/di 'True' -/doNotUseLabels 'True' -/noCallTreeReuse 'True' -/noInitPruning 'False' -/nonUniformUnfolding 'True' -/staticInlining 'True' -/trackAllVars 'False' -/useArrayTheoryCheck '2'  
10:52:52.066 [CLI TAE (Master Thread - #0)] ERROR c.u.c.b.a.t.b.c.CommandLineAlgorithmRun - The last 1 lines of output we saw were:
10:52:52.066 [CLI TAE (Master Thread - #0)] ERROR c.u.c.b.a.t.b.c.CommandLineAlgorithmRun - > Result for SMAC: CRASHED, 90000, 0, 0, -1
10:52:52.067 [CLI TAE Callback Threads (3-127)] WARN  c.u.c.b.a.t.d.s.TimingCheckerTargetAlgorithmEvaluator - Algorithm Run Result reported a runtime of 90000.0 (secs) that exceeded it's cutoff time of 25.538203202533726 (secs) by 89974.46179679746 (secs). Next warning at 89975.46179679746 (secs)  
13:00:31.830 [CLI TAE Observer Threads (2-1)] WARN  c.u.c.b.a.t.d.h.KillCaptimeExceedingRunsRunsTargetAlgorithmEvaluatorDecorator - Killed run <Instance:71, Seed:-1, Config:0x157900, Kappa:5.92670244013071, Execution Config: 0x0001> at 59.401599999999995 for exceeding 10.0 times its cutoff time of 5.92670244013071 (secs)
16:53:17.555 [main] WARN  c.u.c.b.a.r.FileSharingRunHistoryDecorator - Error occurred reading file in shared run history /proj/SMACK/smac/example_scenarios/seq_rs/smac-output/smack-scenario_seq_rs/live-rundata-94.json. We will keep trying to read this file, but will only log another error after it succeeds once. We may not be able to get it's run data but we should be able to continue
com.fasterxml.jackson.core.JsonParseException: Unexpected end-of-input: expected close marker for OBJECT (from [Source: /proj/SMACK/smac/example_scenarios/seq_rs/smac-output/smack-scenario_seq_rs/live-rundata-94.json; line: 6982, column: 18])
 at [Source: /proj/SMACK/smac/example_scenarios/seq_rs/smac-output/smack-scenario_seq_rs/live-rundata-94.json; line: 6984, column: 6925]
	at com.fasterxml.jackson.core.JsonParser._constructError(JsonParser.java:1524) ~[jackson-core-2.3.1.jar:2.3.1]
	at com.fasterxml.jackson.core.base.ParserMinimalBase._reportError(ParserMinimalBase.java:557) ~[jackson-core-2.3.1.jar:2.3.1]
	at com.fasterxml.jackson.core.base.ParserMinimalBase._reportInvalidEOF(ParserMinimalBase.java:487) ~[jackson-core-2.3.1.jar:2.3.1]
	at com.fasterxml.jackson.core.base.ParserBase._handleEOF(ParserBase.java:487) ~[jackson-core-2.3.1.jar:2.3.1]
	at com.fasterxml.jackson.core.json.UTF8StreamJsonParser._skipWSOrEnd(UTF8StreamJsonParser.java:2589) ~[jackson-core-2.3.1.jar:2.3.1]
	at com.fasterxml.jackson.core.json.UTF8StreamJsonParser.nextToken(UTF8StreamJsonParser.java:650) ~[jackson-core-2.3.1.jar:2.3.1]
	at com.fasterxml.jackson.core.base.ParserMinimalBase.nextValue(ParserMinimalBase.java:123) ~[jackson-core-2.3.1.jar:2.3.1]
	at ca.ubc.cs.beta.aeatk.json.serializers.AlgorithmExecutionConfigurationJson$AlgorithmExecutionConfigDeserializer.deserialize(AlgorithmExecutionConfigurationJson.java:84) ~[aeatk.jar:na]
	at ca.ubc.cs.beta.aeatk.json.serializers.AlgorithmExecutionConfigurationJson$AlgorithmExecutionConfigDeserializer.deserialize(AlgorithmExecutionConfigurationJson.java:49) ~[aeatk.jar:na]
	at com.fasterxml.jackson.databind.ObjectMapper._readValue(ObjectMapper.java:2965) ~[jackson-databind-2.3.1.jar:2.3.1]
	at com.fasterxml.jackson.databind.ObjectMapper.readValue(ObjectMapper.java:1587) ~[jackson-databind-2.3.1.jar:2.3.1]
	at com.fasterxml.jackson.core.JsonParser.readValueAs(JsonParser.java:1431) ~[jackson-core-2.3.1.jar:2.3.1]
	at ca.ubc.cs.beta.aeatk.json.serializers.JsonDeserializerHelper.getDeserializedVersion(JsonDeserializerHelper.java:26) ~[aeatk.jar:na]
	at ca.ubc.cs.beta.aeatk.json.serializers.AlgorithmRunConfigurationJson$RunConfigDeserializer.deserialize(AlgorithmRunConfigurationJson.java:99) ~[aeatk.jar:na]
	at ca.ubc.cs.beta.aeatk.json.serializers.AlgorithmRunConfigurationJson$RunConfigDeserializer.deserialize(AlgorithmRunConfigurationJson.java:44) ~[aeatk.jar:na]
	at com.fasterxml.jackson.databind.ObjectMapper._readValue(ObjectMapper.java:2965) ~[jackson-databind-2.3.1.jar:2.3.1]
	at com.fasterxml.jackson.databind.ObjectMapper.readValue(ObjectMapper.java:1587) ~[jackson-databind-2.3.1.jar:2.3.1]
	at com.fasterxml.jackson.core.JsonParser.readValueAs(JsonParser.java:1431) ~[jackson-core-2.3.1.jar:2.3.1]
	at ca.ubc.cs.beta.aeatk.json.serializers.JsonDeserializerHelper.getDeserializedVersion(JsonDeserializerHelper.java:26) ~[aeatk.jar:na]
	at ca.ubc.cs.beta.aeatk.json.serializers.AlgorithmRunResultJson$AlgorithmRunDeserializer.deserialize(AlgorithmRunResultJson.java:94) ~[aeatk.jar:na]
	at ca.ubc.cs.beta.aeatk.json.serializers.AlgorithmRunResultJson$AlgorithmRunDeserializer.deserialize(AlgorithmRunResultJson.java:30) ~[aeatk.jar:na]
	at com.fasterxml.jackson.databind.MappingIterator.nextValue(MappingIterator.java:189) ~[jackson-databind-2.3.1.jar:2.3.1]
	at ca.ubc.cs.beta.aeatk.runhistory.FileSharingRunHistoryDecorator.readRunsFromFile(FileSharingRunHistoryDecorator.java:421) [aeatk.jar:na]
	at ca.ubc.cs.beta.aeatk.runhistory.FileSharingRunHistoryDecorator.reReadFiles(FileSharingRunHistoryDecorator.java:339) [aeatk.jar:na]
	at ca.ubc.cs.beta.aeatk.runhistory.FileSharingRunHistoryDecorator.append(FileSharingRunHistoryDecorator.java:239) [aeatk.jar:na]
	at ca.ubc.cs.beta.aeatk.runhistory.FileSharingRunHistoryDecorator.append(FileSharingRunHistoryDecorator.java:502) [aeatk.jar:na]
	at ca.ubc.cs.beta.aeatk.runhistory.TeeRunHistory.append(TeeRunHistory.java:33) [aeatk.jar:na]
	at ca.ubc.cs.beta.aeatk.runhistory.ThreadSafeRunHistoryWrapper.append(ThreadSafeRunHistoryWrapper.java:60) [aeatk.jar:na]
	at ca.ubc.cs.beta.smac.configurator.AbstractAlgorithmFramework.updateRunHistory(AbstractAlgorithmFramework.java:1229) [smac.jar:na]
	at ca.ubc.cs.beta.smac.configurator.AbstractAlgorithmFramework.evaluateRun(AbstractAlgorithmFramework.java:1279) [smac.jar:na]
	at ca.ubc.cs.beta.smac.configurator.AbstractAlgorithmFramework.challengeIncumbent(AbstractAlgorithmFramework.java:948) [smac.jar:na]
	at ca.ubc.cs.beta.smac.configurator.AbstractAlgorithmFramework.challengeIncumbent(AbstractAlgorithmFramework.java:778) [smac.jar:na]
	at ca.ubc.cs.beta.smac.configurator.AbstractAlgorithmFramework.intensify(AbstractAlgorithmFramework.java:766) [smac.jar:na]
	at ca.ubc.cs.beta.smac.configurator.AbstractAlgorithmFramework.run(AbstractAlgorithmFramework.java:580) [smac.jar:na]
	at ca.ubc.cs.beta.smac.executors.SMACExecutor.oldMain(SMACExecutor.java:140) [smac.jar:na]
	at ca.ubc.cs.beta.smac.executors.SMACExecutor.main(SMACExecutor.java:104) [smac.jar:na]
	at sun.reflect.NativeMethodAccessorImpl.invoke0(Native Method) ~[na:1.8.0_162]
	at sun.reflect.NativeMethodAccessorImpl.invoke(NativeMethodAccessorImpl.java:62) ~[na:1.8.0_162]
	at sun.reflect.DelegatingMethodAccessorImpl.invoke(DelegatingMethodAccessorImpl.java:43) ~[na:1.8.0_162]
	at java.lang.reflect.Method.invoke(Method.java:498) ~[na:1.8.0_162]
	at ca.ubc.cs.beta.aeatk.ant.execscript.Launcher.main(Launcher.java:37) [aeatk.jar:na]
20:21:58.471 [CLI TAE (Master Thread - #0)] ERROR c.u.c.b.a.t.b.c.CommandLineAlgorithmRun - The following algorithm call failed: cd "/proj/SMACK/smac/example_scenarios/seq_rs" ;  ../wrapper.py /proj/SMACK/sv-benchmarks/c/seq-mthreaded/rekcba_nxt_true-unreach-call.3.M4.c 0 2000.0 2147483647 -1 -/bopt:boolControlVC 'True' -/bopt:z3opt:SMT.MBQI 'True' -/bopt:z3opt:SMT.MBQI.MAX_ITERATIONS '24378' -/deepAsserts 'False' -/di 'False' -/doNotUseLabels 'False' -/noCallTreeReuse 'True' -/noInitPruning 'False' -/nonUniformUnfolding 'False' -/staticInlining 'True' -/trackAllVars 'True' -/useArrayTheoryCheck '1'  
20:21:58.472 [CLI TAE (Master Thread - #0)] ERROR c.u.c.b.a.t.b.c.CommandLineAlgorithmRun - The last 1 lines of output we saw were:
20:21:58.472 [CLI TAE (Master Thread - #0)] ERROR c.u.c.b.a.t.b.c.CommandLineAlgorithmRun - > Result for SMAC: CRASHED, 90000, 0, 0, -1
20:23:19.139 [CLI TAE (Master Thread - #0)] ERROR c.u.c.b.a.t.b.c.CommandLineAlgorithmRun - The following algorithm call failed: cd "/proj/SMACK/smac/example_scenarios/seq_rs" ;  ../wrapper.py /proj/SMACK/sv-benchmarks/c/seq-mthreaded/rekcba_aso_false-unreach-call.2.M4.c 0 2000.0 2147483647 -1 -/bopt:boolControlVC 'True' -/bopt:z3opt:SMT.MBQI 'True' -/bopt:z3opt:SMT.MBQI.MAX_ITERATIONS '24378' -/deepAsserts 'False' -/di 'False' -/doNotUseLabels 'False' -/noCallTreeReuse 'True' -/noInitPruning 'False' -/nonUniformUnfolding 'False' -/staticInlining 'True' -/trackAllVars 'True' -/useArrayTheoryCheck '1'  
20:23:19.140 [CLI TAE (Master Thread - #0)] ERROR c.u.c.b.a.t.b.c.CommandLineAlgorithmRun - The last 1 lines of output we saw were:
20:23:19.140 [CLI TAE (Master Thread - #0)] ERROR c.u.c.b.a.t.b.c.CommandLineAlgorithmRun - > Result for SMAC: CRASHED, 90000, 0, 0, -1
20:23:28.254 [CLI TAE (Master Thread - #0)] ERROR c.u.c.b.a.t.b.c.CommandLineAlgorithmRun - The following algorithm call failed: cd "/proj/SMACK/smac/example_scenarios/seq_rs" ;  ../wrapper.py /proj/SMACK/sv-benchmarks/c/systemc/mem_slave_tlm.4_true-unreach-call_false-termination.cil.c 0 2000.0 2147483647 -1 -/bopt:boolControlVC 'True' -/bopt:z3opt:SMT.MBQI 'True' -/bopt:z3opt:SMT.MBQI.MAX_ITERATIONS '24378' -/deepAsserts 'False' -/di 'False' -/doNotUseLabels 'False' -/noCallTreeReuse 'True' -/noInitPruning 'False' -/nonUniformUnfolding 'False' -/staticInlining 'True' -/trackAllVars 'True' -/useArrayTheoryCheck '1'  
20:23:28.254 [CLI TAE (Master Thread - #0)] ERROR c.u.c.b.a.t.b.c.CommandLineAlgorithmRun - The last 1 lines of output we saw were:
20:23:28.254 [CLI TAE (Master Thread - #0)] ERROR c.u.c.b.a.t.b.c.CommandLineAlgorithmRun - > Result for SMAC: CRASHED, 90000, 0, 0, -1
20:23:34.069 [CLI TAE (Master Thread - #0)] ERROR c.u.c.b.a.t.b.c.CommandLineAlgorithmRun - The following algorithm call failed: cd "/proj/SMACK/smac/example_scenarios/seq_rs" ;  ../wrapper.py /proj/SMACK/sv-benchmarks/c/seq-mthreaded/pals_lcr-var-start-time.6_false-unreach-call.1.ufo.UNBOUNDED.pals.c 0 2000.0 2147483647 -1 -/bopt:boolControlVC 'True' -/bopt:z3opt:SMT.MBQI 'True' -/bopt:z3opt:SMT.MBQI.MAX_ITERATIONS '24378' -/deepAsserts 'False' -/di 'False' -/doNotUseLabels 'False' -/noCallTreeReuse 'True' -/noInitPruning 'False' -/nonUniformUnfolding 'False' -/staticInlining 'True' -/trackAllVars 'True' -/useArrayTheoryCheck '1'  
20:23:34.069 [CLI TAE (Master Thread - #0)] ERROR c.u.c.b.a.t.b.c.CommandLineAlgorithmRun - The last 1 lines of output we saw were:
20:23:34.070 [CLI TAE (Master Thread - #0)] ERROR c.u.c.b.a.t.b.c.CommandLineAlgorithmRun - > Result for SMAC: CRASHED, 90000, 0, 0, -1
20:35:51.793 [CLI TAE Observer Threads (2-2)] WARN  c.u.c.b.a.t.d.s.TimingCheckerTargetAlgorithmEvaluator - We have been waiting for 737.714 seconds for a run that should have taken at most 245.7664106864214 seconds.
 The sample call for the run that is delayed is: cd "/proj/SMACK/smac/example_scenarios/seq_rs" ;  ../wrapper.py /proj/SMACK/sv-benchmarks/c/seq-mthreaded/rekcba_aso_false-unreach-call.3.M1.c 0 245.7664106864214 2147483647 -1 -/bopt:boolControlVC 'True' -/bopt:z3opt:SMT.MBQI 'True' -/bopt:z3opt:SMT.MBQI.MAX_ITERATIONS '24378' -/deepAsserts 'False' -/di 'False' -/doNotUseLabels 'False' -/noCallTreeReuse 'True' -/noInitPruning 'False' -/nonUniformUnfolding 'False' -/staticInlining 'True' -/trackAllVars 'True' -/useArrayTheoryCheck '1'  
20:54:59.593 [CLI TAE Callback Threads (3-153)] WARN  c.u.c.b.a.t.d.s.TimingCheckerTargetAlgorithmEvaluator - Algorithm Run Result reported wallclock time of 1885.493 (secs) that exceeded it's cutoff time of 245.7664106864214 (secs) by 1639.7265893135786 (secs). Next warning at 1640.7265893135786 (secs)  
22:49:25.205 [CLI TAE (Master Thread - #0)] ERROR c.u.c.b.a.t.b.c.CommandLineAlgorithmRun - The following algorithm call failed: cd "/proj/SMACK/smac/example_scenarios/seq_rs" ;  ../wrapper.py /proj/SMACK/sv-benchmarks/c/seq-mthreaded/pals_STARTPALS_Triplicated_false-unreach-call.1.ufo.BOUNDED-10.pals_true-termination.c 0 25.538203202533726 2147483647 -1 -/bopt:boolControlVC 'False' -/bopt:z3opt:SMT.MBQI 'True' -/bopt:z3opt:SMT.MBQI.MAX_ITERATIONS '30883' -/deepAsserts 'False' -/di 'True' -/doNotUseLabels 'False' -/noCallTreeReuse 'False' -/noInitPruning 'False' -/nonUniformUnfolding 'False' -/staticInlining 'True' -/trackAllVars 'True' -/useArrayTheoryCheck '0'  
22:49:25.205 [CLI TAE (Master Thread - #0)] ERROR c.u.c.b.a.t.b.c.CommandLineAlgorithmRun - The last 1 lines of output we saw were:
22:49:25.205 [CLI TAE (Master Thread - #0)] ERROR c.u.c.b.a.t.b.c.CommandLineAlgorithmRun - > Result for SMAC: CRASHED, 90000, 0, 0, -1
23:26:07.310 [CLI TAE (Master Thread - #0)] ERROR c.u.c.b.a.t.b.c.CommandLineAlgorithmRun - The following algorithm call failed: cd "/proj/SMACK/smac/example_scenarios/seq_rs" ;  ../wrapper.py /proj/SMACK/sv-benchmarks/c/seq-mthreaded/pals_lcr.4_overflow_false-unreach-call.ufo.UNBOUNDED.pals.c 0 2000.0 2147483647 -1 -/bopt:boolControlVC 'False' -/bopt:z3opt:SMT.MBQI 'False' -/deepAsserts 'True' -/di 'True' -/doNotUseLabels 'False' -/noCallTreeReuse 'True' -/noInitPruning 'True' -/nonUniformUnfolding 'True' -/staticInlining 'True' -/trackAllVars 'True' -/useArrayTheoryCheck '2'  
23:26:07.311 [CLI TAE (Master Thread - #0)] ERROR c.u.c.b.a.t.b.c.CommandLineAlgorithmRun - The last 1 lines of output we saw were:
23:26:07.311 [CLI TAE (Master Thread - #0)] ERROR c.u.c.b.a.t.b.c.CommandLineAlgorithmRun - > Result for SMAC: CRASHED, 90000, 0, 0, -1
23:26:13.133 [CLI TAE (Master Thread - #0)] ERROR c.u.c.b.a.t.b.c.CommandLineAlgorithmRun - The following algorithm call failed: cd "/proj/SMACK/smac/example_scenarios/seq_rs" ;  ../wrapper.py /proj/SMACK/sv-benchmarks/c/seq-mthreaded/pals_lcr-var-start-time.6_false-unreach-call.1.ufo.UNBOUNDED.pals.c 0 2000.0 2147483647 -1 -/bopt:boolControlVC 'False' -/bopt:z3opt:SMT.MBQI 'False' -/deepAsserts 'True' -/di 'True' -/doNotUseLabels 'False' -/noCallTreeReuse 'True' -/noInitPruning 'True' -/nonUniformUnfolding 'True' -/staticInlining 'True' -/trackAllVars 'True' -/useArrayTheoryCheck '2'  
23:26:13.133 [CLI TAE (Master Thread - #0)] ERROR c.u.c.b.a.t.b.c.CommandLineAlgorithmRun - The last 1 lines of output we saw were:
23:26:13.133 [CLI TAE (Master Thread - #0)] ERROR c.u.c.b.a.t.b.c.CommandLineAlgorithmRun - > Result for SMAC: CRASHED, 90000, 0, 0, -1
23:26:23.497 [CLI TAE (Master Thread - #0)] ERROR c.u.c.b.a.t.b.c.CommandLineAlgorithmRun - The following algorithm call failed: cd "/proj/SMACK/smac/example_scenarios/seq_rs" ;  ../wrapper.py /proj/SMACK/sv-benchmarks/c/systemc/token_ring.08_true-unreach-call_false-termination.cil.c 0 110.10997154598238 2147483647 -1 -/bopt:boolControlVC 'False' -/bopt:z3opt:SMT.MBQI 'False' -/deepAsserts 'True' -/di 'True' -/doNotUseLabels 'False' -/noCallTreeReuse 'True' -/noInitPruning 'True' -/nonUniformUnfolding 'True' -/staticInlining 'True' -/trackAllVars 'True' -/useArrayTheoryCheck '2'  
23:26:23.497 [CLI TAE (Master Thread - #0)] ERROR c.u.c.b.a.t.b.c.CommandLineAlgorithmRun - The last 1 lines of output we saw were:
23:26:23.497 [CLI TAE (Master Thread - #0)] ERROR c.u.c.b.a.t.b.c.CommandLineAlgorithmRun - > Result for SMAC: CRASHED, 90000, 0, 0, -1
23:58:41.641 [CLI TAE (Master Thread - #0)] ERROR c.u.c.b.a.t.b.c.CommandLineAlgorithmRun - The following algorithm call failed: cd "/proj/SMACK/smac/example_scenarios/seq_rs" ;  ../wrapper.py /proj/SMACK/sv-benchmarks/c/seq-pthread/cs_read_write_lock_true-unreach-call.i 0 156.11388402839304 2147483647 -1 -/bopt:boolControlVC 'False' -/bopt:z3opt:SMT.MBQI 'True' -/bopt:z3opt:SMT.MBQI.MAX_ITERATIONS '27822' -/deepAsserts 'True' -/di 'False' -/doNotUseLabels 'True' -/noCallTreeReuse 'False' -/noInitPruning 'False' -/nonUniformUnfolding 'False' -/staticInlining 'True' -/trackAllVars 'True' -/useArrayTheoryCheck '1'  
23:58:41.642 [CLI TAE (Master Thread - #0)] ERROR c.u.c.b.a.t.b.c.CommandLineAlgorithmRun - The last 1 lines of output we saw were:
23:58:41.642 [CLI TAE (Master Thread - #0)] ERROR c.u.c.b.a.t.b.c.CommandLineAlgorithmRun - > Result for SMAC: CRASHED, 90000, 0, 0, -1
01:03:52.394 [CLI TAE Observer Threads (2-2)] WARN  c.u.c.b.a.t.d.h.KillCaptimeExceedingRunsRunsTargetAlgorithmEvaluatorDecorator - Killed run <Instance:77, Seed:-1, Config:0x2021D8, Kappa:12.962582417178155, Execution Config: 0x0001> at 129.6427 for exceeding 10.0 times its cutoff time of 12.962582417178155 (secs)
01:09:39.833 [CLI TAE Observer Threads (2-2)] WARN  c.u.c.b.a.t.d.s.TimingCheckerTargetAlgorithmEvaluator - We have been waiting for 345.632 seconds for a run that should have taken at most 115.14738852937819 seconds.
 The sample call for the run that is delayed is: cd "/proj/SMACK/smac/example_scenarios/seq_rs" ;  ../wrapper.py /proj/SMACK/sv-benchmarks/c/systemc/token_ring.13_false-unreach-call_false-termination.cil.c 0 115.14738852937819 2147483647 -1 -/bopt:boolControlVC 'False' -/bopt:z3opt:SMT.MBQI 'False' -/deepAsserts 'False' -/di 'False' -/doNotUseLabels 'False' -/noCallTreeReuse 'True' -/noInitPruning 'False' -/nonUniformUnfolding 'True' -/staticInlining 'False' -/trackAllVars 'False' -/useArrayTheoryCheck '2'  
02:54:45.747 [CLI TAE Observer Threads (2-2)] WARN  c.u.c.b.a.t.d.h.KillCaptimeExceedingRunsRunsTargetAlgorithmEvaluatorDecorator - Killed run <Instance:122, Seed:-1, Config:0x21FD53, Kappa:14.775732707577944, Execution Config: 0x0001> at 147.78674999999998 for exceeding 10.0 times its cutoff time of 14.775732707577944 (secs)
03:35:33.250 [CLI TAE (Master Thread - #0)] ERROR c.u.c.b.a.t.b.c.CommandLineAlgorithmRun - The following algorithm call failed: cd "/proj/SMACK/smac/example_scenarios/seq_rs" ;  ../wrapper.py /proj/SMACK/sv-benchmarks/c/seq-mthreaded/rekcba_aso_false-unreach-call.2.M4.c 0 2000.0 2147483647 -1 -/bopt:boolControlVC 'True' -/bopt:z3opt:SMT.MBQI 'False' -/deepAsserts 'True' -/di 'False' -/doNotUseLabels 'True' -/noCallTreeReuse 'True' -/noInitPruning 'True' -/nonUniformUnfolding 'True' -/staticInlining 'False' -/trackAllVars 'True' -/useArrayTheoryCheck '0'  
03:35:33.253 [CLI TAE (Master Thread - #0)] ERROR c.u.c.b.a.t.b.c.CommandLineAlgorithmRun - The last 1 lines of output we saw were:
03:35:33.253 [CLI TAE (Master Thread - #0)] ERROR c.u.c.b.a.t.b.c.CommandLineAlgorithmRun - > Result for SMAC: CRASHED, 90000, 0, 0, -1
05:15:14.575 [CLI TAE (Master Thread - #0)] ERROR c.u.c.b.a.t.b.c.CommandLineAlgorithmRun - The following algorithm call failed: cd "/proj/SMACK/smac/example_scenarios/seq_rs" ;  ../wrapper.py /proj/SMACK/sv-benchmarks/c/seq-mthreaded/pals_opt-floodmax.4_false-unreach-call.1.ufo.UNBOUNDED.pals.c 0 43.68276734684706 2147483647 -1 -/bopt:boolControlVC 'False' -/bopt:z3opt:SMT.MBQI 'False' -/deepAsserts 'False' -/di 'True' -/doNotUseLabels 'False' -/noCallTreeReuse 'True' -/noInitPruning 'True' -/nonUniformUnfolding 'True' -/staticInlining 'True' -/trackAllVars 'True' -/useArrayTheoryCheck '1'  
05:15:14.576 [CLI TAE (Master Thread - #0)] ERROR c.u.c.b.a.t.b.c.CommandLineAlgorithmRun - The last 1 lines of output we saw were:
05:15:14.576 [CLI TAE (Master Thread - #0)] ERROR c.u.c.b.a.t.b.c.CommandLineAlgorithmRun - > Result for SMAC: CRASHED, 90000, 0, 0, -1
05:24:19.153 [CLI TAE (Master Thread - #0)] ERROR c.u.c.b.a.t.b.c.CommandLineAlgorithmRun - The following algorithm call failed: cd "/proj/SMACK/smac/example_scenarios/seq_rs" ;  ../wrapper.py /proj/SMACK/sv-benchmarks/c/seq-mthreaded/rekcba_aso_true-unreach-call.2.M4.c 0 2000.0 2147483647 -1 -/bopt:boolControlVC 'False' -/bopt:z3opt:SMT.MBQI 'True' -/bopt:z3opt:SMT.MBQI.MAX_ITERATIONS '21074' -/deepAsserts 'True' -/di 'True' -/doNotUseLabels 'True' -/noCallTreeReuse 'True' -/noInitPruning 'False' -/nonUniformUnfolding 'True' -/staticInlining 'False' -/trackAllVars 'True' -/useArrayTheoryCheck '1'  
05:24:19.156 [CLI TAE (Master Thread - #0)] ERROR c.u.c.b.a.t.b.c.CommandLineAlgorithmRun - The last 1 lines of output we saw were:
05:24:19.156 [CLI TAE (Master Thread - #0)] ERROR c.u.c.b.a.t.b.c.CommandLineAlgorithmRun - > Result for SMAC: CRASHED, 90000, 0, 0, -1
05:51:43.623 [CLI TAE Observer Threads (2-2)] WARN  c.u.c.b.a.t.d.s.TimingCheckerTargetAlgorithmEvaluator - We have been waiting for 917.361 seconds for a run that should have taken at most 305.737347424376 seconds.
 The sample call for the run that is delayed is: cd "/proj/SMACK/smac/example_scenarios/seq_rs" ;  ../wrapper.py /proj/SMACK/sv-benchmarks/c/systemc/token_ring.01_true-unreach-call_false-termination.cil.c 0 305.737347424376 2147483647 -1 -/bopt:boolControlVC 'False' -/bopt:z3opt:SMT.MBQI 'True' -/bopt:z3opt:SMT.MBQI.MAX_ITERATIONS '21074' -/deepAsserts 'True' -/di 'True' -/doNotUseLabels 'True' -/noCallTreeReuse 'True' -/noInitPruning 'False' -/nonUniformUnfolding 'True' -/staticInlining 'False' -/trackAllVars 'True' -/useArrayTheoryCheck '1'  
06:07:55.124 [CLI TAE (Master Thread - #0)] ERROR c.u.c.b.a.t.b.c.CommandLineAlgorithmRun - The following algorithm call failed: cd "/proj/SMACK/smac/example_scenarios/seq_rs" ;  ../wrapper.py /proj/SMACK/sv-benchmarks/c/seq-mthreaded/pals_STARTPALS_Triplicated_false-unreach-call.1.ufo.BOUNDED-10.pals_true-termination.c 0 25.538203202533726 2147483647 -1 -/bopt:boolControlVC 'False' -/bopt:z3opt:SMT.MBQI 'False' -/deepAsserts 'True' -/di 'True' -/doNotUseLabels 'False' -/noCallTreeReuse 'False' -/noInitPruning 'False' -/nonUniformUnfolding 'True' -/staticInlining 'True' -/trackAllVars 'True' -/useArrayTheoryCheck '2'  
06:07:55.124 [CLI TAE (Master Thread - #0)] ERROR c.u.c.b.a.t.b.c.CommandLineAlgorithmRun - The last 1 lines of output we saw were:
06:07:55.124 [CLI TAE (Master Thread - #0)] ERROR c.u.c.b.a.t.b.c.CommandLineAlgorithmRun - > Result for SMAC: CRASHED, 90000, 0, 0, -1
06:18:01.595 [CLI TAE (Master Thread - #0)] ERROR c.u.c.b.a.t.b.c.CommandLineAlgorithmRun - The following algorithm call failed: cd "/proj/SMACK/smac/example_scenarios/seq_rs" ;  ../wrapper.py /proj/SMACK/sv-benchmarks/c/seq-mthreaded/pals_lcr.5_overflow_false-unreach-call.ufo.UNBOUNDED.pals.c 0 2000.0 2147483647 -1 -/bopt:boolControlVC 'True' -/bopt:z3opt:SMT.MBQI 'True' -/bopt:z3opt:SMT.MBQI.MAX_ITERATIONS '4438' -/deepAsserts 'False' -/di 'False' -/doNotUseLabels 'False' -/noCallTreeReuse 'True' -/noInitPruning 'False' -/nonUniformUnfolding 'True' -/staticInlining 'True' -/trackAllVars 'True' -/useArrayTheoryCheck '2'  
06:18:01.595 [CLI TAE (Master Thread - #0)] ERROR c.u.c.b.a.t.b.c.CommandLineAlgorithmRun - The last 1 lines of output we saw were:
06:18:01.596 [CLI TAE (Master Thread - #0)] ERROR c.u.c.b.a.t.b.c.CommandLineAlgorithmRun - > Result for SMAC: CRASHED, 90000, 0, 0, -1
06:19:08.197 [CLI TAE (Master Thread - #0)] ERROR c.u.c.b.a.t.b.c.CommandLineAlgorithmRun - The following algorithm call failed: cd "/proj/SMACK/smac/example_scenarios/seq_rs" ;  ../wrapper.py /proj/SMACK/sv-benchmarks/c/seq-mthreaded/rekcba_aso_false-unreach-call.2.M4.c 0 2000.0 2147483647 -1 -/bopt:boolControlVC 'True' -/bopt:z3opt:SMT.MBQI 'True' -/bopt:z3opt:SMT.MBQI.MAX_ITERATIONS '4438' -/deepAsserts 'False' -/di 'False' -/doNotUseLabels 'False' -/noCallTreeReuse 'True' -/noInitPruning 'False' -/nonUniformUnfolding 'True' -/staticInlining 'True' -/trackAllVars 'True' -/useArrayTheoryCheck '2'  
06:19:08.197 [CLI TAE (Master Thread - #0)] ERROR c.u.c.b.a.t.b.c.CommandLineAlgorithmRun - The last 1 lines of output we saw were:
06:19:08.198 [CLI TAE (Master Thread - #0)] ERROR c.u.c.b.a.t.b.c.CommandLineAlgorithmRun - > Result for SMAC: CRASHED, 90000, 0, 0, -1
06:19:20.743 [CLI TAE (Master Thread - #0)] ERROR c.u.c.b.a.t.b.c.CommandLineAlgorithmRun - The following algorithm call failed: cd "/proj/SMACK/smac/example_scenarios/seq_rs" ;  ../wrapper.py /proj/SMACK/sv-benchmarks/c/seq-mthreaded/pals_opt-floodmax.5_false-unreach-call.3.ufo.BOUNDED-10.pals_true-termination.c 0 331.69661582295896 2147483647 -1 -/bopt:boolControlVC 'True' -/bopt:z3opt:SMT.MBQI 'True' -/bopt:z3opt:SMT.MBQI.MAX_ITERATIONS '4438' -/deepAsserts 'False' -/di 'False' -/doNotUseLabels 'False' -/noCallTreeReuse 'True' -/noInitPruning 'False' -/nonUniformUnfolding 'True' -/staticInlining 'True' -/trackAllVars 'True' -/useArrayTheoryCheck '2'  
06:19:20.743 [CLI TAE (Master Thread - #0)] ERROR c.u.c.b.a.t.b.c.CommandLineAlgorithmRun - The last 1 lines of output we saw were:
06:19:20.743 [CLI TAE (Master Thread - #0)] ERROR c.u.c.b.a.t.b.c.CommandLineAlgorithmRun - > Result for SMAC: CRASHED, 90000, 0, 0, -1
06:20:08.220 [CLI TAE (Master Thread - #0)] ERROR c.u.c.b.a.t.b.c.CommandLineAlgorithmRun - The following algorithm call failed: cd "/proj/SMACK/smac/example_scenarios/seq_rs" ;  ../wrapper.py /proj/SMACK/sv-benchmarks/c/seq-mthreaded/pals_opt-floodmax.3_false-unreach-call.3.ufo.UNBOUNDED.pals.c 0 332.792634040463 2147483647 -1 -/bopt:boolControlVC 'True' -/bopt:z3opt:SMT.MBQI 'False' -/deepAsserts 'True' -/di 'True' -/doNotUseLabels 'False' -/noCallTreeReuse 'False' -/noInitPruning 'True' -/nonUniformUnfolding 'False' -/staticInlining 'True' -/trackAllVars 'False' -/useArrayTheoryCheck '1'  
06:20:08.220 [CLI TAE (Master Thread - #0)] ERROR c.u.c.b.a.t.b.c.CommandLineAlgorithmRun - The last 1 lines of output we saw were:
06:20:08.220 [CLI TAE (Master Thread - #0)] ERROR c.u.c.b.a.t.b.c.CommandLineAlgorithmRun - > Result for SMAC: CRASHED, 90000, 0, 0, -1
07:25:07.811 [CLI TAE (Master Thread - #0)] ERROR c.u.c.b.a.t.b.c.CommandLineAlgorithmRun - The following algorithm call failed: cd "/proj/SMACK/smac/example_scenarios/seq_rs" ;  ../wrapper.py /proj/SMACK/sv-benchmarks/c/systemc/token_ring.15_false-unreach-call_false-termination.cil.c 0 136.65383941342236 2147483647 -1 -/bopt:boolControlVC 'True' -/bopt:z3opt:SMT.MBQI 'False' -/deepAsserts 'False' -/di 'True' -/doNotUseLabels 'False' -/noCallTreeReuse 'False' -/noInitPruning 'False' -/nonUniformUnfolding 'False' -/staticInlining 'True' -/trackAllVars 'True' -/useArrayTheoryCheck '1'  
07:25:07.812 [CLI TAE (Master Thread - #0)] ERROR c.u.c.b.a.t.b.c.CommandLineAlgorithmRun - The last 1 lines of output we saw were:
07:25:07.812 [CLI TAE (Master Thread - #0)] ERROR c.u.c.b.a.t.b.c.CommandLineAlgorithmRun - > Result for SMAC: CRASHED, 90000, 0, 0, -1
13:29:53.905 [CLI TAE (Master Thread - #0)] ERROR c.u.c.b.a.t.b.c.CommandLineAlgorithmRun - The following algorithm call failed: cd "/proj/SMACK/smac/example_scenarios/seq_rs" ;  ../wrapper.py /proj/SMACK/sv-benchmarks/c/seq-pthread/cs_read_write_lock_true-unreach-call.i 0 147.35029785742165 2147483647 -1 -/bopt:boolControlVC 'False' -/bopt:z3opt:SMT.MBQI 'False' -/deepAsserts 'False' -/di 'True' -/doNotUseLabels 'True' -/noCallTreeReuse 'False' -/noInitPruning 'True' -/nonUniformUnfolding 'False' -/staticInlining 'True' -/trackAllVars 'False' -/useArrayTheoryCheck '2'  
13:29:53.906 [CLI TAE (Master Thread - #0)] ERROR c.u.c.b.a.t.b.c.CommandLineAlgorithmRun - The last 1 lines of output we saw were:
13:29:53.906 [CLI TAE (Master Thread - #0)] ERROR c.u.c.b.a.t.b.c.CommandLineAlgorithmRun - > Result for SMAC: CRASHED, 90000, 0, 0, -1
13:40:16.652 [CLI TAE (Master Thread - #0)] ERROR c.u.c.b.a.t.b.c.CommandLineAlgorithmRun - The following algorithm call failed: cd "/proj/SMACK/smac/example_scenarios/seq_rs" ;  ../wrapper.py /proj/SMACK/sv-benchmarks/c/seq-mthreaded/rekcba_nxt_true-unreach-call.3.M4.c 0 2000.0 2147483647 -1 -/bopt:boolControlVC 'True' -/bopt:z3opt:SMT.MBQI 'False' -/deepAsserts 'False' -/di 'False' -/doNotUseLabels 'False' -/noCallTreeReuse 'True' -/noInitPruning 'False' -/nonUniformUnfolding 'False' -/staticInlining 'False' -/trackAllVars 'False' -/useArrayTheoryCheck '0'  
13:40:16.653 [CLI TAE (Master Thread - #0)] ERROR c.u.c.b.a.t.b.c.CommandLineAlgorithmRun - The last 1 lines of output we saw were:
13:40:16.653 [CLI TAE (Master Thread - #0)] ERROR c.u.c.b.a.t.b.c.CommandLineAlgorithmRun - > Result for SMAC: CRASHED, 90000, 0, 0, -1
13:42:24.606 [CLI TAE (Master Thread - #0)] ERROR c.u.c.b.a.t.b.c.CommandLineAlgorithmRun - The following algorithm call failed: cd "/proj/SMACK/smac/example_scenarios/seq_rs" ;  ../wrapper.py /proj/SMACK/sv-benchmarks/c/seq-mthreaded/pals_opt-floodmax.5_false-unreach-call.1.ufo.BOUNDED-10.pals_true-termination.c 0 551.2750084403634 2147483647 -1 -/bopt:boolControlVC 'False' -/bopt:z3opt:SMT.MBQI 'False' -/deepAsserts 'False' -/di 'True' -/doNotUseLabels 'True' -/noCallTreeReuse 'False' -/noInitPruning 'False' -/nonUniformUnfolding 'False' -/staticInlining 'True' -/trackAllVars 'False' -/useArrayTheoryCheck '1'  
13:42:24.607 [CLI TAE (Master Thread - #0)] ERROR c.u.c.b.a.t.b.c.CommandLineAlgorithmRun - The last 1 lines of output we saw were:
13:42:24.607 [CLI TAE (Master Thread - #0)] ERROR c.u.c.b.a.t.b.c.CommandLineAlgorithmRun - > Result for SMAC: CRASHED, 90000, 0, 0, -1
14:48:32.455 [CLI TAE (Master Thread - #0)] ERROR c.u.c.b.a.t.b.c.CommandLineAlgorithmRun - The following algorithm call failed: cd "/proj/SMACK/smac/example_scenarios/seq_rs" ;  ../wrapper.py /proj/SMACK/sv-benchmarks/c/seq-mthreaded/rekcba_nxt_true-unreach-call.3.M4.c 0 2000.0 2147483647 -1 -/bopt:boolControlVC 'False' -/bopt:z3opt:SMT.MBQI 'True' -/bopt:z3opt:SMT.MBQI.MAX_ITERATIONS '26305' -/deepAsserts 'False' -/di 'True' -/doNotUseLabels 'False' -/noCallTreeReuse 'False' -/noInitPruning 'False' -/nonUniformUnfolding 'False' -/staticInlining 'True' -/trackAllVars 'False' -/useArrayTheoryCheck '0'  
14:48:32.455 [CLI TAE (Master Thread - #0)] ERROR c.u.c.b.a.t.b.c.CommandLineAlgorithmRun - The last 1 lines of output we saw were:
14:48:32.455 [CLI TAE (Master Thread - #0)] ERROR c.u.c.b.a.t.b.c.CommandLineAlgorithmRun - > Result for SMAC: CRASHED, 90000, 0, 0, -1
14:48:45.024 [CLI TAE (Master Thread - #0)] ERROR c.u.c.b.a.t.b.c.CommandLineAlgorithmRun - The following algorithm call failed: cd "/proj/SMACK/smac/example_scenarios/seq_rs" ;  ../wrapper.py /proj/SMACK/sv-benchmarks/c/seq-mthreaded/pals_opt-floodmax.5_false-unreach-call.4.ufo.BOUNDED-10.pals_true-termination.c 0 2000.0 2147483647 -1 -/bopt:boolControlVC 'False' -/bopt:z3opt:SMT.MBQI 'True' -/bopt:z3opt:SMT.MBQI.MAX_ITERATIONS '26305' -/deepAsserts 'False' -/di 'True' -/doNotUseLabels 'False' -/noCallTreeReuse 'False' -/noInitPruning 'False' -/nonUniformUnfolding 'False' -/staticInlining 'True' -/trackAllVars 'False' -/useArrayTheoryCheck '0'  
14:48:45.024 [CLI TAE (Master Thread - #0)] ERROR c.u.c.b.a.t.b.c.CommandLineAlgorithmRun - The last 1 lines of output we saw were:
14:48:45.024 [CLI TAE (Master Thread - #0)] ERROR c.u.c.b.a.t.b.c.CommandLineAlgorithmRun - > Result for SMAC: CRASHED, 90000, 0, 0, -1
14:48:54.333 [CLI TAE (Master Thread - #0)] ERROR c.u.c.b.a.t.b.c.CommandLineAlgorithmRun - The following algorithm call failed: cd "/proj/SMACK/smac/example_scenarios/seq_rs" ;  ../wrapper.py /proj/SMACK/sv-benchmarks/c/systemc/token_ring.05_true-unreach-call_false-termination.cil.c 0 895.9921953160048 2147483647 -1 -/bopt:boolControlVC 'False' -/bopt:z3opt:SMT.MBQI 'True' -/bopt:z3opt:SMT.MBQI.MAX_ITERATIONS '26305' -/deepAsserts 'False' -/di 'True' -/doNotUseLabels 'False' -/noCallTreeReuse 'False' -/noInitPruning 'False' -/nonUniformUnfolding 'False' -/staticInlining 'True' -/trackAllVars 'False' -/useArrayTheoryCheck '0'  
14:48:54.334 [CLI TAE (Master Thread - #0)] ERROR c.u.c.b.a.t.b.c.CommandLineAlgorithmRun - The last 1 lines of output we saw were:
14:48:54.334 [CLI TAE (Master Thread - #0)] ERROR c.u.c.b.a.t.b.c.CommandLineAlgorithmRun - > Result for SMAC: CRASHED, 90000, 0, 0, -1
15:14:06.696 [CLI TAE Observer Threads (2-3)] WARN  c.u.c.b.a.t.d.s.TimingCheckerTargetAlgorithmEvaluator - We have been waiting for 1506.577 seconds for a run that should have taken at most 502.18596634303333 seconds.
 The sample call for the run that is delayed is: cd "/proj/SMACK/smac/example_scenarios/seq_rs" ;  ../wrapper.py /proj/SMACK/sv-benchmarks/c/seq-mthreaded/pals_floodmax.5_false-unreach-call.1.ufo.UNBOUNDED.pals.c 0 502.18596634303333 2147483647 -1 -/bopt:boolControlVC 'True' -/bopt:z3opt:SMT.MBQI 'False' -/deepAsserts 'False' -/di 'False' -/doNotUseLabels 'False' -/noCallTreeReuse 'False' -/noInitPruning 'False' -/nonUniformUnfolding 'False' -/staticInlining 'False' -/trackAllVars 'False' -/useArrayTheoryCheck '1'  
15:58:52.591 [CLI TAE (Master Thread - #0)] ERROR c.u.c.b.a.t.b.c.CommandLineAlgorithmRun - The following algorithm call failed: cd "/proj/SMACK/smac/example_scenarios/seq_rs" ;  ../wrapper.py /proj/SMACK/sv-benchmarks/c/systemc/token_ring.09_true-unreach-call_false-termination.cil.c 0 2000.0 2147483647 -1 -/bopt:boolControlVC 'True' -/bopt:z3opt:SMT.MBQI 'True' -/bopt:z3opt:SMT.MBQI.MAX_ITERATIONS '13826' -/deepAsserts 'True' -/di 'True' -/doNotUseLabels 'True' -/noCallTreeReuse 'False' -/noInitPruning 'False' -/nonUniformUnfolding 'False' -/staticInlining 'True' -/trackAllVars 'True' -/useArrayTheoryCheck '1'  
15:58:52.591 [CLI TAE (Master Thread - #0)] ERROR c.u.c.b.a.t.b.c.CommandLineAlgorithmRun - The last 1 lines of output we saw were:
15:58:52.591 [CLI TAE (Master Thread - #0)] ERROR c.u.c.b.a.t.b.c.CommandLineAlgorithmRun - > Result for SMAC: CRASHED, 90000, 0, 0, -1
16:30:37.304 [CLI TAE (Master Thread - #0)] ERROR c.u.c.b.a.t.b.c.CommandLineAlgorithmRun - The following algorithm call failed: cd "/proj/SMACK/smac/example_scenarios/seq_rs" ;  ../wrapper.py /proj/SMACK/sv-benchmarks/c/systemc/transmitter.15_false-unreach-call_false-termination.cil.c 0 11.149883725094796 2147483647 -1 -/bopt:boolControlVC 'True' -/bopt:z3opt:SMT.MBQI 'True' -/bopt:z3opt:SMT.MBQI.MAX_ITERATIONS '13826' -/deepAsserts 'True' -/di 'True' -/doNotUseLabels 'True' -/noCallTreeReuse 'False' -/noInitPruning 'False' -/nonUniformUnfolding 'False' -/staticInlining 'True' -/trackAllVars 'True' -/useArrayTheoryCheck '1'  
16:30:37.305 [CLI TAE (Master Thread - #0)] ERROR c.u.c.b.a.t.b.c.CommandLineAlgorithmRun - The last 1 lines of output we saw were:
16:30:37.305 [CLI TAE (Master Thread - #0)] ERROR c.u.c.b.a.t.b.c.CommandLineAlgorithmRun - > Result for SMAC: CRASHED, 90000, 0, 0, -1
16:30:37.343 [CLI TAE Callback Threads (3-216)] WARN  c.u.c.b.a.t.d.s.TimingCheckerTargetAlgorithmEvaluator - Algorithm Run Result reported a runtime of 90000.0 (secs) that exceeded it's cutoff time of 11.149883725094796 (secs) by 89988.8501162749 (secs). Next warning at 89989.8501162749 (secs)  
17:06:17.843 [CLI TAE (Master Thread - #0)] ERROR c.u.c.b.a.t.b.c.CommandLineAlgorithmRun - The following algorithm call failed: cd "/proj/SMACK/smac/example_scenarios/seq_rs" ;  ../wrapper.py /proj/SMACK/sv-benchmarks/c/seq-mthreaded/rekcba_nxt_true-unreach-call.3.M4.c 0 2000.0 2147483647 -1 -/bopt:boolControlVC 'True' -/bopt:z3opt:SMT.MBQI 'False' -/deepAsserts 'False' -/di 'True' -/doNotUseLabels 'False' -/noCallTreeReuse 'False' -/noInitPruning 'True' -/nonUniformUnfolding 'False' -/staticInlining 'False' -/trackAllVars 'True' -/useArrayTheoryCheck '2'  
17:06:17.845 [CLI TAE (Master Thread - #0)] ERROR c.u.c.b.a.t.b.c.CommandLineAlgorithmRun - The last 1 lines of output we saw were:
17:06:17.845 [CLI TAE (Master Thread - #0)] ERROR c.u.c.b.a.t.b.c.CommandLineAlgorithmRun - > Result for SMAC: CRASHED, 90000, 0, 0, -1
20:09:56.382 [CLI TAE (Master Thread - #0)] ERROR c.u.c.b.a.t.b.c.CommandLineAlgorithmRun - The following algorithm call failed: cd "/proj/SMACK/smac/example_scenarios/seq_rs" ;  ../wrapper.py /proj/SMACK/sv-benchmarks/c/seq-mthreaded/rekcba_aso_false-unreach-call.2.M4.c 0 2000.0 2147483647 -1 -/bopt:boolControlVC 'True' -/bopt:z3opt:SMT.MBQI 'True' -/bopt:z3opt:SMT.MBQI.MAX_ITERATIONS '14745' -/deepAsserts 'True' -/di 'False' -/doNotUseLabels 'True' -/noCallTreeReuse 'False' -/noInitPruning 'True' -/nonUniformUnfolding 'True' -/staticInlining 'False' -/trackAllVars 'True' -/useArrayTheoryCheck '0'  
20:09:56.382 [CLI TAE (Master Thread - #0)] ERROR c.u.c.b.a.t.b.c.CommandLineAlgorithmRun - The last 1 lines of output we saw were:
20:09:56.382 [CLI TAE (Master Thread - #0)] ERROR c.u.c.b.a.t.b.c.CommandLineAlgorithmRun - > Result for SMAC: CRASHED, 90000, 0, 0, -1
23:56:30.268 [CLI TAE Observer Threads (2-3)] WARN  c.u.c.b.a.t.d.s.TimingCheckerTargetAlgorithmEvaluator - We have been waiting for 180.136 seconds for a run that should have taken at most 32.215580705899 seconds.
 The sample call for the run that is delayed is: cd "/proj/SMACK/smac/example_scenarios/seq_rs" ;  ../wrapper.py /proj/SMACK/sv-benchmarks/c/seq-mthreaded/pals_opt-floodmax.4_false-unreach-call.1.ufo.BOUNDED-8.pals_true-termination.c 0 32.215580705899 2147483647 -1 -/bopt:boolControlVC 'True' -/bopt:z3opt:SMT.MBQI 'True' -/bopt:z3opt:SMT.MBQI.MAX_ITERATIONS '30478' -/deepAsserts 'True' -/di 'False' -/doNotUseLabels 'True' -/noCallTreeReuse 'False' -/noInitPruning 'True' -/nonUniformUnfolding 'True' -/staticInlining 'False' -/trackAllVars 'False' -/useArrayTheoryCheck '2'  
23:59:10.385 [CLI TAE Observer Threads (2-3)] WARN  c.u.c.b.a.t.d.h.KillCaptimeExceedingRunsRunsTargetAlgorithmEvaluatorDecorator - Killed run <Instance:145, Seed:-1, Config:0x39D918, Kappa:32.215580705899, Execution Config: 0x0001> at 322.48985 for exceeding 10.0 times its cutoff time of 32.215580705899 (secs)
02:40:12.080 [CLI TAE (Master Thread - #0)] ERROR c.u.c.b.a.t.b.c.CommandLineAlgorithmRun - The following algorithm call failed: cd "/proj/SMACK/smac/example_scenarios/seq_rs" ;  ../wrapper.py /proj/SMACK/sv-benchmarks/c/seq-mthreaded/rekh_nxt_true-unreach-call.2.M4.c 0 2000.0 2147483647 -1 -/bopt:boolControlVC 'True' -/bopt:z3opt:SMT.MBQI 'False' -/deepAsserts 'True' -/di 'True' -/doNotUseLabels 'False' -/noCallTreeReuse 'False' -/noInitPruning 'False' -/nonUniformUnfolding 'False' -/staticInlining 'False' -/trackAllVars 'True' -/useArrayTheoryCheck '2'  
02:40:12.081 [CLI TAE (Master Thread - #0)] ERROR c.u.c.b.a.t.b.c.CommandLineAlgorithmRun - The last 1 lines of output we saw were:
02:40:12.082 [CLI TAE (Master Thread - #0)] ERROR c.u.c.b.a.t.b.c.CommandLineAlgorithmRun - > Result for SMAC: CRASHED, 90000, 0, 0, -1
03:12:08.232 [CLI TAE (Master Thread - #0)] ERROR c.u.c.b.a.t.b.c.CommandLineAlgorithmRun - The following algorithm call failed: cd "/proj/SMACK/smac/example_scenarios/seq_rs" ;  ../wrapper.py /proj/SMACK/sv-benchmarks/c/seq-mthreaded/pals_lcr-var-start-time.3_true-unreach-call.ufo.BOUNDED-6.pals_true-termination.c 0 8.616762224930525 2147483647 -1 -/bopt:boolControlVC 'True' -/bopt:z3opt:SMT.MBQI 'False' -/deepAsserts 'False' -/di 'True' -/doNotUseLabels 'False' -/noCallTreeReuse 'False' -/noInitPruning 'False' -/nonUniformUnfolding 'True' -/staticInlining 'True' -/trackAllVars 'True' -/useArrayTheoryCheck '0'  
03:12:08.232 [CLI TAE (Master Thread - #0)] ERROR c.u.c.b.a.t.b.c.CommandLineAlgorithmRun - The last 1 lines of output we saw were:
03:12:08.232 [CLI TAE (Master Thread - #0)] ERROR c.u.c.b.a.t.b.c.CommandLineAlgorithmRun - > Result for SMAC: CRASHED, 90000, 0, 0, -1
03:12:08.259 [CLI TAE Callback Threads (3-244)] WARN  c.u.c.b.a.t.d.s.TimingCheckerTargetAlgorithmEvaluator - Algorithm Run Result reported a runtime of 90000.0 (secs) that exceeded it's cutoff time of 8.616762224930525 (secs) by 89991.38323777507 (secs). Next warning at 89992.38323777507 (secs)  
03:12:39.994 [CLI TAE (Master Thread - #0)] ERROR c.u.c.b.a.t.b.c.CommandLineAlgorithmRun - The following algorithm call failed: cd "/proj/SMACK/smac/example_scenarios/seq_rs" ;  ../wrapper.py /proj/SMACK/sv-benchmarks/c/seq-mthreaded/pals_floodmax.5_false-unreach-call.2.ufo.BOUNDED-10.pals_true-termination.c 0 93.25623762642147 2147483647 -1 -/bopt:boolControlVC 'False' -/bopt:z3opt:SMT.MBQI 'False' -/deepAsserts 'True' -/di 'True' -/doNotUseLabels 'True' -/noCallTreeReuse 'True' -/noInitPruning 'True' -/nonUniformUnfolding 'False' -/staticInlining 'True' -/trackAllVars 'True' -/useArrayTheoryCheck '0'  
03:12:39.994 [CLI TAE (Master Thread - #0)] ERROR c.u.c.b.a.t.b.c.CommandLineAlgorithmRun - The last 1 lines of output we saw were:
03:12:39.994 [CLI TAE (Master Thread - #0)] ERROR c.u.c.b.a.t.b.c.CommandLineAlgorithmRun - > Result for SMAC: CRASHED, 90000, 0, 0, -1
03:46:31.533 [CLI TAE (Master Thread - #0)] ERROR c.u.c.b.a.t.b.c.CommandLineAlgorithmRun - The following algorithm call failed: cd "/proj/SMACK/smac/example_scenarios/seq_rs" ;  ../wrapper.py /proj/SMACK/sv-benchmarks/c/systemc/pc_sfifo_1_false-unreach-call_false-termination.cil.c 0 7.972778182822466 2147483647 -1 -/bopt:boolControlVC 'True' -/bopt:z3opt:SMT.MBQI 'False' -/deepAsserts 'True' -/di 'True' -/doNotUseLabels 'True' -/noCallTreeReuse 'True' -/noInitPruning 'True' -/nonUniformUnfolding 'True' -/staticInlining 'True' -/trackAllVars 'True' -/useArrayTheoryCheck '0'  
03:46:31.533 [CLI TAE (Master Thread - #0)] ERROR c.u.c.b.a.t.b.c.CommandLineAlgorithmRun - The last 1 lines of output we saw were:
03:46:31.533 [CLI TAE (Master Thread - #0)] ERROR c.u.c.b.a.t.b.c.CommandLineAlgorithmRun - > Result for SMAC: CRASHED, 90000, 0, 0, -1
04:18:52.426 [CLI TAE (Master Thread - #0)] ERROR c.u.c.b.a.t.b.c.CommandLineAlgorithmRun - The following algorithm call failed: cd "/proj/SMACK/smac/example_scenarios/seq_rs" ;  ../wrapper.py /proj/SMACK/sv-benchmarks/c/seq-mthreaded/pals_opt-floodmax.4_false-unreach-call.1.ufo.UNBOUNDED.pals.c 0 43.68276734684706 2147483647 -1 -/bopt:boolControlVC 'False' -/bopt:z3opt:SMT.MBQI 'False' -/deepAsserts 'True' -/di 'False' -/doNotUseLabels 'True' -/noCallTreeReuse 'False' -/noInitPruning 'True' -/nonUniformUnfolding 'False' -/staticInlining 'True' -/trackAllVars 'True' -/useArrayTheoryCheck '0'  
04:18:52.426 [CLI TAE (Master Thread - #0)] ERROR c.u.c.b.a.t.b.c.CommandLineAlgorithmRun - The last 1 lines of output we saw were:
04:18:52.426 [CLI TAE (Master Thread - #0)] ERROR c.u.c.b.a.t.b.c.CommandLineAlgorithmRun - > Result for SMAC: CRASHED, 90000, 0, 0, -1
05:23:59.242 [CLI TAE (Master Thread - #0)] ERROR c.u.c.b.a.t.b.c.CommandLineAlgorithmRun - The following algorithm call failed: cd "/proj/SMACK/smac/example_scenarios/seq_rs" ;  ../wrapper.py /proj/SMACK/sv-benchmarks/c/seq-mthreaded/pals_opt-floodmax.4_overflow_false-unreach-call.ufo.UNBOUNDED.pals.c 0 2000.0 2147483647 -1 -/bopt:boolControlVC 'True' -/bopt:z3opt:SMT.MBQI 'True' -/bopt:z3opt:SMT.MBQI.MAX_ITERATIONS '5103' -/deepAsserts 'False' -/di 'False' -/doNotUseLabels 'False' -/noCallTreeReuse 'True' -/noInitPruning 'True' -/nonUniformUnfolding 'False' -/staticInlining 'True' -/trackAllVars 'False' -/useArrayTheoryCheck '1'  
05:23:59.242 [CLI TAE (Master Thread - #0)] ERROR c.u.c.b.a.t.b.c.CommandLineAlgorithmRun - The last 1 lines of output we saw were:
05:23:59.242 [CLI TAE (Master Thread - #0)] ERROR c.u.c.b.a.t.b.c.CommandLineAlgorithmRun - > Result for SMAC: CRASHED, 90000, 0, 0, -1
05:24:06.315 [CLI TAE (Master Thread - #0)] ERROR c.u.c.b.a.t.b.c.CommandLineAlgorithmRun - The following algorithm call failed: cd "/proj/SMACK/smac/example_scenarios/seq_rs" ;  ../wrapper.py /proj/SMACK/sv-benchmarks/c/seq-mthreaded/pals_floodmax.3_false-unreach-call.2.ufo.BOUNDED-6.pals_true-termination.c 0 19.932760287421942 2147483647 -1 -/bopt:boolControlVC 'True' -/bopt:z3opt:SMT.MBQI 'True' -/bopt:z3opt:SMT.MBQI.MAX_ITERATIONS '5103' -/deepAsserts 'False' -/di 'False' -/doNotUseLabels 'False' -/noCallTreeReuse 'True' -/noInitPruning 'True' -/nonUniformUnfolding 'False' -/staticInlining 'True' -/trackAllVars 'False' -/useArrayTheoryCheck '1'  
05:24:06.315 [CLI TAE (Master Thread - #0)] ERROR c.u.c.b.a.t.b.c.CommandLineAlgorithmRun - The last 1 lines of output we saw were:
05:24:06.315 [CLI TAE (Master Thread - #0)] ERROR c.u.c.b.a.t.b.c.CommandLineAlgorithmRun - > Result for SMAC: CRASHED, 90000, 0, 0, -1
07:54:35.005 [CLI TAE (Master Thread - #0)] ERROR c.u.c.b.a.t.b.c.CommandLineAlgorithmRun - The following algorithm call failed: cd "/proj/SMACK/smac/example_scenarios/seq_rs" ;  ../wrapper.py /proj/SMACK/sv-benchmarks/c/seq-mthreaded/rekcba_nxt_true-unreach-call.3.M4.c 0 2000.0 2147483647 -1 -/bopt:boolControlVC 'False' -/bopt:z3opt:SMT.MBQI 'False' -/deepAsserts 'False' -/di 'False' -/doNotUseLabels 'False' -/noCallTreeReuse 'True' -/noInitPruning 'False' -/nonUniformUnfolding 'False' -/staticInlining 'False' -/trackAllVars 'True' -/useArrayTheoryCheck '1'  
07:54:35.008 [CLI TAE (Master Thread - #0)] ERROR c.u.c.b.a.t.b.c.CommandLineAlgorithmRun - The last 1 lines of output we saw were:
07:54:35.010 [CLI TAE (Master Thread - #0)] ERROR c.u.c.b.a.t.b.c.CommandLineAlgorithmRun - > Result for SMAC: CRASHED, 90000, 0, 0, -1
11:55:47.183 [CLI TAE (Master Thread - #0)] ERROR c.u.c.b.a.t.b.c.CommandLineAlgorithmRun - The following algorithm call failed: cd "/proj/SMACK/smac/example_scenarios/seq_rs" ;  ../wrapper.py /proj/SMACK/sv-benchmarks/c/seq-mthreaded/pals_opt-floodmax.3_false-unreach-call.1.ufo.BOUNDED-6.pals_true-termination.c 0 13.803994831043482 2147483647 -1 -/bopt:boolControlVC 'False' -/bopt:z3opt:SMT.MBQI 'False' -/deepAsserts 'False' -/di 'True' -/doNotUseLabels 'False' -/noCallTreeReuse 'True' -/noInitPruning 'False' -/nonUniformUnfolding 'False' -/staticInlining 'True' -/trackAllVars 'True' -/useArrayTheoryCheck '0'  
11:55:47.184 [CLI TAE (Master Thread - #0)] ERROR c.u.c.b.a.t.b.c.CommandLineAlgorithmRun - The last 1 lines of output we saw were:
11:55:47.184 [CLI TAE (Master Thread - #0)] ERROR c.u.c.b.a.t.b.c.CommandLineAlgorithmRun - > Result for SMAC: CRASHED, 90000, 0, 0, -1
12:32:39.458 [CLI TAE (Master Thread - #0)] ERROR c.u.c.b.a.t.b.c.CommandLineAlgorithmRun - The following algorithm call failed: cd "/proj/SMACK/smac/example_scenarios/seq_rs" ;  ../wrapper.py /proj/SMACK/sv-benchmarks/c/seq-mthreaded/pals_lcr.5_true-unreach-call.ufo.UNBOUNDED.pals.c 0 2000.0 2147483647 -1 -/bopt:boolControlVC 'False' -/bopt:z3opt:SMT.MBQI 'False' -/deepAsserts 'True' -/di 'True' -/doNotUseLabels 'True' -/noCallTreeReuse 'False' -/noInitPruning 'False' -/nonUniformUnfolding 'False' -/staticInlining 'True' -/trackAllVars 'False' -/useArrayTheoryCheck '1'  
12:32:39.458 [CLI TAE (Master Thread - #0)] ERROR c.u.c.b.a.t.b.c.CommandLineAlgorithmRun - The last 1 lines of output we saw were:
12:32:39.459 [CLI TAE (Master Thread - #0)] ERROR c.u.c.b.a.t.b.c.CommandLineAlgorithmRun - > Result for SMAC: CRASHED, 90000, 0, 0, -1
12:32:45.223 [CLI TAE (Master Thread - #0)] ERROR c.u.c.b.a.t.b.c.CommandLineAlgorithmRun - The following algorithm call failed: cd "/proj/SMACK/smac/example_scenarios/seq_rs" ;  ../wrapper.py /proj/SMACK/sv-benchmarks/c/seq-mthreaded/pals_STARTPALS_Triplicated_false-unreach-call.1.ufo.UNBOUNDED.pals.c 0 20.840109687644244 2147483647 -1 -/bopt:boolControlVC 'False' -/bopt:z3opt:SMT.MBQI 'False' -/deepAsserts 'True' -/di 'True' -/doNotUseLabels 'True' -/noCallTreeReuse 'False' -/noInitPruning 'False' -/nonUniformUnfolding 'False' -/staticInlining 'True' -/trackAllVars 'False' -/useArrayTheoryCheck '1'  
12:32:45.223 [CLI TAE (Master Thread - #0)] ERROR c.u.c.b.a.t.b.c.CommandLineAlgorithmRun - The last 1 lines of output we saw were:
12:32:45.224 [CLI TAE (Master Thread - #0)] ERROR c.u.c.b.a.t.b.c.CommandLineAlgorithmRun - > Result for SMAC: CRASHED, 90000, 0, 0, -1
13:49:59.960 [CLI TAE Observer Threads (2-3)] WARN  c.u.c.b.a.t.d.s.TimingCheckerTargetAlgorithmEvaluator - We have been waiting for 784.497 seconds for a run that should have taken at most 261.375210330236 seconds.
 The sample call for the run that is delayed is: cd "/proj/SMACK/smac/example_scenarios/seq_rs" ;  ../wrapper.py /proj/SMACK/sv-benchmarks/c/seq-mthreaded/pals_floodmax.5_false-unreach-call.3.ufo.UNBOUNDED.pals.c 0 261.375210330236 2147483647 -1 -/bopt:boolControlVC 'False' -/bopt:z3opt:SMT.MBQI 'False' -/deepAsserts 'False' -/di 'True' -/doNotUseLabels 'False' -/noCallTreeReuse 'True' -/noInitPruning 'False' -/nonUniformUnfolding 'True' -/staticInlining 'False' -/trackAllVars 'False' -/useArrayTheoryCheck '2'  
15:11:34.995 [CLI TAE (Master Thread - #0)] ERROR c.u.c.b.a.t.b.c.CommandLineAlgorithmRun - The following algorithm call failed: cd "/proj/SMACK/smac/example_scenarios/seq_rs" ;  ../wrapper.py /proj/SMACK/sv-benchmarks/c/systemc/token_ring.05_true-unreach-call_false-termination.cil.c 0 1147.6167308989643 2147483647 -1 -/bopt:boolControlVC 'True' -/bopt:z3opt:SMT.MBQI 'True' -/bopt:z3opt:SMT.MBQI.MAX_ITERATIONS '15688' -/deepAsserts 'False' -/di 'False' -/doNotUseLabels 'False' -/noCallTreeReuse 'True' -/noInitPruning 'True' -/nonUniformUnfolding 'True' -/staticInlining 'True' -/trackAllVars 'False' -/useArrayTheoryCheck '0'  
15:11:34.996 [CLI TAE (Master Thread - #0)] ERROR c.u.c.b.a.t.b.c.CommandLineAlgorithmRun - The last 1 lines of output we saw were:
15:11:34.996 [CLI TAE (Master Thread - #0)] ERROR c.u.c.b.a.t.b.c.CommandLineAlgorithmRun - > Result for SMAC: CRASHED, 90000, 0, 0, -1
15:43:35.459 [CLI TAE (Master Thread - #0)] ERROR c.u.c.b.a.t.b.c.CommandLineAlgorithmRun - The following algorithm call failed: cd "/proj/SMACK/smac/example_scenarios/seq_rs" ;  ../wrapper.py /proj/SMACK/sv-benchmarks/c/seq-mthreaded/pals_floodmax.3_true-unreach-call.ufo.BOUNDED-6.pals_true-termination.c 0 14.876500878828764 2147483647 -1 -/bopt:boolControlVC 'False' -/bopt:z3opt:SMT.MBQI 'True' -/bopt:z3opt:SMT.MBQI.MAX_ITERATIONS '5056' -/deepAsserts 'True' -/di 'False' -/doNotUseLabels 'False' -/noCallTreeReuse 'False' -/noInitPruning 'True' -/nonUniformUnfolding 'True' -/staticInlining 'True' -/trackAllVars 'False' -/useArrayTheoryCheck '2'  
15:43:35.459 [CLI TAE (Master Thread - #0)] ERROR c.u.c.b.a.t.b.c.CommandLineAlgorithmRun - The last 1 lines of output we saw were:
15:43:35.459 [CLI TAE (Master Thread - #0)] ERROR c.u.c.b.a.t.b.c.CommandLineAlgorithmRun - > Result for SMAC: CRASHED, 90000, 0, 0, -1
16:17:26.521 [CLI TAE (Master Thread - #0)] ERROR c.u.c.b.a.t.b.c.CommandLineAlgorithmRun - The following algorithm call failed: cd "/proj/SMACK/smac/example_scenarios/seq_rs" ;  ../wrapper.py /proj/SMACK/sv-benchmarks/c/seq-mthreaded/pals_opt-floodmax.4_false-unreach-call.4.ufo.BOUNDED-8.pals_true-termination.c 0 33.50047719513178 2147483647 -1 -/bopt:boolControlVC 'True' -/bopt:z3opt:SMT.MBQI 'False' -/deepAsserts 'False' -/di 'True' -/doNotUseLabels 'True' -/noCallTreeReuse 'False' -/noInitPruning 'True' -/nonUniformUnfolding 'True' -/staticInlining 'True' -/trackAllVars 'True' -/useArrayTheoryCheck '1'  
16:17:26.521 [CLI TAE (Master Thread - #0)] ERROR c.u.c.b.a.t.b.c.CommandLineAlgorithmRun - The last 1 lines of output we saw were:
16:17:26.521 [CLI TAE (Master Thread - #0)] ERROR c.u.c.b.a.t.b.c.CommandLineAlgorithmRun - > Result for SMAC: CRASHED, 90000, 0, 0, -1
