10:46:55.880 [main] INFO  c.u.c.b.a.l.ComplexLoggingOptions - Logging to: /proj/SMACK/smac/example_scenarios/seq_rs/smac-output/smack-scenario_seq_rs/log-run65.txt
10:46:55.892 [main] INFO  c.u.c.b.a.m.version.VersionTracker - Version of Algorithm Execution & Abstraction Toolkit is v2.10.03-master-814 (ebf4c8c913d5) 
10:46:55.893 [main] INFO  c.u.c.b.a.m.version.VersionTracker - Version of Java Runtime Environment is OpenJDK 64-Bit Server VM (1.8.0_162) 
10:46:55.893 [main] INFO  c.u.c.b.a.m.version.VersionTracker - Version of OS is Linux 3.19.0-80-generic (amd64) 
10:46:55.893 [main] INFO  c.u.c.b.a.m.version.VersionTracker - Version of Random Forest Library is v1.10.01-master-120 (b68439c2c391) 
10:46:55.893 [main] INFO  c.u.c.b.a.m.version.VersionTracker - Version of SMAC is v2.10.03-master-778 (3ee628ef9bf2) 
10:46:55.894 [main] INFO  c.u.c.b.a.m.j.JCommanderHelper - Call String: smac --shared-model-mode true --scenario-file smack-scenario_seq_rs.txt --seed 65 --validation false 
10:46:55.894 [main] INFO  c.u.c.b.smac.executors.SMACExecutor - ********** The next bit of output can be ignored, it is merely useful for debugging **********
10:46:55.894 [main] INFO  c.u.c.b.smac.executors.SMACExecutor - ==========Enviroment Variables===========
BOOGIE=mono /mnt/local/smack-project/boogie/Binaries/Boogie.exe
CORRAL=mono /mnt/local/smack-project/corral/bin/Release/corral.exe
HOME=/root
LANG=en_US.UTF-8
LESSCLOSE=/usr/bin/lesspipe %s %s
LESSOPEN=| /usr/bin/lesspipe %s
LOCKPWN=mono /mnt/local/smack-project/lockpwn/Binaries/lockpwn.exe
LOGNAME=root
LS_COLORS=rs=0:di=01;34:ln=01;36:mh=00:pi=40;33:so=01;35:do=01;35:bd=40;33;01:cd=40;33;01:or=40;31;01:su=37;41:sg=30;43:ca=30;41:tw=30;42:ow=34;42:st=37;44:ex=01;32:*.tar=01;31:*.tgz=01;31:*.arj=01;31:*.taz=01;31:*.lzh=01;31:*.lzma=01;31:*.tlz=01;31:*.txz=01;31:*.zip=01;31:*.z=01;31:*.Z=01;31:*.dz=01;31:*.gz=01;31:*.lz=01;31:*.xz=01;31:*.bz2=01;31:*.bz=01;31:*.tbz=01;31:*.tbz2=01;31:*.tz=01;31:*.deb=01;31:*.rpm=01;31:*.jar=01;31:*.war=01;31:*.ear=01;31:*.sar=01;31:*.rar=01;31:*.ace=01;31:*.zoo=01;31:*.cpio=01;31:*.7z=01;31:*.rz=01;31:*.jpg=01;35:*.jpeg=01;35:*.gif=01;35:*.bmp=01;35:*.pbm=01;35:*.pgm=01;35:*.ppm=01;35:*.tga=01;35:*.xbm=01;35:*.xpm=01;35:*.tif=01;35:*.tiff=01;35:*.png=01;35:*.svg=01;35:*.svgz=01;35:*.mng=01;35:*.pcx=01;35:*.mov=01;35:*.mpg=01;35:*.mpeg=01;35:*.m2v=01;35:*.mkv=01;35:*.webm=01;35:*.ogm=01;35:*.mp4=01;35:*.m4v=01;35:*.mp4v=01;35:*.vob=01;35:*.qt=01;35:*.nuv=01;35:*.wmv=01;35:*.asf=01;35:*.rm=01;35:*.rmvb=01;35:*.flc=01;35:*.avi=01;35:*.fli=01;35:*.flv=01;35:*.gl=01;35:*.dl=01;35:*.xcf=01;35:*.xwd=01;35:*.yuv=01;35:*.cgm=01;35:*.emf=01;35:*.axv=01;35:*.anx=01;35:*.ogv=01;35:*.ogx=01;35:*.aac=00;36:*.au=00;36:*.flac=00;36:*.mid=00;36:*.midi=00;36:*.mka=00;36:*.mp3=00;36:*.mpc=00;36:*.ogg=00;36:*.ra=00;36:*.wav=00;36:*.axa=00;36:*.oga=00;36:*.spx=00;36:*.xspf=00;36:
MAIL=/var/mail/root
PATH=/usr/local/sbin:/usr/local/bin:/usr/sbin:/usr/bin:/sbin:/bin:/usr/games:/usr/local/games
PWD=/proj/SMACK/smac/example_scenarios/seq_rs
SHELL=/bin/bash
SHLVL=2
STY=3190.pts-0.node-5
SUDO_COMMAND=/bin/su
SUDO_GID=7938
SUDO_UID=18233
SUDO_USER=ankitagr
SYMBOOGLIX=mono /mnt/local/smack-project/symbooglix/src/SymbooglixDriver/bin/Release/sbx.exe
TERM=screen
TERMCAP=SC|screen|VT 100/ANSI X3.64 virtual terminal:\
	:DO=\E[%dB:LE=\E[%dD:RI=\E[%dC:UP=\E[%dA:bs:bt=\E[Z:\
	:cd=\E[J:ce=\E[K:cl=\E[H\E[J:cm=\E[%i%d;%dH:ct=\E[3g:\
	:do=^J:nd=\E[C:pt:rc=\E8:rs=\Ec:sc=\E7:st=\EH:up=\EM:\
	:le=^H:bl=^G:cr=^M:it#8:ho=\E[H:nw=\EE:ta=^I:is=\E)0:\
	:li#39:co#144:am:xn:xv:LP:sr=\EM:al=\E[L:AL=\E[%dL:\
	:cs=\E[%i%d;%dr:dl=\E[M:DL=\E[%dM:dc=\E[P:DC=\E[%dP:\
	:im=\E[4h:ei=\E[4l:mi:IC=\E[%d@:ks=\E[?1h\E=:\
	:ke=\E[?1l\E>:vi=\E[?25l:ve=\E[34h\E[?25h:vs=\E[34l:\
	:ti=\E[?1049h:te=\E[?1049l:us=\E[4m:ue=\E[24m:so=\E[3m:\
	:se=\E[23m:mb=\E[5m:md=\E[1m:mr=\E[7m:me=\E[m:ms:\
	:Co#8:pa#64:AF=\E[3%dm:AB=\E[4%dm:op=\E[39;49m:AX:\
	:vb=\Eg:G0:as=\E(0:ae=\E(B:\
	:ac=\140\140aaffggjjkkllmmnnooppqqrrssttuuvvwwxxyyzz{{||}}~~..--++,,hhII00:\
	:po=\E[5i:pf=\E[4i:Km=\E[M:k0=\E[10~:k1=\EOP:k2=\EOQ:\
	:k3=\EOR:k4=\EOS:k5=\E[15~:k6=\E[17~:k7=\E[18~:\
	:k8=\E[19~:k9=\E[20~:k;=\E[21~:F1=\E[23~:F2=\E[24~:\
	:F3=\E[1;2P:F4=\E[1;2Q:F5=\E[1;2R:F6=\E[1;2S:\
	:F7=\E[15;2~:F8=\E[17;2~:F9=\E[18;2~:FA=\E[19;2~:kb=:\
	:K2=\EOE:kB=\E[Z:kF=\E[1;2B:kR=\E[1;2A:*4=\E[3;2~:\
	:*7=\E[1;2F:#2=\E[1;2H:#3=\E[2;2~:#4=\E[1;2D:%c=\E[6;2~:\
	:%e=\E[5;2~:%i=\E[1;2C:kh=\E[1~:@1=\E[1~:kH=\E[4~:\
	:@7=\E[4~:kN=\E[6~:kP=\E[5~:kI=\E[2~:kD=\E[3~:ku=\EOA:\
	:kd=\EOB:kr=\EOC:kl=\EOD:km:
USER=root
USERNAME=root
WINDOW=0
XDG_RUNTIME_DIR=/run/user/18233
XDG_SESSION_ID=1

10:46:55.894 [main] INFO  c.u.c.b.smac.executors.SMACExecutor - Hostname:node-5.spare.smack.emulab.net
10:46:55.894 [main] INFO  c.u.c.b.smac.executors.SMACExecutor - ==========System Properties==============
ERRLOG=/proj/SMACK/smac/example_scenarios/seq_rs/smac-output/smack-scenario_seq_rs/log-err65.txt
NUMRUN=65
OUTPUTDIR=/proj/SMACK/smac/example_scenarios/seq_rs/smac-output/smack-scenario_seq_rs
ROOT-LEVEL=INFO
RUNLOG=/proj/SMACK/smac/example_scenarios/seq_rs/smac-output/smack-scenario_seq_rs/log-run65.txt
STDOUT-LEVEL=INFO
WARNLOG=/proj/SMACK/smac/example_scenarios/seq_rs/smac-output/smack-scenario_seq_rs/log-warn65.txt
awt.toolkit=sun.awt.X11.XToolkit
file.encoding=UTF-8
file.encoding.pkg=sun.io
file.separator=/
java.awt.graphicsenv=sun.awt.X11GraphicsEnvironment
java.awt.printerjob=sun.print.PSPrinterJob
java.class.path=/proj/SMACK/smac/conf/:/proj/SMACK/smac/patches/:/proj/SMACK/smac/lib/aeatk.jar:/proj/SMACK/smac/lib/aeatk-src.jar:/proj/SMACK/smac/lib/commons-collections-3.2.1.jar:/proj/SMACK/smac/lib/commons-collections-3.2.1-sources.jar:/proj/SMACK/smac/lib/commons-io-2.1.jar:/proj/SMACK/smac/lib/commons-math-2.2.jar:/proj/SMACK/smac/lib/commons-math3-3.3.jar:/proj/SMACK/smac/lib/DomainInter.jar:/proj/SMACK/smac/lib/exp4j-0.3.10.jar:/proj/SMACK/smac/lib/exp4j-0.4.3.BETA-3.jar:/proj/SMACK/smac/lib/fastrf.jar:/proj/SMACK/smac/lib/fastrf-src.jar:/proj/SMACK/smac/lib/guava-14.0.1.jar:/proj/SMACK/smac/lib/jackson-annotations-2.3.1.jar:/proj/SMACK/smac/lib/jackson-core-2.3.1.jar:/proj/SMACK/smac/lib/jackson-databind-2.3.1.jar:/proj/SMACK/smac/lib/Jama-1.0.2.jar:/proj/SMACK/smac/lib/jcip-annotations.jar:/proj/SMACK/smac/lib/jcip-annotations-src.jar:/proj/SMACK/smac/lib/jcommander.jar:/proj/SMACK/smac/lib/jmatharray.jar:/proj/SMACK/smac/lib/logback-access-1.1.2.jar:/proj/SMACK/smac/lib/logback-classic-1.1.2.jar:/proj/SMACK/smac/lib/logback-core-1.1.2.jar:/proj/SMACK/smac/lib/numerics4j-1.3.jar:/proj/SMACK/smac/lib/opencsv-2.3.jar:/proj/SMACK/smac/lib/slf4j-api-1.7.5.jar:/proj/SMACK/smac/lib/smac.jar:/proj/SMACK/smac/lib/smac-src.jar:/proj/SMACK/smac/lib/spi-0.2.4.jar:/proj/SMACK/smac/*.jar:/proj/SMACK/smac/patches/
java.class.version=52.0
java.endorsed.dirs=/usr/lib/jvm/java-8-openjdk-amd64/jre/lib/endorsed
java.ext.dirs=/usr/lib/jvm/java-8-openjdk-amd64/jre/lib/ext:/usr/java/packages/lib/ext
java.home=/usr/lib/jvm/java-8-openjdk-amd64/jre
java.io.tmpdir=/tmp
java.library.path=/usr/java/packages/lib/amd64:/usr/lib/x86_64-linux-gnu/jni:/lib/x86_64-linux-gnu:/usr/lib/x86_64-linux-gnu:/usr/lib/jni:/lib:/usr/lib
java.runtime.name=OpenJDK Runtime Environment
java.runtime.version=1.8.0_162-8u162-b12-1~14.04-b12
java.specification.name=Java Platform API Specification
java.specification.vendor=Oracle Corporation
java.specification.version=1.8
java.vendor=Oracle Corporation
java.vendor.url=http://java.oracle.com/
java.vendor.url.bug=http://bugreport.sun.com/bugreport/
java.version=1.8.0_162
java.vm.info=mixed mode
java.vm.name=OpenJDK 64-Bit Server VM
java.vm.specification.name=Java Virtual Machine Specification
java.vm.specification.vendor=Oracle Corporation
java.vm.specification.version=1.8
java.vm.vendor=Oracle Corporation
java.vm.version=25.162-b12
line.separator=

logback.configurationFile=ca/ubc/cs/beta/aeatk/logging/complex-logback.xml
os.arch=amd64
os.name=Linux
os.version=3.19.0-80-generic
path.separator=:
sun.arch.data.model=64
sun.boot.class.path=/usr/lib/jvm/java-8-openjdk-amd64/jre/lib/resources.jar:/usr/lib/jvm/java-8-openjdk-amd64/jre/lib/rt.jar:/usr/lib/jvm/java-8-openjdk-amd64/jre/lib/sunrsasign.jar:/usr/lib/jvm/java-8-openjdk-amd64/jre/lib/jsse.jar:/usr/lib/jvm/java-8-openjdk-amd64/jre/lib/jce.jar:/usr/lib/jvm/java-8-openjdk-amd64/jre/lib/charsets.jar:/usr/lib/jvm/java-8-openjdk-amd64/jre/lib/jfr.jar:/usr/lib/jvm/java-8-openjdk-amd64/jre/classes
sun.boot.library.path=/usr/lib/jvm/java-8-openjdk-amd64/jre/lib/amd64
sun.cpu.endian=little
sun.cpu.isalist=
sun.io.unicode.encoding=UnicodeLittle
sun.java.command=ca.ubc.cs.beta.aeatk.ant.execscript.Launcher ca.ubc.cs.beta.smac.executors.SMACExecutor --shared-model-mode true --scenario-file smack-scenario_seq_rs.txt --seed 65 --validation false
sun.java.launcher=SUN_STANDARD
sun.jnu.encoding=UTF-8
sun.management.compiler=HotSpot 64-Bit Tiered Compilers
sun.os.patch.level=unknown
user.country=US
user.dir=/proj/SMACK/smac/example_scenarios/seq_rs
user.home=/root
user.language=en
user.name=root
user.timezone=America/Denver

10:46:55.897 [main] INFO  c.u.c.b.a.m.j.JCommanderHelper - ==========Configuration Options==========
[SMACOptions]
 adaptiveCapping = true
 alwaysRunInitialConfiguration = false
 capAddSlack = 1.0
 capSlack = 1.3
classicInitModeOpts = [ClassicInitializationProcedureOptions]
		 initialIncumbentRuns = 1

dciModeOpts = [DoublingCappingInitializationProcedureOptions]
		 numberOfChallengers = 2
		 numberOfRunsPerChallenger = 2

ucip = [UnbiasChallengerInitializationProcedureOptions]
		 numberOfChallengers = 2
		 numberOfRunsPerChallenger = 2
		 cpulimit = 0

 deterministicInstanceOrdering = false
 doValidation = false
 execMode = SMAC
 experimentDir = /proj/SMACK/smac/example_scenarios/seq_rs/
 expFunc = null
help = [HelpOptions]
		 showHiddenParameters = false
		 showHelp = false
		 helpLevel = BASIC
		 showVersion = false
		 helpDefaults = /root/.aeatk/help.opt

 initialChallengeRuns = 1
 initialIncumbent = DEFAULT
 initializationMode = CLASSIC
 intensificationPercentage = 0.5
 initialChallengers = []
 initialChallengersIntensificationTime = 2147483647
 iterativeCappingBreakOnFirstCompletion = false
 iterativeCappingK = 1
logOptions = [ComplexLoggingOptions]
		 consoleLogLevel = INFO
		 logLevel = INFO

 maxIncumbentRuns = 2000
mbOptions = [ModelBuildingOptions]
		 maskCensoredDataAsKappaMax = false
		 maskInactiveConditionalParametersAsDefaultValue = true
		 maskCensoredDataAsUncensored = false
		 imputationIterations = 2

 modelHashCodeFile = null
 numberOfChallengers = 10
 numberOfRandomConfigsInEI = 10000
 numberOfRandomConfigsUsedForLocalSearch = 0
 numPCA = 7
 optionFile = null
 optionFile2 = null
randomForestOptions = [RandomForestOptions]
		 brokenVarianceCalculation = false
		 freeMemoryPercentageToSubsample = 0.25
		 fullTreeBootstrap = false
		 ignoreConditionality = false
		 imputeMean = false
		 logModel = true
		 minVariance = 1.0E-14
		 numTrees = 10
		 penalizeImputedValues = false
		 preprocessMarginal = true
		 ratioFeatures = 0.8333333333333334
		 shuffleImputedValues = false
		 splitMin = 10
		 storeDataInLeaves = false
		 subsamplePercentage = 0.9
		 subsampleValuesWhenLowMemory = false

runGroupOptions = [RunGroupOptions]
		 runGroupName = %SCENARIO_NAME
		 runGroupExit = false
		 replacementChar = %

scenarioConfig = [ScenarioOptions]
		 _runObj = RUNTIME
		 intraInstanceObj = null
		 interInstanceObj = MEAN
		limitOptions = [TerminationCriteriaOptions]
				 tunerTimeout = 2147483647
				 numIterations = 2147483647
				 runtimeLimit = 378000
				 totalNumRunsLimit = 9223372036854775807
				 countSMACTimeAsTunerTime = true
				 challengeIncumbentAttempts = 1000
				 fileToWatch = null

		instanceOptions = [ProblemInstanceOptions]
				 instanceFile = allseq_rs.txt
				 instanceFeatureFile = null
				 testInstanceFile = Testseq_rs.txt
				 checkInstanceFilesExist = false
				 useInstances = true
				 instanceSuffix = null
				 testInstanceSuffix = null
				 ignoreFeatures = false

		 scenarioFile = /proj/SMACK/smac/example_scenarios/seq_rs/smack-scenario_seq_rs.txt
		 outputDirectory = /proj/SMACK/smac/example_scenarios/seq_rs/smac-output
		 invalidScenarioReason = null
		algoExecOptions = [AlgorithmExecutionOptions]
				 algoExec = ../wrapper.py
				 algoExecDir = /proj/SMACK/smac/example_scenarios/seq_rs
				 deterministic = true
				 cutoffTime = 2000.0
				 cutoffLength = -1.0
				 additionalContext = {}
				taeOpts = [TargetAlgorithmEvaluatorOptions]
						 targetAlgorithmEvaluator = CLI
						 abortOnCrash = false
						 abortOnFirstRunCrash = false
						 retryCount = 0
						 cacheRuns = false
						 cacheDebug = false
						 useDynamicCappingExclusively = false
						 reportStrictlyIncreasingRuntimes = false
						 boundRuns = false
						 maxConcurrentAlgoExecs = 1
						 exitOnFailure = false
						 runHashCodeFile = null
						 leakMemory = false
						 leakMemoryAmount = 1024
						 verifySAT = null
						 checkSATConsistency = true
						 checkSATConsistencyException = true
						 callObserverBeforeCompletion = true
						prePostOptions = [PrePostCommandOptions]
								 preCommand = null
								 postCommand = null
								 exceptionOnError = false
								 logOutput = true
								 directory = /proj/SMACK/smac/example_scenarios/seq_rs/.

						 checkResultOrderConsistent = false
						 skipOutstandingEvaluationsTAE = false
						 logRequestResponses = false
						 logRequestResponsesRCOnly = false
						 trackRunsScheduled = false
						 trackRunsScheduledResolution = 1.0
						 uncleanShutdownCheck = true
						 killCaptimeExceedingRun = true
						 killCaptimeExceedingRunFactor = 10.0
						 checkRunConfigsUnique = true
						 checkRunConfigsUniqueException = true
						 observeWalltimeIfNoRuntime = true
						 observeWalltimeScale = 0.95
						 observeWalltimeDelay = 5.0
						 synchronousObserver = true
						 taeDefaults = /root/.aeatk/tae.opt
						ttaedo = [TransformTargetAlgorithmEvaluatorDecoratorOptions]
								 transform = false
								 transformValidValuesOnly = true
								 SAT_runtime_transform = R
								 SAT_quality_transform = Q
								 UNSAT_runtime_transform = R
								 UNSAT_quality_transform = Q
								 TIMEOUT_runtime_transform = R
								 TIMEOUT_quality_transform = Q
								 other_runtime_transform = R
								 other_quality_transform = Q

						tForkOptions = [ForkingTargetAlgorithmEvaluatorDecoratorOptions]
								 forkToTAE = null
								fPolicyOptions = [ForkingTargetAlgorithmEvaluatorDecoratorPolicyOptions]
										 fPolicy = null
										 duplicateOnSlaveQuickTimeout = 5


						 fileToWatch = null
						 warnIfNoResponseFromTAE = 120
						 taeStopProcessingOnShutdown = true
						 filecache = false
						 fileCacheSource = /proj/SMACK/smac/example_scenarios/seq_rs/./runcache
						 fileCacheOutput = /proj/SMACK/smac/example_scenarios/seq_rs/./runcache
						 fileCacheCrashOnMiss = false
						 transformCrashedQuality = true
						 transformCrashedQualityValue = 1.0E9
						 filterZeroCutoffRuns = true

				paramFileDelegate = [ParamConfigurationSpaceOptions]
						 paramFile = ../params.pcs
						 searchSubspace = null
						 searchSubspaceFile = null
						 continuousNeighbours = 4



seedOptions = [SeedOptions]
		 seedOffset = 0
		 numRun = 65
		 initialSeedMap = {}

 smacDefaults = /root/.aeatk/smac.opt
stateOpts = [StateFactoryOptions]
		 stateSerializer = LEGACY
		 statedeSerializer = LEGACY
		 restoreStateFrom = null
		 restoreIteration = null
		 restoreScenario = null
		 cleanOldStatesOnSuccess = true
		 saveContextWithState = true

trackingOptions = [ParamConfigurationOriginTrackingOptions]
		 configTracking = false

validationOptions = [ValidationOptions]
		 maxTimestamp = -1.0
		 minTimestamp = 0.0
		 multFactor = 2.0
		 numberOfTestInstances = 2147483647
		 numberOfTestSeedsPerInstance = 1000
		 numberOfValidationRuns = 1
		 outputFileSuffix = 
		 saveStateFile = false
		 useWallClockTime = true
		 validateAll = false
		 validateOnlyIfTunerTimeReached = 0.0
		 validateOnlyIfWallTimeReached = 0.0
		 validateOnlyLastIncumbent = true
		 validationHeaders = true
		 validationRoundingMode = UP

warmStartOptions = [WarmStartOptions]
		 warmStartStateFrom = null
		 restoreIteration = 2147483647

 validationSeed = 0
 saveRunsEveryIteration = false
 stateQuickSaves = true
 shutdownTAEWhenDone = true
 validationCores = null
 shareModelMode = true
 shareRunDataFrequency = 300
 shareModeModeTAE = true
 writeRunData = true
 defaultHandler = USE_ALL
 sharedModeModeAssymetricMode = false

[AnalyticTargetAlgorithmEvaluatorOptions]
 simulateDelay = false
 cores = 0
 observerFrequency = 100
 func = CAMELBACK
 scaleDelay = 1.0

[BlackHoleTargetAlgorithmEvaluatorOptions]
 warnings = true

[CommandLineTargetAlgorithmEvaluatorOptions]
 observerFrequency = 500
 concurrentExecution = true
 cores = 1
 logAllCallStrings = false
 logAllResultLines = false
 logAllCallsAndResultLines = false
 logAllProcessOutput = false
 listenForUpdates = true
 paramArgumentsContainQuotes = false
 pgEnvKillCommand = null
 pgNiceKillCommand = bash -c "kill -s TERM -%pid"
 pgForceKillCommand = bash -c "kill -s KILL -%pid"
 procNiceKillCommand = kill -s TERM %pid
 procForceKillCommand = kill -s KILL %pid
 smacDefaults = /root/.aeatk/cli-tae.opt

[ConstantTargetAlgorithmEvaluatorOptions]
 runResult = SAT
 runtime = 1.0
 quality = 0.0
 runlength = 0.0
 additionalRunData = 

[IPCTargetAlgorithmEvaluatorOptions]
 persistent = false
 ipcMechanism = UDP
 encodingMechanism = CALL_STRING
 remoteHost = 127.0.0.1
 remotePort = 5050
 udpPacketSize = 4096
 localPort = 0
 execScript = null
 execScriptOutput = false
 poolConnections = false
 ipcDefaults = /root/.aeatk/ipc-tae.opt
 asyncThreads = 33

[PreloadedResponseTargetAlgorithmEvaluatorOptions]
 preloadedResponses = 
 runLength = -1.0
 quality = 0.0
 additionalRunData = 

[RandomResponseTargetAlgorithmEvaluatorOptions]
 simulateDelay = false
 additionalRunData = 
 cores = 0
 maxResponse = 10.0
 minResponse = 0.0
 observerFrequency = 500
 trendCoefficient = 0.0
 seed = 1526402815152
 persistent = false
 scaleDelay = 1.0


10:46:56.322 [main] INFO  c.u.c.b.s.c.SequentialModelBasedAlgorithmConfiguration - SMAC started at: May 15, 2018 10:46:56 AM. Minimizing penalized average runtime (PAR10).
10:47:18.784 [CLI TAE (Master Thread - #0)] ERROR c.u.c.b.a.t.b.c.CommandLineAlgorithmRun - The following algorithm call failed: cd "/proj/SMACK/smac/example_scenarios/seq_rs" ;  ../wrapper.py /proj/SMACK/sv-benchmarks/c/systemc/token_ring.13_false-unreach-call_false-termination.cil.c 0 2000.0 2147483647 -1 -/bopt:boolControlVC 'False' -/bopt:z3opt:SMT.MBQI 'True' -/bopt:z3opt:SMT.MBQI.MAX_ITERATIONS '1000' -/deepAsserts 'False' -/di 'True' -/doNotUseLabels 'False' -/noCallTreeReuse 'False' -/noInitPruning 'False' -/nonUniformUnfolding 'False' -/staticInlining 'True' -/trackAllVars 'True' -/useArrayTheoryCheck '1'  
10:47:18.785 [CLI TAE (Master Thread - #0)] ERROR c.u.c.b.a.t.b.c.CommandLineAlgorithmRun - The last 1 lines of output we saw were:
10:47:18.785 [CLI TAE (Master Thread - #0)] ERROR c.u.c.b.a.t.b.c.CommandLineAlgorithmRun - > Result for SMAC: CRASHED, 90000, 0, 0, -1
10:47:18.792 [CLI TAE Callback Threads (3-1)] WARN  c.u.c.b.a.t.d.s.TimingCheckerTargetAlgorithmEvaluator - Algorithm Run Result reported a runtime of 90000.0 (secs) that exceeded it's cutoff time of 2000.0 (secs) by 88000.0 (secs). Next warning at 88001.0 (secs)  
10:47:18.793 [CLI TAE Callback Threads (3-1)] WARN  c.u.c.b.a.t.d.s.CrashedSolutionQualityTransformingTargetAlgorithmEvaluatorDecorator - Detected CRASHED run. The Solution Quality of CRASHED runs will be transformed to the MAX(quality, 1.0E9), to disable this use --transform-crashed-quality false to change the value use --transform-crashed-quality-value
10:47:19.431 [main] WARN  c.u.c.b.a.r.FileSharingRunHistoryDecorator - Error occurred reading file in shared run history /proj/SMACK/smac/example_scenarios/seq_rs/smac-output/smack-scenario_seq_rs/live-rundata-34.json. We will keep trying to read this file, but will only log another error after it succeeds once. We may not be able to get it's run data but we should be able to continue
com.fasterxml.jackson.core.JsonParseException: Unexpected character ('{' (code 123)): was expecting comma to separate OBJECT entries
 at [Source: /proj/SMACK/smac/example_scenarios/seq_rs/smac-output/smack-scenario_seq_rs/live-rundata-34.json; line: 1696, column: 3]
	at com.fasterxml.jackson.core.JsonParser._constructError(JsonParser.java:1524) ~[jackson-core-2.3.1.jar:2.3.1]
	at com.fasterxml.jackson.core.base.ParserMinimalBase._reportError(ParserMinimalBase.java:557) ~[jackson-core-2.3.1.jar:2.3.1]
	at com.fasterxml.jackson.core.base.ParserMinimalBase._reportUnexpectedChar(ParserMinimalBase.java:475) ~[jackson-core-2.3.1.jar:2.3.1]
	at com.fasterxml.jackson.core.json.UTF8StreamJsonParser.nextToken(UTF8StreamJsonParser.java:688) ~[jackson-core-2.3.1.jar:2.3.1]
	at com.fasterxml.jackson.core.base.ParserMinimalBase.nextValue(ParserMinimalBase.java:123) ~[jackson-core-2.3.1.jar:2.3.1]
	at ca.ubc.cs.beta.aeatk.json.serializers.AlgorithmRunResultJson$AlgorithmRunDeserializer.deserialize(AlgorithmRunResultJson.java:57) ~[aeatk.jar:na]
	at ca.ubc.cs.beta.aeatk.json.serializers.AlgorithmRunResultJson$AlgorithmRunDeserializer.deserialize(AlgorithmRunResultJson.java:30) ~[aeatk.jar:na]
	at com.fasterxml.jackson.databind.MappingIterator.nextValue(MappingIterator.java:189) ~[jackson-databind-2.3.1.jar:2.3.1]
	at ca.ubc.cs.beta.aeatk.runhistory.FileSharingRunHistoryDecorator.readRunsFromFile(FileSharingRunHistoryDecorator.java:421) [aeatk.jar:na]
	at ca.ubc.cs.beta.aeatk.runhistory.FileSharingRunHistoryDecorator.reReadFiles(FileSharingRunHistoryDecorator.java:339) [aeatk.jar:na]
	at ca.ubc.cs.beta.aeatk.runhistory.FileSharingRunHistoryDecorator.append(FileSharingRunHistoryDecorator.java:239) [aeatk.jar:na]
	at ca.ubc.cs.beta.aeatk.runhistory.FileSharingRunHistoryDecorator.append(FileSharingRunHistoryDecorator.java:502) [aeatk.jar:na]
	at ca.ubc.cs.beta.aeatk.runhistory.TeeRunHistory.append(TeeRunHistory.java:33) [aeatk.jar:na]
	at ca.ubc.cs.beta.aeatk.runhistory.ThreadSafeRunHistoryWrapper.append(ThreadSafeRunHistoryWrapper.java:60) [aeatk.jar:na]
	at ca.ubc.cs.beta.aeatk.initialization.classic.ClassicInitializationProcedure.updateRunHistory(ClassicInitializationProcedure.java:156) [aeatk.jar:na]
	at ca.ubc.cs.beta.aeatk.initialization.classic.ClassicInitializationProcedure.evaluateRun(ClassicInitializationProcedure.java:143) [aeatk.jar:na]
	at ca.ubc.cs.beta.aeatk.initialization.classic.ClassicInitializationProcedure.evaluateRun(ClassicInitializationProcedure.java:114) [aeatk.jar:na]
	at ca.ubc.cs.beta.aeatk.initialization.classic.ClassicInitializationProcedure.run(ClassicInitializationProcedure.java:93) [aeatk.jar:na]
	at ca.ubc.cs.beta.smac.configurator.AbstractAlgorithmFramework.run(AbstractAlgorithmFramework.java:516) [smac.jar:na]
	at ca.ubc.cs.beta.smac.executors.SMACExecutor.oldMain(SMACExecutor.java:140) [smac.jar:na]
	at ca.ubc.cs.beta.smac.executors.SMACExecutor.main(SMACExecutor.java:104) [smac.jar:na]
	at sun.reflect.NativeMethodAccessorImpl.invoke0(Native Method) ~[na:1.8.0_162]
	at sun.reflect.NativeMethodAccessorImpl.invoke(NativeMethodAccessorImpl.java:62) ~[na:1.8.0_162]
	at sun.reflect.DelegatingMethodAccessorImpl.invoke(DelegatingMethodAccessorImpl.java:43) ~[na:1.8.0_162]
	at java.lang.reflect.Method.invoke(Method.java:498) ~[na:1.8.0_162]
	at ca.ubc.cs.beta.aeatk.ant.execscript.Launcher.main(Launcher.java:37) [aeatk.jar:na]
10:47:19.432 [main] INFO  c.u.c.b.a.r.FileSharingRunHistoryDecorator - Detected new source(s) of run data which we will read from : [live-rundata-1.json, live-rundata-10.json, live-rundata-12.json, live-rundata-14.json, live-rundata-15.json, live-rundata-16.json, live-rundata-17.json, live-rundata-18.json, live-rundata-19.json, live-rundata-20.json, live-rundata-21.json, live-rundata-23.json, live-rundata-24.json, live-rundata-25.json, live-rundata-26.json, live-rundata-27.json, live-rundata-28.json, live-rundata-29.json, live-rundata-30.json, live-rundata-31.json, live-rundata-32.json, live-rundata-33.json, live-rundata-35.json, live-rundata-36.json, live-rundata-37.json, live-rundata-38.json, live-rundata-39.json, live-rundata-4.json, live-rundata-41.json, live-rundata-43.json, live-rundata-44.json, live-rundata-45.json, live-rundata-46.json, live-rundata-47.json, live-rundata-49.json, live-rundata-5.json, live-rundata-50.json, live-rundata-52.json, live-rundata-53.json, live-rundata-54.json, live-rundata-56.json, live-rundata-57.json, live-rundata-59.json, live-rundata-6.json, live-rundata-60.json, live-rundata-61.json, live-rundata-62.json, live-rundata-63.json, live-rundata-67.json, live-rundata-68.json, live-rundata-7.json, live-rundata-70.json, live-rundata-71.json, live-rundata-72.json, live-rundata-73.json, live-rundata-74.json, live-rundata-75.json, live-rundata-76.json, live-rundata-77.json, live-rundata-8.json, live-rundata-9.json]
10:47:19.442 [main] INFO  c.u.c.b.s.c.SequentialModelBasedAlgorithmConfiguration - First incumbent: config 1 (internal ID: 0x000B), with penalized average runtime (PAR10): 20000.0; estimate based on 1 runs.
10:47:19.443 [main] INFO  c.u.c.b.s.c.SequentialModelBasedAlgorithmConfiguration - Sample call for new incumbent config 1 (internal ID: 0x000B): 
cd /proj/SMACK/smac/example_scenarios/seq_rs; ../wrapper.py /proj/SMACK/sv-benchmarks/c/systemc/token_ring.13_false-unreach-call_false-termination.cil.c 0 2000.0 2147483647 -1 -/bopt:boolControlVC 'False' -/bopt:z3opt:SMT.MBQI 'True' -/bopt:z3opt:SMT.MBQI.MAX_ITERATIONS '1000' -/deepAsserts 'False' -/di 'True' -/doNotUseLabels 'False' -/noCallTreeReuse 'False' -/noInitPruning 'False' -/nonUniformUnfolding 'False' -/staticInlining 'True' -/trackAllVars 'True' -/useArrayTheoryCheck '1'  
10:47:19.757 [main] INFO  c.u.c.b.s.c.SequentialModelBasedAlgorithmConfiguration - Updated estimated penalized average runtime (PAR10) of the same incumbent: 20000.0; estimate now based on 2 runs.
11:18:42.523 [main] WARN  c.u.c.b.a.r.FileSharingRunHistoryDecorator - Error occurred reading file in shared run history /proj/SMACK/smac/example_scenarios/seq_rs/smac-output/smack-scenario_seq_rs/live-rundata-44.json. We will keep trying to read this file, but will only log another error after it succeeds once. We may not be able to get it's run data but we should be able to continue
java.lang.RuntimeException: Illegal character ((CTRL-CHAR, code 0)): only regular white space (\r, \n, \t) is allowed between tokens
 at [Source: /proj/SMACK/smac/example_scenarios/seq_rs/smac-output/smack-scenario_seq_rs/live-rundata-44.json; line: 1764, column: 3]
	at com.fasterxml.jackson.databind.MappingIterator.hasNext(MappingIterator.java:112) ~[jackson-databind-2.3.1.jar:2.3.1]
	at ca.ubc.cs.beta.aeatk.runhistory.FileSharingRunHistoryDecorator.readRunsFromFile(FileSharingRunHistoryDecorator.java:418) [aeatk.jar:na]
	at ca.ubc.cs.beta.aeatk.runhistory.FileSharingRunHistoryDecorator.reReadFiles(FileSharingRunHistoryDecorator.java:339) [aeatk.jar:na]
	at ca.ubc.cs.beta.aeatk.runhistory.FileSharingRunHistoryDecorator.append(FileSharingRunHistoryDecorator.java:239) [aeatk.jar:na]
	at ca.ubc.cs.beta.aeatk.runhistory.FileSharingRunHistoryDecorator.append(FileSharingRunHistoryDecorator.java:502) [aeatk.jar:na]
	at ca.ubc.cs.beta.aeatk.runhistory.TeeRunHistory.append(TeeRunHistory.java:33) [aeatk.jar:na]
	at ca.ubc.cs.beta.aeatk.runhistory.ThreadSafeRunHistoryWrapper.append(ThreadSafeRunHistoryWrapper.java:60) [aeatk.jar:na]
	at ca.ubc.cs.beta.smac.configurator.AbstractAlgorithmFramework.updateRunHistory(AbstractAlgorithmFramework.java:1229) [smac.jar:na]
	at ca.ubc.cs.beta.smac.configurator.AbstractAlgorithmFramework.evaluateRun(AbstractAlgorithmFramework.java:1279) [smac.jar:na]
	at ca.ubc.cs.beta.smac.configurator.AbstractAlgorithmFramework.challengeIncumbent(AbstractAlgorithmFramework.java:948) [smac.jar:na]
	at ca.ubc.cs.beta.smac.configurator.AbstractAlgorithmFramework.challengeIncumbent(AbstractAlgorithmFramework.java:778) [smac.jar:na]
	at ca.ubc.cs.beta.smac.configurator.AbstractAlgorithmFramework.intensify(AbstractAlgorithmFramework.java:766) [smac.jar:na]
	at ca.ubc.cs.beta.smac.configurator.AbstractAlgorithmFramework.run(AbstractAlgorithmFramework.java:580) [smac.jar:na]
	at ca.ubc.cs.beta.smac.executors.SMACExecutor.oldMain(SMACExecutor.java:140) [smac.jar:na]
	at ca.ubc.cs.beta.smac.executors.SMACExecutor.main(SMACExecutor.java:104) [smac.jar:na]
	at sun.reflect.NativeMethodAccessorImpl.invoke0(Native Method) ~[na:1.8.0_162]
	at sun.reflect.NativeMethodAccessorImpl.invoke(NativeMethodAccessorImpl.java:62) ~[na:1.8.0_162]
	at sun.reflect.DelegatingMethodAccessorImpl.invoke(DelegatingMethodAccessorImpl.java:43) ~[na:1.8.0_162]
	at java.lang.reflect.Method.invoke(Method.java:498) ~[na:1.8.0_162]
	at ca.ubc.cs.beta.aeatk.ant.execscript.Launcher.main(Launcher.java:37) [aeatk.jar:na]
Caused by: com.fasterxml.jackson.core.JsonParseException: Illegal character ((CTRL-CHAR, code 0)): only regular white space (\r, \n, \t) is allowed between tokens
 at [Source: /proj/SMACK/smac/example_scenarios/seq_rs/smac-output/smack-scenario_seq_rs/live-rundata-44.json; line: 1764, column: 3]
	at com.fasterxml.jackson.core.JsonParser._constructError(JsonParser.java:1524) ~[jackson-core-2.3.1.jar:2.3.1]
	at com.fasterxml.jackson.core.base.ParserMinimalBase._reportError(ParserMinimalBase.java:557) ~[jackson-core-2.3.1.jar:2.3.1]
	at com.fasterxml.jackson.core.base.ParserMinimalBase._throwInvalidSpace(ParserMinimalBase.java:503) ~[jackson-core-2.3.1.jar:2.3.1]
	at com.fasterxml.jackson.core.json.UTF8StreamJsonParser._reportInvalidChar(UTF8StreamJsonParser.java:3103) ~[jackson-core-2.3.1.jar:2.3.1]
	at com.fasterxml.jackson.core.json.UTF8StreamJsonParser._skipWSOrEnd(UTF8StreamJsonParser.java:2585) ~[jackson-core-2.3.1.jar:2.3.1]
	at com.fasterxml.jackson.core.json.UTF8StreamJsonParser.nextToken(UTF8StreamJsonParser.java:650) ~[jackson-core-2.3.1.jar:2.3.1]
	at com.fasterxml.jackson.databind.MappingIterator.hasNextValue(MappingIterator.java:159) ~[jackson-databind-2.3.1.jar:2.3.1]
	at com.fasterxml.jackson.databind.MappingIterator.hasNext(MappingIterator.java:108) ~[jackson-databind-2.3.1.jar:2.3.1]
	... 19 common frames omitted
11:18:42.591 [main] WARN  c.u.c.b.a.r.FileSharingRunHistoryDecorator - Error occurred reading file in shared run history /proj/SMACK/smac/example_scenarios/seq_rs/smac-output/smack-scenario_seq_rs/live-rundata-36.json. We will keep trying to read this file, but will only log another error after it succeeds once. We may not be able to get it's run data but we should be able to continue
java.lang.RuntimeException: Unrecognized token 'algo': was expecting ('true', 'false' or 'null')
 at [Source: /proj/SMACK/smac/example_scenarios/seq_rs/smac-output/smack-scenario_seq_rs/live-rundata-36.json; line: 1764, column: 7]
	at com.fasterxml.jackson.databind.MappingIterator.hasNext(MappingIterator.java:112) ~[jackson-databind-2.3.1.jar:2.3.1]
	at ca.ubc.cs.beta.aeatk.runhistory.FileSharingRunHistoryDecorator.readRunsFromFile(FileSharingRunHistoryDecorator.java:418) [aeatk.jar:na]
	at ca.ubc.cs.beta.aeatk.runhistory.FileSharingRunHistoryDecorator.reReadFiles(FileSharingRunHistoryDecorator.java:339) [aeatk.jar:na]
	at ca.ubc.cs.beta.aeatk.runhistory.FileSharingRunHistoryDecorator.append(FileSharingRunHistoryDecorator.java:239) [aeatk.jar:na]
	at ca.ubc.cs.beta.aeatk.runhistory.FileSharingRunHistoryDecorator.append(FileSharingRunHistoryDecorator.java:502) [aeatk.jar:na]
	at ca.ubc.cs.beta.aeatk.runhistory.TeeRunHistory.append(TeeRunHistory.java:33) [aeatk.jar:na]
	at ca.ubc.cs.beta.aeatk.runhistory.ThreadSafeRunHistoryWrapper.append(ThreadSafeRunHistoryWrapper.java:60) [aeatk.jar:na]
	at ca.ubc.cs.beta.smac.configurator.AbstractAlgorithmFramework.updateRunHistory(AbstractAlgorithmFramework.java:1229) [smac.jar:na]
	at ca.ubc.cs.beta.smac.configurator.AbstractAlgorithmFramework.evaluateRun(AbstractAlgorithmFramework.java:1279) [smac.jar:na]
	at ca.ubc.cs.beta.smac.configurator.AbstractAlgorithmFramework.challengeIncumbent(AbstractAlgorithmFramework.java:948) [smac.jar:na]
	at ca.ubc.cs.beta.smac.configurator.AbstractAlgorithmFramework.challengeIncumbent(AbstractAlgorithmFramework.java:778) [smac.jar:na]
	at ca.ubc.cs.beta.smac.configurator.AbstractAlgorithmFramework.intensify(AbstractAlgorithmFramework.java:766) [smac.jar:na]
	at ca.ubc.cs.beta.smac.configurator.AbstractAlgorithmFramework.run(AbstractAlgorithmFramework.java:580) [smac.jar:na]
	at ca.ubc.cs.beta.smac.executors.SMACExecutor.oldMain(SMACExecutor.java:140) [smac.jar:na]
	at ca.ubc.cs.beta.smac.executors.SMACExecutor.main(SMACExecutor.java:104) [smac.jar:na]
	at sun.reflect.NativeMethodAccessorImpl.invoke0(Native Method) ~[na:1.8.0_162]
	at sun.reflect.NativeMethodAccessorImpl.invoke(NativeMethodAccessorImpl.java:62) ~[na:1.8.0_162]
	at sun.reflect.DelegatingMethodAccessorImpl.invoke(DelegatingMethodAccessorImpl.java:43) ~[na:1.8.0_162]
	at java.lang.reflect.Method.invoke(Method.java:498) ~[na:1.8.0_162]
	at ca.ubc.cs.beta.aeatk.ant.execscript.Launcher.main(Launcher.java:37) [aeatk.jar:na]
Caused by: com.fasterxml.jackson.core.JsonParseException: Unrecognized token 'algo': was expecting ('true', 'false' or 'null')
 at [Source: /proj/SMACK/smac/example_scenarios/seq_rs/smac-output/smack-scenario_seq_rs/live-rundata-36.json; line: 1764, column: 7]
	at com.fasterxml.jackson.core.JsonParser._constructError(JsonParser.java:1524) ~[jackson-core-2.3.1.jar:2.3.1]
	at com.fasterxml.jackson.core.base.ParserMinimalBase._reportError(ParserMinimalBase.java:557) ~[jackson-core-2.3.1.jar:2.3.1]
	at com.fasterxml.jackson.core.json.UTF8StreamJsonParser._reportInvalidToken(UTF8StreamJsonParser.java:3095) ~[jackson-core-2.3.1.jar:2.3.1]
	at com.fasterxml.jackson.core.json.UTF8StreamJsonParser._handleUnexpectedValue(UTF8StreamJsonParser.java:2340) ~[jackson-core-2.3.1.jar:2.3.1]
	at com.fasterxml.jackson.core.json.UTF8StreamJsonParser._nextTokenNotInObject(UTF8StreamJsonParser.java:818) ~[jackson-core-2.3.1.jar:2.3.1]
	at com.fasterxml.jackson.core.json.UTF8StreamJsonParser.nextToken(UTF8StreamJsonParser.java:698) ~[jackson-core-2.3.1.jar:2.3.1]
	at com.fasterxml.jackson.databind.MappingIterator.hasNextValue(MappingIterator.java:159) ~[jackson-databind-2.3.1.jar:2.3.1]
	at com.fasterxml.jackson.databind.MappingIterator.hasNext(MappingIterator.java:108) ~[jackson-databind-2.3.1.jar:2.3.1]
	... 19 common frames omitted
11:18:42.629 [main] WARN  c.u.c.b.a.r.FileSharingRunHistoryDecorator - Error occurred reading file in shared run history /proj/SMACK/smac/example_scenarios/seq_rs/smac-output/smack-scenario_seq_rs/live-rundata-33.json. We will keep trying to read this file, but will only log another error after it succeeds once. We may not be able to get it's run data but we should be able to continue
java.lang.RuntimeException: Unexpected close marker '}': expected ']' (for ROOT starting at [Source: /proj/SMACK/smac/example_scenarios/seq_rs/smac-output/smack-scenario_seq_rs/live-rundata-33.json; line: 1, column: 0])
 at [Source: /proj/SMACK/smac/example_scenarios/seq_rs/smac-output/smack-scenario_seq_rs/live-rundata-33.json; line: 1722, column: 3]
	at com.fasterxml.jackson.databind.MappingIterator.hasNext(MappingIterator.java:112) ~[jackson-databind-2.3.1.jar:2.3.1]
	at ca.ubc.cs.beta.aeatk.runhistory.FileSharingRunHistoryDecorator.readRunsFromFile(FileSharingRunHistoryDecorator.java:418) [aeatk.jar:na]
	at ca.ubc.cs.beta.aeatk.runhistory.FileSharingRunHistoryDecorator.reReadFiles(FileSharingRunHistoryDecorator.java:339) [aeatk.jar:na]
	at ca.ubc.cs.beta.aeatk.runhistory.FileSharingRunHistoryDecorator.append(FileSharingRunHistoryDecorator.java:239) [aeatk.jar:na]
	at ca.ubc.cs.beta.aeatk.runhistory.FileSharingRunHistoryDecorator.append(FileSharingRunHistoryDecorator.java:502) [aeatk.jar:na]
	at ca.ubc.cs.beta.aeatk.runhistory.TeeRunHistory.append(TeeRunHistory.java:33) [aeatk.jar:na]
	at ca.ubc.cs.beta.aeatk.runhistory.ThreadSafeRunHistoryWrapper.append(ThreadSafeRunHistoryWrapper.java:60) [aeatk.jar:na]
	at ca.ubc.cs.beta.smac.configurator.AbstractAlgorithmFramework.updateRunHistory(AbstractAlgorithmFramework.java:1229) [smac.jar:na]
	at ca.ubc.cs.beta.smac.configurator.AbstractAlgorithmFramework.evaluateRun(AbstractAlgorithmFramework.java:1279) [smac.jar:na]
	at ca.ubc.cs.beta.smac.configurator.AbstractAlgorithmFramework.challengeIncumbent(AbstractAlgorithmFramework.java:948) [smac.jar:na]
	at ca.ubc.cs.beta.smac.configurator.AbstractAlgorithmFramework.challengeIncumbent(AbstractAlgorithmFramework.java:778) [smac.jar:na]
	at ca.ubc.cs.beta.smac.configurator.AbstractAlgorithmFramework.intensify(AbstractAlgorithmFramework.java:766) [smac.jar:na]
	at ca.ubc.cs.beta.smac.configurator.AbstractAlgorithmFramework.run(AbstractAlgorithmFramework.java:580) [smac.jar:na]
	at ca.ubc.cs.beta.smac.executors.SMACExecutor.oldMain(SMACExecutor.java:140) [smac.jar:na]
	at ca.ubc.cs.beta.smac.executors.SMACExecutor.main(SMACExecutor.java:104) [smac.jar:na]
	at sun.reflect.NativeMethodAccessorImpl.invoke0(Native Method) ~[na:1.8.0_162]
	at sun.reflect.NativeMethodAccessorImpl.invoke(NativeMethodAccessorImpl.java:62) ~[na:1.8.0_162]
	at sun.reflect.DelegatingMethodAccessorImpl.invoke(DelegatingMethodAccessorImpl.java:43) ~[na:1.8.0_162]
	at java.lang.reflect.Method.invoke(Method.java:498) ~[na:1.8.0_162]
	at ca.ubc.cs.beta.aeatk.ant.execscript.Launcher.main(Launcher.java:37) [aeatk.jar:na]
Caused by: com.fasterxml.jackson.core.JsonParseException: Unexpected close marker '}': expected ']' (for ROOT starting at [Source: /proj/SMACK/smac/example_scenarios/seq_rs/smac-output/smack-scenario_seq_rs/live-rundata-33.json; line: 1, column: 0])
 at [Source: /proj/SMACK/smac/example_scenarios/seq_rs/smac-output/smack-scenario_seq_rs/live-rundata-33.json; line: 1722, column: 3]
	at com.fasterxml.jackson.core.JsonParser._constructError(JsonParser.java:1524) ~[jackson-core-2.3.1.jar:2.3.1]
	at com.fasterxml.jackson.core.base.ParserMinimalBase._reportError(ParserMinimalBase.java:557) ~[jackson-core-2.3.1.jar:2.3.1]
	at com.fasterxml.jackson.core.base.ParserBase._reportMismatchedEndMarker(ParserBase.java:501) ~[jackson-core-2.3.1.jar:2.3.1]
	at com.fasterxml.jackson.core.json.UTF8StreamJsonParser.nextToken(UTF8StreamJsonParser.java:679) ~[jackson-core-2.3.1.jar:2.3.1]
	at com.fasterxml.jackson.databind.MappingIterator.hasNextValue(MappingIterator.java:159) ~[jackson-databind-2.3.1.jar:2.3.1]
	at com.fasterxml.jackson.databind.MappingIterator.hasNext(MappingIterator.java:108) ~[jackson-databind-2.3.1.jar:2.3.1]
	... 19 common frames omitted
11:18:42.661 [main] WARN  c.u.c.b.a.r.FileSharingRunHistoryDecorator - Error occurred reading file in shared run history /proj/SMACK/smac/example_scenarios/seq_rs/smac-output/smack-scenario_seq_rs/live-rundata-41.json. We will keep trying to read this file, but will only log another error after it succeeds once. We may not be able to get it's run data but we should be able to continue
java.lang.RuntimeException: Unexpected close marker '}': expected ']' (for ROOT starting at [Source: /proj/SMACK/smac/example_scenarios/seq_rs/smac-output/smack-scenario_seq_rs/live-rundata-41.json; line: 1, column: 0])
 at [Source: /proj/SMACK/smac/example_scenarios/seq_rs/smac-output/smack-scenario_seq_rs/live-rundata-41.json; line: 1764, column: 3]
	at com.fasterxml.jackson.databind.MappingIterator.hasNext(MappingIterator.java:112) ~[jackson-databind-2.3.1.jar:2.3.1]
	at ca.ubc.cs.beta.aeatk.runhistory.FileSharingRunHistoryDecorator.readRunsFromFile(FileSharingRunHistoryDecorator.java:418) [aeatk.jar:na]
	at ca.ubc.cs.beta.aeatk.runhistory.FileSharingRunHistoryDecorator.reReadFiles(FileSharingRunHistoryDecorator.java:339) [aeatk.jar:na]
	at ca.ubc.cs.beta.aeatk.runhistory.FileSharingRunHistoryDecorator.append(FileSharingRunHistoryDecorator.java:239) [aeatk.jar:na]
	at ca.ubc.cs.beta.aeatk.runhistory.FileSharingRunHistoryDecorator.append(FileSharingRunHistoryDecorator.java:502) [aeatk.jar:na]
	at ca.ubc.cs.beta.aeatk.runhistory.TeeRunHistory.append(TeeRunHistory.java:33) [aeatk.jar:na]
	at ca.ubc.cs.beta.aeatk.runhistory.ThreadSafeRunHistoryWrapper.append(ThreadSafeRunHistoryWrapper.java:60) [aeatk.jar:na]
	at ca.ubc.cs.beta.smac.configurator.AbstractAlgorithmFramework.updateRunHistory(AbstractAlgorithmFramework.java:1229) [smac.jar:na]
	at ca.ubc.cs.beta.smac.configurator.AbstractAlgorithmFramework.evaluateRun(AbstractAlgorithmFramework.java:1279) [smac.jar:na]
	at ca.ubc.cs.beta.smac.configurator.AbstractAlgorithmFramework.challengeIncumbent(AbstractAlgorithmFramework.java:948) [smac.jar:na]
	at ca.ubc.cs.beta.smac.configurator.AbstractAlgorithmFramework.challengeIncumbent(AbstractAlgorithmFramework.java:778) [smac.jar:na]
	at ca.ubc.cs.beta.smac.configurator.AbstractAlgorithmFramework.intensify(AbstractAlgorithmFramework.java:766) [smac.jar:na]
	at ca.ubc.cs.beta.smac.configurator.AbstractAlgorithmFramework.run(AbstractAlgorithmFramework.java:580) [smac.jar:na]
	at ca.ubc.cs.beta.smac.executors.SMACExecutor.oldMain(SMACExecutor.java:140) [smac.jar:na]
	at ca.ubc.cs.beta.smac.executors.SMACExecutor.main(SMACExecutor.java:104) [smac.jar:na]
	at sun.reflect.NativeMethodAccessorImpl.invoke0(Native Method) ~[na:1.8.0_162]
	at sun.reflect.NativeMethodAccessorImpl.invoke(NativeMethodAccessorImpl.java:62) ~[na:1.8.0_162]
	at sun.reflect.DelegatingMethodAccessorImpl.invoke(DelegatingMethodAccessorImpl.java:43) ~[na:1.8.0_162]
	at java.lang.reflect.Method.invoke(Method.java:498) ~[na:1.8.0_162]
	at ca.ubc.cs.beta.aeatk.ant.execscript.Launcher.main(Launcher.java:37) [aeatk.jar:na]
Caused by: com.fasterxml.jackson.core.JsonParseException: Unexpected close marker '}': expected ']' (for ROOT starting at [Source: /proj/SMACK/smac/example_scenarios/seq_rs/smac-output/smack-scenario_seq_rs/live-rundata-41.json; line: 1, column: 0])
 at [Source: /proj/SMACK/smac/example_scenarios/seq_rs/smac-output/smack-scenario_seq_rs/live-rundata-41.json; line: 1764, column: 3]
	at com.fasterxml.jackson.core.JsonParser._constructError(JsonParser.java:1524) ~[jackson-core-2.3.1.jar:2.3.1]
	at com.fasterxml.jackson.core.base.ParserMinimalBase._reportError(ParserMinimalBase.java:557) ~[jackson-core-2.3.1.jar:2.3.1]
	at com.fasterxml.jackson.core.base.ParserBase._reportMismatchedEndMarker(ParserBase.java:501) ~[jackson-core-2.3.1.jar:2.3.1]
	at com.fasterxml.jackson.core.json.UTF8StreamJsonParser.nextToken(UTF8StreamJsonParser.java:679) ~[jackson-core-2.3.1.jar:2.3.1]
	at com.fasterxml.jackson.databind.MappingIterator.hasNextValue(MappingIterator.java:159) ~[jackson-databind-2.3.1.jar:2.3.1]
	at com.fasterxml.jackson.databind.MappingIterator.hasNext(MappingIterator.java:108) ~[jackson-databind-2.3.1.jar:2.3.1]
	... 19 common frames omitted
11:18:42.716 [main] WARN  c.u.c.b.a.r.FileSharingRunHistoryDecorator - Error occurred reading file in shared run history /proj/SMACK/smac/example_scenarios/seq_rs/smac-output/smack-scenario_seq_rs/live-rundata-45.json. We will keep trying to read this file, but will only log another error after it succeeds once. We may not be able to get it's run data but we should be able to continue
java.lang.RuntimeException: Illegal character ((CTRL-CHAR, code 0)): only regular white space (\r, \n, \t) is allowed between tokens
 at [Source: /proj/SMACK/smac/example_scenarios/seq_rs/smac-output/smack-scenario_seq_rs/live-rundata-45.json; line: 1786, column: 3]
	at com.fasterxml.jackson.databind.MappingIterator.hasNext(MappingIterator.java:112) ~[jackson-databind-2.3.1.jar:2.3.1]
	at ca.ubc.cs.beta.aeatk.runhistory.FileSharingRunHistoryDecorator.readRunsFromFile(FileSharingRunHistoryDecorator.java:418) [aeatk.jar:na]
	at ca.ubc.cs.beta.aeatk.runhistory.FileSharingRunHistoryDecorator.reReadFiles(FileSharingRunHistoryDecorator.java:339) [aeatk.jar:na]
	at ca.ubc.cs.beta.aeatk.runhistory.FileSharingRunHistoryDecorator.append(FileSharingRunHistoryDecorator.java:239) [aeatk.jar:na]
	at ca.ubc.cs.beta.aeatk.runhistory.FileSharingRunHistoryDecorator.append(FileSharingRunHistoryDecorator.java:502) [aeatk.jar:na]
	at ca.ubc.cs.beta.aeatk.runhistory.TeeRunHistory.append(TeeRunHistory.java:33) [aeatk.jar:na]
	at ca.ubc.cs.beta.aeatk.runhistory.ThreadSafeRunHistoryWrapper.append(ThreadSafeRunHistoryWrapper.java:60) [aeatk.jar:na]
	at ca.ubc.cs.beta.smac.configurator.AbstractAlgorithmFramework.updateRunHistory(AbstractAlgorithmFramework.java:1229) [smac.jar:na]
	at ca.ubc.cs.beta.smac.configurator.AbstractAlgorithmFramework.evaluateRun(AbstractAlgorithmFramework.java:1279) [smac.jar:na]
	at ca.ubc.cs.beta.smac.configurator.AbstractAlgorithmFramework.challengeIncumbent(AbstractAlgorithmFramework.java:948) [smac.jar:na]
	at ca.ubc.cs.beta.smac.configurator.AbstractAlgorithmFramework.challengeIncumbent(AbstractAlgorithmFramework.java:778) [smac.jar:na]
	at ca.ubc.cs.beta.smac.configurator.AbstractAlgorithmFramework.intensify(AbstractAlgorithmFramework.java:766) [smac.jar:na]
	at ca.ubc.cs.beta.smac.configurator.AbstractAlgorithmFramework.run(AbstractAlgorithmFramework.java:580) [smac.jar:na]
	at ca.ubc.cs.beta.smac.executors.SMACExecutor.oldMain(SMACExecutor.java:140) [smac.jar:na]
	at ca.ubc.cs.beta.smac.executors.SMACExecutor.main(SMACExecutor.java:104) [smac.jar:na]
	at sun.reflect.NativeMethodAccessorImpl.invoke0(Native Method) ~[na:1.8.0_162]
	at sun.reflect.NativeMethodAccessorImpl.invoke(NativeMethodAccessorImpl.java:62) ~[na:1.8.0_162]
	at sun.reflect.DelegatingMethodAccessorImpl.invoke(DelegatingMethodAccessorImpl.java:43) ~[na:1.8.0_162]
	at java.lang.reflect.Method.invoke(Method.java:498) ~[na:1.8.0_162]
	at ca.ubc.cs.beta.aeatk.ant.execscript.Launcher.main(Launcher.java:37) [aeatk.jar:na]
Caused by: com.fasterxml.jackson.core.JsonParseException: Illegal character ((CTRL-CHAR, code 0)): only regular white space (\r, \n, \t) is allowed between tokens
 at [Source: /proj/SMACK/smac/example_scenarios/seq_rs/smac-output/smack-scenario_seq_rs/live-rundata-45.json; line: 1786, column: 3]
	at com.fasterxml.jackson.core.JsonParser._constructError(JsonParser.java:1524) ~[jackson-core-2.3.1.jar:2.3.1]
	at com.fasterxml.jackson.core.base.ParserMinimalBase._reportError(ParserMinimalBase.java:557) ~[jackson-core-2.3.1.jar:2.3.1]
	at com.fasterxml.jackson.core.base.ParserMinimalBase._throwInvalidSpace(ParserMinimalBase.java:503) ~[jackson-core-2.3.1.jar:2.3.1]
	at com.fasterxml.jackson.core.json.UTF8StreamJsonParser._reportInvalidChar(UTF8StreamJsonParser.java:3103) ~[jackson-core-2.3.1.jar:2.3.1]
	at com.fasterxml.jackson.core.json.UTF8StreamJsonParser._skipWSOrEnd(UTF8StreamJsonParser.java:2585) ~[jackson-core-2.3.1.jar:2.3.1]
	at com.fasterxml.jackson.core.json.UTF8StreamJsonParser.nextToken(UTF8StreamJsonParser.java:650) ~[jackson-core-2.3.1.jar:2.3.1]
	at com.fasterxml.jackson.databind.MappingIterator.hasNextValue(MappingIterator.java:159) ~[jackson-databind-2.3.1.jar:2.3.1]
	at com.fasterxml.jackson.databind.MappingIterator.hasNext(MappingIterator.java:108) ~[jackson-databind-2.3.1.jar:2.3.1]
	... 19 common frames omitted
11:18:42.770 [main] WARN  c.u.c.b.a.r.FileSharingRunHistoryDecorator - Error occurred reading file in shared run history /proj/SMACK/smac/example_scenarios/seq_rs/smac-output/smack-scenario_seq_rs/live-rundata-35.json. We will keep trying to read this file, but will only log another error after it succeeds once. We may not be able to get it's run data but we should be able to continue
com.fasterxml.jackson.core.JsonParseException: Unexpected character ('{' (code 123)): was expecting comma to separate OBJECT entries
 at [Source: /proj/SMACK/smac/example_scenarios/seq_rs/smac-output/smack-scenario_seq_rs/live-rundata-35.json; line: 1722, column: 3]
	at com.fasterxml.jackson.core.JsonParser._constructError(JsonParser.java:1524) ~[jackson-core-2.3.1.jar:2.3.1]
	at com.fasterxml.jackson.core.base.ParserMinimalBase._reportError(ParserMinimalBase.java:557) ~[jackson-core-2.3.1.jar:2.3.1]
	at com.fasterxml.jackson.core.base.ParserMinimalBase._reportUnexpectedChar(ParserMinimalBase.java:475) ~[jackson-core-2.3.1.jar:2.3.1]
	at com.fasterxml.jackson.core.json.UTF8StreamJsonParser.nextToken(UTF8StreamJsonParser.java:688) ~[jackson-core-2.3.1.jar:2.3.1]
	at com.fasterxml.jackson.core.base.ParserMinimalBase.nextValue(ParserMinimalBase.java:123) ~[jackson-core-2.3.1.jar:2.3.1]
	at ca.ubc.cs.beta.aeatk.json.serializers.AlgorithmRunResultJson$AlgorithmRunDeserializer.deserialize(AlgorithmRunResultJson.java:57) ~[aeatk.jar:na]
	at ca.ubc.cs.beta.aeatk.json.serializers.AlgorithmRunResultJson$AlgorithmRunDeserializer.deserialize(AlgorithmRunResultJson.java:30) ~[aeatk.jar:na]
	at com.fasterxml.jackson.databind.MappingIterator.nextValue(MappingIterator.java:189) ~[jackson-databind-2.3.1.jar:2.3.1]
	at ca.ubc.cs.beta.aeatk.runhistory.FileSharingRunHistoryDecorator.readRunsFromFile(FileSharingRunHistoryDecorator.java:421) [aeatk.jar:na]
	at ca.ubc.cs.beta.aeatk.runhistory.FileSharingRunHistoryDecorator.reReadFiles(FileSharingRunHistoryDecorator.java:339) [aeatk.jar:na]
	at ca.ubc.cs.beta.aeatk.runhistory.FileSharingRunHistoryDecorator.append(FileSharingRunHistoryDecorator.java:239) [aeatk.jar:na]
	at ca.ubc.cs.beta.aeatk.runhistory.FileSharingRunHistoryDecorator.append(FileSharingRunHistoryDecorator.java:502) [aeatk.jar:na]
	at ca.ubc.cs.beta.aeatk.runhistory.TeeRunHistory.append(TeeRunHistory.java:33) [aeatk.jar:na]
	at ca.ubc.cs.beta.aeatk.runhistory.ThreadSafeRunHistoryWrapper.append(ThreadSafeRunHistoryWrapper.java:60) [aeatk.jar:na]
	at ca.ubc.cs.beta.smac.configurator.AbstractAlgorithmFramework.updateRunHistory(AbstractAlgorithmFramework.java:1229) [smac.jar:na]
	at ca.ubc.cs.beta.smac.configurator.AbstractAlgorithmFramework.evaluateRun(AbstractAlgorithmFramework.java:1279) [smac.jar:na]
	at ca.ubc.cs.beta.smac.configurator.AbstractAlgorithmFramework.challengeIncumbent(AbstractAlgorithmFramework.java:948) [smac.jar:na]
	at ca.ubc.cs.beta.smac.configurator.AbstractAlgorithmFramework.challengeIncumbent(AbstractAlgorithmFramework.java:778) [smac.jar:na]
	at ca.ubc.cs.beta.smac.configurator.AbstractAlgorithmFramework.intensify(AbstractAlgorithmFramework.java:766) [smac.jar:na]
	at ca.ubc.cs.beta.smac.configurator.AbstractAlgorithmFramework.run(AbstractAlgorithmFramework.java:580) [smac.jar:na]
	at ca.ubc.cs.beta.smac.executors.SMACExecutor.oldMain(SMACExecutor.java:140) [smac.jar:na]
	at ca.ubc.cs.beta.smac.executors.SMACExecutor.main(SMACExecutor.java:104) [smac.jar:na]
	at sun.reflect.NativeMethodAccessorImpl.invoke0(Native Method) ~[na:1.8.0_162]
	at sun.reflect.NativeMethodAccessorImpl.invoke(NativeMethodAccessorImpl.java:62) ~[na:1.8.0_162]
	at sun.reflect.DelegatingMethodAccessorImpl.invoke(DelegatingMethodAccessorImpl.java:43) ~[na:1.8.0_162]
	at java.lang.reflect.Method.invoke(Method.java:498) ~[na:1.8.0_162]
	at ca.ubc.cs.beta.aeatk.ant.execscript.Launcher.main(Launcher.java:37) [aeatk.jar:na]
11:18:42.778 [main] WARN  c.u.c.b.a.r.FileSharingRunHistoryDecorator - Error occurred reading file in shared run history /proj/SMACK/smac/example_scenarios/seq_rs/smac-output/smack-scenario_seq_rs/live-rundata-43.json. We will keep trying to read this file, but will only log another error after it succeeds once. We may not be able to get it's run data but we should be able to continue
com.fasterxml.jackson.core.JsonParseException: Unexpected character ('{' (code 123)): was expecting comma to separate OBJECT entries
 at [Source: /proj/SMACK/smac/example_scenarios/seq_rs/smac-output/smack-scenario_seq_rs/live-rundata-43.json; line: 1722, column: 3]
	at com.fasterxml.jackson.core.JsonParser._constructError(JsonParser.java:1524) ~[jackson-core-2.3.1.jar:2.3.1]
	at com.fasterxml.jackson.core.base.ParserMinimalBase._reportError(ParserMinimalBase.java:557) ~[jackson-core-2.3.1.jar:2.3.1]
	at com.fasterxml.jackson.core.base.ParserMinimalBase._reportUnexpectedChar(ParserMinimalBase.java:475) ~[jackson-core-2.3.1.jar:2.3.1]
	at com.fasterxml.jackson.core.json.UTF8StreamJsonParser.nextToken(UTF8StreamJsonParser.java:688) ~[jackson-core-2.3.1.jar:2.3.1]
	at com.fasterxml.jackson.core.base.ParserMinimalBase.nextValue(ParserMinimalBase.java:123) ~[jackson-core-2.3.1.jar:2.3.1]
	at ca.ubc.cs.beta.aeatk.json.serializers.AlgorithmRunResultJson$AlgorithmRunDeserializer.deserialize(AlgorithmRunResultJson.java:57) ~[aeatk.jar:na]
	at ca.ubc.cs.beta.aeatk.json.serializers.AlgorithmRunResultJson$AlgorithmRunDeserializer.deserialize(AlgorithmRunResultJson.java:30) ~[aeatk.jar:na]
	at com.fasterxml.jackson.databind.MappingIterator.nextValue(MappingIterator.java:189) ~[jackson-databind-2.3.1.jar:2.3.1]
	at ca.ubc.cs.beta.aeatk.runhistory.FileSharingRunHistoryDecorator.readRunsFromFile(FileSharingRunHistoryDecorator.java:421) [aeatk.jar:na]
	at ca.ubc.cs.beta.aeatk.runhistory.FileSharingRunHistoryDecorator.reReadFiles(FileSharingRunHistoryDecorator.java:339) [aeatk.jar:na]
	at ca.ubc.cs.beta.aeatk.runhistory.FileSharingRunHistoryDecorator.append(FileSharingRunHistoryDecorator.java:239) [aeatk.jar:na]
	at ca.ubc.cs.beta.aeatk.runhistory.FileSharingRunHistoryDecorator.append(FileSharingRunHistoryDecorator.java:502) [aeatk.jar:na]
	at ca.ubc.cs.beta.aeatk.runhistory.TeeRunHistory.append(TeeRunHistory.java:33) [aeatk.jar:na]
	at ca.ubc.cs.beta.aeatk.runhistory.ThreadSafeRunHistoryWrapper.append(ThreadSafeRunHistoryWrapper.java:60) [aeatk.jar:na]
	at ca.ubc.cs.beta.smac.configurator.AbstractAlgorithmFramework.updateRunHistory(AbstractAlgorithmFramework.java:1229) [smac.jar:na]
	at ca.ubc.cs.beta.smac.configurator.AbstractAlgorithmFramework.evaluateRun(AbstractAlgorithmFramework.java:1279) [smac.jar:na]
	at ca.ubc.cs.beta.smac.configurator.AbstractAlgorithmFramework.challengeIncumbent(AbstractAlgorithmFramework.java:948) [smac.jar:na]
	at ca.ubc.cs.beta.smac.configurator.AbstractAlgorithmFramework.challengeIncumbent(AbstractAlgorithmFramework.java:778) [smac.jar:na]
	at ca.ubc.cs.beta.smac.configurator.AbstractAlgorithmFramework.intensify(AbstractAlgorithmFramework.java:766) [smac.jar:na]
	at ca.ubc.cs.beta.smac.configurator.AbstractAlgorithmFramework.run(AbstractAlgorithmFramework.java:580) [smac.jar:na]
	at ca.ubc.cs.beta.smac.executors.SMACExecutor.oldMain(SMACExecutor.java:140) [smac.jar:na]
	at ca.ubc.cs.beta.smac.executors.SMACExecutor.main(SMACExecutor.java:104) [smac.jar:na]
	at sun.reflect.NativeMethodAccessorImpl.invoke0(Native Method) ~[na:1.8.0_162]
	at sun.reflect.NativeMethodAccessorImpl.invoke(NativeMethodAccessorImpl.java:62) ~[na:1.8.0_162]
	at sun.reflect.DelegatingMethodAccessorImpl.invoke(DelegatingMethodAccessorImpl.java:43) ~[na:1.8.0_162]
	at java.lang.reflect.Method.invoke(Method.java:498) ~[na:1.8.0_162]
	at ca.ubc.cs.beta.aeatk.ant.execscript.Launcher.main(Launcher.java:37) [aeatk.jar:na]
11:18:42.798 [main] WARN  c.u.c.b.a.r.FileSharingRunHistoryDecorator - Error occurred reading file in shared run history /proj/SMACK/smac/example_scenarios/seq_rs/smac-output/smack-scenario_seq_rs/live-rundata-39.json. We will keep trying to read this file, but will only log another error after it succeeds once. We may not be able to get it's run data but we should be able to continue
com.fasterxml.jackson.core.JsonParseException: Unexpected character ('{' (code 123)): was expecting comma to separate OBJECT entries
 at [Source: /proj/SMACK/smac/example_scenarios/seq_rs/smac-output/smack-scenario_seq_rs/live-rundata-39.json; line: 1721, column: 32]
	at com.fasterxml.jackson.core.JsonParser._constructError(JsonParser.java:1524) ~[jackson-core-2.3.1.jar:2.3.1]
	at com.fasterxml.jackson.core.base.ParserMinimalBase._reportError(ParserMinimalBase.java:557) ~[jackson-core-2.3.1.jar:2.3.1]
	at com.fasterxml.jackson.core.base.ParserMinimalBase._reportUnexpectedChar(ParserMinimalBase.java:475) ~[jackson-core-2.3.1.jar:2.3.1]
	at com.fasterxml.jackson.core.json.UTF8StreamJsonParser.nextToken(UTF8StreamJsonParser.java:688) ~[jackson-core-2.3.1.jar:2.3.1]
	at com.fasterxml.jackson.core.base.ParserMinimalBase.nextValue(ParserMinimalBase.java:123) ~[jackson-core-2.3.1.jar:2.3.1]
	at ca.ubc.cs.beta.aeatk.json.serializers.AlgorithmRunResultJson$AlgorithmRunDeserializer.deserialize(AlgorithmRunResultJson.java:57) ~[aeatk.jar:na]
	at ca.ubc.cs.beta.aeatk.json.serializers.AlgorithmRunResultJson$AlgorithmRunDeserializer.deserialize(AlgorithmRunResultJson.java:30) ~[aeatk.jar:na]
	at com.fasterxml.jackson.databind.MappingIterator.nextValue(MappingIterator.java:189) ~[jackson-databind-2.3.1.jar:2.3.1]
	at ca.ubc.cs.beta.aeatk.runhistory.FileSharingRunHistoryDecorator.readRunsFromFile(FileSharingRunHistoryDecorator.java:421) [aeatk.jar:na]
	at ca.ubc.cs.beta.aeatk.runhistory.FileSharingRunHistoryDecorator.reReadFiles(FileSharingRunHistoryDecorator.java:339) [aeatk.jar:na]
	at ca.ubc.cs.beta.aeatk.runhistory.FileSharingRunHistoryDecorator.append(FileSharingRunHistoryDecorator.java:239) [aeatk.jar:na]
	at ca.ubc.cs.beta.aeatk.runhistory.FileSharingRunHistoryDecorator.append(FileSharingRunHistoryDecorator.java:502) [aeatk.jar:na]
	at ca.ubc.cs.beta.aeatk.runhistory.TeeRunHistory.append(TeeRunHistory.java:33) [aeatk.jar:na]
	at ca.ubc.cs.beta.aeatk.runhistory.ThreadSafeRunHistoryWrapper.append(ThreadSafeRunHistoryWrapper.java:60) [aeatk.jar:na]
	at ca.ubc.cs.beta.smac.configurator.AbstractAlgorithmFramework.updateRunHistory(AbstractAlgorithmFramework.java:1229) [smac.jar:na]
	at ca.ubc.cs.beta.smac.configurator.AbstractAlgorithmFramework.evaluateRun(AbstractAlgorithmFramework.java:1279) [smac.jar:na]
	at ca.ubc.cs.beta.smac.configurator.AbstractAlgorithmFramework.challengeIncumbent(AbstractAlgorithmFramework.java:948) [smac.jar:na]
	at ca.ubc.cs.beta.smac.configurator.AbstractAlgorithmFramework.challengeIncumbent(AbstractAlgorithmFramework.java:778) [smac.jar:na]
	at ca.ubc.cs.beta.smac.configurator.AbstractAlgorithmFramework.intensify(AbstractAlgorithmFramework.java:766) [smac.jar:na]
	at ca.ubc.cs.beta.smac.configurator.AbstractAlgorithmFramework.run(AbstractAlgorithmFramework.java:580) [smac.jar:na]
	at ca.ubc.cs.beta.smac.executors.SMACExecutor.oldMain(SMACExecutor.java:140) [smac.jar:na]
	at ca.ubc.cs.beta.smac.executors.SMACExecutor.main(SMACExecutor.java:104) [smac.jar:na]
	at sun.reflect.NativeMethodAccessorImpl.invoke0(Native Method) ~[na:1.8.0_162]
	at sun.reflect.NativeMethodAccessorImpl.invoke(NativeMethodAccessorImpl.java:62) ~[na:1.8.0_162]
	at sun.reflect.DelegatingMethodAccessorImpl.invoke(DelegatingMethodAccessorImpl.java:43) ~[na:1.8.0_162]
	at java.lang.reflect.Method.invoke(Method.java:498) ~[na:1.8.0_162]
	at ca.ubc.cs.beta.aeatk.ant.execscript.Launcher.main(Launcher.java:37) [aeatk.jar:na]
11:18:42.841 [main] WARN  c.u.c.b.a.r.FileSharingRunHistoryDecorator - Error occurred reading file in shared run history /proj/SMACK/smac/example_scenarios/seq_rs/smac-output/smack-scenario_seq_rs/live-rundata-47.json. We will keep trying to read this file, but will only log another error after it succeeds once. We may not be able to get it's run data but we should be able to continue
java.lang.RuntimeException: Unexpected character ('{' (code 123)): was expecting comma to separate OBJECT entries
 at [Source: /proj/SMACK/smac/example_scenarios/seq_rs/smac-output/smack-scenario_seq_rs/live-rundata-47.json; line: 1810, column: 4]
	at com.fasterxml.jackson.databind.MappingIterator.hasNext(MappingIterator.java:112) ~[jackson-databind-2.3.1.jar:2.3.1]
	at ca.ubc.cs.beta.aeatk.runhistory.FileSharingRunHistoryDecorator.readRunsFromFile(FileSharingRunHistoryDecorator.java:418) [aeatk.jar:na]
	at ca.ubc.cs.beta.aeatk.runhistory.FileSharingRunHistoryDecorator.reReadFiles(FileSharingRunHistoryDecorator.java:339) [aeatk.jar:na]
	at ca.ubc.cs.beta.aeatk.runhistory.FileSharingRunHistoryDecorator.append(FileSharingRunHistoryDecorator.java:239) [aeatk.jar:na]
	at ca.ubc.cs.beta.aeatk.runhistory.FileSharingRunHistoryDecorator.append(FileSharingRunHistoryDecorator.java:502) [aeatk.jar:na]
	at ca.ubc.cs.beta.aeatk.runhistory.TeeRunHistory.append(TeeRunHistory.java:33) [aeatk.jar:na]
	at ca.ubc.cs.beta.aeatk.runhistory.ThreadSafeRunHistoryWrapper.append(ThreadSafeRunHistoryWrapper.java:60) [aeatk.jar:na]
	at ca.ubc.cs.beta.smac.configurator.AbstractAlgorithmFramework.updateRunHistory(AbstractAlgorithmFramework.java:1229) [smac.jar:na]
	at ca.ubc.cs.beta.smac.configurator.AbstractAlgorithmFramework.evaluateRun(AbstractAlgorithmFramework.java:1279) [smac.jar:na]
	at ca.ubc.cs.beta.smac.configurator.AbstractAlgorithmFramework.challengeIncumbent(AbstractAlgorithmFramework.java:948) [smac.jar:na]
	at ca.ubc.cs.beta.smac.configurator.AbstractAlgorithmFramework.challengeIncumbent(AbstractAlgorithmFramework.java:778) [smac.jar:na]
	at ca.ubc.cs.beta.smac.configurator.AbstractAlgorithmFramework.intensify(AbstractAlgorithmFramework.java:766) [smac.jar:na]
	at ca.ubc.cs.beta.smac.configurator.AbstractAlgorithmFramework.run(AbstractAlgorithmFramework.java:580) [smac.jar:na]
	at ca.ubc.cs.beta.smac.executors.SMACExecutor.oldMain(SMACExecutor.java:140) [smac.jar:na]
	at ca.ubc.cs.beta.smac.executors.SMACExecutor.main(SMACExecutor.java:104) [smac.jar:na]
	at sun.reflect.NativeMethodAccessorImpl.invoke0(Native Method) ~[na:1.8.0_162]
	at sun.reflect.NativeMethodAccessorImpl.invoke(NativeMethodAccessorImpl.java:62) ~[na:1.8.0_162]
	at sun.reflect.DelegatingMethodAccessorImpl.invoke(DelegatingMethodAccessorImpl.java:43) ~[na:1.8.0_162]
	at java.lang.reflect.Method.invoke(Method.java:498) ~[na:1.8.0_162]
	at ca.ubc.cs.beta.aeatk.ant.execscript.Launcher.main(Launcher.java:37) [aeatk.jar:na]
Caused by: com.fasterxml.jackson.core.JsonParseException: Unexpected character ('{' (code 123)): was expecting comma to separate OBJECT entries
 at [Source: /proj/SMACK/smac/example_scenarios/seq_rs/smac-output/smack-scenario_seq_rs/live-rundata-47.json; line: 1810, column: 4]
	at com.fasterxml.jackson.core.JsonParser._constructError(JsonParser.java:1524) ~[jackson-core-2.3.1.jar:2.3.1]
	at com.fasterxml.jackson.core.base.ParserMinimalBase._reportError(ParserMinimalBase.java:557) ~[jackson-core-2.3.1.jar:2.3.1]
	at com.fasterxml.jackson.core.base.ParserMinimalBase._reportUnexpectedChar(ParserMinimalBase.java:475) ~[jackson-core-2.3.1.jar:2.3.1]
	at com.fasterxml.jackson.core.json.UTF8StreamJsonParser.nextToken(UTF8StreamJsonParser.java:688) ~[jackson-core-2.3.1.jar:2.3.1]
	at com.fasterxml.jackson.databind.MappingIterator.hasNextValue(MappingIterator.java:159) ~[jackson-databind-2.3.1.jar:2.3.1]
	at com.fasterxml.jackson.databind.MappingIterator.hasNext(MappingIterator.java:108) ~[jackson-databind-2.3.1.jar:2.3.1]
	... 19 common frames omitted
11:18:42.886 [main] WARN  c.u.c.b.a.r.FileSharingRunHistoryDecorator - Error occurred reading file in shared run history /proj/SMACK/smac/example_scenarios/seq_rs/smac-output/smack-scenario_seq_rs/live-rundata-38.json. We will keep trying to read this file, but will only log another error after it succeeds once. We may not be able to get it's run data but we should be able to continue
java.lang.RuntimeException: Illegal character ((CTRL-CHAR, code 0)): only regular white space (\r, \n, \t) is allowed between tokens
 at [Source: /proj/SMACK/smac/example_scenarios/seq_rs/smac-output/smack-scenario_seq_rs/live-rundata-38.json; line: 1742, column: 3]
	at com.fasterxml.jackson.databind.MappingIterator.hasNext(MappingIterator.java:112) ~[jackson-databind-2.3.1.jar:2.3.1]
	at ca.ubc.cs.beta.aeatk.runhistory.FileSharingRunHistoryDecorator.readRunsFromFile(FileSharingRunHistoryDecorator.java:418) [aeatk.jar:na]
	at ca.ubc.cs.beta.aeatk.runhistory.FileSharingRunHistoryDecorator.reReadFiles(FileSharingRunHistoryDecorator.java:339) [aeatk.jar:na]
	at ca.ubc.cs.beta.aeatk.runhistory.FileSharingRunHistoryDecorator.append(FileSharingRunHistoryDecorator.java:239) [aeatk.jar:na]
	at ca.ubc.cs.beta.aeatk.runhistory.FileSharingRunHistoryDecorator.append(FileSharingRunHistoryDecorator.java:502) [aeatk.jar:na]
	at ca.ubc.cs.beta.aeatk.runhistory.TeeRunHistory.append(TeeRunHistory.java:33) [aeatk.jar:na]
	at ca.ubc.cs.beta.aeatk.runhistory.ThreadSafeRunHistoryWrapper.append(ThreadSafeRunHistoryWrapper.java:60) [aeatk.jar:na]
	at ca.ubc.cs.beta.smac.configurator.AbstractAlgorithmFramework.updateRunHistory(AbstractAlgorithmFramework.java:1229) [smac.jar:na]
	at ca.ubc.cs.beta.smac.configurator.AbstractAlgorithmFramework.evaluateRun(AbstractAlgorithmFramework.java:1279) [smac.jar:na]
	at ca.ubc.cs.beta.smac.configurator.AbstractAlgorithmFramework.challengeIncumbent(AbstractAlgorithmFramework.java:948) [smac.jar:na]
	at ca.ubc.cs.beta.smac.configurator.AbstractAlgorithmFramework.challengeIncumbent(AbstractAlgorithmFramework.java:778) [smac.jar:na]
	at ca.ubc.cs.beta.smac.configurator.AbstractAlgorithmFramework.intensify(AbstractAlgorithmFramework.java:766) [smac.jar:na]
	at ca.ubc.cs.beta.smac.configurator.AbstractAlgorithmFramework.run(AbstractAlgorithmFramework.java:580) [smac.jar:na]
	at ca.ubc.cs.beta.smac.executors.SMACExecutor.oldMain(SMACExecutor.java:140) [smac.jar:na]
	at ca.ubc.cs.beta.smac.executors.SMACExecutor.main(SMACExecutor.java:104) [smac.jar:na]
	at sun.reflect.NativeMethodAccessorImpl.invoke0(Native Method) ~[na:1.8.0_162]
	at sun.reflect.NativeMethodAccessorImpl.invoke(NativeMethodAccessorImpl.java:62) ~[na:1.8.0_162]
	at sun.reflect.DelegatingMethodAccessorImpl.invoke(DelegatingMethodAccessorImpl.java:43) ~[na:1.8.0_162]
	at java.lang.reflect.Method.invoke(Method.java:498) ~[na:1.8.0_162]
	at ca.ubc.cs.beta.aeatk.ant.execscript.Launcher.main(Launcher.java:37) [aeatk.jar:na]
Caused by: com.fasterxml.jackson.core.JsonParseException: Illegal character ((CTRL-CHAR, code 0)): only regular white space (\r, \n, \t) is allowed between tokens
 at [Source: /proj/SMACK/smac/example_scenarios/seq_rs/smac-output/smack-scenario_seq_rs/live-rundata-38.json; line: 1742, column: 3]
	at com.fasterxml.jackson.core.JsonParser._constructError(JsonParser.java:1524) ~[jackson-core-2.3.1.jar:2.3.1]
	at com.fasterxml.jackson.core.base.ParserMinimalBase._reportError(ParserMinimalBase.java:557) ~[jackson-core-2.3.1.jar:2.3.1]
	at com.fasterxml.jackson.core.base.ParserMinimalBase._throwInvalidSpace(ParserMinimalBase.java:503) ~[jackson-core-2.3.1.jar:2.3.1]
	at com.fasterxml.jackson.core.json.UTF8StreamJsonParser._reportInvalidChar(UTF8StreamJsonParser.java:3103) ~[jackson-core-2.3.1.jar:2.3.1]
	at com.fasterxml.jackson.core.json.UTF8StreamJsonParser._skipWSOrEnd(UTF8StreamJsonParser.java:2585) ~[jackson-core-2.3.1.jar:2.3.1]
	at com.fasterxml.jackson.core.json.UTF8StreamJsonParser.nextToken(UTF8StreamJsonParser.java:650) ~[jackson-core-2.3.1.jar:2.3.1]
	at com.fasterxml.jackson.databind.MappingIterator.hasNextValue(MappingIterator.java:159) ~[jackson-databind-2.3.1.jar:2.3.1]
	at com.fasterxml.jackson.databind.MappingIterator.hasNext(MappingIterator.java:108) ~[jackson-databind-2.3.1.jar:2.3.1]
	... 19 common frames omitted
11:18:42.915 [main] WARN  c.u.c.b.a.r.FileSharingRunHistoryDecorator - Error occurred reading file in shared run history /proj/SMACK/smac/example_scenarios/seq_rs/smac-output/smack-scenario_seq_rs/live-rundata-46.json. We will keep trying to read this file, but will only log another error after it succeeds once. We may not be able to get it's run data but we should be able to continue
com.fasterxml.jackson.core.JsonParseException: Unexpected character ('{' (code 123)): was expecting comma to separate OBJECT entries
 at [Source: /proj/SMACK/smac/example_scenarios/seq_rs/smac-output/smack-scenario_seq_rs/live-rundata-46.json; line: 1722, column: 4]
	at com.fasterxml.jackson.core.JsonParser._constructError(JsonParser.java:1524) ~[jackson-core-2.3.1.jar:2.3.1]
	at com.fasterxml.jackson.core.base.ParserMinimalBase._reportError(ParserMinimalBase.java:557) ~[jackson-core-2.3.1.jar:2.3.1]
	at com.fasterxml.jackson.core.base.ParserMinimalBase._reportUnexpectedChar(ParserMinimalBase.java:475) ~[jackson-core-2.3.1.jar:2.3.1]
	at com.fasterxml.jackson.core.json.UTF8StreamJsonParser.nextToken(UTF8StreamJsonParser.java:688) ~[jackson-core-2.3.1.jar:2.3.1]
	at com.fasterxml.jackson.core.base.ParserMinimalBase.nextValue(ParserMinimalBase.java:123) ~[jackson-core-2.3.1.jar:2.3.1]
	at ca.ubc.cs.beta.aeatk.json.serializers.AlgorithmRunResultJson$AlgorithmRunDeserializer.deserialize(AlgorithmRunResultJson.java:57) ~[aeatk.jar:na]
	at ca.ubc.cs.beta.aeatk.json.serializers.AlgorithmRunResultJson$AlgorithmRunDeserializer.deserialize(AlgorithmRunResultJson.java:30) ~[aeatk.jar:na]
	at com.fasterxml.jackson.databind.MappingIterator.nextValue(MappingIterator.java:189) ~[jackson-databind-2.3.1.jar:2.3.1]
	at ca.ubc.cs.beta.aeatk.runhistory.FileSharingRunHistoryDecorator.readRunsFromFile(FileSharingRunHistoryDecorator.java:421) [aeatk.jar:na]
	at ca.ubc.cs.beta.aeatk.runhistory.FileSharingRunHistoryDecorator.reReadFiles(FileSharingRunHistoryDecorator.java:339) [aeatk.jar:na]
	at ca.ubc.cs.beta.aeatk.runhistory.FileSharingRunHistoryDecorator.append(FileSharingRunHistoryDecorator.java:239) [aeatk.jar:na]
	at ca.ubc.cs.beta.aeatk.runhistory.FileSharingRunHistoryDecorator.append(FileSharingRunHistoryDecorator.java:502) [aeatk.jar:na]
	at ca.ubc.cs.beta.aeatk.runhistory.TeeRunHistory.append(TeeRunHistory.java:33) [aeatk.jar:na]
	at ca.ubc.cs.beta.aeatk.runhistory.ThreadSafeRunHistoryWrapper.append(ThreadSafeRunHistoryWrapper.java:60) [aeatk.jar:na]
	at ca.ubc.cs.beta.smac.configurator.AbstractAlgorithmFramework.updateRunHistory(AbstractAlgorithmFramework.java:1229) [smac.jar:na]
	at ca.ubc.cs.beta.smac.configurator.AbstractAlgorithmFramework.evaluateRun(AbstractAlgorithmFramework.java:1279) [smac.jar:na]
	at ca.ubc.cs.beta.smac.configurator.AbstractAlgorithmFramework.challengeIncumbent(AbstractAlgorithmFramework.java:948) [smac.jar:na]
	at ca.ubc.cs.beta.smac.configurator.AbstractAlgorithmFramework.challengeIncumbent(AbstractAlgorithmFramework.java:778) [smac.jar:na]
	at ca.ubc.cs.beta.smac.configurator.AbstractAlgorithmFramework.intensify(AbstractAlgorithmFramework.java:766) [smac.jar:na]
	at ca.ubc.cs.beta.smac.configurator.AbstractAlgorithmFramework.run(AbstractAlgorithmFramework.java:580) [smac.jar:na]
	at ca.ubc.cs.beta.smac.executors.SMACExecutor.oldMain(SMACExecutor.java:140) [smac.jar:na]
	at ca.ubc.cs.beta.smac.executors.SMACExecutor.main(SMACExecutor.java:104) [smac.jar:na]
	at sun.reflect.NativeMethodAccessorImpl.invoke0(Native Method) ~[na:1.8.0_162]
	at sun.reflect.NativeMethodAccessorImpl.invoke(NativeMethodAccessorImpl.java:62) ~[na:1.8.0_162]
	at sun.reflect.DelegatingMethodAccessorImpl.invoke(DelegatingMethodAccessorImpl.java:43) ~[na:1.8.0_162]
	at java.lang.reflect.Method.invoke(Method.java:498) ~[na:1.8.0_162]
	at ca.ubc.cs.beta.aeatk.ant.execscript.Launcher.main(Launcher.java:37) [aeatk.jar:na]
11:18:42.980 [main] INFO  c.u.c.b.a.r.FileSharingRunHistoryDecorator - Detected new source(s) of run data which we will read from : [live-rundata-100.json, live-rundata-101.json, live-rundata-102.json, live-rundata-103.json, live-rundata-104.json, live-rundata-105.json, live-rundata-106.json, live-rundata-107.json, live-rundata-108.json, live-rundata-11.json, live-rundata-110.json, live-rundata-112.json, live-rundata-113.json, live-rundata-114.json, live-rundata-115.json, live-rundata-116.json, live-rundata-117.json, live-rundata-118.json, live-rundata-119.json, live-rundata-120.json, live-rundata-121.json, live-rundata-122.json, live-rundata-123.json, live-rundata-124.json, live-rundata-125.json, live-rundata-126.json, live-rundata-127.json, live-rundata-128.json, live-rundata-129.json, live-rundata-13.json, live-rundata-130.json, live-rundata-131.json, live-rundata-132.json, live-rundata-133.json, live-rundata-134.json, live-rundata-135.json, live-rundata-136.json, live-rundata-137.json, live-rundata-138.json, live-rundata-139.json, live-rundata-140.json, live-rundata-141.json, live-rundata-142.json, live-rundata-143.json, live-rundata-144.json, live-rundata-146.json, live-rundata-147.json, live-rundata-148.json, live-rundata-149.json, live-rundata-150.json, live-rundata-151.json, live-rundata-152.json, live-rundata-153.json, live-rundata-154.json, live-rundata-155.json, live-rundata-156.json, live-rundata-157.json, live-rundata-158.json, live-rundata-159.json, live-rundata-160.json, live-rundata-2.json, live-rundata-22.json, live-rundata-3.json, live-rundata-40.json, live-rundata-42.json, live-rundata-48.json, live-rundata-51.json, live-rundata-55.json, live-rundata-58.json, live-rundata-64.json, live-rundata-66.json, live-rundata-69.json, live-rundata-78.json, live-rundata-79.json, live-rundata-80.json, live-rundata-81.json, live-rundata-83.json, live-rundata-84.json, live-rundata-85.json, live-rundata-86.json, live-rundata-87.json, live-rundata-88.json, live-rundata-89.json, live-rundata-90.json, live-rundata-91.json, live-rundata-92.json, live-rundata-93.json, live-rundata-94.json, live-rundata-95.json, live-rundata-96.json, live-rundata-97.json, live-rundata-98.json, live-rundata-99.json]
11:21:05.649 [main] INFO  c.u.c.b.s.c.SequentialModelBasedAlgorithmConfiguration - Incumbent changed to: config 2 (internal ID: 0x40A2), with penalized average runtime (PAR10): 10071.2945150135; estimate based on 2 runs.
11:21:05.650 [main] INFO  c.u.c.b.s.c.SequentialModelBasedAlgorithmConfiguration - Sample call for new incumbent config 2 (internal ID: 0x40A2): 
cd /proj/SMACK/smac/example_scenarios/seq_rs; ../wrapper.py /proj/SMACK/sv-benchmarks/c/seq-mthreaded/pals_opt-floodmax.5_true-unreach-call.ufo.BOUNDED-10.pals_true-termination.c 0 2000.0 2147483647 -1 -/bopt:boolControlVC 'True' -/bopt:z3opt:SMT.MBQI 'False' -/deepAsserts 'True' -/di 'False' -/doNotUseLabels 'False' -/noCallTreeReuse 'True' -/noInitPruning 'False' -/nonUniformUnfolding 'True' -/staticInlining 'False' -/trackAllVars 'True' -/useArrayTheoryCheck '2'  
11:52:28.659 [main] INFO  c.u.c.b.a.r.FileSharingRunHistoryDecorator - Detected new source(s) of run data which we will read from : [live-rundata-109.json, live-rundata-111.json, live-rundata-145.json, live-rundata-82.json]
11:52:28.661 [main] INFO  c.u.c.b.s.c.SequentialModelBasedAlgorithmConfiguration - Updated estimated penalized average runtime (PAR10) of the same incumbent: 13380.863010009; estimate now based on 3 runs.
11:52:46.191 [CLI TAE (Master Thread - #0)] ERROR c.u.c.b.a.t.b.c.CommandLineAlgorithmRun - The following algorithm call failed: cd "/proj/SMACK/smac/example_scenarios/seq_rs" ;  ../wrapper.py /proj/SMACK/sv-benchmarks/c/systemc/token_ring.13_false-unreach-call_false-termination.cil.c 0 186.36833912541272 2147483647 -1 -/bopt:boolControlVC 'True' -/bopt:z3opt:SMT.MBQI 'True' -/bopt:z3opt:SMT.MBQI.MAX_ITERATIONS '16397' -/deepAsserts 'True' -/di 'False' -/doNotUseLabels 'False' -/noCallTreeReuse 'True' -/noInitPruning 'False' -/nonUniformUnfolding 'True' -/staticInlining 'True' -/trackAllVars 'False' -/useArrayTheoryCheck '2'  
11:52:46.192 [CLI TAE (Master Thread - #0)] ERROR c.u.c.b.a.t.b.c.CommandLineAlgorithmRun - The last 1 lines of output we saw were:
11:52:46.192 [CLI TAE (Master Thread - #0)] ERROR c.u.c.b.a.t.b.c.CommandLineAlgorithmRun - > Result for SMAC: CRASHED, 90000, 0, 0, -1
11:52:46.209 [CLI TAE Callback Threads (3-4)] WARN  c.u.c.b.a.t.d.s.TimingCheckerTargetAlgorithmEvaluator - Algorithm Run Result reported a runtime of 90000.0 (secs) that exceeded it's cutoff time of 186.36833912541272 (secs) by 89813.63166087458 (secs). Next warning at 89814.63166087458 (secs)  
14:01:57.274 [CLI TAE Callback Threads (3-9)] WARN  c.u.c.b.a.t.d.s.TimingCheckerTargetAlgorithmEvaluator - Algorithm Run Result reported wallclock time of 219.177 (secs) that exceeded it's cutoff time of 186.37224006314875 (secs) by 32.80475993685124 (secs). Next warning at 33.80475993685124 (secs)  
14:03:39.311 [main] INFO  c.u.c.b.s.c.SequentialModelBasedAlgorithmConfiguration - Updated estimated penalized average runtime (PAR10) of the same incumbent: 12048.7985665798; estimate now based on 5 runs.
14:12:58.963 [CLI TAE Observer Threads (2-1)] WARN  c.u.c.b.a.t.d.s.TimingCheckerTargetAlgorithmEvaluator - We have been waiting for 559.353 seconds for a run that should have taken at most 186.36833912541272 seconds.
 The sample call for the run that is delayed is: cd "/proj/SMACK/smac/example_scenarios/seq_rs" ;  ../wrapper.py /proj/SMACK/sv-benchmarks/c/systemc/token_ring.13_false-unreach-call_false-termination.cil.c 0 186.36833912541272 2147483647 -1 -/bopt:boolControlVC 'False' -/bopt:z3opt:SMT.MBQI 'True' -/bopt:z3opt:SMT.MBQI.MAX_ITERATIONS '31761' -/deepAsserts 'False' -/di 'False' -/doNotUseLabels 'True' -/noCallTreeReuse 'True' -/noInitPruning 'False' -/nonUniformUnfolding 'False' -/staticInlining 'False' -/trackAllVars 'False' -/useArrayTheoryCheck '2'  
14:35:01.890 [CLI TAE Callback Threads (3-11)] WARN  c.u.c.b.a.t.d.s.TimingCheckerTargetAlgorithmEvaluator - Algorithm Run Result reported wallclock time of 1882.524 (secs) that exceeded it's cutoff time of 186.36833912541272 (secs) by 1696.1556608745873 (secs). Next warning at 1697.1556608745873 (secs)  
15:06:25.079 [main] INFO  c.u.c.b.s.c.SequentialModelBasedAlgorithmConfiguration - Updated estimated penalized average runtime (PAR10) of the same incumbent: 13373.998805483167; estimate now based on 6 runs.
16:45:03.950 [CLI TAE (Master Thread - #0)] ERROR c.u.c.b.a.t.b.c.CommandLineAlgorithmRun - The following algorithm call failed: cd "/proj/SMACK/smac/example_scenarios/seq_rs" ;  ../wrapper.py /proj/SMACK/sv-benchmarks/c/seq-mthreaded/rekh_nxt_true-unreach-call.2.M1.c 0 2000.0 2147483647 -1 -/bopt:boolControlVC 'False' -/bopt:z3opt:SMT.MBQI 'False' -/deepAsserts 'False' -/di 'False' -/doNotUseLabels 'True' -/noCallTreeReuse 'True' -/noInitPruning 'True' -/nonUniformUnfolding 'True' -/staticInlining 'False' -/trackAllVars 'True' -/useArrayTheoryCheck '2'  
16:45:03.964 [CLI TAE (Master Thread - #0)] ERROR c.u.c.b.a.t.b.c.CommandLineAlgorithmRun - The last 1 lines of output we saw were:
16:45:03.964 [CLI TAE (Master Thread - #0)] ERROR c.u.c.b.a.t.b.c.CommandLineAlgorithmRun - > Result for SMAC: CRASHED, 90000, 0, 0, -1
16:45:03.970 [main] INFO  c.u.c.b.s.c.SequentialModelBasedAlgorithmConfiguration - Incumbent changed to: config 6 (internal ID: 0x176A6), with penalized average runtime (PAR10): 13364.488156517267; estimate based on 6 runs.
16:45:03.971 [main] INFO  c.u.c.b.s.c.SequentialModelBasedAlgorithmConfiguration - Sample call for new incumbent config 6 (internal ID: 0x176A6): 
cd /proj/SMACK/smac/example_scenarios/seq_rs; ../wrapper.py /proj/SMACK/sv-benchmarks/c/seq-mthreaded/rekh_nxt_true-unreach-call.2.M1.c 0 2000.0 2147483647 -1 -/bopt:boolControlVC 'False' -/bopt:z3opt:SMT.MBQI 'False' -/deepAsserts 'False' -/di 'False' -/doNotUseLabels 'True' -/noCallTreeReuse 'True' -/noInitPruning 'True' -/nonUniformUnfolding 'True' -/staticInlining 'False' -/trackAllVars 'True' -/useArrayTheoryCheck '2'  
17:16:26.756 [main] INFO  c.u.c.b.s.c.SequentialModelBasedAlgorithmConfiguration - Updated estimated penalized average runtime (PAR10) of the same incumbent: 14312.418419871943; estimate now based on 7 runs.
18:26:31.818 [CLI TAE Observer Threads (2-1)] WARN  c.u.c.b.a.t.d.s.TimingCheckerTargetAlgorithmEvaluator - We have been waiting for 438.709 seconds for a run that should have taken at most 146.2118935662985 seconds.
 The sample call for the run that is delayed is: cd "/proj/SMACK/smac/example_scenarios/seq_rs" ;  ../wrapper.py /proj/SMACK/sv-benchmarks/c/seq-mthreaded/pals_lcr-var-start-time.6_true-unreach-call.ufo.BOUNDED-12.pals_true-termination.c 0 146.2118935662985 2147483647 -1 -/bopt:boolControlVC 'False' -/bopt:z3opt:SMT.MBQI 'True' -/bopt:z3opt:SMT.MBQI.MAX_ITERATIONS '2466' -/deepAsserts 'False' -/di 'True' -/doNotUseLabels 'False' -/noCallTreeReuse 'True' -/noInitPruning 'True' -/nonUniformUnfolding 'True' -/staticInlining 'False' -/trackAllVars 'True' -/useArrayTheoryCheck '2'  
18:44:52.378 [CLI TAE Observer Threads (2-1)] WARN  c.u.c.b.a.t.d.h.KillCaptimeExceedingRunsRunsTargetAlgorithmEvaluatorDecorator - Killed run <Instance:205, Seed:-1, Config:0x1FBEB, Kappa:146.2118935662985, Execution Config: 0x0001> at 1462.2286 for exceeding 10.0 times its cutoff time of 146.2118935662985 (secs)
21:25:22.343 [main] INFO  c.u.c.b.s.c.SequentialModelBasedAlgorithmConfiguration - Updated estimated penalized average runtime (PAR10) of the same incumbent: 15576.325437678177; estimate now based on 9 runs.
21:32:31.334 [CLI TAE (Master Thread - #0)] ERROR c.u.c.b.a.t.b.c.CommandLineAlgorithmRun - The following algorithm call failed: cd "/proj/SMACK/smac/example_scenarios/seq_rs" ;  ../wrapper.py /proj/SMACK/sv-benchmarks/c/seq-mthreaded/rekh_nxt_true-unreach-call.2.M1.c 0 2000.0 2147483647 -1 -/bopt:boolControlVC 'True' -/bopt:z3opt:SMT.MBQI 'True' -/bopt:z3opt:SMT.MBQI.MAX_ITERATIONS '23716' -/deepAsserts 'True' -/di 'False' -/doNotUseLabels 'False' -/noCallTreeReuse 'False' -/noInitPruning 'False' -/nonUniformUnfolding 'True' -/staticInlining 'True' -/trackAllVars 'True' -/useArrayTheoryCheck '1'  
21:32:31.334 [CLI TAE (Master Thread - #0)] ERROR c.u.c.b.a.t.b.c.CommandLineAlgorithmRun - The last 1 lines of output we saw were:
21:32:31.335 [CLI TAE (Master Thread - #0)] ERROR c.u.c.b.a.t.b.c.CommandLineAlgorithmRun - > Result for SMAC: CRASHED, 90000, 0, 0, -1
21:32:44.948 [CLI TAE (Master Thread - #0)] ERROR c.u.c.b.a.t.b.c.CommandLineAlgorithmRun - The following algorithm call failed: cd "/proj/SMACK/smac/example_scenarios/seq_rs" ;  ../wrapper.py /proj/SMACK/sv-benchmarks/c/seq-mthreaded/pals_opt-floodmax.5_true-unreach-call.ufo.BOUNDED-10.pals_true-termination.c 0 2000.0 2147483647 -1 -/bopt:boolControlVC 'True' -/bopt:z3opt:SMT.MBQI 'True' -/bopt:z3opt:SMT.MBQI.MAX_ITERATIONS '23716' -/deepAsserts 'True' -/di 'False' -/doNotUseLabels 'False' -/noCallTreeReuse 'False' -/noInitPruning 'False' -/nonUniformUnfolding 'True' -/staticInlining 'True' -/trackAllVars 'True' -/useArrayTheoryCheck '1'  
21:32:44.948 [CLI TAE (Master Thread - #0)] ERROR c.u.c.b.a.t.b.c.CommandLineAlgorithmRun - The last 1 lines of output we saw were:
21:32:44.948 [CLI TAE (Master Thread - #0)] ERROR c.u.c.b.a.t.b.c.CommandLineAlgorithmRun - > Result for SMAC: CRASHED, 90000, 0, 0, -1
21:32:57.658 [CLI TAE (Master Thread - #0)] ERROR c.u.c.b.a.t.b.c.CommandLineAlgorithmRun - The following algorithm call failed: cd "/proj/SMACK/smac/example_scenarios/seq_rs" ;  ../wrapper.py /proj/SMACK/sv-benchmarks/c/systemc/pipeline_true-unreach-call_false-termination.cil.c 0 2000.0 2147483647 -1 -/bopt:boolControlVC 'True' -/bopt:z3opt:SMT.MBQI 'True' -/bopt:z3opt:SMT.MBQI.MAX_ITERATIONS '23716' -/deepAsserts 'True' -/di 'False' -/doNotUseLabels 'False' -/noCallTreeReuse 'False' -/noInitPruning 'False' -/nonUniformUnfolding 'True' -/staticInlining 'True' -/trackAllVars 'True' -/useArrayTheoryCheck '1'  
21:32:57.659 [CLI TAE (Master Thread - #0)] ERROR c.u.c.b.a.t.b.c.CommandLineAlgorithmRun - The last 1 lines of output we saw were:
21:32:57.659 [CLI TAE (Master Thread - #0)] ERROR c.u.c.b.a.t.b.c.CommandLineAlgorithmRun - > Result for SMAC: CRASHED, 90000, 0, 0, -1
21:33:04.691 [CLI TAE (Master Thread - #0)] ERROR c.u.c.b.a.t.b.c.CommandLineAlgorithmRun - The following algorithm call failed: cd "/proj/SMACK/smac/example_scenarios/seq_rs" ;  ../wrapper.py /proj/SMACK/sv-benchmarks/c/systemc/token_ring.03_true-unreach-call_false-termination.cil.c 0 2000.0 2147483647 -1 -/bopt:boolControlVC 'True' -/bopt:z3opt:SMT.MBQI 'True' -/bopt:z3opt:SMT.MBQI.MAX_ITERATIONS '23716' -/deepAsserts 'True' -/di 'False' -/doNotUseLabels 'False' -/noCallTreeReuse 'False' -/noInitPruning 'False' -/nonUniformUnfolding 'True' -/staticInlining 'True' -/trackAllVars 'True' -/useArrayTheoryCheck '1'  
21:33:04.692 [CLI TAE (Master Thread - #0)] ERROR c.u.c.b.a.t.b.c.CommandLineAlgorithmRun - The last 1 lines of output we saw were:
21:33:04.692 [CLI TAE (Master Thread - #0)] ERROR c.u.c.b.a.t.b.c.CommandLineAlgorithmRun - > Result for SMAC: CRASHED, 90000, 0, 0, -1
21:33:12.463 [CLI TAE (Master Thread - #0)] ERROR c.u.c.b.a.t.b.c.CommandLineAlgorithmRun - The following algorithm call failed: cd "/proj/SMACK/smac/example_scenarios/seq_rs" ;  ../wrapper.py /proj/SMACK/sv-benchmarks/c/seq-mthreaded/pals_lcr-var-start-time.6_true-unreach-call.ufo.BOUNDED-12.pals_true-termination.c 0 2000.0 2147483647 -1 -/bopt:boolControlVC 'True' -/bopt:z3opt:SMT.MBQI 'True' -/bopt:z3opt:SMT.MBQI.MAX_ITERATIONS '23716' -/deepAsserts 'True' -/di 'False' -/doNotUseLabels 'False' -/noCallTreeReuse 'False' -/noInitPruning 'False' -/nonUniformUnfolding 'True' -/staticInlining 'True' -/trackAllVars 'True' -/useArrayTheoryCheck '1'  
21:33:12.463 [CLI TAE (Master Thread - #0)] ERROR c.u.c.b.a.t.b.c.CommandLineAlgorithmRun - The last 1 lines of output we saw were:
21:33:12.463 [CLI TAE (Master Thread - #0)] ERROR c.u.c.b.a.t.b.c.CommandLineAlgorithmRun - > Result for SMAC: CRASHED, 90000, 0, 0, -1
22:11:56.495 [CLI TAE Observer Threads (2-1)] WARN  c.u.c.b.a.t.d.s.TimingCheckerTargetAlgorithmEvaluator - We have been waiting for 438.705 seconds for a run that should have taken at most 146.21709360589387 seconds.
 The sample call for the run that is delayed is: cd "/proj/SMACK/smac/example_scenarios/seq_rs" ;  ../wrapper.py /proj/SMACK/sv-benchmarks/c/seq-pthread/cs_fib_false-unreach-call.i 0 146.21709360589387 2147483647 -1 -/bopt:boolControlVC 'True' -/bopt:z3opt:SMT.MBQI 'True' -/bopt:z3opt:SMT.MBQI.MAX_ITERATIONS '23716' -/deepAsserts 'True' -/di 'False' -/doNotUseLabels 'False' -/noCallTreeReuse 'False' -/noInitPruning 'False' -/nonUniformUnfolding 'True' -/staticInlining 'True' -/trackAllVars 'True' -/useArrayTheoryCheck '1'  
22:30:17.373 [CLI TAE Observer Threads (2-1)] WARN  c.u.c.b.a.t.d.h.KillCaptimeExceedingRunsRunsTargetAlgorithmEvaluatorDecorator - Killed run <Instance:255, Seed:-1, Config:0x30C17, Kappa:146.21709360589387, Execution Config: 0x0001> at 1462.51265 for exceeding 10.0 times its cutoff time of 146.21709360589387 (secs)
22:31:36.544 [main] INFO  c.u.c.b.s.c.SequentialModelBasedAlgorithmConfiguration - Updated estimated penalized average runtime (PAR10) of the same incumbent: 14026.44822061057; estimate now based on 10 runs.
22:33:47.394 [main] INFO  c.u.c.b.s.c.SequentialModelBasedAlgorithmConfiguration - Updated estimated penalized average runtime (PAR10) of the same incumbent: 12753.4305982806; estimate now based on 11 runs.
22:34:18.269 [CLI TAE (Master Thread - #0)] ERROR c.u.c.b.a.t.b.c.CommandLineAlgorithmRun - The following algorithm call failed: cd "/proj/SMACK/smac/example_scenarios/seq_rs" ;  ../wrapper.py /proj/SMACK/sv-benchmarks/c/systemc/pipeline_true-unreach-call_false-termination.cil.c 0 2000.0 2147483647 -1 -/bopt:boolControlVC 'False' -/bopt:z3opt:SMT.MBQI 'True' -/bopt:z3opt:SMT.MBQI.MAX_ITERATIONS '32720' -/deepAsserts 'False' -/di 'False' -/doNotUseLabels 'False' -/noCallTreeReuse 'True' -/noInitPruning 'False' -/nonUniformUnfolding 'True' -/staticInlining 'True' -/trackAllVars 'True' -/useArrayTheoryCheck '2'  
22:34:18.269 [CLI TAE (Master Thread - #0)] ERROR c.u.c.b.a.t.b.c.CommandLineAlgorithmRun - The last 1 lines of output we saw were:
22:34:18.270 [CLI TAE (Master Thread - #0)] ERROR c.u.c.b.a.t.b.c.CommandLineAlgorithmRun - > Result for SMAC: CRASHED, 90000, 0, 0, -1
22:34:38.781 [CLI TAE (Master Thread - #0)] ERROR c.u.c.b.a.t.b.c.CommandLineAlgorithmRun - The following algorithm call failed: cd "/proj/SMACK/smac/example_scenarios/seq_rs" ;  ../wrapper.py /proj/SMACK/sv-benchmarks/c/systemc/token_ring.13_false-unreach-call_false-termination.cil.c 0 2000.0 2147483647 -1 -/bopt:boolControlVC 'False' -/bopt:z3opt:SMT.MBQI 'True' -/bopt:z3opt:SMT.MBQI.MAX_ITERATIONS '32720' -/deepAsserts 'False' -/di 'False' -/doNotUseLabels 'False' -/noCallTreeReuse 'True' -/noInitPruning 'False' -/nonUniformUnfolding 'True' -/staticInlining 'True' -/trackAllVars 'True' -/useArrayTheoryCheck '2'  
22:34:38.782 [CLI TAE (Master Thread - #0)] ERROR c.u.c.b.a.t.b.c.CommandLineAlgorithmRun - The last 1 lines of output we saw were:
22:34:38.782 [CLI TAE (Master Thread - #0)] ERROR c.u.c.b.a.t.b.c.CommandLineAlgorithmRun - > Result for SMAC: CRASHED, 90000, 0, 0, -1
22:39:36.377 [CLI TAE Observer Threads (2-1)] WARN  c.u.c.b.a.t.d.s.TimingCheckerTargetAlgorithmEvaluator - We have been waiting for 296.847 seconds for a run that should have taken at most 98.80612789501549 seconds.
 The sample call for the run that is delayed is: cd "/proj/SMACK/smac/example_scenarios/seq_rs" ;  ../wrapper.py /proj/SMACK/sv-benchmarks/c/seq-pthread/cs_fib_false-unreach-call.i 0 98.80612789501549 2147483647 -1 -/bopt:boolControlVC 'False' -/bopt:z3opt:SMT.MBQI 'True' -/bopt:z3opt:SMT.MBQI.MAX_ITERATIONS '32720' -/deepAsserts 'False' -/di 'False' -/doNotUseLabels 'False' -/noCallTreeReuse 'True' -/noInitPruning 'False' -/nonUniformUnfolding 'True' -/staticInlining 'True' -/trackAllVars 'True' -/useArrayTheoryCheck '2'  
22:51:59.440 [CLI TAE Observer Threads (2-1)] WARN  c.u.c.b.a.t.d.h.KillCaptimeExceedingRunsRunsTargetAlgorithmEvaluatorDecorator - Killed run <Instance:255, Seed:-1, Config:0x3C3BF, Kappa:98.80612789501549, Execution Config: 0x0001> at 988.5025499999999 for exceeding 10.0 times its cutoff time of 98.80612789501549 (secs)
22:55:13.922 [main] INFO  c.u.c.b.s.c.SequentialModelBasedAlgorithmConfiguration - Updated estimated penalized average runtime (PAR10) of the same incumbent: 10799.206195317745; estimate now based on 13 runs.
22:59:03.369 [main] INFO  c.u.c.b.s.c.SequentialModelBasedAlgorithmConfiguration - Updated estimated penalized average runtime (PAR10) of the same incumbent: 10030.276382786857; estimate now based on 14 runs.
02:11:53.739 [main] INFO  c.u.c.b.s.c.SequentialModelBasedAlgorithmConfiguration - Incumbent changed to: config 14 (internal ID: 0x4B39E), with penalized average runtime (PAR10): 7296.611976844893; estimate based on 14 runs.
02:11:53.739 [main] INFO  c.u.c.b.s.c.SequentialModelBasedAlgorithmConfiguration - Sample call for new incumbent config 14 (internal ID: 0x4B39E): 
cd /proj/SMACK/smac/example_scenarios/seq_rs; ../wrapper.py /proj/SMACK/sv-benchmarks/c/seq-mthreaded/pals_opt-floodmax.4_false-unreach-call.4.ufo.BOUNDED-8.pals_true-termination.c 0 2000.0 2147483647 -1 -/bopt:boolControlVC 'True' -/bopt:z3opt:SMT.MBQI 'True' -/bopt:z3opt:SMT.MBQI.MAX_ITERATIONS '19410' -/deepAsserts 'False' -/di 'False' -/doNotUseLabels 'True' -/noCallTreeReuse 'False' -/noInitPruning 'False' -/nonUniformUnfolding 'False' -/staticInlining 'False' -/trackAllVars 'True' -/useArrayTheoryCheck '0'  
02:43:28.644 [CLI TAE (Master Thread - #0)] ERROR c.u.c.b.a.t.b.c.CommandLineAlgorithmRun - The following algorithm call failed: cd "/proj/SMACK/smac/example_scenarios/seq_rs" ;  ../wrapper.py /proj/SMACK/sv-benchmarks/c/seq-mthreaded/pals_opt-floodmax.5_true-unreach-call.ufo.BOUNDED-10.pals_true-termination.c 0 2000.0 2147483647 -1 -/bopt:boolControlVC 'False' -/bopt:z3opt:SMT.MBQI 'True' -/bopt:z3opt:SMT.MBQI.MAX_ITERATIONS '15007' -/deepAsserts 'False' -/di 'True' -/doNotUseLabels 'True' -/noCallTreeReuse 'True' -/noInitPruning 'False' -/nonUniformUnfolding 'False' -/staticInlining 'True' -/trackAllVars 'True' -/useArrayTheoryCheck '1'  
02:43:28.645 [CLI TAE (Master Thread - #0)] ERROR c.u.c.b.a.t.b.c.CommandLineAlgorithmRun - The last 1 lines of output we saw were:
02:43:28.645 [CLI TAE (Master Thread - #0)] ERROR c.u.c.b.a.t.b.c.CommandLineAlgorithmRun - > Result for SMAC: CRASHED, 90000, 0, 0, -1
03:14:58.277 [CLI TAE (Master Thread - #0)] ERROR c.u.c.b.a.t.b.c.CommandLineAlgorithmRun - The following algorithm call failed: cd "/proj/SMACK/smac/example_scenarios/seq_rs" ;  ../wrapper.py /proj/SMACK/sv-benchmarks/c/seq-mthreaded/pals_lcr-var-start-time.6_false-unreach-call.1.ufo.BOUNDED-12.pals_true-termination.c 0 62.7918680090189 2147483647 -1 -/bopt:boolControlVC 'False' -/bopt:z3opt:SMT.MBQI 'True' -/bopt:z3opt:SMT.MBQI.MAX_ITERATIONS '15007' -/deepAsserts 'False' -/di 'True' -/doNotUseLabels 'True' -/noCallTreeReuse 'True' -/noInitPruning 'False' -/nonUniformUnfolding 'False' -/staticInlining 'True' -/trackAllVars 'True' -/useArrayTheoryCheck '1'  
03:14:58.278 [CLI TAE (Master Thread - #0)] ERROR c.u.c.b.a.t.b.c.CommandLineAlgorithmRun - The last 1 lines of output we saw were:
03:14:58.278 [CLI TAE (Master Thread - #0)] ERROR c.u.c.b.a.t.b.c.CommandLineAlgorithmRun - > Result for SMAC: CRASHED, 90000, 0, 0, -1
03:14:58.300 [CLI TAE Callback Threads (3-50)] WARN  c.u.c.b.a.t.d.s.TimingCheckerTargetAlgorithmEvaluator - Algorithm Run Result reported a runtime of 90000.0 (secs) that exceeded it's cutoff time of 62.7918680090189 (secs) by 89937.20813199098 (secs). Next warning at 89938.20813199098 (secs)  
03:15:10.295 [main] INFO  c.u.c.b.s.c.SequentialModelBasedAlgorithmConfiguration - Updated estimated penalized average runtime (PAR10) of the same incumbent: 7635.1905989348625; estimate now based on 16 runs.
04:20:36.870 [main] INFO  c.u.c.b.s.c.SequentialModelBasedAlgorithmConfiguration - Updated estimated penalized average runtime (PAR10) of the same incumbent: 7188.134553292193; estimate now based on 17 runs.
04:52:10.317 [CLI TAE (Master Thread - #0)] ERROR c.u.c.b.a.t.b.c.CommandLineAlgorithmRun - The following algorithm call failed: cd "/proj/SMACK/smac/example_scenarios/seq_rs" ;  ../wrapper.py /proj/SMACK/sv-benchmarks/c/systemc/token_ring.03_true-unreach-call_false-termination.cil.c 0 2000.0 2147483647 -1 -/bopt:boolControlVC 'True' -/bopt:z3opt:SMT.MBQI 'True' -/bopt:z3opt:SMT.MBQI.MAX_ITERATIONS '3344' -/deepAsserts 'True' -/di 'False' -/doNotUseLabels 'True' -/noCallTreeReuse 'True' -/noInitPruning 'False' -/nonUniformUnfolding 'True' -/staticInlining 'True' -/trackAllVars 'False' -/useArrayTheoryCheck '0'  
04:52:10.318 [CLI TAE (Master Thread - #0)] ERROR c.u.c.b.a.t.b.c.CommandLineAlgorithmRun - The last 1 lines of output we saw were:
04:52:10.318 [CLI TAE (Master Thread - #0)] ERROR c.u.c.b.a.t.b.c.CommandLineAlgorithmRun - > Result for SMAC: CRASHED, 90000, 0, 0, -1
05:01:19.228 [CLI TAE (Master Thread - #0)] ERROR c.u.c.b.a.t.b.c.CommandLineAlgorithmRun - The following algorithm call failed: cd "/proj/SMACK/smac/example_scenarios/seq_rs" ;  ../wrapper.py /proj/SMACK/sv-benchmarks/c/seq-mthreaded/rekh_nxt_true-unreach-call.2.M1.c 0 1147.7488639656185 2147483647 -1 -/bopt:boolControlVC 'True' -/bopt:z3opt:SMT.MBQI 'True' -/bopt:z3opt:SMT.MBQI.MAX_ITERATIONS '3344' -/deepAsserts 'True' -/di 'False' -/doNotUseLabels 'True' -/noCallTreeReuse 'True' -/noInitPruning 'False' -/nonUniformUnfolding 'True' -/staticInlining 'True' -/trackAllVars 'False' -/useArrayTheoryCheck '0'  
05:01:19.231 [CLI TAE (Master Thread - #0)] ERROR c.u.c.b.a.t.b.c.CommandLineAlgorithmRun - The last 1 lines of output we saw were:
05:01:19.231 [CLI TAE (Master Thread - #0)] ERROR c.u.c.b.a.t.b.c.CommandLineAlgorithmRun - > Result for SMAC: CRASHED, 90000, 0, 0, -1
05:01:34.386 [main] INFO  c.u.c.b.s.c.SequentialModelBasedAlgorithmConfiguration - Updated estimated penalized average runtime (PAR10) of the same incumbent: 6789.533410999488; estimate now based on 18 runs.
06:06:53.316 [CLI TAE (Master Thread - #0)] ERROR c.u.c.b.a.t.b.c.CommandLineAlgorithmRun - The following algorithm call failed: cd "/proj/SMACK/smac/example_scenarios/seq_rs" ;  ../wrapper.py /proj/SMACK/sv-benchmarks/c/seq-mthreaded/rekh_ctm_true-unreach-call.3_true-termination.c 0 2000.0 2147483647 -1 -/bopt:boolControlVC 'False' -/bopt:z3opt:SMT.MBQI 'False' -/deepAsserts 'True' -/di 'False' -/doNotUseLabels 'True' -/noCallTreeReuse 'False' -/noInitPruning 'True' -/nonUniformUnfolding 'True' -/staticInlining 'False' -/trackAllVars 'True' -/useArrayTheoryCheck '2'  
06:06:53.317 [CLI TAE (Master Thread - #0)] ERROR c.u.c.b.a.t.b.c.CommandLineAlgorithmRun - The last 1 lines of output we saw were:
06:06:53.317 [CLI TAE (Master Thread - #0)] ERROR c.u.c.b.a.t.b.c.CommandLineAlgorithmRun - > Result for SMAC: CRASHED, 90000, 0, 0, -1
07:20:41.512 [CLI TAE (Master Thread - #0)] ERROR c.u.c.b.a.t.b.c.CommandLineAlgorithmRun - The following algorithm call failed: cd "/proj/SMACK/smac/example_scenarios/seq_rs" ;  ../wrapper.py /proj/SMACK/sv-benchmarks/c/seq-mthreaded/rekcba_nxt_true-unreach-call.3.M1.c 0 2000.0 2147483647 -1 -/bopt:boolControlVC 'False' -/bopt:z3opt:SMT.MBQI 'False' -/deepAsserts 'False' -/di 'False' -/doNotUseLabels 'False' -/noCallTreeReuse 'False' -/noInitPruning 'False' -/nonUniformUnfolding 'True' -/staticInlining 'True' -/trackAllVars 'True' -/useArrayTheoryCheck '0'  
07:20:41.514 [CLI TAE (Master Thread - #0)] ERROR c.u.c.b.a.t.b.c.CommandLineAlgorithmRun - The last 1 lines of output we saw were:
07:20:41.514 [CLI TAE (Master Thread - #0)] ERROR c.u.c.b.a.t.b.c.CommandLineAlgorithmRun - > Result for SMAC: CRASHED, 90000, 0, 0, -1
07:20:49.137 [CLI TAE (Master Thread - #0)] ERROR c.u.c.b.a.t.b.c.CommandLineAlgorithmRun - The following algorithm call failed: cd "/proj/SMACK/smac/example_scenarios/seq_rs" ;  ../wrapper.py /proj/SMACK/sv-benchmarks/c/seq-mthreaded/pals_lcr-var-start-time.6_false-unreach-call.1.ufo.BOUNDED-12.pals_true-termination.c 0 2000.0 2147483647 -1 -/bopt:boolControlVC 'False' -/bopt:z3opt:SMT.MBQI 'False' -/deepAsserts 'False' -/di 'False' -/doNotUseLabels 'False' -/noCallTreeReuse 'False' -/noInitPruning 'False' -/nonUniformUnfolding 'True' -/staticInlining 'True' -/trackAllVars 'True' -/useArrayTheoryCheck '0'  
07:20:49.137 [CLI TAE (Master Thread - #0)] ERROR c.u.c.b.a.t.b.c.CommandLineAlgorithmRun - The last 1 lines of output we saw were:
07:20:49.137 [CLI TAE (Master Thread - #0)] ERROR c.u.c.b.a.t.b.c.CommandLineAlgorithmRun - > Result for SMAC: CRASHED, 90000, 0, 0, -1
07:23:57.964 [CLI TAE Observer Threads (2-1)] WARN  c.u.c.b.a.t.d.s.TimingCheckerTargetAlgorithmEvaluator - We have been waiting for 188.58 seconds for a run that should have taken at most 62.7918680090189 seconds.
 The sample call for the run that is delayed is: cd "/proj/SMACK/smac/example_scenarios/seq_rs" ;  ../wrapper.py /proj/SMACK/sv-benchmarks/c/seq-pthread/cs_fib_false-unreach-call.i 0 62.7918680090189 2147483647 -1 -/bopt:boolControlVC 'False' -/bopt:z3opt:SMT.MBQI 'False' -/deepAsserts 'False' -/di 'False' -/doNotUseLabels 'False' -/noCallTreeReuse 'False' -/noInitPruning 'False' -/nonUniformUnfolding 'True' -/staticInlining 'True' -/trackAllVars 'True' -/useArrayTheoryCheck '0'  
07:31:50.744 [CLI TAE Observer Threads (2-1)] WARN  c.u.c.b.a.t.d.h.KillCaptimeExceedingRunsRunsTargetAlgorithmEvaluatorDecorator - Killed run <Instance:255, Seed:-1, Config:0x7A1CB, Kappa:62.7918680090189, Execution Config: 0x0001> at 628.20935 for exceeding 10.0 times its cutoff time of 62.7918680090189 (secs)
07:33:03.744 [main] INFO  c.u.c.b.s.c.SequentialModelBasedAlgorithmConfiguration - Updated estimated penalized average runtime (PAR10) of the same incumbent: 6114.521566700915; estimate now based on 20 runs.
07:33:46.156 [main] INFO  c.u.c.b.s.c.SequentialModelBasedAlgorithmConfiguration - Updated estimated penalized average runtime (PAR10) of the same incumbent: 5824.095149289976; estimate now based on 21 runs.
07:38:27.535 [CLI TAE Observer Threads (2-1)] WARN  c.u.c.b.a.t.d.s.TimingCheckerTargetAlgorithmEvaluator - We have been waiting for 281.111 seconds for a run that should have taken at most 93.66935201768877 seconds.
 The sample call for the run that is delayed is: cd "/proj/SMACK/smac/example_scenarios/seq_rs" ;  ../wrapper.py /proj/SMACK/sv-benchmarks/c/seq-mthreaded/pals_lcr-var-start-time.6_true-unreach-call.ufo.BOUNDED-12.pals_true-termination.c 0 93.66935201768877 2147483647 -1 -/bopt:boolControlVC 'False' -/bopt:z3opt:SMT.MBQI 'True' -/bopt:z3opt:SMT.MBQI.MAX_ITERATIONS '6376' -/deepAsserts 'True' -/di 'False' -/doNotUseLabels 'False' -/noCallTreeReuse 'False' -/noInitPruning 'True' -/nonUniformUnfolding 'False' -/staticInlining 'False' -/trackAllVars 'False' -/useArrayTheoryCheck '2'  
07:50:12.797 [CLI TAE Observer Threads (2-1)] WARN  c.u.c.b.a.t.d.h.KillCaptimeExceedingRunsRunsTargetAlgorithmEvaluatorDecorator - Killed run <Instance:205, Seed:-1, Config:0x8560C, Kappa:93.66935201768877, Execution Config: 0x0001> at 937.06385 for exceeding 10.0 times its cutoff time of 93.66935201768877 (secs)
08:21:37.683 [main] INFO  c.u.c.b.s.c.SequentialModelBasedAlgorithmConfiguration - Updated estimated penalized average runtime (PAR10) of the same incumbent: 6468.454460685886; estimate now based on 22 runs.
11:00:31.829 [main] INFO  c.u.c.b.s.c.SequentialModelBasedAlgorithmConfiguration - Updated estimated penalized average runtime (PAR10) of the same incumbent: 7596.08325562873; estimate now based on 24 runs.
11:06:01.902 [main] INFO  c.u.c.b.s.c.SequentialModelBasedAlgorithmConfiguration - Updated estimated penalized average runtime (PAR10) of the same incumbent: 7293.958816165908; estimate now based on 25 runs.
11:06:09.172 [CLI TAE (Master Thread - #0)] ERROR c.u.c.b.a.t.b.c.CommandLineAlgorithmRun - The following algorithm call failed: cd "/proj/SMACK/smac/example_scenarios/seq_rs" ;  ../wrapper.py /proj/SMACK/sv-benchmarks/c/seq-mthreaded/pals_lcr-var-start-time.6_false-unreach-call.1.ufo.BOUNDED-12.pals_true-termination.c 0 62.78926859458089 2147483647 -1 -/bopt:boolControlVC 'False' -/bopt:z3opt:SMT.MBQI 'False' -/deepAsserts 'False' -/di 'False' -/doNotUseLabels 'True' -/noCallTreeReuse 'True' -/noInitPruning 'False' -/nonUniformUnfolding 'False' -/staticInlining 'True' -/trackAllVars 'True' -/useArrayTheoryCheck '0'  
11:06:09.173 [CLI TAE (Master Thread - #0)] ERROR c.u.c.b.a.t.b.c.CommandLineAlgorithmRun - The last 1 lines of output we saw were:
11:06:09.173 [CLI TAE (Master Thread - #0)] ERROR c.u.c.b.a.t.b.c.CommandLineAlgorithmRun - > Result for SMAC: CRASHED, 90000, 0, 0, -1
11:37:34.318 [main] INFO  c.u.c.b.s.c.SequentialModelBasedAlgorithmConfiguration - Updated estimated penalized average runtime (PAR10) of the same incumbent: 7782.652707851835; estimate now based on 26 runs.
13:12:47.715 [main] INFO  c.u.c.b.s.c.SequentialModelBasedAlgorithmConfiguration - Updated estimated penalized average runtime (PAR10) of the same incumbent: 7941.252095469393; estimate now based on 28 runs.
13:18:37.186 [main] INFO  c.u.c.b.s.c.SequentialModelBasedAlgorithmConfiguration - Updated estimated penalized average runtime (PAR10) of the same incumbent: 7676.58005786762; estimate now based on 29 runs.
13:30:38.949 [CLI TAE (Master Thread - #0)] ERROR c.u.c.b.a.t.b.c.CommandLineAlgorithmRun - The following algorithm call failed: cd "/proj/SMACK/smac/example_scenarios/seq_rs" ;  ../wrapper.py /proj/SMACK/sv-benchmarks/c/seq-mthreaded/rekh_nxt_true-unreach-call.2.M1.c 0 2000.0 2147483647 -1 -/bopt:boolControlVC 'False' -/bopt:z3opt:SMT.MBQI 'False' -/deepAsserts 'False' -/di 'True' -/doNotUseLabels 'False' -/noCallTreeReuse 'True' -/noInitPruning 'True' -/nonUniformUnfolding 'False' -/staticInlining 'True' -/trackAllVars 'False' -/useArrayTheoryCheck '2'  
13:30:38.950 [CLI TAE (Master Thread - #0)] ERROR c.u.c.b.a.t.b.c.CommandLineAlgorithmRun - The last 1 lines of output we saw were:
13:30:38.950 [CLI TAE (Master Thread - #0)] ERROR c.u.c.b.a.t.b.c.CommandLineAlgorithmRun - > Result for SMAC: CRASHED, 90000, 0, 0, -1
14:09:38.440 [CLI TAE (Master Thread - #0)] ERROR c.u.c.b.a.t.b.c.CommandLineAlgorithmRun - The following algorithm call failed: cd "/proj/SMACK/smac/example_scenarios/seq_rs" ;  ../wrapper.py /proj/SMACK/sv-benchmarks/c/seq-mthreaded/rekh_nxt_false-unreach-call.1.M1.c 0 2000.0 2147483647 -1 -/bopt:boolControlVC 'False' -/bopt:z3opt:SMT.MBQI 'False' -/deepAsserts 'False' -/di 'True' -/doNotUseLabels 'False' -/noCallTreeReuse 'True' -/noInitPruning 'True' -/nonUniformUnfolding 'False' -/staticInlining 'True' -/trackAllVars 'False' -/useArrayTheoryCheck '2'  
14:09:38.442 [CLI TAE (Master Thread - #0)] ERROR c.u.c.b.a.t.b.c.CommandLineAlgorithmRun - The last 1 lines of output we saw were:
14:09:38.442 [CLI TAE (Master Thread - #0)] ERROR c.u.c.b.a.t.b.c.CommandLineAlgorithmRun - > Result for SMAC: CRASHED, 90000, 0, 0, -1
14:53:24.714 [CLI TAE (Master Thread - #0)] ERROR c.u.c.b.a.t.b.c.CommandLineAlgorithmRun - The following algorithm call failed: cd "/proj/SMACK/smac/example_scenarios/seq_rs" ;  ../wrapper.py /proj/SMACK/sv-benchmarks/c/seq-mthreaded/rekcba_aso_true-unreach-call.1.M1.c 0 2000.0 2147483647 -1 -/bopt:boolControlVC 'False' -/bopt:z3opt:SMT.MBQI 'False' -/deepAsserts 'False' -/di 'True' -/doNotUseLabels 'False' -/noCallTreeReuse 'True' -/noInitPruning 'True' -/nonUniformUnfolding 'False' -/staticInlining 'True' -/trackAllVars 'False' -/useArrayTheoryCheck '2'  
14:53:24.716 [CLI TAE (Master Thread - #0)] ERROR c.u.c.b.a.t.b.c.CommandLineAlgorithmRun - The last 1 lines of output we saw were:
14:53:24.716 [CLI TAE (Master Thread - #0)] ERROR c.u.c.b.a.t.b.c.CommandLineAlgorithmRun - > Result for SMAC: CRASHED, 90000, 0, 0, -1
14:53:30.121 [CLI TAE (Master Thread - #0)] ERROR c.u.c.b.a.t.b.c.CommandLineAlgorithmRun - The following algorithm call failed: cd "/proj/SMACK/smac/example_scenarios/seq_rs" ;  ../wrapper.py /proj/SMACK/sv-benchmarks/c/seq-mthreaded/pals_lcr.3_overflow_false-unreach-call.ufo.UNBOUNDED.pals.c 0 2000.0 2147483647 -1 -/bopt:boolControlVC 'False' -/bopt:z3opt:SMT.MBQI 'False' -/deepAsserts 'False' -/di 'True' -/doNotUseLabels 'False' -/noCallTreeReuse 'True' -/noInitPruning 'True' -/nonUniformUnfolding 'False' -/staticInlining 'True' -/trackAllVars 'False' -/useArrayTheoryCheck '2'  
14:53:30.121 [CLI TAE (Master Thread - #0)] ERROR c.u.c.b.a.t.b.c.CommandLineAlgorithmRun - The last 1 lines of output we saw were:
14:53:30.121 [CLI TAE (Master Thread - #0)] ERROR c.u.c.b.a.t.b.c.CommandLineAlgorithmRun - > Result for SMAC: CRASHED, 90000, 0, 0, -1
14:53:36.145 [CLI TAE (Master Thread - #0)] ERROR c.u.c.b.a.t.b.c.CommandLineAlgorithmRun - The following algorithm call failed: cd "/proj/SMACK/smac/example_scenarios/seq_rs" ;  ../wrapper.py /proj/SMACK/sv-benchmarks/c/seq-mthreaded/pals_lcr.8_true-unreach-call.ufo.UNBOUNDED.pals.c 0 2000.0 2147483647 -1 -/bopt:boolControlVC 'False' -/bopt:z3opt:SMT.MBQI 'False' -/deepAsserts 'False' -/di 'True' -/doNotUseLabels 'False' -/noCallTreeReuse 'True' -/noInitPruning 'True' -/nonUniformUnfolding 'False' -/staticInlining 'True' -/trackAllVars 'False' -/useArrayTheoryCheck '2'  
14:53:36.146 [CLI TAE (Master Thread - #0)] ERROR c.u.c.b.a.t.b.c.CommandLineAlgorithmRun - The last 1 lines of output we saw were:
14:53:36.146 [CLI TAE (Master Thread - #0)] ERROR c.u.c.b.a.t.b.c.CommandLineAlgorithmRun - > Result for SMAC: CRASHED, 90000, 0, 0, -1
14:53:43.554 [CLI TAE (Master Thread - #0)] ERROR c.u.c.b.a.t.b.c.CommandLineAlgorithmRun - The following algorithm call failed: cd "/proj/SMACK/smac/example_scenarios/seq_rs" ;  ../wrapper.py /proj/SMACK/sv-benchmarks/c/seq-mthreaded/pals_lcr-var-start-time.6_false-unreach-call.1.ufo.BOUNDED-12.pals_true-termination.c 0 2000.0 2147483647 -1 -/bopt:boolControlVC 'False' -/bopt:z3opt:SMT.MBQI 'False' -/deepAsserts 'False' -/di 'True' -/doNotUseLabels 'False' -/noCallTreeReuse 'True' -/noInitPruning 'True' -/nonUniformUnfolding 'False' -/staticInlining 'True' -/trackAllVars 'False' -/useArrayTheoryCheck '2'  
14:53:43.555 [CLI TAE (Master Thread - #0)] ERROR c.u.c.b.a.t.b.c.CommandLineAlgorithmRun - The last 1 lines of output we saw were:
14:53:43.556 [CLI TAE (Master Thread - #0)] ERROR c.u.c.b.a.t.b.c.CommandLineAlgorithmRun - > Result for SMAC: CRASHED, 90000, 0, 0, -1
14:53:59.255 [CLI TAE (Master Thread - #0)] ERROR c.u.c.b.a.t.b.c.CommandLineAlgorithmRun - The following algorithm call failed: cd "/proj/SMACK/smac/example_scenarios/seq_rs" ;  ../wrapper.py /proj/SMACK/sv-benchmarks/c/systemc/token_ring.10_false-unreach-call_false-termination.cil.c 0 2000.0 2147483647 -1 -/bopt:boolControlVC 'False' -/bopt:z3opt:SMT.MBQI 'False' -/deepAsserts 'False' -/di 'True' -/doNotUseLabels 'False' -/noCallTreeReuse 'True' -/noInitPruning 'True' -/nonUniformUnfolding 'False' -/staticInlining 'True' -/trackAllVars 'False' -/useArrayTheoryCheck '2'  
14:53:59.255 [CLI TAE (Master Thread - #0)] ERROR c.u.c.b.a.t.b.c.CommandLineAlgorithmRun - The last 1 lines of output we saw were:
14:53:59.256 [CLI TAE (Master Thread - #0)] ERROR c.u.c.b.a.t.b.c.CommandLineAlgorithmRun - > Result for SMAC: CRASHED, 90000, 0, 0, -1
14:54:07.032 [CLI TAE (Master Thread - #0)] ERROR c.u.c.b.a.t.b.c.CommandLineAlgorithmRun - The following algorithm call failed: cd "/proj/SMACK/smac/example_scenarios/seq_rs" ;  ../wrapper.py /proj/SMACK/sv-benchmarks/c/systemc/token_ring.03_true-unreach-call_false-termination.cil.c 0 1772.899811890322 2147483647 -1 -/bopt:boolControlVC 'False' -/bopt:z3opt:SMT.MBQI 'False' -/deepAsserts 'False' -/di 'True' -/doNotUseLabels 'False' -/noCallTreeReuse 'True' -/noInitPruning 'True' -/nonUniformUnfolding 'False' -/staticInlining 'True' -/trackAllVars 'False' -/useArrayTheoryCheck '2'  
14:54:07.033 [CLI TAE (Master Thread - #0)] ERROR c.u.c.b.a.t.b.c.CommandLineAlgorithmRun - The last 1 lines of output we saw were:
14:54:07.033 [CLI TAE (Master Thread - #0)] ERROR c.u.c.b.a.t.b.c.CommandLineAlgorithmRun - > Result for SMAC: CRASHED, 90000, 0, 0, -1
15:58:45.646 [main] INFO  c.u.c.b.s.c.SequentialModelBasedAlgorithmConfiguration - Updated estimated penalized average runtime (PAR10) of the same incumbent: 7827.207378425886; estimate now based on 31 runs.
15:58:57.091 [CLI TAE (Master Thread - #0)] ERROR c.u.c.b.a.t.b.c.CommandLineAlgorithmRun - The following algorithm call failed: cd "/proj/SMACK/smac/example_scenarios/seq_rs" ;  ../wrapper.py /proj/SMACK/sv-benchmarks/c/systemc/transmitter.08_false-unreach-call_false-termination.cil.c 0 19.870049868124724 2147483647 -1 -/bopt:boolControlVC 'False' -/bopt:z3opt:SMT.MBQI 'True' -/bopt:z3opt:SMT.MBQI.MAX_ITERATIONS '29944' -/deepAsserts 'True' -/di 'False' -/doNotUseLabels 'False' -/noCallTreeReuse 'True' -/noInitPruning 'True' -/nonUniformUnfolding 'False' -/staticInlining 'True' -/trackAllVars 'False' -/useArrayTheoryCheck '0'  
15:58:57.091 [CLI TAE (Master Thread - #0)] ERROR c.u.c.b.a.t.b.c.CommandLineAlgorithmRun - The last 1 lines of output we saw were:
15:58:57.091 [CLI TAE (Master Thread - #0)] ERROR c.u.c.b.a.t.b.c.CommandLineAlgorithmRun - > Result for SMAC: CRASHED, 90000, 0, 0, -1
15:58:57.102 [CLI TAE Callback Threads (3-85)] WARN  c.u.c.b.a.t.d.s.TimingCheckerTargetAlgorithmEvaluator - Algorithm Run Result reported a runtime of 90000.0 (secs) that exceeded it's cutoff time of 19.870049868124724 (secs) by 89980.12995013187 (secs). Next warning at 89981.12995013187 (secs)  
15:59:07.629 [main] INFO  c.u.c.b.s.c.SequentialModelBasedAlgorithmConfiguration - Updated estimated penalized average runtime (PAR10) of the same incumbent: 7582.870150782149; estimate now based on 32 runs.
16:02:10.536 [main] INFO  c.u.c.b.s.c.SequentialModelBasedAlgorithmConfiguration - Updated estimated penalized average runtime (PAR10) of the same incumbent: 7358.271016727782; estimate now based on 33 runs.
19:14:26.600 [CLI TAE (Master Thread - #0)] ERROR c.u.c.b.a.t.b.c.CommandLineAlgorithmRun - The following algorithm call failed: cd "/proj/SMACK/smac/example_scenarios/seq_rs" ;  ../wrapper.py /proj/SMACK/sv-benchmarks/c/seq-mthreaded/rekh_nxt_true-unreach-call.2.M4.c 0 2000.0 2147483647 -1 -/bopt:boolControlVC 'True' -/bopt:z3opt:SMT.MBQI 'False' -/deepAsserts 'False' -/di 'False' -/doNotUseLabels 'False' -/noCallTreeReuse 'False' -/noInitPruning 'True' -/nonUniformUnfolding 'False' -/staticInlining 'False' -/trackAllVars 'True' -/useArrayTheoryCheck '2'  
19:14:26.601 [CLI TAE (Master Thread - #0)] ERROR c.u.c.b.a.t.b.c.CommandLineAlgorithmRun - The last 1 lines of output we saw were:
19:14:26.601 [CLI TAE (Master Thread - #0)] ERROR c.u.c.b.a.t.b.c.CommandLineAlgorithmRun - > Result for SMAC: CRASHED, 90000, 0, 0, -1
23:59:05.858 [main] INFO  c.u.c.b.s.c.SequentialModelBasedAlgorithmConfiguration - Updated estimated penalized average runtime (PAR10) of the same incumbent: 8080.655530057623; estimate now based on 35 runs.
00:02:24.079 [main] INFO  c.u.c.b.s.c.SequentialModelBasedAlgorithmConfiguration - Updated estimated penalized average runtime (PAR10) of the same incumbent: 7857.883720331711; estimate now based on 36 runs.
01:37:54.335 [main] INFO  c.u.c.b.s.c.SequentialModelBasedAlgorithmConfiguration - Updated estimated penalized average runtime (PAR10) of the same incumbent: 8186.049025187611; estimate now based on 37 runs.
02:44:05.279 [CLI TAE Observer Threads (2-1)] WARN  c.u.c.b.a.t.d.s.TimingCheckerTargetAlgorithmEvaluator - We have been waiting for 180.065 seconds for a run that should have taken at most 34.41049017791748 seconds.
 The sample call for the run that is delayed is: cd "/proj/SMACK/smac/example_scenarios/seq_rs" ;  ../wrapper.py /proj/SMACK/sv-benchmarks/c/seq-mthreaded/pals_opt-floodmax.4_false-unreach-call.4.ufo.BOUNDED-8.pals_true-termination.c 0 34.41049017791748 2147483647 -1 -/bopt:boolControlVC 'True' -/bopt:z3opt:SMT.MBQI 'False' -/deepAsserts 'True' -/di 'True' -/doNotUseLabels 'False' -/noCallTreeReuse 'True' -/noInitPruning 'True' -/nonUniformUnfolding 'True' -/staticInlining 'False' -/trackAllVars 'False' -/useArrayTheoryCheck '0'  
02:47:07.836 [CLI TAE Observer Threads (2-1)] WARN  c.u.c.b.a.t.d.h.KillCaptimeExceedingRunsRunsTargetAlgorithmEvaluatorDecorator - Killed run <Instance:151, Seed:-1, Config:0x132389, Kappa:34.41049017791748, Execution Config: 0x0001> at 344.49755 for exceeding 10.0 times its cutoff time of 34.41049017791748 (secs)
03:18:32.068 [main] INFO  c.u.c.b.s.c.SequentialModelBasedAlgorithmConfiguration - Updated estimated penalized average runtime (PAR10) of the same incumbent: 8279.36465504841; estimate now based on 39 runs.
03:20:01.075 [main] INFO  c.u.c.b.s.c.SequentialModelBasedAlgorithmConfiguration - Updated estimated penalized average runtime (PAR10) of the same incumbent: 8074.298683994999; estimate now based on 40 runs.
04:25:47.816 [CLI TAE Observer Threads (2-1)] WARN  c.u.c.b.a.t.d.s.TimingCheckerTargetAlgorithmEvaluator - We have been waiting for 180.065 seconds for a run that should have taken at most 56.869150035429 seconds.
 The sample call for the run that is delayed is: cd "/proj/SMACK/smac/example_scenarios/seq_rs" ;  ../wrapper.py /proj/SMACK/sv-benchmarks/c/systemc/token_ring.09_false-unreach-call_false-termination.cil.c 0 56.869150035429 2147483647 -1 -/bopt:boolControlVC 'True' -/bopt:z3opt:SMT.MBQI 'False' -/deepAsserts 'False' -/di 'True' -/doNotUseLabels 'False' -/noCallTreeReuse 'True' -/noInitPruning 'True' -/nonUniformUnfolding 'True' -/staticInlining 'False' -/trackAllVars 'False' -/useArrayTheoryCheck '0'  
05:02:06.527 [main] INFO  c.u.c.b.s.c.SequentialModelBasedAlgorithmConfiguration - Updated estimated penalized average runtime (PAR10) of the same incumbent: 8365.169447799999; estimate now based on 41 runs.
05:07:09.230 [CLI TAE Observer Threads (2-1)] WARN  c.u.c.b.a.t.d.s.TimingCheckerTargetAlgorithmEvaluator - We have been waiting for 302.636 seconds for a run that should have taken at most 100.74615794082285 seconds.
 The sample call for the run that is delayed is: cd "/proj/SMACK/smac/example_scenarios/seq_rs" ;  ../wrapper.py /proj/SMACK/sv-benchmarks/c/seq-mthreaded/pals_lcr-var-start-time.6_false-unreach-call.2.ufo.UNBOUNDED.pals.c 0 100.74615794082285 2147483647 -1 -/bopt:boolControlVC 'True' -/bopt:z3opt:SMT.MBQI 'True' -/bopt:z3opt:SMT.MBQI.MAX_ITERATIONS '3083' -/deepAsserts 'False' -/di 'True' -/doNotUseLabels 'False' -/noCallTreeReuse 'False' -/noInitPruning 'False' -/nonUniformUnfolding 'False' -/staticInlining 'False' -/trackAllVars 'True' -/useArrayTheoryCheck '2'  
05:19:47.536 [CLI TAE Observer Threads (2-1)] WARN  c.u.c.b.a.t.d.h.KillCaptimeExceedingRunsRunsTargetAlgorithmEvaluatorDecorator - Killed run <Instance:117, Seed:-1, Config:0x1522EC, Kappa:100.74615794082285, Execution Config: 0x0001> at 1007.8882499999999 for exceeding 10.0 times its cutoff time of 100.74615794082285 (secs)
06:26:29.070 [main] INFO  c.u.c.b.s.c.SequentialModelBasedAlgorithmConfiguration - Updated estimated penalized average runtime (PAR10) of the same incumbent: 8441.405023624722; estimate now based on 43 runs.
06:58:02.546 [CLI TAE (Master Thread - #0)] ERROR c.u.c.b.a.t.b.c.CommandLineAlgorithmRun - The following algorithm call failed: cd "/proj/SMACK/smac/example_scenarios/seq_rs" ;  ../wrapper.py /proj/SMACK/sv-benchmarks/c/systemc/token_ring.03_true-unreach-call_false-termination.cil.c 0 1158.7581165957927 2147483647 -1 -/bopt:boolControlVC 'True' -/bopt:z3opt:SMT.MBQI 'True' -/bopt:z3opt:SMT.MBQI.MAX_ITERATIONS '20895' -/deepAsserts 'False' -/di 'True' -/doNotUseLabels 'True' -/noCallTreeReuse 'True' -/noInitPruning 'True' -/nonUniformUnfolding 'False' -/staticInlining 'True' -/trackAllVars 'True' -/useArrayTheoryCheck '0'  
06:58:02.546 [CLI TAE (Master Thread - #0)] ERROR c.u.c.b.a.t.b.c.CommandLineAlgorithmRun - The last 1 lines of output we saw were:
06:58:02.546 [CLI TAE (Master Thread - #0)] ERROR c.u.c.b.a.t.b.c.CommandLineAlgorithmRun - > Result for SMAC: CRASHED, 90000, 0, 0, -1
07:29:28.285 [main] INFO  c.u.c.b.s.c.SequentialModelBasedAlgorithmConfiguration - Updated estimated penalized average runtime (PAR10) of the same incumbent: 8704.100363996888; estimate now based on 44 runs.
07:30:05.804 [CLI TAE (Master Thread - #0)] ERROR c.u.c.b.a.t.b.c.CommandLineAlgorithmRun - The following algorithm call failed: cd "/proj/SMACK/smac/example_scenarios/seq_rs" ;  ../wrapper.py /proj/SMACK/sv-benchmarks/c/seq-mthreaded/pals_lcr-var-start-time.5_false-unreach-call.2.ufo.UNBOUNDED.pals.c 0 38.60554917563796 2147483647 -1 -/bopt:boolControlVC 'False' -/bopt:z3opt:SMT.MBQI 'False' -/deepAsserts 'False' -/di 'True' -/doNotUseLabels 'False' -/noCallTreeReuse 'True' -/noInitPruning 'True' -/nonUniformUnfolding 'False' -/staticInlining 'True' -/trackAllVars 'True' -/useArrayTheoryCheck '2'  
07:30:05.805 [CLI TAE (Master Thread - #0)] ERROR c.u.c.b.a.t.b.c.CommandLineAlgorithmRun - The last 1 lines of output we saw were:
07:30:05.805 [CLI TAE (Master Thread - #0)] ERROR c.u.c.b.a.t.b.c.CommandLineAlgorithmRun - > Result for SMAC: CRASHED, 90000, 0, 0, -1
07:30:18.660 [main] INFO  c.u.c.b.s.c.SequentialModelBasedAlgorithmConfiguration - Updated estimated penalized average runtime (PAR10) of the same incumbent: 8326.09166657924; estimate now based on 46 runs.
08:41:52.268 [main] INFO  c.u.c.b.s.c.SequentialModelBasedAlgorithmConfiguration - Updated estimated penalized average runtime (PAR10) of the same incumbent: 8149.056544440851; estimate now based on 47 runs.
09:13:35.471 [CLI TAE (Master Thread - #0)] ERROR c.u.c.b.a.t.b.c.CommandLineAlgorithmRun - The following algorithm call failed: cd "/proj/SMACK/smac/example_scenarios/seq_rs" ;  ../wrapper.py /proj/SMACK/sv-benchmarks/c/systemc/token_ring.10_false-unreach-call_false-termination.cil.c 0 105.24385076795818 2147483647 -1 -/bopt:boolControlVC 'False' -/bopt:z3opt:SMT.MBQI 'False' -/deepAsserts 'True' -/di 'False' -/doNotUseLabels 'False' -/noCallTreeReuse 'False' -/noInitPruning 'True' -/nonUniformUnfolding 'True' -/staticInlining 'True' -/trackAllVars 'True' -/useArrayTheoryCheck '2'  
09:13:35.471 [CLI TAE (Master Thread - #0)] ERROR c.u.c.b.a.t.b.c.CommandLineAlgorithmRun - The last 1 lines of output we saw were:
09:13:35.471 [CLI TAE (Master Thread - #0)] ERROR c.u.c.b.a.t.b.c.CommandLineAlgorithmRun - > Result for SMAC: CRASHED, 90000, 0, 0, -1
09:17:36.579 [main] INFO  c.u.c.b.s.c.SequentialModelBasedAlgorithmConfiguration - Updated estimated penalized average runtime (PAR10) of the same incumbent: 7984.234796494229; estimate now based on 48 runs.
10:52:19.792 [main] INFO  c.u.c.b.s.c.SequentialModelBasedAlgorithmConfiguration - Updated estimated penalized average runtime (PAR10) of the same incumbent: 7665.325204815848; estimate now based on 50 runs.
11:28:32.605 [main] INFO  c.u.c.b.s.c.SequentialModelBasedAlgorithmConfiguration - Updated estimated penalized average runtime (PAR10) of the same incumbent: 7515.243296272598; estimate now based on 51 runs.
11:28:38.119 [CLI TAE (Master Thread - #0)] ERROR c.u.c.b.a.t.b.c.CommandLineAlgorithmRun - The following algorithm call failed: cd "/proj/SMACK/smac/example_scenarios/seq_rs" ;  ../wrapper.py /proj/SMACK/sv-benchmarks/c/systemc/pc_sfifo_2_true-unreach-call_false-termination.cil.c 0 2000.0 2147483647 -1 -/bopt:boolControlVC 'True' -/bopt:z3opt:SMT.MBQI 'True' -/bopt:z3opt:SMT.MBQI.MAX_ITERATIONS '18648' -/deepAsserts 'False' -/di 'True' -/doNotUseLabels 'True' -/noCallTreeReuse 'True' -/noInitPruning 'True' -/nonUniformUnfolding 'True' -/staticInlining 'True' -/trackAllVars 'False' -/useArrayTheoryCheck '2'  
11:28:38.120 [CLI TAE (Master Thread - #0)] ERROR c.u.c.b.a.t.b.c.CommandLineAlgorithmRun - The last 1 lines of output we saw were:
11:28:38.120 [CLI TAE (Master Thread - #0)] ERROR c.u.c.b.a.t.b.c.CommandLineAlgorithmRun - > Result for SMAC: CRASHED, 90000, 0, 0, -1
12:00:08.213 [CLI TAE (Master Thread - #0)] ERROR c.u.c.b.a.t.b.c.CommandLineAlgorithmRun - The following algorithm call failed: cd "/proj/SMACK/smac/example_scenarios/seq_rs" ;  ../wrapper.py /proj/SMACK/sv-benchmarks/c/seq-mthreaded/pals_STARTPALS_ActiveStandby_false-unreach-call.4_2.ufo.UNBOUNDED.pals.c 0 15.835100029009581 2147483647 -1 -/bopt:boolControlVC 'True' -/bopt:z3opt:SMT.MBQI 'True' -/bopt:z3opt:SMT.MBQI.MAX_ITERATIONS '18648' -/deepAsserts 'False' -/di 'True' -/doNotUseLabels 'True' -/noCallTreeReuse 'True' -/noInitPruning 'True' -/nonUniformUnfolding 'True' -/staticInlining 'True' -/trackAllVars 'False' -/useArrayTheoryCheck '2'  
12:00:08.213 [CLI TAE (Master Thread - #0)] ERROR c.u.c.b.a.t.b.c.CommandLineAlgorithmRun - The last 1 lines of output we saw were:
12:00:08.213 [CLI TAE (Master Thread - #0)] ERROR c.u.c.b.a.t.b.c.CommandLineAlgorithmRun - > Result for SMAC: CRASHED, 90000, 0, 0, -1
12:00:08.259 [CLI TAE Callback Threads (3-141)] WARN  c.u.c.b.a.t.d.s.TimingCheckerTargetAlgorithmEvaluator - Algorithm Run Result reported a runtime of 90000.0 (secs) that exceeded it's cutoff time of 15.835100029009581 (secs) by 89984.16489997099 (secs). Next warning at 89985.16489997099 (secs)  
12:31:34.292 [main] INFO  c.u.c.b.s.c.SequentialModelBasedAlgorithmConfiguration - Updated estimated penalized average runtime (PAR10) of the same incumbent: 7755.334771344279; estimate now based on 52 runs.
13:05:26.700 [main] INFO  c.u.c.b.s.c.SequentialModelBasedAlgorithmConfiguration - Updated estimated penalized average runtime (PAR10) of the same incumbent: 7838.692925329547; estimate now based on 54 runs.
14:44:11.853 [main] INFO  c.u.c.b.s.c.SequentialModelBasedAlgorithmConfiguration - Updated estimated penalized average runtime (PAR10) of the same incumbent: 8059.807599414465; estimate now based on 55 runs.
14:44:26.009 [CLI TAE (Master Thread - #0)] ERROR c.u.c.b.a.t.b.c.CommandLineAlgorithmRun - The following algorithm call failed: cd "/proj/SMACK/smac/example_scenarios/seq_rs" ;  ../wrapper.py /proj/SMACK/sv-benchmarks/c/seq-mthreaded/pals_opt-floodmax.5_true-unreach-call.ufo.BOUNDED-10.pals_true-termination.c 0 2000.0 2147483647 -1 -/bopt:boolControlVC 'True' -/bopt:z3opt:SMT.MBQI 'True' -/bopt:z3opt:SMT.MBQI.MAX_ITERATIONS '14796' -/deepAsserts 'False' -/di 'True' -/doNotUseLabels 'False' -/noCallTreeReuse 'False' -/noInitPruning 'False' -/nonUniformUnfolding 'False' -/staticInlining 'True' -/trackAllVars 'True' -/useArrayTheoryCheck '0'  
14:44:26.009 [CLI TAE (Master Thread - #0)] ERROR c.u.c.b.a.t.b.c.CommandLineAlgorithmRun - The last 1 lines of output we saw were:
14:44:26.009 [CLI TAE (Master Thread - #0)] ERROR c.u.c.b.a.t.b.c.CommandLineAlgorithmRun - > Result for SMAC: CRASHED, 90000, 0, 0, -1
14:44:32.530 [CLI TAE (Master Thread - #0)] ERROR c.u.c.b.a.t.b.c.CommandLineAlgorithmRun - The following algorithm call failed: cd "/proj/SMACK/smac/example_scenarios/seq_rs" ;  ../wrapper.py /proj/SMACK/sv-benchmarks/c/seq-mthreaded/pals_STARTPALS_Triplicated_false-unreach-call.2.ufo.UNBOUNDED.pals.c 0 80.10005875338912 2147483647 -1 -/bopt:boolControlVC 'True' -/bopt:z3opt:SMT.MBQI 'True' -/bopt:z3opt:SMT.MBQI.MAX_ITERATIONS '14796' -/deepAsserts 'False' -/di 'True' -/doNotUseLabels 'False' -/noCallTreeReuse 'False' -/noInitPruning 'False' -/nonUniformUnfolding 'False' -/staticInlining 'True' -/trackAllVars 'True' -/useArrayTheoryCheck '0'  
14:44:32.531 [CLI TAE (Master Thread - #0)] ERROR c.u.c.b.a.t.b.c.CommandLineAlgorithmRun - The last 1 lines of output we saw were:
14:44:32.531 [CLI TAE (Master Thread - #0)] ERROR c.u.c.b.a.t.b.c.CommandLineAlgorithmRun - > Result for SMAC: CRASHED, 90000, 0, 0, -1
14:47:28.872 [main] INFO  c.u.c.b.s.c.SequentialModelBasedAlgorithmConfiguration - Updated estimated penalized average runtime (PAR10) of the same incumbent: 7918.964655995349; estimate now based on 56 runs.
15:59:13.586 [CLI TAE (Master Thread - #0)] ERROR c.u.c.b.a.t.b.c.CommandLineAlgorithmRun - The following algorithm call failed: cd "/proj/SMACK/smac/example_scenarios/seq_rs" ;  ../wrapper.py /proj/SMACK/sv-benchmarks/c/systemc/token_ring.09_true-unreach-call_false-termination.cil.c 0 2000.0 2147483647 -1 -/bopt:boolControlVC 'False' -/bopt:z3opt:SMT.MBQI 'False' -/deepAsserts 'True' -/di 'True' -/doNotUseLabels 'True' -/noCallTreeReuse 'False' -/noInitPruning 'False' -/nonUniformUnfolding 'False' -/staticInlining 'True' -/trackAllVars 'False' -/useArrayTheoryCheck '2'  
15:59:13.587 [CLI TAE (Master Thread - #0)] ERROR c.u.c.b.a.t.b.c.CommandLineAlgorithmRun - The last 1 lines of output we saw were:
15:59:13.587 [CLI TAE (Master Thread - #0)] ERROR c.u.c.b.a.t.b.c.CommandLineAlgorithmRun - > Result for SMAC: CRASHED, 90000, 0, 0, -1
15:59:21.773 [CLI TAE (Master Thread - #0)] ERROR c.u.c.b.a.t.b.c.CommandLineAlgorithmRun - The following algorithm call failed: cd "/proj/SMACK/smac/example_scenarios/seq_rs" ;  ../wrapper.py /proj/SMACK/sv-benchmarks/c/systemc/token_ring.03_true-unreach-call_false-termination.cil.c 0 1181.1567538309573 2147483647 -1 -/bopt:boolControlVC 'False' -/bopt:z3opt:SMT.MBQI 'False' -/deepAsserts 'True' -/di 'True' -/doNotUseLabels 'True' -/noCallTreeReuse 'False' -/noInitPruning 'False' -/nonUniformUnfolding 'False' -/staticInlining 'True' -/trackAllVars 'False' -/useArrayTheoryCheck '2'  
15:59:21.773 [CLI TAE (Master Thread - #0)] ERROR c.u.c.b.a.t.b.c.CommandLineAlgorithmRun - The last 1 lines of output we saw were:
15:59:21.773 [CLI TAE (Master Thread - #0)] ERROR c.u.c.b.a.t.b.c.CommandLineAlgorithmRun - > Result for SMAC: CRASHED, 90000, 0, 0, -1
16:16:05.173 [main] INFO  c.u.c.b.s.c.SequentialModelBasedAlgorithmConfiguration - Updated estimated penalized average runtime (PAR10) of the same incumbent: 7661.810367876065; estimate now based on 58 runs.
17:50:48.275 [main] INFO  c.u.c.b.s.c.SequentialModelBasedAlgorithmConfiguration - Updated estimated penalized average runtime (PAR10) of the same incumbent: 7870.932226047657; estimate now based on 59 runs.
18:30:06.737 [CLI TAE Observer Threads (2-3)] WARN  c.u.c.b.a.t.d.s.TimingCheckerTargetAlgorithmEvaluator - We have been waiting for 278.72 seconds for a run that should have taken at most 92.78473387320639 seconds.
 The sample call for the run that is delayed is: cd "/proj/SMACK/smac/example_scenarios/seq_rs" ;  ../wrapper.py /proj/SMACK/sv-benchmarks/c/systemc/token_ring.10_false-unreach-call_false-termination.cil.c 0 92.78473387320639 2147483647 -1 -/bopt:boolControlVC 'False' -/bopt:z3opt:SMT.MBQI 'True' -/bopt:z3opt:SMT.MBQI.MAX_ITERATIONS '20765' -/deepAsserts 'True' -/di 'True' -/doNotUseLabels 'False' -/noCallTreeReuse 'False' -/noInitPruning 'True' -/nonUniformUnfolding 'False' -/staticInlining 'False' -/trackAllVars 'False' -/useArrayTheoryCheck '1'  
18:34:56.039 [main] INFO  c.u.c.b.s.c.SequentialModelBasedAlgorithmConfiguration - Updated estimated penalized average runtime (PAR10) of the same incumbent: 7942.485274424292; estimate now based on 61 runs.
19:11:10.659 [CLI TAE Observer Threads (2-3)] WARN  c.u.c.b.a.t.d.s.TimingCheckerTargetAlgorithmEvaluator - We have been waiting for 281.195 seconds for a run that should have taken at most 93.72031240572335 seconds.
 The sample call for the run that is delayed is: cd "/proj/SMACK/smac/example_scenarios/seq_rs" ;  ../wrapper.py /proj/SMACK/sv-benchmarks/c/seq-mthreaded/pals_lcr-var-start-time.6_true-unreach-call.ufo.BOUNDED-12.pals_true-termination.c 0 93.72031240572335 2147483647 -1 -/bopt:boolControlVC 'False' -/bopt:z3opt:SMT.MBQI 'True' -/bopt:z3opt:SMT.MBQI.MAX_ITERATIONS '14085' -/deepAsserts 'True' -/di 'True' -/doNotUseLabels 'True' -/noCallTreeReuse 'True' -/noInitPruning 'False' -/nonUniformUnfolding 'True' -/staticInlining 'False' -/trackAllVars 'True' -/useArrayTheoryCheck '0'  
19:12:11.933 [main] INFO  c.u.c.b.s.c.SequentialModelBasedAlgorithmConfiguration - Updated estimated penalized average runtime (PAR10) of the same incumbent: 7814.520488742834; estimate now based on 62 runs.
19:12:37.403 [main] INFO  c.u.c.b.s.c.SequentialModelBasedAlgorithmConfiguration - Updated estimated penalized average runtime (PAR10) of the same incumbent: 7690.697154082923; estimate now based on 63 runs.
19:12:46.311 [CLI TAE (Master Thread - #0)] ERROR c.u.c.b.a.t.b.c.CommandLineAlgorithmRun - The following algorithm call failed: cd "/proj/SMACK/smac/example_scenarios/seq_rs" ;  ../wrapper.py /proj/SMACK/sv-benchmarks/c/systemc/token_ring.03_true-unreach-call_false-termination.cil.c 0 1147.7462633404612 2147483647 -1 -/bopt:boolControlVC 'False' -/bopt:z3opt:SMT.MBQI 'False' -/deepAsserts 'False' -/di 'True' -/doNotUseLabels 'True' -/noCallTreeReuse 'False' -/noInitPruning 'False' -/nonUniformUnfolding 'False' -/staticInlining 'True' -/trackAllVars 'True' -/useArrayTheoryCheck '1'  
19:12:46.311 [CLI TAE (Master Thread - #0)] ERROR c.u.c.b.a.t.b.c.CommandLineAlgorithmRun - The last 1 lines of output we saw were:
19:12:46.311 [CLI TAE (Master Thread - #0)] ERROR c.u.c.b.a.t.b.c.CommandLineAlgorithmRun - > Result for SMAC: CRASHED, 90000, 0, 0, -1
19:48:16.735 [main] INFO  c.u.c.b.s.c.SequentialModelBasedAlgorithmConfiguration - Updated estimated penalized average runtime (PAR10) of the same incumbent: 7762.014775848364; estimate now based on 65 runs.
19:48:51.367 [main] INFO  c.u.c.b.s.c.SequentialModelBasedAlgorithmConfiguration - Updated estimated penalized average runtime (PAR10) of the same incumbent: 7644.540661894889; estimate now based on 66 runs.
19:50:57.753 [CLI TAE Observer Threads (2-3)] WARN  c.u.c.b.a.t.d.h.KillCaptimeExceedingRunsRunsTargetAlgorithmEvaluatorDecorator - Killed run <Instance:36, Seed:-1, Config:0x227DA1, Kappa:11.943522364246846, Execution Config: 0x0001> at 119.74749999999999 for exceeding 10.0 times its cutoff time of 11.943522364246846 (secs)
20:22:25.992 [main] INFO  c.u.c.b.s.c.SequentialModelBasedAlgorithmConfiguration - Updated estimated penalized average runtime (PAR10) of the same incumbent: 7828.950502762129; estimate now based on 67 runs.
22:10:14.734 [CLI TAE Observer Threads (2-3)] WARN  c.u.c.b.a.t.d.s.TimingCheckerTargetAlgorithmEvaluator - We have been waiting for 180.376 seconds for a run that should have taken at most 27.611390583562855 seconds.
 The sample call for the run that is delayed is: cd "/proj/SMACK/smac/example_scenarios/seq_rs" ;  ../wrapper.py /proj/SMACK/sv-benchmarks/c/systemc/transmitter.15_false-unreach-call_false-termination.cil.c 0 27.611390583562855 2147483647 -1 -/bopt:boolControlVC 'True' -/bopt:z3opt:SMT.MBQI 'True' -/bopt:z3opt:SMT.MBQI.MAX_ITERATIONS '2126' -/deepAsserts 'True' -/di 'False' -/doNotUseLabels 'True' -/noCallTreeReuse 'True' -/noInitPruning 'False' -/nonUniformUnfolding 'False' -/staticInlining 'False' -/trackAllVars 'True' -/useArrayTheoryCheck '0'  
22:43:16.763 [main] INFO  c.u.c.b.s.c.SequentialModelBasedAlgorithmConfiguration - Updated estimated penalized average runtime (PAR10) of the same incumbent: 7892.280506507187; estimate now based on 69 runs.
00:19:26.178 [main] INFO  c.u.c.b.s.c.SequentialModelBasedAlgorithmConfiguration - Updated estimated penalized average runtime (PAR10) of the same incumbent: 7779.746585014866; estimate now based on 70 runs.
01:09:45.941 [main] INFO  c.u.c.b.s.c.SequentialModelBasedAlgorithmConfiguration - Updated estimated penalized average runtime (PAR10) of the same incumbent: 7682.592301143699; estimate now based on 71 runs.
01:09:56.945 [CLI TAE (Master Thread - #0)] ERROR c.u.c.b.a.t.b.c.CommandLineAlgorithmRun - The following algorithm call failed: cd "/proj/SMACK/smac/example_scenarios/seq_rs" ;  ../wrapper.py /proj/SMACK/sv-benchmarks/c/systemc/transmitter.15_false-unreach-call_false-termination.cil.c 0 11.943522364246846 2147483647 -1 -/bopt:boolControlVC 'True' -/bopt:z3opt:SMT.MBQI 'True' -/bopt:z3opt:SMT.MBQI.MAX_ITERATIONS '13305' -/deepAsserts 'True' -/di 'True' -/doNotUseLabels 'False' -/noCallTreeReuse 'True' -/noInitPruning 'False' -/nonUniformUnfolding 'False' -/staticInlining 'True' -/trackAllVars 'True' -/useArrayTheoryCheck '2'  
01:09:56.946 [CLI TAE (Master Thread - #0)] ERROR c.u.c.b.a.t.b.c.CommandLineAlgorithmRun - The last 1 lines of output we saw were:
01:09:56.946 [CLI TAE (Master Thread - #0)] ERROR c.u.c.b.a.t.b.c.CommandLineAlgorithmRun - > Result for SMAC: CRASHED, 90000, 0, 0, -1
01:09:56.988 [CLI TAE Callback Threads (3-180)] WARN  c.u.c.b.a.t.d.s.TimingCheckerTargetAlgorithmEvaluator - Algorithm Run Result reported a runtime of 90000.0 (secs) that exceeded it's cutoff time of 11.943522364246846 (secs) by 89988.05647763575 (secs). Next warning at 89989.05647763575 (secs)  
02:44:37.260 [main] INFO  c.u.c.b.s.c.SequentialModelBasedAlgorithmConfiguration - Updated estimated penalized average runtime (PAR10) of the same incumbent: 7746.2243992465565; estimate now based on 73 runs.
02:47:24.735 [CLI TAE Observer Threads (2-3)] WARN  c.u.c.b.a.t.d.h.KillCaptimeExceedingRunsRunsTargetAlgorithmEvaluatorDecorator - Killed run <Instance:68, Seed:-1, Config:0x284D1C, Kappa:15.832500614571572, Execution Config: 0x0001> at 158.72124999999997 for exceeding 10.0 times its cutoff time of 15.832500614571572 (secs)
03:18:53.914 [main] INFO  c.u.c.b.s.c.SequentialModelBasedAlgorithmConfiguration - Updated estimated penalized average runtime (PAR10) of the same incumbent: 7911.815961418899; estimate now based on 74 runs.
05:07:11.413 [CLI TAE Observer Threads (2-3)] WARN  c.u.c.b.a.t.d.s.TimingCheckerTargetAlgorithmEvaluator - We have been waiting for 676.25 seconds for a run that should have taken at most 225.3887994106591 seconds.
 The sample call for the run that is delayed is: cd "/proj/SMACK/smac/example_scenarios/seq_rs" ;  ../wrapper.py /proj/SMACK/sv-benchmarks/c/seq-mthreaded/pals_opt-floodmax.5_false-unreach-call.3.ufo.BOUNDED-10.pals_true-termination.c 0 225.3887994106591 2147483647 -1 -/bopt:boolControlVC 'True' -/bopt:z3opt:SMT.MBQI 'False' -/deepAsserts 'False' -/di 'False' -/doNotUseLabels 'False' -/noCallTreeReuse 'True' -/noInitPruning 'False' -/nonUniformUnfolding 'True' -/staticInlining 'False' -/trackAllVars 'False' -/useArrayTheoryCheck '0'  
05:58:47.667 [main] INFO  c.u.c.b.s.c.SequentialModelBasedAlgorithmConfiguration - Updated estimated penalized average runtime (PAR10) of the same incumbent: 8229.926067697348; estimate now based on 76 runs.
06:05:30.534 [main] INFO  c.u.c.b.s.c.SequentialModelBasedAlgorithmConfiguration - Updated estimated penalized average runtime (PAR10) of the same incumbent: 8123.176506701978; estimate now based on 77 runs.
06:49:50.415 [CLI TAE Observer Threads (2-3)] WARN  c.u.c.b.a.t.d.s.TimingCheckerTargetAlgorithmEvaluator - We have been waiting for 776.779 seconds for a run that should have taken at most 258.7966892759979 seconds.
 The sample call for the run that is delayed is: cd "/proj/SMACK/smac/example_scenarios/seq_rs" ;  ../wrapper.py /proj/SMACK/sv-benchmarks/c/seq-mthreaded/pals_opt-floodmax.5_false-unreach-call.3.ufo.BOUNDED-10.pals_true-termination.c 0 258.7966892759979 2147483647 -1 -/bopt:boolControlVC 'False' -/bopt:z3opt:SMT.MBQI 'False' -/deepAsserts 'False' -/di 'True' -/doNotUseLabels 'False' -/noCallTreeReuse 'False' -/noInitPruning 'True' -/nonUniformUnfolding 'True' -/staticInlining 'False' -/trackAllVars 'False' -/useArrayTheoryCheck '2'  
07:11:38.574 [main] INFO  c.u.c.b.s.c.SequentialModelBasedAlgorithmConfiguration - Updated estimated penalized average runtime (PAR10) of the same incumbent: 8021.554961601874; estimate now based on 78 runs.
07:14:39.051 [CLI TAE Observer Threads (2-3)] WARN  c.u.c.b.a.t.d.s.TimingCheckerTargetAlgorithmEvaluator - We have been waiting for 180.098 seconds for a run that should have taken at most 21.23944246058464 seconds.
 The sample call for the run that is delayed is: cd "/proj/SMACK/smac/example_scenarios/seq_rs" ;  ../wrapper.py /proj/SMACK/sv-benchmarks/c/seq-mthreaded/pals_opt-floodmax.4_false-unreach-call.2.ufo.BOUNDED-8.pals_true-termination.c 0 21.23944246058464 2147483647 -1 -/bopt:boolControlVC 'False' -/bopt:z3opt:SMT.MBQI 'False' -/deepAsserts 'True' -/di 'True' -/doNotUseLabels 'False' -/noCallTreeReuse 'False' -/noInitPruning 'True' -/nonUniformUnfolding 'False' -/staticInlining 'False' -/trackAllVars 'False' -/useArrayTheoryCheck '2'  
07:15:22.220 [CLI TAE Observer Threads (2-3)] WARN  c.u.c.b.a.t.d.h.KillCaptimeExceedingRunsRunsTargetAlgorithmEvaluatorDecorator - Killed run <Instance:147, Seed:-1, Config:0x2C4067, Kappa:21.23944246058464, Execution Config: 0x0001> at 212.4333 for exceeding 10.0 times its cutoff time of 21.23944246058464 (secs)
07:15:38.381 [CLI TAE (Master Thread - #0)] ERROR c.u.c.b.a.t.b.c.CommandLineAlgorithmRun - The following algorithm call failed: cd "/proj/SMACK/smac/example_scenarios/seq_rs" ;  ../wrapper.py /proj/SMACK/sv-benchmarks/c/systemc/pc_sfifo_2_true-unreach-call_false-termination.cil.c 0 2000.0 2147483647 -1 -/bopt:boolControlVC 'True' -/bopt:z3opt:SMT.MBQI 'True' -/bopt:z3opt:SMT.MBQI.MAX_ITERATIONS '30993' -/deepAsserts 'False' -/di 'False' -/doNotUseLabels 'True' -/noCallTreeReuse 'False' -/noInitPruning 'False' -/nonUniformUnfolding 'True' -/staticInlining 'True' -/trackAllVars 'False' -/useArrayTheoryCheck '1'  
07:15:38.381 [CLI TAE (Master Thread - #0)] ERROR c.u.c.b.a.t.b.c.CommandLineAlgorithmRun - The last 1 lines of output we saw were:
07:15:38.381 [CLI TAE (Master Thread - #0)] ERROR c.u.c.b.a.t.b.c.CommandLineAlgorithmRun - > Result for SMAC: CRASHED, 90000, 0, 0, -1
07:15:43.431 [CLI TAE (Master Thread - #0)] ERROR c.u.c.b.a.t.b.c.CommandLineAlgorithmRun - The following algorithm call failed: cd "/proj/SMACK/smac/example_scenarios/seq_rs" ;  ../wrapper.py /proj/SMACK/sv-benchmarks/c/seq-mthreaded/pals_lcr.3_overflow_false-unreach-call.ufo.UNBOUNDED.pals.c 0 2000.0 2147483647 -1 -/bopt:boolControlVC 'True' -/bopt:z3opt:SMT.MBQI 'True' -/bopt:z3opt:SMT.MBQI.MAX_ITERATIONS '30993' -/deepAsserts 'False' -/di 'False' -/doNotUseLabels 'True' -/noCallTreeReuse 'False' -/noInitPruning 'False' -/nonUniformUnfolding 'True' -/staticInlining 'True' -/trackAllVars 'False' -/useArrayTheoryCheck '1'  
07:15:43.431 [CLI TAE (Master Thread - #0)] ERROR c.u.c.b.a.t.b.c.CommandLineAlgorithmRun - The last 1 lines of output we saw were:
07:15:43.431 [CLI TAE (Master Thread - #0)] ERROR c.u.c.b.a.t.b.c.CommandLineAlgorithmRun - > Result for SMAC: CRASHED, 90000, 0, 0, -1
07:15:55.506 [CLI TAE (Master Thread - #0)] ERROR c.u.c.b.a.t.b.c.CommandLineAlgorithmRun - The following algorithm call failed: cd "/proj/SMACK/smac/example_scenarios/seq_rs" ;  ../wrapper.py /proj/SMACK/sv-benchmarks/c/seq-mthreaded/pals_opt-floodmax.5_false-unreach-call.1.ufo.BOUNDED-10.pals_true-termination.c 0 309.9016359898925 2147483647 -1 -/bopt:boolControlVC 'True' -/bopt:z3opt:SMT.MBQI 'True' -/bopt:z3opt:SMT.MBQI.MAX_ITERATIONS '30993' -/deepAsserts 'False' -/di 'False' -/doNotUseLabels 'True' -/noCallTreeReuse 'False' -/noInitPruning 'False' -/nonUniformUnfolding 'True' -/staticInlining 'True' -/trackAllVars 'False' -/useArrayTheoryCheck '1'  
07:15:55.506 [CLI TAE (Master Thread - #0)] ERROR c.u.c.b.a.t.b.c.CommandLineAlgorithmRun - The last 1 lines of output we saw were:
07:15:55.506 [CLI TAE (Master Thread - #0)] ERROR c.u.c.b.a.t.b.c.CommandLineAlgorithmRun - > Result for SMAC: CRASHED, 90000, 0, 0, -1
07:16:14.109 [main] INFO  c.u.c.b.s.c.SequentialModelBasedAlgorithmConfiguration - Updated estimated penalized average runtime (PAR10) of the same incumbent: 7821.305936437828; estimate now based on 80 runs.
07:16:37.620 [main] INFO  c.u.c.b.s.c.SequentialModelBasedAlgorithmConfiguration - Updated estimated penalized average runtime (PAR10) of the same incumbent: 7724.833958581624; estimate now based on 81 runs.
07:16:43.301 [CLI TAE (Master Thread - #0)] ERROR c.u.c.b.a.t.b.c.CommandLineAlgorithmRun - The following algorithm call failed: cd "/proj/SMACK/smac/example_scenarios/seq_rs" ;  ../wrapper.py /proj/SMACK/sv-benchmarks/c/seq-mthreaded/pals_lcr-var-start-time.6_false-unreach-call.1.ufo.UNBOUNDED.pals.c 0 113.353751402694 2147483647 -1 -/bopt:boolControlVC 'True' -/bopt:z3opt:SMT.MBQI 'True' -/bopt:z3opt:SMT.MBQI.MAX_ITERATIONS '307' -/deepAsserts 'True' -/di 'True' -/doNotUseLabels 'False' -/noCallTreeReuse 'False' -/noInitPruning 'True' -/nonUniformUnfolding 'False' -/staticInlining 'True' -/trackAllVars 'False' -/useArrayTheoryCheck '2'  
07:16:43.302 [CLI TAE (Master Thread - #0)] ERROR c.u.c.b.a.t.b.c.CommandLineAlgorithmRun - The last 1 lines of output we saw were:
07:16:43.302 [CLI TAE (Master Thread - #0)] ERROR c.u.c.b.a.t.b.c.CommandLineAlgorithmRun - > Result for SMAC: CRASHED, 90000, 0, 0, -1
07:48:12.221 [main] INFO  c.u.c.b.s.c.SequentialModelBasedAlgorithmConfiguration - Updated estimated penalized average runtime (PAR10) of the same incumbent: 7874.53110542819; estimate now based on 82 runs.
08:51:14.517 [CLI TAE (Master Thread - #0)] ERROR c.u.c.b.a.t.b.c.CommandLineAlgorithmRun - The following algorithm call failed: cd "/proj/SMACK/smac/example_scenarios/seq_rs" ;  ../wrapper.py /proj/SMACK/sv-benchmarks/c/seq-mthreaded/pals_STARTPALS_ActiveStandby_false-unreach-call.1.ufo.UNBOUNDED.pals.c 0 20.189081680375338 2147483647 -1 -/bopt:boolControlVC 'False' -/bopt:z3opt:SMT.MBQI 'False' -/deepAsserts 'True' -/di 'True' -/doNotUseLabels 'False' -/noCallTreeReuse 'True' -/noInitPruning 'True' -/nonUniformUnfolding 'True' -/staticInlining 'True' -/trackAllVars 'False' -/useArrayTheoryCheck '1'  
08:51:14.518 [CLI TAE (Master Thread - #0)] ERROR c.u.c.b.a.t.b.c.CommandLineAlgorithmRun - The last 1 lines of output we saw were:
08:51:14.518 [CLI TAE (Master Thread - #0)] ERROR c.u.c.b.a.t.b.c.CommandLineAlgorithmRun - > Result for SMAC: CRASHED, 90000, 0, 0, -1
08:51:29.272 [main] INFO  c.u.c.b.s.c.SequentialModelBasedAlgorithmConfiguration - Updated estimated penalized average runtime (PAR10) of the same incumbent: 7687.245883740113; estimate now based on 84 runs.
09:54:35.604 [main] INFO  c.u.c.b.s.c.SequentialModelBasedAlgorithmConfiguration - Updated estimated penalized average runtime (PAR10) of the same incumbent: 7596.9145784237635; estimate now based on 85 runs.
13:39:17.659 [main] INFO  c.u.c.b.s.c.SequentialModelBasedAlgorithmConfiguration - Updated estimated penalized average runtime (PAR10) of the same incumbent: 7508.8599087803705; estimate now based on 86 runs.
13:52:08.446 [CLI TAE Observer Threads (2-3)] WARN  c.u.c.b.a.t.d.s.TimingCheckerTargetAlgorithmEvaluator - We have been waiting for 770.445 seconds for a run that should have taken at most 256.70738600974084 seconds.
 The sample call for the run that is delayed is: cd "/proj/SMACK/smac/example_scenarios/seq_rs" ;  ../wrapper.py /proj/SMACK/sv-benchmarks/c/seq-mthreaded/pals_opt-floodmax.5_false-unreach-call.3.ufo.UNBOUNDED.pals.c 0 256.70738600974084 2147483647 -1 -/bopt:boolControlVC 'True' -/bopt:z3opt:SMT.MBQI 'False' -/deepAsserts 'False' -/di 'False' -/doNotUseLabels 'False' -/noCallTreeReuse 'True' -/noInitPruning 'False' -/nonUniformUnfolding 'False' -/staticInlining 'False' -/trackAllVars 'False' -/useArrayTheoryCheck '0'  
14:42:49.124 [CLI TAE (Master Thread - #0)] ERROR c.u.c.b.a.t.b.c.CommandLineAlgorithmRun - The following algorithm call failed: cd "/proj/SMACK/smac/example_scenarios/seq_rs" ;  ../wrapper.py /proj/SMACK/sv-benchmarks/c/seq-pthread/cs_stack_true-unreach-call.i 0 2000.0 2147483647 -1 -/bopt:boolControlVC 'False' -/bopt:z3opt:SMT.MBQI 'True' -/bopt:z3opt:SMT.MBQI.MAX_ITERATIONS '25772' -/deepAsserts 'False' -/di 'False' -/doNotUseLabels 'False' -/noCallTreeReuse 'False' -/noInitPruning 'True' -/nonUniformUnfolding 'False' -/staticInlining 'True' -/trackAllVars 'False' -/useArrayTheoryCheck '1'  
14:42:49.125 [CLI TAE (Master Thread - #0)] ERROR c.u.c.b.a.t.b.c.CommandLineAlgorithmRun - The last 1 lines of output we saw were:
14:42:49.125 [CLI TAE (Master Thread - #0)] ERROR c.u.c.b.a.t.b.c.CommandLineAlgorithmRun - > Result for SMAC: CRASHED, 90000, 0, 0, -1
15:14:19.422 [CLI TAE (Master Thread - #0)] ERROR c.u.c.b.a.t.b.c.CommandLineAlgorithmRun - The following algorithm call failed: cd "/proj/SMACK/smac/example_scenarios/seq_rs" ;  ../wrapper.py /proj/SMACK/sv-benchmarks/c/seq-mthreaded/pals_floodmax.3_false-unreach-call.1.ufo.BOUNDED-6.pals_true-termination.c 0 12.815611984926463 2147483647 -1 -/bopt:boolControlVC 'False' -/bopt:z3opt:SMT.MBQI 'True' -/bopt:z3opt:SMT.MBQI.MAX_ITERATIONS '25772' -/deepAsserts 'False' -/di 'False' -/doNotUseLabels 'False' -/noCallTreeReuse 'False' -/noInitPruning 'True' -/nonUniformUnfolding 'False' -/staticInlining 'True' -/trackAllVars 'False' -/useArrayTheoryCheck '1'  
15:14:19.422 [CLI TAE (Master Thread - #0)] ERROR c.u.c.b.a.t.b.c.CommandLineAlgorithmRun - The last 1 lines of output we saw were:
15:14:19.422 [CLI TAE (Master Thread - #0)] ERROR c.u.c.b.a.t.b.c.CommandLineAlgorithmRun - > Result for SMAC: CRASHED, 90000, 0, 0, -1
15:14:32.053 [main] INFO  c.u.c.b.s.c.SequentialModelBasedAlgorithmConfiguration - Updated estimated penalized average runtime (PAR10) of the same incumbent: 7565.559388683585; estimate now based on 88 runs.
18:09:15.098 [CLI TAE (Master Thread - #0)] ERROR c.u.c.b.a.t.b.c.CommandLineAlgorithmRun - The following algorithm call failed: cd "/proj/SMACK/smac/example_scenarios/seq_rs" ;  ../wrapper.py /proj/SMACK/sv-benchmarks/c/seq-mthreaded/rekcba_nxt_false-unreach-call.2.M4.c 0 2000.0 2147483647 -1 -/bopt:boolControlVC 'True' -/bopt:z3opt:SMT.MBQI 'True' -/bopt:z3opt:SMT.MBQI.MAX_ITERATIONS '19410' -/deepAsserts 'False' -/di 'False' -/doNotUseLabels 'True' -/noCallTreeReuse 'False' -/noInitPruning 'False' -/nonUniformUnfolding 'False' -/staticInlining 'False' -/trackAllVars 'True' -/useArrayTheoryCheck '0'  
18:09:15.099 [CLI TAE (Master Thread - #0)] ERROR c.u.c.b.a.t.b.c.CommandLineAlgorithmRun - The last 1 lines of output we saw were:
18:09:15.099 [CLI TAE (Master Thread - #0)] ERROR c.u.c.b.a.t.b.c.CommandLineAlgorithmRun - > Result for SMAC: CRASHED, 90000, 0, 0, -1
18:09:16.018 [main] INFO  c.u.c.b.s.c.SequentialModelBasedAlgorithmConfiguration - Updated estimated penalized average runtime (PAR10) of the same incumbent: 7705.272204541073; estimate now based on 89 runs.
18:42:18.058 [main] INFO  c.u.c.b.s.c.SequentialModelBasedAlgorithmConfiguration - Updated estimated penalized average runtime (PAR10) of the same incumbent: 7755.941464264299; estimate now based on 91 runs.
19:16:40.807 [main] INFO  c.u.c.b.s.c.SequentialModelBasedAlgorithmConfiguration - Updated estimated penalized average runtime (PAR10) of the same incumbent: 7889.029057044034; estimate now based on 92 runs.
19:51:04.754 [CLI TAE Observer Threads (2-3)] WARN  c.u.c.b.a.t.d.s.TimingCheckerTargetAlgorithmEvaluator - We have been waiting for 180.073 seconds for a run that should have taken at most 36.0719409662962 seconds.
 The sample call for the run that is delayed is: cd "/proj/SMACK/smac/example_scenarios/seq_rs" ;  ../wrapper.py /proj/SMACK/sv-benchmarks/c/seq-mthreaded/pals_opt-floodmax.4_false-unreach-call.2.ufo.BOUNDED-8.pals_true-termination.c 0 36.0719409662962 2147483647 -1 -/bopt:boolControlVC 'False' -/bopt:z3opt:SMT.MBQI 'False' -/deepAsserts 'False' -/di 'False' -/doNotUseLabels 'False' -/noCallTreeReuse 'False' -/noInitPruning 'False' -/nonUniformUnfolding 'True' -/staticInlining 'False' -/trackAllVars 'False' -/useArrayTheoryCheck '0'  
19:54:24.476 [CLI TAE Observer Threads (2-3)] WARN  c.u.c.b.a.t.d.h.KillCaptimeExceedingRunsRunsTargetAlgorithmEvaluatorDecorator - Killed run <Instance:147, Seed:-1, Config:0x37A1AA, Kappa:36.0719409662962, Execution Config: 0x0001> at 361.14439999999996 for exceeding 10.0 times its cutoff time of 36.0719409662962 (secs)
19:54:33.883 [main] INFO  c.u.c.b.s.c.SequentialModelBasedAlgorithmConfiguration - Updated estimated penalized average runtime (PAR10) of the same incumbent: 7804.287793259451; estimate now based on 93 runs.
22:35:18.592 [CLI TAE Observer Threads (2-3)] WARN  c.u.c.b.a.t.d.s.TimingCheckerTargetAlgorithmEvaluator - We have been waiting for 180.061 seconds for a run that should have taken at most 50.03110523183942 seconds.
 The sample call for the run that is delayed is: cd "/proj/SMACK/smac/example_scenarios/seq_rs" ;  ../wrapper.py /proj/SMACK/sv-benchmarks/c/seq-mthreaded/pals_opt-floodmax.4_false-unreach-call.4.ufo.BOUNDED-8.pals_true-termination.c 0 50.03110523183942 2147483647 -1 -/bopt:boolControlVC 'True' -/bopt:z3opt:SMT.MBQI 'True' -/bopt:z3opt:SMT.MBQI.MAX_ITERATIONS '15742' -/deepAsserts 'False' -/di 'False' -/doNotUseLabels 'False' -/noCallTreeReuse 'False' -/noInitPruning 'False' -/nonUniformUnfolding 'False' -/staticInlining 'False' -/trackAllVars 'True' -/useArrayTheoryCheck '2'  
22:41:04.984 [CLI TAE Observer Threads (2-3)] WARN  c.u.c.b.a.t.d.h.KillCaptimeExceedingRunsRunsTargetAlgorithmEvaluatorDecorator - Killed run <Instance:151, Seed:-1, Config:0x38EA08, Kappa:50.03110523183942, Execution Config: 0x0001> at 500.3631 for exceeding 10.0 times its cutoff time of 50.03110523183942 (secs)
23:18:27.005 [main] INFO  c.u.c.b.s.c.SequentialModelBasedAlgorithmConfiguration - Updated estimated penalized average runtime (PAR10) of the same incumbent: 7852.6520428757785; estimate now based on 95 runs.
23:20:16.142 [CLI TAE (Master Thread - #0)] ERROR c.u.c.b.a.t.b.c.CommandLineAlgorithmRun - The following algorithm call failed: cd "/proj/SMACK/smac/example_scenarios/seq_rs" ;  ../wrapper.py /proj/SMACK/sv-benchmarks/c/systemc/token_ring.11_false-unreach-call_false-termination.cil.c 0 223.4309451546252 2147483647 -1 -/bopt:boolControlVC 'True' -/bopt:z3opt:SMT.MBQI 'True' -/bopt:z3opt:SMT.MBQI.MAX_ITERATIONS '30151' -/deepAsserts 'True' -/di 'True' -/doNotUseLabels 'False' -/noCallTreeReuse 'True' -/noInitPruning 'False' -/nonUniformUnfolding 'True' -/staticInlining 'True' -/trackAllVars 'True' -/useArrayTheoryCheck '1'  
23:20:16.147 [CLI TAE (Master Thread - #0)] ERROR c.u.c.b.a.t.b.c.CommandLineAlgorithmRun - The last 1 lines of output we saw were:
23:20:16.147 [CLI TAE (Master Thread - #0)] ERROR c.u.c.b.a.t.b.c.CommandLineAlgorithmRun - > Result for SMAC: CRASHED, 90000, 0, 0, -1
23:51:46.300 [main] INFO  c.u.c.b.s.c.SequentialModelBasedAlgorithmConfiguration - Updated estimated penalized average runtime (PAR10) of the same incumbent: 7979.186917429158; estimate now based on 96 runs.
01:07:01.114 [CLI TAE Observer Threads (2-3)] WARN  c.u.c.b.a.t.d.s.TimingCheckerTargetAlgorithmEvaluator - We have been waiting for 427.668 seconds for a run that should have taken at most 142.55136594955923 seconds.
 The sample call for the run that is delayed is: cd "/proj/SMACK/smac/example_scenarios/seq_rs" ;  ../wrapper.py /proj/SMACK/sv-benchmarks/c/seq-mthreaded/rekh_aso_false-unreach-call.2.M4.c 0 142.55136594955923 2147483647 -1 -/bopt:boolControlVC 'True' -/bopt:z3opt:SMT.MBQI 'False' -/deepAsserts 'False' -/di 'True' -/doNotUseLabels 'True' -/noCallTreeReuse 'False' -/noInitPruning 'True' -/nonUniformUnfolding 'True' -/staticInlining 'False' -/trackAllVars 'False' -/useArrayTheoryCheck '0'  
01:24:54.094 [CLI TAE Observer Threads (2-3)] WARN  c.u.c.b.a.t.d.h.KillCaptimeExceedingRunsRunsTargetAlgorithmEvaluatorDecorator - Killed run <Instance:180, Seed:-1, Config:0x3C3FAF, Kappa:142.55136594955923, Execution Config: 0x0001> at 1425.9804 for exceeding 10.0 times its cutoff time of 142.55136594955923 (secs)
01:27:18.187 [main] INFO  c.u.c.b.s.c.SequentialModelBasedAlgorithmConfiguration - Updated estimated penalized average runtime (PAR10) of the same incumbent: 7898.4043386326475; estimate now based on 97 runs.
01:58:49.270 [CLI TAE (Master Thread - #0)] ERROR c.u.c.b.a.t.b.c.CommandLineAlgorithmRun - The following algorithm call failed: cd "/proj/SMACK/smac/example_scenarios/seq_rs" ;  ../wrapper.py /proj/SMACK/sv-benchmarks/c/seq-mthreaded/pals_lcr-var-start-time.3_false-unreach-call.2.ufo.BOUNDED-6.pals_true-termination.c 0 2000.0 2147483647 -1 -/bopt:boolControlVC 'False' -/bopt:z3opt:SMT.MBQI 'True' -/bopt:z3opt:SMT.MBQI.MAX_ITERATIONS '7582' -/deepAsserts 'True' -/di 'False' -/doNotUseLabels 'True' -/noCallTreeReuse 'True' -/noInitPruning 'False' -/nonUniformUnfolding 'False' -/staticInlining 'True' -/trackAllVars 'True' -/useArrayTheoryCheck '0'  
01:58:49.270 [CLI TAE (Master Thread - #0)] ERROR c.u.c.b.a.t.b.c.CommandLineAlgorithmRun - The last 1 lines of output we saw were:
01:58:49.270 [CLI TAE (Master Thread - #0)] ERROR c.u.c.b.a.t.b.c.CommandLineAlgorithmRun - > Result for SMAC: CRASHED, 90000, 0, 0, -1
02:00:40.057 [CLI TAE Observer Threads (2-3)] WARN  c.u.c.b.a.t.d.h.KillCaptimeExceedingRunsRunsTargetAlgorithmEvaluatorDecorator - Killed run <Instance:183, Seed:-1, Config:0x3E175B, Kappa:10.461463861513138, Execution Config: 0x0001> at 105.0206 for exceeding 10.0 times its cutoff time of 10.461463861513138 (secs)
04:08:22.339 [main] INFO  c.u.c.b.s.c.SequentialModelBasedAlgorithmConfiguration - Updated estimated penalized average runtime (PAR10) of the same incumbent: 7940.996280720728; estimate now based on 99 runs.
04:11:22.818 [CLI TAE Observer Threads (2-3)] WARN  c.u.c.b.a.t.d.s.TimingCheckerTargetAlgorithmEvaluator - We have been waiting for 180.123 seconds for a run that should have taken at most 36.975244142460824 seconds.
 The sample call for the run that is delayed is: cd "/proj/SMACK/smac/example_scenarios/seq_rs" ;  ../wrapper.py /proj/SMACK/sv-benchmarks/c/seq-mthreaded/pals_floodmax.4_false-unreach-call.4.ufo.UNBOUNDED.pals.c 0 36.975244142460824 2147483647 -1 -/bopt:boolControlVC 'False' -/bopt:z3opt:SMT.MBQI 'False' -/deepAsserts 'True' -/di 'False' -/doNotUseLabels 'False' -/noCallTreeReuse 'False' -/noInitPruning 'False' -/nonUniformUnfolding 'True' -/staticInlining 'False' -/trackAllVars 'False' -/useArrayTheoryCheck '1'  
04:14:52.421 [CLI TAE Observer Threads (2-3)] WARN  c.u.c.b.a.t.d.h.KillCaptimeExceedingRunsRunsTargetAlgorithmEvaluatorDecorator - Killed run <Instance:91, Seed:-1, Config:0x409364, Kappa:36.975244142460824, Execution Config: 0x0001> at 370.215 for exceeding 10.0 times its cutoff time of 36.975244142460824 (secs)
04:15:07.538 [main] INFO  c.u.c.b.s.c.SequentialModelBasedAlgorithmConfiguration - Updated estimated penalized average runtime (PAR10) of the same incumbent: 7861.65533274411; estimate now based on 100 runs.
04:17:13.923 [CLI TAE Observer Threads (2-3)] WARN  c.u.c.b.a.t.d.h.KillCaptimeExceedingRunsRunsTargetAlgorithmEvaluatorDecorator - Killed run <Instance:36, Seed:-1, Config:0x413184, Kappa:11.943522364246846, Execution Config: 0x0001> at 119.75225 for exceeding 10.0 times its cutoff time of 11.943522364246846 (secs)
05:40:19.336 [main] INFO  c.u.c.b.s.c.SequentialModelBasedAlgorithmConfiguration - Updated estimated penalized average runtime (PAR10) of the same incumbent: 7718.500604751048; estimate now based on 102 runs.
07:16:41.559 [main] INFO  c.u.c.b.s.c.SequentialModelBasedAlgorithmConfiguration - Updated estimated penalized average runtime (PAR10) of the same incumbent: 7837.738462957348; estimate now based on 103 runs.
08:21:41.038 [CLI TAE Observer Threads (2-4)] WARN  c.u.c.b.a.t.d.h.KillCaptimeExceedingRunsRunsTargetAlgorithmEvaluatorDecorator - Killed run <Instance:141, Seed:-1, Config:0x44CEC2, Kappa:12.014453567910195, Execution Config: 0x0001> at 120.23295 for exceeding 10.0 times its cutoff time of 12.014453567910195 (secs)
08:53:23.763 [main] INFO  c.u.c.b.s.c.SequentialModelBasedAlgorithmConfiguration - Updated estimated penalized average runtime (PAR10) of the same incumbent: 7954.683285428913; estimate now based on 104 runs.
13:15:18.116 [CLI TAE (Master Thread - #0)] ERROR c.u.c.b.a.t.b.c.CommandLineAlgorithmRun - The following algorithm call failed: cd "/proj/SMACK/smac/example_scenarios/seq_rs" ;  ../wrapper.py /proj/SMACK/sv-benchmarks/c/seq-mthreaded/pals_opt-floodmax.5_false-unreach-call.3.ufo.UNBOUNDED.pals.c 0 256.70738600974084 2147483647 -1 -/bopt:boolControlVC 'False' -/bopt:z3opt:SMT.MBQI 'True' -/bopt:z3opt:SMT.MBQI.MAX_ITERATIONS '21562' -/deepAsserts 'True' -/di 'False' -/doNotUseLabels 'False' -/noCallTreeReuse 'True' -/noInitPruning 'True' -/nonUniformUnfolding 'True' -/staticInlining 'True' -/trackAllVars 'True' -/useArrayTheoryCheck '0'  
13:15:18.117 [CLI TAE (Master Thread - #0)] ERROR c.u.c.b.a.t.b.c.CommandLineAlgorithmRun - The last 1 lines of output we saw were:
13:15:18.117 [CLI TAE (Master Thread - #0)] ERROR c.u.c.b.a.t.b.c.CommandLineAlgorithmRun - > Result for SMAC: CRASHED, 90000, 0, 0, -1
13:47:01.730 [main] INFO  c.u.c.b.s.c.SequentialModelBasedAlgorithmConfiguration - Updated estimated penalized average runtime (PAR10) of the same incumbent: 8181.953412118931; estimate now based on 106 runs.
13:50:02.205 [CLI TAE Observer Threads (2-4)] WARN  c.u.c.b.a.t.d.s.TimingCheckerTargetAlgorithmEvaluator - We have been waiting for 180.129 seconds for a run that should have taken at most 23.154239904481177 seconds.
 The sample call for the run that is delayed is: cd "/proj/SMACK/smac/example_scenarios/seq_rs" ;  ../wrapper.py /proj/SMACK/sv-benchmarks/c/seq-mthreaded/pals_opt-floodmax.4_false-unreach-call.2.ufo.UNBOUNDED.pals.c 0 23.154239904481177 2147483647 -1 -/bopt:boolControlVC 'False' -/bopt:z3opt:SMT.MBQI 'True' -/bopt:z3opt:SMT.MBQI.MAX_ITERATIONS '32120' -/deepAsserts 'True' -/di 'True' -/doNotUseLabels 'True' -/noCallTreeReuse 'False' -/noInitPruning 'True' -/nonUniformUnfolding 'False' -/staticInlining 'False' -/trackAllVars 'False' -/useArrayTheoryCheck '0'  
13:51:06.179 [CLI TAE Observer Threads (2-4)] WARN  c.u.c.b.a.t.d.h.KillCaptimeExceedingRunsRunsTargetAlgorithmEvaluatorDecorator - Killed run <Instance:148, Seed:-1, Config:0x4AB5BF, Kappa:23.154239904481177, Execution Config: 0x0001> at 231.94439999999997 for exceeding 10.0 times its cutoff time of 23.154239904481177 (secs)
13:51:28.752 [main] INFO  c.u.c.b.s.c.SequentialModelBasedAlgorithmConfiguration - Updated estimated penalized average runtime (PAR10) of the same incumbent: 8105.69411426837; estimate now based on 107 runs.
14:57:05.223 [main] INFO  c.u.c.b.s.c.SequentialModelBasedAlgorithmConfiguration - Updated estimated penalized average runtime (PAR10) of the same incumbent: 8215.82657617329; estimate now based on 108 runs.
18:58:25.538 [main] INFO  c.u.c.b.s.c.SequentialModelBasedAlgorithmConfiguration - Updated estimated penalized average runtime (PAR10) of the same incumbent: 8430.084274788323; estimate now based on 110 runs.
20:01:19.717 [main] INFO  c.u.c.b.a.t.d.r.c.r.RunHistoryCachingTargetAlgorithmEvaluatorDecorator - RunHistoryCachingTargetAlgorithmEvaluatorDecorator: Cache misses 436, Cache requests 449, Hit Rate 3% 
20:01:19.718 [main] INFO  c.u.c.b.a.e.h.LogRuntimeStatistics - *****Developer Statistics*****
 Count: 56
 Incumbent ID: 14 (internal ID:0x4B39E)
 Number of PISPs for Incumbent: 110
 Number of Instances for Incumbent: 110
 Number of Configurations Run: 108
 Performance of the Incumbent: 8430.084
 Configuration Time Budget used: 2.17E7 s (1%)
 Configuration Time Budget remaining: 2.13E9 s
 Wall-clock Time Budget used: 378863.41 s (100%)
 Wall-clock Time Budget remaining: -863.41 s
 Algorithm Runs used: 449.00  (0%)
 Algorithm Runs remaining: 9.22E18 
 Model/Iteration used: 55.00  (0%)
 Model/Iteration remaining: 2.15E9 
 Sum of Target Algorithm Execution Times (treating minimum value as 0.1): 21721386.175 s
 CPU time of Configurator: 5317.328 s
 User time of Configurator: 5317.327 s
 Outstanding Runs on Target Algorithm Evaluator: 0
 Outstanding Requests on Target Algorithm Evaluator: 0
 Total Reported Algorithm Runtime: 21721386.175 s
 Sum of Measured Wallclock Runtime: 390257.944 s
 Max Memory: 922 MB
 Total Java Memory: 922 MB
 Free Java Memory: 134 MB
 * PISP count is roughly the number of runs, but doesn't included redundant runs on the same problem instance & seed
20:01:19.719 [main] INFO  c.u.c.b.smac.executors.SMACExecutor - 
=======================================================================================
SMAC has finished. Reason: wall-clock time limit (378863.415 s) has been reached.   
Total number of runs performed: 449, total configurations tried: 108.
Total CPU time used: 21726704 s, total wallclock time used: 378863 s.
SMAC's final incumbent: config 14 (internal ID: 0x4B39E), with estimated penalized average runtime (PAR10): 8430.084274788323, based on 110 run(s) on 110 training instance(s).
Sample call for this final incumbent:
cd /proj/SMACK/smac/example_scenarios/seq_rs; ../wrapper.py /proj/SMACK/sv-benchmarks/c/seq-mthreaded/rekh_aso_true-unreach-call.2.M1.c 0 2000.0 2147483647 -1 -/bopt:boolControlVC 'True' -/bopt:z3opt:SMT.MBQI 'True' -/bopt:z3opt:SMT.MBQI.MAX_ITERATIONS '19410' -/deepAsserts 'False' -/di 'False' -/doNotUseLabels 'True' -/noCallTreeReuse 'False' -/noInitPruning 'False' -/nonUniformUnfolding 'False' -/staticInlining 'False' -/trackAllVars 'True' -/useArrayTheoryCheck '0'
=======================================================================================
20:01:19.726 [main] INFO  c.u.c.b.smac.executors.SMACExecutor - 
----------------------------------------------------------------------------------------------------------------------------------------------------------------------------
Additional information about run 65 in:/proj/SMACK/smac/example_scenarios/seq_rs/smac-output/smack-scenario_seq_rs
----------------------------------------------------------------------------------------------------------------------------------------------------------------------------
20:01:19.728 [FileSharingRunHistory Logger ( outputID:65)] INFO  c.u.c.b.a.r.FileSharingRunHistoryDecorator - At shutdown: /proj/SMACK/smac/example_scenarios/seq_rs/smac-output/smack-scenario_seq_rs/live-rundata-65.json had 426 runs added to it
20:01:19.728 [FileSharingRunHistory Logger ( outputID:65)] INFO  c.u.c.b.a.r.FileSharingRunHistoryDecorator - At shutdown: we retrieved atleast 67011 runs and added them to our current data set [live-rundata-1.json=>502, live-rundata-10.json=>487, live-rundata-100.json=>466, live-rundata-101.json=>495, live-rundata-102.json=>409, live-rundata-103.json=>492, live-rundata-104.json=>391, live-rundata-105.json=>449, live-rundata-106.json=>470, live-rundata-107.json=>491, live-rundata-108.json=>539, live-rundata-109.json=>433, live-rundata-11.json=>499, live-rundata-110.json=>450, live-rundata-111.json=>495, live-rundata-112.json=>432, live-rundata-113.json=>401, live-rundata-114.json=>480, live-rundata-115.json=>481, live-rundata-116.json=>460, live-rundata-117.json=>541, live-rundata-118.json=>490, live-rundata-119.json=>505, live-rundata-12.json=>482, live-rundata-120.json=>450, live-rundata-121.json=>504, live-rundata-122.json=>564, live-rundata-123.json=>437, live-rundata-124.json=>449, live-rundata-125.json=>486, live-rundata-126.json=>431, live-rundata-127.json=>505, live-rundata-128.json=>472, live-rundata-129.json=>467, live-rundata-13.json=>558, live-rundata-130.json=>159, live-rundata-131.json=>458, live-rundata-132.json=>424, live-rundata-133.json=>555, live-rundata-134.json=>475, live-rundata-135.json=>439, live-rundata-136.json=>439, live-rundata-137.json=>480, live-rundata-138.json=>444, live-rundata-139.json=>443, live-rundata-14.json=>246, live-rundata-140.json=>442, live-rundata-141.json=>501, live-rundata-142.json=>443, live-rundata-143.json=>494, live-rundata-144.json=>446, live-rundata-145.json=>488, live-rundata-146.json=>473, live-rundata-147.json=>426, live-rundata-148.json=>402, live-rundata-149.json=>510, live-rundata-15.json=>420, live-rundata-150.json=>440, live-rundata-151.json=>511, live-rundata-152.json=>480, live-rundata-153.json=>498, live-rundata-154.json=>403, live-rundata-155.json=>497, live-rundata-156.json=>550, live-rundata-157.json=>428, live-rundata-158.json=>437, live-rundata-159.json=>468, live-rundata-16.json=>491, live-rundata-160.json=>521, live-rundata-17.json=>434, live-rundata-18.json=>433, live-rundata-19.json=>371, live-rundata-2.json=>520, live-rundata-20.json=>558, live-rundata-21.json=>419, live-rundata-22.json=>461, live-rundata-23.json=>429, live-rundata-24.json=>466, live-rundata-25.json=>462, live-rundata-26.json=>432, live-rundata-27.json=>536, live-rundata-28.json=>504, live-rundata-29.json=>428, live-rundata-3.json=>401, live-rundata-30.json=>488, live-rundata-31.json=>441, live-rundata-32.json=>512, live-rundata-33.json=>1, live-rundata-34.json=>0, live-rundata-35.json=>2, live-rundata-36.json=>2, live-rundata-37.json=>396, live-rundata-38.json=>1, live-rundata-39.json=>2, live-rundata-4.json=>408, live-rundata-40.json=>547, live-rundata-41.json=>2, live-rundata-42.json=>479, live-rundata-43.json=>2, live-rundata-44.json=>2, live-rundata-45.json=>2, live-rundata-46.json=>2, live-rundata-47.json=>4, live-rundata-48.json=>428, live-rundata-49.json=>435, live-rundata-5.json=>481, live-rundata-50.json=>540, live-rundata-51.json=>459, live-rundata-52.json=>465, live-rundata-53.json=>431, live-rundata-54.json=>427, live-rundata-55.json=>470, live-rundata-56.json=>404, live-rundata-57.json=>454, live-rundata-58.json=>569, live-rundata-59.json=>471, live-rundata-6.json=>450, live-rundata-60.json=>525, live-rundata-61.json=>431, live-rundata-62.json=>502, live-rundata-63.json=>365, live-rundata-64.json=>405, live-rundata-66.json=>548, live-rundata-67.json=>490, live-rundata-68.json=>493, live-rundata-69.json=>390, live-rundata-7.json=>430, live-rundata-70.json=>386, live-rundata-71.json=>492, live-rundata-72.json=>373, live-rundata-73.json=>503, live-rundata-74.json=>410, live-rundata-75.json=>71, live-rundata-76.json=>451, live-rundata-77.json=>481, live-rundata-78.json=>412, live-rundata-79.json=>461, live-rundata-8.json=>357, live-rundata-80.json=>449, live-rundata-81.json=>449, live-rundata-82.json=>343, live-rundata-83.json=>474, live-rundata-84.json=>146, live-rundata-85.json=>464, live-rundata-86.json=>520, live-rundata-87.json=>546, live-rundata-88.json=>534, live-rundata-89.json=>498, live-rundata-9.json=>516, live-rundata-90.json=>507, live-rundata-91.json=>456, live-rundata-92.json=>459, live-rundata-93.json=>405, live-rundata-94.json=>432, live-rundata-95.json=>384, live-rundata-96.json=>489, live-rundata-97.json=>486, live-rundata-98.json=>486, live-rundata-99.json=>367] which now has 66802 runs (426 local)
