10:47:44.580 [main] INFO  c.u.c.b.a.l.ComplexLoggingOptions - Logging to: /proj/SMACK/smac/example_scenarios/seq_rs/smac-output/smack-scenario_seq_rs/log-run94.txt
10:47:44.592 [main] INFO  c.u.c.b.a.m.version.VersionTracker - Version of Algorithm Execution & Abstraction Toolkit is v2.10.03-master-814 (ebf4c8c913d5) 
10:47:44.593 [main] INFO  c.u.c.b.a.m.version.VersionTracker - Version of Java Runtime Environment is OpenJDK 64-Bit Server VM (1.8.0_162) 
10:47:44.593 [main] INFO  c.u.c.b.a.m.version.VersionTracker - Version of OS is Linux 3.19.0-80-generic (amd64) 
10:47:44.593 [main] INFO  c.u.c.b.a.m.version.VersionTracker - Version of Random Forest Library is v1.10.01-master-120 (b68439c2c391) 
10:47:44.593 [main] INFO  c.u.c.b.a.m.version.VersionTracker - Version of SMAC is v2.10.03-master-778 (3ee628ef9bf2) 
10:47:44.594 [main] INFO  c.u.c.b.a.m.j.JCommanderHelper - Call String: smac --shared-model-mode true --scenario-file smack-scenario_seq_rs.txt --seed 94 --validation false 
10:47:44.594 [main] INFO  c.u.c.b.smac.executors.SMACExecutor - ********** The next bit of output can be ignored, it is merely useful for debugging **********
10:47:44.594 [main] INFO  c.u.c.b.smac.executors.SMACExecutor - ==========Enviroment Variables===========
BOOGIE=mono /mnt/local/smack-project/boogie/Binaries/Boogie.exe
CORRAL=mono /mnt/local/smack-project/corral/bin/Release/corral.exe
HOME=/root
LANG=en_US.UTF-8
LESSCLOSE=/usr/bin/lesspipe %s %s
LESSOPEN=| /usr/bin/lesspipe %s
LOCKPWN=mono /mnt/local/smack-project/lockpwn/Binaries/lockpwn.exe
LOGNAME=root
LS_COLORS=rs=0:di=01;34:ln=01;36:mh=00:pi=40;33:so=01;35:do=01;35:bd=40;33;01:cd=40;33;01:or=40;31;01:su=37;41:sg=30;43:ca=30;41:tw=30;42:ow=34;42:st=37;44:ex=01;32:*.tar=01;31:*.tgz=01;31:*.arj=01;31:*.taz=01;31:*.lzh=01;31:*.lzma=01;31:*.tlz=01;31:*.txz=01;31:*.zip=01;31:*.z=01;31:*.Z=01;31:*.dz=01;31:*.gz=01;31:*.lz=01;31:*.xz=01;31:*.bz2=01;31:*.bz=01;31:*.tbz=01;31:*.tbz2=01;31:*.tz=01;31:*.deb=01;31:*.rpm=01;31:*.jar=01;31:*.war=01;31:*.ear=01;31:*.sar=01;31:*.rar=01;31:*.ace=01;31:*.zoo=01;31:*.cpio=01;31:*.7z=01;31:*.rz=01;31:*.jpg=01;35:*.jpeg=01;35:*.gif=01;35:*.bmp=01;35:*.pbm=01;35:*.pgm=01;35:*.ppm=01;35:*.tga=01;35:*.xbm=01;35:*.xpm=01;35:*.tif=01;35:*.tiff=01;35:*.png=01;35:*.svg=01;35:*.svgz=01;35:*.mng=01;35:*.pcx=01;35:*.mov=01;35:*.mpg=01;35:*.mpeg=01;35:*.m2v=01;35:*.mkv=01;35:*.webm=01;35:*.ogm=01;35:*.mp4=01;35:*.m4v=01;35:*.mp4v=01;35:*.vob=01;35:*.qt=01;35:*.nuv=01;35:*.wmv=01;35:*.asf=01;35:*.rm=01;35:*.rmvb=01;35:*.flc=01;35:*.avi=01;35:*.fli=01;35:*.flv=01;35:*.gl=01;35:*.dl=01;35:*.xcf=01;35:*.xwd=01;35:*.yuv=01;35:*.cgm=01;35:*.emf=01;35:*.axv=01;35:*.anx=01;35:*.ogv=01;35:*.ogx=01;35:*.aac=00;36:*.au=00;36:*.flac=00;36:*.mid=00;36:*.midi=00;36:*.mka=00;36:*.mp3=00;36:*.mpc=00;36:*.ogg=00;36:*.ra=00;36:*.wav=00;36:*.axa=00;36:*.oga=00;36:*.spx=00;36:*.xspf=00;36:
MAIL=/var/mail/root
PATH=/usr/local/sbin:/usr/local/bin:/usr/sbin:/usr/bin:/sbin:/bin:/usr/games:/usr/local/games
PWD=/proj/SMACK/smac/example_scenarios/seq_rs
SHELL=/bin/bash
SHLVL=2
STY=3308.pts-0.node-6
SUDO_COMMAND=/bin/su
SUDO_GID=7938
SUDO_UID=18233
SUDO_USER=ankitagr
SYMBOOGLIX=mono /mnt/local/smack-project/symbooglix/src/SymbooglixDriver/bin/Release/sbx.exe
TERM=screen
TERMCAP=SC|screen|VT 100/ANSI X3.64 virtual terminal:\
	:DO=\E[%dB:LE=\E[%dD:RI=\E[%dC:UP=\E[%dA:bs:bt=\E[Z:\
	:cd=\E[J:ce=\E[K:cl=\E[H\E[J:cm=\E[%i%d;%dH:ct=\E[3g:\
	:do=^J:nd=\E[C:pt:rc=\E8:rs=\Ec:sc=\E7:st=\EH:up=\EM:\
	:le=^H:bl=^G:cr=^M:it#8:ho=\E[H:nw=\EE:ta=^I:is=\E)0:\
	:li#39:co#144:am:xn:xv:LP:sr=\EM:al=\E[L:AL=\E[%dL:\
	:cs=\E[%i%d;%dr:dl=\E[M:DL=\E[%dM:dc=\E[P:DC=\E[%dP:\
	:im=\E[4h:ei=\E[4l:mi:IC=\E[%d@:ks=\E[?1h\E=:\
	:ke=\E[?1l\E>:vi=\E[?25l:ve=\E[34h\E[?25h:vs=\E[34l:\
	:ti=\E[?1049h:te=\E[?1049l:us=\E[4m:ue=\E[24m:so=\E[3m:\
	:se=\E[23m:mb=\E[5m:md=\E[1m:mr=\E[7m:me=\E[m:ms:\
	:Co#8:pa#64:AF=\E[3%dm:AB=\E[4%dm:op=\E[39;49m:AX:\
	:vb=\Eg:G0:as=\E(0:ae=\E(B:\
	:ac=\140\140aaffggjjkkllmmnnooppqqrrssttuuvvwwxxyyzz{{||}}~~..--++,,hhII00:\
	:po=\E[5i:pf=\E[4i:Km=\E[M:k0=\E[10~:k1=\EOP:k2=\EOQ:\
	:k3=\EOR:k4=\EOS:k5=\E[15~:k6=\E[17~:k7=\E[18~:\
	:k8=\E[19~:k9=\E[20~:k;=\E[21~:F1=\E[23~:F2=\E[24~:\
	:F3=\E[1;2P:F4=\E[1;2Q:F5=\E[1;2R:F6=\E[1;2S:\
	:F7=\E[15;2~:F8=\E[17;2~:F9=\E[18;2~:FA=\E[19;2~:kb=:\
	:K2=\EOE:kB=\E[Z:kF=\E[1;2B:kR=\E[1;2A:*4=\E[3;2~:\
	:*7=\E[1;2F:#2=\E[1;2H:#3=\E[2;2~:#4=\E[1;2D:%c=\E[6;2~:\
	:%e=\E[5;2~:%i=\E[1;2C:kh=\E[1~:@1=\E[1~:kH=\E[4~:\
	:@7=\E[4~:kN=\E[6~:kP=\E[5~:kI=\E[2~:kD=\E[3~:ku=\EOA:\
	:kd=\EOB:kr=\EOC:kl=\EOD:km:
USER=root
USERNAME=root
WINDOW=0
XDG_RUNTIME_DIR=/run/user/18233
XDG_SESSION_ID=1

10:47:44.594 [main] INFO  c.u.c.b.smac.executors.SMACExecutor - Hostname:node-6.spare.smack.emulab.net
10:47:44.594 [main] INFO  c.u.c.b.smac.executors.SMACExecutor - ==========System Properties==============
ERRLOG=/proj/SMACK/smac/example_scenarios/seq_rs/smac-output/smack-scenario_seq_rs/log-err94.txt
NUMRUN=94
OUTPUTDIR=/proj/SMACK/smac/example_scenarios/seq_rs/smac-output/smack-scenario_seq_rs
ROOT-LEVEL=INFO
RUNLOG=/proj/SMACK/smac/example_scenarios/seq_rs/smac-output/smack-scenario_seq_rs/log-run94.txt
STDOUT-LEVEL=INFO
WARNLOG=/proj/SMACK/smac/example_scenarios/seq_rs/smac-output/smack-scenario_seq_rs/log-warn94.txt
awt.toolkit=sun.awt.X11.XToolkit
file.encoding=UTF-8
file.encoding.pkg=sun.io
file.separator=/
java.awt.graphicsenv=sun.awt.X11GraphicsEnvironment
java.awt.printerjob=sun.print.PSPrinterJob
java.class.path=/proj/SMACK/smac/conf/:/proj/SMACK/smac/patches/:/proj/SMACK/smac/lib/aeatk.jar:/proj/SMACK/smac/lib/aeatk-src.jar:/proj/SMACK/smac/lib/commons-collections-3.2.1.jar:/proj/SMACK/smac/lib/commons-collections-3.2.1-sources.jar:/proj/SMACK/smac/lib/commons-io-2.1.jar:/proj/SMACK/smac/lib/commons-math-2.2.jar:/proj/SMACK/smac/lib/commons-math3-3.3.jar:/proj/SMACK/smac/lib/DomainInter.jar:/proj/SMACK/smac/lib/exp4j-0.3.10.jar:/proj/SMACK/smac/lib/exp4j-0.4.3.BETA-3.jar:/proj/SMACK/smac/lib/fastrf.jar:/proj/SMACK/smac/lib/fastrf-src.jar:/proj/SMACK/smac/lib/guava-14.0.1.jar:/proj/SMACK/smac/lib/jackson-annotations-2.3.1.jar:/proj/SMACK/smac/lib/jackson-core-2.3.1.jar:/proj/SMACK/smac/lib/jackson-databind-2.3.1.jar:/proj/SMACK/smac/lib/Jama-1.0.2.jar:/proj/SMACK/smac/lib/jcip-annotations.jar:/proj/SMACK/smac/lib/jcip-annotations-src.jar:/proj/SMACK/smac/lib/jcommander.jar:/proj/SMACK/smac/lib/jmatharray.jar:/proj/SMACK/smac/lib/logback-access-1.1.2.jar:/proj/SMACK/smac/lib/logback-classic-1.1.2.jar:/proj/SMACK/smac/lib/logback-core-1.1.2.jar:/proj/SMACK/smac/lib/numerics4j-1.3.jar:/proj/SMACK/smac/lib/opencsv-2.3.jar:/proj/SMACK/smac/lib/slf4j-api-1.7.5.jar:/proj/SMACK/smac/lib/smac.jar:/proj/SMACK/smac/lib/smac-src.jar:/proj/SMACK/smac/lib/spi-0.2.4.jar:/proj/SMACK/smac/*.jar:/proj/SMACK/smac/patches/
java.class.version=52.0
java.endorsed.dirs=/usr/lib/jvm/java-8-openjdk-amd64/jre/lib/endorsed
java.ext.dirs=/usr/lib/jvm/java-8-openjdk-amd64/jre/lib/ext:/usr/java/packages/lib/ext
java.home=/usr/lib/jvm/java-8-openjdk-amd64/jre
java.io.tmpdir=/tmp
java.library.path=/usr/java/packages/lib/amd64:/usr/lib/x86_64-linux-gnu/jni:/lib/x86_64-linux-gnu:/usr/lib/x86_64-linux-gnu:/usr/lib/jni:/lib:/usr/lib
java.runtime.name=OpenJDK Runtime Environment
java.runtime.version=1.8.0_162-8u162-b12-1~14.04-b12
java.specification.name=Java Platform API Specification
java.specification.vendor=Oracle Corporation
java.specification.version=1.8
java.vendor=Oracle Corporation
java.vendor.url=http://java.oracle.com/
java.vendor.url.bug=http://bugreport.sun.com/bugreport/
java.version=1.8.0_162
java.vm.info=mixed mode
java.vm.name=OpenJDK 64-Bit Server VM
java.vm.specification.name=Java Virtual Machine Specification
java.vm.specification.vendor=Oracle Corporation
java.vm.specification.version=1.8
java.vm.vendor=Oracle Corporation
java.vm.version=25.162-b12
line.separator=

logback.configurationFile=ca/ubc/cs/beta/aeatk/logging/complex-logback.xml
os.arch=amd64
os.name=Linux
os.version=3.19.0-80-generic
path.separator=:
sun.arch.data.model=64
sun.boot.class.path=/usr/lib/jvm/java-8-openjdk-amd64/jre/lib/resources.jar:/usr/lib/jvm/java-8-openjdk-amd64/jre/lib/rt.jar:/usr/lib/jvm/java-8-openjdk-amd64/jre/lib/sunrsasign.jar:/usr/lib/jvm/java-8-openjdk-amd64/jre/lib/jsse.jar:/usr/lib/jvm/java-8-openjdk-amd64/jre/lib/jce.jar:/usr/lib/jvm/java-8-openjdk-amd64/jre/lib/charsets.jar:/usr/lib/jvm/java-8-openjdk-amd64/jre/lib/jfr.jar:/usr/lib/jvm/java-8-openjdk-amd64/jre/classes
sun.boot.library.path=/usr/lib/jvm/java-8-openjdk-amd64/jre/lib/amd64
sun.cpu.endian=little
sun.cpu.isalist=
sun.io.unicode.encoding=UnicodeLittle
sun.java.command=ca.ubc.cs.beta.aeatk.ant.execscript.Launcher ca.ubc.cs.beta.smac.executors.SMACExecutor --shared-model-mode true --scenario-file smack-scenario_seq_rs.txt --seed 94 --validation false
sun.java.launcher=SUN_STANDARD
sun.jnu.encoding=UTF-8
sun.management.compiler=HotSpot 64-Bit Tiered Compilers
sun.os.patch.level=unknown
user.country=US
user.dir=/proj/SMACK/smac/example_scenarios/seq_rs
user.home=/root
user.language=en
user.name=root
user.timezone=America/Denver

10:47:44.597 [main] INFO  c.u.c.b.a.m.j.JCommanderHelper - ==========Configuration Options==========
[SMACOptions]
 adaptiveCapping = true
 alwaysRunInitialConfiguration = false
 capAddSlack = 1.0
 capSlack = 1.3
classicInitModeOpts = [ClassicInitializationProcedureOptions]
		 initialIncumbentRuns = 1

dciModeOpts = [DoublingCappingInitializationProcedureOptions]
		 numberOfChallengers = 2
		 numberOfRunsPerChallenger = 2

ucip = [UnbiasChallengerInitializationProcedureOptions]
		 numberOfChallengers = 2
		 numberOfRunsPerChallenger = 2
		 cpulimit = 0

 deterministicInstanceOrdering = false
 doValidation = false
 execMode = SMAC
 experimentDir = /proj/SMACK/smac/example_scenarios/seq_rs/
 expFunc = null
help = [HelpOptions]
		 showHiddenParameters = false
		 showHelp = false
		 helpLevel = BASIC
		 showVersion = false
		 helpDefaults = /root/.aeatk/help.opt

 initialChallengeRuns = 1
 initialIncumbent = DEFAULT
 initializationMode = CLASSIC
 intensificationPercentage = 0.5
 initialChallengers = []
 initialChallengersIntensificationTime = 2147483647
 iterativeCappingBreakOnFirstCompletion = false
 iterativeCappingK = 1
logOptions = [ComplexLoggingOptions]
		 consoleLogLevel = INFO
		 logLevel = INFO

 maxIncumbentRuns = 2000
mbOptions = [ModelBuildingOptions]
		 maskCensoredDataAsKappaMax = false
		 maskInactiveConditionalParametersAsDefaultValue = true
		 maskCensoredDataAsUncensored = false
		 imputationIterations = 2

 modelHashCodeFile = null
 numberOfChallengers = 10
 numberOfRandomConfigsInEI = 10000
 numberOfRandomConfigsUsedForLocalSearch = 0
 numPCA = 7
 optionFile = null
 optionFile2 = null
randomForestOptions = [RandomForestOptions]
		 brokenVarianceCalculation = false
		 freeMemoryPercentageToSubsample = 0.25
		 fullTreeBootstrap = false
		 ignoreConditionality = false
		 imputeMean = false
		 logModel = true
		 minVariance = 1.0E-14
		 numTrees = 10
		 penalizeImputedValues = false
		 preprocessMarginal = true
		 ratioFeatures = 0.8333333333333334
		 shuffleImputedValues = false
		 splitMin = 10
		 storeDataInLeaves = false
		 subsamplePercentage = 0.9
		 subsampleValuesWhenLowMemory = false

runGroupOptions = [RunGroupOptions]
		 runGroupName = %SCENARIO_NAME
		 runGroupExit = false
		 replacementChar = %

scenarioConfig = [ScenarioOptions]
		 _runObj = RUNTIME
		 intraInstanceObj = null
		 interInstanceObj = MEAN
		limitOptions = [TerminationCriteriaOptions]
				 tunerTimeout = 2147483647
				 numIterations = 2147483647
				 runtimeLimit = 378000
				 totalNumRunsLimit = 9223372036854775807
				 countSMACTimeAsTunerTime = true
				 challengeIncumbentAttempts = 1000
				 fileToWatch = null

		instanceOptions = [ProblemInstanceOptions]
				 instanceFile = allseq_rs.txt
				 instanceFeatureFile = null
				 testInstanceFile = Testseq_rs.txt
				 checkInstanceFilesExist = false
				 useInstances = true
				 instanceSuffix = null
				 testInstanceSuffix = null
				 ignoreFeatures = false

		 scenarioFile = /proj/SMACK/smac/example_scenarios/seq_rs/smack-scenario_seq_rs.txt
		 outputDirectory = /proj/SMACK/smac/example_scenarios/seq_rs/smac-output
		 invalidScenarioReason = null
		algoExecOptions = [AlgorithmExecutionOptions]
				 algoExec = ../wrapper.py
				 algoExecDir = /proj/SMACK/smac/example_scenarios/seq_rs
				 deterministic = true
				 cutoffTime = 2000.0
				 cutoffLength = -1.0
				 additionalContext = {}
				taeOpts = [TargetAlgorithmEvaluatorOptions]
						 targetAlgorithmEvaluator = CLI
						 abortOnCrash = false
						 abortOnFirstRunCrash = false
						 retryCount = 0
						 cacheRuns = false
						 cacheDebug = false
						 useDynamicCappingExclusively = false
						 reportStrictlyIncreasingRuntimes = false
						 boundRuns = false
						 maxConcurrentAlgoExecs = 1
						 exitOnFailure = false
						 runHashCodeFile = null
						 leakMemory = false
						 leakMemoryAmount = 1024
						 verifySAT = null
						 checkSATConsistency = true
						 checkSATConsistencyException = true
						 callObserverBeforeCompletion = true
						prePostOptions = [PrePostCommandOptions]
								 preCommand = null
								 postCommand = null
								 exceptionOnError = false
								 logOutput = true
								 directory = /proj/SMACK/smac/example_scenarios/seq_rs/.

						 checkResultOrderConsistent = false
						 skipOutstandingEvaluationsTAE = false
						 logRequestResponses = false
						 logRequestResponsesRCOnly = false
						 trackRunsScheduled = false
						 trackRunsScheduledResolution = 1.0
						 uncleanShutdownCheck = true
						 killCaptimeExceedingRun = true
						 killCaptimeExceedingRunFactor = 10.0
						 checkRunConfigsUnique = true
						 checkRunConfigsUniqueException = true
						 observeWalltimeIfNoRuntime = true
						 observeWalltimeScale = 0.95
						 observeWalltimeDelay = 5.0
						 synchronousObserver = true
						 taeDefaults = /root/.aeatk/tae.opt
						ttaedo = [TransformTargetAlgorithmEvaluatorDecoratorOptions]
								 transform = false
								 transformValidValuesOnly = true
								 SAT_runtime_transform = R
								 SAT_quality_transform = Q
								 UNSAT_runtime_transform = R
								 UNSAT_quality_transform = Q
								 TIMEOUT_runtime_transform = R
								 TIMEOUT_quality_transform = Q
								 other_runtime_transform = R
								 other_quality_transform = Q

						tForkOptions = [ForkingTargetAlgorithmEvaluatorDecoratorOptions]
								 forkToTAE = null
								fPolicyOptions = [ForkingTargetAlgorithmEvaluatorDecoratorPolicyOptions]
										 fPolicy = null
										 duplicateOnSlaveQuickTimeout = 5


						 fileToWatch = null
						 warnIfNoResponseFromTAE = 120
						 taeStopProcessingOnShutdown = true
						 filecache = false
						 fileCacheSource = /proj/SMACK/smac/example_scenarios/seq_rs/./runcache
						 fileCacheOutput = /proj/SMACK/smac/example_scenarios/seq_rs/./runcache
						 fileCacheCrashOnMiss = false
						 transformCrashedQuality = true
						 transformCrashedQualityValue = 1.0E9
						 filterZeroCutoffRuns = true

				paramFileDelegate = [ParamConfigurationSpaceOptions]
						 paramFile = ../params.pcs
						 searchSubspace = null
						 searchSubspaceFile = null
						 continuousNeighbours = 4



seedOptions = [SeedOptions]
		 seedOffset = 0
		 numRun = 94
		 initialSeedMap = {}

 smacDefaults = /root/.aeatk/smac.opt
stateOpts = [StateFactoryOptions]
		 stateSerializer = LEGACY
		 statedeSerializer = LEGACY
		 restoreStateFrom = null
		 restoreIteration = null
		 restoreScenario = null
		 cleanOldStatesOnSuccess = true
		 saveContextWithState = true

trackingOptions = [ParamConfigurationOriginTrackingOptions]
		 configTracking = false

validationOptions = [ValidationOptions]
		 maxTimestamp = -1.0
		 minTimestamp = 0.0
		 multFactor = 2.0
		 numberOfTestInstances = 2147483647
		 numberOfTestSeedsPerInstance = 1000
		 numberOfValidationRuns = 1
		 outputFileSuffix = 
		 saveStateFile = false
		 useWallClockTime = true
		 validateAll = false
		 validateOnlyIfTunerTimeReached = 0.0
		 validateOnlyIfWallTimeReached = 0.0
		 validateOnlyLastIncumbent = true
		 validationHeaders = true
		 validationRoundingMode = UP

warmStartOptions = [WarmStartOptions]
		 warmStartStateFrom = null
		 restoreIteration = 2147483647

 validationSeed = 0
 saveRunsEveryIteration = false
 stateQuickSaves = true
 shutdownTAEWhenDone = true
 validationCores = null
 shareModelMode = true
 shareRunDataFrequency = 300
 shareModeModeTAE = true
 writeRunData = true
 defaultHandler = USE_ALL
 sharedModeModeAssymetricMode = false

[AnalyticTargetAlgorithmEvaluatorOptions]
 simulateDelay = false
 cores = 0
 observerFrequency = 100
 func = CAMELBACK
 scaleDelay = 1.0

[BlackHoleTargetAlgorithmEvaluatorOptions]
 warnings = true

[CommandLineTargetAlgorithmEvaluatorOptions]
 observerFrequency = 500
 concurrentExecution = true
 cores = 1
 logAllCallStrings = false
 logAllResultLines = false
 logAllCallsAndResultLines = false
 logAllProcessOutput = false
 listenForUpdates = true
 paramArgumentsContainQuotes = false
 pgEnvKillCommand = null
 pgNiceKillCommand = bash -c "kill -s TERM -%pid"
 pgForceKillCommand = bash -c "kill -s KILL -%pid"
 procNiceKillCommand = kill -s TERM %pid
 procForceKillCommand = kill -s KILL %pid
 smacDefaults = /root/.aeatk/cli-tae.opt

[ConstantTargetAlgorithmEvaluatorOptions]
 runResult = SAT
 runtime = 1.0
 quality = 0.0
 runlength = 0.0
 additionalRunData = 

[IPCTargetAlgorithmEvaluatorOptions]
 persistent = false
 ipcMechanism = UDP
 encodingMechanism = CALL_STRING
 remoteHost = 127.0.0.1
 remotePort = 5050
 udpPacketSize = 4096
 localPort = 0
 execScript = null
 execScriptOutput = false
 poolConnections = false
 ipcDefaults = /root/.aeatk/ipc-tae.opt
 asyncThreads = 33

[PreloadedResponseTargetAlgorithmEvaluatorOptions]
 preloadedResponses = 
 runLength = -1.0
 quality = 0.0
 additionalRunData = 

[RandomResponseTargetAlgorithmEvaluatorOptions]
 simulateDelay = false
 additionalRunData = 
 cores = 0
 maxResponse = 10.0
 minResponse = 0.0
 observerFrequency = 500
 trendCoefficient = 0.0
 seed = 1526402863880
 persistent = false
 scaleDelay = 1.0


10:47:45.094 [main] INFO  c.u.c.b.s.c.SequentialModelBasedAlgorithmConfiguration - SMAC started at: May 15, 2018 10:47:45 AM. Minimizing penalized average runtime (PAR10).
10:54:07.126 [CLI TAE (Master Thread - #0)] ERROR c.u.c.b.a.t.b.c.CommandLineAlgorithmRun - The following algorithm call failed: cd "/proj/SMACK/smac/example_scenarios/seq_rs" ;  ../wrapper.py /proj/SMACK/sv-benchmarks/c/seq-mthreaded/rekcba_aso_true-unreach-call.1.M1.c 0 2000.0 2147483647 -1 -/bopt:boolControlVC 'False' -/bopt:z3opt:SMT.MBQI 'True' -/bopt:z3opt:SMT.MBQI.MAX_ITERATIONS '1000' -/deepAsserts 'False' -/di 'True' -/doNotUseLabels 'False' -/noCallTreeReuse 'False' -/noInitPruning 'False' -/nonUniformUnfolding 'False' -/staticInlining 'True' -/trackAllVars 'True' -/useArrayTheoryCheck '1'  
10:54:07.146 [CLI TAE (Master Thread - #0)] ERROR c.u.c.b.a.t.b.c.CommandLineAlgorithmRun - The last 1 lines of output we saw were:
10:54:07.152 [CLI TAE (Master Thread - #0)] ERROR c.u.c.b.a.t.b.c.CommandLineAlgorithmRun - > Result for SMAC: CRASHED, 90000, 0, 0, -1
10:54:07.175 [CLI TAE Callback Threads (3-1)] WARN  c.u.c.b.a.t.d.s.TimingCheckerTargetAlgorithmEvaluator - Algorithm Run Result reported a runtime of 90000.0 (secs) that exceeded it's cutoff time of 2000.0 (secs) by 88000.0 (secs). Next warning at 88001.0 (secs)  
10:54:07.178 [CLI TAE Callback Threads (3-1)] WARN  c.u.c.b.a.t.d.s.CrashedSolutionQualityTransformingTargetAlgorithmEvaluatorDecorator - Detected CRASHED run. The Solution Quality of CRASHED runs will be transformed to the MAX(quality, 1.0E9), to disable this use --transform-crashed-quality false to change the value use --transform-crashed-quality-value
10:54:08.377 [main] WARN  c.u.c.b.a.r.FileSharingRunHistoryDecorator - Error occurred reading file in shared run history /proj/SMACK/smac/example_scenarios/seq_rs/smac-output/smack-scenario_seq_rs/live-rundata-39.json. We will keep trying to read this file, but will only log another error after it succeeds once. We may not be able to get it's run data but we should be able to continue
com.fasterxml.jackson.core.JsonParseException: Unexpected character ('{' (code 123)): was expecting comma to separate OBJECT entries
 at [Source: /proj/SMACK/smac/example_scenarios/seq_rs/smac-output/smack-scenario_seq_rs/live-rundata-39.json; line: 1721, column: 32]
	at com.fasterxml.jackson.core.JsonParser._constructError(JsonParser.java:1524) ~[jackson-core-2.3.1.jar:2.3.1]
	at com.fasterxml.jackson.core.base.ParserMinimalBase._reportError(ParserMinimalBase.java:557) ~[jackson-core-2.3.1.jar:2.3.1]
	at com.fasterxml.jackson.core.base.ParserMinimalBase._reportUnexpectedChar(ParserMinimalBase.java:475) ~[jackson-core-2.3.1.jar:2.3.1]
	at com.fasterxml.jackson.core.json.UTF8StreamJsonParser.nextToken(UTF8StreamJsonParser.java:688) ~[jackson-core-2.3.1.jar:2.3.1]
	at com.fasterxml.jackson.core.base.ParserMinimalBase.nextValue(ParserMinimalBase.java:123) ~[jackson-core-2.3.1.jar:2.3.1]
	at ca.ubc.cs.beta.aeatk.json.serializers.AlgorithmRunResultJson$AlgorithmRunDeserializer.deserialize(AlgorithmRunResultJson.java:57) ~[aeatk.jar:na]
	at ca.ubc.cs.beta.aeatk.json.serializers.AlgorithmRunResultJson$AlgorithmRunDeserializer.deserialize(AlgorithmRunResultJson.java:30) ~[aeatk.jar:na]
	at com.fasterxml.jackson.databind.MappingIterator.nextValue(MappingIterator.java:189) ~[jackson-databind-2.3.1.jar:2.3.1]
	at ca.ubc.cs.beta.aeatk.runhistory.FileSharingRunHistoryDecorator.readRunsFromFile(FileSharingRunHistoryDecorator.java:421) [aeatk.jar:na]
	at ca.ubc.cs.beta.aeatk.runhistory.FileSharingRunHistoryDecorator.reReadFiles(FileSharingRunHistoryDecorator.java:339) [aeatk.jar:na]
	at ca.ubc.cs.beta.aeatk.runhistory.FileSharingRunHistoryDecorator.append(FileSharingRunHistoryDecorator.java:239) [aeatk.jar:na]
	at ca.ubc.cs.beta.aeatk.runhistory.FileSharingRunHistoryDecorator.append(FileSharingRunHistoryDecorator.java:502) [aeatk.jar:na]
	at ca.ubc.cs.beta.aeatk.runhistory.TeeRunHistory.append(TeeRunHistory.java:33) [aeatk.jar:na]
	at ca.ubc.cs.beta.aeatk.runhistory.ThreadSafeRunHistoryWrapper.append(ThreadSafeRunHistoryWrapper.java:60) [aeatk.jar:na]
	at ca.ubc.cs.beta.aeatk.initialization.classic.ClassicInitializationProcedure.updateRunHistory(ClassicInitializationProcedure.java:156) [aeatk.jar:na]
	at ca.ubc.cs.beta.aeatk.initialization.classic.ClassicInitializationProcedure.evaluateRun(ClassicInitializationProcedure.java:143) [aeatk.jar:na]
	at ca.ubc.cs.beta.aeatk.initialization.classic.ClassicInitializationProcedure.evaluateRun(ClassicInitializationProcedure.java:114) [aeatk.jar:na]
	at ca.ubc.cs.beta.aeatk.initialization.classic.ClassicInitializationProcedure.run(ClassicInitializationProcedure.java:93) [aeatk.jar:na]
	at ca.ubc.cs.beta.smac.configurator.AbstractAlgorithmFramework.run(AbstractAlgorithmFramework.java:516) [smac.jar:na]
	at ca.ubc.cs.beta.smac.executors.SMACExecutor.oldMain(SMACExecutor.java:140) [smac.jar:na]
	at ca.ubc.cs.beta.smac.executors.SMACExecutor.main(SMACExecutor.java:104) [smac.jar:na]
	at sun.reflect.NativeMethodAccessorImpl.invoke0(Native Method) ~[na:1.8.0_162]
	at sun.reflect.NativeMethodAccessorImpl.invoke(NativeMethodAccessorImpl.java:62) ~[na:1.8.0_162]
	at sun.reflect.DelegatingMethodAccessorImpl.invoke(DelegatingMethodAccessorImpl.java:43) ~[na:1.8.0_162]
	at java.lang.reflect.Method.invoke(Method.java:498) ~[na:1.8.0_162]
	at ca.ubc.cs.beta.aeatk.ant.execscript.Launcher.main(Launcher.java:37) [aeatk.jar:na]
10:54:08.642 [main] WARN  c.u.c.b.a.r.FileSharingRunHistoryDecorator - Error occurred reading file in shared run history /proj/SMACK/smac/example_scenarios/seq_rs/smac-output/smack-scenario_seq_rs/live-rundata-34.json. We will keep trying to read this file, but will only log another error after it succeeds once. We may not be able to get it's run data but we should be able to continue
com.fasterxml.jackson.core.JsonParseException: Unexpected character ('{' (code 123)): was expecting comma to separate OBJECT entries
 at [Source: /proj/SMACK/smac/example_scenarios/seq_rs/smac-output/smack-scenario_seq_rs/live-rundata-34.json; line: 1696, column: 3]
	at com.fasterxml.jackson.core.JsonParser._constructError(JsonParser.java:1524) ~[jackson-core-2.3.1.jar:2.3.1]
	at com.fasterxml.jackson.core.base.ParserMinimalBase._reportError(ParserMinimalBase.java:557) ~[jackson-core-2.3.1.jar:2.3.1]
	at com.fasterxml.jackson.core.base.ParserMinimalBase._reportUnexpectedChar(ParserMinimalBase.java:475) ~[jackson-core-2.3.1.jar:2.3.1]
	at com.fasterxml.jackson.core.json.UTF8StreamJsonParser.nextToken(UTF8StreamJsonParser.java:688) ~[jackson-core-2.3.1.jar:2.3.1]
	at com.fasterxml.jackson.core.base.ParserMinimalBase.nextValue(ParserMinimalBase.java:123) ~[jackson-core-2.3.1.jar:2.3.1]
	at ca.ubc.cs.beta.aeatk.json.serializers.AlgorithmRunResultJson$AlgorithmRunDeserializer.deserialize(AlgorithmRunResultJson.java:57) ~[aeatk.jar:na]
	at ca.ubc.cs.beta.aeatk.json.serializers.AlgorithmRunResultJson$AlgorithmRunDeserializer.deserialize(AlgorithmRunResultJson.java:30) ~[aeatk.jar:na]
	at com.fasterxml.jackson.databind.MappingIterator.nextValue(MappingIterator.java:189) ~[jackson-databind-2.3.1.jar:2.3.1]
	at ca.ubc.cs.beta.aeatk.runhistory.FileSharingRunHistoryDecorator.readRunsFromFile(FileSharingRunHistoryDecorator.java:421) [aeatk.jar:na]
	at ca.ubc.cs.beta.aeatk.runhistory.FileSharingRunHistoryDecorator.reReadFiles(FileSharingRunHistoryDecorator.java:339) [aeatk.jar:na]
	at ca.ubc.cs.beta.aeatk.runhistory.FileSharingRunHistoryDecorator.append(FileSharingRunHistoryDecorator.java:239) [aeatk.jar:na]
	at ca.ubc.cs.beta.aeatk.runhistory.FileSharingRunHistoryDecorator.append(FileSharingRunHistoryDecorator.java:502) [aeatk.jar:na]
	at ca.ubc.cs.beta.aeatk.runhistory.TeeRunHistory.append(TeeRunHistory.java:33) [aeatk.jar:na]
	at ca.ubc.cs.beta.aeatk.runhistory.ThreadSafeRunHistoryWrapper.append(ThreadSafeRunHistoryWrapper.java:60) [aeatk.jar:na]
	at ca.ubc.cs.beta.aeatk.initialization.classic.ClassicInitializationProcedure.updateRunHistory(ClassicInitializationProcedure.java:156) [aeatk.jar:na]
	at ca.ubc.cs.beta.aeatk.initialization.classic.ClassicInitializationProcedure.evaluateRun(ClassicInitializationProcedure.java:143) [aeatk.jar:na]
	at ca.ubc.cs.beta.aeatk.initialization.classic.ClassicInitializationProcedure.evaluateRun(ClassicInitializationProcedure.java:114) [aeatk.jar:na]
	at ca.ubc.cs.beta.aeatk.initialization.classic.ClassicInitializationProcedure.run(ClassicInitializationProcedure.java:93) [aeatk.jar:na]
	at ca.ubc.cs.beta.smac.configurator.AbstractAlgorithmFramework.run(AbstractAlgorithmFramework.java:516) [smac.jar:na]
	at ca.ubc.cs.beta.smac.executors.SMACExecutor.oldMain(SMACExecutor.java:140) [smac.jar:na]
	at ca.ubc.cs.beta.smac.executors.SMACExecutor.main(SMACExecutor.java:104) [smac.jar:na]
	at sun.reflect.NativeMethodAccessorImpl.invoke0(Native Method) ~[na:1.8.0_162]
	at sun.reflect.NativeMethodAccessorImpl.invoke(NativeMethodAccessorImpl.java:62) ~[na:1.8.0_162]
	at sun.reflect.DelegatingMethodAccessorImpl.invoke(DelegatingMethodAccessorImpl.java:43) ~[na:1.8.0_162]
	at java.lang.reflect.Method.invoke(Method.java:498) ~[na:1.8.0_162]
	at ca.ubc.cs.beta.aeatk.ant.execscript.Launcher.main(Launcher.java:37) [aeatk.jar:na]
10:54:08.654 [main] INFO  c.u.c.b.a.r.FileSharingRunHistoryDecorator - Detected new source(s) of run data which we will read from : [live-rundata-1.json, live-rundata-10.json, live-rundata-101.json, live-rundata-102.json, live-rundata-103.json, live-rundata-104.json, live-rundata-106.json, live-rundata-107.json, live-rundata-108.json, live-rundata-110.json, live-rundata-112.json, live-rundata-113.json, live-rundata-114.json, live-rundata-116.json, live-rundata-117.json, live-rundata-118.json, live-rundata-119.json, live-rundata-12.json, live-rundata-120.json, live-rundata-121.json, live-rundata-122.json, live-rundata-123.json, live-rundata-124.json, live-rundata-125.json, live-rundata-126.json, live-rundata-127.json, live-rundata-128.json, live-rundata-129.json, live-rundata-130.json, live-rundata-131.json, live-rundata-132.json, live-rundata-133.json, live-rundata-134.json, live-rundata-135.json, live-rundata-137.json, live-rundata-138.json, live-rundata-139.json, live-rundata-14.json, live-rundata-140.json, live-rundata-141.json, live-rundata-142.json, live-rundata-143.json, live-rundata-144.json, live-rundata-146.json, live-rundata-148.json, live-rundata-149.json, live-rundata-15.json, live-rundata-150.json, live-rundata-151.json, live-rundata-152.json, live-rundata-154.json, live-rundata-155.json, live-rundata-156.json, live-rundata-157.json, live-rundata-158.json, live-rundata-159.json, live-rundata-16.json, live-rundata-160.json, live-rundata-17.json, live-rundata-18.json, live-rundata-19.json, live-rundata-20.json, live-rundata-21.json, live-rundata-23.json, live-rundata-24.json, live-rundata-25.json, live-rundata-26.json, live-rundata-27.json, live-rundata-28.json, live-rundata-29.json, live-rundata-30.json, live-rundata-31.json, live-rundata-32.json, live-rundata-33.json, live-rundata-35.json, live-rundata-36.json, live-rundata-37.json, live-rundata-38.json, live-rundata-4.json, live-rundata-40.json, live-rundata-41.json, live-rundata-43.json, live-rundata-44.json, live-rundata-45.json, live-rundata-46.json, live-rundata-47.json, live-rundata-49.json, live-rundata-5.json, live-rundata-50.json, live-rundata-51.json, live-rundata-52.json, live-rundata-53.json, live-rundata-54.json, live-rundata-56.json, live-rundata-57.json, live-rundata-59.json, live-rundata-6.json, live-rundata-60.json, live-rundata-61.json, live-rundata-62.json, live-rundata-63.json, live-rundata-65.json, live-rundata-66.json, live-rundata-67.json, live-rundata-68.json, live-rundata-7.json, live-rundata-70.json, live-rundata-71.json, live-rundata-72.json, live-rundata-73.json, live-rundata-74.json, live-rundata-75.json, live-rundata-76.json, live-rundata-77.json, live-rundata-78.json, live-rundata-8.json, live-rundata-81.json, live-rundata-83.json, live-rundata-84.json, live-rundata-86.json, live-rundata-87.json, live-rundata-88.json, live-rundata-89.json, live-rundata-9.json, live-rundata-90.json, live-rundata-91.json, live-rundata-92.json, live-rundata-93.json, live-rundata-95.json, live-rundata-96.json, live-rundata-97.json, live-rundata-98.json, live-rundata-99.json]
10:54:08.683 [main] INFO  c.u.c.b.s.c.SequentialModelBasedAlgorithmConfiguration - First incumbent: config 1 (internal ID: 0x000B), with penalized average runtime (PAR10): 20000.0; estimate based on 1 runs.
10:54:08.684 [main] INFO  c.u.c.b.s.c.SequentialModelBasedAlgorithmConfiguration - Sample call for new incumbent config 1 (internal ID: 0x000B): 
cd /proj/SMACK/smac/example_scenarios/seq_rs; ../wrapper.py /proj/SMACK/sv-benchmarks/c/seq-mthreaded/rekcba_aso_true-unreach-call.1.M1.c 0 2000.0 2147483647 -1 -/bopt:boolControlVC 'False' -/bopt:z3opt:SMT.MBQI 'True' -/bopt:z3opt:SMT.MBQI.MAX_ITERATIONS '1000' -/deepAsserts 'False' -/di 'True' -/doNotUseLabels 'False' -/noCallTreeReuse 'False' -/noInitPruning 'False' -/nonUniformUnfolding 'False' -/staticInlining 'True' -/trackAllVars 'True' -/useArrayTheoryCheck '1'  
10:54:21.783 [CLI TAE (Master Thread - #0)] ERROR c.u.c.b.a.t.b.c.CommandLineAlgorithmRun - The following algorithm call failed: cd "/proj/SMACK/smac/example_scenarios/seq_rs" ;  ../wrapper.py /proj/SMACK/sv-benchmarks/c/seq-mthreaded/pals_floodmax.5_false-unreach-call.3.ufo.BOUNDED-10.pals_true-termination.c 0 2000.0 2147483647 -1 -/bopt:boolControlVC 'False' -/bopt:z3opt:SMT.MBQI 'True' -/bopt:z3opt:SMT.MBQI.MAX_ITERATIONS '1000' -/deepAsserts 'False' -/di 'True' -/doNotUseLabels 'False' -/noCallTreeReuse 'False' -/noInitPruning 'False' -/nonUniformUnfolding 'False' -/staticInlining 'True' -/trackAllVars 'True' -/useArrayTheoryCheck '1'  
10:54:21.784 [CLI TAE (Master Thread - #0)] ERROR c.u.c.b.a.t.b.c.CommandLineAlgorithmRun - The last 1 lines of output we saw were:
10:54:21.785 [CLI TAE (Master Thread - #0)] ERROR c.u.c.b.a.t.b.c.CommandLineAlgorithmRun - > Result for SMAC: CRASHED, 90000, 0, 0, -1
10:54:21.816 [main] INFO  c.u.c.b.s.c.SequentialModelBasedAlgorithmConfiguration - Updated estimated penalized average runtime (PAR10) of the same incumbent: 20000.0; estimate now based on 2 runs.
11:25:44.909 [main] WARN  c.u.c.b.a.r.FileSharingRunHistoryDecorator - Error occurred reading file in shared run history /proj/SMACK/smac/example_scenarios/seq_rs/smac-output/smack-scenario_seq_rs/live-rundata-44.json. We will keep trying to read this file, but will only log another error after it succeeds once. We may not be able to get it's run data but we should be able to continue
java.lang.RuntimeException: Illegal character ((CTRL-CHAR, code 0)): only regular white space (\r, \n, \t) is allowed between tokens
 at [Source: /proj/SMACK/smac/example_scenarios/seq_rs/smac-output/smack-scenario_seq_rs/live-rundata-44.json; line: 1764, column: 3]
	at com.fasterxml.jackson.databind.MappingIterator.hasNext(MappingIterator.java:112) ~[jackson-databind-2.3.1.jar:2.3.1]
	at ca.ubc.cs.beta.aeatk.runhistory.FileSharingRunHistoryDecorator.readRunsFromFile(FileSharingRunHistoryDecorator.java:418) [aeatk.jar:na]
	at ca.ubc.cs.beta.aeatk.runhistory.FileSharingRunHistoryDecorator.reReadFiles(FileSharingRunHistoryDecorator.java:339) [aeatk.jar:na]
	at ca.ubc.cs.beta.aeatk.runhistory.FileSharingRunHistoryDecorator.append(FileSharingRunHistoryDecorator.java:239) [aeatk.jar:na]
	at ca.ubc.cs.beta.aeatk.runhistory.FileSharingRunHistoryDecorator.append(FileSharingRunHistoryDecorator.java:502) [aeatk.jar:na]
	at ca.ubc.cs.beta.aeatk.runhistory.TeeRunHistory.append(TeeRunHistory.java:33) [aeatk.jar:na]
	at ca.ubc.cs.beta.aeatk.runhistory.ThreadSafeRunHistoryWrapper.append(ThreadSafeRunHistoryWrapper.java:60) [aeatk.jar:na]
	at ca.ubc.cs.beta.smac.configurator.AbstractAlgorithmFramework.updateRunHistory(AbstractAlgorithmFramework.java:1229) [smac.jar:na]
	at ca.ubc.cs.beta.smac.configurator.AbstractAlgorithmFramework.evaluateRun(AbstractAlgorithmFramework.java:1279) [smac.jar:na]
	at ca.ubc.cs.beta.smac.configurator.AbstractAlgorithmFramework.challengeIncumbent(AbstractAlgorithmFramework.java:948) [smac.jar:na]
	at ca.ubc.cs.beta.smac.configurator.AbstractAlgorithmFramework.challengeIncumbent(AbstractAlgorithmFramework.java:778) [smac.jar:na]
	at ca.ubc.cs.beta.smac.configurator.AbstractAlgorithmFramework.intensify(AbstractAlgorithmFramework.java:766) [smac.jar:na]
	at ca.ubc.cs.beta.smac.configurator.AbstractAlgorithmFramework.run(AbstractAlgorithmFramework.java:580) [smac.jar:na]
	at ca.ubc.cs.beta.smac.executors.SMACExecutor.oldMain(SMACExecutor.java:140) [smac.jar:na]
	at ca.ubc.cs.beta.smac.executors.SMACExecutor.main(SMACExecutor.java:104) [smac.jar:na]
	at sun.reflect.NativeMethodAccessorImpl.invoke0(Native Method) ~[na:1.8.0_162]
	at sun.reflect.NativeMethodAccessorImpl.invoke(NativeMethodAccessorImpl.java:62) ~[na:1.8.0_162]
	at sun.reflect.DelegatingMethodAccessorImpl.invoke(DelegatingMethodAccessorImpl.java:43) ~[na:1.8.0_162]
	at java.lang.reflect.Method.invoke(Method.java:498) ~[na:1.8.0_162]
	at ca.ubc.cs.beta.aeatk.ant.execscript.Launcher.main(Launcher.java:37) [aeatk.jar:na]
Caused by: com.fasterxml.jackson.core.JsonParseException: Illegal character ((CTRL-CHAR, code 0)): only regular white space (\r, \n, \t) is allowed between tokens
 at [Source: /proj/SMACK/smac/example_scenarios/seq_rs/smac-output/smack-scenario_seq_rs/live-rundata-44.json; line: 1764, column: 3]
	at com.fasterxml.jackson.core.JsonParser._constructError(JsonParser.java:1524) ~[jackson-core-2.3.1.jar:2.3.1]
	at com.fasterxml.jackson.core.base.ParserMinimalBase._reportError(ParserMinimalBase.java:557) ~[jackson-core-2.3.1.jar:2.3.1]
	at com.fasterxml.jackson.core.base.ParserMinimalBase._throwInvalidSpace(ParserMinimalBase.java:503) ~[jackson-core-2.3.1.jar:2.3.1]
	at com.fasterxml.jackson.core.json.UTF8StreamJsonParser._reportInvalidChar(UTF8StreamJsonParser.java:3103) ~[jackson-core-2.3.1.jar:2.3.1]
	at com.fasterxml.jackson.core.json.UTF8StreamJsonParser._skipWSOrEnd(UTF8StreamJsonParser.java:2585) ~[jackson-core-2.3.1.jar:2.3.1]
	at com.fasterxml.jackson.core.json.UTF8StreamJsonParser.nextToken(UTF8StreamJsonParser.java:650) ~[jackson-core-2.3.1.jar:2.3.1]
	at com.fasterxml.jackson.databind.MappingIterator.hasNextValue(MappingIterator.java:159) ~[jackson-databind-2.3.1.jar:2.3.1]
	at com.fasterxml.jackson.databind.MappingIterator.hasNext(MappingIterator.java:108) ~[jackson-databind-2.3.1.jar:2.3.1]
	... 19 common frames omitted
11:25:44.995 [main] WARN  c.u.c.b.a.r.FileSharingRunHistoryDecorator - Error occurred reading file in shared run history /proj/SMACK/smac/example_scenarios/seq_rs/smac-output/smack-scenario_seq_rs/live-rundata-36.json. We will keep trying to read this file, but will only log another error after it succeeds once. We may not be able to get it's run data but we should be able to continue
java.lang.RuntimeException: Unrecognized token 'algo': was expecting ('true', 'false' or 'null')
 at [Source: /proj/SMACK/smac/example_scenarios/seq_rs/smac-output/smack-scenario_seq_rs/live-rundata-36.json; line: 1764, column: 7]
	at com.fasterxml.jackson.databind.MappingIterator.hasNext(MappingIterator.java:112) ~[jackson-databind-2.3.1.jar:2.3.1]
	at ca.ubc.cs.beta.aeatk.runhistory.FileSharingRunHistoryDecorator.readRunsFromFile(FileSharingRunHistoryDecorator.java:418) [aeatk.jar:na]
	at ca.ubc.cs.beta.aeatk.runhistory.FileSharingRunHistoryDecorator.reReadFiles(FileSharingRunHistoryDecorator.java:339) [aeatk.jar:na]
	at ca.ubc.cs.beta.aeatk.runhistory.FileSharingRunHistoryDecorator.append(FileSharingRunHistoryDecorator.java:239) [aeatk.jar:na]
	at ca.ubc.cs.beta.aeatk.runhistory.FileSharingRunHistoryDecorator.append(FileSharingRunHistoryDecorator.java:502) [aeatk.jar:na]
	at ca.ubc.cs.beta.aeatk.runhistory.TeeRunHistory.append(TeeRunHistory.java:33) [aeatk.jar:na]
	at ca.ubc.cs.beta.aeatk.runhistory.ThreadSafeRunHistoryWrapper.append(ThreadSafeRunHistoryWrapper.java:60) [aeatk.jar:na]
	at ca.ubc.cs.beta.smac.configurator.AbstractAlgorithmFramework.updateRunHistory(AbstractAlgorithmFramework.java:1229) [smac.jar:na]
	at ca.ubc.cs.beta.smac.configurator.AbstractAlgorithmFramework.evaluateRun(AbstractAlgorithmFramework.java:1279) [smac.jar:na]
	at ca.ubc.cs.beta.smac.configurator.AbstractAlgorithmFramework.challengeIncumbent(AbstractAlgorithmFramework.java:948) [smac.jar:na]
	at ca.ubc.cs.beta.smac.configurator.AbstractAlgorithmFramework.challengeIncumbent(AbstractAlgorithmFramework.java:778) [smac.jar:na]
	at ca.ubc.cs.beta.smac.configurator.AbstractAlgorithmFramework.intensify(AbstractAlgorithmFramework.java:766) [smac.jar:na]
	at ca.ubc.cs.beta.smac.configurator.AbstractAlgorithmFramework.run(AbstractAlgorithmFramework.java:580) [smac.jar:na]
	at ca.ubc.cs.beta.smac.executors.SMACExecutor.oldMain(SMACExecutor.java:140) [smac.jar:na]
	at ca.ubc.cs.beta.smac.executors.SMACExecutor.main(SMACExecutor.java:104) [smac.jar:na]
	at sun.reflect.NativeMethodAccessorImpl.invoke0(Native Method) ~[na:1.8.0_162]
	at sun.reflect.NativeMethodAccessorImpl.invoke(NativeMethodAccessorImpl.java:62) ~[na:1.8.0_162]
	at sun.reflect.DelegatingMethodAccessorImpl.invoke(DelegatingMethodAccessorImpl.java:43) ~[na:1.8.0_162]
	at java.lang.reflect.Method.invoke(Method.java:498) ~[na:1.8.0_162]
	at ca.ubc.cs.beta.aeatk.ant.execscript.Launcher.main(Launcher.java:37) [aeatk.jar:na]
Caused by: com.fasterxml.jackson.core.JsonParseException: Unrecognized token 'algo': was expecting ('true', 'false' or 'null')
 at [Source: /proj/SMACK/smac/example_scenarios/seq_rs/smac-output/smack-scenario_seq_rs/live-rundata-36.json; line: 1764, column: 7]
	at com.fasterxml.jackson.core.JsonParser._constructError(JsonParser.java:1524) ~[jackson-core-2.3.1.jar:2.3.1]
	at com.fasterxml.jackson.core.base.ParserMinimalBase._reportError(ParserMinimalBase.java:557) ~[jackson-core-2.3.1.jar:2.3.1]
	at com.fasterxml.jackson.core.json.UTF8StreamJsonParser._reportInvalidToken(UTF8StreamJsonParser.java:3095) ~[jackson-core-2.3.1.jar:2.3.1]
	at com.fasterxml.jackson.core.json.UTF8StreamJsonParser._handleUnexpectedValue(UTF8StreamJsonParser.java:2340) ~[jackson-core-2.3.1.jar:2.3.1]
	at com.fasterxml.jackson.core.json.UTF8StreamJsonParser._nextTokenNotInObject(UTF8StreamJsonParser.java:818) ~[jackson-core-2.3.1.jar:2.3.1]
	at com.fasterxml.jackson.core.json.UTF8StreamJsonParser.nextToken(UTF8StreamJsonParser.java:698) ~[jackson-core-2.3.1.jar:2.3.1]
	at com.fasterxml.jackson.databind.MappingIterator.hasNextValue(MappingIterator.java:159) ~[jackson-databind-2.3.1.jar:2.3.1]
	at com.fasterxml.jackson.databind.MappingIterator.hasNext(MappingIterator.java:108) ~[jackson-databind-2.3.1.jar:2.3.1]
	... 19 common frames omitted
11:25:45.053 [main] WARN  c.u.c.b.a.r.FileSharingRunHistoryDecorator - Error occurred reading file in shared run history /proj/SMACK/smac/example_scenarios/seq_rs/smac-output/smack-scenario_seq_rs/live-rundata-33.json. We will keep trying to read this file, but will only log another error after it succeeds once. We may not be able to get it's run data but we should be able to continue
java.lang.RuntimeException: Unexpected close marker '}': expected ']' (for ROOT starting at [Source: /proj/SMACK/smac/example_scenarios/seq_rs/smac-output/smack-scenario_seq_rs/live-rundata-33.json; line: 1, column: 0])
 at [Source: /proj/SMACK/smac/example_scenarios/seq_rs/smac-output/smack-scenario_seq_rs/live-rundata-33.json; line: 1722, column: 3]
	at com.fasterxml.jackson.databind.MappingIterator.hasNext(MappingIterator.java:112) ~[jackson-databind-2.3.1.jar:2.3.1]
	at ca.ubc.cs.beta.aeatk.runhistory.FileSharingRunHistoryDecorator.readRunsFromFile(FileSharingRunHistoryDecorator.java:418) [aeatk.jar:na]
	at ca.ubc.cs.beta.aeatk.runhistory.FileSharingRunHistoryDecorator.reReadFiles(FileSharingRunHistoryDecorator.java:339) [aeatk.jar:na]
	at ca.ubc.cs.beta.aeatk.runhistory.FileSharingRunHistoryDecorator.append(FileSharingRunHistoryDecorator.java:239) [aeatk.jar:na]
	at ca.ubc.cs.beta.aeatk.runhistory.FileSharingRunHistoryDecorator.append(FileSharingRunHistoryDecorator.java:502) [aeatk.jar:na]
	at ca.ubc.cs.beta.aeatk.runhistory.TeeRunHistory.append(TeeRunHistory.java:33) [aeatk.jar:na]
	at ca.ubc.cs.beta.aeatk.runhistory.ThreadSafeRunHistoryWrapper.append(ThreadSafeRunHistoryWrapper.java:60) [aeatk.jar:na]
	at ca.ubc.cs.beta.smac.configurator.AbstractAlgorithmFramework.updateRunHistory(AbstractAlgorithmFramework.java:1229) [smac.jar:na]
	at ca.ubc.cs.beta.smac.configurator.AbstractAlgorithmFramework.evaluateRun(AbstractAlgorithmFramework.java:1279) [smac.jar:na]
	at ca.ubc.cs.beta.smac.configurator.AbstractAlgorithmFramework.challengeIncumbent(AbstractAlgorithmFramework.java:948) [smac.jar:na]
	at ca.ubc.cs.beta.smac.configurator.AbstractAlgorithmFramework.challengeIncumbent(AbstractAlgorithmFramework.java:778) [smac.jar:na]
	at ca.ubc.cs.beta.smac.configurator.AbstractAlgorithmFramework.intensify(AbstractAlgorithmFramework.java:766) [smac.jar:na]
	at ca.ubc.cs.beta.smac.configurator.AbstractAlgorithmFramework.run(AbstractAlgorithmFramework.java:580) [smac.jar:na]
	at ca.ubc.cs.beta.smac.executors.SMACExecutor.oldMain(SMACExecutor.java:140) [smac.jar:na]
	at ca.ubc.cs.beta.smac.executors.SMACExecutor.main(SMACExecutor.java:104) [smac.jar:na]
	at sun.reflect.NativeMethodAccessorImpl.invoke0(Native Method) ~[na:1.8.0_162]
	at sun.reflect.NativeMethodAccessorImpl.invoke(NativeMethodAccessorImpl.java:62) ~[na:1.8.0_162]
	at sun.reflect.DelegatingMethodAccessorImpl.invoke(DelegatingMethodAccessorImpl.java:43) ~[na:1.8.0_162]
	at java.lang.reflect.Method.invoke(Method.java:498) ~[na:1.8.0_162]
	at ca.ubc.cs.beta.aeatk.ant.execscript.Launcher.main(Launcher.java:37) [aeatk.jar:na]
Caused by: com.fasterxml.jackson.core.JsonParseException: Unexpected close marker '}': expected ']' (for ROOT starting at [Source: /proj/SMACK/smac/example_scenarios/seq_rs/smac-output/smack-scenario_seq_rs/live-rundata-33.json; line: 1, column: 0])
 at [Source: /proj/SMACK/smac/example_scenarios/seq_rs/smac-output/smack-scenario_seq_rs/live-rundata-33.json; line: 1722, column: 3]
	at com.fasterxml.jackson.core.JsonParser._constructError(JsonParser.java:1524) ~[jackson-core-2.3.1.jar:2.3.1]
	at com.fasterxml.jackson.core.base.ParserMinimalBase._reportError(ParserMinimalBase.java:557) ~[jackson-core-2.3.1.jar:2.3.1]
	at com.fasterxml.jackson.core.base.ParserBase._reportMismatchedEndMarker(ParserBase.java:501) ~[jackson-core-2.3.1.jar:2.3.1]
	at com.fasterxml.jackson.core.json.UTF8StreamJsonParser.nextToken(UTF8StreamJsonParser.java:679) ~[jackson-core-2.3.1.jar:2.3.1]
	at com.fasterxml.jackson.databind.MappingIterator.hasNextValue(MappingIterator.java:159) ~[jackson-databind-2.3.1.jar:2.3.1]
	at com.fasterxml.jackson.databind.MappingIterator.hasNext(MappingIterator.java:108) ~[jackson-databind-2.3.1.jar:2.3.1]
	... 19 common frames omitted
11:25:45.165 [main] WARN  c.u.c.b.a.r.FileSharingRunHistoryDecorator - Error occurred reading file in shared run history /proj/SMACK/smac/example_scenarios/seq_rs/smac-output/smack-scenario_seq_rs/live-rundata-45.json. We will keep trying to read this file, but will only log another error after it succeeds once. We may not be able to get it's run data but we should be able to continue
java.lang.RuntimeException: Unexpected character (':' (code 58)): expected a valid value (number, String, array, object, 'true', 'false' or 'null')
 at [Source: /proj/SMACK/smac/example_scenarios/seq_rs/smac-output/smack-scenario_seq_rs/live-rundata-45.json; line: 1854, column: 4]
	at com.fasterxml.jackson.databind.MappingIterator.hasNext(MappingIterator.java:112) ~[jackson-databind-2.3.1.jar:2.3.1]
	at ca.ubc.cs.beta.aeatk.runhistory.FileSharingRunHistoryDecorator.readRunsFromFile(FileSharingRunHistoryDecorator.java:418) [aeatk.jar:na]
	at ca.ubc.cs.beta.aeatk.runhistory.FileSharingRunHistoryDecorator.reReadFiles(FileSharingRunHistoryDecorator.java:339) [aeatk.jar:na]
	at ca.ubc.cs.beta.aeatk.runhistory.FileSharingRunHistoryDecorator.append(FileSharingRunHistoryDecorator.java:239) [aeatk.jar:na]
	at ca.ubc.cs.beta.aeatk.runhistory.FileSharingRunHistoryDecorator.append(FileSharingRunHistoryDecorator.java:502) [aeatk.jar:na]
	at ca.ubc.cs.beta.aeatk.runhistory.TeeRunHistory.append(TeeRunHistory.java:33) [aeatk.jar:na]
	at ca.ubc.cs.beta.aeatk.runhistory.ThreadSafeRunHistoryWrapper.append(ThreadSafeRunHistoryWrapper.java:60) [aeatk.jar:na]
	at ca.ubc.cs.beta.smac.configurator.AbstractAlgorithmFramework.updateRunHistory(AbstractAlgorithmFramework.java:1229) [smac.jar:na]
	at ca.ubc.cs.beta.smac.configurator.AbstractAlgorithmFramework.evaluateRun(AbstractAlgorithmFramework.java:1279) [smac.jar:na]
	at ca.ubc.cs.beta.smac.configurator.AbstractAlgorithmFramework.challengeIncumbent(AbstractAlgorithmFramework.java:948) [smac.jar:na]
	at ca.ubc.cs.beta.smac.configurator.AbstractAlgorithmFramework.challengeIncumbent(AbstractAlgorithmFramework.java:778) [smac.jar:na]
	at ca.ubc.cs.beta.smac.configurator.AbstractAlgorithmFramework.intensify(AbstractAlgorithmFramework.java:766) [smac.jar:na]
	at ca.ubc.cs.beta.smac.configurator.AbstractAlgorithmFramework.run(AbstractAlgorithmFramework.java:580) [smac.jar:na]
	at ca.ubc.cs.beta.smac.executors.SMACExecutor.oldMain(SMACExecutor.java:140) [smac.jar:na]
	at ca.ubc.cs.beta.smac.executors.SMACExecutor.main(SMACExecutor.java:104) [smac.jar:na]
	at sun.reflect.NativeMethodAccessorImpl.invoke0(Native Method) ~[na:1.8.0_162]
	at sun.reflect.NativeMethodAccessorImpl.invoke(NativeMethodAccessorImpl.java:62) ~[na:1.8.0_162]
	at sun.reflect.DelegatingMethodAccessorImpl.invoke(DelegatingMethodAccessorImpl.java:43) ~[na:1.8.0_162]
	at java.lang.reflect.Method.invoke(Method.java:498) ~[na:1.8.0_162]
	at ca.ubc.cs.beta.aeatk.ant.execscript.Launcher.main(Launcher.java:37) [aeatk.jar:na]
Caused by: com.fasterxml.jackson.core.JsonParseException: Unexpected character (':' (code 58)): expected a valid value (number, String, array, object, 'true', 'false' or 'null')
 at [Source: /proj/SMACK/smac/example_scenarios/seq_rs/smac-output/smack-scenario_seq_rs/live-rundata-45.json; line: 1854, column: 4]
	at com.fasterxml.jackson.core.JsonParser._constructError(JsonParser.java:1524) ~[jackson-core-2.3.1.jar:2.3.1]
	at com.fasterxml.jackson.core.base.ParserMinimalBase._reportError(ParserMinimalBase.java:557) ~[jackson-core-2.3.1.jar:2.3.1]
	at com.fasterxml.jackson.core.base.ParserMinimalBase._reportUnexpectedChar(ParserMinimalBase.java:475) ~[jackson-core-2.3.1.jar:2.3.1]
	at com.fasterxml.jackson.core.json.UTF8StreamJsonParser._handleUnexpectedValue(UTF8StreamJsonParser.java:2343) ~[jackson-core-2.3.1.jar:2.3.1]
	at com.fasterxml.jackson.core.json.UTF8StreamJsonParser._nextTokenNotInObject(UTF8StreamJsonParser.java:818) ~[jackson-core-2.3.1.jar:2.3.1]
	at com.fasterxml.jackson.core.json.UTF8StreamJsonParser.nextToken(UTF8StreamJsonParser.java:698) ~[jackson-core-2.3.1.jar:2.3.1]
	at com.fasterxml.jackson.databind.MappingIterator.hasNextValue(MappingIterator.java:159) ~[jackson-databind-2.3.1.jar:2.3.1]
	at com.fasterxml.jackson.databind.MappingIterator.hasNext(MappingIterator.java:108) ~[jackson-databind-2.3.1.jar:2.3.1]
	... 19 common frames omitted
11:25:45.233 [main] WARN  c.u.c.b.a.r.FileSharingRunHistoryDecorator - Error occurred reading file in shared run history /proj/SMACK/smac/example_scenarios/seq_rs/smac-output/smack-scenario_seq_rs/live-rundata-35.json. We will keep trying to read this file, but will only log another error after it succeeds once. We may not be able to get it's run data but we should be able to continue
com.fasterxml.jackson.core.JsonParseException: Unexpected character ('{' (code 123)): was expecting comma to separate OBJECT entries
 at [Source: /proj/SMACK/smac/example_scenarios/seq_rs/smac-output/smack-scenario_seq_rs/live-rundata-35.json; line: 1722, column: 3]
	at com.fasterxml.jackson.core.JsonParser._constructError(JsonParser.java:1524) ~[jackson-core-2.3.1.jar:2.3.1]
	at com.fasterxml.jackson.core.base.ParserMinimalBase._reportError(ParserMinimalBase.java:557) ~[jackson-core-2.3.1.jar:2.3.1]
	at com.fasterxml.jackson.core.base.ParserMinimalBase._reportUnexpectedChar(ParserMinimalBase.java:475) ~[jackson-core-2.3.1.jar:2.3.1]
	at com.fasterxml.jackson.core.json.UTF8StreamJsonParser.nextToken(UTF8StreamJsonParser.java:688) ~[jackson-core-2.3.1.jar:2.3.1]
	at com.fasterxml.jackson.core.base.ParserMinimalBase.nextValue(ParserMinimalBase.java:123) ~[jackson-core-2.3.1.jar:2.3.1]
	at ca.ubc.cs.beta.aeatk.json.serializers.AlgorithmRunResultJson$AlgorithmRunDeserializer.deserialize(AlgorithmRunResultJson.java:57) ~[aeatk.jar:na]
	at ca.ubc.cs.beta.aeatk.json.serializers.AlgorithmRunResultJson$AlgorithmRunDeserializer.deserialize(AlgorithmRunResultJson.java:30) ~[aeatk.jar:na]
	at com.fasterxml.jackson.databind.MappingIterator.nextValue(MappingIterator.java:189) ~[jackson-databind-2.3.1.jar:2.3.1]
	at ca.ubc.cs.beta.aeatk.runhistory.FileSharingRunHistoryDecorator.readRunsFromFile(FileSharingRunHistoryDecorator.java:421) [aeatk.jar:na]
	at ca.ubc.cs.beta.aeatk.runhistory.FileSharingRunHistoryDecorator.reReadFiles(FileSharingRunHistoryDecorator.java:339) [aeatk.jar:na]
	at ca.ubc.cs.beta.aeatk.runhistory.FileSharingRunHistoryDecorator.append(FileSharingRunHistoryDecorator.java:239) [aeatk.jar:na]
	at ca.ubc.cs.beta.aeatk.runhistory.FileSharingRunHistoryDecorator.append(FileSharingRunHistoryDecorator.java:502) [aeatk.jar:na]
	at ca.ubc.cs.beta.aeatk.runhistory.TeeRunHistory.append(TeeRunHistory.java:33) [aeatk.jar:na]
	at ca.ubc.cs.beta.aeatk.runhistory.ThreadSafeRunHistoryWrapper.append(ThreadSafeRunHistoryWrapper.java:60) [aeatk.jar:na]
	at ca.ubc.cs.beta.smac.configurator.AbstractAlgorithmFramework.updateRunHistory(AbstractAlgorithmFramework.java:1229) [smac.jar:na]
	at ca.ubc.cs.beta.smac.configurator.AbstractAlgorithmFramework.evaluateRun(AbstractAlgorithmFramework.java:1279) [smac.jar:na]
	at ca.ubc.cs.beta.smac.configurator.AbstractAlgorithmFramework.challengeIncumbent(AbstractAlgorithmFramework.java:948) [smac.jar:na]
	at ca.ubc.cs.beta.smac.configurator.AbstractAlgorithmFramework.challengeIncumbent(AbstractAlgorithmFramework.java:778) [smac.jar:na]
	at ca.ubc.cs.beta.smac.configurator.AbstractAlgorithmFramework.intensify(AbstractAlgorithmFramework.java:766) [smac.jar:na]
	at ca.ubc.cs.beta.smac.configurator.AbstractAlgorithmFramework.run(AbstractAlgorithmFramework.java:580) [smac.jar:na]
	at ca.ubc.cs.beta.smac.executors.SMACExecutor.oldMain(SMACExecutor.java:140) [smac.jar:na]
	at ca.ubc.cs.beta.smac.executors.SMACExecutor.main(SMACExecutor.java:104) [smac.jar:na]
	at sun.reflect.NativeMethodAccessorImpl.invoke0(Native Method) ~[na:1.8.0_162]
	at sun.reflect.NativeMethodAccessorImpl.invoke(NativeMethodAccessorImpl.java:62) ~[na:1.8.0_162]
	at sun.reflect.DelegatingMethodAccessorImpl.invoke(DelegatingMethodAccessorImpl.java:43) ~[na:1.8.0_162]
	at java.lang.reflect.Method.invoke(Method.java:498) ~[na:1.8.0_162]
	at ca.ubc.cs.beta.aeatk.ant.execscript.Launcher.main(Launcher.java:37) [aeatk.jar:na]
11:25:45.244 [main] WARN  c.u.c.b.a.r.FileSharingRunHistoryDecorator - Error occurred reading file in shared run history /proj/SMACK/smac/example_scenarios/seq_rs/smac-output/smack-scenario_seq_rs/live-rundata-43.json. We will keep trying to read this file, but will only log another error after it succeeds once. We may not be able to get it's run data but we should be able to continue
com.fasterxml.jackson.core.JsonParseException: Unexpected character ('{' (code 123)): was expecting comma to separate OBJECT entries
 at [Source: /proj/SMACK/smac/example_scenarios/seq_rs/smac-output/smack-scenario_seq_rs/live-rundata-43.json; line: 1722, column: 3]
	at com.fasterxml.jackson.core.JsonParser._constructError(JsonParser.java:1524) ~[jackson-core-2.3.1.jar:2.3.1]
	at com.fasterxml.jackson.core.base.ParserMinimalBase._reportError(ParserMinimalBase.java:557) ~[jackson-core-2.3.1.jar:2.3.1]
	at com.fasterxml.jackson.core.base.ParserMinimalBase._reportUnexpectedChar(ParserMinimalBase.java:475) ~[jackson-core-2.3.1.jar:2.3.1]
	at com.fasterxml.jackson.core.json.UTF8StreamJsonParser.nextToken(UTF8StreamJsonParser.java:688) ~[jackson-core-2.3.1.jar:2.3.1]
	at com.fasterxml.jackson.core.base.ParserMinimalBase.nextValue(ParserMinimalBase.java:123) ~[jackson-core-2.3.1.jar:2.3.1]
	at ca.ubc.cs.beta.aeatk.json.serializers.AlgorithmRunResultJson$AlgorithmRunDeserializer.deserialize(AlgorithmRunResultJson.java:57) ~[aeatk.jar:na]
	at ca.ubc.cs.beta.aeatk.json.serializers.AlgorithmRunResultJson$AlgorithmRunDeserializer.deserialize(AlgorithmRunResultJson.java:30) ~[aeatk.jar:na]
	at com.fasterxml.jackson.databind.MappingIterator.nextValue(MappingIterator.java:189) ~[jackson-databind-2.3.1.jar:2.3.1]
	at ca.ubc.cs.beta.aeatk.runhistory.FileSharingRunHistoryDecorator.readRunsFromFile(FileSharingRunHistoryDecorator.java:421) [aeatk.jar:na]
	at ca.ubc.cs.beta.aeatk.runhistory.FileSharingRunHistoryDecorator.reReadFiles(FileSharingRunHistoryDecorator.java:339) [aeatk.jar:na]
	at ca.ubc.cs.beta.aeatk.runhistory.FileSharingRunHistoryDecorator.append(FileSharingRunHistoryDecorator.java:239) [aeatk.jar:na]
	at ca.ubc.cs.beta.aeatk.runhistory.FileSharingRunHistoryDecorator.append(FileSharingRunHistoryDecorator.java:502) [aeatk.jar:na]
	at ca.ubc.cs.beta.aeatk.runhistory.TeeRunHistory.append(TeeRunHistory.java:33) [aeatk.jar:na]
	at ca.ubc.cs.beta.aeatk.runhistory.ThreadSafeRunHistoryWrapper.append(ThreadSafeRunHistoryWrapper.java:60) [aeatk.jar:na]
	at ca.ubc.cs.beta.smac.configurator.AbstractAlgorithmFramework.updateRunHistory(AbstractAlgorithmFramework.java:1229) [smac.jar:na]
	at ca.ubc.cs.beta.smac.configurator.AbstractAlgorithmFramework.evaluateRun(AbstractAlgorithmFramework.java:1279) [smac.jar:na]
	at ca.ubc.cs.beta.smac.configurator.AbstractAlgorithmFramework.challengeIncumbent(AbstractAlgorithmFramework.java:948) [smac.jar:na]
	at ca.ubc.cs.beta.smac.configurator.AbstractAlgorithmFramework.challengeIncumbent(AbstractAlgorithmFramework.java:778) [smac.jar:na]
	at ca.ubc.cs.beta.smac.configurator.AbstractAlgorithmFramework.intensify(AbstractAlgorithmFramework.java:766) [smac.jar:na]
	at ca.ubc.cs.beta.smac.configurator.AbstractAlgorithmFramework.run(AbstractAlgorithmFramework.java:580) [smac.jar:na]
	at ca.ubc.cs.beta.smac.executors.SMACExecutor.oldMain(SMACExecutor.java:140) [smac.jar:na]
	at ca.ubc.cs.beta.smac.executors.SMACExecutor.main(SMACExecutor.java:104) [smac.jar:na]
	at sun.reflect.NativeMethodAccessorImpl.invoke0(Native Method) ~[na:1.8.0_162]
	at sun.reflect.NativeMethodAccessorImpl.invoke(NativeMethodAccessorImpl.java:62) ~[na:1.8.0_162]
	at sun.reflect.DelegatingMethodAccessorImpl.invoke(DelegatingMethodAccessorImpl.java:43) ~[na:1.8.0_162]
	at java.lang.reflect.Method.invoke(Method.java:498) ~[na:1.8.0_162]
	at ca.ubc.cs.beta.aeatk.ant.execscript.Launcher.main(Launcher.java:37) [aeatk.jar:na]
11:25:45.283 [main] WARN  c.u.c.b.a.r.FileSharingRunHistoryDecorator - Error occurred reading file in shared run history /proj/SMACK/smac/example_scenarios/seq_rs/smac-output/smack-scenario_seq_rs/live-rundata-47.json. We will keep trying to read this file, but will only log another error after it succeeds once. We may not be able to get it's run data but we should be able to continue
com.fasterxml.jackson.core.JsonParseException: Unexpected character ('{' (code 123)): was expecting double-quote to start field name
 at [Source: /proj/SMACK/smac/example_scenarios/seq_rs/smac-output/smack-scenario_seq_rs/live-rundata-47.json; line: 1787, column: 5]
	at com.fasterxml.jackson.core.JsonParser._constructError(JsonParser.java:1524) ~[jackson-core-2.3.1.jar:2.3.1]
	at com.fasterxml.jackson.core.base.ParserMinimalBase._reportError(ParserMinimalBase.java:557) ~[jackson-core-2.3.1.jar:2.3.1]
	at com.fasterxml.jackson.core.base.ParserMinimalBase._reportUnexpectedChar(ParserMinimalBase.java:475) ~[jackson-core-2.3.1.jar:2.3.1]
	at com.fasterxml.jackson.core.json.UTF8StreamJsonParser._handleOddName(UTF8StreamJsonParser.java:1784) ~[jackson-core-2.3.1.jar:2.3.1]
	at com.fasterxml.jackson.core.json.UTF8StreamJsonParser._parseName(UTF8StreamJsonParser.java:1481) ~[jackson-core-2.3.1.jar:2.3.1]
	at com.fasterxml.jackson.core.json.UTF8StreamJsonParser.nextToken(UTF8StreamJsonParser.java:701) ~[jackson-core-2.3.1.jar:2.3.1]
	at com.fasterxml.jackson.core.base.ParserMinimalBase.nextValue(ParserMinimalBase.java:123) ~[jackson-core-2.3.1.jar:2.3.1]
	at ca.ubc.cs.beta.aeatk.json.serializers.AlgorithmRunConfigurationJson$RunConfigDeserializer.deserialize(AlgorithmRunConfigurationJson.java:77) ~[aeatk.jar:na]
	at ca.ubc.cs.beta.aeatk.json.serializers.AlgorithmRunConfigurationJson$RunConfigDeserializer.deserialize(AlgorithmRunConfigurationJson.java:44) ~[aeatk.jar:na]
	at com.fasterxml.jackson.databind.ObjectMapper._readValue(ObjectMapper.java:2965) ~[jackson-databind-2.3.1.jar:2.3.1]
	at com.fasterxml.jackson.databind.ObjectMapper.readValue(ObjectMapper.java:1587) ~[jackson-databind-2.3.1.jar:2.3.1]
	at com.fasterxml.jackson.core.JsonParser.readValueAs(JsonParser.java:1431) ~[jackson-core-2.3.1.jar:2.3.1]
	at ca.ubc.cs.beta.aeatk.json.serializers.JsonDeserializerHelper.getDeserializedVersion(JsonDeserializerHelper.java:26) ~[aeatk.jar:na]
	at ca.ubc.cs.beta.aeatk.json.serializers.AlgorithmRunResultJson$AlgorithmRunDeserializer.deserialize(AlgorithmRunResultJson.java:94) ~[aeatk.jar:na]
	at ca.ubc.cs.beta.aeatk.json.serializers.AlgorithmRunResultJson$AlgorithmRunDeserializer.deserialize(AlgorithmRunResultJson.java:30) ~[aeatk.jar:na]
	at com.fasterxml.jackson.databind.MappingIterator.nextValue(MappingIterator.java:189) ~[jackson-databind-2.3.1.jar:2.3.1]
	at ca.ubc.cs.beta.aeatk.runhistory.FileSharingRunHistoryDecorator.readRunsFromFile(FileSharingRunHistoryDecorator.java:421) [aeatk.jar:na]
	at ca.ubc.cs.beta.aeatk.runhistory.FileSharingRunHistoryDecorator.reReadFiles(FileSharingRunHistoryDecorator.java:339) [aeatk.jar:na]
	at ca.ubc.cs.beta.aeatk.runhistory.FileSharingRunHistoryDecorator.append(FileSharingRunHistoryDecorator.java:239) [aeatk.jar:na]
	at ca.ubc.cs.beta.aeatk.runhistory.FileSharingRunHistoryDecorator.append(FileSharingRunHistoryDecorator.java:502) [aeatk.jar:na]
	at ca.ubc.cs.beta.aeatk.runhistory.TeeRunHistory.append(TeeRunHistory.java:33) [aeatk.jar:na]
	at ca.ubc.cs.beta.aeatk.runhistory.ThreadSafeRunHistoryWrapper.append(ThreadSafeRunHistoryWrapper.java:60) [aeatk.jar:na]
	at ca.ubc.cs.beta.smac.configurator.AbstractAlgorithmFramework.updateRunHistory(AbstractAlgorithmFramework.java:1229) [smac.jar:na]
	at ca.ubc.cs.beta.smac.configurator.AbstractAlgorithmFramework.evaluateRun(AbstractAlgorithmFramework.java:1279) [smac.jar:na]
	at ca.ubc.cs.beta.smac.configurator.AbstractAlgorithmFramework.challengeIncumbent(AbstractAlgorithmFramework.java:948) [smac.jar:na]
	at ca.ubc.cs.beta.smac.configurator.AbstractAlgorithmFramework.challengeIncumbent(AbstractAlgorithmFramework.java:778) [smac.jar:na]
	at ca.ubc.cs.beta.smac.configurator.AbstractAlgorithmFramework.intensify(AbstractAlgorithmFramework.java:766) [smac.jar:na]
	at ca.ubc.cs.beta.smac.configurator.AbstractAlgorithmFramework.run(AbstractAlgorithmFramework.java:580) [smac.jar:na]
	at ca.ubc.cs.beta.smac.executors.SMACExecutor.oldMain(SMACExecutor.java:140) [smac.jar:na]
	at ca.ubc.cs.beta.smac.executors.SMACExecutor.main(SMACExecutor.java:104) [smac.jar:na]
	at sun.reflect.NativeMethodAccessorImpl.invoke0(Native Method) ~[na:1.8.0_162]
	at sun.reflect.NativeMethodAccessorImpl.invoke(NativeMethodAccessorImpl.java:62) ~[na:1.8.0_162]
	at sun.reflect.DelegatingMethodAccessorImpl.invoke(DelegatingMethodAccessorImpl.java:43) ~[na:1.8.0_162]
	at java.lang.reflect.Method.invoke(Method.java:498) ~[na:1.8.0_162]
	at ca.ubc.cs.beta.aeatk.ant.execscript.Launcher.main(Launcher.java:37) [aeatk.jar:na]
11:25:45.315 [main] WARN  c.u.c.b.a.r.FileSharingRunHistoryDecorator - Error occurred reading file in shared run history /proj/SMACK/smac/example_scenarios/seq_rs/smac-output/smack-scenario_seq_rs/live-rundata-38.json. We will keep trying to read this file, but will only log another error after it succeeds once. We may not be able to get it's run data but we should be able to continue
java.lang.RuntimeException: Illegal character ((CTRL-CHAR, code 0)): only regular white space (\r, \n, \t) is allowed between tokens
 at [Source: /proj/SMACK/smac/example_scenarios/seq_rs/smac-output/smack-scenario_seq_rs/live-rundata-38.json; line: 1742, column: 3]
	at com.fasterxml.jackson.databind.MappingIterator.hasNext(MappingIterator.java:112) ~[jackson-databind-2.3.1.jar:2.3.1]
	at ca.ubc.cs.beta.aeatk.runhistory.FileSharingRunHistoryDecorator.readRunsFromFile(FileSharingRunHistoryDecorator.java:418) [aeatk.jar:na]
	at ca.ubc.cs.beta.aeatk.runhistory.FileSharingRunHistoryDecorator.reReadFiles(FileSharingRunHistoryDecorator.java:339) [aeatk.jar:na]
	at ca.ubc.cs.beta.aeatk.runhistory.FileSharingRunHistoryDecorator.append(FileSharingRunHistoryDecorator.java:239) [aeatk.jar:na]
	at ca.ubc.cs.beta.aeatk.runhistory.FileSharingRunHistoryDecorator.append(FileSharingRunHistoryDecorator.java:502) [aeatk.jar:na]
	at ca.ubc.cs.beta.aeatk.runhistory.TeeRunHistory.append(TeeRunHistory.java:33) [aeatk.jar:na]
	at ca.ubc.cs.beta.aeatk.runhistory.ThreadSafeRunHistoryWrapper.append(ThreadSafeRunHistoryWrapper.java:60) [aeatk.jar:na]
	at ca.ubc.cs.beta.smac.configurator.AbstractAlgorithmFramework.updateRunHistory(AbstractAlgorithmFramework.java:1229) [smac.jar:na]
	at ca.ubc.cs.beta.smac.configurator.AbstractAlgorithmFramework.evaluateRun(AbstractAlgorithmFramework.java:1279) [smac.jar:na]
	at ca.ubc.cs.beta.smac.configurator.AbstractAlgorithmFramework.challengeIncumbent(AbstractAlgorithmFramework.java:948) [smac.jar:na]
	at ca.ubc.cs.beta.smac.configurator.AbstractAlgorithmFramework.challengeIncumbent(AbstractAlgorithmFramework.java:778) [smac.jar:na]
	at ca.ubc.cs.beta.smac.configurator.AbstractAlgorithmFramework.intensify(AbstractAlgorithmFramework.java:766) [smac.jar:na]
	at ca.ubc.cs.beta.smac.configurator.AbstractAlgorithmFramework.run(AbstractAlgorithmFramework.java:580) [smac.jar:na]
	at ca.ubc.cs.beta.smac.executors.SMACExecutor.oldMain(SMACExecutor.java:140) [smac.jar:na]
	at ca.ubc.cs.beta.smac.executors.SMACExecutor.main(SMACExecutor.java:104) [smac.jar:na]
	at sun.reflect.NativeMethodAccessorImpl.invoke0(Native Method) ~[na:1.8.0_162]
	at sun.reflect.NativeMethodAccessorImpl.invoke(NativeMethodAccessorImpl.java:62) ~[na:1.8.0_162]
	at sun.reflect.DelegatingMethodAccessorImpl.invoke(DelegatingMethodAccessorImpl.java:43) ~[na:1.8.0_162]
	at java.lang.reflect.Method.invoke(Method.java:498) ~[na:1.8.0_162]
	at ca.ubc.cs.beta.aeatk.ant.execscript.Launcher.main(Launcher.java:37) [aeatk.jar:na]
Caused by: com.fasterxml.jackson.core.JsonParseException: Illegal character ((CTRL-CHAR, code 0)): only regular white space (\r, \n, \t) is allowed between tokens
 at [Source: /proj/SMACK/smac/example_scenarios/seq_rs/smac-output/smack-scenario_seq_rs/live-rundata-38.json; line: 1742, column: 3]
	at com.fasterxml.jackson.core.JsonParser._constructError(JsonParser.java:1524) ~[jackson-core-2.3.1.jar:2.3.1]
	at com.fasterxml.jackson.core.base.ParserMinimalBase._reportError(ParserMinimalBase.java:557) ~[jackson-core-2.3.1.jar:2.3.1]
	at com.fasterxml.jackson.core.base.ParserMinimalBase._throwInvalidSpace(ParserMinimalBase.java:503) ~[jackson-core-2.3.1.jar:2.3.1]
	at com.fasterxml.jackson.core.json.UTF8StreamJsonParser._reportInvalidChar(UTF8StreamJsonParser.java:3103) ~[jackson-core-2.3.1.jar:2.3.1]
	at com.fasterxml.jackson.core.json.UTF8StreamJsonParser._skipWSOrEnd(UTF8StreamJsonParser.java:2585) ~[jackson-core-2.3.1.jar:2.3.1]
	at com.fasterxml.jackson.core.json.UTF8StreamJsonParser.nextToken(UTF8StreamJsonParser.java:650) ~[jackson-core-2.3.1.jar:2.3.1]
	at com.fasterxml.jackson.databind.MappingIterator.hasNextValue(MappingIterator.java:159) ~[jackson-databind-2.3.1.jar:2.3.1]
	at com.fasterxml.jackson.databind.MappingIterator.hasNext(MappingIterator.java:108) ~[jackson-databind-2.3.1.jar:2.3.1]
	... 19 common frames omitted
11:25:45.341 [main] WARN  c.u.c.b.a.r.FileSharingRunHistoryDecorator - Error occurred reading file in shared run history /proj/SMACK/smac/example_scenarios/seq_rs/smac-output/smack-scenario_seq_rs/live-rundata-46.json. We will keep trying to read this file, but will only log another error after it succeeds once. We may not be able to get it's run data but we should be able to continue
com.fasterxml.jackson.core.JsonParseException: Unexpected character ('{' (code 123)): was expecting comma to separate OBJECT entries
 at [Source: /proj/SMACK/smac/example_scenarios/seq_rs/smac-output/smack-scenario_seq_rs/live-rundata-46.json; line: 1722, column: 4]
	at com.fasterxml.jackson.core.JsonParser._constructError(JsonParser.java:1524) ~[jackson-core-2.3.1.jar:2.3.1]
	at com.fasterxml.jackson.core.base.ParserMinimalBase._reportError(ParserMinimalBase.java:557) ~[jackson-core-2.3.1.jar:2.3.1]
	at com.fasterxml.jackson.core.base.ParserMinimalBase._reportUnexpectedChar(ParserMinimalBase.java:475) ~[jackson-core-2.3.1.jar:2.3.1]
	at com.fasterxml.jackson.core.json.UTF8StreamJsonParser.nextToken(UTF8StreamJsonParser.java:688) ~[jackson-core-2.3.1.jar:2.3.1]
	at com.fasterxml.jackson.core.base.ParserMinimalBase.nextValue(ParserMinimalBase.java:123) ~[jackson-core-2.3.1.jar:2.3.1]
	at ca.ubc.cs.beta.aeatk.json.serializers.AlgorithmRunResultJson$AlgorithmRunDeserializer.deserialize(AlgorithmRunResultJson.java:57) ~[aeatk.jar:na]
	at ca.ubc.cs.beta.aeatk.json.serializers.AlgorithmRunResultJson$AlgorithmRunDeserializer.deserialize(AlgorithmRunResultJson.java:30) ~[aeatk.jar:na]
	at com.fasterxml.jackson.databind.MappingIterator.nextValue(MappingIterator.java:189) ~[jackson-databind-2.3.1.jar:2.3.1]
	at ca.ubc.cs.beta.aeatk.runhistory.FileSharingRunHistoryDecorator.readRunsFromFile(FileSharingRunHistoryDecorator.java:421) [aeatk.jar:na]
	at ca.ubc.cs.beta.aeatk.runhistory.FileSharingRunHistoryDecorator.reReadFiles(FileSharingRunHistoryDecorator.java:339) [aeatk.jar:na]
	at ca.ubc.cs.beta.aeatk.runhistory.FileSharingRunHistoryDecorator.append(FileSharingRunHistoryDecorator.java:239) [aeatk.jar:na]
	at ca.ubc.cs.beta.aeatk.runhistory.FileSharingRunHistoryDecorator.append(FileSharingRunHistoryDecorator.java:502) [aeatk.jar:na]
	at ca.ubc.cs.beta.aeatk.runhistory.TeeRunHistory.append(TeeRunHistory.java:33) [aeatk.jar:na]
	at ca.ubc.cs.beta.aeatk.runhistory.ThreadSafeRunHistoryWrapper.append(ThreadSafeRunHistoryWrapper.java:60) [aeatk.jar:na]
	at ca.ubc.cs.beta.smac.configurator.AbstractAlgorithmFramework.updateRunHistory(AbstractAlgorithmFramework.java:1229) [smac.jar:na]
	at ca.ubc.cs.beta.smac.configurator.AbstractAlgorithmFramework.evaluateRun(AbstractAlgorithmFramework.java:1279) [smac.jar:na]
	at ca.ubc.cs.beta.smac.configurator.AbstractAlgorithmFramework.challengeIncumbent(AbstractAlgorithmFramework.java:948) [smac.jar:na]
	at ca.ubc.cs.beta.smac.configurator.AbstractAlgorithmFramework.challengeIncumbent(AbstractAlgorithmFramework.java:778) [smac.jar:na]
	at ca.ubc.cs.beta.smac.configurator.AbstractAlgorithmFramework.intensify(AbstractAlgorithmFramework.java:766) [smac.jar:na]
	at ca.ubc.cs.beta.smac.configurator.AbstractAlgorithmFramework.run(AbstractAlgorithmFramework.java:580) [smac.jar:na]
	at ca.ubc.cs.beta.smac.executors.SMACExecutor.oldMain(SMACExecutor.java:140) [smac.jar:na]
	at ca.ubc.cs.beta.smac.executors.SMACExecutor.main(SMACExecutor.java:104) [smac.jar:na]
	at sun.reflect.NativeMethodAccessorImpl.invoke0(Native Method) ~[na:1.8.0_162]
	at sun.reflect.NativeMethodAccessorImpl.invoke(NativeMethodAccessorImpl.java:62) ~[na:1.8.0_162]
	at sun.reflect.DelegatingMethodAccessorImpl.invoke(DelegatingMethodAccessorImpl.java:43) ~[na:1.8.0_162]
	at java.lang.reflect.Method.invoke(Method.java:498) ~[na:1.8.0_162]
	at ca.ubc.cs.beta.aeatk.ant.execscript.Launcher.main(Launcher.java:37) [aeatk.jar:na]
11:25:45.395 [main] INFO  c.u.c.b.a.r.FileSharingRunHistoryDecorator - Detected new source(s) of run data which we will read from : [live-rundata-100.json, live-rundata-105.json, live-rundata-109.json, live-rundata-11.json, live-rundata-111.json, live-rundata-115.json, live-rundata-13.json, live-rundata-136.json, live-rundata-145.json, live-rundata-147.json, live-rundata-153.json, live-rundata-2.json, live-rundata-22.json, live-rundata-3.json, live-rundata-42.json, live-rundata-48.json, live-rundata-55.json, live-rundata-58.json, live-rundata-64.json, live-rundata-69.json, live-rundata-79.json, live-rundata-80.json, live-rundata-82.json, live-rundata-85.json]
11:29:00.103 [main] INFO  c.u.c.b.s.c.SequentialModelBasedAlgorithmConfiguration - Incumbent changed to: config 2 (internal ID: 0x3F73), with penalized average runtime (PAR10): 10097.3135300875; estimate based on 2 runs.
11:29:00.105 [main] INFO  c.u.c.b.s.c.SequentialModelBasedAlgorithmConfiguration - Sample call for new incumbent config 2 (internal ID: 0x3F73): 
cd /proj/SMACK/smac/example_scenarios/seq_rs; ../wrapper.py /proj/SMACK/sv-benchmarks/c/seq-mthreaded/rekcba_aso_true-unreach-call.1.M1.c 0 2000.0 2147483647 -1 -/bopt:boolControlVC 'False' -/bopt:z3opt:SMT.MBQI 'False' -/deepAsserts 'True' -/di 'True' -/doNotUseLabels 'False' -/noCallTreeReuse 'False' -/noInitPruning 'False' -/nonUniformUnfolding 'True' -/staticInlining 'False' -/trackAllVars 'True' -/useArrayTheoryCheck '1'  
11:29:37.584 [main] INFO  c.u.c.b.s.c.SequentialModelBasedAlgorithmConfiguration - Updated estimated penalized average runtime (PAR10) of the same incumbent: 6744.0183424155; estimate now based on 3 runs.
11:44:06.337 [CLI TAE (Master Thread - #0)] ERROR c.u.c.b.a.t.b.c.CommandLineAlgorithmRun - The following algorithm call failed: cd "/proj/SMACK/smac/example_scenarios/seq_rs" ;  ../wrapper.py /proj/SMACK/sv-benchmarks/c/seq-mthreaded/rekcba_aso_true-unreach-call.1.M1.c 0 2000.0 2147483647 -1 -/bopt:boolControlVC 'True' -/bopt:z3opt:SMT.MBQI 'True' -/bopt:z3opt:SMT.MBQI.MAX_ITERATIONS '2793' -/deepAsserts 'False' -/di 'False' -/doNotUseLabels 'True' -/noCallTreeReuse 'True' -/noInitPruning 'True' -/nonUniformUnfolding 'False' -/staticInlining 'True' -/trackAllVars 'False' -/useArrayTheoryCheck '2'  
11:44:06.343 [CLI TAE (Master Thread - #0)] ERROR c.u.c.b.a.t.b.c.CommandLineAlgorithmRun - The last 1 lines of output we saw were:
11:44:06.343 [CLI TAE (Master Thread - #0)] ERROR c.u.c.b.a.t.b.c.CommandLineAlgorithmRun - > Result for SMAC: CRASHED, 90000, 0, 0, -1
11:44:07.175 [main] INFO  c.u.c.b.a.r.FileSharingRunHistoryDecorator - Successfully read file: /proj/SMACK/smac/example_scenarios/seq_rs/smac-output/smack-scenario_seq_rs/live-rundata-45.json after previously logged error
11:44:19.904 [CLI TAE (Master Thread - #0)] ERROR c.u.c.b.a.t.b.c.CommandLineAlgorithmRun - The following algorithm call failed: cd "/proj/SMACK/smac/example_scenarios/seq_rs" ;  ../wrapper.py /proj/SMACK/sv-benchmarks/c/seq-mthreaded/pals_floodmax.5_false-unreach-call.3.ufo.BOUNDED-10.pals_true-termination.c 0 302.6767360869527 2147483647 -1 -/bopt:boolControlVC 'True' -/bopt:z3opt:SMT.MBQI 'True' -/bopt:z3opt:SMT.MBQI.MAX_ITERATIONS '2793' -/deepAsserts 'False' -/di 'False' -/doNotUseLabels 'True' -/noCallTreeReuse 'True' -/noInitPruning 'True' -/nonUniformUnfolding 'False' -/staticInlining 'True' -/trackAllVars 'False' -/useArrayTheoryCheck '2'  
11:44:19.905 [CLI TAE (Master Thread - #0)] ERROR c.u.c.b.a.t.b.c.CommandLineAlgorithmRun - The last 1 lines of output we saw were:
11:44:19.906 [CLI TAE (Master Thread - #0)] ERROR c.u.c.b.a.t.b.c.CommandLineAlgorithmRun - > Result for SMAC: CRASHED, 90000, 0, 0, -1
11:44:19.920 [CLI TAE Callback Threads (3-4)] WARN  c.u.c.b.a.t.d.s.TimingCheckerTargetAlgorithmEvaluator - Algorithm Run Result reported a runtime of 90000.0 (secs) that exceeded it's cutoff time of 302.6767360869527 (secs) by 89697.32326391304 (secs). Next warning at 89698.32326391304 (secs)  
12:15:52.493 [main] WARN  c.u.c.b.a.r.FileSharingRunHistoryDecorator - Error occurred reading file in shared run history /proj/SMACK/smac/example_scenarios/seq_rs/smac-output/smack-scenario_seq_rs/live-rundata-41.json. We will keep trying to read this file, but will only log another error after it succeeds once. We may not be able to get it's run data but we should be able to continue
com.fasterxml.jackson.core.JsonParseException: Unexpected character (':' (code 58)): expected a valid value (number, String, array, object, 'true', 'false' or 'null')
 at [Source: /proj/SMACK/smac/example_scenarios/seq_rs/smac-output/smack-scenario_seq_rs/live-rundata-41.json; line: 1828, column: 26]
	at com.fasterxml.jackson.core.JsonParser._constructError(JsonParser.java:1524) ~[jackson-core-2.3.1.jar:2.3.1]
	at com.fasterxml.jackson.core.base.ParserMinimalBase._reportError(ParserMinimalBase.java:557) ~[jackson-core-2.3.1.jar:2.3.1]
	at com.fasterxml.jackson.core.base.ParserMinimalBase._reportUnexpectedChar(ParserMinimalBase.java:475) ~[jackson-core-2.3.1.jar:2.3.1]
	at com.fasterxml.jackson.core.json.UTF8StreamJsonParser._handleUnexpectedValue(UTF8StreamJsonParser.java:2343) ~[jackson-core-2.3.1.jar:2.3.1]
	at com.fasterxml.jackson.core.json.UTF8StreamJsonParser._nextTokenNotInObject(UTF8StreamJsonParser.java:818) ~[jackson-core-2.3.1.jar:2.3.1]
	at com.fasterxml.jackson.core.json.UTF8StreamJsonParser.nextToken(UTF8StreamJsonParser.java:698) ~[jackson-core-2.3.1.jar:2.3.1]
	at com.fasterxml.jackson.core.base.ParserMinimalBase.nextValue(ParserMinimalBase.java:123) ~[jackson-core-2.3.1.jar:2.3.1]
	at ca.ubc.cs.beta.aeatk.json.serializers.AlgorithmRunResultJson$AlgorithmRunDeserializer.deserialize(AlgorithmRunResultJson.java:57) ~[aeatk.jar:na]
	at ca.ubc.cs.beta.aeatk.json.serializers.AlgorithmRunResultJson$AlgorithmRunDeserializer.deserialize(AlgorithmRunResultJson.java:30) ~[aeatk.jar:na]
	at com.fasterxml.jackson.databind.MappingIterator.nextValue(MappingIterator.java:189) ~[jackson-databind-2.3.1.jar:2.3.1]
	at ca.ubc.cs.beta.aeatk.runhistory.FileSharingRunHistoryDecorator.readRunsFromFile(FileSharingRunHistoryDecorator.java:421) [aeatk.jar:na]
	at ca.ubc.cs.beta.aeatk.runhistory.FileSharingRunHistoryDecorator.reReadFiles(FileSharingRunHistoryDecorator.java:339) [aeatk.jar:na]
	at ca.ubc.cs.beta.aeatk.runhistory.FileSharingRunHistoryDecorator.append(FileSharingRunHistoryDecorator.java:239) [aeatk.jar:na]
	at ca.ubc.cs.beta.aeatk.runhistory.FileSharingRunHistoryDecorator.append(FileSharingRunHistoryDecorator.java:502) [aeatk.jar:na]
	at ca.ubc.cs.beta.aeatk.runhistory.TeeRunHistory.append(TeeRunHistory.java:33) [aeatk.jar:na]
	at ca.ubc.cs.beta.aeatk.runhistory.ThreadSafeRunHistoryWrapper.append(ThreadSafeRunHistoryWrapper.java:60) [aeatk.jar:na]
	at ca.ubc.cs.beta.smac.configurator.AbstractAlgorithmFramework.updateRunHistory(AbstractAlgorithmFramework.java:1229) [smac.jar:na]
	at ca.ubc.cs.beta.smac.configurator.AbstractAlgorithmFramework.evaluateRun(AbstractAlgorithmFramework.java:1279) [smac.jar:na]
	at ca.ubc.cs.beta.smac.configurator.AbstractAlgorithmFramework.challengeIncumbent(AbstractAlgorithmFramework.java:948) [smac.jar:na]
	at ca.ubc.cs.beta.smac.configurator.AbstractAlgorithmFramework.challengeIncumbent(AbstractAlgorithmFramework.java:778) [smac.jar:na]
	at ca.ubc.cs.beta.smac.configurator.AbstractAlgorithmFramework.intensify(AbstractAlgorithmFramework.java:766) [smac.jar:na]
	at ca.ubc.cs.beta.smac.configurator.AbstractAlgorithmFramework.run(AbstractAlgorithmFramework.java:580) [smac.jar:na]
	at ca.ubc.cs.beta.smac.executors.SMACExecutor.oldMain(SMACExecutor.java:140) [smac.jar:na]
	at ca.ubc.cs.beta.smac.executors.SMACExecutor.main(SMACExecutor.java:104) [smac.jar:na]
	at sun.reflect.NativeMethodAccessorImpl.invoke0(Native Method) ~[na:1.8.0_162]
	at sun.reflect.NativeMethodAccessorImpl.invoke(NativeMethodAccessorImpl.java:62) ~[na:1.8.0_162]
	at sun.reflect.DelegatingMethodAccessorImpl.invoke(DelegatingMethodAccessorImpl.java:43) ~[na:1.8.0_162]
	at java.lang.reflect.Method.invoke(Method.java:498) ~[na:1.8.0_162]
	at ca.ubc.cs.beta.aeatk.ant.execscript.Launcher.main(Launcher.java:37) [aeatk.jar:na]
12:15:52.586 [main] WARN  c.u.c.b.a.r.FileSharingRunHistoryDecorator - Error occurred reading file in shared run history /proj/SMACK/smac/example_scenarios/seq_rs/smac-output/smack-scenario_seq_rs/live-rundata-45.json. We will keep trying to read this file, but will only log another error after it succeeds once. We may not be able to get it's run data but we should be able to continue
com.fasterxml.jackson.core.JsonParseException: Unexpected character ('{' (code 123)): was expecting double-quote to start field name
 at [Source: /proj/SMACK/smac/example_scenarios/seq_rs/smac-output/smack-scenario_seq_rs/live-rundata-45.json; line: 1857, column: 7]
	at com.fasterxml.jackson.core.JsonParser._constructError(JsonParser.java:1524) ~[jackson-core-2.3.1.jar:2.3.1]
	at com.fasterxml.jackson.core.base.ParserMinimalBase._reportError(ParserMinimalBase.java:557) ~[jackson-core-2.3.1.jar:2.3.1]
	at com.fasterxml.jackson.core.base.ParserMinimalBase._reportUnexpectedChar(ParserMinimalBase.java:475) ~[jackson-core-2.3.1.jar:2.3.1]
	at com.fasterxml.jackson.core.json.UTF8StreamJsonParser._handleOddName(UTF8StreamJsonParser.java:1784) ~[jackson-core-2.3.1.jar:2.3.1]
	at com.fasterxml.jackson.core.json.UTF8StreamJsonParser._parseName(UTF8StreamJsonParser.java:1481) ~[jackson-core-2.3.1.jar:2.3.1]
	at com.fasterxml.jackson.core.json.UTF8StreamJsonParser.nextToken(UTF8StreamJsonParser.java:701) ~[jackson-core-2.3.1.jar:2.3.1]
	at com.fasterxml.jackson.core.base.ParserMinimalBase.nextValue(ParserMinimalBase.java:123) ~[jackson-core-2.3.1.jar:2.3.1]
	at ca.ubc.cs.beta.aeatk.json.serializers.AlgorithmRunConfigurationJson$RunConfigDeserializer.deserialize(AlgorithmRunConfigurationJson.java:77) ~[aeatk.jar:na]
	at ca.ubc.cs.beta.aeatk.json.serializers.AlgorithmRunConfigurationJson$RunConfigDeserializer.deserialize(AlgorithmRunConfigurationJson.java:44) ~[aeatk.jar:na]
	at com.fasterxml.jackson.databind.ObjectMapper._readValue(ObjectMapper.java:2965) ~[jackson-databind-2.3.1.jar:2.3.1]
	at com.fasterxml.jackson.databind.ObjectMapper.readValue(ObjectMapper.java:1587) ~[jackson-databind-2.3.1.jar:2.3.1]
	at com.fasterxml.jackson.core.JsonParser.readValueAs(JsonParser.java:1431) ~[jackson-core-2.3.1.jar:2.3.1]
	at ca.ubc.cs.beta.aeatk.json.serializers.JsonDeserializerHelper.getDeserializedVersion(JsonDeserializerHelper.java:26) ~[aeatk.jar:na]
	at ca.ubc.cs.beta.aeatk.json.serializers.AlgorithmRunResultJson$AlgorithmRunDeserializer.deserialize(AlgorithmRunResultJson.java:94) ~[aeatk.jar:na]
	at ca.ubc.cs.beta.aeatk.json.serializers.AlgorithmRunResultJson$AlgorithmRunDeserializer.deserialize(AlgorithmRunResultJson.java:30) ~[aeatk.jar:na]
	at com.fasterxml.jackson.databind.MappingIterator.nextValue(MappingIterator.java:189) ~[jackson-databind-2.3.1.jar:2.3.1]
	at ca.ubc.cs.beta.aeatk.runhistory.FileSharingRunHistoryDecorator.readRunsFromFile(FileSharingRunHistoryDecorator.java:421) [aeatk.jar:na]
	at ca.ubc.cs.beta.aeatk.runhistory.FileSharingRunHistoryDecorator.reReadFiles(FileSharingRunHistoryDecorator.java:339) [aeatk.jar:na]
	at ca.ubc.cs.beta.aeatk.runhistory.FileSharingRunHistoryDecorator.append(FileSharingRunHistoryDecorator.java:239) [aeatk.jar:na]
	at ca.ubc.cs.beta.aeatk.runhistory.FileSharingRunHistoryDecorator.append(FileSharingRunHistoryDecorator.java:502) [aeatk.jar:na]
	at ca.ubc.cs.beta.aeatk.runhistory.TeeRunHistory.append(TeeRunHistory.java:33) [aeatk.jar:na]
	at ca.ubc.cs.beta.aeatk.runhistory.ThreadSafeRunHistoryWrapper.append(ThreadSafeRunHistoryWrapper.java:60) [aeatk.jar:na]
	at ca.ubc.cs.beta.smac.configurator.AbstractAlgorithmFramework.updateRunHistory(AbstractAlgorithmFramework.java:1229) [smac.jar:na]
	at ca.ubc.cs.beta.smac.configurator.AbstractAlgorithmFramework.evaluateRun(AbstractAlgorithmFramework.java:1279) [smac.jar:na]
	at ca.ubc.cs.beta.smac.configurator.AbstractAlgorithmFramework.challengeIncumbent(AbstractAlgorithmFramework.java:948) [smac.jar:na]
	at ca.ubc.cs.beta.smac.configurator.AbstractAlgorithmFramework.challengeIncumbent(AbstractAlgorithmFramework.java:778) [smac.jar:na]
	at ca.ubc.cs.beta.smac.configurator.AbstractAlgorithmFramework.intensify(AbstractAlgorithmFramework.java:766) [smac.jar:na]
	at ca.ubc.cs.beta.smac.configurator.AbstractAlgorithmFramework.run(AbstractAlgorithmFramework.java:580) [smac.jar:na]
	at ca.ubc.cs.beta.smac.executors.SMACExecutor.oldMain(SMACExecutor.java:140) [smac.jar:na]
	at ca.ubc.cs.beta.smac.executors.SMACExecutor.main(SMACExecutor.java:104) [smac.jar:na]
	at sun.reflect.NativeMethodAccessorImpl.invoke0(Native Method) ~[na:1.8.0_162]
	at sun.reflect.NativeMethodAccessorImpl.invoke(NativeMethodAccessorImpl.java:62) ~[na:1.8.0_162]
	at sun.reflect.DelegatingMethodAccessorImpl.invoke(DelegatingMethodAccessorImpl.java:43) ~[na:1.8.0_162]
	at java.lang.reflect.Method.invoke(Method.java:498) ~[na:1.8.0_162]
	at ca.ubc.cs.beta.aeatk.ant.execscript.Launcher.main(Launcher.java:37) [aeatk.jar:na]
12:19:17.400 [main] INFO  c.u.c.b.s.c.SequentialModelBasedAlgorithmConfiguration - Incumbent changed to: config 4 (internal ID: 0xBE7C), with penalized average runtime (PAR10): 5051.00105082988; estimate based on 4 runs.
12:19:17.402 [main] INFO  c.u.c.b.s.c.SequentialModelBasedAlgorithmConfiguration - Sample call for new incumbent config 4 (internal ID: 0xBE7C): 
cd /proj/SMACK/smac/example_scenarios/seq_rs; ../wrapper.py /proj/SMACK/sv-benchmarks/c/seq-mthreaded/rekcba_aso_true-unreach-call.1.M1.c 0 2000.0 2147483647 -1 -/bopt:boolControlVC 'True' -/bopt:z3opt:SMT.MBQI 'True' -/bopt:z3opt:SMT.MBQI.MAX_ITERATIONS '2950' -/deepAsserts 'False' -/di 'False' -/doNotUseLabels 'True' -/noCallTreeReuse 'True' -/noInitPruning 'False' -/nonUniformUnfolding 'True' -/staticInlining 'False' -/trackAllVars 'True' -/useArrayTheoryCheck '0'  
12:19:42.678 [main] INFO  c.u.c.b.s.c.SequentialModelBasedAlgorithmConfiguration - Updated estimated penalized average runtime (PAR10) of the same incumbent: 4045.8416246891043; estimate now based on 5 runs.
13:26:56.880 [main] INFO  c.u.c.b.s.c.SequentialModelBasedAlgorithmConfiguration - Updated estimated penalized average runtime (PAR10) of the same incumbent: 6704.868020574254; estimate now based on 6 runs.
14:18:31.580 [main] INFO  c.u.c.b.s.c.SequentialModelBasedAlgorithmConfiguration - Incumbent changed to: config 6 (internal ID: 0x154A1), with penalized average runtime (PAR10): 3535.2159125407966; estimate based on 6 runs.
14:18:31.580 [main] INFO  c.u.c.b.s.c.SequentialModelBasedAlgorithmConfiguration - Sample call for new incumbent config 6 (internal ID: 0x154A1): 
cd /proj/SMACK/smac/example_scenarios/seq_rs; ../wrapper.py /proj/SMACK/sv-benchmarks/c/systemc/pipeline_true-unreach-call_false-termination.cil.c 0 2000.0 2147483647 -1 -/bopt:boolControlVC 'False' -/bopt:z3opt:SMT.MBQI 'True' -/bopt:z3opt:SMT.MBQI.MAX_ITERATIONS '22561' -/deepAsserts 'False' -/di 'False' -/doNotUseLabels 'True' -/noCallTreeReuse 'True' -/noInitPruning 'False' -/nonUniformUnfolding 'False' -/staticInlining 'False' -/trackAllVars 'True' -/useArrayTheoryCheck '0'  
14:49:55.151 [main] INFO  c.u.c.b.s.c.SequentialModelBasedAlgorithmConfiguration - Updated estimated penalized average runtime (PAR10) of the same incumbent: 5887.327925034969; estimate now based on 7 runs.
15:01:33.406 [CLI TAE (Master Thread - #0)] ERROR c.u.c.b.a.t.b.c.CommandLineAlgorithmRun - The following algorithm call failed: cd "/proj/SMACK/smac/example_scenarios/seq_rs" ;  ../wrapper.py /proj/SMACK/sv-benchmarks/c/seq-mthreaded/rekcba_nxt_true-unreach-call.3.M1.c 0 2000.0 2147483647 -1 -/bopt:boolControlVC 'True' -/bopt:z3opt:SMT.MBQI 'False' -/deepAsserts 'False' -/di 'False' -/doNotUseLabels 'True' -/noCallTreeReuse 'False' -/noInitPruning 'True' -/nonUniformUnfolding 'True' -/staticInlining 'True' -/trackAllVars 'False' -/useArrayTheoryCheck '2'  
15:01:33.426 [CLI TAE (Master Thread - #0)] ERROR c.u.c.b.a.t.b.c.CommandLineAlgorithmRun - The last 1 lines of output we saw were:
15:01:33.427 [CLI TAE (Master Thread - #0)] ERROR c.u.c.b.a.t.b.c.CommandLineAlgorithmRun - > Result for SMAC: CRASHED, 90000, 0, 0, -1
15:01:48.179 [CLI TAE (Master Thread - #0)] ERROR c.u.c.b.a.t.b.c.CommandLineAlgorithmRun - The following algorithm call failed: cd "/proj/SMACK/smac/example_scenarios/seq_rs" ;  ../wrapper.py /proj/SMACK/sv-benchmarks/c/systemc/pipeline_true-unreach-call_false-termination.cil.c 0 1244.2938996370613 2147483647 -1 -/bopt:boolControlVC 'True' -/bopt:z3opt:SMT.MBQI 'False' -/deepAsserts 'False' -/di 'False' -/doNotUseLabels 'True' -/noCallTreeReuse 'False' -/noInitPruning 'True' -/nonUniformUnfolding 'True' -/staticInlining 'True' -/trackAllVars 'False' -/useArrayTheoryCheck '2'  
15:01:48.180 [CLI TAE (Master Thread - #0)] ERROR c.u.c.b.a.t.b.c.CommandLineAlgorithmRun - The last 1 lines of output we saw were:
15:01:48.180 [CLI TAE (Master Thread - #0)] ERROR c.u.c.b.a.t.b.c.CommandLineAlgorithmRun - > Result for SMAC: CRASHED, 90000, 0, 0, -1
16:37:15.516 [CLI TAE Callback Threads (3-19)] WARN  c.u.c.b.a.t.d.s.TimingCheckerTargetAlgorithmEvaluator - Algorithm Run Result reported wallclock time of 72.744 (secs) that exceeded it's cutoff time of 13.19390971993208 (secs) by 59.55009028006792 (secs). Next warning at 60.55009028006792 (secs)  
17:08:38.451 [main] INFO  c.u.c.b.s.c.SequentialModelBasedAlgorithmConfiguration - Updated estimated penalized average runtime (PAR10) of the same incumbent: 9023.477275027199; estimate now based on 9 runs.
17:13:57.426 [CLI TAE (Master Thread - #0)] ERROR c.u.c.b.a.t.b.c.CommandLineAlgorithmRun - The following algorithm call failed: cd "/proj/SMACK/smac/example_scenarios/seq_rs" ;  ../wrapper.py /proj/SMACK/sv-benchmarks/c/seq-mthreaded/rekcba_aso_true-unreach-call.1.M1.c 0 2000.0 2147483647 -1 -/bopt:boolControlVC 'False' -/bopt:z3opt:SMT.MBQI 'False' -/deepAsserts 'True' -/di 'False' -/doNotUseLabels 'False' -/noCallTreeReuse 'True' -/noInitPruning 'False' -/nonUniformUnfolding 'False' -/staticInlining 'True' -/trackAllVars 'True' -/useArrayTheoryCheck '1'  
17:13:57.437 [CLI TAE (Master Thread - #0)] ERROR c.u.c.b.a.t.b.c.CommandLineAlgorithmRun - The last 1 lines of output we saw were:
17:13:57.437 [CLI TAE (Master Thread - #0)] ERROR c.u.c.b.a.t.b.c.CommandLineAlgorithmRun - > Result for SMAC: CRASHED, 90000, 0, 0, -1
17:14:17.415 [CLI TAE (Master Thread - #0)] ERROR c.u.c.b.a.t.b.c.CommandLineAlgorithmRun - The following algorithm call failed: cd "/proj/SMACK/smac/example_scenarios/seq_rs" ;  ../wrapper.py /proj/SMACK/sv-benchmarks/c/systemc/token_ring.13_true-unreach-call_false-termination.cil.c 0 2000.0 2147483647 -1 -/bopt:boolControlVC 'False' -/bopt:z3opt:SMT.MBQI 'False' -/deepAsserts 'True' -/di 'False' -/doNotUseLabels 'False' -/noCallTreeReuse 'True' -/noInitPruning 'False' -/nonUniformUnfolding 'False' -/staticInlining 'True' -/trackAllVars 'True' -/useArrayTheoryCheck '1'  
17:14:17.415 [CLI TAE (Master Thread - #0)] ERROR c.u.c.b.a.t.b.c.CommandLineAlgorithmRun - The last 1 lines of output we saw were:
17:14:17.416 [CLI TAE (Master Thread - #0)] ERROR c.u.c.b.a.t.b.c.CommandLineAlgorithmRun - > Result for SMAC: CRASHED, 90000, 0, 0, -1
17:14:25.005 [CLI TAE (Master Thread - #0)] ERROR c.u.c.b.a.t.b.c.CommandLineAlgorithmRun - The following algorithm call failed: cd "/proj/SMACK/smac/example_scenarios/seq_rs" ;  ../wrapper.py /proj/SMACK/sv-benchmarks/c/seq-mthreaded/pals_STARTPALS_ActiveStandby_false-unreach-call.5.ufo.BOUNDED-10.pals.c 0 82.69580834393501 2147483647 -1 -/bopt:boolControlVC 'False' -/bopt:z3opt:SMT.MBQI 'False' -/deepAsserts 'True' -/di 'False' -/doNotUseLabels 'False' -/noCallTreeReuse 'True' -/noInitPruning 'False' -/nonUniformUnfolding 'False' -/staticInlining 'True' -/trackAllVars 'True' -/useArrayTheoryCheck '1'  
17:14:25.007 [CLI TAE (Master Thread - #0)] ERROR c.u.c.b.a.t.b.c.CommandLineAlgorithmRun - The last 1 lines of output we saw were:
17:14:25.008 [CLI TAE (Master Thread - #0)] ERROR c.u.c.b.a.t.b.c.CommandLineAlgorithmRun - > Result for SMAC: CRASHED, 90000, 0, 0, -1
17:14:25.025 [CLI TAE Callback Threads (3-21)] WARN  c.u.c.b.a.t.d.s.TimingCheckerTargetAlgorithmEvaluator - Algorithm Run Result reported a runtime of 90000.0 (secs) that exceeded it's cutoff time of 82.69580834393501 (secs) by 89917.30419165606 (secs). Next warning at 89918.30419165606 (secs)  
17:45:49.542 [main] INFO  c.u.c.b.s.c.SequentialModelBasedAlgorithmConfiguration - Updated estimated penalized average runtime (PAR10) of the same incumbent: 10121.129547524479; estimate now based on 10 runs.
20:22:52.780 [CLI TAE Callback Threads (3-27)] WARN  c.u.c.b.a.t.d.s.TimingCheckerTargetAlgorithmEvaluator - Algorithm Run Result reported wallclock time of 1881.678 (secs) that exceeded it's cutoff time of 1200.9867313209652 (secs) by 680.6912686790349 (secs). Next warning at 681.6912686790349 (secs)  
20:54:17.604 [main] INFO  c.u.c.b.s.c.SequentialModelBasedAlgorithmConfiguration - Updated estimated penalized average runtime (PAR10) of the same incumbent: 11019.208679567708; estimate now based on 11 runs.
20:54:25.181 [CLI TAE (Master Thread - #0)] ERROR c.u.c.b.a.t.b.c.CommandLineAlgorithmRun - The following algorithm call failed: cd "/proj/SMACK/smac/example_scenarios/seq_rs" ;  ../wrapper.py /proj/SMACK/sv-benchmarks/c/seq-mthreaded/pals_STARTPALS_ActiveStandby_false-unreach-call.5.ufo.BOUNDED-10.pals.c 0 82.693208929497 2147483647 -1 -/bopt:boolControlVC 'True' -/bopt:z3opt:SMT.MBQI 'True' -/bopt:z3opt:SMT.MBQI.MAX_ITERATIONS '26657' -/deepAsserts 'True' -/di 'False' -/doNotUseLabels 'True' -/noCallTreeReuse 'False' -/noInitPruning 'False' -/nonUniformUnfolding 'False' -/staticInlining 'True' -/trackAllVars 'False' -/useArrayTheoryCheck '2'  
20:54:25.182 [CLI TAE (Master Thread - #0)] ERROR c.u.c.b.a.t.b.c.CommandLineAlgorithmRun - The last 1 lines of output we saw were:
20:54:25.182 [CLI TAE (Master Thread - #0)] ERROR c.u.c.b.a.t.b.c.CommandLineAlgorithmRun - > Result for SMAC: CRASHED, 90000, 0, 0, -1
23:19:19.284 [main] INFO  c.u.c.b.s.c.SequentialModelBasedAlgorithmConfiguration - Incumbent changed to: config 12 (internal ID: 0x3A590), with penalized average runtime (PAR10): 10095.719931761372; estimate based on 12 runs.
23:19:19.285 [main] INFO  c.u.c.b.s.c.SequentialModelBasedAlgorithmConfiguration - Sample call for new incumbent config 12 (internal ID: 0x3A590): 
cd /proj/SMACK/smac/example_scenarios/seq_rs; ../wrapper.py /proj/SMACK/sv-benchmarks/c/systemc/pipeline_true-unreach-call_false-termination.cil.c 0 2000.0 2147483647 -1 -/bopt:boolControlVC 'False' -/bopt:z3opt:SMT.MBQI 'False' -/deepAsserts 'False' -/di 'False' -/doNotUseLabels 'True' -/noCallTreeReuse 'True' -/noInitPruning 'True' -/nonUniformUnfolding 'False' -/staticInlining 'False' -/trackAllVars 'True' -/useArrayTheoryCheck '1'  
23:19:19.290 [main] INFO  c.u.c.b.s.c.SequentialModelBasedAlgorithmConfiguration - Updated estimated penalized average runtime (PAR10) of the same incumbent: 10857.58762931819; estimate now based on 13 runs.
23:51:00.606 [CLI TAE (Master Thread - #0)] ERROR c.u.c.b.a.t.b.c.CommandLineAlgorithmRun - The following algorithm call failed: cd "/proj/SMACK/smac/example_scenarios/seq_rs" ;  ../wrapper.py /proj/SMACK/sv-benchmarks/c/systemc/token_ring.13_true-unreach-call_false-termination.cil.c 0 2000.0 2147483647 -1 -/bopt:boolControlVC 'True' -/bopt:z3opt:SMT.MBQI 'False' -/deepAsserts 'True' -/di 'False' -/doNotUseLabels 'False' -/noCallTreeReuse 'True' -/noInitPruning 'True' -/nonUniformUnfolding 'True' -/staticInlining 'True' -/trackAllVars 'True' -/useArrayTheoryCheck '2'  
23:51:00.607 [CLI TAE (Master Thread - #0)] ERROR c.u.c.b.a.t.b.c.CommandLineAlgorithmRun - The last 1 lines of output we saw were:
23:51:00.607 [CLI TAE (Master Thread - #0)] ERROR c.u.c.b.a.t.b.c.CommandLineAlgorithmRun - > Result for SMAC: CRASHED, 90000, 0, 0, -1
23:59:02.560 [CLI TAE (Master Thread - #0)] ERROR c.u.c.b.a.t.b.c.CommandLineAlgorithmRun - The following algorithm call failed: cd "/proj/SMACK/smac/example_scenarios/seq_rs" ;  ../wrapper.py /proj/SMACK/sv-benchmarks/c/seq-mthreaded/rekcba_nxt_true-unreach-call.3.M1.c 0 2000.0 2147483647 -1 -/bopt:boolControlVC 'True' -/bopt:z3opt:SMT.MBQI 'False' -/deepAsserts 'True' -/di 'False' -/doNotUseLabels 'False' -/noCallTreeReuse 'True' -/noInitPruning 'True' -/nonUniformUnfolding 'True' -/staticInlining 'True' -/trackAllVars 'True' -/useArrayTheoryCheck '2'  
23:59:02.561 [CLI TAE (Master Thread - #0)] ERROR c.u.c.b.a.t.b.c.CommandLineAlgorithmRun - The last 1 lines of output we saw were:
23:59:02.562 [CLI TAE (Master Thread - #0)] ERROR c.u.c.b.a.t.b.c.CommandLineAlgorithmRun - > Result for SMAC: CRASHED, 90000, 0, 0, -1
23:59:08.963 [CLI TAE (Master Thread - #0)] ERROR c.u.c.b.a.t.b.c.CommandLineAlgorithmRun - The following algorithm call failed: cd "/proj/SMACK/smac/example_scenarios/seq_rs" ;  ../wrapper.py /proj/SMACK/sv-benchmarks/c/seq-mthreaded/pals_lcr-var-start-time.3_false-unreach-call.1.ufo.BOUNDED-6.pals_true-termination.c 0 2000.0 2147483647 -1 -/bopt:boolControlVC 'True' -/bopt:z3opt:SMT.MBQI 'False' -/deepAsserts 'True' -/di 'False' -/doNotUseLabels 'False' -/noCallTreeReuse 'True' -/noInitPruning 'True' -/nonUniformUnfolding 'True' -/staticInlining 'True' -/trackAllVars 'True' -/useArrayTheoryCheck '2'  
23:59:08.964 [CLI TAE (Master Thread - #0)] ERROR c.u.c.b.a.t.b.c.CommandLineAlgorithmRun - The last 1 lines of output we saw were:
23:59:08.964 [CLI TAE (Master Thread - #0)] ERROR c.u.c.b.a.t.b.c.CommandLineAlgorithmRun - > Result for SMAC: CRASHED, 90000, 0, 0, -1
23:59:14.032 [CLI TAE (Master Thread - #0)] ERROR c.u.c.b.a.t.b.c.CommandLineAlgorithmRun - The following algorithm call failed: cd "/proj/SMACK/smac/example_scenarios/seq_rs" ;  ../wrapper.py /proj/SMACK/sv-benchmarks/c/seq-mthreaded/pals_floodmax.3_true-unreach-call.ufo.UNBOUNDED.pals.c 0 2000.0 2147483647 -1 -/bopt:boolControlVC 'True' -/bopt:z3opt:SMT.MBQI 'False' -/deepAsserts 'True' -/di 'False' -/doNotUseLabels 'False' -/noCallTreeReuse 'True' -/noInitPruning 'True' -/nonUniformUnfolding 'True' -/staticInlining 'True' -/trackAllVars 'True' -/useArrayTheoryCheck '2'  
23:59:14.033 [CLI TAE (Master Thread - #0)] ERROR c.u.c.b.a.t.b.c.CommandLineAlgorithmRun - The last 1 lines of output we saw were:
23:59:14.033 [CLI TAE (Master Thread - #0)] ERROR c.u.c.b.a.t.b.c.CommandLineAlgorithmRun - > Result for SMAC: CRASHED, 90000, 0, 0, -1
23:59:24.604 [CLI TAE (Master Thread - #0)] ERROR c.u.c.b.a.t.b.c.CommandLineAlgorithmRun - The following algorithm call failed: cd "/proj/SMACK/smac/example_scenarios/seq_rs" ;  ../wrapper.py /proj/SMACK/sv-benchmarks/c/systemc/pipeline_true-unreach-call_false-termination.cil.c 0 1158.7771382074534 2147483647 -1 -/bopt:boolControlVC 'True' -/bopt:z3opt:SMT.MBQI 'False' -/deepAsserts 'True' -/di 'False' -/doNotUseLabels 'False' -/noCallTreeReuse 'True' -/noInitPruning 'True' -/nonUniformUnfolding 'True' -/staticInlining 'True' -/trackAllVars 'True' -/useArrayTheoryCheck '2'  
23:59:24.604 [CLI TAE (Master Thread - #0)] ERROR c.u.c.b.a.t.b.c.CommandLineAlgorithmRun - The last 1 lines of output we saw were:
23:59:24.604 [CLI TAE (Master Thread - #0)] ERROR c.u.c.b.a.t.b.c.CommandLineAlgorithmRun - > Result for SMAC: CRASHED, 90000, 0, 0, -1
00:30:47.797 [main] INFO  c.u.c.b.s.c.SequentialModelBasedAlgorithmConfiguration - Updated estimated penalized average runtime (PAR10) of the same incumbent: 11510.61708436689; estimate now based on 14 runs.
05:17:38.841 [CLI TAE Callback Threads (3-47)] WARN  c.u.c.b.a.t.d.s.TimingCheckerTargetAlgorithmEvaluator - Algorithm Run Result reported wallclock time of 1881.993 (secs) that exceeded it's cutoff time of 1155.926765863198 (secs) by 726.066234136802 (secs). Next warning at 727.066234136802 (secs)  
05:51:15.094 [main] INFO  c.u.c.b.s.c.SequentialModelBasedAlgorithmConfiguration - Updated estimated penalized average runtime (PAR10) of the same incumbent: 10074.269651010592; estimate now based on 16 runs.
06:22:37.569 [CLI TAE Callback Threads (3-50)] WARN  c.u.c.b.a.t.d.s.TimingCheckerTargetAlgorithmEvaluator - Algorithm Run Result reported wallclock time of 1882.467 (secs) that exceeded it's cutoff time of 1147.2140601727842 (secs) by 735.2529398272159 (secs). Next warning at 736.2529398272159 (secs)  
06:37:20.675 [main] INFO  c.u.c.b.s.c.SequentialModelBasedAlgorithmConfiguration - Updated estimated penalized average runtime (PAR10) of the same incumbent: 9533.543920713262; estimate now based on 17 runs.
07:24:41.936 [main] INFO  c.u.c.b.s.c.SequentialModelBasedAlgorithmConfiguration - Updated estimated penalized average runtime (PAR10) of the same incumbent: 9005.202190730259; estimate now based on 18 runs.
13:09:16.304 [main] INFO  c.u.c.b.s.c.SequentialModelBasedAlgorithmConfiguration - Updated estimated penalized average runtime (PAR10) of the same incumbent: 9148.766410613032; estimate now based on 20 runs.
14:47:03.930 [main] INFO  c.u.c.b.s.c.SequentialModelBasedAlgorithmConfiguration - Updated estimated penalized average runtime (PAR10) of the same incumbent: 9665.49181963146; estimate now based on 21 runs.
15:52:53.904 [CLI TAE Observer Threads (2-1)] WARN  c.u.c.b.a.t.d.s.TimingCheckerTargetAlgorithmEvaluator - We have been waiting for 180.076 seconds for a run that should have taken at most 20.35258327459097 seconds.
 The sample call for the run that is delayed is: cd "/proj/SMACK/smac/example_scenarios/seq_rs" ;  ../wrapper.py /proj/SMACK/sv-benchmarks/c/seq-mthreaded/rekh_ctm_true-unreach-call.2_true-termination.c 0 20.35258327459097 2147483647 -1 -/bopt:boolControlVC 'False' -/bopt:z3opt:SMT.MBQI 'True' -/bopt:z3opt:SMT.MBQI.MAX_ITERATIONS '6152' -/deepAsserts 'False' -/di 'True' -/doNotUseLabels 'True' -/noCallTreeReuse 'False' -/noInitPruning 'False' -/nonUniformUnfolding 'False' -/staticInlining 'False' -/trackAllVars 'True' -/useArrayTheoryCheck '2'  
15:53:28.235 [CLI TAE Observer Threads (2-1)] WARN  c.u.c.b.a.t.d.h.KillCaptimeExceedingRunsRunsTargetAlgorithmEvaluatorDecorator - Killed run <Instance:246, Seed:-1, Config:0xA44C6, Kappa:20.35258327459097, Execution Config: 0x0001> at 203.8605 for exceeding 10.0 times its cutoff time of 20.35258327459097 (secs)
15:53:44.213 [main] INFO  c.u.c.b.s.c.SequentialModelBasedAlgorithmConfiguration - Updated estimated penalized average runtime (PAR10) of the same incumbent: 9226.755040233762; estimate now based on 22 runs.
15:54:11.643 [CLI TAE (Master Thread - #0)] ERROR c.u.c.b.a.t.b.c.CommandLineAlgorithmRun - The following algorithm call failed: cd "/proj/SMACK/smac/example_scenarios/seq_rs" ;  ../wrapper.py /proj/SMACK/sv-benchmarks/c/systemc/token_ring.13_true-unreach-call_false-termination.cil.c 0 2000.0 2147483647 -1 -/bopt:boolControlVC 'True' -/bopt:z3opt:SMT.MBQI 'False' -/deepAsserts 'True' -/di 'False' -/doNotUseLabels 'False' -/noCallTreeReuse 'False' -/noInitPruning 'True' -/nonUniformUnfolding 'False' -/staticInlining 'True' -/trackAllVars 'False' -/useArrayTheoryCheck '1'  
15:54:11.643 [CLI TAE (Master Thread - #0)] ERROR c.u.c.b.a.t.b.c.CommandLineAlgorithmRun - The last 1 lines of output we saw were:
15:54:11.644 [CLI TAE (Master Thread - #0)] ERROR c.u.c.b.a.t.b.c.CommandLineAlgorithmRun - > Result for SMAC: CRASHED, 90000, 0, 0, -1
15:55:24.667 [CLI TAE (Master Thread - #0)] ERROR c.u.c.b.a.t.b.c.CommandLineAlgorithmRun - The following algorithm call failed: cd "/proj/SMACK/smac/example_scenarios/seq_rs" ;  ../wrapper.py /proj/SMACK/sv-benchmarks/c/seq-mthreaded/rekcba_ctm_true-unreach-call.4_true-termination.c 0 2000.0 2147483647 -1 -/bopt:boolControlVC 'True' -/bopt:z3opt:SMT.MBQI 'False' -/deepAsserts 'True' -/di 'False' -/doNotUseLabels 'False' -/noCallTreeReuse 'False' -/noInitPruning 'True' -/nonUniformUnfolding 'False' -/staticInlining 'True' -/trackAllVars 'False' -/useArrayTheoryCheck '1'  
15:55:24.667 [CLI TAE (Master Thread - #0)] ERROR c.u.c.b.a.t.b.c.CommandLineAlgorithmRun - The last 1 lines of output we saw were:
15:55:24.668 [CLI TAE (Master Thread - #0)] ERROR c.u.c.b.a.t.b.c.CommandLineAlgorithmRun - > Result for SMAC: CRASHED, 90000, 0, 0, -1
16:26:57.667 [CLI TAE (Master Thread - #0)] ERROR c.u.c.b.a.t.b.c.CommandLineAlgorithmRun - The following algorithm call failed: cd "/proj/SMACK/smac/example_scenarios/seq_rs" ;  ../wrapper.py /proj/SMACK/sv-benchmarks/c/seq-mthreaded/pals_lcr.5_true-unreach-call.ufo.UNBOUNDED.pals.c 0 2000.0 2147483647 -1 -/bopt:boolControlVC 'True' -/bopt:z3opt:SMT.MBQI 'False' -/deepAsserts 'True' -/di 'False' -/doNotUseLabels 'False' -/noCallTreeReuse 'False' -/noInitPruning 'True' -/nonUniformUnfolding 'False' -/staticInlining 'True' -/trackAllVars 'False' -/useArrayTheoryCheck '1'  
16:26:57.668 [CLI TAE (Master Thread - #0)] ERROR c.u.c.b.a.t.b.c.CommandLineAlgorithmRun - The last 1 lines of output we saw were:
16:26:57.668 [CLI TAE (Master Thread - #0)] ERROR c.u.c.b.a.t.b.c.CommandLineAlgorithmRun - > Result for SMAC: CRASHED, 90000, 0, 0, -1
16:32:43.383 [CLI TAE (Master Thread - #0)] ERROR c.u.c.b.a.t.b.c.CommandLineAlgorithmRun - The following algorithm call failed: cd "/proj/SMACK/smac/example_scenarios/seq_rs" ;  ../wrapper.py /proj/SMACK/sv-benchmarks/c/seq-mthreaded/rekcba_aso_true-unreach-call.1.M1.c 0 2000.0 2147483647 -1 -/bopt:boolControlVC 'True' -/bopt:z3opt:SMT.MBQI 'False' -/deepAsserts 'True' -/di 'False' -/doNotUseLabels 'False' -/noCallTreeReuse 'False' -/noInitPruning 'True' -/nonUniformUnfolding 'False' -/staticInlining 'True' -/trackAllVars 'False' -/useArrayTheoryCheck '1'  
16:32:43.385 [CLI TAE (Master Thread - #0)] ERROR c.u.c.b.a.t.b.c.CommandLineAlgorithmRun - The last 1 lines of output we saw were:
16:32:43.387 [CLI TAE (Master Thread - #0)] ERROR c.u.c.b.a.t.b.c.CommandLineAlgorithmRun - > Result for SMAC: CRASHED, 90000, 0, 0, -1
16:32:57.821 [CLI TAE (Master Thread - #0)] ERROR c.u.c.b.a.t.b.c.CommandLineAlgorithmRun - The following algorithm call failed: cd "/proj/SMACK/smac/example_scenarios/seq_rs" ;  ../wrapper.py /proj/SMACK/sv-benchmarks/c/systemc/pipeline_true-unreach-call_false-termination.cil.c 0 1161.007113743919 2147483647 -1 -/bopt:boolControlVC 'True' -/bopt:z3opt:SMT.MBQI 'False' -/deepAsserts 'True' -/di 'False' -/doNotUseLabels 'False' -/noCallTreeReuse 'False' -/noInitPruning 'True' -/nonUniformUnfolding 'False' -/staticInlining 'True' -/trackAllVars 'False' -/useArrayTheoryCheck '1'  
16:32:57.822 [CLI TAE (Master Thread - #0)] ERROR c.u.c.b.a.t.b.c.CommandLineAlgorithmRun - The last 1 lines of output we saw were:
16:32:57.823 [CLI TAE (Master Thread - #0)] ERROR c.u.c.b.a.t.b.c.CommandLineAlgorithmRun - > Result for SMAC: CRASHED, 90000, 0, 0, -1
16:33:08.573 [main] INFO  c.u.c.b.s.c.SequentialModelBasedAlgorithmConfiguration - Updated estimated penalized average runtime (PAR10) of the same incumbent: 9291.545048673926; estimate now based on 24 runs.
17:38:12.944 [main] INFO  c.u.c.b.s.c.SequentialModelBasedAlgorithmConfiguration - Updated estimated penalized average runtime (PAR10) of the same incumbent: 8920.600199165325; estimate now based on 25 runs.
17:41:13.420 [CLI TAE Observer Threads (2-1)] WARN  c.u.c.b.a.t.d.s.TimingCheckerTargetAlgorithmEvaluator - We have been waiting for 180.1 seconds for a run that should have taken at most 50.9140646908164 seconds.
 The sample call for the run that is delayed is: cd "/proj/SMACK/smac/example_scenarios/seq_rs" ;  ../wrapper.py /proj/SMACK/sv-benchmarks/c/seq-mthreaded/pals_STARTPALS_ActiveStandby_false-unreach-call.5.ufo.BOUNDED-10.pals.c 0 50.9140646908164 2147483647 -1 -/bopt:boolControlVC 'False' -/bopt:z3opt:SMT.MBQI 'True' -/bopt:z3opt:SMT.MBQI.MAX_ITERATIONS '19292' -/deepAsserts 'True' -/di 'True' -/doNotUseLabels 'True' -/noCallTreeReuse 'False' -/noInitPruning 'False' -/nonUniformUnfolding 'False' -/staticInlining 'False' -/trackAllVars 'False' -/useArrayTheoryCheck '1'  
17:42:02.232 [main] INFO  c.u.c.b.s.c.SequentialModelBasedAlgorithmConfiguration - Updated estimated penalized average runtime (PAR10) of the same incumbent: 8578.223233351324; estimate now based on 26 runs.
22:11:06.544 [CLI TAE (Master Thread - #0)] ERROR c.u.c.b.a.t.b.c.CommandLineAlgorithmRun - The following algorithm call failed: cd "/proj/SMACK/smac/example_scenarios/seq_rs" ;  ../wrapper.py /proj/SMACK/sv-benchmarks/c/seq-mthreaded/rekcba_ctm_true-unreach-call.4_true-termination.c 0 2000.0 2147483647 -1 -/bopt:boolControlVC 'True' -/bopt:z3opt:SMT.MBQI 'False' -/deepAsserts 'False' -/di 'False' -/doNotUseLabels 'True' -/noCallTreeReuse 'False' -/noInitPruning 'False' -/nonUniformUnfolding 'False' -/staticInlining 'False' -/trackAllVars 'True' -/useArrayTheoryCheck '2'  
22:11:06.547 [CLI TAE (Master Thread - #0)] ERROR c.u.c.b.a.t.b.c.CommandLineAlgorithmRun - The last 1 lines of output we saw were:
22:11:06.547 [CLI TAE (Master Thread - #0)] ERROR c.u.c.b.a.t.b.c.CommandLineAlgorithmRun - > Result for SMAC: CRASHED, 90000, 0, 0, -1
00:19:05.252 [main] INFO  c.u.c.b.s.c.SequentialModelBasedAlgorithmConfiguration - Updated estimated penalized average runtime (PAR10) of the same incumbent: 9394.064430969087; estimate now based on 28 runs.
05:03:25.947 [main] INFO  c.u.c.b.s.c.SequentialModelBasedAlgorithmConfiguration - Updated estimated penalized average runtime (PAR10) of the same incumbent: 9759.786347142566; estimate now based on 29 runs.
05:03:36.552 [CLI TAE (Master Thread - #0)] ERROR c.u.c.b.a.t.b.c.CommandLineAlgorithmRun - The following algorithm call failed: cd "/proj/SMACK/smac/example_scenarios/seq_rs" ;  ../wrapper.py /proj/SMACK/sv-benchmarks/c/seq-mthreaded/pals_floodmax.5_false-unreach-call.3.ufo.BOUNDED-10.pals_true-termination.c 0 229.5170690756023 2147483647 -1 -/bopt:boolControlVC 'True' -/bopt:z3opt:SMT.MBQI 'False' -/deepAsserts 'False' -/di 'False' -/doNotUseLabels 'False' -/noCallTreeReuse 'False' -/noInitPruning 'False' -/nonUniformUnfolding 'False' -/staticInlining 'True' -/trackAllVars 'True' -/useArrayTheoryCheck '2'  
05:03:36.552 [CLI TAE (Master Thread - #0)] ERROR c.u.c.b.a.t.b.c.CommandLineAlgorithmRun - The last 1 lines of output we saw were:
05:03:36.552 [CLI TAE (Master Thread - #0)] ERROR c.u.c.b.a.t.b.c.CommandLineAlgorithmRun - > Result for SMAC: CRASHED, 90000, 0, 0, -1
05:04:41.579 [main] INFO  c.u.c.b.s.c.SequentialModelBasedAlgorithmConfiguration - Updated estimated penalized average runtime (PAR10) of the same incumbent: 9131.4595325839; estimate now based on 31 runs.
05:04:53.983 [main] INFO  c.u.c.b.s.c.SequentialModelBasedAlgorithmConfiguration - Updated estimated penalized average runtime (PAR10) of the same incumbent: 9471.101422190653; estimate now based on 32 runs.
05:05:55.968 [main] INFO  c.u.c.b.s.c.SequentialModelBasedAlgorithmConfiguration - Updated estimated penalized average runtime (PAR10) of the same incumbent: 9185.686093337594; estimate now based on 33 runs.
05:06:04.476 [CLI TAE (Master Thread - #0)] ERROR c.u.c.b.a.t.b.c.CommandLineAlgorithmRun - The following algorithm call failed: cd "/proj/SMACK/smac/example_scenarios/seq_rs" ;  ../wrapper.py /proj/SMACK/sv-benchmarks/c/seq-mthreaded/pals_floodmax.4_false-unreach-call.3.ufo.UNBOUNDED.pals.c 0 41.19326564331651 2147483647 -1 -/bopt:boolControlVC 'True' -/bopt:z3opt:SMT.MBQI 'False' -/deepAsserts 'False' -/di 'True' -/doNotUseLabels 'True' -/noCallTreeReuse 'False' -/noInitPruning 'False' -/nonUniformUnfolding 'False' -/staticInlining 'True' -/trackAllVars 'False' -/useArrayTheoryCheck '2'  
05:06:04.476 [CLI TAE (Master Thread - #0)] ERROR c.u.c.b.a.t.b.c.CommandLineAlgorithmRun - The last 1 lines of output we saw were:
05:06:04.476 [CLI TAE (Master Thread - #0)] ERROR c.u.c.b.a.t.b.c.CommandLineAlgorithmRun - > Result for SMAC: CRASHED, 90000, 0, 0, -1
05:06:04.495 [CLI TAE Callback Threads (3-102)] WARN  c.u.c.b.a.t.d.s.TimingCheckerTargetAlgorithmEvaluator - Algorithm Run Result reported a runtime of 90000.0 (secs) that exceeded it's cutoff time of 41.19326564331651 (secs) by 89958.80673435668 (secs). Next warning at 89959.80673435668 (secs)  
05:38:05.785 [main] INFO  c.u.c.b.s.c.SequentialModelBasedAlgorithmConfiguration - Updated estimated penalized average runtime (PAR10) of the same incumbent: 8661.795026779162; estimate now based on 35 runs.
05:49:34.927 [CLI TAE Observer Threads (2-1)] WARN  c.u.c.b.a.t.d.s.TimingCheckerTargetAlgorithmEvaluator - We have been waiting for 688.832 seconds for a run that should have taken at most 229.5170690756023 seconds.
 The sample call for the run that is delayed is: cd "/proj/SMACK/smac/example_scenarios/seq_rs" ;  ../wrapper.py /proj/SMACK/sv-benchmarks/c/seq-mthreaded/pals_floodmax.5_false-unreach-call.3.ufo.BOUNDED-10.pals_true-termination.c 0 229.5170690756023 2147483647 -1 -/bopt:boolControlVC 'True' -/bopt:z3opt:SMT.MBQI 'False' -/deepAsserts 'False' -/di 'True' -/doNotUseLabels 'True' -/noCallTreeReuse 'True' -/noInitPruning 'False' -/nonUniformUnfolding 'False' -/staticInlining 'False' -/trackAllVars 'False' -/useArrayTheoryCheck '2'  
06:09:42.510 [CLI TAE Callback Threads (3-104)] WARN  c.u.c.b.a.t.d.s.TimingCheckerTargetAlgorithmEvaluator - Algorithm Run Result reported wallclock time of 1896.632 (secs) that exceeded it's cutoff time of 229.5170690756023 (secs) by 1667.1149309243979 (secs). Next warning at 1668.1149309243979 (secs)  
06:11:22.776 [main] INFO  c.u.c.b.s.c.SequentialModelBasedAlgorithmConfiguration - Updated estimated penalized average runtime (PAR10) of the same incumbent: 8422.092735674632; estimate now based on 36 runs.
10:58:17.061 [main] INFO  c.u.c.b.s.c.SequentialModelBasedAlgorithmConfiguration - Updated estimated penalized average runtime (PAR10) of the same incumbent: 8195.50037265467; estimate now based on 37 runs.
19:47:14.252 [main] INFO  c.u.c.b.s.c.SequentialModelBasedAlgorithmConfiguration - Updated estimated penalized average runtime (PAR10) of the same incumbent: 7798.1190281831205; estimate now based on 39 runs.
19:49:50.830 [CLI TAE Observer Threads (2-2)] WARN  c.u.c.b.a.t.d.h.KillCaptimeExceedingRunsRunsTargetAlgorithmEvaluatorDecorator - Killed run <Instance:82, Seed:-1, Config:0x1B7AB1, Kappa:14.685811370956898, Execution Config: 0x0001> at 146.91655 for exceeding 10.0 times its cutoff time of 14.685811370956898 (secs)
19:51:28.527 [main] INFO  c.u.c.b.s.c.SequentialModelBasedAlgorithmConfiguration - Updated estimated penalized average runtime (PAR10) of the same incumbent: 7603.731888353815; estimate now based on 40 runs.
20:25:58.822 [CLI TAE Observer Threads (2-2)] WARN  c.u.c.b.a.t.d.s.TimingCheckerTargetAlgorithmEvaluator - We have been waiting for 187.571 seconds for a run that should have taken at most 62.4719426858902 seconds.
 The sample call for the run that is delayed is: cd "/proj/SMACK/smac/example_scenarios/seq_rs" ;  ../wrapper.py /proj/SMACK/sv-benchmarks/c/seq-mthreaded/pals_STARTPALS_ActiveStandby_false-unreach-call.5.ufo.BOUNDED-10.pals.c 0 62.4719426858902 2147483647 -1 -/bopt:boolControlVC 'True' -/bopt:z3opt:SMT.MBQI 'False' -/deepAsserts 'False' -/di 'True' -/doNotUseLabels 'True' -/noCallTreeReuse 'True' -/noInitPruning 'False' -/nonUniformUnfolding 'True' -/staticInlining 'False' -/trackAllVars 'False' -/useArrayTheoryCheck '0'  
20:26:26.023 [main] INFO  c.u.c.b.s.c.SequentialModelBasedAlgorithmConfiguration - Updated estimated penalized average runtime (PAR10) of the same incumbent: 7906.079891076894; estimate now based on 41 runs.
20:38:53.023 [CLI TAE (Master Thread - #0)] ERROR c.u.c.b.a.t.b.c.CommandLineAlgorithmRun - The following algorithm call failed: cd "/proj/SMACK/smac/example_scenarios/seq_rs" ;  ../wrapper.py /proj/SMACK/sv-benchmarks/c/seq-mthreaded/rekh_nxt_false-unreach-call.2.M1.c 0 2000.0 2147483647 -1 -/bopt:boolControlVC 'True' -/bopt:z3opt:SMT.MBQI 'True' -/bopt:z3opt:SMT.MBQI.MAX_ITERATIONS '25378' -/deepAsserts 'True' -/di 'True' -/doNotUseLabels 'True' -/noCallTreeReuse 'False' -/noInitPruning 'False' -/nonUniformUnfolding 'True' -/staticInlining 'True' -/trackAllVars 'False' -/useArrayTheoryCheck '0'  
20:38:53.023 [CLI TAE (Master Thread - #0)] ERROR c.u.c.b.a.t.b.c.CommandLineAlgorithmRun - The last 1 lines of output we saw were:
20:38:53.023 [CLI TAE (Master Thread - #0)] ERROR c.u.c.b.a.t.b.c.CommandLineAlgorithmRun - > Result for SMAC: CRASHED, 90000, 0, 0, -1
20:39:07.462 [CLI TAE (Master Thread - #0)] ERROR c.u.c.b.a.t.b.c.CommandLineAlgorithmRun - The following algorithm call failed: cd "/proj/SMACK/smac/example_scenarios/seq_rs" ;  ../wrapper.py /proj/SMACK/sv-benchmarks/c/systemc/transmitter.12_false-unreach-call_false-termination.cil.c 0 92.42039573227169 2147483647 -1 -/bopt:boolControlVC 'True' -/bopt:z3opt:SMT.MBQI 'True' -/bopt:z3opt:SMT.MBQI.MAX_ITERATIONS '25378' -/deepAsserts 'True' -/di 'True' -/doNotUseLabels 'True' -/noCallTreeReuse 'False' -/noInitPruning 'False' -/nonUniformUnfolding 'True' -/staticInlining 'True' -/trackAllVars 'False' -/useArrayTheoryCheck '0'  
20:39:07.463 [CLI TAE (Master Thread - #0)] ERROR c.u.c.b.a.t.b.c.CommandLineAlgorithmRun - The last 1 lines of output we saw were:
20:39:07.463 [CLI TAE (Master Thread - #0)] ERROR c.u.c.b.a.t.b.c.CommandLineAlgorithmRun - > Result for SMAC: CRASHED, 90000, 0, 0, -1
20:44:47.696 [main] INFO  c.u.c.b.s.c.SequentialModelBasedAlgorithmConfiguration - Updated estimated penalized average runtime (PAR10) of the same incumbent: 7545.9135855852; estimate now based on 43 runs.
20:46:43.372 [CLI TAE (Master Thread - #0)] ERROR c.u.c.b.a.t.b.c.CommandLineAlgorithmRun - The following algorithm call failed: cd "/proj/SMACK/smac/example_scenarios/seq_rs" ;  ../wrapper.py /proj/SMACK/sv-benchmarks/c/systemc/pc_sfifo_1_true-unreach-call_false-termination.cil.c 0 1147.5145074430584 2147483647 -1 -/bopt:boolControlVC 'False' -/bopt:z3opt:SMT.MBQI 'True' -/bopt:z3opt:SMT.MBQI.MAX_ITERATIONS '2606' -/deepAsserts 'False' -/di 'False' -/doNotUseLabels 'False' -/noCallTreeReuse 'False' -/noInitPruning 'True' -/nonUniformUnfolding 'True' -/staticInlining 'True' -/trackAllVars 'True' -/useArrayTheoryCheck '2'  
20:46:43.373 [CLI TAE (Master Thread - #0)] ERROR c.u.c.b.a.t.b.c.CommandLineAlgorithmRun - The last 1 lines of output we saw were:
20:46:43.376 [CLI TAE (Master Thread - #0)] ERROR c.u.c.b.a.t.b.c.CommandLineAlgorithmRun - > Result for SMAC: CRASHED, 90000, 0, 0, -1
21:18:11.185 [main] INFO  c.u.c.b.s.c.SequentialModelBasedAlgorithmConfiguration - Updated estimated penalized average runtime (PAR10) of the same incumbent: 7828.961004094627; estimate now based on 44 runs.
23:44:22.495 [main] INFO  c.u.c.b.s.c.SequentialModelBasedAlgorithmConfiguration - Updated estimated penalized average runtime (PAR10) of the same incumbent: 7923.612669395348; estimate now based on 46 runs.
23:44:58.470 [main] INFO  c.u.c.b.s.c.SequentialModelBasedAlgorithmConfiguration - Updated estimated penalized average runtime (PAR10) of the same incumbent: 7755.260611001466; estimate now based on 47 runs.
00:48:56.579 [main] INFO  c.u.c.b.s.c.SequentialModelBasedAlgorithmConfiguration - Updated estimated penalized average runtime (PAR10) of the same incumbent: 7593.923372040177; estimate now based on 48 runs.
06:16:57.481 [CLI TAE (Master Thread - #0)] ERROR c.u.c.b.a.t.b.c.CommandLineAlgorithmRun - The following algorithm call failed: cd "/proj/SMACK/smac/example_scenarios/seq_rs" ;  ../wrapper.py /proj/SMACK/sv-benchmarks/c/systemc/transmitter.04_false-unreach-call_false-termination.cil.c 0 14.787853218960763 2147483647 -1 -/bopt:boolControlVC 'True' -/bopt:z3opt:SMT.MBQI 'False' -/deepAsserts 'True' -/di 'False' -/doNotUseLabels 'False' -/noCallTreeReuse 'True' -/noInitPruning 'True' -/nonUniformUnfolding 'True' -/staticInlining 'True' -/trackAllVars 'False' -/useArrayTheoryCheck '1'  
06:16:57.482 [CLI TAE (Master Thread - #0)] ERROR c.u.c.b.a.t.b.c.CommandLineAlgorithmRun - The last 1 lines of output we saw were:
06:16:57.482 [CLI TAE (Master Thread - #0)] ERROR c.u.c.b.a.t.b.c.CommandLineAlgorithmRun - > Result for SMAC: CRASHED, 90000, 0, 0, -1
06:16:57.492 [CLI TAE Callback Threads (3-164)] WARN  c.u.c.b.a.t.d.s.TimingCheckerTargetAlgorithmEvaluator - Algorithm Run Result reported a runtime of 90000.0 (secs) that exceeded it's cutoff time of 14.787853218960763 (secs) by 89985.21214678104 (secs). Next warning at 89986.21214678104 (secs)  
06:17:02.603 [main] INFO  c.u.c.b.s.c.SequentialModelBasedAlgorithmConfiguration - Updated estimated penalized average runtime (PAR10) of the same incumbent: 7691.972647299752; estimate now based on 50 runs.
06:20:03.079 [CLI TAE Observer Threads (2-2)] WARN  c.u.c.b.a.t.d.s.TimingCheckerTargetAlgorithmEvaluator - We have been waiting for 180.115 seconds for a run that should have taken at most 35.11285389621854 seconds.
 The sample call for the run that is delayed is: cd "/proj/SMACK/smac/example_scenarios/seq_rs" ;  ../wrapper.py /proj/SMACK/sv-benchmarks/c/seq-mthreaded/pals_floodmax.4_false-unreach-call.3.ufo.BOUNDED-8.pals_true-termination.c 0 35.11285389621854 2147483647 -1 -/bopt:boolControlVC 'False' -/bopt:z3opt:SMT.MBQI 'False' -/deepAsserts 'False' -/di 'True' -/doNotUseLabels 'True' -/noCallTreeReuse 'True' -/noInitPruning 'True' -/nonUniformUnfolding 'False' -/staticInlining 'False' -/trackAllVars 'False' -/useArrayTheoryCheck '0'  
06:23:12.395 [CLI TAE Observer Threads (2-2)] WARN  c.u.c.b.a.t.d.h.KillCaptimeExceedingRunsRunsTargetAlgorithmEvaluatorDecorator - Killed run <Instance:88, Seed:-1, Config:0x245547, Kappa:35.11285389621854, Execution Config: 0x0001> at 351.20074999999997 for exceeding 10.0 times its cutoff time of 35.11285389621854 (secs)
06:23:48.906 [main] INFO  c.u.c.b.s.c.SequentialModelBasedAlgorithmConfiguration - Updated estimated penalized average runtime (PAR10) of the same incumbent: 7541.84151156742; estimate now based on 51 runs.
06:26:49.383 [CLI TAE Observer Threads (2-2)] WARN  c.u.c.b.a.t.d.s.TimingCheckerTargetAlgorithmEvaluator - We have been waiting for 180.076 seconds for a run that should have taken at most 20.349982649433613 seconds.
 The sample call for the run that is delayed is: cd "/proj/SMACK/smac/example_scenarios/seq_rs" ;  ../wrapper.py /proj/SMACK/sv-benchmarks/c/seq-mthreaded/pals_lcr-var-start-time.4_false-unreach-call.2.ufo.BOUNDED-8.pals_true-termination.c 0 20.349982649433613 2147483647 -1 -/bopt:boolControlVC 'True' -/bopt:z3opt:SMT.MBQI 'True' -/bopt:z3opt:SMT.MBQI.MAX_ITERATIONS '18010' -/deepAsserts 'True' -/di 'True' -/doNotUseLabels 'True' -/noCallTreeReuse 'False' -/noInitPruning 'True' -/nonUniformUnfolding 'True' -/staticInlining 'False' -/trackAllVars 'True' -/useArrayTheoryCheck '2'  
06:27:23.711 [CLI TAE Observer Threads (2-2)] WARN  c.u.c.b.a.t.d.h.KillCaptimeExceedingRunsRunsTargetAlgorithmEvaluatorDecorator - Killed run <Instance:108, Seed:-1, Config:0x24E787, Kappa:20.349982649433613, Execution Config: 0x0001> at 203.86145 for exceeding 10.0 times its cutoff time of 20.349982649433613 (secs)
06:27:29.303 [main] INFO  c.u.c.b.s.c.SequentialModelBasedAlgorithmConfiguration - Updated estimated penalized average runtime (PAR10) of the same incumbent: 7781.421482498816; estimate now based on 52 runs.
10:27:46.197 [CLI TAE (Master Thread - #0)] ERROR c.u.c.b.a.t.b.c.CommandLineAlgorithmRun - The following algorithm call failed: cd "/proj/SMACK/smac/example_scenarios/seq_rs" ;  ../wrapper.py /proj/SMACK/sv-benchmarks/c/seq-mthreaded/rekcba_ctm_true-unreach-call.4_true-termination.c 0 2000.0 2147483647 -1 -/bopt:boolControlVC 'True' -/bopt:z3opt:SMT.MBQI 'False' -/deepAsserts 'False' -/di 'True' -/doNotUseLabels 'False' -/noCallTreeReuse 'False' -/noInitPruning 'False' -/nonUniformUnfolding 'False' -/staticInlining 'False' -/trackAllVars 'True' -/useArrayTheoryCheck '1'  
10:27:46.197 [CLI TAE (Master Thread - #0)] ERROR c.u.c.b.a.t.b.c.CommandLineAlgorithmRun - The last 1 lines of output we saw were:
10:27:46.198 [CLI TAE (Master Thread - #0)] ERROR c.u.c.b.a.t.b.c.CommandLineAlgorithmRun - > Result for SMAC: CRASHED, 90000, 0, 0, -1
11:32:36.926 [CLI TAE (Master Thread - #0)] ERROR c.u.c.b.a.t.b.c.CommandLineAlgorithmRun - The following algorithm call failed: cd "/proj/SMACK/smac/example_scenarios/seq_rs" ;  ../wrapper.py /proj/SMACK/sv-benchmarks/c/systemc/token_ring.05_true-unreach-call_false-termination.cil.c 0 1147.198013298559 2147483647 -1 -/bopt:boolControlVC 'False' -/bopt:z3opt:SMT.MBQI 'True' -/bopt:z3opt:SMT.MBQI.MAX_ITERATIONS '12773' -/deepAsserts 'False' -/di 'True' -/doNotUseLabels 'True' -/noCallTreeReuse 'True' -/noInitPruning 'False' -/nonUniformUnfolding 'False' -/staticInlining 'True' -/trackAllVars 'False' -/useArrayTheoryCheck '2'  
11:32:36.927 [CLI TAE (Master Thread - #0)] ERROR c.u.c.b.a.t.b.c.CommandLineAlgorithmRun - The last 1 lines of output we saw were:
11:32:36.927 [CLI TAE (Master Thread - #0)] ERROR c.u.c.b.a.t.b.c.CommandLineAlgorithmRun - > Result for SMAC: CRASHED, 90000, 0, 0, -1
11:32:43.307 [main] INFO  c.u.c.b.s.c.SequentialModelBasedAlgorithmConfiguration - Updated estimated penalized average runtime (PAR10) of the same incumbent: 8233.961427591452; estimate now based on 54 runs.
15:12:19.093 [main] INFO  c.u.c.b.s.c.SequentialModelBasedAlgorithmConfiguration - Updated estimated penalized average runtime (PAR10) of the same incumbent: 8100.294380669153; estimate now based on 55 runs.
15:22:56.637 [CLI TAE (Master Thread - #0)] ERROR c.u.c.b.a.t.b.c.CommandLineAlgorithmRun - The following algorithm call failed: cd "/proj/SMACK/smac/example_scenarios/seq_rs" ;  ../wrapper.py /proj/SMACK/sv-benchmarks/c/seq-mthreaded/rekcba_nxt_true-unreach-call.3.M1.c 0 2000.0 2147483647 -1 -/bopt:boolControlVC 'True' -/bopt:z3opt:SMT.MBQI 'True' -/bopt:z3opt:SMT.MBQI.MAX_ITERATIONS '19563' -/deepAsserts 'False' -/di 'True' -/doNotUseLabels 'True' -/noCallTreeReuse 'False' -/noInitPruning 'False' -/nonUniformUnfolding 'False' -/staticInlining 'True' -/trackAllVars 'True' -/useArrayTheoryCheck '2'  
15:22:56.638 [CLI TAE (Master Thread - #0)] ERROR c.u.c.b.a.t.b.c.CommandLineAlgorithmRun - The last 1 lines of output we saw were:
15:22:56.638 [CLI TAE (Master Thread - #0)] ERROR c.u.c.b.a.t.b.c.CommandLineAlgorithmRun - > Result for SMAC: CRASHED, 90000, 0, 0, -1
15:54:28.258 [CLI TAE (Master Thread - #0)] ERROR c.u.c.b.a.t.b.c.CommandLineAlgorithmRun - The following algorithm call failed: cd "/proj/SMACK/smac/example_scenarios/seq_rs" ;  ../wrapper.py /proj/SMACK/sv-benchmarks/c/systemc/pc_sfifo_1_true-unreach-call_false-termination.cil.c 0 1147.5171068574964 2147483647 -1 -/bopt:boolControlVC 'True' -/bopt:z3opt:SMT.MBQI 'True' -/bopt:z3opt:SMT.MBQI.MAX_ITERATIONS '19563' -/deepAsserts 'False' -/di 'True' -/doNotUseLabels 'True' -/noCallTreeReuse 'False' -/noInitPruning 'False' -/nonUniformUnfolding 'False' -/staticInlining 'True' -/trackAllVars 'True' -/useArrayTheoryCheck '2'  
15:54:28.258 [CLI TAE (Master Thread - #0)] ERROR c.u.c.b.a.t.b.c.CommandLineAlgorithmRun - The last 1 lines of output we saw were:
15:54:28.258 [CLI TAE (Master Thread - #0)] ERROR c.u.c.b.a.t.b.c.CommandLineAlgorithmRun - > Result for SMAC: CRASHED, 90000, 0, 0, -1
15:55:54.789 [main] INFO  c.u.c.b.s.c.SequentialModelBasedAlgorithmConfiguration - Updated estimated penalized average runtime (PAR10) of the same incumbent: 7957.076033962617; estimate now based on 56 runs.
21:33:36.568 [CLI TAE (Master Thread - #0)] ERROR c.u.c.b.a.t.b.c.CommandLineAlgorithmRun - The following algorithm call failed: cd "/proj/SMACK/smac/example_scenarios/seq_rs" ;  ../wrapper.py /proj/SMACK/sv-benchmarks/c/seq-mthreaded/rekcba_nxt_false-unreach-call.2.M4.c 0 2000.0 2147483647 -1 -/bopt:boolControlVC 'False' -/bopt:z3opt:SMT.MBQI 'True' -/bopt:z3opt:SMT.MBQI.MAX_ITERATIONS '28779' -/deepAsserts 'False' -/di 'False' -/doNotUseLabels 'False' -/noCallTreeReuse 'False' -/noInitPruning 'False' -/nonUniformUnfolding 'False' -/staticInlining 'False' -/trackAllVars 'True' -/useArrayTheoryCheck '1'  
21:33:36.570 [CLI TAE (Master Thread - #0)] ERROR c.u.c.b.a.t.b.c.CommandLineAlgorithmRun - The last 1 lines of output we saw were:
21:33:36.570 [CLI TAE (Master Thread - #0)] ERROR c.u.c.b.a.t.b.c.CommandLineAlgorithmRun - > Result for SMAC: CRASHED, 90000, 0, 0, -1
04:43:43.522 [main] INFO  c.u.c.b.s.c.SequentialModelBasedAlgorithmConfiguration - Incumbent changed to: config 54 (internal ID: 0x2D487D), with penalized average runtime (PAR10): 7953.895967943329; estimate based on 56 runs.
04:43:43.523 [main] INFO  c.u.c.b.s.c.SequentialModelBasedAlgorithmConfiguration - Sample call for new incumbent config 54 (internal ID: 0x2D487D): 
cd /proj/SMACK/smac/example_scenarios/seq_rs; ../wrapper.py /proj/SMACK/sv-benchmarks/c/seq-mthreaded/pals_floodmax.5_false-unreach-call.3.ufo.BOUNDED-10.pals_true-termination.c 0 2000.0 2147483647 -1 -/bopt:boolControlVC 'False' -/bopt:z3opt:SMT.MBQI 'True' -/bopt:z3opt:SMT.MBQI.MAX_ITERATIONS '28779' -/deepAsserts 'False' -/di 'False' -/doNotUseLabels 'False' -/noCallTreeReuse 'False' -/noInitPruning 'False' -/nonUniformUnfolding 'False' -/staticInlining 'False' -/trackAllVars 'True' -/useArrayTheoryCheck '1'  
04:58:32.559 [CLI TAE (Master Thread - #0)] ERROR c.u.c.b.a.t.b.c.CommandLineAlgorithmRun - The following algorithm call failed: cd "/proj/SMACK/smac/example_scenarios/seq_rs" ;  ../wrapper.py /proj/SMACK/sv-benchmarks/c/seq-mthreaded/pals_floodmax.4_false-unreach-call.4.ufo.UNBOUNDED.pals.c 0 39.333034109669924 2147483647 -1 -/bopt:boolControlVC 'True' -/bopt:z3opt:SMT.MBQI 'False' -/deepAsserts 'False' -/di 'True' -/doNotUseLabels 'True' -/noCallTreeReuse 'False' -/noInitPruning 'True' -/nonUniformUnfolding 'True' -/staticInlining 'True' -/trackAllVars 'True' -/useArrayTheoryCheck '0'  
04:58:32.559 [CLI TAE (Master Thread - #0)] ERROR c.u.c.b.a.t.b.c.CommandLineAlgorithmRun - The last 1 lines of output we saw were:
04:58:32.559 [CLI TAE (Master Thread - #0)] ERROR c.u.c.b.a.t.b.c.CommandLineAlgorithmRun - > Result for SMAC: CRASHED, 90000, 0, 0, -1
04:59:57.815 [main] INFO  c.u.c.b.s.c.SequentialModelBasedAlgorithmConfiguration - Updated estimated penalized average runtime (PAR10) of the same incumbent: 7696.141493114941; estimate now based on 58 runs.
06:05:08.930 [main] INFO  c.u.c.b.s.c.SequentialModelBasedAlgorithmConfiguration - Updated estimated penalized average runtime (PAR10) of the same incumbent: 7904.681467807907; estimate now based on 59 runs.
07:42:53.251 [main] INFO  c.u.c.b.s.c.SequentialModelBasedAlgorithmConfiguration - Updated estimated penalized average runtime (PAR10) of the same incumbent: 8301.249288535517; estimate now based on 61 runs.
07:43:00.222 [CLI TAE (Master Thread - #0)] ERROR c.u.c.b.a.t.b.c.CommandLineAlgorithmRun - The following algorithm call failed: cd "/proj/SMACK/smac/example_scenarios/seq_rs" ;  ../wrapper.py /proj/SMACK/sv-benchmarks/c/seq-mthreaded/pals_STARTPALS_ActiveStandby_true-unreach-call.ufo.UNBOUNDED.pals.c 0 1147.8186001892864 2147483647 -1 -/bopt:boolControlVC 'False' -/bopt:z3opt:SMT.MBQI 'True' -/bopt:z3opt:SMT.MBQI.MAX_ITERATIONS '22801' -/deepAsserts 'True' -/di 'False' -/doNotUseLabels 'True' -/noCallTreeReuse 'True' -/noInitPruning 'False' -/nonUniformUnfolding 'True' -/staticInlining 'True' -/trackAllVars 'True' -/useArrayTheoryCheck '2'  
07:43:00.223 [CLI TAE (Master Thread - #0)] ERROR c.u.c.b.a.t.b.c.CommandLineAlgorithmRun - The last 1 lines of output we saw were:
07:43:00.223 [CLI TAE (Master Thread - #0)] ERROR c.u.c.b.a.t.b.c.CommandLineAlgorithmRun - > Result for SMAC: CRASHED, 90000, 0, 0, -1
07:48:25.668 [main] INFO  c.u.c.b.s.c.SequentialModelBasedAlgorithmConfiguration - Updated estimated penalized average runtime (PAR10) of the same incumbent: 8172.3502528629115; estimate now based on 62 runs.
08:21:25.800 [main] INFO  c.u.c.b.s.c.SequentialModelBasedAlgorithmConfiguration - Updated estimated penalized average runtime (PAR10) of the same incumbent: 8043.153400122185; estimate now based on 63 runs.
08:21:33.705 [CLI TAE (Master Thread - #0)] ERROR c.u.c.b.a.t.b.c.CommandLineAlgorithmRun - The following algorithm call failed: cd "/proj/SMACK/smac/example_scenarios/seq_rs" ;  ../wrapper.py /proj/SMACK/sv-benchmarks/c/seq-mthreaded/pals_floodmax.4_false-unreach-call.3.ufo.UNBOUNDED.pals.c 0 37.551024731594325 2147483647 -1 -/bopt:boolControlVC 'True' -/bopt:z3opt:SMT.MBQI 'False' -/deepAsserts 'True' -/di 'True' -/doNotUseLabels 'True' -/noCallTreeReuse 'False' -/noInitPruning 'True' -/nonUniformUnfolding 'True' -/staticInlining 'True' -/trackAllVars 'False' -/useArrayTheoryCheck '0'  
08:21:33.705 [CLI TAE (Master Thread - #0)] ERROR c.u.c.b.a.t.b.c.CommandLineAlgorithmRun - The last 1 lines of output we saw were:
08:21:33.705 [CLI TAE (Master Thread - #0)] ERROR c.u.c.b.a.t.b.c.CommandLineAlgorithmRun - > Result for SMAC: CRASHED, 90000, 0, 0, -1
09:58:46.905 [main] INFO  c.u.c.b.s.c.SequentialModelBasedAlgorithmConfiguration - Updated estimated penalized average runtime (PAR10) of the same incumbent: 8411.05637242612; estimate now based on 65 runs.
10:01:50.863 [main] INFO  c.u.c.b.s.c.SequentialModelBasedAlgorithmConfiguration - Updated estimated penalized average runtime (PAR10) of the same incumbent: 8285.019369569702; estimate now based on 66 runs.
12:07:29.786 [main] INFO  c.u.c.b.s.c.SequentialModelBasedAlgorithmConfiguration - Updated estimated penalized average runtime (PAR10) of the same incumbent: 8459.869826740303; estimate now based on 67 runs.
16:28:54.096 [main] INFO  c.u.c.b.s.c.SequentialModelBasedAlgorithmConfiguration - Updated estimated penalized average runtime (PAR10) of the same incumbent: 8508.146502760888; estimate now based on 69 runs.
16:31:54.574 [CLI TAE Observer Threads (2-4)] WARN  c.u.c.b.a.t.d.s.TimingCheckerTargetAlgorithmEvaluator - We have been waiting for 180.136 seconds for a run that should have taken at most 37.551024731594325 seconds.
 The sample call for the run that is delayed is: cd "/proj/SMACK/smac/example_scenarios/seq_rs" ;  ../wrapper.py /proj/SMACK/sv-benchmarks/c/seq-mthreaded/pals_floodmax.4_false-unreach-call.3.ufo.UNBOUNDED.pals.c 0 37.551024731594325 2147483647 -1 -/bopt:boolControlVC 'True' -/bopt:z3opt:SMT.MBQI 'False' -/deepAsserts 'False' -/di 'True' -/doNotUseLabels 'True' -/noCallTreeReuse 'False' -/noInitPruning 'True' -/nonUniformUnfolding 'False' -/staticInlining 'False' -/trackAllVars 'False' -/useArrayTheoryCheck '0'  
16:34:49.202 [main] INFO  c.u.c.b.s.c.SequentialModelBasedAlgorithmConfiguration - Updated estimated penalized average runtime (PAR10) of the same incumbent: 8386.995557519384; estimate now based on 70 runs.
16:37:49.680 [CLI TAE Observer Threads (2-4)] WARN  c.u.c.b.a.t.d.s.TimingCheckerTargetAlgorithmEvaluator - We have been waiting for 180.075 seconds for a run that should have taken at most 32.65096264739633 seconds.
 The sample call for the run that is delayed is: cd "/proj/SMACK/smac/example_scenarios/seq_rs" ;  ../wrapper.py /proj/SMACK/sv-benchmarks/c/seq-mthreaded/pals_opt-floodmax.4_false-unreach-call.3.ufo.BOUNDED-8.pals_true-termination.c 0 32.65096264739633 2147483647 -1 -/bopt:boolControlVC 'True' -/bopt:z3opt:SMT.MBQI 'False' -/deepAsserts 'False' -/di 'False' -/doNotUseLabels 'False' -/noCallTreeReuse 'False' -/noInitPruning 'True' -/nonUniformUnfolding 'False' -/staticInlining 'False' -/trackAllVars 'False' -/useArrayTheoryCheck '2'  
16:40:33.516 [CLI TAE Observer Threads (2-4)] WARN  c.u.c.b.a.t.d.h.KillCaptimeExceedingRunsRunsTargetAlgorithmEvaluatorDecorator - Killed run <Instance:149, Seed:-1, Config:0x44BF93, Kappa:32.65096264739633, Execution Config: 0x0001> at 326.93395 for exceeding 10.0 times its cutoff time of 32.65096264739633 (secs)
17:12:01.551 [main] INFO  c.u.c.b.s.c.SequentialModelBasedAlgorithmConfiguration - Updated estimated penalized average runtime (PAR10) of the same incumbent: 8550.559000371222; estimate now based on 71 runs.
17:12:12.139 [CLI TAE (Master Thread - #0)] ERROR c.u.c.b.a.t.b.c.CommandLineAlgorithmRun - The following algorithm call failed: cd "/proj/SMACK/smac/example_scenarios/seq_rs" ;  ../wrapper.py /proj/SMACK/sv-benchmarks/c/seq-mthreaded/pals_floodmax.5_true-unreach-call.ufo.BOUNDED-10.pals_true-termination.c 0 2000.0 2147483647 -1 -/bopt:boolControlVC 'True' -/bopt:z3opt:SMT.MBQI 'True' -/bopt:z3opt:SMT.MBQI.MAX_ITERATIONS '25416' -/deepAsserts 'False' -/di 'True' -/doNotUseLabels 'True' -/noCallTreeReuse 'False' -/noInitPruning 'False' -/nonUniformUnfolding 'False' -/staticInlining 'True' -/trackAllVars 'False' -/useArrayTheoryCheck '0'  
17:12:12.139 [CLI TAE (Master Thread - #0)] ERROR c.u.c.b.a.t.b.c.CommandLineAlgorithmRun - The last 1 lines of output we saw were:
17:12:12.139 [CLI TAE (Master Thread - #0)] ERROR c.u.c.b.a.t.b.c.CommandLineAlgorithmRun - > Result for SMAC: CRASHED, 90000, 0, 0, -1
17:12:27.592 [CLI TAE (Master Thread - #0)] ERROR c.u.c.b.a.t.b.c.CommandLineAlgorithmRun - The following algorithm call failed: cd "/proj/SMACK/smac/example_scenarios/seq_rs" ;  ../wrapper.py /proj/SMACK/sv-benchmarks/c/systemc/token_ring.12_false-unreach-call_false-termination.cil.c 0 2000.0 2147483647 -1 -/bopt:boolControlVC 'True' -/bopt:z3opt:SMT.MBQI 'True' -/bopt:z3opt:SMT.MBQI.MAX_ITERATIONS '25416' -/deepAsserts 'False' -/di 'True' -/doNotUseLabels 'True' -/noCallTreeReuse 'False' -/noInitPruning 'False' -/nonUniformUnfolding 'False' -/staticInlining 'True' -/trackAllVars 'False' -/useArrayTheoryCheck '0'  
17:12:27.592 [CLI TAE (Master Thread - #0)] ERROR c.u.c.b.a.t.b.c.CommandLineAlgorithmRun - The last 1 lines of output we saw were:
17:12:27.592 [CLI TAE (Master Thread - #0)] ERROR c.u.c.b.a.t.b.c.CommandLineAlgorithmRun - > Result for SMAC: CRASHED, 90000, 0, 0, -1
17:18:20.254 [CLI TAE Observer Threads (2-4)] WARN  c.u.c.b.a.t.d.s.TimingCheckerTargetAlgorithmEvaluator - We have been waiting for 352.148 seconds for a run that should have taken at most 117.22836931084396 seconds.
 The sample call for the run that is delayed is: cd "/proj/SMACK/smac/example_scenarios/seq_rs" ;  ../wrapper.py /proj/SMACK/sv-benchmarks/c/seq-mthreaded/rekcba_aso_false-unreach-call.2.M1.c 0 117.22836931084396 2147483647 -1 -/bopt:boolControlVC 'True' -/bopt:z3opt:SMT.MBQI 'True' -/bopt:z3opt:SMT.MBQI.MAX_ITERATIONS '25416' -/deepAsserts 'False' -/di 'True' -/doNotUseLabels 'True' -/noCallTreeReuse 'False' -/noInitPruning 'False' -/nonUniformUnfolding 'False' -/staticInlining 'True' -/trackAllVars 'False' -/useArrayTheoryCheck '0'  
17:25:41.118 [CLI TAE (Master Thread - #0)] ERROR c.u.c.b.a.t.b.c.CommandLineAlgorithmRun - The following algorithm call failed: cd "/proj/SMACK/smac/example_scenarios/seq_rs" ;  ../wrapper.py /proj/SMACK/sv-benchmarks/c/seq-mthreaded/rekcba_aso_false-unreach-call.2.M1.c 0 117.22836931084396 2147483647 -1 -/bopt:boolControlVC 'True' -/bopt:z3opt:SMT.MBQI 'True' -/bopt:z3opt:SMT.MBQI.MAX_ITERATIONS '25416' -/deepAsserts 'False' -/di 'True' -/doNotUseLabels 'True' -/noCallTreeReuse 'False' -/noInitPruning 'False' -/nonUniformUnfolding 'False' -/staticInlining 'True' -/trackAllVars 'False' -/useArrayTheoryCheck '0'  
17:25:41.119 [CLI TAE (Master Thread - #0)] ERROR c.u.c.b.a.t.b.c.CommandLineAlgorithmRun - The last 1 lines of output we saw were:
17:25:41.119 [CLI TAE (Master Thread - #0)] ERROR c.u.c.b.a.t.b.c.CommandLineAlgorithmRun - > Result for SMAC: CRASHED, 90000, 0, 0, -1
17:59:54.278 [CLI TAE Observer Threads (2-4)] WARN  c.u.c.b.a.t.d.h.KillCaptimeExceedingRunsRunsTargetAlgorithmEvaluatorDecorator - Killed run <Instance:142, Seed:-1, Config:0x475AF5, Kappa:14.25828457658291, Execution Config: 0x0001> at 142.84865 for exceeding 10.0 times its cutoff time of 14.25828457658291 (secs)
18:07:06.363 [main] INFO  c.u.c.b.s.c.SequentialModelBasedAlgorithmConfiguration - Updated estimated penalized average runtime (PAR10) of the same incumbent: 8595.824765071491; estimate now based on 73 runs.
18:08:08.068 [CLI TAE (Master Thread - #0)] ERROR c.u.c.b.a.t.b.c.CommandLineAlgorithmRun - The following algorithm call failed: cd "/proj/SMACK/smac/example_scenarios/seq_rs" ;  ../wrapper.py /proj/SMACK/sv-benchmarks/c/seq-mthreaded/rekcba_nxt_false-unreach-call.2.M4.c 0 2000.0 2147483647 -1 -/bopt:boolControlVC 'True' -/bopt:z3opt:SMT.MBQI 'False' -/deepAsserts 'True' -/di 'False' -/doNotUseLabels 'False' -/noCallTreeReuse 'False' -/noInitPruning 'False' -/nonUniformUnfolding 'True' -/staticInlining 'True' -/trackAllVars 'True' -/useArrayTheoryCheck '1'  
18:08:08.068 [CLI TAE (Master Thread - #0)] ERROR c.u.c.b.a.t.b.c.CommandLineAlgorithmRun - The last 1 lines of output we saw were:
18:08:08.068 [CLI TAE (Master Thread - #0)] ERROR c.u.c.b.a.t.b.c.CommandLineAlgorithmRun - > Result for SMAC: CRASHED, 90000, 0, 0, -1
18:08:26.800 [CLI TAE (Master Thread - #0)] ERROR c.u.c.b.a.t.b.c.CommandLineAlgorithmRun - The following algorithm call failed: cd "/proj/SMACK/smac/example_scenarios/seq_rs" ;  ../wrapper.py /proj/SMACK/sv-benchmarks/c/systemc/token_ring.13_false-unreach-call_false-termination.cil.c 0 2000.0 2147483647 -1 -/bopt:boolControlVC 'True' -/bopt:z3opt:SMT.MBQI 'False' -/deepAsserts 'True' -/di 'False' -/doNotUseLabels 'False' -/noCallTreeReuse 'False' -/noInitPruning 'False' -/nonUniformUnfolding 'True' -/staticInlining 'True' -/trackAllVars 'True' -/useArrayTheoryCheck '1'  
18:08:26.801 [CLI TAE (Master Thread - #0)] ERROR c.u.c.b.a.t.b.c.CommandLineAlgorithmRun - The last 1 lines of output we saw were:
18:08:26.801 [CLI TAE (Master Thread - #0)] ERROR c.u.c.b.a.t.b.c.CommandLineAlgorithmRun - > Result for SMAC: CRASHED, 90000, 0, 0, -1
18:09:37.681 [CLI TAE (Master Thread - #0)] ERROR c.u.c.b.a.t.b.c.CommandLineAlgorithmRun - The following algorithm call failed: cd "/proj/SMACK/smac/example_scenarios/seq_rs" ;  ../wrapper.py /proj/SMACK/sv-benchmarks/c/seq-mthreaded/rekcba_aso_false-unreach-call.2.M4.c 0 121.40363910083772 2147483647 -1 -/bopt:boolControlVC 'True' -/bopt:z3opt:SMT.MBQI 'False' -/deepAsserts 'True' -/di 'False' -/doNotUseLabels 'False' -/noCallTreeReuse 'False' -/noInitPruning 'False' -/nonUniformUnfolding 'True' -/staticInlining 'True' -/trackAllVars 'True' -/useArrayTheoryCheck '1'  
18:09:37.682 [CLI TAE (Master Thread - #0)] ERROR c.u.c.b.a.t.b.c.CommandLineAlgorithmRun - The last 1 lines of output we saw were:
18:09:37.682 [CLI TAE (Master Thread - #0)] ERROR c.u.c.b.a.t.b.c.CommandLineAlgorithmRun - > Result for SMAC: CRASHED, 90000, 0, 0, -1
18:10:27.856 [main] INFO  c.u.c.b.s.c.SequentialModelBasedAlgorithmConfiguration - Updated estimated penalized average runtime (PAR10) of the same incumbent: 8480.159906786856; estimate now based on 74 runs.
19:21:00.835 [CLI TAE (Master Thread - #0)] ERROR c.u.c.b.a.t.b.c.CommandLineAlgorithmRun - The following algorithm call failed: cd "/proj/SMACK/smac/example_scenarios/seq_rs" ;  ../wrapper.py /proj/SMACK/sv-benchmarks/c/systemc/token_ring.10_true-unreach-call_false-termination.cil.c 0 2000.0 2147483647 -1 -/bopt:boolControlVC 'True' -/bopt:z3opt:SMT.MBQI 'True' -/bopt:z3opt:SMT.MBQI.MAX_ITERATIONS '16214' -/deepAsserts 'True' -/di 'True' -/doNotUseLabels 'False' -/noCallTreeReuse 'True' -/noInitPruning 'True' -/nonUniformUnfolding 'True' -/staticInlining 'True' -/trackAllVars 'True' -/useArrayTheoryCheck '0'  
19:21:00.836 [CLI TAE (Master Thread - #0)] ERROR c.u.c.b.a.t.b.c.CommandLineAlgorithmRun - The last 1 lines of output we saw were:
19:21:00.836 [CLI TAE (Master Thread - #0)] ERROR c.u.c.b.a.t.b.c.CommandLineAlgorithmRun - > Result for SMAC: CRASHED, 90000, 0, 0, -1
19:21:12.129 [CLI TAE (Master Thread - #0)] ERROR c.u.c.b.a.t.b.c.CommandLineAlgorithmRun - The following algorithm call failed: cd "/proj/SMACK/smac/example_scenarios/seq_rs" ;  ../wrapper.py /proj/SMACK/sv-benchmarks/c/seq-mthreaded/pals_opt-floodmax.4_false-unreach-call.4.ufo.UNBOUNDED.pals.c 0 80.26638979871869 2147483647 -1 -/bopt:boolControlVC 'True' -/bopt:z3opt:SMT.MBQI 'True' -/bopt:z3opt:SMT.MBQI.MAX_ITERATIONS '16214' -/deepAsserts 'True' -/di 'True' -/doNotUseLabels 'False' -/noCallTreeReuse 'True' -/noInitPruning 'True' -/nonUniformUnfolding 'True' -/staticInlining 'True' -/trackAllVars 'True' -/useArrayTheoryCheck '0'  
19:21:12.130 [CLI TAE (Master Thread - #0)] ERROR c.u.c.b.a.t.b.c.CommandLineAlgorithmRun - The last 1 lines of output we saw were:
19:21:12.130 [CLI TAE (Master Thread - #0)] ERROR c.u.c.b.a.t.b.c.CommandLineAlgorithmRun - > Result for SMAC: CRASHED, 90000, 0, 0, -1
19:52:52.260 [main] INFO  c.u.c.b.s.c.SequentialModelBasedAlgorithmConfiguration - Updated estimated penalized average runtime (PAR10) of the same incumbent: 8783.313593450359; estimate now based on 76 runs.
19:52:52.448 [main] INFO  c.u.c.b.a.t.d.r.c.r.RunHistoryCachingTargetAlgorithmEvaluatorDecorator - RunHistoryCachingTargetAlgorithmEvaluatorDecorator: Cache misses 455, Cache requests 491, Hit Rate 7% 
19:52:52.448 [main] INFO  c.u.c.b.a.e.h.LogRuntimeStatistics - *****Developer Statistics*****
 Count: 39
 Incumbent ID: 54 (internal ID:0x2D487D)
 Number of PISPs for Incumbent: 76
 Number of Instances for Incumbent: 76
 Number of Configurations Run: 73
 Performance of the Incumbent: 8783.314
 Configuration Time Budget used: 2.27E7 s (1%)
 Configuration Time Budget remaining: 2.12E9 s
 Wall-clock Time Budget used: 378307.37 s (100%)
 Wall-clock Time Budget remaining: -307.37 s
 Algorithm Runs used: 491.00  (0%)
 Algorithm Runs remaining: 9.22E18 
 Model/Iteration used: 38.00  (0%)
 Model/Iteration remaining: 2.15E9 
 Sum of Target Algorithm Execution Times (treating minimum value as 0.1): 22709056.827 s
 CPU time of Configurator: 7417.096 s
 User time of Configurator: 7417.095 s
 Outstanding Runs on Target Algorithm Evaluator: 0
 Outstanding Requests on Target Algorithm Evaluator: 0
 Total Reported Algorithm Runtime: 22709056.827 s
 Sum of Measured Wallclock Runtime: 430713.204 s
 Max Memory: 994 MB
 Total Java Memory: 994 MB
 Free Java Memory: 53 MB
 * PISP count is roughly the number of runs, but doesn't included redundant runs on the same problem instance & seed
19:52:52.450 [main] INFO  c.u.c.b.smac.executors.SMACExecutor - 
=======================================================================================
SMAC has finished. Reason: wall-clock time limit (378307.378 s) has been reached.   
Total number of runs performed: 491, total configurations tried: 73.
Total CPU time used: 22716474 s, total wallclock time used: 378307 s.
SMAC's final incumbent: config 54 (internal ID: 0x2D487D), with estimated penalized average runtime (PAR10): 8783.313593450359, based on 76 run(s) on 76 training instance(s).
Sample call for this final incumbent:
cd /proj/SMACK/smac/example_scenarios/seq_rs; ../wrapper.py /proj/SMACK/sv-benchmarks/c/seq-mthreaded/pals_floodmax.5_false-unreach-call.3.ufo.BOUNDED-10.pals_true-termination.c 0 2000.0 2147483647 -1 -/bopt:boolControlVC 'False' -/bopt:z3opt:SMT.MBQI 'True' -/bopt:z3opt:SMT.MBQI.MAX_ITERATIONS '28779' -/deepAsserts 'False' -/di 'False' -/doNotUseLabels 'False' -/noCallTreeReuse 'False' -/noInitPruning 'False' -/nonUniformUnfolding 'False' -/staticInlining 'False' -/trackAllVars 'True' -/useArrayTheoryCheck '1'
=======================================================================================
19:52:52.460 [main] INFO  c.u.c.b.smac.executors.SMACExecutor - 
----------------------------------------------------------------------------------------------------------------------------------------------------------------------------
Additional information about run 94 in:/proj/SMACK/smac/example_scenarios/seq_rs/smac-output/smack-scenario_seq_rs
----------------------------------------------------------------------------------------------------------------------------------------------------------------------------
19:52:52.464 [FileSharingRunHistory Logger ( outputID:94)] INFO  c.u.c.b.a.r.FileSharingRunHistoryDecorator - At shutdown: /proj/SMACK/smac/example_scenarios/seq_rs/smac-output/smack-scenario_seq_rs/live-rundata-94.json had 432 runs added to it
19:52:52.464 [FileSharingRunHistory Logger ( outputID:94)] INFO  c.u.c.b.a.r.FileSharingRunHistoryDecorator - At shutdown: we retrieved atleast 66987 runs and added them to our current data set [live-rundata-1.json=>502, live-rundata-10.json=>487, live-rundata-100.json=>466, live-rundata-101.json=>495, live-rundata-102.json=>409, live-rundata-103.json=>492, live-rundata-104.json=>391, live-rundata-105.json=>448, live-rundata-106.json=>470, live-rundata-107.json=>491, live-rundata-108.json=>539, live-rundata-109.json=>432, live-rundata-11.json=>499, live-rundata-110.json=>450, live-rundata-111.json=>494, live-rundata-112.json=>432, live-rundata-113.json=>401, live-rundata-114.json=>480, live-rundata-115.json=>481, live-rundata-116.json=>460, live-rundata-117.json=>541, live-rundata-118.json=>489, live-rundata-119.json=>504, live-rundata-12.json=>482, live-rundata-120.json=>449, live-rundata-121.json=>503, live-rundata-122.json=>563, live-rundata-123.json=>436, live-rundata-124.json=>449, live-rundata-125.json=>486, live-rundata-126.json=>431, live-rundata-127.json=>505, live-rundata-128.json=>471, live-rundata-129.json=>467, live-rundata-13.json=>558, live-rundata-130.json=>159, live-rundata-131.json=>458, live-rundata-132.json=>424, live-rundata-133.json=>555, live-rundata-134.json=>475, live-rundata-135.json=>439, live-rundata-136.json=>439, live-rundata-137.json=>479, live-rundata-138.json=>443, live-rundata-139.json=>443, live-rundata-14.json=>246, live-rundata-140.json=>442, live-rundata-141.json=>501, live-rundata-142.json=>442, live-rundata-143.json=>494, live-rundata-144.json=>445, live-rundata-145.json=>488, live-rundata-146.json=>473, live-rundata-147.json=>425, live-rundata-148.json=>402, live-rundata-149.json=>509, live-rundata-15.json=>420, live-rundata-150.json=>440, live-rundata-151.json=>511, live-rundata-152.json=>479, live-rundata-153.json=>498, live-rundata-154.json=>403, live-rundata-155.json=>496, live-rundata-156.json=>550, live-rundata-157.json=>428, live-rundata-158.json=>437, live-rundata-159.json=>467, live-rundata-16.json=>491, live-rundata-160.json=>520, live-rundata-17.json=>434, live-rundata-18.json=>432, live-rundata-19.json=>371, live-rundata-2.json=>519, live-rundata-20.json=>558, live-rundata-21.json=>419, live-rundata-22.json=>461, live-rundata-23.json=>429, live-rundata-24.json=>466, live-rundata-25.json=>462, live-rundata-26.json=>432, live-rundata-27.json=>536, live-rundata-28.json=>504, live-rundata-29.json=>428, live-rundata-3.json=>400, live-rundata-30.json=>488, live-rundata-31.json=>441, live-rundata-32.json=>512, live-rundata-33.json=>1, live-rundata-34.json=>0, live-rundata-35.json=>2, live-rundata-36.json=>2, live-rundata-37.json=>396, live-rundata-38.json=>1, live-rundata-39.json=>0, live-rundata-4.json=>408, live-rundata-40.json=>547, live-rundata-41.json=>7, live-rundata-42.json=>479, live-rundata-43.json=>3, live-rundata-44.json=>2, live-rundata-45.json=>17, live-rundata-46.json=>2, live-rundata-47.json=>4, live-rundata-48.json=>428, live-rundata-49.json=>435, live-rundata-5.json=>481, live-rundata-50.json=>540, live-rundata-51.json=>458, live-rundata-52.json=>464, live-rundata-53.json=>431, live-rundata-54.json=>427, live-rundata-55.json=>470, live-rundata-56.json=>404, live-rundata-57.json=>454, live-rundata-58.json=>568, live-rundata-59.json=>470, live-rundata-6.json=>449, live-rundata-60.json=>525, live-rundata-61.json=>431, live-rundata-62.json=>502, live-rundata-63.json=>365, live-rundata-64.json=>405, live-rundata-65.json=>425, live-rundata-66.json=>548, live-rundata-67.json=>490, live-rundata-68.json=>493, live-rundata-69.json=>390, live-rundata-7.json=>430, live-rundata-70.json=>386, live-rundata-71.json=>491, live-rundata-72.json=>372, live-rundata-73.json=>503, live-rundata-74.json=>410, live-rundata-75.json=>71, live-rundata-76.json=>450, live-rundata-77.json=>481, live-rundata-78.json=>412, live-rundata-79.json=>461, live-rundata-8.json=>357, live-rundata-80.json=>448, live-rundata-81.json=>448, live-rundata-82.json=>343, live-rundata-83.json=>474, live-rundata-84.json=>146, live-rundata-85.json=>463, live-rundata-86.json=>519, live-rundata-87.json=>546, live-rundata-88.json=>534, live-rundata-89.json=>498, live-rundata-9.json=>515, live-rundata-90.json=>507, live-rundata-91.json=>456, live-rundata-92.json=>459, live-rundata-93.json=>405, live-rundata-95.json=>384, live-rundata-96.json=>489, live-rundata-97.json=>486, live-rundata-98.json=>486, live-rundata-99.json=>367] which now has 66788 runs (432 local)
