10:51:10.471 [main] INFO  c.u.c.b.a.l.ComplexLoggingOptions - Logging to: /proj/SMACK/smac/example_scenarios/seq_rs/smac-output/smack-scenario_seq_rs/log-run157.txt
10:51:10.483 [main] INFO  c.u.c.b.a.m.version.VersionTracker - Version of Algorithm Execution & Abstraction Toolkit is v2.10.03-master-814 (ebf4c8c913d5) 
10:51:10.484 [main] INFO  c.u.c.b.a.m.version.VersionTracker - Version of Java Runtime Environment is OpenJDK 64-Bit Server VM (1.8.0_162) 
10:51:10.484 [main] INFO  c.u.c.b.a.m.version.VersionTracker - Version of OS is Linux 3.19.0-80-generic (amd64) 
10:51:10.484 [main] INFO  c.u.c.b.a.m.version.VersionTracker - Version of Random Forest Library is v1.10.01-master-120 (b68439c2c391) 
10:51:10.484 [main] INFO  c.u.c.b.a.m.version.VersionTracker - Version of SMAC is v2.10.03-master-778 (3ee628ef9bf2) 
10:51:10.485 [main] INFO  c.u.c.b.a.m.j.JCommanderHelper - Call String: smac --shared-model-mode true --scenario-file smack-scenario_seq_rs.txt --seed 157 --validation false 
10:51:10.485 [main] INFO  c.u.c.b.smac.executors.SMACExecutor - ********** The next bit of output can be ignored, it is merely useful for debugging **********
10:51:10.485 [main] INFO  c.u.c.b.smac.executors.SMACExecutor - ==========Enviroment Variables===========
BOOGIE=mono /mnt/local/smack-project/boogie/Binaries/Boogie.exe
CORRAL=mono /mnt/local/smack-project/corral/bin/Release/corral.exe
HOME=/root
LANG=en_US.UTF-8
LESSCLOSE=/usr/bin/lesspipe %s %s
LESSOPEN=| /usr/bin/lesspipe %s
LOCKPWN=mono /mnt/local/smack-project/lockpwn/Binaries/lockpwn.exe
LOGNAME=root
LS_COLORS=rs=0:di=01;34:ln=01;36:mh=00:pi=40;33:so=01;35:do=01;35:bd=40;33;01:cd=40;33;01:or=40;31;01:su=37;41:sg=30;43:ca=30;41:tw=30;42:ow=34;42:st=37;44:ex=01;32:*.tar=01;31:*.tgz=01;31:*.arj=01;31:*.taz=01;31:*.lzh=01;31:*.lzma=01;31:*.tlz=01;31:*.txz=01;31:*.zip=01;31:*.z=01;31:*.Z=01;31:*.dz=01;31:*.gz=01;31:*.lz=01;31:*.xz=01;31:*.bz2=01;31:*.bz=01;31:*.tbz=01;31:*.tbz2=01;31:*.tz=01;31:*.deb=01;31:*.rpm=01;31:*.jar=01;31:*.war=01;31:*.ear=01;31:*.sar=01;31:*.rar=01;31:*.ace=01;31:*.zoo=01;31:*.cpio=01;31:*.7z=01;31:*.rz=01;31:*.jpg=01;35:*.jpeg=01;35:*.gif=01;35:*.bmp=01;35:*.pbm=01;35:*.pgm=01;35:*.ppm=01;35:*.tga=01;35:*.xbm=01;35:*.xpm=01;35:*.tif=01;35:*.tiff=01;35:*.png=01;35:*.svg=01;35:*.svgz=01;35:*.mng=01;35:*.pcx=01;35:*.mov=01;35:*.mpg=01;35:*.mpeg=01;35:*.m2v=01;35:*.mkv=01;35:*.webm=01;35:*.ogm=01;35:*.mp4=01;35:*.m4v=01;35:*.mp4v=01;35:*.vob=01;35:*.qt=01;35:*.nuv=01;35:*.wmv=01;35:*.asf=01;35:*.rm=01;35:*.rmvb=01;35:*.flc=01;35:*.avi=01;35:*.fli=01;35:*.flv=01;35:*.gl=01;35:*.dl=01;35:*.xcf=01;35:*.xwd=01;35:*.yuv=01;35:*.cgm=01;35:*.emf=01;35:*.axv=01;35:*.anx=01;35:*.ogv=01;35:*.ogx=01;35:*.aac=00;36:*.au=00;36:*.flac=00;36:*.mid=00;36:*.midi=00;36:*.mka=00;36:*.mp3=00;36:*.mpc=00;36:*.ogg=00;36:*.ra=00;36:*.wav=00;36:*.axa=00;36:*.oga=00;36:*.spx=00;36:*.xspf=00;36:
MAIL=/var/mail/root
PATH=/usr/local/sbin:/usr/local/bin:/usr/sbin:/usr/bin:/sbin:/bin:/usr/games:/usr/local/games
PWD=/proj/SMACK/smac/example_scenarios/seq_rs
SHELL=/bin/bash
SHLVL=2
STY=3303.pts-0.node-10
SUDO_COMMAND=/bin/su
SUDO_GID=7938
SUDO_UID=18233
SUDO_USER=ankitagr
SYMBOOGLIX=mono /mnt/local/smack-project/symbooglix/src/SymbooglixDriver/bin/Release/sbx.exe
TERM=screen
TERMCAP=SC|screen|VT 100/ANSI X3.64 virtual terminal:\
	:DO=\E[%dB:LE=\E[%dD:RI=\E[%dC:UP=\E[%dA:bs:bt=\E[Z:\
	:cd=\E[J:ce=\E[K:cl=\E[H\E[J:cm=\E[%i%d;%dH:ct=\E[3g:\
	:do=^J:nd=\E[C:pt:rc=\E8:rs=\Ec:sc=\E7:st=\EH:up=\EM:\
	:le=^H:bl=^G:cr=^M:it#8:ho=\E[H:nw=\EE:ta=^I:is=\E)0:\
	:li#39:co#144:am:xn:xv:LP:sr=\EM:al=\E[L:AL=\E[%dL:\
	:cs=\E[%i%d;%dr:dl=\E[M:DL=\E[%dM:dc=\E[P:DC=\E[%dP:\
	:im=\E[4h:ei=\E[4l:mi:IC=\E[%d@:ks=\E[?1h\E=:\
	:ke=\E[?1l\E>:vi=\E[?25l:ve=\E[34h\E[?25h:vs=\E[34l:\
	:ti=\E[?1049h:te=\E[?1049l:us=\E[4m:ue=\E[24m:so=\E[3m:\
	:se=\E[23m:mb=\E[5m:md=\E[1m:mr=\E[7m:me=\E[m:ms:\
	:Co#8:pa#64:AF=\E[3%dm:AB=\E[4%dm:op=\E[39;49m:AX:\
	:vb=\Eg:G0:as=\E(0:ae=\E(B:\
	:ac=\140\140aaffggjjkkllmmnnooppqqrrssttuuvvwwxxyyzz{{||}}~~..--++,,hhII00:\
	:po=\E[5i:pf=\E[4i:Km=\E[M:k0=\E[10~:k1=\EOP:k2=\EOQ:\
	:k3=\EOR:k4=\EOS:k5=\E[15~:k6=\E[17~:k7=\E[18~:\
	:k8=\E[19~:k9=\E[20~:k;=\E[21~:F1=\E[23~:F2=\E[24~:\
	:F3=\E[1;2P:F4=\E[1;2Q:F5=\E[1;2R:F6=\E[1;2S:\
	:F7=\E[15;2~:F8=\E[17;2~:F9=\E[18;2~:FA=\E[19;2~:kb=:\
	:K2=\EOE:kB=\E[Z:kF=\E[1;2B:kR=\E[1;2A:*4=\E[3;2~:\
	:*7=\E[1;2F:#2=\E[1;2H:#3=\E[2;2~:#4=\E[1;2D:%c=\E[6;2~:\
	:%e=\E[5;2~:%i=\E[1;2C:kh=\E[1~:@1=\E[1~:kH=\E[4~:\
	:@7=\E[4~:kN=\E[6~:kP=\E[5~:kI=\E[2~:kD=\E[3~:ku=\EOA:\
	:kd=\EOB:kr=\EOC:kl=\EOD:km:
USER=root
USERNAME=root
WINDOW=0
XDG_RUNTIME_DIR=/run/user/18233
XDG_SESSION_ID=1

10:51:10.486 [main] INFO  c.u.c.b.smac.executors.SMACExecutor - Hostname:node-10.spare.smack.emulab.net
10:51:10.486 [main] INFO  c.u.c.b.smac.executors.SMACExecutor - ==========System Properties==============
ERRLOG=/proj/SMACK/smac/example_scenarios/seq_rs/smac-output/smack-scenario_seq_rs/log-err157.txt
NUMRUN=157
OUTPUTDIR=/proj/SMACK/smac/example_scenarios/seq_rs/smac-output/smack-scenario_seq_rs
ROOT-LEVEL=INFO
RUNLOG=/proj/SMACK/smac/example_scenarios/seq_rs/smac-output/smack-scenario_seq_rs/log-run157.txt
STDOUT-LEVEL=INFO
WARNLOG=/proj/SMACK/smac/example_scenarios/seq_rs/smac-output/smack-scenario_seq_rs/log-warn157.txt
awt.toolkit=sun.awt.X11.XToolkit
file.encoding=UTF-8
file.encoding.pkg=sun.io
file.separator=/
java.awt.graphicsenv=sun.awt.X11GraphicsEnvironment
java.awt.printerjob=sun.print.PSPrinterJob
java.class.path=/proj/SMACK/smac/conf/:/proj/SMACK/smac/patches/:/proj/SMACK/smac/lib/aeatk.jar:/proj/SMACK/smac/lib/aeatk-src.jar:/proj/SMACK/smac/lib/commons-collections-3.2.1.jar:/proj/SMACK/smac/lib/commons-collections-3.2.1-sources.jar:/proj/SMACK/smac/lib/commons-io-2.1.jar:/proj/SMACK/smac/lib/commons-math-2.2.jar:/proj/SMACK/smac/lib/commons-math3-3.3.jar:/proj/SMACK/smac/lib/DomainInter.jar:/proj/SMACK/smac/lib/exp4j-0.3.10.jar:/proj/SMACK/smac/lib/exp4j-0.4.3.BETA-3.jar:/proj/SMACK/smac/lib/fastrf.jar:/proj/SMACK/smac/lib/fastrf-src.jar:/proj/SMACK/smac/lib/guava-14.0.1.jar:/proj/SMACK/smac/lib/jackson-annotations-2.3.1.jar:/proj/SMACK/smac/lib/jackson-core-2.3.1.jar:/proj/SMACK/smac/lib/jackson-databind-2.3.1.jar:/proj/SMACK/smac/lib/Jama-1.0.2.jar:/proj/SMACK/smac/lib/jcip-annotations.jar:/proj/SMACK/smac/lib/jcip-annotations-src.jar:/proj/SMACK/smac/lib/jcommander.jar:/proj/SMACK/smac/lib/jmatharray.jar:/proj/SMACK/smac/lib/logback-access-1.1.2.jar:/proj/SMACK/smac/lib/logback-classic-1.1.2.jar:/proj/SMACK/smac/lib/logback-core-1.1.2.jar:/proj/SMACK/smac/lib/numerics4j-1.3.jar:/proj/SMACK/smac/lib/opencsv-2.3.jar:/proj/SMACK/smac/lib/slf4j-api-1.7.5.jar:/proj/SMACK/smac/lib/smac.jar:/proj/SMACK/smac/lib/smac-src.jar:/proj/SMACK/smac/lib/spi-0.2.4.jar:/proj/SMACK/smac/*.jar:/proj/SMACK/smac/patches/
java.class.version=52.0
java.endorsed.dirs=/usr/lib/jvm/java-8-openjdk-amd64/jre/lib/endorsed
java.ext.dirs=/usr/lib/jvm/java-8-openjdk-amd64/jre/lib/ext:/usr/java/packages/lib/ext
java.home=/usr/lib/jvm/java-8-openjdk-amd64/jre
java.io.tmpdir=/tmp
java.library.path=/usr/java/packages/lib/amd64:/usr/lib/x86_64-linux-gnu/jni:/lib/x86_64-linux-gnu:/usr/lib/x86_64-linux-gnu:/usr/lib/jni:/lib:/usr/lib
java.runtime.name=OpenJDK Runtime Environment
java.runtime.version=1.8.0_162-8u162-b12-1~14.04-b12
java.specification.name=Java Platform API Specification
java.specification.vendor=Oracle Corporation
java.specification.version=1.8
java.vendor=Oracle Corporation
java.vendor.url=http://java.oracle.com/
java.vendor.url.bug=http://bugreport.sun.com/bugreport/
java.version=1.8.0_162
java.vm.info=mixed mode
java.vm.name=OpenJDK 64-Bit Server VM
java.vm.specification.name=Java Virtual Machine Specification
java.vm.specification.vendor=Oracle Corporation
java.vm.specification.version=1.8
java.vm.vendor=Oracle Corporation
java.vm.version=25.162-b12
line.separator=

logback.configurationFile=ca/ubc/cs/beta/aeatk/logging/complex-logback.xml
os.arch=amd64
os.name=Linux
os.version=3.19.0-80-generic
path.separator=:
sun.arch.data.model=64
sun.boot.class.path=/usr/lib/jvm/java-8-openjdk-amd64/jre/lib/resources.jar:/usr/lib/jvm/java-8-openjdk-amd64/jre/lib/rt.jar:/usr/lib/jvm/java-8-openjdk-amd64/jre/lib/sunrsasign.jar:/usr/lib/jvm/java-8-openjdk-amd64/jre/lib/jsse.jar:/usr/lib/jvm/java-8-openjdk-amd64/jre/lib/jce.jar:/usr/lib/jvm/java-8-openjdk-amd64/jre/lib/charsets.jar:/usr/lib/jvm/java-8-openjdk-amd64/jre/lib/jfr.jar:/usr/lib/jvm/java-8-openjdk-amd64/jre/classes
sun.boot.library.path=/usr/lib/jvm/java-8-openjdk-amd64/jre/lib/amd64
sun.cpu.endian=little
sun.cpu.isalist=
sun.io.unicode.encoding=UnicodeLittle
sun.java.command=ca.ubc.cs.beta.aeatk.ant.execscript.Launcher ca.ubc.cs.beta.smac.executors.SMACExecutor --shared-model-mode true --scenario-file smack-scenario_seq_rs.txt --seed 157 --validation false
sun.java.launcher=SUN_STANDARD
sun.jnu.encoding=UTF-8
sun.management.compiler=HotSpot 64-Bit Tiered Compilers
sun.os.patch.level=unknown
user.country=US
user.dir=/proj/SMACK/smac/example_scenarios/seq_rs
user.home=/root
user.language=en
user.name=root
user.timezone=America/Denver

10:51:10.488 [main] INFO  c.u.c.b.a.m.j.JCommanderHelper - ==========Configuration Options==========
[SMACOptions]
 adaptiveCapping = true
 alwaysRunInitialConfiguration = false
 capAddSlack = 1.0
 capSlack = 1.3
classicInitModeOpts = [ClassicInitializationProcedureOptions]
		 initialIncumbentRuns = 1

dciModeOpts = [DoublingCappingInitializationProcedureOptions]
		 numberOfChallengers = 2
		 numberOfRunsPerChallenger = 2

ucip = [UnbiasChallengerInitializationProcedureOptions]
		 numberOfChallengers = 2
		 numberOfRunsPerChallenger = 2
		 cpulimit = 0

 deterministicInstanceOrdering = false
 doValidation = false
 execMode = SMAC
 experimentDir = /proj/SMACK/smac/example_scenarios/seq_rs/
 expFunc = null
help = [HelpOptions]
		 showHiddenParameters = false
		 showHelp = false
		 helpLevel = BASIC
		 showVersion = false
		 helpDefaults = /root/.aeatk/help.opt

 initialChallengeRuns = 1
 initialIncumbent = DEFAULT
 initializationMode = CLASSIC
 intensificationPercentage = 0.5
 initialChallengers = []
 initialChallengersIntensificationTime = 2147483647
 iterativeCappingBreakOnFirstCompletion = false
 iterativeCappingK = 1
logOptions = [ComplexLoggingOptions]
		 consoleLogLevel = INFO
		 logLevel = INFO

 maxIncumbentRuns = 2000
mbOptions = [ModelBuildingOptions]
		 maskCensoredDataAsKappaMax = false
		 maskInactiveConditionalParametersAsDefaultValue = true
		 maskCensoredDataAsUncensored = false
		 imputationIterations = 2

 modelHashCodeFile = null
 numberOfChallengers = 10
 numberOfRandomConfigsInEI = 10000
 numberOfRandomConfigsUsedForLocalSearch = 0
 numPCA = 7
 optionFile = null
 optionFile2 = null
randomForestOptions = [RandomForestOptions]
		 brokenVarianceCalculation = false
		 freeMemoryPercentageToSubsample = 0.25
		 fullTreeBootstrap = false
		 ignoreConditionality = false
		 imputeMean = false
		 logModel = true
		 minVariance = 1.0E-14
		 numTrees = 10
		 penalizeImputedValues = false
		 preprocessMarginal = true
		 ratioFeatures = 0.8333333333333334
		 shuffleImputedValues = false
		 splitMin = 10
		 storeDataInLeaves = false
		 subsamplePercentage = 0.9
		 subsampleValuesWhenLowMemory = false

runGroupOptions = [RunGroupOptions]
		 runGroupName = %SCENARIO_NAME
		 runGroupExit = false
		 replacementChar = %

scenarioConfig = [ScenarioOptions]
		 _runObj = RUNTIME
		 intraInstanceObj = null
		 interInstanceObj = MEAN
		limitOptions = [TerminationCriteriaOptions]
				 tunerTimeout = 2147483647
				 numIterations = 2147483647
				 runtimeLimit = 378000
				 totalNumRunsLimit = 9223372036854775807
				 countSMACTimeAsTunerTime = true
				 challengeIncumbentAttempts = 1000
				 fileToWatch = null

		instanceOptions = [ProblemInstanceOptions]
				 instanceFile = allseq_rs.txt
				 instanceFeatureFile = null
				 testInstanceFile = Testseq_rs.txt
				 checkInstanceFilesExist = false
				 useInstances = true
				 instanceSuffix = null
				 testInstanceSuffix = null
				 ignoreFeatures = false

		 scenarioFile = /proj/SMACK/smac/example_scenarios/seq_rs/smack-scenario_seq_rs.txt
		 outputDirectory = /proj/SMACK/smac/example_scenarios/seq_rs/smac-output
		 invalidScenarioReason = null
		algoExecOptions = [AlgorithmExecutionOptions]
				 algoExec = ../wrapper.py
				 algoExecDir = /proj/SMACK/smac/example_scenarios/seq_rs
				 deterministic = true
				 cutoffTime = 2000.0
				 cutoffLength = -1.0
				 additionalContext = {}
				taeOpts = [TargetAlgorithmEvaluatorOptions]
						 targetAlgorithmEvaluator = CLI
						 abortOnCrash = false
						 abortOnFirstRunCrash = false
						 retryCount = 0
						 cacheRuns = false
						 cacheDebug = false
						 useDynamicCappingExclusively = false
						 reportStrictlyIncreasingRuntimes = false
						 boundRuns = false
						 maxConcurrentAlgoExecs = 1
						 exitOnFailure = false
						 runHashCodeFile = null
						 leakMemory = false
						 leakMemoryAmount = 1024
						 verifySAT = null
						 checkSATConsistency = true
						 checkSATConsistencyException = true
						 callObserverBeforeCompletion = true
						prePostOptions = [PrePostCommandOptions]
								 preCommand = null
								 postCommand = null
								 exceptionOnError = false
								 logOutput = true
								 directory = /proj/SMACK/smac/example_scenarios/seq_rs/.

						 checkResultOrderConsistent = false
						 skipOutstandingEvaluationsTAE = false
						 logRequestResponses = false
						 logRequestResponsesRCOnly = false
						 trackRunsScheduled = false
						 trackRunsScheduledResolution = 1.0
						 uncleanShutdownCheck = true
						 killCaptimeExceedingRun = true
						 killCaptimeExceedingRunFactor = 10.0
						 checkRunConfigsUnique = true
						 checkRunConfigsUniqueException = true
						 observeWalltimeIfNoRuntime = true
						 observeWalltimeScale = 0.95
						 observeWalltimeDelay = 5.0
						 synchronousObserver = true
						 taeDefaults = /root/.aeatk/tae.opt
						ttaedo = [TransformTargetAlgorithmEvaluatorDecoratorOptions]
								 transform = false
								 transformValidValuesOnly = true
								 SAT_runtime_transform = R
								 SAT_quality_transform = Q
								 UNSAT_runtime_transform = R
								 UNSAT_quality_transform = Q
								 TIMEOUT_runtime_transform = R
								 TIMEOUT_quality_transform = Q
								 other_runtime_transform = R
								 other_quality_transform = Q

						tForkOptions = [ForkingTargetAlgorithmEvaluatorDecoratorOptions]
								 forkToTAE = null
								fPolicyOptions = [ForkingTargetAlgorithmEvaluatorDecoratorPolicyOptions]
										 fPolicy = null
										 duplicateOnSlaveQuickTimeout = 5


						 fileToWatch = null
						 warnIfNoResponseFromTAE = 120
						 taeStopProcessingOnShutdown = true
						 filecache = false
						 fileCacheSource = /proj/SMACK/smac/example_scenarios/seq_rs/./runcache
						 fileCacheOutput = /proj/SMACK/smac/example_scenarios/seq_rs/./runcache
						 fileCacheCrashOnMiss = false
						 transformCrashedQuality = true
						 transformCrashedQualityValue = 1.0E9
						 filterZeroCutoffRuns = true

				paramFileDelegate = [ParamConfigurationSpaceOptions]
						 paramFile = ../params.pcs
						 searchSubspace = null
						 searchSubspaceFile = null
						 continuousNeighbours = 4



seedOptions = [SeedOptions]
		 seedOffset = 0
		 numRun = 157
		 initialSeedMap = {}

 smacDefaults = /root/.aeatk/smac.opt
stateOpts = [StateFactoryOptions]
		 stateSerializer = LEGACY
		 statedeSerializer = LEGACY
		 restoreStateFrom = null
		 restoreIteration = null
		 restoreScenario = null
		 cleanOldStatesOnSuccess = true
		 saveContextWithState = true

trackingOptions = [ParamConfigurationOriginTrackingOptions]
		 configTracking = false

validationOptions = [ValidationOptions]
		 maxTimestamp = -1.0
		 minTimestamp = 0.0
		 multFactor = 2.0
		 numberOfTestInstances = 2147483647
		 numberOfTestSeedsPerInstance = 1000
		 numberOfValidationRuns = 1
		 outputFileSuffix = 
		 saveStateFile = false
		 useWallClockTime = true
		 validateAll = false
		 validateOnlyIfTunerTimeReached = 0.0
		 validateOnlyIfWallTimeReached = 0.0
		 validateOnlyLastIncumbent = true
		 validationHeaders = true
		 validationRoundingMode = UP

warmStartOptions = [WarmStartOptions]
		 warmStartStateFrom = null
		 restoreIteration = 2147483647

 validationSeed = 0
 saveRunsEveryIteration = false
 stateQuickSaves = true
 shutdownTAEWhenDone = true
 validationCores = null
 shareModelMode = true
 shareRunDataFrequency = 300
 shareModeModeTAE = true
 writeRunData = true
 defaultHandler = USE_ALL
 sharedModeModeAssymetricMode = false

[AnalyticTargetAlgorithmEvaluatorOptions]
 simulateDelay = false
 cores = 0
 observerFrequency = 100
 func = CAMELBACK
 scaleDelay = 1.0

[BlackHoleTargetAlgorithmEvaluatorOptions]
 warnings = true

[CommandLineTargetAlgorithmEvaluatorOptions]
 observerFrequency = 500
 concurrentExecution = true
 cores = 1
 logAllCallStrings = false
 logAllResultLines = false
 logAllCallsAndResultLines = false
 logAllProcessOutput = false
 listenForUpdates = true
 paramArgumentsContainQuotes = false
 pgEnvKillCommand = null
 pgNiceKillCommand = bash -c "kill -s TERM -%pid"
 pgForceKillCommand = bash -c "kill -s KILL -%pid"
 procNiceKillCommand = kill -s TERM %pid
 procForceKillCommand = kill -s KILL %pid
 smacDefaults = /root/.aeatk/cli-tae.opt

[ConstantTargetAlgorithmEvaluatorOptions]
 runResult = SAT
 runtime = 1.0
 quality = 0.0
 runlength = 0.0
 additionalRunData = 

[IPCTargetAlgorithmEvaluatorOptions]
 persistent = false
 ipcMechanism = UDP
 encodingMechanism = CALL_STRING
 remoteHost = 127.0.0.1
 remotePort = 5050
 udpPacketSize = 4096
 localPort = 0
 execScript = null
 execScriptOutput = false
 poolConnections = false
 ipcDefaults = /root/.aeatk/ipc-tae.opt
 asyncThreads = 33

[PreloadedResponseTargetAlgorithmEvaluatorOptions]
 preloadedResponses = 
 runLength = -1.0
 quality = 0.0
 additionalRunData = 

[RandomResponseTargetAlgorithmEvaluatorOptions]
 simulateDelay = false
 additionalRunData = 
 cores = 0
 maxResponse = 10.0
 minResponse = 0.0
 observerFrequency = 500
 trendCoefficient = 0.0
 seed = 1526403069733
 persistent = false
 scaleDelay = 1.0


10:51:10.848 [main] INFO  c.u.c.b.s.c.SequentialModelBasedAlgorithmConfiguration - SMAC started at: May 15, 2018 10:51:10 AM. Minimizing penalized average runtime (PAR10).
10:51:17.581 [CLI TAE (Master Thread - #0)] ERROR c.u.c.b.a.t.b.c.CommandLineAlgorithmRun - The following algorithm call failed: cd "/proj/SMACK/smac/example_scenarios/seq_rs" ;  ../wrapper.py /proj/SMACK/sv-benchmarks/c/seq-mthreaded/pals_STARTPALS_Triplicated_false-unreach-call.2.ufo.BOUNDED-10.pals_true-termination.c 0 2000.0 2147483647 -1 -/bopt:boolControlVC 'False' -/bopt:z3opt:SMT.MBQI 'True' -/bopt:z3opt:SMT.MBQI.MAX_ITERATIONS '1000' -/deepAsserts 'False' -/di 'True' -/doNotUseLabels 'False' -/noCallTreeReuse 'False' -/noInitPruning 'False' -/nonUniformUnfolding 'False' -/staticInlining 'True' -/trackAllVars 'True' -/useArrayTheoryCheck '1'  
10:51:17.582 [CLI TAE (Master Thread - #0)] ERROR c.u.c.b.a.t.b.c.CommandLineAlgorithmRun - The last 1 lines of output we saw were:
10:51:17.583 [CLI TAE (Master Thread - #0)] ERROR c.u.c.b.a.t.b.c.CommandLineAlgorithmRun - > Result for SMAC: CRASHED, 90000, 0, 0, -1
10:51:17.585 [CLI TAE Callback Threads (3-1)] WARN  c.u.c.b.a.t.d.s.TimingCheckerTargetAlgorithmEvaluator - Algorithm Run Result reported a runtime of 90000.0 (secs) that exceeded it's cutoff time of 2000.0 (secs) by 88000.0 (secs). Next warning at 88001.0 (secs)  
10:51:17.586 [CLI TAE Callback Threads (3-1)] WARN  c.u.c.b.a.t.d.s.CrashedSolutionQualityTransformingTargetAlgorithmEvaluatorDecorator - Detected CRASHED run. The Solution Quality of CRASHED runs will be transformed to the MAX(quality, 1.0E9), to disable this use --transform-crashed-quality false to change the value use --transform-crashed-quality-value
10:51:19.208 [main] WARN  c.u.c.b.a.r.FileSharingRunHistoryDecorator - Error occurred reading file in shared run history /proj/SMACK/smac/example_scenarios/seq_rs/smac-output/smack-scenario_seq_rs/live-rundata-39.json. We will keep trying to read this file, but will only log another error after it succeeds once. We may not be able to get it's run data but we should be able to continue
com.fasterxml.jackson.core.JsonParseException: Unexpected character ('{' (code 123)): was expecting comma to separate OBJECT entries
 at [Source: /proj/SMACK/smac/example_scenarios/seq_rs/smac-output/smack-scenario_seq_rs/live-rundata-39.json; line: 1721, column: 32]
	at com.fasterxml.jackson.core.JsonParser._constructError(JsonParser.java:1524) ~[jackson-core-2.3.1.jar:2.3.1]
	at com.fasterxml.jackson.core.base.ParserMinimalBase._reportError(ParserMinimalBase.java:557) ~[jackson-core-2.3.1.jar:2.3.1]
	at com.fasterxml.jackson.core.base.ParserMinimalBase._reportUnexpectedChar(ParserMinimalBase.java:475) ~[jackson-core-2.3.1.jar:2.3.1]
	at com.fasterxml.jackson.core.json.UTF8StreamJsonParser.nextToken(UTF8StreamJsonParser.java:688) ~[jackson-core-2.3.1.jar:2.3.1]
	at com.fasterxml.jackson.core.base.ParserMinimalBase.nextValue(ParserMinimalBase.java:123) ~[jackson-core-2.3.1.jar:2.3.1]
	at ca.ubc.cs.beta.aeatk.json.serializers.AlgorithmRunResultJson$AlgorithmRunDeserializer.deserialize(AlgorithmRunResultJson.java:57) ~[aeatk.jar:na]
	at ca.ubc.cs.beta.aeatk.json.serializers.AlgorithmRunResultJson$AlgorithmRunDeserializer.deserialize(AlgorithmRunResultJson.java:30) ~[aeatk.jar:na]
	at com.fasterxml.jackson.databind.MappingIterator.nextValue(MappingIterator.java:189) ~[jackson-databind-2.3.1.jar:2.3.1]
	at ca.ubc.cs.beta.aeatk.runhistory.FileSharingRunHistoryDecorator.readRunsFromFile(FileSharingRunHistoryDecorator.java:421) [aeatk.jar:na]
	at ca.ubc.cs.beta.aeatk.runhistory.FileSharingRunHistoryDecorator.reReadFiles(FileSharingRunHistoryDecorator.java:339) [aeatk.jar:na]
	at ca.ubc.cs.beta.aeatk.runhistory.FileSharingRunHistoryDecorator.append(FileSharingRunHistoryDecorator.java:239) [aeatk.jar:na]
	at ca.ubc.cs.beta.aeatk.runhistory.FileSharingRunHistoryDecorator.append(FileSharingRunHistoryDecorator.java:502) [aeatk.jar:na]
	at ca.ubc.cs.beta.aeatk.runhistory.TeeRunHistory.append(TeeRunHistory.java:33) [aeatk.jar:na]
	at ca.ubc.cs.beta.aeatk.runhistory.ThreadSafeRunHistoryWrapper.append(ThreadSafeRunHistoryWrapper.java:60) [aeatk.jar:na]
	at ca.ubc.cs.beta.aeatk.initialization.classic.ClassicInitializationProcedure.updateRunHistory(ClassicInitializationProcedure.java:156) [aeatk.jar:na]
	at ca.ubc.cs.beta.aeatk.initialization.classic.ClassicInitializationProcedure.evaluateRun(ClassicInitializationProcedure.java:143) [aeatk.jar:na]
	at ca.ubc.cs.beta.aeatk.initialization.classic.ClassicInitializationProcedure.evaluateRun(ClassicInitializationProcedure.java:114) [aeatk.jar:na]
	at ca.ubc.cs.beta.aeatk.initialization.classic.ClassicInitializationProcedure.run(ClassicInitializationProcedure.java:93) [aeatk.jar:na]
	at ca.ubc.cs.beta.smac.configurator.AbstractAlgorithmFramework.run(AbstractAlgorithmFramework.java:516) [smac.jar:na]
	at ca.ubc.cs.beta.smac.executors.SMACExecutor.oldMain(SMACExecutor.java:140) [smac.jar:na]
	at ca.ubc.cs.beta.smac.executors.SMACExecutor.main(SMACExecutor.java:104) [smac.jar:na]
	at sun.reflect.NativeMethodAccessorImpl.invoke0(Native Method) ~[na:1.8.0_162]
	at sun.reflect.NativeMethodAccessorImpl.invoke(NativeMethodAccessorImpl.java:62) ~[na:1.8.0_162]
	at sun.reflect.DelegatingMethodAccessorImpl.invoke(DelegatingMethodAccessorImpl.java:43) ~[na:1.8.0_162]
	at java.lang.reflect.Method.invoke(Method.java:498) ~[na:1.8.0_162]
	at ca.ubc.cs.beta.aeatk.ant.execscript.Launcher.main(Launcher.java:37) [aeatk.jar:na]
10:51:19.677 [main] WARN  c.u.c.b.a.r.FileSharingRunHistoryDecorator - Error occurred reading file in shared run history /proj/SMACK/smac/example_scenarios/seq_rs/smac-output/smack-scenario_seq_rs/live-rundata-34.json. We will keep trying to read this file, but will only log another error after it succeeds once. We may not be able to get it's run data but we should be able to continue
com.fasterxml.jackson.core.JsonParseException: Unexpected character ('{' (code 123)): was expecting comma to separate OBJECT entries
 at [Source: /proj/SMACK/smac/example_scenarios/seq_rs/smac-output/smack-scenario_seq_rs/live-rundata-34.json; line: 1696, column: 3]
	at com.fasterxml.jackson.core.JsonParser._constructError(JsonParser.java:1524) ~[jackson-core-2.3.1.jar:2.3.1]
	at com.fasterxml.jackson.core.base.ParserMinimalBase._reportError(ParserMinimalBase.java:557) ~[jackson-core-2.3.1.jar:2.3.1]
	at com.fasterxml.jackson.core.base.ParserMinimalBase._reportUnexpectedChar(ParserMinimalBase.java:475) ~[jackson-core-2.3.1.jar:2.3.1]
	at com.fasterxml.jackson.core.json.UTF8StreamJsonParser.nextToken(UTF8StreamJsonParser.java:688) ~[jackson-core-2.3.1.jar:2.3.1]
	at com.fasterxml.jackson.core.base.ParserMinimalBase.nextValue(ParserMinimalBase.java:123) ~[jackson-core-2.3.1.jar:2.3.1]
	at ca.ubc.cs.beta.aeatk.json.serializers.AlgorithmRunResultJson$AlgorithmRunDeserializer.deserialize(AlgorithmRunResultJson.java:57) ~[aeatk.jar:na]
	at ca.ubc.cs.beta.aeatk.json.serializers.AlgorithmRunResultJson$AlgorithmRunDeserializer.deserialize(AlgorithmRunResultJson.java:30) ~[aeatk.jar:na]
	at com.fasterxml.jackson.databind.MappingIterator.nextValue(MappingIterator.java:189) ~[jackson-databind-2.3.1.jar:2.3.1]
	at ca.ubc.cs.beta.aeatk.runhistory.FileSharingRunHistoryDecorator.readRunsFromFile(FileSharingRunHistoryDecorator.java:421) [aeatk.jar:na]
	at ca.ubc.cs.beta.aeatk.runhistory.FileSharingRunHistoryDecorator.reReadFiles(FileSharingRunHistoryDecorator.java:339) [aeatk.jar:na]
	at ca.ubc.cs.beta.aeatk.runhistory.FileSharingRunHistoryDecorator.append(FileSharingRunHistoryDecorator.java:239) [aeatk.jar:na]
	at ca.ubc.cs.beta.aeatk.runhistory.FileSharingRunHistoryDecorator.append(FileSharingRunHistoryDecorator.java:502) [aeatk.jar:na]
	at ca.ubc.cs.beta.aeatk.runhistory.TeeRunHistory.append(TeeRunHistory.java:33) [aeatk.jar:na]
	at ca.ubc.cs.beta.aeatk.runhistory.ThreadSafeRunHistoryWrapper.append(ThreadSafeRunHistoryWrapper.java:60) [aeatk.jar:na]
	at ca.ubc.cs.beta.aeatk.initialization.classic.ClassicInitializationProcedure.updateRunHistory(ClassicInitializationProcedure.java:156) [aeatk.jar:na]
	at ca.ubc.cs.beta.aeatk.initialization.classic.ClassicInitializationProcedure.evaluateRun(ClassicInitializationProcedure.java:143) [aeatk.jar:na]
	at ca.ubc.cs.beta.aeatk.initialization.classic.ClassicInitializationProcedure.evaluateRun(ClassicInitializationProcedure.java:114) [aeatk.jar:na]
	at ca.ubc.cs.beta.aeatk.initialization.classic.ClassicInitializationProcedure.run(ClassicInitializationProcedure.java:93) [aeatk.jar:na]
	at ca.ubc.cs.beta.smac.configurator.AbstractAlgorithmFramework.run(AbstractAlgorithmFramework.java:516) [smac.jar:na]
	at ca.ubc.cs.beta.smac.executors.SMACExecutor.oldMain(SMACExecutor.java:140) [smac.jar:na]
	at ca.ubc.cs.beta.smac.executors.SMACExecutor.main(SMACExecutor.java:104) [smac.jar:na]
	at sun.reflect.NativeMethodAccessorImpl.invoke0(Native Method) ~[na:1.8.0_162]
	at sun.reflect.NativeMethodAccessorImpl.invoke(NativeMethodAccessorImpl.java:62) ~[na:1.8.0_162]
	at sun.reflect.DelegatingMethodAccessorImpl.invoke(DelegatingMethodAccessorImpl.java:43) ~[na:1.8.0_162]
	at java.lang.reflect.Method.invoke(Method.java:498) ~[na:1.8.0_162]
	at ca.ubc.cs.beta.aeatk.ant.execscript.Launcher.main(Launcher.java:37) [aeatk.jar:na]
10:51:19.697 [main] INFO  c.u.c.b.a.r.FileSharingRunHistoryDecorator - Detected new source(s) of run data which we will read from : [live-rundata-1.json, live-rundata-10.json, live-rundata-101.json, live-rundata-102.json, live-rundata-103.json, live-rundata-104.json, live-rundata-106.json, live-rundata-107.json, live-rundata-108.json, live-rundata-110.json, live-rundata-113.json, live-rundata-114.json, live-rundata-116.json, live-rundata-117.json, live-rundata-118.json, live-rundata-119.json, live-rundata-12.json, live-rundata-120.json, live-rundata-121.json, live-rundata-122.json, live-rundata-123.json, live-rundata-124.json, live-rundata-125.json, live-rundata-126.json, live-rundata-127.json, live-rundata-128.json, live-rundata-129.json, live-rundata-130.json, live-rundata-131.json, live-rundata-132.json, live-rundata-133.json, live-rundata-134.json, live-rundata-135.json, live-rundata-137.json, live-rundata-138.json, live-rundata-139.json, live-rundata-14.json, live-rundata-140.json, live-rundata-141.json, live-rundata-142.json, live-rundata-143.json, live-rundata-144.json, live-rundata-146.json, live-rundata-148.json, live-rundata-149.json, live-rundata-15.json, live-rundata-151.json, live-rundata-154.json, live-rundata-156.json, live-rundata-158.json, live-rundata-159.json, live-rundata-16.json, live-rundata-17.json, live-rundata-18.json, live-rundata-19.json, live-rundata-20.json, live-rundata-21.json, live-rundata-23.json, live-rundata-24.json, live-rundata-25.json, live-rundata-26.json, live-rundata-27.json, live-rundata-28.json, live-rundata-29.json, live-rundata-30.json, live-rundata-31.json, live-rundata-32.json, live-rundata-33.json, live-rundata-35.json, live-rundata-36.json, live-rundata-37.json, live-rundata-38.json, live-rundata-4.json, live-rundata-40.json, live-rundata-41.json, live-rundata-43.json, live-rundata-44.json, live-rundata-45.json, live-rundata-46.json, live-rundata-47.json, live-rundata-49.json, live-rundata-5.json, live-rundata-50.json, live-rundata-51.json, live-rundata-52.json, live-rundata-53.json, live-rundata-54.json, live-rundata-56.json, live-rundata-57.json, live-rundata-59.json, live-rundata-6.json, live-rundata-60.json, live-rundata-61.json, live-rundata-62.json, live-rundata-63.json, live-rundata-65.json, live-rundata-66.json, live-rundata-67.json, live-rundata-68.json, live-rundata-7.json, live-rundata-70.json, live-rundata-71.json, live-rundata-72.json, live-rundata-73.json, live-rundata-74.json, live-rundata-75.json, live-rundata-76.json, live-rundata-77.json, live-rundata-78.json, live-rundata-8.json, live-rundata-81.json, live-rundata-83.json, live-rundata-84.json, live-rundata-86.json, live-rundata-87.json, live-rundata-88.json, live-rundata-89.json, live-rundata-9.json, live-rundata-90.json, live-rundata-91.json, live-rundata-92.json, live-rundata-93.json, live-rundata-95.json, live-rundata-96.json, live-rundata-97.json, live-rundata-98.json, live-rundata-99.json]
10:51:19.721 [main] INFO  c.u.c.b.s.c.SequentialModelBasedAlgorithmConfiguration - First incumbent: config 1 (internal ID: 0x000B), with penalized average runtime (PAR10): 20000.0; estimate based on 1 runs.
10:51:19.735 [main] INFO  c.u.c.b.s.c.SequentialModelBasedAlgorithmConfiguration - Sample call for new incumbent config 1 (internal ID: 0x000B): 
cd /proj/SMACK/smac/example_scenarios/seq_rs; ../wrapper.py /proj/SMACK/sv-benchmarks/c/seq-mthreaded/pals_STARTPALS_Triplicated_false-unreach-call.2.ufo.BOUNDED-10.pals_true-termination.c 0 2000.0 2147483647 -1 -/bopt:boolControlVC 'False' -/bopt:z3opt:SMT.MBQI 'True' -/bopt:z3opt:SMT.MBQI.MAX_ITERATIONS '1000' -/deepAsserts 'False' -/di 'True' -/doNotUseLabels 'False' -/noCallTreeReuse 'False' -/noInitPruning 'False' -/nonUniformUnfolding 'False' -/staticInlining 'True' -/trackAllVars 'True' -/useArrayTheoryCheck '1'  
10:51:20.652 [main] INFO  c.u.c.b.s.c.SequentialModelBasedAlgorithmConfiguration - Updated estimated penalized average runtime (PAR10) of the same incumbent: 20000.0; estimate now based on 2 runs.
11:22:43.405 [main] WARN  c.u.c.b.a.r.FileSharingRunHistoryDecorator - Error occurred reading file in shared run history /proj/SMACK/smac/example_scenarios/seq_rs/smac-output/smack-scenario_seq_rs/live-rundata-44.json. We will keep trying to read this file, but will only log another error after it succeeds once. We may not be able to get it's run data but we should be able to continue
java.lang.RuntimeException: Illegal character ((CTRL-CHAR, code 0)): only regular white space (\r, \n, \t) is allowed between tokens
 at [Source: /proj/SMACK/smac/example_scenarios/seq_rs/smac-output/smack-scenario_seq_rs/live-rundata-44.json; line: 1764, column: 3]
	at com.fasterxml.jackson.databind.MappingIterator.hasNext(MappingIterator.java:112) ~[jackson-databind-2.3.1.jar:2.3.1]
	at ca.ubc.cs.beta.aeatk.runhistory.FileSharingRunHistoryDecorator.readRunsFromFile(FileSharingRunHistoryDecorator.java:418) [aeatk.jar:na]
	at ca.ubc.cs.beta.aeatk.runhistory.FileSharingRunHistoryDecorator.reReadFiles(FileSharingRunHistoryDecorator.java:339) [aeatk.jar:na]
	at ca.ubc.cs.beta.aeatk.runhistory.FileSharingRunHistoryDecorator.append(FileSharingRunHistoryDecorator.java:239) [aeatk.jar:na]
	at ca.ubc.cs.beta.aeatk.runhistory.FileSharingRunHistoryDecorator.append(FileSharingRunHistoryDecorator.java:502) [aeatk.jar:na]
	at ca.ubc.cs.beta.aeatk.runhistory.TeeRunHistory.append(TeeRunHistory.java:33) [aeatk.jar:na]
	at ca.ubc.cs.beta.aeatk.runhistory.ThreadSafeRunHistoryWrapper.append(ThreadSafeRunHistoryWrapper.java:60) [aeatk.jar:na]
	at ca.ubc.cs.beta.smac.configurator.AbstractAlgorithmFramework.updateRunHistory(AbstractAlgorithmFramework.java:1229) [smac.jar:na]
	at ca.ubc.cs.beta.smac.configurator.AbstractAlgorithmFramework.evaluateRun(AbstractAlgorithmFramework.java:1279) [smac.jar:na]
	at ca.ubc.cs.beta.smac.configurator.AbstractAlgorithmFramework.challengeIncumbent(AbstractAlgorithmFramework.java:948) [smac.jar:na]
	at ca.ubc.cs.beta.smac.configurator.AbstractAlgorithmFramework.challengeIncumbent(AbstractAlgorithmFramework.java:778) [smac.jar:na]
	at ca.ubc.cs.beta.smac.configurator.AbstractAlgorithmFramework.intensify(AbstractAlgorithmFramework.java:766) [smac.jar:na]
	at ca.ubc.cs.beta.smac.configurator.AbstractAlgorithmFramework.run(AbstractAlgorithmFramework.java:580) [smac.jar:na]
	at ca.ubc.cs.beta.smac.executors.SMACExecutor.oldMain(SMACExecutor.java:140) [smac.jar:na]
	at ca.ubc.cs.beta.smac.executors.SMACExecutor.main(SMACExecutor.java:104) [smac.jar:na]
	at sun.reflect.NativeMethodAccessorImpl.invoke0(Native Method) ~[na:1.8.0_162]
	at sun.reflect.NativeMethodAccessorImpl.invoke(NativeMethodAccessorImpl.java:62) ~[na:1.8.0_162]
	at sun.reflect.DelegatingMethodAccessorImpl.invoke(DelegatingMethodAccessorImpl.java:43) ~[na:1.8.0_162]
	at java.lang.reflect.Method.invoke(Method.java:498) ~[na:1.8.0_162]
	at ca.ubc.cs.beta.aeatk.ant.execscript.Launcher.main(Launcher.java:37) [aeatk.jar:na]
Caused by: com.fasterxml.jackson.core.JsonParseException: Illegal character ((CTRL-CHAR, code 0)): only regular white space (\r, \n, \t) is allowed between tokens
 at [Source: /proj/SMACK/smac/example_scenarios/seq_rs/smac-output/smack-scenario_seq_rs/live-rundata-44.json; line: 1764, column: 3]
	at com.fasterxml.jackson.core.JsonParser._constructError(JsonParser.java:1524) ~[jackson-core-2.3.1.jar:2.3.1]
	at com.fasterxml.jackson.core.base.ParserMinimalBase._reportError(ParserMinimalBase.java:557) ~[jackson-core-2.3.1.jar:2.3.1]
	at com.fasterxml.jackson.core.base.ParserMinimalBase._throwInvalidSpace(ParserMinimalBase.java:503) ~[jackson-core-2.3.1.jar:2.3.1]
	at com.fasterxml.jackson.core.json.UTF8StreamJsonParser._reportInvalidChar(UTF8StreamJsonParser.java:3103) ~[jackson-core-2.3.1.jar:2.3.1]
	at com.fasterxml.jackson.core.json.UTF8StreamJsonParser._skipWSOrEnd(UTF8StreamJsonParser.java:2585) ~[jackson-core-2.3.1.jar:2.3.1]
	at com.fasterxml.jackson.core.json.UTF8StreamJsonParser.nextToken(UTF8StreamJsonParser.java:650) ~[jackson-core-2.3.1.jar:2.3.1]
	at com.fasterxml.jackson.databind.MappingIterator.hasNextValue(MappingIterator.java:159) ~[jackson-databind-2.3.1.jar:2.3.1]
	at com.fasterxml.jackson.databind.MappingIterator.hasNext(MappingIterator.java:108) ~[jackson-databind-2.3.1.jar:2.3.1]
	... 19 common frames omitted
11:22:43.586 [main] WARN  c.u.c.b.a.r.FileSharingRunHistoryDecorator - Error occurred reading file in shared run history /proj/SMACK/smac/example_scenarios/seq_rs/smac-output/smack-scenario_seq_rs/live-rundata-36.json. We will keep trying to read this file, but will only log another error after it succeeds once. We may not be able to get it's run data but we should be able to continue
java.lang.RuntimeException: Unrecognized token 'algo': was expecting ('true', 'false' or 'null')
 at [Source: /proj/SMACK/smac/example_scenarios/seq_rs/smac-output/smack-scenario_seq_rs/live-rundata-36.json; line: 1764, column: 7]
	at com.fasterxml.jackson.databind.MappingIterator.hasNext(MappingIterator.java:112) ~[jackson-databind-2.3.1.jar:2.3.1]
	at ca.ubc.cs.beta.aeatk.runhistory.FileSharingRunHistoryDecorator.readRunsFromFile(FileSharingRunHistoryDecorator.java:418) [aeatk.jar:na]
	at ca.ubc.cs.beta.aeatk.runhistory.FileSharingRunHistoryDecorator.reReadFiles(FileSharingRunHistoryDecorator.java:339) [aeatk.jar:na]
	at ca.ubc.cs.beta.aeatk.runhistory.FileSharingRunHistoryDecorator.append(FileSharingRunHistoryDecorator.java:239) [aeatk.jar:na]
	at ca.ubc.cs.beta.aeatk.runhistory.FileSharingRunHistoryDecorator.append(FileSharingRunHistoryDecorator.java:502) [aeatk.jar:na]
	at ca.ubc.cs.beta.aeatk.runhistory.TeeRunHistory.append(TeeRunHistory.java:33) [aeatk.jar:na]
	at ca.ubc.cs.beta.aeatk.runhistory.ThreadSafeRunHistoryWrapper.append(ThreadSafeRunHistoryWrapper.java:60) [aeatk.jar:na]
	at ca.ubc.cs.beta.smac.configurator.AbstractAlgorithmFramework.updateRunHistory(AbstractAlgorithmFramework.java:1229) [smac.jar:na]
	at ca.ubc.cs.beta.smac.configurator.AbstractAlgorithmFramework.evaluateRun(AbstractAlgorithmFramework.java:1279) [smac.jar:na]
	at ca.ubc.cs.beta.smac.configurator.AbstractAlgorithmFramework.challengeIncumbent(AbstractAlgorithmFramework.java:948) [smac.jar:na]
	at ca.ubc.cs.beta.smac.configurator.AbstractAlgorithmFramework.challengeIncumbent(AbstractAlgorithmFramework.java:778) [smac.jar:na]
	at ca.ubc.cs.beta.smac.configurator.AbstractAlgorithmFramework.intensify(AbstractAlgorithmFramework.java:766) [smac.jar:na]
	at ca.ubc.cs.beta.smac.configurator.AbstractAlgorithmFramework.run(AbstractAlgorithmFramework.java:580) [smac.jar:na]
	at ca.ubc.cs.beta.smac.executors.SMACExecutor.oldMain(SMACExecutor.java:140) [smac.jar:na]
	at ca.ubc.cs.beta.smac.executors.SMACExecutor.main(SMACExecutor.java:104) [smac.jar:na]
	at sun.reflect.NativeMethodAccessorImpl.invoke0(Native Method) ~[na:1.8.0_162]
	at sun.reflect.NativeMethodAccessorImpl.invoke(NativeMethodAccessorImpl.java:62) ~[na:1.8.0_162]
	at sun.reflect.DelegatingMethodAccessorImpl.invoke(DelegatingMethodAccessorImpl.java:43) ~[na:1.8.0_162]
	at java.lang.reflect.Method.invoke(Method.java:498) ~[na:1.8.0_162]
	at ca.ubc.cs.beta.aeatk.ant.execscript.Launcher.main(Launcher.java:37) [aeatk.jar:na]
Caused by: com.fasterxml.jackson.core.JsonParseException: Unrecognized token 'algo': was expecting ('true', 'false' or 'null')
 at [Source: /proj/SMACK/smac/example_scenarios/seq_rs/smac-output/smack-scenario_seq_rs/live-rundata-36.json; line: 1764, column: 7]
	at com.fasterxml.jackson.core.JsonParser._constructError(JsonParser.java:1524) ~[jackson-core-2.3.1.jar:2.3.1]
	at com.fasterxml.jackson.core.base.ParserMinimalBase._reportError(ParserMinimalBase.java:557) ~[jackson-core-2.3.1.jar:2.3.1]
	at com.fasterxml.jackson.core.json.UTF8StreamJsonParser._reportInvalidToken(UTF8StreamJsonParser.java:3095) ~[jackson-core-2.3.1.jar:2.3.1]
	at com.fasterxml.jackson.core.json.UTF8StreamJsonParser._handleUnexpectedValue(UTF8StreamJsonParser.java:2340) ~[jackson-core-2.3.1.jar:2.3.1]
	at com.fasterxml.jackson.core.json.UTF8StreamJsonParser._nextTokenNotInObject(UTF8StreamJsonParser.java:818) ~[jackson-core-2.3.1.jar:2.3.1]
	at com.fasterxml.jackson.core.json.UTF8StreamJsonParser.nextToken(UTF8StreamJsonParser.java:698) ~[jackson-core-2.3.1.jar:2.3.1]
	at com.fasterxml.jackson.databind.MappingIterator.hasNextValue(MappingIterator.java:159) ~[jackson-databind-2.3.1.jar:2.3.1]
	at com.fasterxml.jackson.databind.MappingIterator.hasNext(MappingIterator.java:108) ~[jackson-databind-2.3.1.jar:2.3.1]
	... 19 common frames omitted
11:22:43.658 [main] WARN  c.u.c.b.a.r.FileSharingRunHistoryDecorator - Error occurred reading file in shared run history /proj/SMACK/smac/example_scenarios/seq_rs/smac-output/smack-scenario_seq_rs/live-rundata-33.json. We will keep trying to read this file, but will only log another error after it succeeds once. We may not be able to get it's run data but we should be able to continue
java.lang.RuntimeException: Unexpected close marker '}': expected ']' (for ROOT starting at [Source: /proj/SMACK/smac/example_scenarios/seq_rs/smac-output/smack-scenario_seq_rs/live-rundata-33.json; line: 1, column: 0])
 at [Source: /proj/SMACK/smac/example_scenarios/seq_rs/smac-output/smack-scenario_seq_rs/live-rundata-33.json; line: 1722, column: 3]
	at com.fasterxml.jackson.databind.MappingIterator.hasNext(MappingIterator.java:112) ~[jackson-databind-2.3.1.jar:2.3.1]
	at ca.ubc.cs.beta.aeatk.runhistory.FileSharingRunHistoryDecorator.readRunsFromFile(FileSharingRunHistoryDecorator.java:418) [aeatk.jar:na]
	at ca.ubc.cs.beta.aeatk.runhistory.FileSharingRunHistoryDecorator.reReadFiles(FileSharingRunHistoryDecorator.java:339) [aeatk.jar:na]
	at ca.ubc.cs.beta.aeatk.runhistory.FileSharingRunHistoryDecorator.append(FileSharingRunHistoryDecorator.java:239) [aeatk.jar:na]
	at ca.ubc.cs.beta.aeatk.runhistory.FileSharingRunHistoryDecorator.append(FileSharingRunHistoryDecorator.java:502) [aeatk.jar:na]
	at ca.ubc.cs.beta.aeatk.runhistory.TeeRunHistory.append(TeeRunHistory.java:33) [aeatk.jar:na]
	at ca.ubc.cs.beta.aeatk.runhistory.ThreadSafeRunHistoryWrapper.append(ThreadSafeRunHistoryWrapper.java:60) [aeatk.jar:na]
	at ca.ubc.cs.beta.smac.configurator.AbstractAlgorithmFramework.updateRunHistory(AbstractAlgorithmFramework.java:1229) [smac.jar:na]
	at ca.ubc.cs.beta.smac.configurator.AbstractAlgorithmFramework.evaluateRun(AbstractAlgorithmFramework.java:1279) [smac.jar:na]
	at ca.ubc.cs.beta.smac.configurator.AbstractAlgorithmFramework.challengeIncumbent(AbstractAlgorithmFramework.java:948) [smac.jar:na]
	at ca.ubc.cs.beta.smac.configurator.AbstractAlgorithmFramework.challengeIncumbent(AbstractAlgorithmFramework.java:778) [smac.jar:na]
	at ca.ubc.cs.beta.smac.configurator.AbstractAlgorithmFramework.intensify(AbstractAlgorithmFramework.java:766) [smac.jar:na]
	at ca.ubc.cs.beta.smac.configurator.AbstractAlgorithmFramework.run(AbstractAlgorithmFramework.java:580) [smac.jar:na]
	at ca.ubc.cs.beta.smac.executors.SMACExecutor.oldMain(SMACExecutor.java:140) [smac.jar:na]
	at ca.ubc.cs.beta.smac.executors.SMACExecutor.main(SMACExecutor.java:104) [smac.jar:na]
	at sun.reflect.NativeMethodAccessorImpl.invoke0(Native Method) ~[na:1.8.0_162]
	at sun.reflect.NativeMethodAccessorImpl.invoke(NativeMethodAccessorImpl.java:62) ~[na:1.8.0_162]
	at sun.reflect.DelegatingMethodAccessorImpl.invoke(DelegatingMethodAccessorImpl.java:43) ~[na:1.8.0_162]
	at java.lang.reflect.Method.invoke(Method.java:498) ~[na:1.8.0_162]
	at ca.ubc.cs.beta.aeatk.ant.execscript.Launcher.main(Launcher.java:37) [aeatk.jar:na]
Caused by: com.fasterxml.jackson.core.JsonParseException: Unexpected close marker '}': expected ']' (for ROOT starting at [Source: /proj/SMACK/smac/example_scenarios/seq_rs/smac-output/smack-scenario_seq_rs/live-rundata-33.json; line: 1, column: 0])
 at [Source: /proj/SMACK/smac/example_scenarios/seq_rs/smac-output/smack-scenario_seq_rs/live-rundata-33.json; line: 1722, column: 3]
	at com.fasterxml.jackson.core.JsonParser._constructError(JsonParser.java:1524) ~[jackson-core-2.3.1.jar:2.3.1]
	at com.fasterxml.jackson.core.base.ParserMinimalBase._reportError(ParserMinimalBase.java:557) ~[jackson-core-2.3.1.jar:2.3.1]
	at com.fasterxml.jackson.core.base.ParserBase._reportMismatchedEndMarker(ParserBase.java:501) ~[jackson-core-2.3.1.jar:2.3.1]
	at com.fasterxml.jackson.core.json.UTF8StreamJsonParser.nextToken(UTF8StreamJsonParser.java:679) ~[jackson-core-2.3.1.jar:2.3.1]
	at com.fasterxml.jackson.databind.MappingIterator.hasNextValue(MappingIterator.java:159) ~[jackson-databind-2.3.1.jar:2.3.1]
	at com.fasterxml.jackson.databind.MappingIterator.hasNext(MappingIterator.java:108) ~[jackson-databind-2.3.1.jar:2.3.1]
	... 19 common frames omitted
11:22:43.826 [main] WARN  c.u.c.b.a.r.FileSharingRunHistoryDecorator - Error occurred reading file in shared run history /proj/SMACK/smac/example_scenarios/seq_rs/smac-output/smack-scenario_seq_rs/live-rundata-45.json. We will keep trying to read this file, but will only log another error after it succeeds once. We may not be able to get it's run data but we should be able to continue
java.lang.RuntimeException: Unexpected character (':' (code 58)): expected a valid value (number, String, array, object, 'true', 'false' or 'null')
 at [Source: /proj/SMACK/smac/example_scenarios/seq_rs/smac-output/smack-scenario_seq_rs/live-rundata-45.json; line: 1854, column: 4]
	at com.fasterxml.jackson.databind.MappingIterator.hasNext(MappingIterator.java:112) ~[jackson-databind-2.3.1.jar:2.3.1]
	at ca.ubc.cs.beta.aeatk.runhistory.FileSharingRunHistoryDecorator.readRunsFromFile(FileSharingRunHistoryDecorator.java:418) [aeatk.jar:na]
	at ca.ubc.cs.beta.aeatk.runhistory.FileSharingRunHistoryDecorator.reReadFiles(FileSharingRunHistoryDecorator.java:339) [aeatk.jar:na]
	at ca.ubc.cs.beta.aeatk.runhistory.FileSharingRunHistoryDecorator.append(FileSharingRunHistoryDecorator.java:239) [aeatk.jar:na]
	at ca.ubc.cs.beta.aeatk.runhistory.FileSharingRunHistoryDecorator.append(FileSharingRunHistoryDecorator.java:502) [aeatk.jar:na]
	at ca.ubc.cs.beta.aeatk.runhistory.TeeRunHistory.append(TeeRunHistory.java:33) [aeatk.jar:na]
	at ca.ubc.cs.beta.aeatk.runhistory.ThreadSafeRunHistoryWrapper.append(ThreadSafeRunHistoryWrapper.java:60) [aeatk.jar:na]
	at ca.ubc.cs.beta.smac.configurator.AbstractAlgorithmFramework.updateRunHistory(AbstractAlgorithmFramework.java:1229) [smac.jar:na]
	at ca.ubc.cs.beta.smac.configurator.AbstractAlgorithmFramework.evaluateRun(AbstractAlgorithmFramework.java:1279) [smac.jar:na]
	at ca.ubc.cs.beta.smac.configurator.AbstractAlgorithmFramework.challengeIncumbent(AbstractAlgorithmFramework.java:948) [smac.jar:na]
	at ca.ubc.cs.beta.smac.configurator.AbstractAlgorithmFramework.challengeIncumbent(AbstractAlgorithmFramework.java:778) [smac.jar:na]
	at ca.ubc.cs.beta.smac.configurator.AbstractAlgorithmFramework.intensify(AbstractAlgorithmFramework.java:766) [smac.jar:na]
	at ca.ubc.cs.beta.smac.configurator.AbstractAlgorithmFramework.run(AbstractAlgorithmFramework.java:580) [smac.jar:na]
	at ca.ubc.cs.beta.smac.executors.SMACExecutor.oldMain(SMACExecutor.java:140) [smac.jar:na]
	at ca.ubc.cs.beta.smac.executors.SMACExecutor.main(SMACExecutor.java:104) [smac.jar:na]
	at sun.reflect.NativeMethodAccessorImpl.invoke0(Native Method) ~[na:1.8.0_162]
	at sun.reflect.NativeMethodAccessorImpl.invoke(NativeMethodAccessorImpl.java:62) ~[na:1.8.0_162]
	at sun.reflect.DelegatingMethodAccessorImpl.invoke(DelegatingMethodAccessorImpl.java:43) ~[na:1.8.0_162]
	at java.lang.reflect.Method.invoke(Method.java:498) ~[na:1.8.0_162]
	at ca.ubc.cs.beta.aeatk.ant.execscript.Launcher.main(Launcher.java:37) [aeatk.jar:na]
Caused by: com.fasterxml.jackson.core.JsonParseException: Unexpected character (':' (code 58)): expected a valid value (number, String, array, object, 'true', 'false' or 'null')
 at [Source: /proj/SMACK/smac/example_scenarios/seq_rs/smac-output/smack-scenario_seq_rs/live-rundata-45.json; line: 1854, column: 4]
	at com.fasterxml.jackson.core.JsonParser._constructError(JsonParser.java:1524) ~[jackson-core-2.3.1.jar:2.3.1]
	at com.fasterxml.jackson.core.base.ParserMinimalBase._reportError(ParserMinimalBase.java:557) ~[jackson-core-2.3.1.jar:2.3.1]
	at com.fasterxml.jackson.core.base.ParserMinimalBase._reportUnexpectedChar(ParserMinimalBase.java:475) ~[jackson-core-2.3.1.jar:2.3.1]
	at com.fasterxml.jackson.core.json.UTF8StreamJsonParser._handleUnexpectedValue(UTF8StreamJsonParser.java:2343) ~[jackson-core-2.3.1.jar:2.3.1]
	at com.fasterxml.jackson.core.json.UTF8StreamJsonParser._nextTokenNotInObject(UTF8StreamJsonParser.java:818) ~[jackson-core-2.3.1.jar:2.3.1]
	at com.fasterxml.jackson.core.json.UTF8StreamJsonParser.nextToken(UTF8StreamJsonParser.java:698) ~[jackson-core-2.3.1.jar:2.3.1]
	at com.fasterxml.jackson.databind.MappingIterator.hasNextValue(MappingIterator.java:159) ~[jackson-databind-2.3.1.jar:2.3.1]
	at com.fasterxml.jackson.databind.MappingIterator.hasNext(MappingIterator.java:108) ~[jackson-databind-2.3.1.jar:2.3.1]
	... 19 common frames omitted
11:22:43.927 [main] WARN  c.u.c.b.a.r.FileSharingRunHistoryDecorator - Error occurred reading file in shared run history /proj/SMACK/smac/example_scenarios/seq_rs/smac-output/smack-scenario_seq_rs/live-rundata-35.json. We will keep trying to read this file, but will only log another error after it succeeds once. We may not be able to get it's run data but we should be able to continue
com.fasterxml.jackson.core.JsonParseException: Unexpected character ('{' (code 123)): was expecting comma to separate OBJECT entries
 at [Source: /proj/SMACK/smac/example_scenarios/seq_rs/smac-output/smack-scenario_seq_rs/live-rundata-35.json; line: 1722, column: 3]
	at com.fasterxml.jackson.core.JsonParser._constructError(JsonParser.java:1524) ~[jackson-core-2.3.1.jar:2.3.1]
	at com.fasterxml.jackson.core.base.ParserMinimalBase._reportError(ParserMinimalBase.java:557) ~[jackson-core-2.3.1.jar:2.3.1]
	at com.fasterxml.jackson.core.base.ParserMinimalBase._reportUnexpectedChar(ParserMinimalBase.java:475) ~[jackson-core-2.3.1.jar:2.3.1]
	at com.fasterxml.jackson.core.json.UTF8StreamJsonParser.nextToken(UTF8StreamJsonParser.java:688) ~[jackson-core-2.3.1.jar:2.3.1]
	at com.fasterxml.jackson.core.base.ParserMinimalBase.nextValue(ParserMinimalBase.java:123) ~[jackson-core-2.3.1.jar:2.3.1]
	at ca.ubc.cs.beta.aeatk.json.serializers.AlgorithmRunResultJson$AlgorithmRunDeserializer.deserialize(AlgorithmRunResultJson.java:57) ~[aeatk.jar:na]
	at ca.ubc.cs.beta.aeatk.json.serializers.AlgorithmRunResultJson$AlgorithmRunDeserializer.deserialize(AlgorithmRunResultJson.java:30) ~[aeatk.jar:na]
	at com.fasterxml.jackson.databind.MappingIterator.nextValue(MappingIterator.java:189) ~[jackson-databind-2.3.1.jar:2.3.1]
	at ca.ubc.cs.beta.aeatk.runhistory.FileSharingRunHistoryDecorator.readRunsFromFile(FileSharingRunHistoryDecorator.java:421) [aeatk.jar:na]
	at ca.ubc.cs.beta.aeatk.runhistory.FileSharingRunHistoryDecorator.reReadFiles(FileSharingRunHistoryDecorator.java:339) [aeatk.jar:na]
	at ca.ubc.cs.beta.aeatk.runhistory.FileSharingRunHistoryDecorator.append(FileSharingRunHistoryDecorator.java:239) [aeatk.jar:na]
	at ca.ubc.cs.beta.aeatk.runhistory.FileSharingRunHistoryDecorator.append(FileSharingRunHistoryDecorator.java:502) [aeatk.jar:na]
	at ca.ubc.cs.beta.aeatk.runhistory.TeeRunHistory.append(TeeRunHistory.java:33) [aeatk.jar:na]
	at ca.ubc.cs.beta.aeatk.runhistory.ThreadSafeRunHistoryWrapper.append(ThreadSafeRunHistoryWrapper.java:60) [aeatk.jar:na]
	at ca.ubc.cs.beta.smac.configurator.AbstractAlgorithmFramework.updateRunHistory(AbstractAlgorithmFramework.java:1229) [smac.jar:na]
	at ca.ubc.cs.beta.smac.configurator.AbstractAlgorithmFramework.evaluateRun(AbstractAlgorithmFramework.java:1279) [smac.jar:na]
	at ca.ubc.cs.beta.smac.configurator.AbstractAlgorithmFramework.challengeIncumbent(AbstractAlgorithmFramework.java:948) [smac.jar:na]
	at ca.ubc.cs.beta.smac.configurator.AbstractAlgorithmFramework.challengeIncumbent(AbstractAlgorithmFramework.java:778) [smac.jar:na]
	at ca.ubc.cs.beta.smac.configurator.AbstractAlgorithmFramework.intensify(AbstractAlgorithmFramework.java:766) [smac.jar:na]
	at ca.ubc.cs.beta.smac.configurator.AbstractAlgorithmFramework.run(AbstractAlgorithmFramework.java:580) [smac.jar:na]
	at ca.ubc.cs.beta.smac.executors.SMACExecutor.oldMain(SMACExecutor.java:140) [smac.jar:na]
	at ca.ubc.cs.beta.smac.executors.SMACExecutor.main(SMACExecutor.java:104) [smac.jar:na]
	at sun.reflect.NativeMethodAccessorImpl.invoke0(Native Method) ~[na:1.8.0_162]
	at sun.reflect.NativeMethodAccessorImpl.invoke(NativeMethodAccessorImpl.java:62) ~[na:1.8.0_162]
	at sun.reflect.DelegatingMethodAccessorImpl.invoke(DelegatingMethodAccessorImpl.java:43) ~[na:1.8.0_162]
	at java.lang.reflect.Method.invoke(Method.java:498) ~[na:1.8.0_162]
	at ca.ubc.cs.beta.aeatk.ant.execscript.Launcher.main(Launcher.java:37) [aeatk.jar:na]
11:22:43.952 [main] WARN  c.u.c.b.a.r.FileSharingRunHistoryDecorator - Error occurred reading file in shared run history /proj/SMACK/smac/example_scenarios/seq_rs/smac-output/smack-scenario_seq_rs/live-rundata-43.json. We will keep trying to read this file, but will only log another error after it succeeds once. We may not be able to get it's run data but we should be able to continue
com.fasterxml.jackson.core.JsonParseException: Unexpected character ('{' (code 123)): was expecting comma to separate OBJECT entries
 at [Source: /proj/SMACK/smac/example_scenarios/seq_rs/smac-output/smack-scenario_seq_rs/live-rundata-43.json; line: 1722, column: 3]
	at com.fasterxml.jackson.core.JsonParser._constructError(JsonParser.java:1524) ~[jackson-core-2.3.1.jar:2.3.1]
	at com.fasterxml.jackson.core.base.ParserMinimalBase._reportError(ParserMinimalBase.java:557) ~[jackson-core-2.3.1.jar:2.3.1]
	at com.fasterxml.jackson.core.base.ParserMinimalBase._reportUnexpectedChar(ParserMinimalBase.java:475) ~[jackson-core-2.3.1.jar:2.3.1]
	at com.fasterxml.jackson.core.json.UTF8StreamJsonParser.nextToken(UTF8StreamJsonParser.java:688) ~[jackson-core-2.3.1.jar:2.3.1]
	at com.fasterxml.jackson.core.base.ParserMinimalBase.nextValue(ParserMinimalBase.java:123) ~[jackson-core-2.3.1.jar:2.3.1]
	at ca.ubc.cs.beta.aeatk.json.serializers.AlgorithmRunResultJson$AlgorithmRunDeserializer.deserialize(AlgorithmRunResultJson.java:57) ~[aeatk.jar:na]
	at ca.ubc.cs.beta.aeatk.json.serializers.AlgorithmRunResultJson$AlgorithmRunDeserializer.deserialize(AlgorithmRunResultJson.java:30) ~[aeatk.jar:na]
	at com.fasterxml.jackson.databind.MappingIterator.nextValue(MappingIterator.java:189) ~[jackson-databind-2.3.1.jar:2.3.1]
	at ca.ubc.cs.beta.aeatk.runhistory.FileSharingRunHistoryDecorator.readRunsFromFile(FileSharingRunHistoryDecorator.java:421) [aeatk.jar:na]
	at ca.ubc.cs.beta.aeatk.runhistory.FileSharingRunHistoryDecorator.reReadFiles(FileSharingRunHistoryDecorator.java:339) [aeatk.jar:na]
	at ca.ubc.cs.beta.aeatk.runhistory.FileSharingRunHistoryDecorator.append(FileSharingRunHistoryDecorator.java:239) [aeatk.jar:na]
	at ca.ubc.cs.beta.aeatk.runhistory.FileSharingRunHistoryDecorator.append(FileSharingRunHistoryDecorator.java:502) [aeatk.jar:na]
	at ca.ubc.cs.beta.aeatk.runhistory.TeeRunHistory.append(TeeRunHistory.java:33) [aeatk.jar:na]
	at ca.ubc.cs.beta.aeatk.runhistory.ThreadSafeRunHistoryWrapper.append(ThreadSafeRunHistoryWrapper.java:60) [aeatk.jar:na]
	at ca.ubc.cs.beta.smac.configurator.AbstractAlgorithmFramework.updateRunHistory(AbstractAlgorithmFramework.java:1229) [smac.jar:na]
	at ca.ubc.cs.beta.smac.configurator.AbstractAlgorithmFramework.evaluateRun(AbstractAlgorithmFramework.java:1279) [smac.jar:na]
	at ca.ubc.cs.beta.smac.configurator.AbstractAlgorithmFramework.challengeIncumbent(AbstractAlgorithmFramework.java:948) [smac.jar:na]
	at ca.ubc.cs.beta.smac.configurator.AbstractAlgorithmFramework.challengeIncumbent(AbstractAlgorithmFramework.java:778) [smac.jar:na]
	at ca.ubc.cs.beta.smac.configurator.AbstractAlgorithmFramework.intensify(AbstractAlgorithmFramework.java:766) [smac.jar:na]
	at ca.ubc.cs.beta.smac.configurator.AbstractAlgorithmFramework.run(AbstractAlgorithmFramework.java:580) [smac.jar:na]
	at ca.ubc.cs.beta.smac.executors.SMACExecutor.oldMain(SMACExecutor.java:140) [smac.jar:na]
	at ca.ubc.cs.beta.smac.executors.SMACExecutor.main(SMACExecutor.java:104) [smac.jar:na]
	at sun.reflect.NativeMethodAccessorImpl.invoke0(Native Method) ~[na:1.8.0_162]
	at sun.reflect.NativeMethodAccessorImpl.invoke(NativeMethodAccessorImpl.java:62) ~[na:1.8.0_162]
	at sun.reflect.DelegatingMethodAccessorImpl.invoke(DelegatingMethodAccessorImpl.java:43) ~[na:1.8.0_162]
	at java.lang.reflect.Method.invoke(Method.java:498) ~[na:1.8.0_162]
	at ca.ubc.cs.beta.aeatk.ant.execscript.Launcher.main(Launcher.java:37) [aeatk.jar:na]
11:22:44.058 [main] WARN  c.u.c.b.a.r.FileSharingRunHistoryDecorator - Error occurred reading file in shared run history /proj/SMACK/smac/example_scenarios/seq_rs/smac-output/smack-scenario_seq_rs/live-rundata-47.json. We will keep trying to read this file, but will only log another error after it succeeds once. We may not be able to get it's run data but we should be able to continue
com.fasterxml.jackson.core.JsonParseException: Unexpected character ('{' (code 123)): was expecting double-quote to start field name
 at [Source: /proj/SMACK/smac/example_scenarios/seq_rs/smac-output/smack-scenario_seq_rs/live-rundata-47.json; line: 1787, column: 5]
	at com.fasterxml.jackson.core.JsonParser._constructError(JsonParser.java:1524) ~[jackson-core-2.3.1.jar:2.3.1]
	at com.fasterxml.jackson.core.base.ParserMinimalBase._reportError(ParserMinimalBase.java:557) ~[jackson-core-2.3.1.jar:2.3.1]
	at com.fasterxml.jackson.core.base.ParserMinimalBase._reportUnexpectedChar(ParserMinimalBase.java:475) ~[jackson-core-2.3.1.jar:2.3.1]
	at com.fasterxml.jackson.core.json.UTF8StreamJsonParser._handleOddName(UTF8StreamJsonParser.java:1784) ~[jackson-core-2.3.1.jar:2.3.1]
	at com.fasterxml.jackson.core.json.UTF8StreamJsonParser._parseName(UTF8StreamJsonParser.java:1481) ~[jackson-core-2.3.1.jar:2.3.1]
	at com.fasterxml.jackson.core.json.UTF8StreamJsonParser.nextToken(UTF8StreamJsonParser.java:701) ~[jackson-core-2.3.1.jar:2.3.1]
	at com.fasterxml.jackson.core.base.ParserMinimalBase.nextValue(ParserMinimalBase.java:123) ~[jackson-core-2.3.1.jar:2.3.1]
	at ca.ubc.cs.beta.aeatk.json.serializers.AlgorithmRunConfigurationJson$RunConfigDeserializer.deserialize(AlgorithmRunConfigurationJson.java:77) ~[aeatk.jar:na]
	at ca.ubc.cs.beta.aeatk.json.serializers.AlgorithmRunConfigurationJson$RunConfigDeserializer.deserialize(AlgorithmRunConfigurationJson.java:44) ~[aeatk.jar:na]
	at com.fasterxml.jackson.databind.ObjectMapper._readValue(ObjectMapper.java:2965) ~[jackson-databind-2.3.1.jar:2.3.1]
	at com.fasterxml.jackson.databind.ObjectMapper.readValue(ObjectMapper.java:1587) ~[jackson-databind-2.3.1.jar:2.3.1]
	at com.fasterxml.jackson.core.JsonParser.readValueAs(JsonParser.java:1431) ~[jackson-core-2.3.1.jar:2.3.1]
	at ca.ubc.cs.beta.aeatk.json.serializers.JsonDeserializerHelper.getDeserializedVersion(JsonDeserializerHelper.java:26) ~[aeatk.jar:na]
	at ca.ubc.cs.beta.aeatk.json.serializers.AlgorithmRunResultJson$AlgorithmRunDeserializer.deserialize(AlgorithmRunResultJson.java:94) ~[aeatk.jar:na]
	at ca.ubc.cs.beta.aeatk.json.serializers.AlgorithmRunResultJson$AlgorithmRunDeserializer.deserialize(AlgorithmRunResultJson.java:30) ~[aeatk.jar:na]
	at com.fasterxml.jackson.databind.MappingIterator.nextValue(MappingIterator.java:189) ~[jackson-databind-2.3.1.jar:2.3.1]
	at ca.ubc.cs.beta.aeatk.runhistory.FileSharingRunHistoryDecorator.readRunsFromFile(FileSharingRunHistoryDecorator.java:421) [aeatk.jar:na]
	at ca.ubc.cs.beta.aeatk.runhistory.FileSharingRunHistoryDecorator.reReadFiles(FileSharingRunHistoryDecorator.java:339) [aeatk.jar:na]
	at ca.ubc.cs.beta.aeatk.runhistory.FileSharingRunHistoryDecorator.append(FileSharingRunHistoryDecorator.java:239) [aeatk.jar:na]
	at ca.ubc.cs.beta.aeatk.runhistory.FileSharingRunHistoryDecorator.append(FileSharingRunHistoryDecorator.java:502) [aeatk.jar:na]
	at ca.ubc.cs.beta.aeatk.runhistory.TeeRunHistory.append(TeeRunHistory.java:33) [aeatk.jar:na]
	at ca.ubc.cs.beta.aeatk.runhistory.ThreadSafeRunHistoryWrapper.append(ThreadSafeRunHistoryWrapper.java:60) [aeatk.jar:na]
	at ca.ubc.cs.beta.smac.configurator.AbstractAlgorithmFramework.updateRunHistory(AbstractAlgorithmFramework.java:1229) [smac.jar:na]
	at ca.ubc.cs.beta.smac.configurator.AbstractAlgorithmFramework.evaluateRun(AbstractAlgorithmFramework.java:1279) [smac.jar:na]
	at ca.ubc.cs.beta.smac.configurator.AbstractAlgorithmFramework.challengeIncumbent(AbstractAlgorithmFramework.java:948) [smac.jar:na]
	at ca.ubc.cs.beta.smac.configurator.AbstractAlgorithmFramework.challengeIncumbent(AbstractAlgorithmFramework.java:778) [smac.jar:na]
	at ca.ubc.cs.beta.smac.configurator.AbstractAlgorithmFramework.intensify(AbstractAlgorithmFramework.java:766) [smac.jar:na]
	at ca.ubc.cs.beta.smac.configurator.AbstractAlgorithmFramework.run(AbstractAlgorithmFramework.java:580) [smac.jar:na]
	at ca.ubc.cs.beta.smac.executors.SMACExecutor.oldMain(SMACExecutor.java:140) [smac.jar:na]
	at ca.ubc.cs.beta.smac.executors.SMACExecutor.main(SMACExecutor.java:104) [smac.jar:na]
	at sun.reflect.NativeMethodAccessorImpl.invoke0(Native Method) ~[na:1.8.0_162]
	at sun.reflect.NativeMethodAccessorImpl.invoke(NativeMethodAccessorImpl.java:62) ~[na:1.8.0_162]
	at sun.reflect.DelegatingMethodAccessorImpl.invoke(DelegatingMethodAccessorImpl.java:43) ~[na:1.8.0_162]
	at java.lang.reflect.Method.invoke(Method.java:498) ~[na:1.8.0_162]
	at ca.ubc.cs.beta.aeatk.ant.execscript.Launcher.main(Launcher.java:37) [aeatk.jar:na]
11:22:44.125 [main] WARN  c.u.c.b.a.r.FileSharingRunHistoryDecorator - Error occurred reading file in shared run history /proj/SMACK/smac/example_scenarios/seq_rs/smac-output/smack-scenario_seq_rs/live-rundata-38.json. We will keep trying to read this file, but will only log another error after it succeeds once. We may not be able to get it's run data but we should be able to continue
java.lang.RuntimeException: Illegal character ((CTRL-CHAR, code 0)): only regular white space (\r, \n, \t) is allowed between tokens
 at [Source: /proj/SMACK/smac/example_scenarios/seq_rs/smac-output/smack-scenario_seq_rs/live-rundata-38.json; line: 1742, column: 3]
	at com.fasterxml.jackson.databind.MappingIterator.hasNext(MappingIterator.java:112) ~[jackson-databind-2.3.1.jar:2.3.1]
	at ca.ubc.cs.beta.aeatk.runhistory.FileSharingRunHistoryDecorator.readRunsFromFile(FileSharingRunHistoryDecorator.java:418) [aeatk.jar:na]
	at ca.ubc.cs.beta.aeatk.runhistory.FileSharingRunHistoryDecorator.reReadFiles(FileSharingRunHistoryDecorator.java:339) [aeatk.jar:na]
	at ca.ubc.cs.beta.aeatk.runhistory.FileSharingRunHistoryDecorator.append(FileSharingRunHistoryDecorator.java:239) [aeatk.jar:na]
	at ca.ubc.cs.beta.aeatk.runhistory.FileSharingRunHistoryDecorator.append(FileSharingRunHistoryDecorator.java:502) [aeatk.jar:na]
	at ca.ubc.cs.beta.aeatk.runhistory.TeeRunHistory.append(TeeRunHistory.java:33) [aeatk.jar:na]
	at ca.ubc.cs.beta.aeatk.runhistory.ThreadSafeRunHistoryWrapper.append(ThreadSafeRunHistoryWrapper.java:60) [aeatk.jar:na]
	at ca.ubc.cs.beta.smac.configurator.AbstractAlgorithmFramework.updateRunHistory(AbstractAlgorithmFramework.java:1229) [smac.jar:na]
	at ca.ubc.cs.beta.smac.configurator.AbstractAlgorithmFramework.evaluateRun(AbstractAlgorithmFramework.java:1279) [smac.jar:na]
	at ca.ubc.cs.beta.smac.configurator.AbstractAlgorithmFramework.challengeIncumbent(AbstractAlgorithmFramework.java:948) [smac.jar:na]
	at ca.ubc.cs.beta.smac.configurator.AbstractAlgorithmFramework.challengeIncumbent(AbstractAlgorithmFramework.java:778) [smac.jar:na]
	at ca.ubc.cs.beta.smac.configurator.AbstractAlgorithmFramework.intensify(AbstractAlgorithmFramework.java:766) [smac.jar:na]
	at ca.ubc.cs.beta.smac.configurator.AbstractAlgorithmFramework.run(AbstractAlgorithmFramework.java:580) [smac.jar:na]
	at ca.ubc.cs.beta.smac.executors.SMACExecutor.oldMain(SMACExecutor.java:140) [smac.jar:na]
	at ca.ubc.cs.beta.smac.executors.SMACExecutor.main(SMACExecutor.java:104) [smac.jar:na]
	at sun.reflect.NativeMethodAccessorImpl.invoke0(Native Method) ~[na:1.8.0_162]
	at sun.reflect.NativeMethodAccessorImpl.invoke(NativeMethodAccessorImpl.java:62) ~[na:1.8.0_162]
	at sun.reflect.DelegatingMethodAccessorImpl.invoke(DelegatingMethodAccessorImpl.java:43) ~[na:1.8.0_162]
	at java.lang.reflect.Method.invoke(Method.java:498) ~[na:1.8.0_162]
	at ca.ubc.cs.beta.aeatk.ant.execscript.Launcher.main(Launcher.java:37) [aeatk.jar:na]
Caused by: com.fasterxml.jackson.core.JsonParseException: Illegal character ((CTRL-CHAR, code 0)): only regular white space (\r, \n, \t) is allowed between tokens
 at [Source: /proj/SMACK/smac/example_scenarios/seq_rs/smac-output/smack-scenario_seq_rs/live-rundata-38.json; line: 1742, column: 3]
	at com.fasterxml.jackson.core.JsonParser._constructError(JsonParser.java:1524) ~[jackson-core-2.3.1.jar:2.3.1]
	at com.fasterxml.jackson.core.base.ParserMinimalBase._reportError(ParserMinimalBase.java:557) ~[jackson-core-2.3.1.jar:2.3.1]
	at com.fasterxml.jackson.core.base.ParserMinimalBase._throwInvalidSpace(ParserMinimalBase.java:503) ~[jackson-core-2.3.1.jar:2.3.1]
	at com.fasterxml.jackson.core.json.UTF8StreamJsonParser._reportInvalidChar(UTF8StreamJsonParser.java:3103) ~[jackson-core-2.3.1.jar:2.3.1]
	at com.fasterxml.jackson.core.json.UTF8StreamJsonParser._skipWSOrEnd(UTF8StreamJsonParser.java:2585) ~[jackson-core-2.3.1.jar:2.3.1]
	at com.fasterxml.jackson.core.json.UTF8StreamJsonParser.nextToken(UTF8StreamJsonParser.java:650) ~[jackson-core-2.3.1.jar:2.3.1]
	at com.fasterxml.jackson.databind.MappingIterator.hasNextValue(MappingIterator.java:159) ~[jackson-databind-2.3.1.jar:2.3.1]
	at com.fasterxml.jackson.databind.MappingIterator.hasNext(MappingIterator.java:108) ~[jackson-databind-2.3.1.jar:2.3.1]
	... 19 common frames omitted
11:22:44.214 [main] WARN  c.u.c.b.a.r.FileSharingRunHistoryDecorator - Error occurred reading file in shared run history /proj/SMACK/smac/example_scenarios/seq_rs/smac-output/smack-scenario_seq_rs/live-rundata-46.json. We will keep trying to read this file, but will only log another error after it succeeds once. We may not be able to get it's run data but we should be able to continue
com.fasterxml.jackson.core.JsonParseException: Unexpected character ('{' (code 123)): was expecting comma to separate OBJECT entries
 at [Source: /proj/SMACK/smac/example_scenarios/seq_rs/smac-output/smack-scenario_seq_rs/live-rundata-46.json; line: 1722, column: 4]
	at com.fasterxml.jackson.core.JsonParser._constructError(JsonParser.java:1524) ~[jackson-core-2.3.1.jar:2.3.1]
	at com.fasterxml.jackson.core.base.ParserMinimalBase._reportError(ParserMinimalBase.java:557) ~[jackson-core-2.3.1.jar:2.3.1]
	at com.fasterxml.jackson.core.base.ParserMinimalBase._reportUnexpectedChar(ParserMinimalBase.java:475) ~[jackson-core-2.3.1.jar:2.3.1]
	at com.fasterxml.jackson.core.json.UTF8StreamJsonParser.nextToken(UTF8StreamJsonParser.java:688) ~[jackson-core-2.3.1.jar:2.3.1]
	at com.fasterxml.jackson.core.base.ParserMinimalBase.nextValue(ParserMinimalBase.java:123) ~[jackson-core-2.3.1.jar:2.3.1]
	at ca.ubc.cs.beta.aeatk.json.serializers.AlgorithmRunResultJson$AlgorithmRunDeserializer.deserialize(AlgorithmRunResultJson.java:57) ~[aeatk.jar:na]
	at ca.ubc.cs.beta.aeatk.json.serializers.AlgorithmRunResultJson$AlgorithmRunDeserializer.deserialize(AlgorithmRunResultJson.java:30) ~[aeatk.jar:na]
	at com.fasterxml.jackson.databind.MappingIterator.nextValue(MappingIterator.java:189) ~[jackson-databind-2.3.1.jar:2.3.1]
	at ca.ubc.cs.beta.aeatk.runhistory.FileSharingRunHistoryDecorator.readRunsFromFile(FileSharingRunHistoryDecorator.java:421) [aeatk.jar:na]
	at ca.ubc.cs.beta.aeatk.runhistory.FileSharingRunHistoryDecorator.reReadFiles(FileSharingRunHistoryDecorator.java:339) [aeatk.jar:na]
	at ca.ubc.cs.beta.aeatk.runhistory.FileSharingRunHistoryDecorator.append(FileSharingRunHistoryDecorator.java:239) [aeatk.jar:na]
	at ca.ubc.cs.beta.aeatk.runhistory.FileSharingRunHistoryDecorator.append(FileSharingRunHistoryDecorator.java:502) [aeatk.jar:na]
	at ca.ubc.cs.beta.aeatk.runhistory.TeeRunHistory.append(TeeRunHistory.java:33) [aeatk.jar:na]
	at ca.ubc.cs.beta.aeatk.runhistory.ThreadSafeRunHistoryWrapper.append(ThreadSafeRunHistoryWrapper.java:60) [aeatk.jar:na]
	at ca.ubc.cs.beta.smac.configurator.AbstractAlgorithmFramework.updateRunHistory(AbstractAlgorithmFramework.java:1229) [smac.jar:na]
	at ca.ubc.cs.beta.smac.configurator.AbstractAlgorithmFramework.evaluateRun(AbstractAlgorithmFramework.java:1279) [smac.jar:na]
	at ca.ubc.cs.beta.smac.configurator.AbstractAlgorithmFramework.challengeIncumbent(AbstractAlgorithmFramework.java:948) [smac.jar:na]
	at ca.ubc.cs.beta.smac.configurator.AbstractAlgorithmFramework.challengeIncumbent(AbstractAlgorithmFramework.java:778) [smac.jar:na]
	at ca.ubc.cs.beta.smac.configurator.AbstractAlgorithmFramework.intensify(AbstractAlgorithmFramework.java:766) [smac.jar:na]
	at ca.ubc.cs.beta.smac.configurator.AbstractAlgorithmFramework.run(AbstractAlgorithmFramework.java:580) [smac.jar:na]
	at ca.ubc.cs.beta.smac.executors.SMACExecutor.oldMain(SMACExecutor.java:140) [smac.jar:na]
	at ca.ubc.cs.beta.smac.executors.SMACExecutor.main(SMACExecutor.java:104) [smac.jar:na]
	at sun.reflect.NativeMethodAccessorImpl.invoke0(Native Method) ~[na:1.8.0_162]
	at sun.reflect.NativeMethodAccessorImpl.invoke(NativeMethodAccessorImpl.java:62) ~[na:1.8.0_162]
	at sun.reflect.DelegatingMethodAccessorImpl.invoke(DelegatingMethodAccessorImpl.java:43) ~[na:1.8.0_162]
	at java.lang.reflect.Method.invoke(Method.java:498) ~[na:1.8.0_162]
	at ca.ubc.cs.beta.aeatk.ant.execscript.Launcher.main(Launcher.java:37) [aeatk.jar:na]
11:22:44.407 [main] INFO  c.u.c.b.a.r.FileSharingRunHistoryDecorator - Detected new source(s) of run data which we will read from : [live-rundata-100.json, live-rundata-105.json, live-rundata-109.json, live-rundata-11.json, live-rundata-111.json, live-rundata-112.json, live-rundata-115.json, live-rundata-13.json, live-rundata-136.json, live-rundata-145.json, live-rundata-147.json, live-rundata-150.json, live-rundata-152.json, live-rundata-153.json, live-rundata-155.json, live-rundata-160.json, live-rundata-2.json, live-rundata-22.json, live-rundata-3.json, live-rundata-42.json, live-rundata-48.json, live-rundata-55.json, live-rundata-58.json, live-rundata-64.json, live-rundata-69.json, live-rundata-79.json, live-rundata-80.json, live-rundata-82.json, live-rundata-85.json, live-rundata-94.json]
11:22:58.759 [main] INFO  c.u.c.b.s.c.SequentialModelBasedAlgorithmConfiguration - Incumbent changed to: config 2 (internal ID: 0x3C77), with penalized average runtime (PAR10): 10007.13863539695; estimate based on 2 runs.
11:22:58.760 [main] INFO  c.u.c.b.s.c.SequentialModelBasedAlgorithmConfiguration - Sample call for new incumbent config 2 (internal ID: 0x3C77): 
cd /proj/SMACK/smac/example_scenarios/seq_rs; ../wrapper.py /proj/SMACK/sv-benchmarks/c/seq-mthreaded/pals_STARTPALS_Triplicated_false-unreach-call.2.ufo.BOUNDED-10.pals_true-termination.c 0 2000.0 2147483647 -1 -/bopt:boolControlVC 'False' -/bopt:z3opt:SMT.MBQI 'True' -/bopt:z3opt:SMT.MBQI.MAX_ITERATIONS '2195' -/deepAsserts 'True' -/di 'False' -/doNotUseLabels 'False' -/noCallTreeReuse 'True' -/noInitPruning 'False' -/nonUniformUnfolding 'True' -/staticInlining 'False' -/trackAllVars 'True' -/useArrayTheoryCheck '1'  
11:24:06.407 [main] INFO  c.u.c.b.s.c.SequentialModelBasedAlgorithmConfiguration - Updated estimated penalized average runtime (PAR10) of the same incumbent: 6693.941533962867; estimate now based on 3 runs.
11:24:11.452 [CLI TAE (Master Thread - #0)] ERROR c.u.c.b.a.t.b.c.CommandLineAlgorithmRun - The following algorithm call failed: cd "/proj/SMACK/smac/example_scenarios/seq_rs" ;  ../wrapper.py /proj/SMACK/sv-benchmarks/c/seq-mthreaded/pals_lcr.3_overflow_false-unreach-call.ufo.UNBOUNDED.pals.c 0 2000.0 2147483647 -1 -/bopt:boolControlVC 'False' -/bopt:z3opt:SMT.MBQI 'False' -/deepAsserts 'False' -/di 'True' -/doNotUseLabels 'False' -/noCallTreeReuse 'False' -/noInitPruning 'True' -/nonUniformUnfolding 'True' -/staticInlining 'True' -/trackAllVars 'True' -/useArrayTheoryCheck '2'  
11:24:11.452 [CLI TAE (Master Thread - #0)] ERROR c.u.c.b.a.t.b.c.CommandLineAlgorithmRun - The last 1 lines of output we saw were:
11:24:11.452 [CLI TAE (Master Thread - #0)] ERROR c.u.c.b.a.t.b.c.CommandLineAlgorithmRun - > Result for SMAC: CRASHED, 90000, 0, 0, -1
11:24:18.088 [CLI TAE (Master Thread - #0)] ERROR c.u.c.b.a.t.b.c.CommandLineAlgorithmRun - The following algorithm call failed: cd "/proj/SMACK/smac/example_scenarios/seq_rs" ;  ../wrapper.py /proj/SMACK/sv-benchmarks/c/seq-mthreaded/pals_STARTPALS_Triplicated_false-unreach-call.2.ufo.BOUNDED-10.pals_true-termination.c 0 107.37718305398823 2147483647 -1 -/bopt:boolControlVC 'False' -/bopt:z3opt:SMT.MBQI 'False' -/deepAsserts 'False' -/di 'True' -/doNotUseLabels 'False' -/noCallTreeReuse 'False' -/noInitPruning 'True' -/nonUniformUnfolding 'True' -/staticInlining 'True' -/trackAllVars 'True' -/useArrayTheoryCheck '2'  
11:24:18.088 [CLI TAE (Master Thread - #0)] ERROR c.u.c.b.a.t.b.c.CommandLineAlgorithmRun - The last 1 lines of output we saw were:
11:24:18.089 [CLI TAE (Master Thread - #0)] ERROR c.u.c.b.a.t.b.c.CommandLineAlgorithmRun - > Result for SMAC: CRASHED, 90000, 0, 0, -1
11:24:18.112 [CLI TAE Callback Threads (3-3)] WARN  c.u.c.b.a.t.d.s.TimingCheckerTargetAlgorithmEvaluator - Algorithm Run Result reported a runtime of 90000.0 (secs) that exceeded it's cutoff time of 107.37718305398823 (secs) by 89892.62281694601 (secs). Next warning at 89893.62281694601 (secs)  
11:55:41.219 [main] WARN  c.u.c.b.a.r.FileSharingRunHistoryDecorator - Error occurred reading file in shared run history /proj/SMACK/smac/example_scenarios/seq_rs/smac-output/smack-scenario_seq_rs/live-rundata-41.json. We will keep trying to read this file, but will only log another error after it succeeds once. We may not be able to get it's run data but we should be able to continue
com.fasterxml.jackson.core.JsonParseException: Unexpected character (':' (code 58)): expected a valid value (number, String, array, object, 'true', 'false' or 'null')
 at [Source: /proj/SMACK/smac/example_scenarios/seq_rs/smac-output/smack-scenario_seq_rs/live-rundata-41.json; line: 1828, column: 26]
	at com.fasterxml.jackson.core.JsonParser._constructError(JsonParser.java:1524) ~[jackson-core-2.3.1.jar:2.3.1]
	at com.fasterxml.jackson.core.base.ParserMinimalBase._reportError(ParserMinimalBase.java:557) ~[jackson-core-2.3.1.jar:2.3.1]
	at com.fasterxml.jackson.core.base.ParserMinimalBase._reportUnexpectedChar(ParserMinimalBase.java:475) ~[jackson-core-2.3.1.jar:2.3.1]
	at com.fasterxml.jackson.core.json.UTF8StreamJsonParser._handleUnexpectedValue(UTF8StreamJsonParser.java:2343) ~[jackson-core-2.3.1.jar:2.3.1]
	at com.fasterxml.jackson.core.json.UTF8StreamJsonParser._nextTokenNotInObject(UTF8StreamJsonParser.java:818) ~[jackson-core-2.3.1.jar:2.3.1]
	at com.fasterxml.jackson.core.json.UTF8StreamJsonParser.nextToken(UTF8StreamJsonParser.java:698) ~[jackson-core-2.3.1.jar:2.3.1]
	at com.fasterxml.jackson.core.base.ParserMinimalBase.nextValue(ParserMinimalBase.java:123) ~[jackson-core-2.3.1.jar:2.3.1]
	at ca.ubc.cs.beta.aeatk.json.serializers.AlgorithmRunResultJson$AlgorithmRunDeserializer.deserialize(AlgorithmRunResultJson.java:57) ~[aeatk.jar:na]
	at ca.ubc.cs.beta.aeatk.json.serializers.AlgorithmRunResultJson$AlgorithmRunDeserializer.deserialize(AlgorithmRunResultJson.java:30) ~[aeatk.jar:na]
	at com.fasterxml.jackson.databind.MappingIterator.nextValue(MappingIterator.java:189) ~[jackson-databind-2.3.1.jar:2.3.1]
	at ca.ubc.cs.beta.aeatk.runhistory.FileSharingRunHistoryDecorator.readRunsFromFile(FileSharingRunHistoryDecorator.java:421) [aeatk.jar:na]
	at ca.ubc.cs.beta.aeatk.runhistory.FileSharingRunHistoryDecorator.reReadFiles(FileSharingRunHistoryDecorator.java:339) [aeatk.jar:na]
	at ca.ubc.cs.beta.aeatk.runhistory.FileSharingRunHistoryDecorator.append(FileSharingRunHistoryDecorator.java:239) [aeatk.jar:na]
	at ca.ubc.cs.beta.aeatk.runhistory.FileSharingRunHistoryDecorator.append(FileSharingRunHistoryDecorator.java:502) [aeatk.jar:na]
	at ca.ubc.cs.beta.aeatk.runhistory.TeeRunHistory.append(TeeRunHistory.java:33) [aeatk.jar:na]
	at ca.ubc.cs.beta.aeatk.runhistory.ThreadSafeRunHistoryWrapper.append(ThreadSafeRunHistoryWrapper.java:60) [aeatk.jar:na]
	at ca.ubc.cs.beta.smac.configurator.AbstractAlgorithmFramework.updateRunHistory(AbstractAlgorithmFramework.java:1229) [smac.jar:na]
	at ca.ubc.cs.beta.smac.configurator.AbstractAlgorithmFramework.evaluateRun(AbstractAlgorithmFramework.java:1279) [smac.jar:na]
	at ca.ubc.cs.beta.smac.configurator.AbstractAlgorithmFramework.evaluateRun(AbstractAlgorithmFramework.java:1245) [smac.jar:na]
	at ca.ubc.cs.beta.smac.configurator.AbstractAlgorithmFramework.challengeIncumbent(AbstractAlgorithmFramework.java:804) [smac.jar:na]
	at ca.ubc.cs.beta.smac.configurator.AbstractAlgorithmFramework.challengeIncumbent(AbstractAlgorithmFramework.java:778) [smac.jar:na]
	at ca.ubc.cs.beta.smac.configurator.AbstractAlgorithmFramework.intensify(AbstractAlgorithmFramework.java:766) [smac.jar:na]
	at ca.ubc.cs.beta.smac.configurator.AbstractAlgorithmFramework.run(AbstractAlgorithmFramework.java:580) [smac.jar:na]
	at ca.ubc.cs.beta.smac.executors.SMACExecutor.oldMain(SMACExecutor.java:140) [smac.jar:na]
	at ca.ubc.cs.beta.smac.executors.SMACExecutor.main(SMACExecutor.java:104) [smac.jar:na]
	at sun.reflect.NativeMethodAccessorImpl.invoke0(Native Method) ~[na:1.8.0_162]
	at sun.reflect.NativeMethodAccessorImpl.invoke(NativeMethodAccessorImpl.java:62) ~[na:1.8.0_162]
	at sun.reflect.DelegatingMethodAccessorImpl.invoke(DelegatingMethodAccessorImpl.java:43) ~[na:1.8.0_162]
	at java.lang.reflect.Method.invoke(Method.java:498) ~[na:1.8.0_162]
	at ca.ubc.cs.beta.aeatk.ant.execscript.Launcher.main(Launcher.java:37) [aeatk.jar:na]
13:00:04.773 [main] INFO  c.u.c.b.s.c.SequentialModelBasedAlgorithmConfiguration - Updated estimated penalized average runtime (PAR10) of the same incumbent: 12016.36492037772; estimate now based on 5 runs.
14:06:03.302 [main] INFO  c.u.c.b.s.c.SequentialModelBasedAlgorithmConfiguration - Updated estimated penalized average runtime (PAR10) of the same incumbent: 10015.430945674567; estimate now based on 6 runs.
14:08:53.409 [main] INFO  c.u.c.b.s.c.SequentialModelBasedAlgorithmConfiguration - Updated estimated penalized average runtime (PAR10) of the same incumbent: 8597.881726605543; estimate now based on 7 runs.
15:45:44.611 [main] INFO  c.u.c.b.s.c.SequentialModelBasedAlgorithmConfiguration - Incumbent changed to: config 7 (internal ID: 0x19F7E), with penalized average runtime (PAR10): 8594.496957676756; estimate based on 7 runs.
15:45:44.611 [main] INFO  c.u.c.b.s.c.SequentialModelBasedAlgorithmConfiguration - Sample call for new incumbent config 7 (internal ID: 0x19F7E): 
cd /proj/SMACK/smac/example_scenarios/seq_rs; ../wrapper.py /proj/SMACK/sv-benchmarks/c/seq-mthreaded/pals_STARTPALS_Triplicated_false-unreach-call.2.ufo.BOUNDED-10.pals_true-termination.c 0 2000.0 2147483647 -1 -/bopt:boolControlVC 'True' -/bopt:z3opt:SMT.MBQI 'False' -/deepAsserts 'False' -/di 'True' -/doNotUseLabels 'True' -/noCallTreeReuse 'True' -/noInitPruning 'True' -/nonUniformUnfolding 'False' -/staticInlining 'False' -/trackAllVars 'True' -/useArrayTheoryCheck '2'  
15:59:02.072 [CLI TAE (Master Thread - #0)] ERROR c.u.c.b.a.t.b.c.CommandLineAlgorithmRun - The following algorithm call failed: cd "/proj/SMACK/smac/example_scenarios/seq_rs" ;  ../wrapper.py /proj/SMACK/sv-benchmarks/c/seq-mthreaded/rekh_aso_false-unreach-call.1.M1.c 0 2000.0 2147483647 -1 -/bopt:boolControlVC 'True' -/bopt:z3opt:SMT.MBQI 'False' -/deepAsserts 'False' -/di 'True' -/doNotUseLabels 'True' -/noCallTreeReuse 'True' -/noInitPruning 'True' -/nonUniformUnfolding 'False' -/staticInlining 'False' -/trackAllVars 'True' -/useArrayTheoryCheck '2'  
15:59:02.084 [CLI TAE (Master Thread - #0)] ERROR c.u.c.b.a.t.b.c.CommandLineAlgorithmRun - The last 1 lines of output we saw were:
15:59:02.084 [CLI TAE (Master Thread - #0)] ERROR c.u.c.b.a.t.b.c.CommandLineAlgorithmRun - > Result for SMAC: CRASHED, 90000, 0, 0, -1
16:32:59.551 [CLI TAE Callback Threads (3-19)] WARN  c.u.c.b.a.t.d.s.TimingCheckerTargetAlgorithmEvaluator - Algorithm Run Result reported wallclock time of 130.784 (secs) that exceeded it's cutoff time of 102.56551922147275 (secs) by 28.218480778527237 (secs). Next warning at 29.218480778527237 (secs)  
16:33:21.211 [main] INFO  c.u.c.b.s.c.SequentialModelBasedAlgorithmConfiguration - Updated estimated penalized average runtime (PAR10) of the same incumbent: 8909.226529757188; estimate now based on 9 runs.
16:33:27.046 [CLI TAE (Master Thread - #0)] ERROR c.u.c.b.a.t.b.c.CommandLineAlgorithmRun - The following algorithm call failed: cd "/proj/SMACK/smac/example_scenarios/seq_rs" ;  ../wrapper.py /proj/SMACK/sv-benchmarks/c/seq-mthreaded/pals_STARTPALS_Triplicated_false-unreach-call.2.ufo.BOUNDED-10.pals_true-termination.c 0 22.525585990744833 2147483647 -1 -/bopt:boolControlVC 'False' -/bopt:z3opt:SMT.MBQI 'True' -/bopt:z3opt:SMT.MBQI.MAX_ITERATIONS '1993' -/deepAsserts 'True' -/di 'True' -/doNotUseLabels 'False' -/noCallTreeReuse 'True' -/noInitPruning 'False' -/nonUniformUnfolding 'False' -/staticInlining 'True' -/trackAllVars 'True' -/useArrayTheoryCheck '0'  
16:33:27.046 [CLI TAE (Master Thread - #0)] ERROR c.u.c.b.a.t.b.c.CommandLineAlgorithmRun - The last 1 lines of output we saw were:
16:33:27.047 [CLI TAE (Master Thread - #0)] ERROR c.u.c.b.a.t.b.c.CommandLineAlgorithmRun - > Result for SMAC: CRASHED, 90000, 0, 0, -1
16:33:27.080 [CLI TAE Callback Threads (3-19)] WARN  c.u.c.b.a.t.d.s.TimingCheckerTargetAlgorithmEvaluator - Algorithm Run Result reported a runtime of 90000.0 (secs) that exceeded it's cutoff time of 22.525585990744833 (secs) by 89977.47441400925 (secs). Next warning at 89978.47441400925 (secs)  
17:04:49.880 [main] INFO  c.u.c.b.s.c.SequentialModelBasedAlgorithmConfiguration - Updated estimated penalized average runtime (PAR10) of the same incumbent: 10018.30387678147; estimate now based on 10 runs.
19:44:22.429 [main] INFO  c.u.c.b.s.c.SequentialModelBasedAlgorithmConfiguration - Updated estimated penalized average runtime (PAR10) of the same incumbent: 9113.298736268827; estimate now based on 11 runs.
19:44:32.869 [CLI TAE (Master Thread - #0)] ERROR c.u.c.b.a.t.b.c.CommandLineAlgorithmRun - The following algorithm call failed: cd "/proj/SMACK/smac/example_scenarios/seq_rs" ;  ../wrapper.py /proj/SMACK/sv-benchmarks/c/systemc/token_ring.08_false-unreach-call_false-termination.cil.c 0 83.2241311561048 2147483647 -1 -/bopt:boolControlVC 'True' -/bopt:z3opt:SMT.MBQI 'False' -/deepAsserts 'False' -/di 'True' -/doNotUseLabels 'True' -/noCallTreeReuse 'True' -/noInitPruning 'False' -/nonUniformUnfolding 'False' -/staticInlining 'True' -/trackAllVars 'True' -/useArrayTheoryCheck '0'  
19:44:32.870 [CLI TAE (Master Thread - #0)] ERROR c.u.c.b.a.t.b.c.CommandLineAlgorithmRun - The last 1 lines of output we saw were:
19:44:32.870 [CLI TAE (Master Thread - #0)] ERROR c.u.c.b.a.t.b.c.CommandLineAlgorithmRun - > Result for SMAC: CRASHED, 90000, 0, 0, -1
20:52:32.127 [main] INFO  c.u.c.b.s.c.SequentialModelBasedAlgorithmConfiguration - Updated estimated penalized average runtime (PAR10) of the same incumbent: 7728.113155988516; estimate now based on 13 runs.
20:55:50.290 [CLI TAE Observer Threads (2-1)] WARN  c.u.c.b.a.t.d.s.TimingCheckerTargetAlgorithmEvaluator - We have been waiting for 198.08 seconds for a run that should have taken at most 65.878741059798 seconds.
 The sample call for the run that is delayed is: cd "/proj/SMACK/smac/example_scenarios/seq_rs" ;  ../wrapper.py /proj/SMACK/sv-benchmarks/c/seq-mthreaded/pals_lcr-var-start-time.6_false-unreach-call.2.ufo.BOUNDED-12.pals_true-termination.c 0 65.878741059798 2147483647 -1 -/bopt:boolControlVC 'True' -/bopt:z3opt:SMT.MBQI 'False' -/deepAsserts 'False' -/di 'True' -/doNotUseLabels 'False' -/noCallTreeReuse 'False' -/noInitPruning 'False' -/nonUniformUnfolding 'False' -/staticInlining 'False' -/trackAllVars 'False' -/useArrayTheoryCheck '2'  
20:56:01.746 [CLI TAE Callback Threads (3-32)] WARN  c.u.c.b.a.t.d.s.TimingCheckerTargetAlgorithmEvaluator - Algorithm Run Result reported wallclock time of 209.578 (secs) that exceeded it's cutoff time of 65.878741059798 (secs) by 143.69925894020201 (secs). Next warning at 144.69925894020201 (secs)  
21:27:24.983 [main] INFO  c.u.c.b.s.c.SequentialModelBasedAlgorithmConfiguration - Updated estimated penalized average runtime (PAR10) of the same incumbent: 8604.676501989336; estimate now based on 14 runs.
23:06:20.449 [CLI TAE Observer Threads (2-1)] WARN  c.u.c.b.a.t.d.s.TimingCheckerTargetAlgorithmEvaluator - We have been waiting for 198.087 seconds for a run that should have taken at most 65.88134047423601 seconds.
 The sample call for the run that is delayed is: cd "/proj/SMACK/smac/example_scenarios/seq_rs" ;  ../wrapper.py /proj/SMACK/sv-benchmarks/c/seq-mthreaded/pals_lcr-var-start-time.6_false-unreach-call.2.ufo.BOUNDED-12.pals_true-termination.c 0 65.88134047423601 2147483647 -1 -/bopt:boolControlVC 'False' -/bopt:z3opt:SMT.MBQI 'True' -/bopt:z3opt:SMT.MBQI.MAX_ITERATIONS '21261' -/deepAsserts 'False' -/di 'True' -/doNotUseLabels 'False' -/noCallTreeReuse 'True' -/noInitPruning 'False' -/nonUniformUnfolding 'True' -/staticInlining 'False' -/trackAllVars 'True' -/useArrayTheoryCheck '2'  
23:14:36.114 [CLI TAE Observer Threads (2-1)] WARN  c.u.c.b.a.t.d.h.KillCaptimeExceedingRunsRunsTargetAlgorithmEvaluatorDecorator - Killed run <Instance:116, Seed:-1, Config:0x4808E, Kappa:65.88134047423601, Execution Config: 0x0001> at 659.1024 for exceeding 10.0 times its cutoff time of 65.88134047423601 (secs)
23:14:36.620 [CLI TAE Callback Threads (3-37)] WARN  c.u.c.b.a.t.d.s.TimingCheckerTargetAlgorithmEvaluator - Algorithm Run Result reported wallclock time of 694.325 (secs) that exceeded it's cutoff time of 65.88134047423601 (secs) by 628.443659525764 (secs). Next warning at 629.443659525764 (secs)  
23:46:00.425 [main] INFO  c.u.c.b.s.c.SequentialModelBasedAlgorithmConfiguration - Updated estimated penalized average runtime (PAR10) of the same incumbent: 8782.560465231512; estimate now based on 16 runs.
03:14:34.732 [CLI TAE Observer Threads (2-1)] WARN  c.u.c.b.a.t.d.s.TimingCheckerTargetAlgorithmEvaluator - We have been waiting for 932.888 seconds for a run that should have taken at most 310.820078000772 seconds.
 The sample call for the run that is delayed is: cd "/proj/SMACK/smac/example_scenarios/seq_rs" ;  ../wrapper.py /proj/SMACK/sv-benchmarks/c/seq-mthreaded/pals_opt-floodmax.3_overflow_false-unreach-call.ufo.UNBOUNDED.pals.c 0 310.820078000772 2147483647 -1 -/bopt:boolControlVC 'True' -/bopt:z3opt:SMT.MBQI 'True' -/bopt:z3opt:SMT.MBQI.MAX_ITERATIONS '24795' -/deepAsserts 'True' -/di 'True' -/doNotUseLabels 'False' -/noCallTreeReuse 'True' -/noInitPruning 'False' -/nonUniformUnfolding 'True' -/staticInlining 'False' -/trackAllVars 'True' -/useArrayTheoryCheck '1'  
03:30:23.567 [CLI TAE Callback Threads (3-47)] WARN  c.u.c.b.a.t.d.s.TimingCheckerTargetAlgorithmEvaluator - Algorithm Run Result reported wallclock time of 1881.876 (secs) that exceeded it's cutoff time of 310.820078000772 (secs) by 1571.0559219992278 (secs). Next warning at 1572.0559219992278 (secs)  
03:30:24.161 [main] INFO  c.u.c.b.s.c.SequentialModelBasedAlgorithmConfiguration - Updated estimated penalized average runtime (PAR10) of the same incumbent: 9442.40984962966; estimate now based on 17 runs.
03:30:30.058 [CLI TAE (Master Thread - #0)] ERROR c.u.c.b.a.t.b.c.CommandLineAlgorithmRun - The following algorithm call failed: cd "/proj/SMACK/smac/example_scenarios/seq_rs" ;  ../wrapper.py /proj/SMACK/sv-benchmarks/c/seq-mthreaded/pals_opt-floodmax.3_overflow_false-unreach-call.ufo.UNBOUNDED.pals.c 0 2000.0 2147483647 -1 -/bopt:boolControlVC 'True' -/bopt:z3opt:SMT.MBQI 'False' -/deepAsserts 'False' -/di 'True' -/doNotUseLabels 'True' -/noCallTreeReuse 'True' -/noInitPruning 'True' -/nonUniformUnfolding 'True' -/staticInlining 'True' -/trackAllVars 'False' -/useArrayTheoryCheck '1'  
03:30:30.058 [CLI TAE (Master Thread - #0)] ERROR c.u.c.b.a.t.b.c.CommandLineAlgorithmRun - The last 1 lines of output we saw were:
03:30:30.058 [CLI TAE (Master Thread - #0)] ERROR c.u.c.b.a.t.b.c.CommandLineAlgorithmRun - > Result for SMAC: CRASHED, 90000, 0, 0, -1
03:30:38.425 [CLI TAE (Master Thread - #0)] ERROR c.u.c.b.a.t.b.c.CommandLineAlgorithmRun - The following algorithm call failed: cd "/proj/SMACK/smac/example_scenarios/seq_rs" ;  ../wrapper.py /proj/SMACK/sv-benchmarks/c/seq-mthreaded/pals_lcr-var-start-time.6_false-unreach-call.2.ufo.BOUNDED-12.pals_true-termination.c 0 138.02668134530188 2147483647 -1 -/bopt:boolControlVC 'True' -/bopt:z3opt:SMT.MBQI 'False' -/deepAsserts 'False' -/di 'True' -/doNotUseLabels 'True' -/noCallTreeReuse 'True' -/noInitPruning 'True' -/nonUniformUnfolding 'True' -/staticInlining 'True' -/trackAllVars 'False' -/useArrayTheoryCheck '1'  
03:30:38.425 [CLI TAE (Master Thread - #0)] ERROR c.u.c.b.a.t.b.c.CommandLineAlgorithmRun - The last 1 lines of output we saw were:
03:30:38.426 [CLI TAE (Master Thread - #0)] ERROR c.u.c.b.a.t.b.c.CommandLineAlgorithmRun - > Result for SMAC: CRASHED, 90000, 0, 0, -1
04:02:02.228 [main] INFO  c.u.c.b.s.c.SequentialModelBasedAlgorithmConfiguration - Updated estimated penalized average runtime (PAR10) of the same incumbent: 10028.942635761345; estimate now based on 18 runs.
06:11:10.540 [CLI TAE (Master Thread - #0)] ERROR c.u.c.b.a.t.b.c.CommandLineAlgorithmRun - The following algorithm call failed: cd "/proj/SMACK/smac/example_scenarios/seq_rs" ;  ../wrapper.py /proj/SMACK/sv-benchmarks/c/seq-mthreaded/pals_floodmax.4_false-unreach-call.2.ufo.UNBOUNDED.pals.c 0 20.95464252715111 2147483647 -1 -/bopt:boolControlVC 'True' -/bopt:z3opt:SMT.MBQI 'False' -/deepAsserts 'False' -/di 'True' -/doNotUseLabels 'True' -/noCallTreeReuse 'False' -/noInitPruning 'True' -/nonUniformUnfolding 'False' -/staticInlining 'True' -/trackAllVars 'True' -/useArrayTheoryCheck '2'  
06:11:10.540 [CLI TAE (Master Thread - #0)] ERROR c.u.c.b.a.t.b.c.CommandLineAlgorithmRun - The last 1 lines of output we saw were:
06:11:10.540 [CLI TAE (Master Thread - #0)] ERROR c.u.c.b.a.t.b.c.CommandLineAlgorithmRun - > Result for SMAC: CRASHED, 90000, 0, 0, -1
06:11:10.543 [CLI TAE Callback Threads (3-54)] WARN  c.u.c.b.a.t.d.s.TimingCheckerTargetAlgorithmEvaluator - Algorithm Run Result reported a runtime of 90000.0 (secs) that exceeded it's cutoff time of 20.95464252715111 (secs) by 89979.04535747285 (secs). Next warning at 89980.04535747285 (secs)  
06:11:36.183 [main] INFO  c.u.c.b.s.c.SequentialModelBasedAlgorithmConfiguration - Updated estimated penalized average runtime (PAR10) of the same incumbent: 9027.709914898851; estimate now based on 20 runs.
06:45:57.486 [main] INFO  c.u.c.b.s.c.SequentialModelBasedAlgorithmConfiguration - Updated estimated penalized average runtime (PAR10) of the same incumbent: 8598.71008456319; estimate now based on 21 runs.
06:46:07.877 [CLI TAE (Master Thread - #0)] ERROR c.u.c.b.a.t.b.c.CommandLineAlgorithmRun - The following algorithm call failed: cd "/proj/SMACK/smac/example_scenarios/seq_rs" ;  ../wrapper.py /proj/SMACK/sv-benchmarks/c/systemc/token_ring.08_false-unreach-call_false-termination.cil.c 0 83.2241311561048 2147483647 -1 -/bopt:boolControlVC 'False' -/bopt:z3opt:SMT.MBQI 'False' -/deepAsserts 'True' -/di 'False' -/doNotUseLabels 'False' -/noCallTreeReuse 'True' -/noInitPruning 'True' -/nonUniformUnfolding 'False' -/staticInlining 'True' -/trackAllVars 'True' -/useArrayTheoryCheck '0'  
06:46:07.878 [CLI TAE (Master Thread - #0)] ERROR c.u.c.b.a.t.b.c.CommandLineAlgorithmRun - The last 1 lines of output we saw were:
06:46:07.878 [CLI TAE (Master Thread - #0)] ERROR c.u.c.b.a.t.b.c.CommandLineAlgorithmRun - > Result for SMAC: CRASHED, 90000, 0, 0, -1
06:46:22.581 [main] INFO  c.u.c.b.s.c.SequentialModelBasedAlgorithmConfiguration - Updated estimated penalized average runtime (PAR10) of the same incumbent: 8208.459944226506; estimate now based on 22 runs.
08:34:28.582 [CLI TAE (Master Thread - #0)] ERROR c.u.c.b.a.t.b.c.CommandLineAlgorithmRun - The following algorithm call failed: cd "/proj/SMACK/smac/example_scenarios/seq_rs" ;  ../wrapper.py /proj/SMACK/sv-benchmarks/c/seq-mthreaded/pals_opt-floodmax.4_false-unreach-call.2.ufo.UNBOUNDED.pals.c 0 25.330121711242203 2147483647 -1 -/bopt:boolControlVC 'False' -/bopt:z3opt:SMT.MBQI 'True' -/bopt:z3opt:SMT.MBQI.MAX_ITERATIONS '27087' -/deepAsserts 'True' -/di 'False' -/doNotUseLabels 'False' -/noCallTreeReuse 'False' -/noInitPruning 'True' -/nonUniformUnfolding 'False' -/staticInlining 'True' -/trackAllVars 'False' -/useArrayTheoryCheck '1'  
08:34:28.582 [CLI TAE (Master Thread - #0)] ERROR c.u.c.b.a.t.b.c.CommandLineAlgorithmRun - The last 1 lines of output we saw were:
08:34:28.582 [CLI TAE (Master Thread - #0)] ERROR c.u.c.b.a.t.b.c.CommandLineAlgorithmRun - > Result for SMAC: CRASHED, 90000, 0, 0, -1
09:05:53.176 [main] INFO  c.u.c.b.s.c.SequentialModelBasedAlgorithmConfiguration - Updated estimated penalized average runtime (PAR10) of the same incumbent: 8358.110620200616; estimate now based on 24 runs.
11:46:39.123 [main] INFO  c.u.c.b.s.c.SequentialModelBasedAlgorithmConfiguration - Updated estimated penalized average runtime (PAR10) of the same incumbent: 8025.150887155516; estimate now based on 25 runs.
14:10:51.456 [CLI TAE Observer Threads (2-1)] WARN  c.u.c.b.a.t.d.s.TimingCheckerTargetAlgorithmEvaluator - We have been waiting for 1056.926 seconds for a run that should have taken at most 352.2138859968364 seconds.
 The sample call for the run that is delayed is: cd "/proj/SMACK/smac/example_scenarios/seq_rs" ;  ../wrapper.py /proj/SMACK/sv-benchmarks/c/seq-mthreaded/pals_opt-floodmax.5_false-unreach-call.4.ufo.UNBOUNDED.pals.c 0 352.2138859968364 2147483647 -1 -/bopt:boolControlVC 'True' -/bopt:z3opt:SMT.MBQI 'False' -/deepAsserts 'True' -/di 'True' -/doNotUseLabels 'False' -/noCallTreeReuse 'False' -/noInitPruning 'True' -/nonUniformUnfolding 'True' -/staticInlining 'False' -/trackAllVars 'True' -/useArrayTheoryCheck '1'  
14:56:02.107 [main] INFO  c.u.c.b.s.c.SequentialModelBasedAlgorithmConfiguration - Updated estimated penalized average runtime (PAR10) of the same incumbent: 8485.722006880304; estimate now based on 26 runs.
17:06:05.989 [CLI TAE (Master Thread - #0)] ERROR c.u.c.b.a.t.b.c.CommandLineAlgorithmRun - The following algorithm call failed: cd "/proj/SMACK/smac/example_scenarios/seq_rs" ;  ../wrapper.py /proj/SMACK/sv-benchmarks/c/seq-mthreaded/pals_opt-floodmax.5_false-unreach-call.4.ufo.UNBOUNDED.pals.c 0 265.99096524377467 2147483647 -1 -/bopt:boolControlVC 'True' -/bopt:z3opt:SMT.MBQI 'True' -/bopt:z3opt:SMT.MBQI.MAX_ITERATIONS '27184' -/deepAsserts 'False' -/di 'False' -/doNotUseLabels 'False' -/noCallTreeReuse 'True' -/noInitPruning 'True' -/nonUniformUnfolding 'False' -/staticInlining 'True' -/trackAllVars 'True' -/useArrayTheoryCheck '1'  
17:06:05.989 [CLI TAE (Master Thread - #0)] ERROR c.u.c.b.a.t.b.c.CommandLineAlgorithmRun - The last 1 lines of output we saw were:
17:06:05.990 [CLI TAE (Master Thread - #0)] ERROR c.u.c.b.a.t.b.c.CommandLineAlgorithmRun - > Result for SMAC: CRASHED, 90000, 0, 0, -1
17:06:16.925 [main] INFO  c.u.c.b.s.c.SequentialModelBasedAlgorithmConfiguration - Updated estimated penalized average runtime (PAR10) of the same incumbent: 8594.19160996163; estimate now based on 28 runs.
17:09:15.448 [main] INFO  c.u.c.b.s.c.SequentialModelBasedAlgorithmConfiguration - Updated estimated penalized average runtime (PAR10) of the same incumbent: 8302.796421272988; estimate now based on 29 runs.
18:12:33.908 [main] INFO  c.u.c.b.s.c.SequentialModelBasedAlgorithmConfiguration - Updated estimated penalized average runtime (PAR10) of the same incumbent: 9057.45471667473; estimate now based on 31 runs.
18:12:41.083 [CLI TAE (Master Thread - #0)] ERROR c.u.c.b.a.t.b.c.CommandLineAlgorithmRun - The following algorithm call failed: cd "/proj/SMACK/smac/example_scenarios/seq_rs" ;  ../wrapper.py /proj/SMACK/sv-benchmarks/c/seq-mthreaded/pals_lcr.6_overflow_false-unreach-call.ufo.UNBOUNDED.pals.c 0 2000.0 2147483647 -1 -/bopt:boolControlVC 'True' -/bopt:z3opt:SMT.MBQI 'True' -/bopt:z3opt:SMT.MBQI.MAX_ITERATIONS '16377' -/deepAsserts 'False' -/di 'True' -/doNotUseLabels 'True' -/noCallTreeReuse 'True' -/noInitPruning 'True' -/nonUniformUnfolding 'True' -/staticInlining 'True' -/trackAllVars 'True' -/useArrayTheoryCheck '1'  
18:12:41.084 [CLI TAE (Master Thread - #0)] ERROR c.u.c.b.a.t.b.c.CommandLineAlgorithmRun - The last 1 lines of output we saw were:
18:12:41.084 [CLI TAE (Master Thread - #0)] ERROR c.u.c.b.a.t.b.c.CommandLineAlgorithmRun - > Result for SMAC: CRASHED, 90000, 0, 0, -1
18:12:54.745 [CLI TAE (Master Thread - #0)] ERROR c.u.c.b.a.t.b.c.CommandLineAlgorithmRun - The following algorithm call failed: cd "/proj/SMACK/smac/example_scenarios/seq_rs" ;  ../wrapper.py /proj/SMACK/sv-benchmarks/c/systemc/transmitter.10_false-unreach-call_false-termination.cil.c 0 66.88066822324991 2147483647 -1 -/bopt:boolControlVC 'True' -/bopt:z3opt:SMT.MBQI 'True' -/bopt:z3opt:SMT.MBQI.MAX_ITERATIONS '16377' -/deepAsserts 'False' -/di 'True' -/doNotUseLabels 'True' -/noCallTreeReuse 'True' -/noInitPruning 'True' -/nonUniformUnfolding 'True' -/staticInlining 'True' -/trackAllVars 'True' -/useArrayTheoryCheck '1'  
18:12:54.745 [CLI TAE (Master Thread - #0)] ERROR c.u.c.b.a.t.b.c.CommandLineAlgorithmRun - The last 1 lines of output we saw were:
18:12:54.745 [CLI TAE (Master Thread - #0)] ERROR c.u.c.b.a.t.b.c.CommandLineAlgorithmRun - > Result for SMAC: CRASHED, 90000, 0, 0, -1
18:15:35.548 [main] INFO  c.u.c.b.s.c.SequentialModelBasedAlgorithmConfiguration - Updated estimated penalized average runtime (PAR10) of the same incumbent: 8779.357550844552; estimate now based on 32 runs.
18:47:32.117 [main] INFO  c.u.c.b.s.c.SequentialModelBasedAlgorithmConfiguration - Updated estimated penalized average runtime (PAR10) of the same incumbent: 9119.377019000778; estimate now based on 33 runs.
18:50:50.277 [CLI TAE Observer Threads (2-1)] WARN  c.u.c.b.a.t.d.s.TimingCheckerTargetAlgorithmEvaluator - We have been waiting for 198.077 seconds for a run that should have taken at most 65.878741059798 seconds.
 The sample call for the run that is delayed is: cd "/proj/SMACK/smac/example_scenarios/seq_rs" ;  ../wrapper.py /proj/SMACK/sv-benchmarks/c/seq-mthreaded/pals_lcr-var-start-time.6_false-unreach-call.2.ufo.BOUNDED-12.pals_true-termination.c 0 65.878741059798 2147483647 -1 -/bopt:boolControlVC 'False' -/bopt:z3opt:SMT.MBQI 'False' -/deepAsserts 'True' -/di 'True' -/doNotUseLabels 'True' -/noCallTreeReuse 'True' -/noInitPruning 'False' -/nonUniformUnfolding 'False' -/staticInlining 'False' -/trackAllVars 'False' -/useArrayTheoryCheck '0'  
23:50:54.497 [main] INFO  c.u.c.b.s.c.SequentialModelBasedAlgorithmConfiguration - Updated estimated penalized average runtime (PAR10) of the same incumbent: 9170.55865448543; estimate now based on 35 runs.
23:51:02.560 [CLI TAE (Master Thread - #0)] ERROR c.u.c.b.a.t.b.c.CommandLineAlgorithmRun - The following algorithm call failed: cd "/proj/SMACK/smac/example_scenarios/seq_rs" ;  ../wrapper.py /proj/SMACK/sv-benchmarks/c/seq-mthreaded/pals_floodmax.4_false-unreach-call.2.ufo.UNBOUNDED.pals.c 0 20.95464252715111 2147483647 -1 -/bopt:boolControlVC 'False' -/bopt:z3opt:SMT.MBQI 'False' -/deepAsserts 'False' -/di 'False' -/doNotUseLabels 'True' -/noCallTreeReuse 'False' -/noInitPruning 'True' -/nonUniformUnfolding 'False' -/staticInlining 'True' -/trackAllVars 'False' -/useArrayTheoryCheck '2'  
23:51:02.560 [CLI TAE (Master Thread - #0)] ERROR c.u.c.b.a.t.b.c.CommandLineAlgorithmRun - The last 1 lines of output we saw were:
23:51:02.560 [CLI TAE (Master Thread - #0)] ERROR c.u.c.b.a.t.b.c.CommandLineAlgorithmRun - > Result for SMAC: CRASHED, 90000, 0, 0, -1
23:51:20.349 [main] INFO  c.u.c.b.s.c.SequentialModelBasedAlgorithmConfiguration - Updated estimated penalized average runtime (PAR10) of the same incumbent: 8916.225626111029; estimate now based on 36 runs.
01:27:25.560 [main] INFO  c.u.c.b.s.c.SequentialModelBasedAlgorithmConfiguration - Updated estimated penalized average runtime (PAR10) of the same incumbent: 9215.787095675596; estimate now based on 37 runs.
02:32:28.111 [CLI TAE Observer Threads (2-1)] WARN  c.u.c.b.a.t.d.h.KillCaptimeExceedingRunsRunsTargetAlgorithmEvaluatorDecorator - Killed run <Instance:245, Seed:-1, Config:0x11640D, Kappa:12.933066290217639, Execution Config: 0x0001> at 129.72820000000002 for exceeding 10.0 times its cutoff time of 12.933066290217639 (secs)
04:36:03.413 [CLI TAE Observer Threads (2-1)] WARN  c.u.c.b.a.t.d.s.TimingCheckerTargetAlgorithmEvaluator - We have been waiting for 1753.712 seconds for a run that should have taken at most 584.4626599814475 seconds.
 The sample call for the run that is delayed is: cd "/proj/SMACK/smac/example_scenarios/seq_rs" ;  ../wrapper.py /proj/SMACK/sv-benchmarks/c/seq-mthreaded/pals_opt-floodmax.5_false-unreach-call.4.ufo.UNBOUNDED.pals.c 0 584.4626599814475 2147483647 -1 -/bopt:boolControlVC 'True' -/bopt:z3opt:SMT.MBQI 'True' -/bopt:z3opt:SMT.MBQI.MAX_ITERATIONS '19429' -/deepAsserts 'True' -/di 'True' -/doNotUseLabels 'False' -/noCallTreeReuse 'False' -/noInitPruning 'True' -/nonUniformUnfolding 'False' -/staticInlining 'False' -/trackAllVars 'False' -/useArrayTheoryCheck '1'  
05:09:35.877 [main] INFO  c.u.c.b.s.c.SequentialModelBasedAlgorithmConfiguration - Updated estimated penalized average runtime (PAR10) of the same incumbent: 9256.247965592604; estimate now based on 39 runs.
05:41:09.748 [CLI TAE (Master Thread - #0)] ERROR c.u.c.b.a.t.b.c.CommandLineAlgorithmRun - The following algorithm call failed: cd "/proj/SMACK/smac/example_scenarios/seq_rs" ;  ../wrapper.py /proj/SMACK/sv-benchmarks/c/seq-mthreaded/pals_opt-floodmax.3_false-unreach-call.1.ufo.BOUNDED-6.pals_true-termination.c 0 33.37848269228935 2147483647 -1 -/bopt:boolControlVC 'True' -/bopt:z3opt:SMT.MBQI 'True' -/bopt:z3opt:SMT.MBQI.MAX_ITERATIONS '15472' -/deepAsserts 'True' -/di 'True' -/doNotUseLabels 'True' -/noCallTreeReuse 'False' -/noInitPruning 'True' -/nonUniformUnfolding 'False' -/staticInlining 'True' -/trackAllVars 'False' -/useArrayTheoryCheck '2'  
05:41:09.748 [CLI TAE (Master Thread - #0)] ERROR c.u.c.b.a.t.b.c.CommandLineAlgorithmRun - The last 1 lines of output we saw were:
05:41:09.749 [CLI TAE (Master Thread - #0)] ERROR c.u.c.b.a.t.b.c.CommandLineAlgorithmRun - > Result for SMAC: CRASHED, 90000, 0, 0, -1
05:41:19.274 [main] INFO  c.u.c.b.s.c.SequentialModelBasedAlgorithmConfiguration - Updated estimated penalized average runtime (PAR10) of the same incumbent: 9025.00365565419; estimate now based on 40 runs.
06:27:35.219 [CLI TAE Observer Threads (2-1)] WARN  c.u.c.b.a.t.d.s.TimingCheckerTargetAlgorithmEvaluator - We have been waiting for 892.237 seconds for a run that should have taken at most 297.265810974288 seconds.
 The sample call for the run that is delayed is: cd "/proj/SMACK/smac/example_scenarios/seq_rs" ;  ../wrapper.py /proj/SMACK/sv-benchmarks/c/seq-mthreaded/pals_opt-floodmax.5_false-unreach-call.4.ufo.UNBOUNDED.pals.c 0 297.265810974288 2147483647 -1 -/bopt:boolControlVC 'True' -/bopt:z3opt:SMT.MBQI 'False' -/deepAsserts 'False' -/di 'True' -/doNotUseLabels 'False' -/noCallTreeReuse 'False' -/noInitPruning 'False' -/nonUniformUnfolding 'True' -/staticInlining 'False' -/trackAllVars 'True' -/useArrayTheoryCheck '1'  
06:44:05.412 [CLI TAE Callback Threads (3-113)] WARN  c.u.c.b.a.t.d.s.TimingCheckerTargetAlgorithmEvaluator - Algorithm Run Result reported wallclock time of 1882.422 (secs) that exceeded it's cutoff time of 297.265810974288 (secs) by 1585.1561890257121 (secs). Next warning at 1586.1561890257121 (secs)  
06:44:16.363 [main] INFO  c.u.c.b.s.c.SequentialModelBasedAlgorithmConfiguration - Updated estimated penalized average runtime (PAR10) of the same incumbent: 8805.12926727388; estimate now based on 41 runs.
06:57:22.251 [CLI TAE (Master Thread - #0)] ERROR c.u.c.b.a.t.b.c.CommandLineAlgorithmRun - The following algorithm call failed: cd "/proj/SMACK/smac/example_scenarios/seq_rs" ;  ../wrapper.py /proj/SMACK/sv-benchmarks/c/seq-mthreaded/rekh_nxt_true-unreach-call.3.M4.c 0 2000.0 2147483647 -1 -/bopt:boolControlVC 'True' -/bopt:z3opt:SMT.MBQI 'False' -/deepAsserts 'False' -/di 'True' -/doNotUseLabels 'True' -/noCallTreeReuse 'True' -/noInitPruning 'True' -/nonUniformUnfolding 'False' -/staticInlining 'False' -/trackAllVars 'True' -/useArrayTheoryCheck '2'  
06:57:22.252 [CLI TAE (Master Thread - #0)] ERROR c.u.c.b.a.t.b.c.CommandLineAlgorithmRun - The last 1 lines of output we saw were:
06:57:22.253 [CLI TAE (Master Thread - #0)] ERROR c.u.c.b.a.t.b.c.CommandLineAlgorithmRun - > Result for SMAC: CRASHED, 90000, 0, 0, -1
07:02:56.214 [CLI TAE Observer Threads (2-1)] WARN  c.u.c.b.a.t.d.s.TimingCheckerTargetAlgorithmEvaluator - We have been waiting for 333.297 seconds for a run that should have taken at most 111.09302964841129 seconds.
 The sample call for the run that is delayed is: cd "/proj/SMACK/smac/example_scenarios/seq_rs" ;  ../wrapper.py /proj/SMACK/sv-benchmarks/c/seq-mthreaded/pals_lcr-var-start-time.6_true-unreach-call.ufo.BOUNDED-12.pals_true-termination.c 0 111.09302964841129 2147483647 -1 -/bopt:boolControlVC 'True' -/bopt:z3opt:SMT.MBQI 'True' -/bopt:z3opt:SMT.MBQI.MAX_ITERATIONS '30939' -/deepAsserts 'False' -/di 'True' -/doNotUseLabels 'False' -/noCallTreeReuse 'False' -/noInitPruning 'True' -/nonUniformUnfolding 'True' -/staticInlining 'False' -/trackAllVars 'False' -/useArrayTheoryCheck '1'  
07:03:35.745 [main] INFO  c.u.c.b.s.c.SequentialModelBasedAlgorithmConfiguration - Updated estimated penalized average runtime (PAR10) of the same incumbent: 8860.975163748097; estimate now based on 43 runs.
07:03:44.096 [CLI TAE (Master Thread - #0)] ERROR c.u.c.b.a.t.b.c.CommandLineAlgorithmRun - The following algorithm call failed: cd "/proj/SMACK/smac/example_scenarios/seq_rs" ;  ../wrapper.py /proj/SMACK/sv-benchmarks/c/systemc/mem_slave_tlm.4_true-unreach-call_false-termination.cil.c 0 2000.0 2147483647 -1 -/bopt:boolControlVC 'True' -/bopt:z3opt:SMT.MBQI 'True' -/bopt:z3opt:SMT.MBQI.MAX_ITERATIONS '29531' -/deepAsserts 'True' -/di 'True' -/doNotUseLabels 'True' -/noCallTreeReuse 'True' -/noInitPruning 'True' -/nonUniformUnfolding 'False' -/staticInlining 'True' -/trackAllVars 'True' -/useArrayTheoryCheck '0'  
07:03:44.097 [CLI TAE (Master Thread - #0)] ERROR c.u.c.b.a.t.b.c.CommandLineAlgorithmRun - The last 1 lines of output we saw were:
07:03:44.097 [CLI TAE (Master Thread - #0)] ERROR c.u.c.b.a.t.b.c.CommandLineAlgorithmRun - > Result for SMAC: CRASHED, 90000, 0, 0, -1
07:03:50.837 [CLI TAE (Master Thread - #0)] ERROR c.u.c.b.a.t.b.c.CommandLineAlgorithmRun - The following algorithm call failed: cd "/proj/SMACK/smac/example_scenarios/seq_rs" ;  ../wrapper.py /proj/SMACK/sv-benchmarks/c/seq-mthreaded/pals_lcr-var-start-time.4_false-unreach-call.1.ufo.BOUNDED-8.pals_true-termination.c 0 2000.0 2147483647 -1 -/bopt:boolControlVC 'True' -/bopt:z3opt:SMT.MBQI 'True' -/bopt:z3opt:SMT.MBQI.MAX_ITERATIONS '29531' -/deepAsserts 'True' -/di 'True' -/doNotUseLabels 'True' -/noCallTreeReuse 'True' -/noInitPruning 'True' -/nonUniformUnfolding 'False' -/staticInlining 'True' -/trackAllVars 'True' -/useArrayTheoryCheck '0'  
07:03:50.837 [CLI TAE (Master Thread - #0)] ERROR c.u.c.b.a.t.b.c.CommandLineAlgorithmRun - The last 1 lines of output we saw were:
07:03:50.838 [CLI TAE (Master Thread - #0)] ERROR c.u.c.b.a.t.b.c.CommandLineAlgorithmRun - > Result for SMAC: CRASHED, 90000, 0, 0, -1
07:03:56.680 [CLI TAE (Master Thread - #0)] ERROR c.u.c.b.a.t.b.c.CommandLineAlgorithmRun - The following algorithm call failed: cd "/proj/SMACK/smac/example_scenarios/seq_rs" ;  ../wrapper.py /proj/SMACK/sv-benchmarks/c/seq-mthreaded/pals_lcr.7_overflow_false-unreach-call.ufo.UNBOUNDED.pals.c 0 16.126908816742898 2147483647 -1 -/bopt:boolControlVC 'True' -/bopt:z3opt:SMT.MBQI 'True' -/bopt:z3opt:SMT.MBQI.MAX_ITERATIONS '29531' -/deepAsserts 'True' -/di 'True' -/doNotUseLabels 'True' -/noCallTreeReuse 'True' -/noInitPruning 'True' -/nonUniformUnfolding 'False' -/staticInlining 'True' -/trackAllVars 'True' -/useArrayTheoryCheck '0'  
07:03:56.681 [CLI TAE (Master Thread - #0)] ERROR c.u.c.b.a.t.b.c.CommandLineAlgorithmRun - The last 1 lines of output we saw were:
07:03:56.681 [CLI TAE (Master Thread - #0)] ERROR c.u.c.b.a.t.b.c.CommandLineAlgorithmRun - > Result for SMAC: CRASHED, 90000, 0, 0, -1
07:03:56.709 [CLI TAE Callback Threads (3-116)] WARN  c.u.c.b.a.t.d.s.TimingCheckerTargetAlgorithmEvaluator - Algorithm Run Result reported a runtime of 90000.0 (secs) that exceeded it's cutoff time of 16.126908816742898 (secs) by 89983.87309118325 (secs). Next warning at 89984.87309118325 (secs)  
07:05:22.295 [main] INFO  c.u.c.b.s.c.SequentialModelBasedAlgorithmConfiguration - Updated estimated penalized average runtime (PAR10) of the same incumbent: 8661.45961643349; estimate now based on 44 runs.
08:21:28.375 [CLI TAE Observer Threads (2-1)] WARN  c.u.c.b.a.t.d.s.TimingCheckerTargetAlgorithmEvaluator - We have been waiting for 798.352 seconds for a run that should have taken at most 265.993565868932 seconds.
 The sample call for the run that is delayed is: cd "/proj/SMACK/smac/example_scenarios/seq_rs" ;  ../wrapper.py /proj/SMACK/sv-benchmarks/c/seq-mthreaded/pals_floodmax.5_overflow_false-unreach-call.ufo.UNBOUNDED.pals.c 0 265.993565868932 2147483647 -1 -/bopt:boolControlVC 'True' -/bopt:z3opt:SMT.MBQI 'False' -/deepAsserts 'True' -/di 'True' -/doNotUseLabels 'True' -/noCallTreeReuse 'True' -/noInitPruning 'False' -/nonUniformUnfolding 'False' -/staticInlining 'False' -/trackAllVars 'True' -/useArrayTheoryCheck '1'  
08:39:32.399 [CLI TAE Callback Threads (3-120)] WARN  c.u.c.b.a.t.d.s.TimingCheckerTargetAlgorithmEvaluator - Algorithm Run Result reported wallclock time of 1882.338 (secs) that exceeded it's cutoff time of 265.993565868932 (secs) by 1616.3444341310678 (secs). Next warning at 1617.3444341310678 (secs)  
09:11:02.852 [CLI TAE (Master Thread - #0)] ERROR c.u.c.b.a.t.b.c.CommandLineAlgorithmRun - The following algorithm call failed: cd "/proj/SMACK/smac/example_scenarios/seq_rs" ;  ../wrapper.py /proj/SMACK/sv-benchmarks/c/seq-mthreaded/pals_lcr-var-start-time.5_true-unreach-call.ufo.BOUNDED-10.pals_true-termination.c 0 32.27484541793466 2147483647 -1 -/bopt:boolControlVC 'False' -/bopt:z3opt:SMT.MBQI 'True' -/bopt:z3opt:SMT.MBQI.MAX_ITERATIONS '28023' -/deepAsserts 'False' -/di 'False' -/doNotUseLabels 'False' -/noCallTreeReuse 'True' -/noInitPruning 'True' -/nonUniformUnfolding 'True' -/staticInlining 'True' -/trackAllVars 'False' -/useArrayTheoryCheck '0'  
09:11:02.852 [CLI TAE (Master Thread - #0)] ERROR c.u.c.b.a.t.b.c.CommandLineAlgorithmRun - The last 1 lines of output we saw were:
09:11:02.853 [CLI TAE (Master Thread - #0)] ERROR c.u.c.b.a.t.b.c.CommandLineAlgorithmRun - > Result for SMAC: CRASHED, 90000, 0, 0, -1
09:11:29.481 [main] INFO  c.u.c.b.s.c.SequentialModelBasedAlgorithmConfiguration - Updated estimated penalized average runtime (PAR10) of the same incumbent: 8720.161706064056; estimate now based on 46 runs.
09:14:29.961 [CLI TAE Observer Threads (2-1)] WARN  c.u.c.b.a.t.d.s.TimingCheckerTargetAlgorithmEvaluator - We have been waiting for 180.079 seconds for a run that should have taken at most 29.03068418462873 seconds.
 The sample call for the run that is delayed is: cd "/proj/SMACK/smac/example_scenarios/seq_rs" ;  ../wrapper.py /proj/SMACK/sv-benchmarks/c/seq-mthreaded/pals_floodmax.4_false-unreach-call.1.ufo.UNBOUNDED.pals.c 0 29.03068418462873 2147483647 -1 -/bopt:boolControlVC 'True' -/bopt:z3opt:SMT.MBQI 'False' -/deepAsserts 'False' -/di 'True' -/doNotUseLabels 'False' -/noCallTreeReuse 'True' -/noInitPruning 'True' -/nonUniformUnfolding 'False' -/staticInlining 'False' -/trackAllVars 'False' -/useArrayTheoryCheck '0'  
09:16:35.304 [CLI TAE Observer Threads (2-1)] WARN  c.u.c.b.a.t.d.h.KillCaptimeExceedingRunsRunsTargetAlgorithmEvaluatorDecorator - Killed run <Instance:85, Seed:-1, Config:0x170868, Kappa:29.03068418462873, Execution Config: 0x0001> at 290.3428 for exceeding 10.0 times its cutoff time of 29.03068418462873 (secs)
09:47:58.976 [main] INFO  c.u.c.b.s.c.SequentialModelBasedAlgorithmConfiguration - Updated estimated penalized average runtime (PAR10) of the same incumbent: 8960.158265509503; estimate now based on 47 runs.
09:50:15.767 [CLI TAE Observer Threads (2-1)] WARN  c.u.c.b.a.t.d.h.KillCaptimeExceedingRunsRunsTargetAlgorithmEvaluatorDecorator - Killed run <Instance:78, Seed:-1, Config:0x17B929, Kappa:12.930465665060282, Execution Config: 0x0001> at 129.75289999999998 for exceeding 10.0 times its cutoff time of 12.930465665060282 (secs)
10:21:42.861 [main] INFO  c.u.c.b.s.c.SequentialModelBasedAlgorithmConfiguration - Updated estimated penalized average runtime (PAR10) of the same incumbent: 9190.154968311388; estimate now based on 48 runs.
16:44:14.194 [CLI TAE (Master Thread - #0)] ERROR c.u.c.b.a.t.b.c.CommandLineAlgorithmRun - The following algorithm call failed: cd "/proj/SMACK/smac/example_scenarios/seq_rs" ;  ../wrapper.py /proj/SMACK/sv-benchmarks/c/systemc/token_ring.08_false-unreach-call_false-termination.cil.c 0 83.2241311561048 2147483647 -1 -/bopt:boolControlVC 'True' -/bopt:z3opt:SMT.MBQI 'True' -/bopt:z3opt:SMT.MBQI.MAX_ITERATIONS '12923' -/deepAsserts 'True' -/di 'True' -/doNotUseLabels 'False' -/noCallTreeReuse 'False' -/noInitPruning 'True' -/nonUniformUnfolding 'True' -/staticInlining 'True' -/trackAllVars 'True' -/useArrayTheoryCheck '2'  
16:44:14.196 [CLI TAE (Master Thread - #0)] ERROR c.u.c.b.a.t.b.c.CommandLineAlgorithmRun - The last 1 lines of output we saw were:
16:44:14.196 [CLI TAE (Master Thread - #0)] ERROR c.u.c.b.a.t.b.c.CommandLineAlgorithmRun - > Result for SMAC: CRASHED, 90000, 0, 0, -1
16:44:25.888 [main] INFO  c.u.c.b.s.c.SequentialModelBasedAlgorithmConfiguration - Updated estimated penalized average runtime (PAR10) of the same incumbent: 8822.977562680244; estimate now based on 50 runs.
16:47:00.036 [main] INFO  c.u.c.b.s.c.SequentialModelBasedAlgorithmConfiguration - Updated estimated penalized average runtime (PAR10) of the same incumbent: 8651.728405784157; estimate now based on 51 runs.
17:18:43.847 [main] INFO  c.u.c.b.s.c.SequentialModelBasedAlgorithmConfiguration - Updated estimated penalized average runtime (PAR10) of the same incumbent: 8869.964397980617; estimate now based on 52 runs.
17:51:50.492 [CLI TAE (Master Thread - #0)] ERROR c.u.c.b.a.t.b.c.CommandLineAlgorithmRun - The following algorithm call failed: cd "/proj/SMACK/smac/example_scenarios/seq_rs" ;  ../wrapper.py /proj/SMACK/sv-benchmarks/c/seq-mthreaded/pals_lcr-var-start-time.6_false-unreach-call.2.ufo.BOUNDED-12.pals_true-termination.c 0 84.04794576426148 2147483647 -1 -/bopt:boolControlVC 'False' -/bopt:z3opt:SMT.MBQI 'True' -/bopt:z3opt:SMT.MBQI.MAX_ITERATIONS '21805' -/deepAsserts 'True' -/di 'True' -/doNotUseLabels 'True' -/noCallTreeReuse 'True' -/noInitPruning 'False' -/nonUniformUnfolding 'True' -/staticInlining 'True' -/trackAllVars 'True' -/useArrayTheoryCheck '0'  
17:51:50.493 [CLI TAE (Master Thread - #0)] ERROR c.u.c.b.a.t.b.c.CommandLineAlgorithmRun - The last 1 lines of output we saw were:
17:51:50.493 [CLI TAE (Master Thread - #0)] ERROR c.u.c.b.a.t.b.c.CommandLineAlgorithmRun - > Result for SMAC: CRASHED, 90000, 0, 0, -1
17:55:21.250 [main] INFO  c.u.c.b.s.c.SequentialModelBasedAlgorithmConfiguration - Updated estimated penalized average runtime (PAR10) of the same incumbent: 8545.385869096817; estimate now based on 54 runs.
17:55:51.960 [CLI TAE (Master Thread - #0)] ERROR c.u.c.b.a.t.b.c.CommandLineAlgorithmRun - The following algorithm call failed: cd "/proj/SMACK/smac/example_scenarios/seq_rs" ;  ../wrapper.py /proj/SMACK/sv-benchmarks/c/systemc/mem_slave_tlm.4_true-unreach-call_false-termination.cil.c 0 2000.0 2147483647 -1 -/bopt:boolControlVC 'False' -/bopt:z3opt:SMT.MBQI 'False' -/deepAsserts 'False' -/di 'True' -/doNotUseLabels 'True' -/noCallTreeReuse 'False' -/noInitPruning 'False' -/nonUniformUnfolding 'False' -/staticInlining 'False' -/trackAllVars 'False' -/useArrayTheoryCheck '0'  
17:55:51.961 [CLI TAE (Master Thread - #0)] ERROR c.u.c.b.a.t.b.c.CommandLineAlgorithmRun - The last 1 lines of output we saw were:
17:55:51.961 [CLI TAE (Master Thread - #0)] ERROR c.u.c.b.a.t.b.c.CommandLineAlgorithmRun - > Result for SMAC: CRASHED, 90000, 0, 0, -1
18:01:48.421 [main] INFO  c.u.c.b.s.c.SequentialModelBasedAlgorithmConfiguration - Updated estimated penalized average runtime (PAR10) of the same incumbent: 8753.651580567786; estimate now based on 55 runs.
19:41:09.447 [main] INFO  c.u.c.b.s.c.SequentialModelBasedAlgorithmConfiguration - Updated estimated penalized average runtime (PAR10) of the same incumbent: 8954.479230914789; estimate now based on 56 runs.
21:16:11.641 [main] INFO  c.u.c.b.s.c.SequentialModelBasedAlgorithmConfiguration - Updated estimated penalized average runtime (PAR10) of the same incumbent: 9335.35925743497; estimate now based on 58 runs.
05:15:23.602 [main] INFO  c.u.c.b.s.c.SequentialModelBasedAlgorithmConfiguration - Updated estimated penalized average runtime (PAR10) of the same incumbent: 9177.508988950205; estimate now based on 59 runs.
05:15:33.148 [CLI TAE (Master Thread - #0)] ERROR c.u.c.b.a.t.b.c.CommandLineAlgorithmRun - The following algorithm call failed: cd "/proj/SMACK/smac/example_scenarios/seq_rs" ;  ../wrapper.py /proj/SMACK/sv-benchmarks/c/seq-mthreaded/pals_floodmax.5_overflow_false-unreach-call.ufo.UNBOUNDED.pals.c 0 2000.0 2147483647 -1 -/bopt:boolControlVC 'False' -/bopt:z3opt:SMT.MBQI 'True' -/bopt:z3opt:SMT.MBQI.MAX_ITERATIONS '2708' -/deepAsserts 'False' -/di 'True' -/doNotUseLabels 'False' -/noCallTreeReuse 'True' -/noInitPruning 'True' -/nonUniformUnfolding 'False' -/staticInlining 'True' -/trackAllVars 'True' -/useArrayTheoryCheck '0'  
05:15:33.148 [CLI TAE (Master Thread - #0)] ERROR c.u.c.b.a.t.b.c.CommandLineAlgorithmRun - The last 1 lines of output we saw were:
05:15:33.148 [CLI TAE (Master Thread - #0)] ERROR c.u.c.b.a.t.b.c.CommandLineAlgorithmRun - > Result for SMAC: CRASHED, 90000, 0, 0, -1
05:15:45.892 [CLI TAE (Master Thread - #0)] ERROR c.u.c.b.a.t.b.c.CommandLineAlgorithmRun - The following algorithm call failed: cd "/proj/SMACK/smac/example_scenarios/seq_rs" ;  ../wrapper.py /proj/SMACK/sv-benchmarks/c/seq-mthreaded/pals_opt-floodmax.5_false-unreach-call.4.ufo.BOUNDED-10.pals_true-termination.c 0 2000.0 2147483647 -1 -/bopt:boolControlVC 'False' -/bopt:z3opt:SMT.MBQI 'True' -/bopt:z3opt:SMT.MBQI.MAX_ITERATIONS '2708' -/deepAsserts 'False' -/di 'True' -/doNotUseLabels 'False' -/noCallTreeReuse 'True' -/noInitPruning 'True' -/nonUniformUnfolding 'False' -/staticInlining 'True' -/trackAllVars 'True' -/useArrayTheoryCheck '0'  
05:15:45.893 [CLI TAE (Master Thread - #0)] ERROR c.u.c.b.a.t.b.c.CommandLineAlgorithmRun - The last 1 lines of output we saw were:
05:15:45.893 [CLI TAE (Master Thread - #0)] ERROR c.u.c.b.a.t.b.c.CommandLineAlgorithmRun - > Result for SMAC: CRASHED, 90000, 0, 0, -1
05:25:09.722 [CLI TAE Observer Threads (2-1)] WARN  c.u.c.b.a.t.d.s.TimingCheckerTargetAlgorithmEvaluator - We have been waiting for 563.798 seconds for a run that should have taken at most 187.8556799966574 seconds.
 The sample call for the run that is delayed is: cd "/proj/SMACK/smac/example_scenarios/seq_rs" ;  ../wrapper.py /proj/SMACK/sv-benchmarks/c/seq-mthreaded/rekcba_aso_false-unreach-call.4.M1.c 0 187.8556799966574 2147483647 -1 -/bopt:boolControlVC 'False' -/bopt:z3opt:SMT.MBQI 'True' -/bopt:z3opt:SMT.MBQI.MAX_ITERATIONS '2708' -/deepAsserts 'False' -/di 'True' -/doNotUseLabels 'False' -/noCallTreeReuse 'True' -/noInitPruning 'True' -/nonUniformUnfolding 'False' -/staticInlining 'True' -/trackAllVars 'True' -/useArrayTheoryCheck '0'  
05:47:11.990 [CLI TAE Callback Threads (3-169)] WARN  c.u.c.b.a.t.d.s.TimingCheckerTargetAlgorithmEvaluator - Algorithm Run Result reported wallclock time of 1886.037 (secs) that exceeded it's cutoff time of 187.8556799966574 (secs) by 1698.1813200033425 (secs). Next warning at 1699.1813200033425 (secs)  
06:19:44.950 [main] INFO  c.u.c.b.s.c.SequentialModelBasedAlgorithmConfiguration - Updated estimated penalized average runtime (PAR10) of the same incumbent: 9205.524966099218; estimate now based on 61 runs.
06:19:50.742 [CLI TAE (Master Thread - #0)] ERROR c.u.c.b.a.t.b.c.CommandLineAlgorithmRun - The following algorithm call failed: cd "/proj/SMACK/smac/example_scenarios/seq_rs" ;  ../wrapper.py /proj/SMACK/sv-benchmarks/c/seq-mthreaded/pals_opt-floodmax.3_true-unreach-call.ufo.UNBOUNDED.pals.c 0 2000.0 2147483647 -1 -/bopt:boolControlVC 'False' -/bopt:z3opt:SMT.MBQI 'True' -/bopt:z3opt:SMT.MBQI.MAX_ITERATIONS '8973' -/deepAsserts 'True' -/di 'True' -/doNotUseLabels 'False' -/noCallTreeReuse 'False' -/noInitPruning 'False' -/nonUniformUnfolding 'True' -/staticInlining 'True' -/trackAllVars 'True' -/useArrayTheoryCheck '2'  
06:19:50.742 [CLI TAE (Master Thread - #0)] ERROR c.u.c.b.a.t.b.c.CommandLineAlgorithmRun - The last 1 lines of output we saw were:
06:19:50.742 [CLI TAE (Master Thread - #0)] ERROR c.u.c.b.a.t.b.c.CommandLineAlgorithmRun - > Result for SMAC: CRASHED, 90000, 0, 0, -1
06:20:02.462 [CLI TAE (Master Thread - #0)] ERROR c.u.c.b.a.t.b.c.CommandLineAlgorithmRun - The following algorithm call failed: cd "/proj/SMACK/smac/example_scenarios/seq_rs" ;  ../wrapper.py /proj/SMACK/sv-benchmarks/c/systemc/token_ring.09_false-unreach-call_false-termination.cil.c 0 121.18345889111163 2147483647 -1 -/bopt:boolControlVC 'False' -/bopt:z3opt:SMT.MBQI 'True' -/bopt:z3opt:SMT.MBQI.MAX_ITERATIONS '8973' -/deepAsserts 'True' -/di 'True' -/doNotUseLabels 'False' -/noCallTreeReuse 'False' -/noInitPruning 'False' -/nonUniformUnfolding 'True' -/staticInlining 'True' -/trackAllVars 'True' -/useArrayTheoryCheck '2'  
06:20:02.462 [CLI TAE (Master Thread - #0)] ERROR c.u.c.b.a.t.b.c.CommandLineAlgorithmRun - The last 1 lines of output we saw were:
06:20:02.462 [CLI TAE (Master Thread - #0)] ERROR c.u.c.b.a.t.b.c.CommandLineAlgorithmRun - > Result for SMAC: CRASHED, 90000, 0, 0, -1
06:20:22.808 [main] INFO  c.u.c.b.s.c.SequentialModelBasedAlgorithmConfiguration - Updated estimated penalized average runtime (PAR10) of the same incumbent: 9057.29449680543; estimate now based on 62 runs.
07:28:07.620 [main] INFO  c.u.c.b.s.c.SequentialModelBasedAlgorithmConfiguration - Updated estimated penalized average runtime (PAR10) of the same incumbent: 8916.524721126694; estimate now based on 63 runs.
09:34:27.350 [main] INFO  c.u.c.b.s.c.SequentialModelBasedAlgorithmConfiguration - Updated estimated penalized average runtime (PAR10) of the same incumbent: 9257.554729707412; estimate now based on 65 runs.
09:49:51.619 [CLI TAE Observer Threads (2-1)] WARN  c.u.c.b.a.t.d.s.TimingCheckerTargetAlgorithmEvaluator - We have been waiting for 897.34 seconds for a run that should have taken at most 299.0730347934842 seconds.
 The sample call for the run that is delayed is: cd "/proj/SMACK/smac/example_scenarios/seq_rs" ;  ../wrapper.py /proj/SMACK/sv-benchmarks/c/seq-mthreaded/pals_opt-floodmax.5_false-unreach-call.3.ufo.UNBOUNDED.pals.c 0 299.0730347934842 2147483647 -1 -/bopt:boolControlVC 'False' -/bopt:z3opt:SMT.MBQI 'True' -/bopt:z3opt:SMT.MBQI.MAX_ITERATIONS '8706' -/deepAsserts 'False' -/di 'False' -/doNotUseLabels 'False' -/noCallTreeReuse 'False' -/noInitPruning 'True' -/nonUniformUnfolding 'False' -/staticInlining 'False' -/trackAllVars 'True' -/useArrayTheoryCheck '2'  
10:37:46.040 [main] INFO  c.u.c.b.s.c.SequentialModelBasedAlgorithmConfiguration - Updated estimated penalized average runtime (PAR10) of the same incumbent: 9420.319051984572; estimate now based on 66 runs.
12:14:09.611 [main] INFO  c.u.c.b.s.c.SequentialModelBasedAlgorithmConfiguration - Updated estimated penalized average runtime (PAR10) of the same incumbent: 9578.224737775845; estimate now based on 67 runs.
12:14:18.762 [CLI TAE (Master Thread - #0)] ERROR c.u.c.b.a.t.b.c.CommandLineAlgorithmRun - The following algorithm call failed: cd "/proj/SMACK/smac/example_scenarios/seq_rs" ;  ../wrapper.py /proj/SMACK/sv-benchmarks/c/seq-mthreaded/pals_opt-floodmax.5_false-unreach-call.3.ufo.UNBOUNDED.pals.c 0 206.85163409297468 2147483647 -1 -/bopt:boolControlVC 'False' -/bopt:z3opt:SMT.MBQI 'True' -/bopt:z3opt:SMT.MBQI.MAX_ITERATIONS '5879' -/deepAsserts 'True' -/di 'False' -/doNotUseLabels 'False' -/noCallTreeReuse 'False' -/noInitPruning 'True' -/nonUniformUnfolding 'True' -/staticInlining 'True' -/trackAllVars 'True' -/useArrayTheoryCheck '0'  
12:14:18.763 [CLI TAE (Master Thread - #0)] ERROR c.u.c.b.a.t.b.c.CommandLineAlgorithmRun - The last 1 lines of output we saw were:
12:14:18.763 [CLI TAE (Master Thread - #0)] ERROR c.u.c.b.a.t.b.c.CommandLineAlgorithmRun - > Result for SMAC: CRASHED, 90000, 0, 0, -1
21:27:09.968 [main] INFO  c.u.c.b.s.c.SequentialModelBasedAlgorithmConfiguration - Updated estimated penalized average runtime (PAR10) of the same incumbent: 9301.33403381056; estimate now based on 69 runs.
22:00:12.805 [main] INFO  c.u.c.b.s.c.SequentialModelBasedAlgorithmConfiguration - Updated estimated penalized average runtime (PAR10) of the same incumbent: 9454.17211904184; estimate now based on 70 runs.
22:02:58.296 [main] INFO  c.u.c.b.s.c.SequentialModelBasedAlgorithmConfiguration - Updated estimated penalized average runtime (PAR10) of the same incumbent: 9322.366311617288; estimate now based on 71 runs.
22:38:31.321 [main] INFO  c.u.c.b.s.c.SequentialModelBasedAlgorithmConfiguration - Updated estimated penalized average runtime (PAR10) of the same incumbent: 9067.344542219202; estimate now based on 73 runs.
22:38:37.135 [CLI TAE (Master Thread - #0)] ERROR c.u.c.b.a.t.b.c.CommandLineAlgorithmRun - The following algorithm call failed: cd "/proj/SMACK/smac/example_scenarios/seq_rs" ;  ../wrapper.py /proj/SMACK/sv-benchmarks/c/seq-mthreaded/pals_STARTPALS_Triplicated_false-unreach-call.2.ufo.UNBOUNDED.pals.c 0 20.809231501418353 2147483647 -1 -/bopt:boolControlVC 'True' -/bopt:z3opt:SMT.MBQI 'False' -/deepAsserts 'True' -/di 'True' -/doNotUseLabels 'False' -/noCallTreeReuse 'False' -/noInitPruning 'False' -/nonUniformUnfolding 'False' -/staticInlining 'True' -/trackAllVars 'False' -/useArrayTheoryCheck '2'  
22:38:37.136 [CLI TAE (Master Thread - #0)] ERROR c.u.c.b.a.t.b.c.CommandLineAlgorithmRun - The last 1 lines of output we saw were:
22:38:37.136 [CLI TAE (Master Thread - #0)] ERROR c.u.c.b.a.t.b.c.CommandLineAlgorithmRun - > Result for SMAC: CRASHED, 90000, 0, 0, -1
23:10:07.725 [main] INFO  c.u.c.b.s.c.SequentialModelBasedAlgorithmConfiguration - Updated estimated penalized average runtime (PAR10) of the same incumbent: 9215.083129486511; estimate now based on 74 runs.
23:49:15.235 [CLI TAE Observer Threads (2-2)] WARN  c.u.c.b.a.t.d.s.TimingCheckerTargetAlgorithmEvaluator - We have been waiting for 180.226 seconds for a run that should have taken at most 27.20611560006738 seconds.
 The sample call for the run that is delayed is: cd "/proj/SMACK/smac/example_scenarios/seq_rs" ;  ../wrapper.py /proj/SMACK/sv-benchmarks/c/seq-mthreaded/pals_floodmax.4_false-unreach-call.1.ufo.BOUNDED-8.pals_true-termination.c 0 27.20611560006738 2147483647 -1 -/bopt:boolControlVC 'False' -/bopt:z3opt:SMT.MBQI 'True' -/bopt:z3opt:SMT.MBQI.MAX_ITERATIONS '26377' -/deepAsserts 'True' -/di 'True' -/doNotUseLabels 'True' -/noCallTreeReuse 'False' -/noInitPruning 'False' -/nonUniformUnfolding 'True' -/staticInlining 'False' -/trackAllVars 'True' -/useArrayTheoryCheck '2'  
23:51:01.856 [CLI TAE Observer Threads (2-2)] WARN  c.u.c.b.a.t.d.h.KillCaptimeExceedingRunsRunsTargetAlgorithmEvaluatorDecorator - Killed run <Instance:84, Seed:-1, Config:0x355D67, Kappa:27.20611560006738, Execution Config: 0x0001> at 272.43055 for exceeding 10.0 times its cutoff time of 27.20611560006738 (secs)
23:51:37.272 [main] INFO  c.u.c.b.s.c.SequentialModelBasedAlgorithmConfiguration - Updated estimated penalized average runtime (PAR10) of the same incumbent: 8976.676068224391; estimate now based on 76 runs.
23:52:01.786 [main] INFO  c.u.c.b.s.c.SequentialModelBasedAlgorithmConfiguration - Updated estimated penalized average runtime (PAR10) of the same incumbent: 8860.208061298754; estimate now based on 77 runs.
00:00:03.401 [CLI TAE (Master Thread - #0)] ERROR c.u.c.b.a.t.b.c.CommandLineAlgorithmRun - The following algorithm call failed: cd "/proj/SMACK/smac/example_scenarios/seq_rs" ;  ../wrapper.py /proj/SMACK/sv-benchmarks/c/seq-mthreaded/rekcba_aso_true-unreach-call.1.M4.c 0 2000.0 2147483647 -1 -/bopt:boolControlVC 'True' -/bopt:z3opt:SMT.MBQI 'False' -/deepAsserts 'False' -/di 'True' -/doNotUseLabels 'True' -/noCallTreeReuse 'True' -/noInitPruning 'True' -/nonUniformUnfolding 'False' -/staticInlining 'False' -/trackAllVars 'True' -/useArrayTheoryCheck '2'  
00:00:03.403 [CLI TAE (Master Thread - #0)] ERROR c.u.c.b.a.t.b.c.CommandLineAlgorithmRun - The last 1 lines of output we saw were:
00:00:03.403 [CLI TAE (Master Thread - #0)] ERROR c.u.c.b.a.t.b.c.CommandLineAlgorithmRun - > Result for SMAC: CRASHED, 90000, 0, 0, -1
00:00:04.737 [main] INFO  c.u.c.b.s.c.SequentialModelBasedAlgorithmConfiguration - Updated estimated penalized average runtime (PAR10) of the same incumbent: 9003.025906666719; estimate now based on 78 runs.
00:34:40.591 [CLI TAE Observer Threads (2-2)] WARN  c.u.c.b.a.t.d.s.TimingCheckerTargetAlgorithmEvaluator - We have been waiting for 180.075 seconds for a run that should have taken at most 29.85404235159159 seconds.
 The sample call for the run that is delayed is: cd "/proj/SMACK/smac/example_scenarios/seq_rs" ;  ../wrapper.py /proj/SMACK/sv-benchmarks/c/seq-mthreaded/pals_opt-floodmax.4_false-unreach-call.1.ufo.BOUNDED-8.pals_true-termination.c 0 29.85404235159159 2147483647 -1 -/bopt:boolControlVC 'False' -/bopt:z3opt:SMT.MBQI 'True' -/bopt:z3opt:SMT.MBQI.MAX_ITERATIONS '5494' -/deepAsserts 'True' -/di 'False' -/doNotUseLabels 'False' -/noCallTreeReuse 'True' -/noInitPruning 'True' -/nonUniformUnfolding 'False' -/staticInlining 'False' -/trackAllVars 'False' -/useArrayTheoryCheck '0'  
00:36:54.786 [CLI TAE Observer Threads (2-2)] WARN  c.u.c.b.a.t.d.h.KillCaptimeExceedingRunsRunsTargetAlgorithmEvaluatorDecorator - Killed run <Instance:145, Seed:-1, Config:0x3773D2, Kappa:29.85404235159159, Execution Config: 0x0001> at 298.89375 for exceeding 10.0 times its cutoff time of 29.85404235159159 (secs)
01:08:25.967 [main] INFO  c.u.c.b.s.c.SequentialModelBasedAlgorithmConfiguration - Updated estimated penalized average runtime (PAR10) of the same incumbent: 9028.098683136688; estimate now based on 80 runs.
01:40:14.348 [main] INFO  c.u.c.b.s.c.SequentialModelBasedAlgorithmConfiguration - Updated estimated penalized average runtime (PAR10) of the same incumbent: 8916.714601763959; estimate now based on 81 runs.
01:51:12.592 [CLI TAE (Master Thread - #0)] ERROR c.u.c.b.a.t.b.c.CommandLineAlgorithmRun - The following algorithm call failed: cd "/proj/SMACK/smac/example_scenarios/seq_rs" ;  ../wrapper.py /proj/SMACK/sv-benchmarks/c/seq-mthreaded/rekcba_nxt_true-unreach-call.2.M4.c 0 2000.0 2147483647 -1 -/bopt:boolControlVC 'True' -/bopt:z3opt:SMT.MBQI 'False' -/deepAsserts 'False' -/di 'True' -/doNotUseLabels 'True' -/noCallTreeReuse 'True' -/noInitPruning 'True' -/nonUniformUnfolding 'False' -/staticInlining 'False' -/trackAllVars 'True' -/useArrayTheoryCheck '2'  
01:51:12.593 [CLI TAE (Master Thread - #0)] ERROR c.u.c.b.a.t.b.c.CommandLineAlgorithmRun - The last 1 lines of output we saw were:
01:51:12.593 [CLI TAE (Master Thread - #0)] ERROR c.u.c.b.a.t.b.c.CommandLineAlgorithmRun - > Result for SMAC: CRASHED, 90000, 0, 0, -1
01:51:13.833 [main] INFO  c.u.c.b.s.c.SequentialModelBasedAlgorithmConfiguration - Updated estimated penalized average runtime (PAR10) of the same incumbent: 9051.876618815619; estimate now based on 82 runs.
01:53:43.854 [CLI TAE Observer Threads (2-2)] WARN  c.u.c.b.a.t.d.h.KillCaptimeExceedingRunsRunsTargetAlgorithmEvaluatorDecorator - Killed run <Instance:140, Seed:-1, Config:0x391990, Kappa:14.202452253895999, Execution Config: 0x0001> at 142.46295 for exceeding 10.0 times its cutoff time of 14.202452253895999 (secs)
04:07:36.040 [main] INFO  c.u.c.b.s.c.SequentialModelBasedAlgorithmConfiguration - Updated estimated penalized average runtime (PAR10) of the same incumbent: 9312.546223129533; estimate now based on 84 runs.
04:46:03.655 [main] INFO  c.u.c.b.s.c.SequentialModelBasedAlgorithmConfiguration - Updated estimated penalized average runtime (PAR10) of the same incumbent: 9205.440403046314; estimate now based on 85 runs.
04:46:13.733 [CLI TAE (Master Thread - #0)] ERROR c.u.c.b.a.t.b.c.CommandLineAlgorithmRun - The following algorithm call failed: cd "/proj/SMACK/smac/example_scenarios/seq_rs" ;  ../wrapper.py /proj/SMACK/sv-benchmarks/c/seq-mthreaded/pals_opt-floodmax.5_overflow_false-unreach-call.ufo.UNBOUNDED.pals.c 0 2000.0 2147483647 -1 -/bopt:boolControlVC 'False' -/bopt:z3opt:SMT.MBQI 'True' -/bopt:z3opt:SMT.MBQI.MAX_ITERATIONS '18824' -/deepAsserts 'True' -/di 'True' -/doNotUseLabels 'False' -/noCallTreeReuse 'False' -/noInitPruning 'False' -/nonUniformUnfolding 'False' -/staticInlining 'True' -/trackAllVars 'False' -/useArrayTheoryCheck '1'  
04:46:13.733 [CLI TAE (Master Thread - #0)] ERROR c.u.c.b.a.t.b.c.CommandLineAlgorithmRun - The last 1 lines of output we saw were:
04:46:13.733 [CLI TAE (Master Thread - #0)] ERROR c.u.c.b.a.t.b.c.CommandLineAlgorithmRun - > Result for SMAC: CRASHED, 90000, 0, 0, -1
04:46:18.273 [CLI TAE (Master Thread - #0)] ERROR c.u.c.b.a.t.b.c.CommandLineAlgorithmRun - The following algorithm call failed: cd "/proj/SMACK/smac/example_scenarios/seq_rs" ;  ../wrapper.py /proj/SMACK/sv-benchmarks/c/seq-mthreaded/pals_lcr.3_overflow_false-unreach-call.ufo.UNBOUNDED.pals.c 0 2000.0 2147483647 -1 -/bopt:boolControlVC 'False' -/bopt:z3opt:SMT.MBQI 'True' -/bopt:z3opt:SMT.MBQI.MAX_ITERATIONS '18824' -/deepAsserts 'True' -/di 'True' -/doNotUseLabels 'False' -/noCallTreeReuse 'False' -/noInitPruning 'False' -/nonUniformUnfolding 'False' -/staticInlining 'True' -/trackAllVars 'False' -/useArrayTheoryCheck '1'  
04:46:18.274 [CLI TAE (Master Thread - #0)] ERROR c.u.c.b.a.t.b.c.CommandLineAlgorithmRun - The last 1 lines of output we saw were:
04:46:18.275 [CLI TAE (Master Thread - #0)] ERROR c.u.c.b.a.t.b.c.CommandLineAlgorithmRun - > Result for SMAC: CRASHED, 90000, 0, 0, -1
04:46:24.926 [CLI TAE (Master Thread - #0)] ERROR c.u.c.b.a.t.b.c.CommandLineAlgorithmRun - The following algorithm call failed: cd "/proj/SMACK/smac/example_scenarios/seq_rs" ;  ../wrapper.py /proj/SMACK/sv-benchmarks/c/seq-mthreaded/pals_floodmax.4_false-unreach-call.4.ufo.UNBOUNDED.pals.c 0 40.14986407791376 2147483647 -1 -/bopt:boolControlVC 'False' -/bopt:z3opt:SMT.MBQI 'True' -/bopt:z3opt:SMT.MBQI.MAX_ITERATIONS '18824' -/deepAsserts 'True' -/di 'True' -/doNotUseLabels 'False' -/noCallTreeReuse 'False' -/noInitPruning 'False' -/nonUniformUnfolding 'False' -/staticInlining 'True' -/trackAllVars 'False' -/useArrayTheoryCheck '1'  
04:46:24.927 [CLI TAE (Master Thread - #0)] ERROR c.u.c.b.a.t.b.c.CommandLineAlgorithmRun - The last 1 lines of output we saw were:
04:46:24.927 [CLI TAE (Master Thread - #0)] ERROR c.u.c.b.a.t.b.c.CommandLineAlgorithmRun - > Result for SMAC: CRASHED, 90000, 0, 0, -1
04:46:43.450 [main] INFO  c.u.c.b.s.c.SequentialModelBasedAlgorithmConfiguration - Updated estimated penalized average runtime (PAR10) of the same incumbent: 9098.498342685909; estimate now based on 86 runs.
04:49:43.924 [CLI TAE Observer Threads (2-2)] WARN  c.u.c.b.a.t.d.s.TimingCheckerTargetAlgorithmEvaluator - We have been waiting for 180.068 seconds for a run that should have taken at most 29.03068418462873 seconds.
 The sample call for the run that is delayed is: cd "/proj/SMACK/smac/example_scenarios/seq_rs" ;  ../wrapper.py /proj/SMACK/sv-benchmarks/c/seq-mthreaded/pals_floodmax.4_false-unreach-call.1.ufo.UNBOUNDED.pals.c 0 29.03068418462873 2147483647 -1 -/bopt:boolControlVC 'False' -/bopt:z3opt:SMT.MBQI 'True' -/bopt:z3opt:SMT.MBQI.MAX_ITERATIONS '9242' -/deepAsserts 'False' -/di 'True' -/doNotUseLabels 'True' -/noCallTreeReuse 'False' -/noInitPruning 'True' -/nonUniformUnfolding 'True' -/staticInlining 'False' -/trackAllVars 'False' -/useArrayTheoryCheck '1'  
04:51:49.268 [CLI TAE Observer Threads (2-2)] WARN  c.u.c.b.a.t.d.h.KillCaptimeExceedingRunsRunsTargetAlgorithmEvaluatorDecorator - Killed run <Instance:85, Seed:-1, Config:0x3D6D0E, Kappa:29.03068418462873, Execution Config: 0x0001> at 290.33140000000003 for exceeding 10.0 times its cutoff time of 29.03068418462873 (secs)
05:23:35.330 [CLI TAE (Master Thread - #0)] ERROR c.u.c.b.a.t.b.c.CommandLineAlgorithmRun - The following algorithm call failed: cd "/proj/SMACK/smac/example_scenarios/seq_rs" ;  ../wrapper.py /proj/SMACK/sv-benchmarks/c/systemc/mem_slave_tlm.4_true-unreach-call_false-termination.cil.c 0 2000.0 2147483647 -1 -/bopt:boolControlVC 'False' -/bopt:z3opt:SMT.MBQI 'False' -/deepAsserts 'True' -/di 'False' -/doNotUseLabels 'True' -/noCallTreeReuse 'True' -/noInitPruning 'False' -/nonUniformUnfolding 'False' -/staticInlining 'True' -/trackAllVars 'True' -/useArrayTheoryCheck '2'  
05:23:35.331 [CLI TAE (Master Thread - #0)] ERROR c.u.c.b.a.t.b.c.CommandLineAlgorithmRun - The last 1 lines of output we saw were:
05:23:35.331 [CLI TAE (Master Thread - #0)] ERROR c.u.c.b.a.t.b.c.CommandLineAlgorithmRun - > Result for SMAC: CRASHED, 90000, 0, 0, -1
05:23:41.379 [CLI TAE (Master Thread - #0)] ERROR c.u.c.b.a.t.b.c.CommandLineAlgorithmRun - The following algorithm call failed: cd "/proj/SMACK/smac/example_scenarios/seq_rs" ;  ../wrapper.py /proj/SMACK/sv-benchmarks/c/seq-mthreaded/pals_lcr-var-start-time.3_false-unreach-call.2.ufo.UNBOUNDED.pals.c 0 10.710148036825657 2147483647 -1 -/bopt:boolControlVC 'False' -/bopt:z3opt:SMT.MBQI 'False' -/deepAsserts 'True' -/di 'False' -/doNotUseLabels 'True' -/noCallTreeReuse 'True' -/noInitPruning 'False' -/nonUniformUnfolding 'False' -/staticInlining 'True' -/trackAllVars 'True' -/useArrayTheoryCheck '2'  
05:23:41.380 [CLI TAE (Master Thread - #0)] ERROR c.u.c.b.a.t.b.c.CommandLineAlgorithmRun - The last 1 lines of output we saw were:
05:23:41.380 [CLI TAE (Master Thread - #0)] ERROR c.u.c.b.a.t.b.c.CommandLineAlgorithmRun - > Result for SMAC: CRASHED, 90000, 0, 0, -1
05:23:41.409 [CLI TAE Callback Threads (3-234)] WARN  c.u.c.b.a.t.d.s.TimingCheckerTargetAlgorithmEvaluator - Algorithm Run Result reported a runtime of 90000.0 (secs) that exceeded it's cutoff time of 10.710148036825657 (secs) by 89989.28985196317 (secs). Next warning at 89990.28985196317 (secs)  
05:25:44.094 [main] INFO  c.u.c.b.s.c.SequentialModelBasedAlgorithmConfiguration - Updated estimated penalized average runtime (PAR10) of the same incumbent: 9120.242779284707; estimate now based on 88 runs.
06:34:38.924 [main] INFO  c.u.c.b.s.c.SequentialModelBasedAlgorithmConfiguration - Updated estimated penalized average runtime (PAR10) of the same incumbent: 9018.861488160113; estimate now based on 89 runs.
08:43:27.539 [main] INFO  c.u.c.b.s.c.SequentialModelBasedAlgorithmConfiguration - Updated estimated penalized average runtime (PAR10) of the same incumbent: 9260.205191717034; estimate now based on 91 runs.
08:43:39.185 [CLI TAE (Master Thread - #0)] ERROR c.u.c.b.a.t.b.c.CommandLineAlgorithmRun - The following algorithm call failed: cd "/proj/SMACK/smac/example_scenarios/seq_rs" ;  ../wrapper.py /proj/SMACK/sv-benchmarks/c/seq-mthreaded/pals_opt-floodmax.5_false-unreach-call.3.ufo.UNBOUNDED.pals.c 0 206.85163409297468 2147483647 -1 -/bopt:boolControlVC 'True' -/bopt:z3opt:SMT.MBQI 'False' -/deepAsserts 'True' -/di 'False' -/doNotUseLabels 'False' -/noCallTreeReuse 'False' -/noInitPruning 'True' -/nonUniformUnfolding 'True' -/staticInlining 'True' -/trackAllVars 'False' -/useArrayTheoryCheck '2'  
08:43:39.185 [CLI TAE (Master Thread - #0)] ERROR c.u.c.b.a.t.b.c.CommandLineAlgorithmRun - The last 1 lines of output we saw were:
08:43:39.185 [CLI TAE (Master Thread - #0)] ERROR c.u.c.b.a.t.b.c.CommandLineAlgorithmRun - > Result for SMAC: CRASHED, 90000, 0, 0, -1
08:47:35.366 [main] INFO  c.u.c.b.s.c.SequentialModelBasedAlgorithmConfiguration - Updated estimated penalized average runtime (PAR10) of the same incumbent: 9161.981901816684; estimate now based on 92 runs.
08:50:35.841 [CLI TAE Observer Threads (2-2)] WARN  c.u.c.b.a.t.d.s.TimingCheckerTargetAlgorithmEvaluator - We have been waiting for 180.073 seconds for a run that should have taken at most 29.85404235159159 seconds.
 The sample call for the run that is delayed is: cd "/proj/SMACK/smac/example_scenarios/seq_rs" ;  ../wrapper.py /proj/SMACK/sv-benchmarks/c/seq-mthreaded/pals_opt-floodmax.4_false-unreach-call.1.ufo.BOUNDED-8.pals_true-termination.c 0 29.85404235159159 2147483647 -1 -/bopt:boolControlVC 'False' -/bopt:z3opt:SMT.MBQI 'False' -/deepAsserts 'True' -/di 'True' -/doNotUseLabels 'False' -/noCallTreeReuse 'False' -/noInitPruning 'True' -/nonUniformUnfolding 'False' -/staticInlining 'False' -/trackAllVars 'False' -/useArrayTheoryCheck '1'  
08:52:50.030 [CLI TAE Observer Threads (2-2)] WARN  c.u.c.b.a.t.d.h.KillCaptimeExceedingRunsRunsTargetAlgorithmEvaluatorDecorator - Killed run <Instance:145, Seed:-1, Config:0x422CBE, Kappa:29.85404235159159, Execution Config: 0x0001> at 298.89565 for exceeding 10.0 times its cutoff time of 29.85404235159159 (secs)
09:24:17.562 [main] INFO  c.u.c.b.s.c.SequentialModelBasedAlgorithmConfiguration - Updated estimated penalized average runtime (PAR10) of the same incumbent: 9278.51973082941; estimate now based on 93 runs.
11:08:33.925 [CLI TAE (Master Thread - #0)] ERROR c.u.c.b.a.t.b.c.CommandLineAlgorithmRun - The following algorithm call failed: cd "/proj/SMACK/smac/example_scenarios/seq_rs" ;  ../wrapper.py /proj/SMACK/sv-benchmarks/c/seq-mthreaded/rekcba_nxt_true-unreach-call.2.M4.c 0 2000.0 2147483647 -1 -/bopt:boolControlVC 'True' -/bopt:z3opt:SMT.MBQI 'False' -/deepAsserts 'True' -/di 'False' -/doNotUseLabels 'True' -/noCallTreeReuse 'True' -/noInitPruning 'True' -/nonUniformUnfolding 'True' -/staticInlining 'False' -/trackAllVars 'True' -/useArrayTheoryCheck '2'  
11:08:33.926 [CLI TAE (Master Thread - #0)] ERROR c.u.c.b.a.t.b.c.CommandLineAlgorithmRun - The last 1 lines of output we saw were:
11:08:33.926 [CLI TAE (Master Thread - #0)] ERROR c.u.c.b.a.t.b.c.CommandLineAlgorithmRun - > Result for SMAC: CRASHED, 90000, 0, 0, -1
14:00:30.323 [CLI TAE Observer Threads (2-3)] WARN  c.u.c.b.a.t.d.s.TimingCheckerTargetAlgorithmEvaluator - We have been waiting for 620.855 seconds for a run that should have taken at most 206.8542335074127 seconds.
 The sample call for the run that is delayed is: cd "/proj/SMACK/smac/example_scenarios/seq_rs" ;  ../wrapper.py /proj/SMACK/sv-benchmarks/c/seq-mthreaded/pals_opt-floodmax.5_false-unreach-call.3.ufo.UNBOUNDED.pals.c 0 206.8542335074127 2147483647 -1 -/bopt:boolControlVC 'False' -/bopt:z3opt:SMT.MBQI 'True' -/bopt:z3opt:SMT.MBQI.MAX_ITERATIONS '19092' -/deepAsserts 'True' -/di 'True' -/doNotUseLabels 'False' -/noCallTreeReuse 'True' -/noInitPruning 'True' -/nonUniformUnfolding 'True' -/staticInlining 'False' -/trackAllVars 'False' -/useArrayTheoryCheck '0'  
14:53:05.756 [main] INFO  c.u.c.b.s.c.SequentialModelBasedAlgorithmConfiguration - Updated estimated penalized average runtime (PAR10) of the same incumbent: 9294.034635957905; estimate now based on 95 runs.
16:06:58.554 [main] INFO  c.u.c.b.s.c.SequentialModelBasedAlgorithmConfiguration - Updated estimated penalized average runtime (PAR10) of the same incumbent: 9197.39546611407; estimate now based on 96 runs.
17:16:11.447 [CLI TAE (Master Thread - #0)] ERROR c.u.c.b.a.t.b.c.CommandLineAlgorithmRun - The following algorithm call failed: cd "/proj/SMACK/smac/example_scenarios/seq_rs" ;  ../wrapper.py /proj/SMACK/sv-benchmarks/c/seq-mthreaded/rekh_aso_false-unreach-call.1.M1.c 0 2000.0 2147483647 -1 -/bopt:boolControlVC 'False' -/bopt:z3opt:SMT.MBQI 'False' -/deepAsserts 'False' -/di 'False' -/doNotUseLabels 'False' -/noCallTreeReuse 'False' -/noInitPruning 'False' -/nonUniformUnfolding 'False' -/staticInlining 'False' -/trackAllVars 'True' -/useArrayTheoryCheck '2'  
17:16:11.448 [CLI TAE (Master Thread - #0)] ERROR c.u.c.b.a.t.b.c.CommandLineAlgorithmRun - The last 1 lines of output we saw were:
17:16:11.448 [CLI TAE (Master Thread - #0)] ERROR c.u.c.b.a.t.b.c.CommandLineAlgorithmRun - > Result for SMAC: CRASHED, 90000, 0, 0, -1
19:50:18.522 [main] INFO  c.u.c.b.s.c.SequentialModelBasedAlgorithmConfiguration - Incumbent changed to: config 92 (internal ID: 0x4A432C), with penalized average runtime (PAR10): 8594.503065439554; estimate based on 96 runs.
19:50:18.523 [main] INFO  c.u.c.b.s.c.SequentialModelBasedAlgorithmConfiguration - Sample call for new incumbent config 92 (internal ID: 0x4A432C): 
cd /proj/SMACK/smac/example_scenarios/seq_rs; ../wrapper.py /proj/SMACK/sv-benchmarks/c/seq-mthreaded/pals_opt-floodmax.4_false-unreach-call.1.ufo.BOUNDED-8.pals_true-termination.c 0 2000.0 2147483647 -1 -/bopt:boolControlVC 'False' -/bopt:z3opt:SMT.MBQI 'False' -/deepAsserts 'False' -/di 'False' -/doNotUseLabels 'False' -/noCallTreeReuse 'False' -/noInitPruning 'False' -/nonUniformUnfolding 'False' -/staticInlining 'False' -/trackAllVars 'True' -/useArrayTheoryCheck '2'  
19:50:18.528 [main] INFO  c.u.c.b.s.c.SequentialModelBasedAlgorithmConfiguration - Updated estimated penalized average runtime (PAR10) of the same incumbent: 8514.99572401193; estimate now based on 97 runs.
19:51:12.101 [main] INFO  c.u.c.b.a.t.d.r.c.r.RunHistoryCachingTargetAlgorithmEvaluatorDecorator - RunHistoryCachingTargetAlgorithmEvaluatorDecorator: Cache misses 460, Cache requests 551, Hit Rate 17% 
19:51:12.101 [main] INFO  c.u.c.b.a.e.h.LogRuntimeStatistics - *****Developer Statistics*****
 Count: 50
 Incumbent ID: 92 (internal ID:0x4A432C)
 Number of PISPs for Incumbent: 97
 Number of Instances for Incumbent: 97
 Number of Configurations Run: 93
 Performance of the Incumbent: 8514.996
 Configuration Time Budget used: 2.59E7 s (1%)
 Configuration Time Budget remaining: 2.12E9 s
 Wall-clock Time Budget used: 378001.27 s (100%)
 Wall-clock Time Budget remaining: -1.27 s
 Algorithm Runs used: 551.00  (0%)
 Algorithm Runs remaining: 9.22E18 
 Model/Iteration used: 49.00  (0%)
 Model/Iteration remaining: 2.15E9 
 Sum of Target Algorithm Execution Times (treating minimum value as 0.1): 25851546.230 s
 CPU time of Configurator: 5700.025 s
 User time of Configurator: 5700.024 s
 Outstanding Runs on Target Algorithm Evaluator: 0
 Outstanding Requests on Target Algorithm Evaluator: 0
 Total Reported Algorithm Runtime: 25851546.130 s
 Sum of Measured Wallclock Runtime: 477759.313 s
 Max Memory: 976 MB
 Total Java Memory: 976 MB
 Free Java Memory: 100 MB
 * PISP count is roughly the number of runs, but doesn't included redundant runs on the same problem instance & seed
19:51:12.103 [main] INFO  c.u.c.b.smac.executors.SMACExecutor - 
=======================================================================================
SMAC has finished. Reason: wall-clock time limit (378001.272 s) has been reached.   
Total number of runs performed: 551, total configurations tried: 93.
Total CPU time used: 25857246 s, total wallclock time used: 378001 s.
SMAC's final incumbent: config 92 (internal ID: 0x4A432C), with estimated penalized average runtime (PAR10): 8514.99572401193, based on 97 run(s) on 97 training instance(s).
Sample call for this final incumbent:
cd /proj/SMACK/smac/example_scenarios/seq_rs; ../wrapper.py /proj/SMACK/sv-benchmarks/c/seq-mthreaded/pals_opt-floodmax.4_false-unreach-call.1.ufo.BOUNDED-8.pals_true-termination.c 0 2000.0 2147483647 -1 -/bopt:boolControlVC 'False' -/bopt:z3opt:SMT.MBQI 'False' -/deepAsserts 'False' -/di 'False' -/doNotUseLabels 'False' -/noCallTreeReuse 'False' -/noInitPruning 'False' -/nonUniformUnfolding 'False' -/staticInlining 'False' -/trackAllVars 'True' -/useArrayTheoryCheck '2'
=======================================================================================
19:51:12.114 [main] INFO  c.u.c.b.smac.executors.SMACExecutor - 
----------------------------------------------------------------------------------------------------------------------------------------------------------------------------
Additional information about run 157 in:/proj/SMACK/smac/example_scenarios/seq_rs/smac-output/smack-scenario_seq_rs
----------------------------------------------------------------------------------------------------------------------------------------------------------------------------
19:51:12.118 [FileSharingRunHistory Logger ( outputID:157)] INFO  c.u.c.b.a.r.FileSharingRunHistoryDecorator - At shutdown: /proj/SMACK/smac/example_scenarios/seq_rs/smac-output/smack-scenario_seq_rs/live-rundata-157.json had 428 runs added to it
19:51:12.118 [FileSharingRunHistory Logger ( outputID:157)] INFO  c.u.c.b.a.r.FileSharingRunHistoryDecorator - At shutdown: we retrieved atleast 66780 runs and added them to our current data set [live-rundata-1.json=>501, live-rundata-10.json=>486, live-rundata-100.json=>465, live-rundata-101.json=>491, live-rundata-102.json=>408, live-rundata-103.json=>490, live-rundata-104.json=>389, live-rundata-105.json=>448, live-rundata-106.json=>468, live-rundata-107.json=>490, live-rundata-108.json=>531, live-rundata-109.json=>432, live-rundata-11.json=>498, live-rundata-110.json=>442, live-rundata-111.json=>494, live-rundata-112.json=>431, live-rundata-113.json=>396, live-rundata-114.json=>479, live-rundata-115.json=>481, live-rundata-116.json=>459, live-rundata-117.json=>539, live-rundata-118.json=>489, live-rundata-119.json=>504, live-rundata-12.json=>479, live-rundata-120.json=>449, live-rundata-121.json=>503, live-rundata-122.json=>563, live-rundata-123.json=>436, live-rundata-124.json=>448, live-rundata-125.json=>482, live-rundata-126.json=>430, live-rundata-127.json=>504, live-rundata-128.json=>471, live-rundata-129.json=>464, live-rundata-13.json=>557, live-rundata-130.json=>159, live-rundata-131.json=>457, live-rundata-132.json=>424, live-rundata-133.json=>550, live-rundata-134.json=>473, live-rundata-135.json=>437, live-rundata-136.json=>438, live-rundata-137.json=>479, live-rundata-138.json=>443, live-rundata-139.json=>442, live-rundata-14.json=>246, live-rundata-140.json=>440, live-rundata-141.json=>500, live-rundata-142.json=>442, live-rundata-143.json=>493, live-rundata-144.json=>444, live-rundata-145.json=>486, live-rundata-146.json=>469, live-rundata-147.json=>425, live-rundata-148.json=>400, live-rundata-149.json=>509, live-rundata-15.json=>419, live-rundata-150.json=>439, live-rundata-151.json=>511, live-rundata-152.json=>479, live-rundata-153.json=>497, live-rundata-154.json=>403, live-rundata-155.json=>492, live-rundata-156.json=>549, live-rundata-158.json=>436, live-rundata-159.json=>467, live-rundata-16.json=>490, live-rundata-160.json=>520, live-rundata-17.json=>433, live-rundata-18.json=>432, live-rundata-19.json=>367, live-rundata-2.json=>519, live-rundata-20.json=>557, live-rundata-21.json=>418, live-rundata-22.json=>460, live-rundata-23.json=>428, live-rundata-24.json=>465, live-rundata-25.json=>461, live-rundata-26.json=>431, live-rundata-27.json=>535, live-rundata-28.json=>503, live-rundata-29.json=>427, live-rundata-3.json=>400, live-rundata-30.json=>487, live-rundata-31.json=>440, live-rundata-32.json=>511, live-rundata-33.json=>1, live-rundata-34.json=>0, live-rundata-35.json=>2, live-rundata-36.json=>2, live-rundata-37.json=>396, live-rundata-38.json=>1, live-rundata-39.json=>0, live-rundata-4.json=>407, live-rundata-40.json=>545, live-rundata-41.json=>6, live-rundata-42.json=>478, live-rundata-43.json=>3, live-rundata-44.json=>2, live-rundata-45.json=>2, live-rundata-46.json=>2, live-rundata-47.json=>4, live-rundata-48.json=>427, live-rundata-49.json=>434, live-rundata-5.json=>480, live-rundata-50.json=>539, live-rundata-51.json=>457, live-rundata-52.json=>464, live-rundata-53.json=>424, live-rundata-54.json=>424, live-rundata-55.json=>470, live-rundata-56.json=>403, live-rundata-57.json=>451, live-rundata-58.json=>563, live-rundata-59.json=>470, live-rundata-6.json=>449, live-rundata-60.json=>524, live-rundata-61.json=>429, live-rundata-62.json=>498, live-rundata-63.json=>364, live-rundata-64.json=>404, live-rundata-65.json=>425, live-rundata-66.json=>546, live-rundata-67.json=>489, live-rundata-68.json=>490, live-rundata-69.json=>389, live-rundata-7.json=>429, live-rundata-70.json=>385, live-rundata-71.json=>491, live-rundata-72.json=>371, live-rundata-73.json=>503, live-rundata-74.json=>409, live-rundata-75.json=>71, live-rundata-76.json=>450, live-rundata-77.json=>480, live-rundata-78.json=>406, live-rundata-79.json=>457, live-rundata-8.json=>356, live-rundata-80.json=>448, live-rundata-81.json=>448, live-rundata-82.json=>342, live-rundata-83.json=>473, live-rundata-84.json=>146, live-rundata-85.json=>463, live-rundata-86.json=>519, live-rundata-87.json=>545, live-rundata-88.json=>533, live-rundata-89.json=>497, live-rundata-9.json=>515, live-rundata-90.json=>506, live-rundata-91.json=>453, live-rundata-92.json=>453, live-rundata-93.json=>404, live-rundata-94.json=>431, live-rundata-95.json=>383, live-rundata-96.json=>487, live-rundata-97.json=>482, live-rundata-98.json=>485, live-rundata-99.json=>366] which now has 66589 runs (428 local)
