10:45:00.376 [CLI TAE (Master Thread - #0)] ERROR c.u.c.b.a.t.b.c.CommandLineAlgorithmRun - The following algorithm call failed: cd "/proj/SMACK/smac/example_scenarios/seq_rs" ;  ../wrapper.py /proj/SMACK/sv-benchmarks/c/systemc/token_ring.02_false-unreach-call_false-termination.cil.c 0 2000.0 2147483647 -1 -/bopt:boolControlVC 'False' -/bopt:z3opt:SMT.MBQI 'True' -/bopt:z3opt:SMT.MBQI.MAX_ITERATIONS '1000' -/deepAsserts 'False' -/di 'True' -/doNotUseLabels 'False' -/noCallTreeReuse 'False' -/noInitPruning 'False' -/nonUniformUnfolding 'False' -/staticInlining 'True' -/trackAllVars 'True' -/useArrayTheoryCheck '1'  
10:45:00.377 [CLI TAE (Master Thread - #0)] ERROR c.u.c.b.a.t.b.c.CommandLineAlgorithmRun - The last 1 lines of output we saw were:
10:45:00.377 [CLI TAE (Master Thread - #0)] ERROR c.u.c.b.a.t.b.c.CommandLineAlgorithmRun - > Result for SMAC: CRASHED, 90000, 0, 0, -1
10:45:00.396 [CLI TAE Callback Threads (3-1)] WARN  c.u.c.b.a.t.d.s.TimingCheckerTargetAlgorithmEvaluator - Algorithm Run Result reported a runtime of 90000.0 (secs) that exceeded it's cutoff time of 2000.0 (secs) by 88000.0 (secs). Next warning at 88001.0 (secs)  
10:45:00.397 [CLI TAE Callback Threads (3-1)] WARN  c.u.c.b.a.t.d.s.CrashedSolutionQualityTransformingTargetAlgorithmEvaluatorDecorator - Detected CRASHED run. The Solution Quality of CRASHED runs will be transformed to the MAX(quality, 1.0E9), to disable this use --transform-crashed-quality false to change the value use --transform-crashed-quality-value
10:45:53.443 [CLI TAE (Master Thread - #0)] ERROR c.u.c.b.a.t.b.c.CommandLineAlgorithmRun - The following algorithm call failed: cd "/proj/SMACK/smac/example_scenarios/seq_rs" ;  ../wrapper.py /proj/SMACK/sv-benchmarks/c/systemc/pipeline_false-unreach-call_false-termination.cil.c 0 2000.0 2147483647 -1 -/bopt:boolControlVC 'False' -/bopt:z3opt:SMT.MBQI 'True' -/bopt:z3opt:SMT.MBQI.MAX_ITERATIONS '1000' -/deepAsserts 'False' -/di 'True' -/doNotUseLabels 'False' -/noCallTreeReuse 'False' -/noInitPruning 'False' -/nonUniformUnfolding 'False' -/staticInlining 'True' -/trackAllVars 'True' -/useArrayTheoryCheck '1'  
10:45:53.445 [CLI TAE (Master Thread - #0)] ERROR c.u.c.b.a.t.b.c.CommandLineAlgorithmRun - The last 1 lines of output we saw were:
10:45:53.445 [CLI TAE (Master Thread - #0)] ERROR c.u.c.b.a.t.b.c.CommandLineAlgorithmRun - > Result for SMAC: CRASHED, 90000, 0, 0, -1
11:17:16.665 [main] WARN  c.u.c.b.a.r.FileSharingRunHistoryDecorator - Error occurred reading file in shared run history /proj/SMACK/smac/example_scenarios/seq_rs/smac-output/smack-scenario_seq_rs/live-rundata-44.json. We will keep trying to read this file, but will only log another error after it succeeds once. We may not be able to get it's run data but we should be able to continue
java.lang.RuntimeException: Illegal character ((CTRL-CHAR, code 0)): only regular white space (\r, \n, \t) is allowed between tokens
 at [Source: /proj/SMACK/smac/example_scenarios/seq_rs/smac-output/smack-scenario_seq_rs/live-rundata-44.json; line: 1764, column: 3]
	at com.fasterxml.jackson.databind.MappingIterator.hasNext(MappingIterator.java:112) ~[jackson-databind-2.3.1.jar:2.3.1]
	at ca.ubc.cs.beta.aeatk.runhistory.FileSharingRunHistoryDecorator.readRunsFromFile(FileSharingRunHistoryDecorator.java:418) [aeatk.jar:na]
	at ca.ubc.cs.beta.aeatk.runhistory.FileSharingRunHistoryDecorator.reReadFiles(FileSharingRunHistoryDecorator.java:339) [aeatk.jar:na]
	at ca.ubc.cs.beta.aeatk.runhistory.FileSharingRunHistoryDecorator.append(FileSharingRunHistoryDecorator.java:239) [aeatk.jar:na]
	at ca.ubc.cs.beta.aeatk.runhistory.FileSharingRunHistoryDecorator.append(FileSharingRunHistoryDecorator.java:502) [aeatk.jar:na]
	at ca.ubc.cs.beta.aeatk.runhistory.TeeRunHistory.append(TeeRunHistory.java:33) [aeatk.jar:na]
	at ca.ubc.cs.beta.aeatk.runhistory.ThreadSafeRunHistoryWrapper.append(ThreadSafeRunHistoryWrapper.java:60) [aeatk.jar:na]
	at ca.ubc.cs.beta.smac.configurator.AbstractAlgorithmFramework.updateRunHistory(AbstractAlgorithmFramework.java:1229) [smac.jar:na]
	at ca.ubc.cs.beta.smac.configurator.AbstractAlgorithmFramework.evaluateRun(AbstractAlgorithmFramework.java:1279) [smac.jar:na]
	at ca.ubc.cs.beta.smac.configurator.AbstractAlgorithmFramework.challengeIncumbent(AbstractAlgorithmFramework.java:948) [smac.jar:na]
	at ca.ubc.cs.beta.smac.configurator.AbstractAlgorithmFramework.challengeIncumbent(AbstractAlgorithmFramework.java:778) [smac.jar:na]
	at ca.ubc.cs.beta.smac.configurator.AbstractAlgorithmFramework.intensify(AbstractAlgorithmFramework.java:766) [smac.jar:na]
	at ca.ubc.cs.beta.smac.configurator.AbstractAlgorithmFramework.run(AbstractAlgorithmFramework.java:580) [smac.jar:na]
	at ca.ubc.cs.beta.smac.executors.SMACExecutor.oldMain(SMACExecutor.java:140) [smac.jar:na]
	at ca.ubc.cs.beta.smac.executors.SMACExecutor.main(SMACExecutor.java:104) [smac.jar:na]
	at sun.reflect.NativeMethodAccessorImpl.invoke0(Native Method) ~[na:1.8.0_162]
	at sun.reflect.NativeMethodAccessorImpl.invoke(NativeMethodAccessorImpl.java:62) ~[na:1.8.0_162]
	at sun.reflect.DelegatingMethodAccessorImpl.invoke(DelegatingMethodAccessorImpl.java:43) ~[na:1.8.0_162]
	at java.lang.reflect.Method.invoke(Method.java:498) ~[na:1.8.0_162]
	at ca.ubc.cs.beta.aeatk.ant.execscript.Launcher.main(Launcher.java:37) [aeatk.jar:na]
Caused by: com.fasterxml.jackson.core.JsonParseException: Illegal character ((CTRL-CHAR, code 0)): only regular white space (\r, \n, \t) is allowed between tokens
 at [Source: /proj/SMACK/smac/example_scenarios/seq_rs/smac-output/smack-scenario_seq_rs/live-rundata-44.json; line: 1764, column: 3]
	at com.fasterxml.jackson.core.JsonParser._constructError(JsonParser.java:1524) ~[jackson-core-2.3.1.jar:2.3.1]
	at com.fasterxml.jackson.core.base.ParserMinimalBase._reportError(ParserMinimalBase.java:557) ~[jackson-core-2.3.1.jar:2.3.1]
	at com.fasterxml.jackson.core.base.ParserMinimalBase._throwInvalidSpace(ParserMinimalBase.java:503) ~[jackson-core-2.3.1.jar:2.3.1]
	at com.fasterxml.jackson.core.json.UTF8StreamJsonParser._reportInvalidChar(UTF8StreamJsonParser.java:3103) ~[jackson-core-2.3.1.jar:2.3.1]
	at com.fasterxml.jackson.core.json.UTF8StreamJsonParser._skipWSOrEnd(UTF8StreamJsonParser.java:2585) ~[jackson-core-2.3.1.jar:2.3.1]
	at com.fasterxml.jackson.core.json.UTF8StreamJsonParser.nextToken(UTF8StreamJsonParser.java:650) ~[jackson-core-2.3.1.jar:2.3.1]
	at com.fasterxml.jackson.databind.MappingIterator.hasNextValue(MappingIterator.java:159) ~[jackson-databind-2.3.1.jar:2.3.1]
	at com.fasterxml.jackson.databind.MappingIterator.hasNext(MappingIterator.java:108) ~[jackson-databind-2.3.1.jar:2.3.1]
	... 19 common frames omitted
11:17:16.768 [main] WARN  c.u.c.b.a.r.FileSharingRunHistoryDecorator - Error occurred reading file in shared run history /proj/SMACK/smac/example_scenarios/seq_rs/smac-output/smack-scenario_seq_rs/live-rundata-36.json. We will keep trying to read this file, but will only log another error after it succeeds once. We may not be able to get it's run data but we should be able to continue
java.lang.RuntimeException: Unrecognized token 'algo': was expecting ('true', 'false' or 'null')
 at [Source: /proj/SMACK/smac/example_scenarios/seq_rs/smac-output/smack-scenario_seq_rs/live-rundata-36.json; line: 1764, column: 7]
	at com.fasterxml.jackson.databind.MappingIterator.hasNext(MappingIterator.java:112) ~[jackson-databind-2.3.1.jar:2.3.1]
	at ca.ubc.cs.beta.aeatk.runhistory.FileSharingRunHistoryDecorator.readRunsFromFile(FileSharingRunHistoryDecorator.java:418) [aeatk.jar:na]
	at ca.ubc.cs.beta.aeatk.runhistory.FileSharingRunHistoryDecorator.reReadFiles(FileSharingRunHistoryDecorator.java:339) [aeatk.jar:na]
	at ca.ubc.cs.beta.aeatk.runhistory.FileSharingRunHistoryDecorator.append(FileSharingRunHistoryDecorator.java:239) [aeatk.jar:na]
	at ca.ubc.cs.beta.aeatk.runhistory.FileSharingRunHistoryDecorator.append(FileSharingRunHistoryDecorator.java:502) [aeatk.jar:na]
	at ca.ubc.cs.beta.aeatk.runhistory.TeeRunHistory.append(TeeRunHistory.java:33) [aeatk.jar:na]
	at ca.ubc.cs.beta.aeatk.runhistory.ThreadSafeRunHistoryWrapper.append(ThreadSafeRunHistoryWrapper.java:60) [aeatk.jar:na]
	at ca.ubc.cs.beta.smac.configurator.AbstractAlgorithmFramework.updateRunHistory(AbstractAlgorithmFramework.java:1229) [smac.jar:na]
	at ca.ubc.cs.beta.smac.configurator.AbstractAlgorithmFramework.evaluateRun(AbstractAlgorithmFramework.java:1279) [smac.jar:na]
	at ca.ubc.cs.beta.smac.configurator.AbstractAlgorithmFramework.challengeIncumbent(AbstractAlgorithmFramework.java:948) [smac.jar:na]
	at ca.ubc.cs.beta.smac.configurator.AbstractAlgorithmFramework.challengeIncumbent(AbstractAlgorithmFramework.java:778) [smac.jar:na]
	at ca.ubc.cs.beta.smac.configurator.AbstractAlgorithmFramework.intensify(AbstractAlgorithmFramework.java:766) [smac.jar:na]
	at ca.ubc.cs.beta.smac.configurator.AbstractAlgorithmFramework.run(AbstractAlgorithmFramework.java:580) [smac.jar:na]
	at ca.ubc.cs.beta.smac.executors.SMACExecutor.oldMain(SMACExecutor.java:140) [smac.jar:na]
	at ca.ubc.cs.beta.smac.executors.SMACExecutor.main(SMACExecutor.java:104) [smac.jar:na]
	at sun.reflect.NativeMethodAccessorImpl.invoke0(Native Method) ~[na:1.8.0_162]
	at sun.reflect.NativeMethodAccessorImpl.invoke(NativeMethodAccessorImpl.java:62) ~[na:1.8.0_162]
	at sun.reflect.DelegatingMethodAccessorImpl.invoke(DelegatingMethodAccessorImpl.java:43) ~[na:1.8.0_162]
	at java.lang.reflect.Method.invoke(Method.java:498) ~[na:1.8.0_162]
	at ca.ubc.cs.beta.aeatk.ant.execscript.Launcher.main(Launcher.java:37) [aeatk.jar:na]
Caused by: com.fasterxml.jackson.core.JsonParseException: Unrecognized token 'algo': was expecting ('true', 'false' or 'null')
 at [Source: /proj/SMACK/smac/example_scenarios/seq_rs/smac-output/smack-scenario_seq_rs/live-rundata-36.json; line: 1764, column: 7]
	at com.fasterxml.jackson.core.JsonParser._constructError(JsonParser.java:1524) ~[jackson-core-2.3.1.jar:2.3.1]
	at com.fasterxml.jackson.core.base.ParserMinimalBase._reportError(ParserMinimalBase.java:557) ~[jackson-core-2.3.1.jar:2.3.1]
	at com.fasterxml.jackson.core.json.UTF8StreamJsonParser._reportInvalidToken(UTF8StreamJsonParser.java:3095) ~[jackson-core-2.3.1.jar:2.3.1]
	at com.fasterxml.jackson.core.json.UTF8StreamJsonParser._handleUnexpectedValue(UTF8StreamJsonParser.java:2340) ~[jackson-core-2.3.1.jar:2.3.1]
	at com.fasterxml.jackson.core.json.UTF8StreamJsonParser._nextTokenNotInObject(UTF8StreamJsonParser.java:818) ~[jackson-core-2.3.1.jar:2.3.1]
	at com.fasterxml.jackson.core.json.UTF8StreamJsonParser.nextToken(UTF8StreamJsonParser.java:698) ~[jackson-core-2.3.1.jar:2.3.1]
	at com.fasterxml.jackson.databind.MappingIterator.hasNextValue(MappingIterator.java:159) ~[jackson-databind-2.3.1.jar:2.3.1]
	at com.fasterxml.jackson.databind.MappingIterator.hasNext(MappingIterator.java:108) ~[jackson-databind-2.3.1.jar:2.3.1]
	... 19 common frames omitted
11:17:16.823 [main] WARN  c.u.c.b.a.r.FileSharingRunHistoryDecorator - Error occurred reading file in shared run history /proj/SMACK/smac/example_scenarios/seq_rs/smac-output/smack-scenario_seq_rs/live-rundata-33.json. We will keep trying to read this file, but will only log another error after it succeeds once. We may not be able to get it's run data but we should be able to continue
java.lang.RuntimeException: Unexpected close marker '}': expected ']' (for ROOT starting at [Source: /proj/SMACK/smac/example_scenarios/seq_rs/smac-output/smack-scenario_seq_rs/live-rundata-33.json; line: 1, column: 0])
 at [Source: /proj/SMACK/smac/example_scenarios/seq_rs/smac-output/smack-scenario_seq_rs/live-rundata-33.json; line: 1722, column: 3]
	at com.fasterxml.jackson.databind.MappingIterator.hasNext(MappingIterator.java:112) ~[jackson-databind-2.3.1.jar:2.3.1]
	at ca.ubc.cs.beta.aeatk.runhistory.FileSharingRunHistoryDecorator.readRunsFromFile(FileSharingRunHistoryDecorator.java:418) [aeatk.jar:na]
	at ca.ubc.cs.beta.aeatk.runhistory.FileSharingRunHistoryDecorator.reReadFiles(FileSharingRunHistoryDecorator.java:339) [aeatk.jar:na]
	at ca.ubc.cs.beta.aeatk.runhistory.FileSharingRunHistoryDecorator.append(FileSharingRunHistoryDecorator.java:239) [aeatk.jar:na]
	at ca.ubc.cs.beta.aeatk.runhistory.FileSharingRunHistoryDecorator.append(FileSharingRunHistoryDecorator.java:502) [aeatk.jar:na]
	at ca.ubc.cs.beta.aeatk.runhistory.TeeRunHistory.append(TeeRunHistory.java:33) [aeatk.jar:na]
	at ca.ubc.cs.beta.aeatk.runhistory.ThreadSafeRunHistoryWrapper.append(ThreadSafeRunHistoryWrapper.java:60) [aeatk.jar:na]
	at ca.ubc.cs.beta.smac.configurator.AbstractAlgorithmFramework.updateRunHistory(AbstractAlgorithmFramework.java:1229) [smac.jar:na]
	at ca.ubc.cs.beta.smac.configurator.AbstractAlgorithmFramework.evaluateRun(AbstractAlgorithmFramework.java:1279) [smac.jar:na]
	at ca.ubc.cs.beta.smac.configurator.AbstractAlgorithmFramework.challengeIncumbent(AbstractAlgorithmFramework.java:948) [smac.jar:na]
	at ca.ubc.cs.beta.smac.configurator.AbstractAlgorithmFramework.challengeIncumbent(AbstractAlgorithmFramework.java:778) [smac.jar:na]
	at ca.ubc.cs.beta.smac.configurator.AbstractAlgorithmFramework.intensify(AbstractAlgorithmFramework.java:766) [smac.jar:na]
	at ca.ubc.cs.beta.smac.configurator.AbstractAlgorithmFramework.run(AbstractAlgorithmFramework.java:580) [smac.jar:na]
	at ca.ubc.cs.beta.smac.executors.SMACExecutor.oldMain(SMACExecutor.java:140) [smac.jar:na]
	at ca.ubc.cs.beta.smac.executors.SMACExecutor.main(SMACExecutor.java:104) [smac.jar:na]
	at sun.reflect.NativeMethodAccessorImpl.invoke0(Native Method) ~[na:1.8.0_162]
	at sun.reflect.NativeMethodAccessorImpl.invoke(NativeMethodAccessorImpl.java:62) ~[na:1.8.0_162]
	at sun.reflect.DelegatingMethodAccessorImpl.invoke(DelegatingMethodAccessorImpl.java:43) ~[na:1.8.0_162]
	at java.lang.reflect.Method.invoke(Method.java:498) ~[na:1.8.0_162]
	at ca.ubc.cs.beta.aeatk.ant.execscript.Launcher.main(Launcher.java:37) [aeatk.jar:na]
Caused by: com.fasterxml.jackson.core.JsonParseException: Unexpected close marker '}': expected ']' (for ROOT starting at [Source: /proj/SMACK/smac/example_scenarios/seq_rs/smac-output/smack-scenario_seq_rs/live-rundata-33.json; line: 1, column: 0])
 at [Source: /proj/SMACK/smac/example_scenarios/seq_rs/smac-output/smack-scenario_seq_rs/live-rundata-33.json; line: 1722, column: 3]
	at com.fasterxml.jackson.core.JsonParser._constructError(JsonParser.java:1524) ~[jackson-core-2.3.1.jar:2.3.1]
	at com.fasterxml.jackson.core.base.ParserMinimalBase._reportError(ParserMinimalBase.java:557) ~[jackson-core-2.3.1.jar:2.3.1]
	at com.fasterxml.jackson.core.base.ParserBase._reportMismatchedEndMarker(ParserBase.java:501) ~[jackson-core-2.3.1.jar:2.3.1]
	at com.fasterxml.jackson.core.json.UTF8StreamJsonParser.nextToken(UTF8StreamJsonParser.java:679) ~[jackson-core-2.3.1.jar:2.3.1]
	at com.fasterxml.jackson.databind.MappingIterator.hasNextValue(MappingIterator.java:159) ~[jackson-databind-2.3.1.jar:2.3.1]
	at com.fasterxml.jackson.databind.MappingIterator.hasNext(MappingIterator.java:108) ~[jackson-databind-2.3.1.jar:2.3.1]
	... 19 common frames omitted
11:17:17.035 [main] WARN  c.u.c.b.a.r.FileSharingRunHistoryDecorator - Error occurred reading file in shared run history /proj/SMACK/smac/example_scenarios/seq_rs/smac-output/smack-scenario_seq_rs/live-rundata-35.json. We will keep trying to read this file, but will only log another error after it succeeds once. We may not be able to get it's run data but we should be able to continue
com.fasterxml.jackson.core.JsonParseException: Unexpected character ('{' (code 123)): was expecting comma to separate OBJECT entries
 at [Source: /proj/SMACK/smac/example_scenarios/seq_rs/smac-output/smack-scenario_seq_rs/live-rundata-35.json; line: 1722, column: 3]
	at com.fasterxml.jackson.core.JsonParser._constructError(JsonParser.java:1524) ~[jackson-core-2.3.1.jar:2.3.1]
	at com.fasterxml.jackson.core.base.ParserMinimalBase._reportError(ParserMinimalBase.java:557) ~[jackson-core-2.3.1.jar:2.3.1]
	at com.fasterxml.jackson.core.base.ParserMinimalBase._reportUnexpectedChar(ParserMinimalBase.java:475) ~[jackson-core-2.3.1.jar:2.3.1]
	at com.fasterxml.jackson.core.json.UTF8StreamJsonParser.nextToken(UTF8StreamJsonParser.java:688) ~[jackson-core-2.3.1.jar:2.3.1]
	at com.fasterxml.jackson.core.base.ParserMinimalBase.nextValue(ParserMinimalBase.java:123) ~[jackson-core-2.3.1.jar:2.3.1]
	at ca.ubc.cs.beta.aeatk.json.serializers.AlgorithmRunResultJson$AlgorithmRunDeserializer.deserialize(AlgorithmRunResultJson.java:57) ~[aeatk.jar:na]
	at ca.ubc.cs.beta.aeatk.json.serializers.AlgorithmRunResultJson$AlgorithmRunDeserializer.deserialize(AlgorithmRunResultJson.java:30) ~[aeatk.jar:na]
	at com.fasterxml.jackson.databind.MappingIterator.nextValue(MappingIterator.java:189) ~[jackson-databind-2.3.1.jar:2.3.1]
	at ca.ubc.cs.beta.aeatk.runhistory.FileSharingRunHistoryDecorator.readRunsFromFile(FileSharingRunHistoryDecorator.java:421) [aeatk.jar:na]
	at ca.ubc.cs.beta.aeatk.runhistory.FileSharingRunHistoryDecorator.reReadFiles(FileSharingRunHistoryDecorator.java:339) [aeatk.jar:na]
	at ca.ubc.cs.beta.aeatk.runhistory.FileSharingRunHistoryDecorator.append(FileSharingRunHistoryDecorator.java:239) [aeatk.jar:na]
	at ca.ubc.cs.beta.aeatk.runhistory.FileSharingRunHistoryDecorator.append(FileSharingRunHistoryDecorator.java:502) [aeatk.jar:na]
	at ca.ubc.cs.beta.aeatk.runhistory.TeeRunHistory.append(TeeRunHistory.java:33) [aeatk.jar:na]
	at ca.ubc.cs.beta.aeatk.runhistory.ThreadSafeRunHistoryWrapper.append(ThreadSafeRunHistoryWrapper.java:60) [aeatk.jar:na]
	at ca.ubc.cs.beta.smac.configurator.AbstractAlgorithmFramework.updateRunHistory(AbstractAlgorithmFramework.java:1229) [smac.jar:na]
	at ca.ubc.cs.beta.smac.configurator.AbstractAlgorithmFramework.evaluateRun(AbstractAlgorithmFramework.java:1279) [smac.jar:na]
	at ca.ubc.cs.beta.smac.configurator.AbstractAlgorithmFramework.challengeIncumbent(AbstractAlgorithmFramework.java:948) [smac.jar:na]
	at ca.ubc.cs.beta.smac.configurator.AbstractAlgorithmFramework.challengeIncumbent(AbstractAlgorithmFramework.java:778) [smac.jar:na]
	at ca.ubc.cs.beta.smac.configurator.AbstractAlgorithmFramework.intensify(AbstractAlgorithmFramework.java:766) [smac.jar:na]
	at ca.ubc.cs.beta.smac.configurator.AbstractAlgorithmFramework.run(AbstractAlgorithmFramework.java:580) [smac.jar:na]
	at ca.ubc.cs.beta.smac.executors.SMACExecutor.oldMain(SMACExecutor.java:140) [smac.jar:na]
	at ca.ubc.cs.beta.smac.executors.SMACExecutor.main(SMACExecutor.java:104) [smac.jar:na]
	at sun.reflect.NativeMethodAccessorImpl.invoke0(Native Method) ~[na:1.8.0_162]
	at sun.reflect.NativeMethodAccessorImpl.invoke(NativeMethodAccessorImpl.java:62) ~[na:1.8.0_162]
	at sun.reflect.DelegatingMethodAccessorImpl.invoke(DelegatingMethodAccessorImpl.java:43) ~[na:1.8.0_162]
	at java.lang.reflect.Method.invoke(Method.java:498) ~[na:1.8.0_162]
	at ca.ubc.cs.beta.aeatk.ant.execscript.Launcher.main(Launcher.java:37) [aeatk.jar:na]
11:17:17.046 [main] WARN  c.u.c.b.a.r.FileSharingRunHistoryDecorator - Error occurred reading file in shared run history /proj/SMACK/smac/example_scenarios/seq_rs/smac-output/smack-scenario_seq_rs/live-rundata-43.json. We will keep trying to read this file, but will only log another error after it succeeds once. We may not be able to get it's run data but we should be able to continue
com.fasterxml.jackson.core.JsonParseException: Unexpected character ('{' (code 123)): was expecting comma to separate OBJECT entries
 at [Source: /proj/SMACK/smac/example_scenarios/seq_rs/smac-output/smack-scenario_seq_rs/live-rundata-43.json; line: 1722, column: 3]
	at com.fasterxml.jackson.core.JsonParser._constructError(JsonParser.java:1524) ~[jackson-core-2.3.1.jar:2.3.1]
	at com.fasterxml.jackson.core.base.ParserMinimalBase._reportError(ParserMinimalBase.java:557) ~[jackson-core-2.3.1.jar:2.3.1]
	at com.fasterxml.jackson.core.base.ParserMinimalBase._reportUnexpectedChar(ParserMinimalBase.java:475) ~[jackson-core-2.3.1.jar:2.3.1]
	at com.fasterxml.jackson.core.json.UTF8StreamJsonParser.nextToken(UTF8StreamJsonParser.java:688) ~[jackson-core-2.3.1.jar:2.3.1]
	at com.fasterxml.jackson.core.base.ParserMinimalBase.nextValue(ParserMinimalBase.java:123) ~[jackson-core-2.3.1.jar:2.3.1]
	at ca.ubc.cs.beta.aeatk.json.serializers.AlgorithmRunResultJson$AlgorithmRunDeserializer.deserialize(AlgorithmRunResultJson.java:57) ~[aeatk.jar:na]
	at ca.ubc.cs.beta.aeatk.json.serializers.AlgorithmRunResultJson$AlgorithmRunDeserializer.deserialize(AlgorithmRunResultJson.java:30) ~[aeatk.jar:na]
	at com.fasterxml.jackson.databind.MappingIterator.nextValue(MappingIterator.java:189) ~[jackson-databind-2.3.1.jar:2.3.1]
	at ca.ubc.cs.beta.aeatk.runhistory.FileSharingRunHistoryDecorator.readRunsFromFile(FileSharingRunHistoryDecorator.java:421) [aeatk.jar:na]
	at ca.ubc.cs.beta.aeatk.runhistory.FileSharingRunHistoryDecorator.reReadFiles(FileSharingRunHistoryDecorator.java:339) [aeatk.jar:na]
	at ca.ubc.cs.beta.aeatk.runhistory.FileSharingRunHistoryDecorator.append(FileSharingRunHistoryDecorator.java:239) [aeatk.jar:na]
	at ca.ubc.cs.beta.aeatk.runhistory.FileSharingRunHistoryDecorator.append(FileSharingRunHistoryDecorator.java:502) [aeatk.jar:na]
	at ca.ubc.cs.beta.aeatk.runhistory.TeeRunHistory.append(TeeRunHistory.java:33) [aeatk.jar:na]
	at ca.ubc.cs.beta.aeatk.runhistory.ThreadSafeRunHistoryWrapper.append(ThreadSafeRunHistoryWrapper.java:60) [aeatk.jar:na]
	at ca.ubc.cs.beta.smac.configurator.AbstractAlgorithmFramework.updateRunHistory(AbstractAlgorithmFramework.java:1229) [smac.jar:na]
	at ca.ubc.cs.beta.smac.configurator.AbstractAlgorithmFramework.evaluateRun(AbstractAlgorithmFramework.java:1279) [smac.jar:na]
	at ca.ubc.cs.beta.smac.configurator.AbstractAlgorithmFramework.challengeIncumbent(AbstractAlgorithmFramework.java:948) [smac.jar:na]
	at ca.ubc.cs.beta.smac.configurator.AbstractAlgorithmFramework.challengeIncumbent(AbstractAlgorithmFramework.java:778) [smac.jar:na]
	at ca.ubc.cs.beta.smac.configurator.AbstractAlgorithmFramework.intensify(AbstractAlgorithmFramework.java:766) [smac.jar:na]
	at ca.ubc.cs.beta.smac.configurator.AbstractAlgorithmFramework.run(AbstractAlgorithmFramework.java:580) [smac.jar:na]
	at ca.ubc.cs.beta.smac.executors.SMACExecutor.oldMain(SMACExecutor.java:140) [smac.jar:na]
	at ca.ubc.cs.beta.smac.executors.SMACExecutor.main(SMACExecutor.java:104) [smac.jar:na]
	at sun.reflect.NativeMethodAccessorImpl.invoke0(Native Method) ~[na:1.8.0_162]
	at sun.reflect.NativeMethodAccessorImpl.invoke(NativeMethodAccessorImpl.java:62) ~[na:1.8.0_162]
	at sun.reflect.DelegatingMethodAccessorImpl.invoke(DelegatingMethodAccessorImpl.java:43) ~[na:1.8.0_162]
	at java.lang.reflect.Method.invoke(Method.java:498) ~[na:1.8.0_162]
	at ca.ubc.cs.beta.aeatk.ant.execscript.Launcher.main(Launcher.java:37) [aeatk.jar:na]
11:17:17.060 [main] WARN  c.u.c.b.a.r.FileSharingRunHistoryDecorator - Error occurred reading file in shared run history /proj/SMACK/smac/example_scenarios/seq_rs/smac-output/smack-scenario_seq_rs/live-rundata-39.json. We will keep trying to read this file, but will only log another error after it succeeds once. We may not be able to get it's run data but we should be able to continue
com.fasterxml.jackson.core.JsonParseException: Unexpected character ('{' (code 123)): was expecting comma to separate OBJECT entries
 at [Source: /proj/SMACK/smac/example_scenarios/seq_rs/smac-output/smack-scenario_seq_rs/live-rundata-39.json; line: 1721, column: 32]
	at com.fasterxml.jackson.core.JsonParser._constructError(JsonParser.java:1524) ~[jackson-core-2.3.1.jar:2.3.1]
	at com.fasterxml.jackson.core.base.ParserMinimalBase._reportError(ParserMinimalBase.java:557) ~[jackson-core-2.3.1.jar:2.3.1]
	at com.fasterxml.jackson.core.base.ParserMinimalBase._reportUnexpectedChar(ParserMinimalBase.java:475) ~[jackson-core-2.3.1.jar:2.3.1]
	at com.fasterxml.jackson.core.json.UTF8StreamJsonParser.nextToken(UTF8StreamJsonParser.java:688) ~[jackson-core-2.3.1.jar:2.3.1]
	at com.fasterxml.jackson.core.base.ParserMinimalBase.nextValue(ParserMinimalBase.java:123) ~[jackson-core-2.3.1.jar:2.3.1]
	at ca.ubc.cs.beta.aeatk.json.serializers.AlgorithmRunResultJson$AlgorithmRunDeserializer.deserialize(AlgorithmRunResultJson.java:57) ~[aeatk.jar:na]
	at ca.ubc.cs.beta.aeatk.json.serializers.AlgorithmRunResultJson$AlgorithmRunDeserializer.deserialize(AlgorithmRunResultJson.java:30) ~[aeatk.jar:na]
	at com.fasterxml.jackson.databind.MappingIterator.nextValue(MappingIterator.java:189) ~[jackson-databind-2.3.1.jar:2.3.1]
	at ca.ubc.cs.beta.aeatk.runhistory.FileSharingRunHistoryDecorator.readRunsFromFile(FileSharingRunHistoryDecorator.java:421) [aeatk.jar:na]
	at ca.ubc.cs.beta.aeatk.runhistory.FileSharingRunHistoryDecorator.reReadFiles(FileSharingRunHistoryDecorator.java:339) [aeatk.jar:na]
	at ca.ubc.cs.beta.aeatk.runhistory.FileSharingRunHistoryDecorator.append(FileSharingRunHistoryDecorator.java:239) [aeatk.jar:na]
	at ca.ubc.cs.beta.aeatk.runhistory.FileSharingRunHistoryDecorator.append(FileSharingRunHistoryDecorator.java:502) [aeatk.jar:na]
	at ca.ubc.cs.beta.aeatk.runhistory.TeeRunHistory.append(TeeRunHistory.java:33) [aeatk.jar:na]
	at ca.ubc.cs.beta.aeatk.runhistory.ThreadSafeRunHistoryWrapper.append(ThreadSafeRunHistoryWrapper.java:60) [aeatk.jar:na]
	at ca.ubc.cs.beta.smac.configurator.AbstractAlgorithmFramework.updateRunHistory(AbstractAlgorithmFramework.java:1229) [smac.jar:na]
	at ca.ubc.cs.beta.smac.configurator.AbstractAlgorithmFramework.evaluateRun(AbstractAlgorithmFramework.java:1279) [smac.jar:na]
	at ca.ubc.cs.beta.smac.configurator.AbstractAlgorithmFramework.challengeIncumbent(AbstractAlgorithmFramework.java:948) [smac.jar:na]
	at ca.ubc.cs.beta.smac.configurator.AbstractAlgorithmFramework.challengeIncumbent(AbstractAlgorithmFramework.java:778) [smac.jar:na]
	at ca.ubc.cs.beta.smac.configurator.AbstractAlgorithmFramework.intensify(AbstractAlgorithmFramework.java:766) [smac.jar:na]
	at ca.ubc.cs.beta.smac.configurator.AbstractAlgorithmFramework.run(AbstractAlgorithmFramework.java:580) [smac.jar:na]
	at ca.ubc.cs.beta.smac.executors.SMACExecutor.oldMain(SMACExecutor.java:140) [smac.jar:na]
	at ca.ubc.cs.beta.smac.executors.SMACExecutor.main(SMACExecutor.java:104) [smac.jar:na]
	at sun.reflect.NativeMethodAccessorImpl.invoke0(Native Method) ~[na:1.8.0_162]
	at sun.reflect.NativeMethodAccessorImpl.invoke(NativeMethodAccessorImpl.java:62) ~[na:1.8.0_162]
	at sun.reflect.DelegatingMethodAccessorImpl.invoke(DelegatingMethodAccessorImpl.java:43) ~[na:1.8.0_162]
	at java.lang.reflect.Method.invoke(Method.java:498) ~[na:1.8.0_162]
	at ca.ubc.cs.beta.aeatk.ant.execscript.Launcher.main(Launcher.java:37) [aeatk.jar:na]
11:17:17.101 [main] WARN  c.u.c.b.a.r.FileSharingRunHistoryDecorator - Error occurred reading file in shared run history /proj/SMACK/smac/example_scenarios/seq_rs/smac-output/smack-scenario_seq_rs/live-rundata-47.json. We will keep trying to read this file, but will only log another error after it succeeds once. We may not be able to get it's run data but we should be able to continue
java.lang.RuntimeException: Unexpected character ('{' (code 123)): was expecting comma to separate OBJECT entries
 at [Source: /proj/SMACK/smac/example_scenarios/seq_rs/smac-output/smack-scenario_seq_rs/live-rundata-47.json; line: 1810, column: 4]
	at com.fasterxml.jackson.databind.MappingIterator.hasNext(MappingIterator.java:112) ~[jackson-databind-2.3.1.jar:2.3.1]
	at ca.ubc.cs.beta.aeatk.runhistory.FileSharingRunHistoryDecorator.readRunsFromFile(FileSharingRunHistoryDecorator.java:418) [aeatk.jar:na]
	at ca.ubc.cs.beta.aeatk.runhistory.FileSharingRunHistoryDecorator.reReadFiles(FileSharingRunHistoryDecorator.java:339) [aeatk.jar:na]
	at ca.ubc.cs.beta.aeatk.runhistory.FileSharingRunHistoryDecorator.append(FileSharingRunHistoryDecorator.java:239) [aeatk.jar:na]
	at ca.ubc.cs.beta.aeatk.runhistory.FileSharingRunHistoryDecorator.append(FileSharingRunHistoryDecorator.java:502) [aeatk.jar:na]
	at ca.ubc.cs.beta.aeatk.runhistory.TeeRunHistory.append(TeeRunHistory.java:33) [aeatk.jar:na]
	at ca.ubc.cs.beta.aeatk.runhistory.ThreadSafeRunHistoryWrapper.append(ThreadSafeRunHistoryWrapper.java:60) [aeatk.jar:na]
	at ca.ubc.cs.beta.smac.configurator.AbstractAlgorithmFramework.updateRunHistory(AbstractAlgorithmFramework.java:1229) [smac.jar:na]
	at ca.ubc.cs.beta.smac.configurator.AbstractAlgorithmFramework.evaluateRun(AbstractAlgorithmFramework.java:1279) [smac.jar:na]
	at ca.ubc.cs.beta.smac.configurator.AbstractAlgorithmFramework.challengeIncumbent(AbstractAlgorithmFramework.java:948) [smac.jar:na]
	at ca.ubc.cs.beta.smac.configurator.AbstractAlgorithmFramework.challengeIncumbent(AbstractAlgorithmFramework.java:778) [smac.jar:na]
	at ca.ubc.cs.beta.smac.configurator.AbstractAlgorithmFramework.intensify(AbstractAlgorithmFramework.java:766) [smac.jar:na]
	at ca.ubc.cs.beta.smac.configurator.AbstractAlgorithmFramework.run(AbstractAlgorithmFramework.java:580) [smac.jar:na]
	at ca.ubc.cs.beta.smac.executors.SMACExecutor.oldMain(SMACExecutor.java:140) [smac.jar:na]
	at ca.ubc.cs.beta.smac.executors.SMACExecutor.main(SMACExecutor.java:104) [smac.jar:na]
	at sun.reflect.NativeMethodAccessorImpl.invoke0(Native Method) ~[na:1.8.0_162]
	at sun.reflect.NativeMethodAccessorImpl.invoke(NativeMethodAccessorImpl.java:62) ~[na:1.8.0_162]
	at sun.reflect.DelegatingMethodAccessorImpl.invoke(DelegatingMethodAccessorImpl.java:43) ~[na:1.8.0_162]
	at java.lang.reflect.Method.invoke(Method.java:498) ~[na:1.8.0_162]
	at ca.ubc.cs.beta.aeatk.ant.execscript.Launcher.main(Launcher.java:37) [aeatk.jar:na]
Caused by: com.fasterxml.jackson.core.JsonParseException: Unexpected character ('{' (code 123)): was expecting comma to separate OBJECT entries
 at [Source: /proj/SMACK/smac/example_scenarios/seq_rs/smac-output/smack-scenario_seq_rs/live-rundata-47.json; line: 1810, column: 4]
	at com.fasterxml.jackson.core.JsonParser._constructError(JsonParser.java:1524) ~[jackson-core-2.3.1.jar:2.3.1]
	at com.fasterxml.jackson.core.base.ParserMinimalBase._reportError(ParserMinimalBase.java:557) ~[jackson-core-2.3.1.jar:2.3.1]
	at com.fasterxml.jackson.core.base.ParserMinimalBase._reportUnexpectedChar(ParserMinimalBase.java:475) ~[jackson-core-2.3.1.jar:2.3.1]
	at com.fasterxml.jackson.core.json.UTF8StreamJsonParser.nextToken(UTF8StreamJsonParser.java:688) ~[jackson-core-2.3.1.jar:2.3.1]
	at com.fasterxml.jackson.databind.MappingIterator.hasNextValue(MappingIterator.java:159) ~[jackson-databind-2.3.1.jar:2.3.1]
	at com.fasterxml.jackson.databind.MappingIterator.hasNext(MappingIterator.java:108) ~[jackson-databind-2.3.1.jar:2.3.1]
	... 19 common frames omitted
11:17:17.138 [main] WARN  c.u.c.b.a.r.FileSharingRunHistoryDecorator - Error occurred reading file in shared run history /proj/SMACK/smac/example_scenarios/seq_rs/smac-output/smack-scenario_seq_rs/live-rundata-38.json. We will keep trying to read this file, but will only log another error after it succeeds once. We may not be able to get it's run data but we should be able to continue
java.lang.RuntimeException: Illegal character ((CTRL-CHAR, code 0)): only regular white space (\r, \n, \t) is allowed between tokens
 at [Source: /proj/SMACK/smac/example_scenarios/seq_rs/smac-output/smack-scenario_seq_rs/live-rundata-38.json; line: 1742, column: 3]
	at com.fasterxml.jackson.databind.MappingIterator.hasNext(MappingIterator.java:112) ~[jackson-databind-2.3.1.jar:2.3.1]
	at ca.ubc.cs.beta.aeatk.runhistory.FileSharingRunHistoryDecorator.readRunsFromFile(FileSharingRunHistoryDecorator.java:418) [aeatk.jar:na]
	at ca.ubc.cs.beta.aeatk.runhistory.FileSharingRunHistoryDecorator.reReadFiles(FileSharingRunHistoryDecorator.java:339) [aeatk.jar:na]
	at ca.ubc.cs.beta.aeatk.runhistory.FileSharingRunHistoryDecorator.append(FileSharingRunHistoryDecorator.java:239) [aeatk.jar:na]
	at ca.ubc.cs.beta.aeatk.runhistory.FileSharingRunHistoryDecorator.append(FileSharingRunHistoryDecorator.java:502) [aeatk.jar:na]
	at ca.ubc.cs.beta.aeatk.runhistory.TeeRunHistory.append(TeeRunHistory.java:33) [aeatk.jar:na]
	at ca.ubc.cs.beta.aeatk.runhistory.ThreadSafeRunHistoryWrapper.append(ThreadSafeRunHistoryWrapper.java:60) [aeatk.jar:na]
	at ca.ubc.cs.beta.smac.configurator.AbstractAlgorithmFramework.updateRunHistory(AbstractAlgorithmFramework.java:1229) [smac.jar:na]
	at ca.ubc.cs.beta.smac.configurator.AbstractAlgorithmFramework.evaluateRun(AbstractAlgorithmFramework.java:1279) [smac.jar:na]
	at ca.ubc.cs.beta.smac.configurator.AbstractAlgorithmFramework.challengeIncumbent(AbstractAlgorithmFramework.java:948) [smac.jar:na]
	at ca.ubc.cs.beta.smac.configurator.AbstractAlgorithmFramework.challengeIncumbent(AbstractAlgorithmFramework.java:778) [smac.jar:na]
	at ca.ubc.cs.beta.smac.configurator.AbstractAlgorithmFramework.intensify(AbstractAlgorithmFramework.java:766) [smac.jar:na]
	at ca.ubc.cs.beta.smac.configurator.AbstractAlgorithmFramework.run(AbstractAlgorithmFramework.java:580) [smac.jar:na]
	at ca.ubc.cs.beta.smac.executors.SMACExecutor.oldMain(SMACExecutor.java:140) [smac.jar:na]
	at ca.ubc.cs.beta.smac.executors.SMACExecutor.main(SMACExecutor.java:104) [smac.jar:na]
	at sun.reflect.NativeMethodAccessorImpl.invoke0(Native Method) ~[na:1.8.0_162]
	at sun.reflect.NativeMethodAccessorImpl.invoke(NativeMethodAccessorImpl.java:62) ~[na:1.8.0_162]
	at sun.reflect.DelegatingMethodAccessorImpl.invoke(DelegatingMethodAccessorImpl.java:43) ~[na:1.8.0_162]
	at java.lang.reflect.Method.invoke(Method.java:498) ~[na:1.8.0_162]
	at ca.ubc.cs.beta.aeatk.ant.execscript.Launcher.main(Launcher.java:37) [aeatk.jar:na]
Caused by: com.fasterxml.jackson.core.JsonParseException: Illegal character ((CTRL-CHAR, code 0)): only regular white space (\r, \n, \t) is allowed between tokens
 at [Source: /proj/SMACK/smac/example_scenarios/seq_rs/smac-output/smack-scenario_seq_rs/live-rundata-38.json; line: 1742, column: 3]
	at com.fasterxml.jackson.core.JsonParser._constructError(JsonParser.java:1524) ~[jackson-core-2.3.1.jar:2.3.1]
	at com.fasterxml.jackson.core.base.ParserMinimalBase._reportError(ParserMinimalBase.java:557) ~[jackson-core-2.3.1.jar:2.3.1]
	at com.fasterxml.jackson.core.base.ParserMinimalBase._throwInvalidSpace(ParserMinimalBase.java:503) ~[jackson-core-2.3.1.jar:2.3.1]
	at com.fasterxml.jackson.core.json.UTF8StreamJsonParser._reportInvalidChar(UTF8StreamJsonParser.java:3103) ~[jackson-core-2.3.1.jar:2.3.1]
	at com.fasterxml.jackson.core.json.UTF8StreamJsonParser._skipWSOrEnd(UTF8StreamJsonParser.java:2585) ~[jackson-core-2.3.1.jar:2.3.1]
	at com.fasterxml.jackson.core.json.UTF8StreamJsonParser.nextToken(UTF8StreamJsonParser.java:650) ~[jackson-core-2.3.1.jar:2.3.1]
	at com.fasterxml.jackson.databind.MappingIterator.hasNextValue(MappingIterator.java:159) ~[jackson-databind-2.3.1.jar:2.3.1]
	at com.fasterxml.jackson.databind.MappingIterator.hasNext(MappingIterator.java:108) ~[jackson-databind-2.3.1.jar:2.3.1]
	... 19 common frames omitted
11:17:17.161 [main] WARN  c.u.c.b.a.r.FileSharingRunHistoryDecorator - Error occurred reading file in shared run history /proj/SMACK/smac/example_scenarios/seq_rs/smac-output/smack-scenario_seq_rs/live-rundata-46.json. We will keep trying to read this file, but will only log another error after it succeeds once. We may not be able to get it's run data but we should be able to continue
com.fasterxml.jackson.core.JsonParseException: Unexpected character ('{' (code 123)): was expecting comma to separate OBJECT entries
 at [Source: /proj/SMACK/smac/example_scenarios/seq_rs/smac-output/smack-scenario_seq_rs/live-rundata-46.json; line: 1722, column: 4]
	at com.fasterxml.jackson.core.JsonParser._constructError(JsonParser.java:1524) ~[jackson-core-2.3.1.jar:2.3.1]
	at com.fasterxml.jackson.core.base.ParserMinimalBase._reportError(ParserMinimalBase.java:557) ~[jackson-core-2.3.1.jar:2.3.1]
	at com.fasterxml.jackson.core.base.ParserMinimalBase._reportUnexpectedChar(ParserMinimalBase.java:475) ~[jackson-core-2.3.1.jar:2.3.1]
	at com.fasterxml.jackson.core.json.UTF8StreamJsonParser.nextToken(UTF8StreamJsonParser.java:688) ~[jackson-core-2.3.1.jar:2.3.1]
	at com.fasterxml.jackson.core.base.ParserMinimalBase.nextValue(ParserM11:47:50.106 [main] WARN  c.u.c.b.a.r.FileSharingRunHistoryDecorator - Error occurred reading file in shared run history /proj/SMACK/smac/example_scenarios/seq_rs/smac-output/smack-scenario_seq_rs/live-rundata-44.json. We will keep trying to read this file, but will only log another error after it succeeds once. We may not be able to get it's run data but we should be able to continue
java.lang.RuntimeException: Illegal character ((CTRL-CHAR, code 0)): only regular white space (\r, \n, \t) is allowed between tokens
 at [Source: /proj/SMACK/smac/example_scenarios/seq_rs/smac-output/smack-scenario_seq_rs/live-rundata-44.json; line: 1764, column: 3]
	at com.fasterxml.jackson.databind.MappingIterator.hasNext(MappingIterator.java:112) ~[jackson-databind-2.3.1.jar:2.3.1]
	at ca.ubc.cs.beta.aeatk.runhistory.FileSharingRunHistoryDecorator.readRunsFromFile(FileSharingRunHistoryDecorator.java:418) [aeatk.jar:na]
	at ca.ubc.cs.beta.aeatk.runhistory.FileSharingRunHistoryDecorator.reReadFiles(FileSharingRunHistoryDecorator.java:339) [aeatk.jar:na]
	at ca.ubc.cs.beta.aeatk.runhistory.FileSharingRunHistoryDecorator.append(FileSharingRunHistoryDecorator.java:239) [aeatk.jar:na]
	at ca.ubc.cs.beta.aeatk.runhistory.FileSharingRunHistoryDecorator.append(FileSharingRunHistoryDecorator.java:502) [aeatk.jar:na]
	at ca.ubc.cs.beta.aeatk.runhistory.TeeRunHistory.append(TeeRunHistory.java:33) [aeatk.jar:na]
	at ca.ubc.cs.beta.aeatk.runhistory.ThreadSafeRunHistoryWrapper.append(ThreadSafeRunHistoryWrapper.java:60) [aeatk.jar:na]
	at ca.ubc.cs.beta.smac.configurator.AbstractAlgorithmFramework.updateRunHistory(AbstractAlgorithmFramework.java:1229) [smac.jar:na]
	at ca.ubc.cs.beta.smac.configurator.AbstractAlgorithmFramework.evaluateRun(AbstractAlgorithmFramework.java:1279) [smac.jar:na]
	at ca.ubc.cs.beta.smac.configurator.AbstractAlgorithmFramework.challengeIncumbent(AbstractAlgorithmFramework.java:948) [smac.jar:na]
	at ca.ubc.cs.beta.smac.configurator.AbstractAlgorithmFramework.challengeIncumbent(AbstractAlgorithmFramework.java:778) [smac.jar:na]
	at ca.ubc.cs.beta.smac.configurator.AbstractAlgorithmFramework.intensify(AbstractAlgorithmFramework.java:766) [smac.jar:na]
	at ca.ubc.cs.beta.smac.configurator.AbstractAlgorithmFramework.run(AbstractAlgorithmFramework.java:580) [smac.jar:na]
	at ca.ubc.cs.beta.smac.executors.SMACExecutor.oldMain(SMACExecutor.java:140) [smac.jar:na]
	at ca.ubc.cs.beta.smac.executors.SMACExecutor.main(SMACExecutor.java:104) [smac.jar:na]
	at sun.reflect.NativeMethodAccessorImpl.invoke0(Native Method) ~[na:1.8.0_162]
	at sun.reflect.NativeMethodAccessorImpl.invoke(NativeMethodAccessorImpl.java:62) ~[na:1.8.0_162]
	at sun.reflect.DelegatingMethodAccessorImpl.invoke(DelegatingMethodAccessorImpl.java:43) ~[na:1.8.0_162]
	at java.lang.reflect.Method.invoke(Method.java:498) ~[na:1.8.0_162]
	at ca.ubc.cs.beta.aeatk.ant.execscript.Launcher.main(Launcher.java:37) [aeatk.jar:na]
Caused by: com.fasterxml.jackson.core.JsonParseException: Illegal character ((CTRL-CHAR, code 0)): only regular white space (\r, \n, \t) is allowed between tokens
 at [Source: /proj/SMACK/smac/example_scenarios/seq_rs/smac-output/smack-scenario_seq_rs/live-rundata-44.json; line: 1764, column: 3]
	at com.fasterxml.jackson.core.JsonParser._constructError(JsonParser.java:1524) ~[jackson-core-2.3.1.jar:2.3.1]
	at com.fasterxml.jackson.core.base.ParserMinimalBase._reportError(ParserMinimalBase.java:557) ~[jackson-core-2.3.1.jar:2.3.1]
	at com.fasterxml.jackson.core.base.ParserMinimalBase._throwInvalidSpace(ParserMinimalBase.java:503) ~[jackson-core-2.3.1.jar:2.3.1]
	at com.fasterxml.jackson.core.json.UTF8StreamJsonParser._reportInvalidChar(UTF8StreamJsonParser.java:3103) ~[jackson-core-2.3.1.jar:2.3.1]
	at com.fasterxml.jackson.core.json.UTF8StreamJsonParser._skipWSOrEnd(UTF8StreamJsonParser.java:2585) ~[jackson-core-2.3.1.jar:2.3.1]
	at com.fasterxml.jackson.core.json.UTF8StreamJsonParser.nextToken(UTF8StreamJsonParser.java:650) ~[jackson-core-2.3.1.jar:2.3.1]
	at com.fasterxml.jackson.databind.MappingIterator.hasNextValue(MappingIterator.java:159) ~[jackson-databind-2.3.1.jar:2.3.1]
	at com.fasterxml.jackson.databind.MappingIterator.hasNext(MappingIterator.java:108) ~[jackson-databind-2.3.1.jar:2.3.1]
	... 19 common frames omitted
11:47:50.320 [main] WARN  c.u.c.b.a.r.FileSharingRunHistoryDecorator - Error occurred reading file in shared run history /proj/SMACK/smac/example_scenarios/seq_rs/smac-output/smack-scenario_seq_rs/live-rundata-33.json. We will keep trying to read this file, but will only log another error after it succeeds once. We may not be able to get it's run data but we should be able to continue
java.lang.RuntimeException: Unexpected close marker '}': expected ']' (for ROOT starting at [Source: /proj/SMACK/smac/example_scenarios/seq_rs/smac-output/smack-scenario_seq_rs/live-rundata-33.json; line: 1, column: 0])
 at [Source: /proj/SMACK/smac/example_scenarios/seq_rs/smac-output/smack-scenario_seq_rs/live-rundata-33.json; line: 1722, column: 3]
	at com.fasterxml.jackson.databind.MappingIterator.hasNext(MappingIterator.java:112) ~[jackson-databind-2.3.1.jar:2.3.1]
	at ca.ubc.cs.beta.aeatk.runhistory.FileSharingRunHistoryDecorator.readRunsFromFile(FileSharingRunHistoryDecorator.java:418) [aeatk.jar:na]
	at ca.ubc.cs.beta.aeatk.runhistory.FileSharingRunHistoryDecorator.reReadFiles(FileSharingRunHistoryDecorator.java:339) [aeatk.jar:na]
	at ca.ubc.cs.beta.aeatk.runhistory.FileSharingRunHistoryDecorator.append(FileSharingRunHistoryDecorator.java:239) [aeatk.jar:na]
	at ca.ubc.cs.beta.aeatk.runhistory.FileSharingRunHistoryDecorator.append(FileSharingRunHistoryDecorator.java:502) [aeatk.jar:na]
	at ca.ubc.cs.beta.aeatk.runhistory.TeeRunHistory.append(TeeRunHistory.java:33) [aeatk.jar:na]
	at ca.ubc.cs.beta.aeatk.runhistory.ThreadSafeRunHistoryWrapper.append(ThreadSafeRunHistoryWrapper.java:60) [aeatk.jar:na]
	at ca.ubc.cs.beta.smac.configurator.AbstractAlgorithmFramework.updateRunHistory(AbstractAlgorithmFramework.java:1229) [smac.jar:na]
	at ca.ubc.cs.beta.smac.configurator.AbstractAlgorithmFramework.evaluateRun(AbstractAlgorithmFramework.java:1279) [smac.jar:na]
	at ca.ubc.cs.beta.smac.configurator.AbstractAlgorithmFramework.challengeIncumbent(AbstractAlgorithmFramework.java:948) [smac.jar:na]
	at ca.ubc.cs.beta.smac.configurator.AbstractAlgorithmFramework.challengeIncumbent(AbstractAlgorithmFramework.java:778) [smac.jar:na]
	at ca.ubc.cs.beta.smac.configurator.AbstractAlgorithmFramework.intensify(AbstractAlgorithmFramework.java:766) [smac.jar:na]
	at ca.ubc.cs.beta.smac.configurator.AbstractAlgorithmFramework.run(AbstractAlgorithmFramework.java:580) [smac.jar:na]
	at ca.ubc.cs.beta.smac.executors.SMACExecutor.oldMain(SMACExecutor.java:140) [smac.jar:na]
	at ca.ubc.cs.beta.smac.executors.SMACExecutor.main(SMACExecutor.java:104) [smac.jar:na]
	at sun.reflect.NativeMethodAccessorImpl.invoke0(Native Method) ~[na:1.8.0_162]
	at sun.reflect.NativeMethodAccessorImpl.invoke(NativeMethodAccessorImpl.java:62) ~[na:1.8.0_162]
	at sun.reflect.DelegatingMethodAccessorImpl.invoke(DelegatingMethodAccessorImpl.java:43) ~[na:1.8.0_162]
	at java.lang.reflect.Method.invoke(Method.java:498) ~[na:1.8.0_162]
	at ca.ubc.cs.beta.aeatk.ant.execscript.Launcher.main(Launcher.java:37) [aeatk.jar:na]
Caused by: com.fasterxml.jackson.core.JsonParseException: Unexpected close marker '}': expected ']' (for ROOT starting at [Source: /proj/SMACK/smac/example_scenarios/seq_rs/smac-output/smack-scenario_seq_rs/live-rundata-33.json; line: 1, column: 0])
 at [Source: /proj/SMACK/smac/example_scenarios/seq_rs/smac-output/smack-scenario_seq_rs/live-rundata-33.json; line: 1722, column: 3]
	at com.fasterxml.jackson.core.JsonParser._constructError(JsonParser.java:1524) ~[jackson-core-2.3.1.jar:2.3.1]
	at com.fasterxml.jackson.core.base.ParserMinimalBase._reportError(ParserMinimalBase.java:557) ~[jackson-core-2.3.1.jar:2.3.1]
	at com.fasterxml.jackson.core.base.ParserBase._reportMismatchedEndMarker(ParserBase.java:501) ~[jackson-core-2.3.1.jar:2.3.1]
	at com.fasterxml.jackson.core.json.UTF8StreamJsonParser.nextToken(UTF8StreamJsonParser.java:679) ~[jackson-core-2.3.1.jar:2.3.1]
	at com.fasterxml.jackson.databind.MappingIterator.hasNextValue(MappingIterator.java:159) ~[jackson-databind-2.3.1.jar:2.3.1]
	at com.fasterxml.jackson.databind.MappingIterator.hasNext(MappingIterator.java:108) ~[jackson-databind-2.3.1.jar:2.3.1]
	... 19 common frames omitted
11:47:50.515 [main] WARN  c.u.c.b.a.r.FileSharingR12:08:33.442 [main] WARN  c.u.c.b.a.r.FileSharingRunHistoryDecorator - Error occurred reading file in shared run history /proj/SMACK/smac/example_scenarios/seq_rs/smac-output/smack-scenario_seq_rs/live-rundata-41.json. We will keep trying to read this file, but will only log another error after it succeeds once. We may not be able to get it's run data but we should be able to continue
com.fasterxml.jackson.core.JsonParseException: Unexpected character (':' (code 58)): expected a valid value (number, String, array, object, 'true', 'false' or 'null')
 at [Source: /proj/SMACK/smac/example_scenarios/seq_rs/smac-output/smack-scenario_seq_rs/live-rundata-41.json; line: 1828, column: 26]
	at com.fasterxml.jackson.core.JsonParser._constructError(JsonParser.java:1524) ~[jackson-core-2.3.1.jar:2.3.1]
	at com.fasterxml.jackson.core.base.ParserMinimalBase._reportError(ParserMinimalBase.java:557) ~[jackson-core-2.3.1.jar:2.3.1]
	at com.fasterxml.jackson.core.base.ParserMinimalBase._reportUnexpectedChar(ParserMinimalBase.java:475) ~[jackson-core-2.3.1.jar:2.3.1]
	at com.fasterxml.jackson.core.json.UTF8StreamJsonParser._handleUnexpectedValue(UTF8StreamJsonParser.java:2343) ~[jackson-core-2.3.1.jar:2.3.1]
	at com.fasterxml.jackson.core.json.UTF8StreamJsonParser._nextTokenNotInObject(UTF8StreamJsonParser.java:818) ~[jackson-core-2.3.1.jar:2.3.1]
	at com.fasterxml.jackson.core.json.UTF8StreamJsonParser.nextToken(UTF8StreamJsonParser.java:698) ~[jackson-core-2.3.1.jar:2.3.1]
	at com.fasterxml.jackson.core.base.ParserMinimalBase.nextValue(ParserMinimalBase.java:123) ~[jackson-core-2.3.1.jar:2.3.1]
	at ca.ubc.cs.beta.aeatk.json.serializers.AlgorithmRunResultJson$AlgorithmRunDeserializer.deserialize(AlgorithmRunResultJson.java:57) ~[aeatk.jar:na]
	at ca.ubc.cs.beta.aeatk.json.serializers.AlgorithmRunResultJson$AlgorithmRunDeserializer.deserialize(AlgorithmRunResultJson.java:30) ~[aeatk.jar:na]
	at com.fasterxml.jackson.databind.MappingIterator.nextValue(MappingIterator.java:189) ~[jackson-databind-2.3.1.jar:2.3.1]
	at ca.ubc.cs.beta.aeatk.runhistory.FileSharingRunHistoryDecorator.readRunsFromFile(FileSharingRunHistoryDecorator.java:421) [aeatk.jar:na]
	at ca.ubc.cs.beta.aeatk.runhistory.FileSharingRunHistoryDecorator.reReadFiles(FileSharingRunHistoryDecorator.java:339) [aeatk.jar:na]
	at ca.ubc.cs.beta.aeatk.runhistory.FileSharingRunHistoryDecorator.append(FileSharingRunHistoryDecorator.java:239) [aeatk.jar:na]
	at ca.ubc.cs.beta.aeatk.runhistory.FileSharingRunHistoryDecorator.append(FileSharingRunHistoryDecorator.java:502) [aeatk.jar:na]
	at ca.ubc.cs.beta.aeatk.runhistory.TeeRunHistory.append(TeeRunHistory.java:33) [aeatk.jar:na]
	at ca.ubc.cs.beta.aeatk.runhistory.ThreadSafeRunHistoryWrapper.append(ThreadSafeRunHistoryWrapper.java:60) [aeatk.jar:na]
	at ca.ubc.cs.beta.smac.configurator.AbstractAlgorithmFramework.updateRunHistory(AbstractAlgorithmFramework.java:1229) [smac.jar:na]
	at ca.ubc.cs.beta.smac.configurator.AbstractAlgorithmFramework.evaluateRun(AbstractAlgorithmFramework.java:1279) [smac.jar:na]
	at ca.ubc.cs.beta.smac.configurator.AbstractAlgorithmFramework.evaluateRun(AbstractAlgorithmFramework.java:1245) [smac.jar:na]
	at ca.ubc.cs.beta.smac.configurator.AbstractAlgorithmFramework.challengeIncumbent(AbstractAlgorithmFramework.java:804) [smac.jar:na]
	at ca.ubc.cs.beta.smac.configurator.AbstractAlgorithmFramework.challengeIncumbent(AbstractAlgorithmFramework.java:778) [smac.jar:na]
	at ca.ubc.cs.beta.smac.configurator.AbstractAlgorithmFramework.intensify(AbstractAlgorithmFramework.java:766) [smac.jar:na]
	at ca.ubc.cs.beta.smac.configurator.AbstractAlgorithmFramework.run(AbstractAlgorithmFramework.java:580) [smac.jar:na]
	at ca.ubc.cs.beta.smac.executors.SMACExecutor.oldMain(SMACExecutor.java:140) [smac.jar:na]
	at ca.ubc.cs.beta.smac.executors.SMACExecutor.main(SMACExecutor.java:104) [smac.jar:na]
	at sun.reflect.NativeMethodAccessorImpl.invoke0(Native Method) ~[na:1.8.0_162]
	at sun.reflect.NativeMethodAccessorImpl.invoke(NativeMethodAccessorImpl.java:62) ~[na:1.8.0_162]
	at sun.reflect.DelegatingMethodAccessorImpl.invoke(DelegatingMethodAccessorImpl.java:43) ~[na:1.8.0_162]
	at java.lang.reflect.Method.invoke(Method.java:498) ~[na:1.8.0_162]
	at ca.ubc.cs.beta.aeatk.ant.execscript.Launcher.main(Launcher.java:37) [aeatk.jar:na]
12:17:35.968 [CLI TAE (Master Thread - #0)] ERROR c.u.c.b.a.t.b.c.CommandLineAlgorithmRun - The following algorithm call failed: cd "/proj/SMACK/smac/example_scenarios/seq_rs" ;  ../wrapper.py /proj/SMACK/sv-benchmarks/c/seq-mthreaded/rekcba_nxt_false-unreach-call.1.M4.c 0 2000.0 2147483647 -1 -/bopt:boolControlVC 'True' -/bopt:z3opt:SMT.MBQI 'False' -/deepAsserts 'False' -/di 'False' -/doNotUseLabels 'True' -/noCallTreeReuse 'True' -/noInitPruning 'False' -/nonUniformUnfolding 'True' -/staticInlining 'False' -/trackAllVars 'False' -/useArrayTheoryCheck '2'  
12:17:35.979 [CLI TAE (Master Thread - #0)] ERROR c.u.c.b.a.t.b.c.CommandLineAlgorithmRun - The last 1 lines of output we saw were:
12:17:35.980 [CLI TAE (Master Thread - #0)] ERROR c.u.c.b.a.t.b.c.CommandLineAlgorithmRun - > Result for SMAC: CRASHED, 90000, 0, 0, -1
12:19:57.855 [CLI TAE Callback Threads (3-8)] WARN  c.u.c.b.a.t.d.s.TimingCheckerTargetAlgorithmEvaluator - Algorithm Run Result reported wallclock time of 140.488 (secs) that exceeded it's cutoff time of 34.440798115330935 (secs) by 106.04720188466906 (secs). Next warning at 107.04720188466906 (secs)  
14:12:14.432 [CLI TAE (Master Thread - #0)] ERROR c.u.c.b.a.t.b.c.CommandLineAlgorithmRun - The following algorithm call failed: cd "/proj/SMACK/smac/example_scenarios/seq_rs" ;  ../wrapper.py /proj/SMACK/sv-benchmarks/c/systemc/token_ring.10_true-unreach-call_false-termination.cil.c 0 2000.0 2147483647 -1 -/bopt:boolControlVC 'False' -/bopt:z3opt:SMT.MBQI 'True' -/bopt:z3opt:SMT.MBQI.MAX_ITERATIONS '16342' -/deepAsserts 'False' -/di 'False' -/doNotUseLabels 'False' -/noCallTreeReuse 'False' -/noInitPruning 'True' -/nonUniformUnfolding 'False' -/staticInlining 'True' -/trackAllVars 'False' -/useArrayTheoryCheck '2'  
14:12:14.433 [CLI TAE (Master Thread - #0)] ERROR c.u.c.b.a.t.b.c.CommandLineAlgorithmRun - The last 1 lines of output we saw were:
14:12:14.433 [CLI TAE (Master Thread - #0)] ERROR c.u.c.b.a.t.b.c.CommandLineAlgorithmRun - > Result for SMAC: CRASHED, 90000, 0, 0, -1
14:12:21.356 [CLI TAE (Master Thread - #0)] ERROR c.u.c.b.a.t.b.c.CommandLineAlgorithmRun - The following algorithm call failed: cd "/proj/SMACK/smac/example_scenarios/seq_rs" ;  ../wrapper.py /proj/SMACK/sv-benchmarks/c/systemc/token_ring.02_false-unreach-call_false-termination.cil.c 0 62.327204820114375 2147483647 -1 -/bopt:boolControlVC 'False' -/bopt:z3opt:SMT.MBQI 'True' -/bopt:z3opt:SMT.MBQI.MAX_ITERATIONS '16342' -/deepAsserts 'False' -/di 'False' -/doNotUseLabels 'False' -/noCallTreeReuse 'False' -/noInitPruning 'True' -/nonUniformUnfolding 'False' -/staticInlining 'True' -/trackAllVars 'False' -/useArrayTheoryCheck '2'  
14:12:21.356 [CLI TAE (Master Thread - #0)] ERROR c.u.c.b.a.t.b.c.CommandLineAlgorithmRun - The last 1 lines of output we saw were:
14:12:21.356 [CLI TAE (Master Thread - #0)] ERROR c.u.c.b.a.t.b.c.CommandLineAlgorithmRun - > Result for SMAC: CRASHED, 90000, 0, 0, -1
14:12:21.358 [CLI TAE Callback Threads (3-13)] WARN  c.u.c.b.a.t.d.s.TimingCheckerTargetAlgorithmEvaluator - Algorithm Run Result reported a runtime of 90000.0 (secs) that exceeded it's cutoff time of 62.327204820114375 (secs) by 89937.67279517988 (secs). Next warning at 89938.67279517988 (secs)  
14:43:54.590 [CLI TAE Callback Threads (3-14)] WARN  c.u.c.b.a.t.d.s.TimingCheckerTargetAlgorithmEvaluator - Algorithm Run Result reported wallclock time of 1881.861 (secs) that exceeded it's cutoff time of 1147.2285246368228 (secs) by 734.6324753631773 (secs). Next warning at 735.6324753631773 (secs)  
14:44:45.919 [CLI TAE (Master Thread - #0)] ERROR c.u.c.b.a.t.b.c.CommandLineAlgorithmRun - The following algorithm call failed: cd "/proj/SMACK/smac/example_scenarios/seq_rs" ;  ../wrapper.py /proj/SMACK/sv-benchmarks/c/systemc/pipeline_true-unreach-call_false-termination.cil.c 0 1147.2285246368228 2147483647 -1 -/bopt:boolControlVC 'False' -/bopt:z3opt:SMT.MBQI 'False' -/deepAsserts 'True' -/di 'False' -/doNotUseLabels 'True' -/noCallTreeReuse 'False' -/noInitPruning 'False' -/nonUniformUnfolding 'False' -/staticInlining 'True' -/trackAllVars 'True' -/useArrayTheoryCheck '2'  
14:44:45.920 [CLI TAE (Master Thread - #0)] ERROR c.u.c.b.a.t.b.c.CommandLineAlgorithmRun - The last 1 lines of output we saw were:
14:44:45.920 [CLI TAE (Master Thread - #0)] ERROR c.u.c.b.a.t.b.c.CommandLineAlgorithmRun - > Result for SMAC: CRASHED, 90000, 0, 0, -1
17:58:59.224 [CLI TAE (Master Thread - #0)] ERROR c.u.c.b.a.t.b.c.CommandLineAlgorithmRun - The following algorithm call failed: cd "/proj/SMACK/smac/example_scenarios/seq_rs" ;  ../wrapper.py /proj/SMACK/sv-benchmarks/c/seq-mthreaded/pals_opt-floodmax.3_false-unreach-call.1.ufo.UNBOUNDED.pals.c 0 14.3467954251647 2147483647 -1 -/bopt:boolControlVC 'True' -/bopt:z3opt:SMT.MBQI 'False' -/deepAsserts 'True' -/di 'False' -/doNotUseLabels 'False' -/noCallTreeReuse 'True' -/noInitPruning 'False' -/nonUniformUnfolding 'True' -/staticInlining 'True' -/trackAllVars 'True' -/useArrayTheoryCheck '2'  
17:58:59.225 [CLI TAE (Master Thread - #0)] ERROR c.u.c.b.a.t.b.c.CommandLineAlgorithmRun - The last 1 lines of output we saw were:
17:58:59.225 [CLI TAE (Master Thread - #0)] ERROR c.u.c.b.a.t.b.c.CommandLineAlgorithmRun - > Result for SMAC: CRASHED, 90000, 0, 0, -1
17:58:59.227 [CLI TAE Callback Threads (3-22)] WARN  c.u.c.b.a.t.d.s.TimingCheckerTargetAlgorithmEvaluator - Algorithm Run Result reported a runtime of 90000.0 (secs) that exceeded it's cutoff time of 14.3467954251647 (secs) by 89985.65320457483 (secs). Next warning at 89986.65320457483 (secs)  
21:57:27.260 [CLI TAE (Master Thread - #0)] ERROR c.u.c.b.a.t.b.c.CommandLineAlgorithmRun - The following algorithm call failed: cd "/proj/SMACK/smac/example_scenarios/seq_rs" ;  ../wrapper.py /proj/SMACK/sv-benchmarks/c/seq-mthreaded/rekcba_nxt_false-unreach-call.1.M4.c 0 2000.0 2147483647 -1 -/bopt:boolControlVC 'False' -/bopt:z3opt:SMT.MBQI 'False' -/deepAsserts 'False' -/di 'False' -/doNotUseLabels 'True' -/noCallTreeReuse 'True' -/noInitPruning 'True' -/nonUniformUnfolding 'False' -/staticInlining 'False' -/trackAllVars 'True' -/useArrayTheoryCheck '1'  
21:57:27.260 [CLI TAE (Master Thread - #0)] ERROR c.u.c.b.a.t.b.c.CommandLineAlgorithmRun - The last 1 lines of output we saw were:
21:57:27.261 [CLI TAE (Master Thread - #0)] ERROR c.u.c.b.a.t.b.c.CommandLineAlgorithmRun - > Result for SMAC: CRASHED, 90000, 0, 0, -1
22:33:04.457 [CLI TAE (Master Thread - #0)] ERROR c.u.c.b.a.t.b.c.CommandLineAlgorithmRun - The following algorithm call failed: cd "/proj/SMACK/smac/example_scenarios/seq_rs" ;  ../wrapper.py /proj/SMACK/sv-benchmarks/c/seq-mthreaded/rekcba_aso_true-unreach-call.1.M4.c 0 2000.0 2147483647 -1 -/bopt:boolControlVC 'False' -/bopt:z3opt:SMT.MBQI 'False' -/deepAsserts 'False' -/di 'False' -/doNotUseLabels 'True' -/noCallTreeReuse 'True' -/noInitPruning 'True' -/nonUniformUnfolding 'False' -/staticInlining 'False' -/trackAllVars 'True' -/useArrayTheoryCheck '1'  
22:33:04.460 [CLI TAE (Master Thread - #0)] ERROR c.u.c.b.a.t.b.c.CommandLineAlgorithmRun - The last 1 lines of output we saw were:
22:33:04.460 [CLI TAE (Master Thread - #0)] ERROR c.u.c.b.a.t.b.c.CommandLineAlgorithmRun - > Result for SMAC: CRASHED, 90000, 0, 0, -1
02:17:53.371 [CLI TAE (Master Thread - #0)] ERROR c.u.c.b.a.t.b.c.CommandLineAlgorithmRun - The following algorithm call failed: cd "/proj/SMACK/smac/example_scenarios/seq_rs" ;  ../wrapper.py /proj/SMACK/sv-benchmarks/c/systemc/token_ring.10_true-unreach-call_false-termination.cil.c 0 2000.0 2147483647 -1 -/bopt:boolControlVC 'False' -/bopt:z3opt:SMT.MBQI 'False' -/deepAsserts 'True' -/di 'True' -/doNotUseLabels 'True' -/noCallTreeReuse 'True' -/noInitPruning 'False' -/nonUniformUnfolding 'True' -/staticInlining 'True' -/trackAllVars 'True' -/useArrayTheoryCheck '1'  
02:17:53.379 [CLI TAE (Master Thread - #0)] ERROR c.u.c.b.a.t.b.c.CommandLineAlgorithmRun - The last 1 lines of output we saw were:
02:17:53.379 [CLI TAE (Master Thread - #0)] ERROR c.u.c.b.a.t.b.c.CommandLineAlgorithmRun - > Result for SMAC: CRASHED, 90000, 0, 0, -1
02:17:59.683 [CLI TAE (Master Thread - #0)] ERROR c.u.c.b.a.t.b.c.CommandLineAlgorithmRun - The following algorithm call failed: cd "/proj/SMACK/smac/example_scenarios/seq_rs" ;  ../wrapper.py /proj/SMACK/sv-benchmarks/c/seq-mthreaded/pals_lcr-var-start-time.5_true-unreach-call.ufo.BOUNDED-10.pals_true-termination.c 0 37.83319135044813 2147483647 -1 -/bopt:boolControlVC 'False' -/bopt:z3opt:SMT.MBQI 'False' -/deepAsserts 'True' -/di 'True' -/doNotUseLabels 'True' -/noCallTreeReuse 'True' -/noInitPruning 'False' -/nonUniformUnfolding 'True' -/staticInlining 'True' -/trackAllVars 'True' -/useArrayTheoryCheck '1'  
02:17:59.683 [CLI TAE (Master Thread - #0)] ERROR c.u.c.b.a.t.b.c.CommandLineAlgorithmRun - The last 1 lines of output we saw were:
02:17:59.683 [CLI TAE (Master Thread - #0)] ERROR c.u.c.b.a.t.b.c.CommandLineAlgorithmRun - > Result for SMAC: CRASHED, 90000, 0, 0, -1
02:25:23.256 [CLI TAE (Master Thread - #0)] ERROR c.u.c.b.a.t.b.c.CommandLineAlgorithmRun - The following algorithm call failed: cd "/proj/SMACK/smac/example_scenarios/seq_rs" ;  ../wrapper.py /proj/SMACK/sv-benchmarks/c/seq-mthreaded/rekcba_aso_true-unreach-call.2.M4.c 0 2000.0 2147483647 -1 -/bopt:boolControlVC 'False' -/bopt:z3opt:SMT.MBQI 'True' -/bopt:z3opt:SMT.MBQI.MAX_ITERATIONS '10648' -/deepAsserts 'True' -/di 'False' -/doNotUseLabels 'False' -/noCallTreeReuse 'False' -/noInitPruning 'True' -/nonUniformUnfolding 'False' -/staticInlining 'False' -/trackAllVars 'True' -/useArrayTheoryCheck '1'  
02:25:23.256 [CLI TAE (Master Thread - #0)] ERROR c.u.c.b.a.t.b.c.CommandLineAlgorithmRun - The last 1 lines of output we saw were:
02:25:23.256 [CLI TAE (Master Thread - #0)] ERROR c.u.c.b.a.t.b.c.CommandLineAlgorithmRun - > Result for SMAC: CRASHED, 90000, 0, 0, -1
06:27:37.170 [CLI TAE (Master Thread - #0)] ERROR c.u.c.b.a.t.b.c.CommandLineAlgorithmRun - The following algorithm call failed: cd "/proj/SMACK/smac/example_scenarios/seq_rs" ;  ../wrapper.py /proj/SMACK/sv-benchmarks/c/seq-mthreaded/pals_lcr.5_overflow_false-unreach-call.ufo.UNBOUNDED.pals.c 0 2000.0 2147483647 -1 -/bopt:boolControlVC 'True' -/bopt:z3opt:SMT.MBQI 'False' -/deepAsserts 'True' -/di 'True' -/doNotUseLabels 'False' -/noCallTreeReuse 'False' -/noInitPruning 'True' -/nonUniformUnfolding 'True' -/staticInlining 'True' -/trackAllVars 'True' -/useArrayTheoryCheck '2'  
06:27:37.171 [CLI TAE (Master Thread - #0)] ERROR c.u.c.b.a.t.b.c.CommandLineAlgorithmRun - The last 1 lines of output we saw were:
06:27:37.171 [CLI TAE (Master Thread - #0)] ERROR c.u.c.b.a.t.b.c.CommandLineAlgorithmRun - > Result for SMAC: CRASHED, 90000, 0, 0, -1
06:34:11.421 [CLI TAE (Master Thread - #0)] ERROR c.u.c.b.a.t.b.c.CommandLineAlgorithmRun - The following algorithm call failed: cd "/proj/SMACK/smac/example_scenarios/seq_rs" ;  ../wrapper.py /proj/SMACK/sv-benchmarks/c/seq-mthreaded/rekh_nxt_true-unreach-call.2.M1.c 0 2000.0 2147483647 -1 -/bopt:boolControlVC 'True' -/bopt:z3opt:SMT.MBQI 'False' -/deepAsserts 'True' -/di 'True' -/doNotUseLabels 'False' -/noCallTreeReuse 'False' -/noInitPruning 'True' -/nonUniformUnfolding 'True' -/staticInlining 'True' -/trackAllVars 'True' -/useArrayTheoryCheck '2'  
06:34:11.422 [CLI TAE (Master Thread - #0)] ERROR c.u.c.b.a.t.b.c.CommandLineAlgorithmRun - The last 1 lines of output we saw were:
06:34:11.424 [CLI TAE (Master Thread - #0)] ERROR c.u.c.b.a.t.b.c.CommandLineAlgorithmRun - > Result for SMAC: CRASHED, 90000, 0, 0, -1
06:35:04.051 [CLI TAE (Master Thread - #0)] ERROR c.u.c.b.a.t.b.c.CommandLineAlgorithmRun - The following algorithm call failed: cd "/proj/SMACK/smac/example_scenarios/seq_rs" ;  ../wrapper.py /proj/SMACK/sv-benchmarks/c/seq-mthreaded/rekcba_aso_true-unreach-call.1.M4.c 0 2000.0 2147483647 -1 -/bopt:boolControlVC 'True' -/bopt:z3opt:SMT.MBQI 'False' -/deepAsserts 'True' -/di 'True' -/doNotUseLabels 'False' -/noCallTreeReuse 'False' -/noInitPruning 'True' -/nonUniformUnfolding 'True' -/staticInlining 'True' -/trackAllVars 'True' -/useArrayTheoryCheck '2'  
06:35:04.053 [CLI TAE (Master Thread - #0)] ERROR c.u.c.b.a.t.b.c.CommandLineAlgorithmRun - The last 1 lines of output we saw were:
06:35:04.053 [CLI TAE (Master Thread - #0)] ERROR c.u.c.b.a.t.b.c.CommandLineAlgorithmRun - > Result for SMAC: CRASHED, 90000, 0, 0, -1
06:47:26.464 [CLI TAE (Master Thread - #0)] ERROR c.u.c.b.a.t.b.c.CommandLineAlgorithmRun - The following algorithm call failed: cd "/proj/SMACK/smac/example_scenarios/seq_rs" ;  ../wrapper.py /proj/SMACK/sv-benchmarks/c/seq-mthreaded/rekcba_aso_false-unreach-call.3.M1.c 0 2000.0 2147483647 -1 -/bopt:boolControlVC 'True' -/bopt:z3opt:SMT.MBQI 'False' -/deepAsserts 'True' -/di 'True' -/doNotUseLabels 'False' -/noCallTreeReuse 'False' -/noInitPruning 'True' -/nonUniformUnfolding 'True' -/staticInlining 'True' -/trackAllVars 'True' -/useArrayTheoryCheck '2'  
06:47:26.465 [CLI TAE (Master Thread - #0)] ERROR c.u.c.b.a.t.b.c.CommandLineAlgorithmRun - The last 1 lines of output we saw were:
06:47:26.465 [CLI TAE (Master Thread - #0)] ERROR c.u.c.b.a.t.b.c.CommandLineAlgorithmRun - > Result for SMAC: CRASHED, 90000, 0, 0, -1
06:47:35.350 [CLI TAE (Master Thread - #0)] ERROR c.u.c.b.a.t.b.c.CommandLineAlgorithmRun - The following algorithm call failed: cd "/proj/SMACK/smac/example_scenarios/seq_rs" ;  ../wrapper.py /proj/SMACK/sv-benchmarks/c/systemc/token_ring.06_false-unreach-call_false-termination.cil.c 0 2000.0 2147483647 -1 -/bopt:boolControlVC 'True' -/bopt:z3opt:SMT.MBQI 'False' -/deepAsserts 'True' -/di 'True' -/doNotUseLabels 'False' -/noCallTreeReuse 'False' -/noInitPruning 'True' -/nonUniformUnfolding 'True' -/staticInlining 'True' -/trackAllVars 'True' -/useArrayTheoryCheck '2'  
06:47:35.353 [CLI TAE (Master Thread - #0)] ERROR c.u.c.b.a.t.b.c.CommandLineAlgorithmRun - The last 1 lines of output we saw were:
06:47:35.353 [CLI TAE (Master Thread - #0)] ERROR c.u.c.b.a.t.b.c.CommandLineAlgorithmRun - > Result for SMAC: CRASHED, 90000, 0, 0, -1
06:48:32.740 [CLI TAE (Master Thread - #0)] ERROR c.u.c.b.a.t.b.c.CommandLineAlgorithmRun - The following algorithm call failed: cd "/proj/SMACK/smac/example_scenarios/seq_rs" ;  ../wrapper.py /proj/SMACK/sv-benchmarks/c/seq-mthreaded/rekcba_nxt_true-unreach-call.3.M4.c 0 2000.0 2147483647 -1 -/bopt:boolControlVC 'True' -/bopt:z3opt:SMT.MBQI 'False' -/deepAsserts 'True' -/di 'True' -/doNotUseLabels 'False' -/noCallTreeReuse 'False' -/noInitPruning 'True' -/nonUniformUnfolding 'True' -/staticInlining 'True' -/trackAllVars 'True' -/useArrayTheoryCheck '2'  
06:48:32.740 [CLI TAE (Master Thread - #0)] ERROR c.u.c.b.a.t.b.c.CommandLineAlgorithmRun - The last 1 lines of output we saw were:
06:48:32.740 [CLI TAE (Master Thread - #0)] ERROR c.u.c.b.a.t.b.c.CommandLineAlgorithmRun - > Result for SMAC: CRASHED, 90000, 0, 0, -1
06:48:39.265 [CLI TAE (Master Thread - #0)] ERROR c.u.c.b.a.t.b.c.CommandLineAlgorithmRun - The following algorithm call failed: cd "/proj/SMACK/smac/example_scenarios/seq_rs" ;  ../wrapper.py /proj/SMACK/sv-benchmarks/c/systemc/kundu_true-unreach-call_false-termination.cil.c 0 28.999096516865496 2147483647 -1 -/bopt:boolControlVC 'True' -/bopt:z3opt:SMT.MBQI 'False' -/deepAsserts 'True' -/di 'True' -/doNotUseLabels 'False' -/noCallTreeReuse 'False' -/noInitPruning 'True' -/nonUniformUnfolding 'True' -/staticInlining 'True' -/trackAllVars 'True' -/useArrayTheoryCheck '2'  
06:48:39.266 [CLI TAE (Master Thread - #0)] ERROR c.u.c.b.a.t.b.c.CommandLineAlgorithmRun - The last 1 lines of output we saw were:
06:48:39.266 [CLI TAE (Master Thread - #0)] ERROR c.u.c.b.a.t.b.c.CommandLineAlgorithmRun - > Result for SMAC: CRASHED, 90000, 0, 0, -1
09:17:55.504 [CLI TAE (Master Thread - #0)] ERROR c.u.c.b.a.t.b.c.CommandLineAlgorithmRun - The following algorithm call failed: cd "/proj/SMACK/smac/example_scenarios/seq_rs" ;  ../wrapper.py /proj/SMACK/sv-benchmarks/c/seq-mthreaded/rekcba_aso_true-unreach-call.1.M4.c 0 2000.0 2147483647 -1 -/bopt:boolControlVC 'False' -/bopt:z3opt:SMT.MBQI 'False' -/deepAsserts 'True' -/di 'True' -/doNotUseLabels 'False' -/noCallTreeReuse 'False' -/noInitPruning 'False' -/nonUniformUnfolding 'False' -/staticInlining 'True' -/trackAllVars 'False' -/useArrayTheoryCheck '1'  
09:17:55.505 [CLI TAE (Master Thread - #0)] ERROR c.u.c.b.a.t.b.c.CommandLineAlgorithmRun - The last 1 lines of output we saw were:
09:17:55.505 [CLI TAE (Master Thread - #0)] ERROR c.u.c.b.a.t.b.c.CommandLineAlgorithmRun - > Result for SMAC: CRASHED, 90000, 0, 0, -1
09:18:07.745 [CLI TAE (Master Thread - #0)] ERROR c.u.c.b.a.t.b.c.CommandLineAlgorithmRun - The following algorithm call failed: cd "/proj/SMACK/smac/example_scenarios/seq_rs" ;  ../wrapper.py /proj/SMACK/sv-benchmarks/c/seq-mthreaded/pals_floodmax.5_false-unreach-call.1.ufo.BOUNDED-10.pals_true-termination.c 0 2000.0 2147483647 -1 -/bopt:boolControlVC 'False' -/bopt:z3opt:SMT.MBQI 'False' -/deepAsserts 'True' -/di 'True' -/doNotUseLabels 'False' -/noCallTreeReuse 'False' -/noInitPruning 'False' -/nonUniformUnfolding 'False' -/staticInlining 'True' -/trackAllVars 'False' -/useArrayTheoryCheck '1'  
09:18:07.746 [CLI TAE (Master Thread - #0)] ERROR c.u.c.b.a.t.b.c.CommandLineAlgorithmRun - The last 1 lines of output we saw were:
09:18:07.746 [CLI TAE (Master Thread - #0)] ERROR c.u.c.b.a.t.b.c.CommandLineAlgorithmRun - > Result for SMAC: CRASHED, 90000, 0, 0, -1
09:18:35.522 [CLI TAE (Master Thread - #0)] ERROR c.u.c.b.a.t.b.c.CommandLineAlgorithmRun - The following algorithm call failed: cd "/proj/SMACK/smac/example_scenarios/seq_rs" ;  ../wrapper.py /proj/SMACK/sv-benchmarks/c/seq-pthread/cs_fib_longer_true-unreach-call.i 0 225.77915833179952 2147483647 -1 -/bopt:boolControlVC 'False' -/bopt:z3opt:SMT.MBQI 'False' -/deepAsserts 'True' -/di 'True' -/doNotUseLabels 'False' -/noCallTreeReuse 'False' -/noInitPruning 'False' -/nonUniformUnfolding 'False' -/staticInlining 'True' -/trackAllVars 'False' -/useArrayTheoryCheck '1'  
09:18:35.523 [CLI TAE (Master Thread - #0)] ERROR c.u.c.b.a.t.b.c.CommandLineAlgorithmRun - The last 1 lines of output we saw were:
09:18:35.523 [CLI TAE (Master Thread - #0)] ERROR c.u.c.b.a.t.b.c.CommandLineAlgorithmRun - > Result for SMAC: CRASHED, 90000, 0, 0, -1
09:51:55.467 [CLI TAE (Master Thread - #0)] ERROR c.u.c.b.a.t.b.c.CommandLineAlgorithmRun - The following algorithm call failed: cd "/proj/SMACK/smac/example_scenarios/seq_rs" ;  ../wrapper.py /proj/SMACK/sv-benchmarks/c/seq-mthreaded/pals_STARTPALS_ActiveStandby_false-unreach-call.1.ufo.UNBOUNDED.pals.c 0 54.42161549662352 2147483647 -1 -/bopt:boolControlVC 'False' -/bopt:z3opt:SMT.MBQI 'True' -/bopt:z3opt:SMT.MBQI.MAX_ITERATIONS '28586' -/deepAsserts 'True' -/di 'True' -/doNotUseLabels 'True' -/noCallTreeReuse 'True' -/noInitPruning 'False' -/nonUniformUnfolding 'True' -/staticInlining 'True' -/trackAllVars 'True' -/useArrayTheoryCheck '2'  
09:51:55.468 [CLI TAE (Master Thread - #0)] ERROR c.u.c.b.a.t.b.c.CommandLineAlgorithmRun - The last 1 lines of output we saw were:
09:51:55.468 [CLI TAE (Master Thread - #0)] ERROR c.u.c.b.a.t.b.c.CommandLineAlgorithmRun - > Result for SMAC: CRASHED, 90000, 0, 0, -1
12:53:40.060 [CLI TAE (Master Thread - #0)] ERROR c.u.c.b.a.t.b.c.CommandLineAlgorithmRun - The following algorithm call failed: cd "/proj/SMACK/smac/example_scenarios/seq_rs" ;  ../wrapper.py /proj/SMACK/sv-benchmarks/c/seq-mthreaded/rekcba_nxt_false-unreach-call.1.M4.c 0 2000.0 2147483647 -1 -/bopt:boolControlVC 'False' -/bopt:z3opt:SMT.MBQI 'False' -/deepAsserts 'True' -/di 'True' -/doNotUseLabels 'False' -/noCallTreeReuse 'True' -/noInitPruning 'False' -/nonUniformUnfolding 'False' -/staticInlining 'False' -/trackAllVars 'True' -/useArrayTheoryCheck '0'  
12:53:40.061 [CLI TAE (Master Thread - #0)] ERROR c.u.c.b.a.t.b.c.CommandLineAlgorithmRun - The last 1 lines of output we saw were:
12:53:40.063 [CLI TAE (Master Thread - #0)] ERROR c.u.c.b.a.t.b.c.CommandLineAlgorithmRun - > Result for SMAC: CRASHED, 90000, 0, 0, -1
16:42:21.266 [CLI TAE Observer Threads (2-1)] WARN  c.u.c.b.a.t.d.s.TimingCheckerTargetAlgorithmEvaluator - We have been waiting for 180.096 seconds for a run that should have taken at most 35.89555610750914 seconds.
 The sample call for the run that is delayed is: cd "/proj/SMACK/smac/example_scenarios/seq_rs" ;  ../wrapper.py /proj/SMACK/sv-benchmarks/c/systemc/transmitter.10_false-unreach-call_false-termination.cil.c 0 35.89555610750914 2147483647 -1 -/bopt:boolControlVC 'False' -/bopt:z3opt:SMT.MBQI 'True' -/bopt:z3opt:SMT.MBQI.MAX_ITERATIONS '18000' -/deepAsserts 'True' -/di 'False' -/doNotUseLabels 'False' -/noCallTreeReuse 'False' -/noInitPruning 'False' -/nonUniformUnfolding 'True' -/staticInlining 'False' -/trackAllVars 'False' -/useArrayTheoryCheck '2'  
18:01:50.075 [CLI TAE (Master Thread - #0)] ERROR c.u.c.b.a.t.b.c.CommandLineAlgorithmRun - The following algorithm call failed: cd "/proj/SMACK/smac/example_scenarios/seq_rs" ;  ../wrapper.py /proj/SMACK/sv-benchmarks/c/seq-mthreaded/rekcba_nxt_false-unreach-call.1.M4.c 0 2000.0 2147483647 -1 -/bopt:boolControlVC 'False' -/bopt:z3opt:SMT.MBQI 'False' -/deepAsserts 'False' -/di 'True' -/doNotUseLabels 'True' -/noCallTreeReuse 'False' -/noInitPruning 'True' -/nonUniformUnfolding 'False' -/staticInlining 'True' -/trackAllVars 'True' -/useArrayTheoryCheck '0'  
18:01:50.076 [CLI TAE (Master Thread - #0)] ERROR c.u.c.b.a.t.b.c.CommandLineAlgorithmRun - The last 1 lines of output we saw were:
18:01:50.076 [CLI TAE (Master Thread - #0)] ERROR c.u.c.b.a.t.b.c.CommandLineAlgorithmRun - > Result for SMAC: CRASHED, 90000, 0, 0, -1
18:02:00.755 [CLI TAE (Master Thread - #0)] ERROR c.u.c.b.a.t.b.c.CommandLineAlgorithmRun - The following algorithm call failed: cd "/proj/SMACK/smac/example_scenarios/seq_rs" ;  ../wrapper.py /proj/SMACK/sv-benchmarks/c/seq-mthreaded/pals_opt-floodmax.5_false-unreach-call.4.ufo.BOUNDED-10.pals_true-termination.c 0 2000.0 2147483647 -1 -/bopt:boolControlVC 'False' -/bopt:z3opt:SMT.MBQI 'False' -/deepAsserts 'False' -/di 'True' -/doNotUseLabels 'True' -/noCallTreeReuse 'False' -/noInitPruning 'True' -/nonUniformUnfolding 'False' -/staticInlining 'True' -/trackAllVars 'True' -/useArrayTheoryCheck '0'  
18:02:00.756 [CLI TAE (Master Thread - #0)] ERROR c.u.c.b.a.t.b.c.CommandLineAlgorithmRun - The last 1 lines of output we saw were:
18:02:00.756 [CLI TAE (Master Thread - #0)] ERROR c.u.c.b.a.t.b.c.CommandLineAlgorithmRun - > Result for SMAC: CRASHED, 90000, 0, 0, -1
18:02:17.590 [CLI TAE (Master Thread - #0)] ERROR c.u.c.b.a.t.b.c.CommandLineAlgorithmRun - The following algorithm call failed: cd "/proj/SMACK/smac/example_scenarios/seq_rs" ;  ../wrapper.py /proj/SMACK/sv-benchmarks/c/systemc/token_ring.11_true-unreach-call_false-termination.cil.c 0 648.5809848535538 2147483647 -1 -/bopt:boolControlVC 'False' -/bopt:z3opt:SMT.MBQI 'False' -/deepAsserts 'False' -/di 'True' -/doNotUseLabels 'True' -/noCallTreeReuse 'False' -/noInitPruning 'True' -/nonUniformUnfolding 'False' -/staticInlining 'True' -/trackAllVars 'True' -/useArrayTheoryCheck '0'  
18:02:17.590 [CLI TAE (Master Thread - #0)] ERROR c.u.c.b.a.t.b.c.CommandLineAlgorithmRun - The last 1 lines of output we saw were:
18:02:17.590 [CLI TAE (Master Thread - #0)] ERROR c.u.c.b.a.t.b.c.CommandLineAlgorithmRun - > Result for SMAC: CRASHED, 90000, 0, 0, -1
18:49:01.406 [CLI TAE (Master Thread - #0)] ERROR c.u.c.b.a.t.b.c.CommandLineAlgorithmRun - The following algorithm call failed: cd "/proj/SMACK/smac/example_scenarios/seq_rs" ;  ../wrapper.py /proj/SMACK/sv-benchmarks/c/systemc/toy2_false-unreach-call_false-termination.cil.c 0 15.013235889720917 2147483647 -1 -/bopt:boolControlVC 'False' -/bopt:z3opt:SMT.MBQI 'False' -/deepAsserts 'False' -/di 'True' -/doNotUseLabels 'True' -/noCallTreeReuse 'False' -/noInitPruning 'False' -/nonUniformUnfolding 'True' -/staticInlining 'True' -/trackAllVars 'True' -/useArrayTheoryCheck '2'  
18:49:01.407 [CLI TAE (Master Thread - #0)] ERROR c.u.c.b.a.t.b.c.CommandLineAlgorithmRun - The last 1 lines of output we saw were:
18:49:01.407 [CLI TAE (Master Thread - #0)] ERROR c.u.c.b.a.t.b.c.CommandLineAlgorithmRun - > Result for SMAC: CRASHED, 90000, 0, 0, -1
19:58:34.508 [CLI TAE (Master Thread - #0)] ERROR c.u.c.b.a.t.b.c.CommandLineAlgorithmRun - The following algorithm call failed: cd "/proj/SMACK/smac/example_scenarios/seq_rs" ;  ../wrapper.py /proj/SMACK/sv-benchmarks/c/systemc/kundu1_false-unreach-call_false-termination.cil.c 0 9.44896590744257 2147483647 -1 -/bopt:boolControlVC 'True' -/bopt:z3opt:SMT.MBQI 'True' -/bopt:z3opt:SMT.MBQI.MAX_ITERATIONS '2346' -/deepAsserts 'False' -/di 'True' -/doNotUseLabels 'False' -/noCallTreeReuse 'True' -/noInitPruning 'False' -/nonUniformUnfolding 'True' -/staticInlining 'True' -/trackAllVars 'False' -/useArrayTheoryCheck '0'  
19:58:34.508 [CLI TAE (Master Thread - #0)] ERROR c.u.c.b.a.t.b.c.CommandLineAlgorithmRun - The last 1 lines of output we saw were:
19:58:34.508 [CLI TAE (Master Thread - #0)] ERROR c.u.c.b.a.t.b.c.CommandLineAlgorithmRun - > Result for SMAC: CRASHED, 90000, 0, 0, -1
19:58:34.523 [CLI TAE Callback Threads (3-96)] WARN  c.u.c.b.a.t.d.s.TimingCheckerTargetAlgorithmEvaluator - Algorithm Run Result reported a runtime of 90000.0 (secs) that exceeded it's cutoff time of 9.44896590744257 (secs) by 89990.55103409255 (secs). Next warning at 89991.55103409255 (secs)  
21:35:24.902 [CLI TAE Observer Threads (2-1)] WARN  c.u.c.b.a.t.d.h.KillCaptimeExceedingRunsRunsTargetAlgorithmEvaluatorDecorator - Killed run <Instance:36, Seed:-1, Config:0x15827A, Kappa:11.612029828476906, Execution Config: 0x0001> at 116.42155 for exceeding 10.0 times its cutoff time of 11.612029828476906 (secs)
21:38:59.453 [CLI TAE Observer Threads (2-1)] WARN  c.u.c.b.a.t.d.s.TimingCheckerTargetAlgorithmEvaluator - We have been waiting for 180.173 seconds for a run that should have taken at most 40.18544106592536 seconds.
 The sample call for the run that is delayed is: cd "/proj/SMACK/smac/example_scenarios/seq_rs" ;  ../wrapper.py /proj/SMACK/sv-benchmarks/c/seq-mthreaded/pals_lcr-var-start-time.5_false-unreach-call.2.ufo.UNBOUNDED.pals.c 0 40.18544106592536 2147483647 -1 -/bopt:boolControlVC 'False' -/bopt:z3opt:SMT.MBQI 'True' -/bopt:z3opt:SMT.MBQI.MAX_ITERATIONS '28109' -/deepAsserts 'True' -/di 'False' -/doNotUseLabels 'True' -/noCallTreeReuse 'True' -/noInitPruning 'False' -/nonUniformUnfolding 'True' -/staticInlining 'False' -/trackAllVars 'True' -/useArrayTheoryCheck '2'  
21:43:04.815 [CLI TAE Observer Threads (2-1)] WARN  c.u.c.b.a.t.d.h.KillCaptimeExceedingRunsRunsTargetAlgorithmEvaluatorDecorator - Killed run <Instance:113, Seed:-1, Config:0x160C82, Kappa:40.18544106592536, Execution Config: 0x0001> at 402.21194999999994 for exceeding 10.0 times its cutoff time of 40.18544106592536 (secs)
23:23:34.293 [CLI TAE Callback Threads (3-105)] WARN  c.u.c.b.a.t.d.s.TimingCheckerTargetAlgorithmEvaluator - Algorithm Run Result reported wallclock time of 1883.757 (secs) that exceeded it's cutoff time of 1147.0958564322173 (secs) by 736.6611435677828 (secs). Next warning at 737.6611435677828 (secs)  
23:58:09.091 [CLI TAE Observer Threads (2-1)] WARN  c.u.c.b.a.t.d.s.TimingCheckerTargetAlgorithmEvaluator - We have been waiting for 180.163 seconds for a run that should have taken at most 27.266415477144722 seconds.
 The sample call for the run that is delayed is: cd "/proj/SMACK/smac/example_scenarios/seq_rs" ;  ../wrapper.py /proj/SMACK/sv-benchmarks/c/seq-mthreaded/pals_lcr-var-start-time.5_true-unreach-call.ufo.BOUNDED-10.pals_true-termination.c 0 27.266415477144722 2147483647 -1 -/bopt:boolControlVC 'False' -/bopt:z3opt:SMT.MBQI 'False' -/deepAsserts 'True' -/di 'False' -/doNotUseLabels 'True' -/noCallTreeReuse 'True' -/noInitPruning 'True' -/nonUniformUnfolding 'False' -/staticInlining 'False' -/trackAllVars 'False' -/useArrayTheoryCheck '1'  
23:59:54.647 [CLI TAE Observer Threads (2-1)] WARN  c.u.c.b.a.t.d.h.KillCaptimeExceedingRunsRunsTargetAlgorithmEvaluatorDecorator - Killed run <Instance:203, Seed:-1, Config:0x17B23D, Kappa:27.266415477144722, Execution Config: 0x0001> at 273.1288 for exceeding 10.0 times its cutoff time of 27.266415477144722 (secs)
01:38:09.179 [CLI TAE (Master Thread - #0)] ERROR c.u.c.b.a.t.b.c.CommandLineAlgorithmRun - The following algorithm call failed: cd "/proj/SMACK/smac/example_scenarios/seq_rs" ;  ../wrapper.py /proj/SMACK/sv-benchmarks/c/systemc/token_ring.10_true-unreach-call_false-termination.cil.c 0 2000.0 2147483647 -1 -/bopt:boolControlVC 'False' -/bopt:z3opt:SMT.MBQI 'False' -/deepAsserts 'True' -/di 'True' -/doNotUseLabels 'False' -/noCallTreeReuse 'True' -/noInitPruning 'True' -/nonUniformUnfolding 'False' -/staticInlining 'True' -/trackAllVars 'True' -/useArrayTheoryCheck '1'  
01:38:09.179 [CLI TAE (Master Thread - #0)] ERROR c.u.c.b.a.t.b.c.CommandLineAlgorithmRun - The last 1 lines of output we saw were:
01:38:09.179 [CLI TAE (Master Thread - #0)] ERROR c.u.c.b.a.t.b.c.CommandLineAlgorithmRun - > Result for SMAC: CRASHED, 90000, 0, 0, -1
01:38:15.006 [CLI TAE (Master Thread - #0)] ERROR c.u.c.b.a.t.b.c.CommandLineAlgorithmRun - The following algorithm call failed: cd "/proj/SMACK/smac/example_scenarios/seq_rs" ;  ../wrapper.py /proj/SMACK/sv-benchmarks/c/systemc/kundu1_false-unreach-call_false-termination.cil.c 0 657.0273504484177 2147483647 -1 -/bopt:boolControlVC 'False' -/bopt:z3opt:SMT.MBQI 'False' -/deepAsserts 'True' -/di 'True' -/doNotUseLabels 'False' -/noCallTreeReuse 'True' -/noInitPruning 'True' -/nonUniformUnfolding 'False' -/staticInlining 'True' -/trackAllVars 'True' -/useArrayTheoryCheck '1'  
01:38:15.006 [CLI TAE (Master Thread - #0)] ERROR c.u.c.b.a.t.b.c.CommandLineAlgorithmRun - The last 1 lines of output we saw were:
01:38:15.006 [CLI TAE (Master Thread - #0)] ERROR c.u.c.b.a.t.b.c.CommandLineAlgorithmRun - > Result for SMAC: CRASHED, 90000, 0, 0, -1
02:10:08.185 [CLI TAE (Master Thread - #0)] ERROR c.u.c.b.a.t.b.c.CommandLineAlgorithmRun - The following algorithm call failed: cd "/proj/SMACK/smac/example_scenarios/seq_rs" ;  ../wrapper.py /proj/SMACK/sv-benchmarks/c/seq-mthreaded/pals_STARTPALS_ActiveStandby_false-unreach-call.4_1.ufo.BOUNDED-10.pals.c 0 15.123611118990183 2147483647 -1 -/bopt:boolControlVC 'True' -/bopt:z3opt:SMT.MBQI 'False' -/deepAsserts 'False' -/di 'False' -/doNotUseLabels 'True' -/noCallTreeReuse 'True' -/noInitPruning 'False' -/nonUniformUnfolding 'True' -/staticInlining 'True' -/trackAllVars 'False' -/useArrayTheoryCheck '0'  
02:10:08.186 [CLI TAE (Master Thread - #0)] ERROR c.u.c.b.a.t.b.c.CommandLineAlgorithmRun - The last 1 lines of output we saw were:
02:10:08.186 [CLI TAE (Master Thread - #0)] ERROR c.u.c.b.a.t.b.c.CommandLineAlgorithmRun - > Result for SMAC: CRASHED, 90000, 0, 0, -1
05:58:24.466 [CLI TAE (Master Thread - #0)] ERROR c.u.c.b.a.t.b.c.CommandLineAlgorithmRun - The following algorithm call failed: cd "/proj/SMACK/smac/example_scenarios/seq_rs" ;  ../wrapper.py /proj/SMACK/sv-benchmarks/c/systemc/pipeline_false-unreach-call_false-termination.cil.c 0 51.926686138260365 2147483647 -1 -/bopt:boolControlVC 'True' -/bopt:z3opt:SMT.MBQI 'True' -/bopt:z3opt:SMT.MBQI.MAX_ITERATIONS '12925' -/deepAsserts 'False' -/di 'True' -/doNotUseLabels 'True' -/noCallTreeReuse 'False' -/noInitPruning 'False' -/nonUniformUnfolding 'False' -/staticInlining 'True' -/trackAllVars 'False' -/useArrayTheoryCheck '0'  
05:58:24.466 [CLI TAE (Master Thread - #0)] ERROR c.u.c.b.a.t.b.c.CommandLineAlgorithmRun - The last 1 lines of output we saw were:
05:58:24.466 [CLI TAE (Master Thread - #0)] ERROR c.u.c.b.a.t.b.c.CommandLineAlgorithmRun - > Result for SMAC: CRASHED, 90000, 0, 0, -1
07:02:09.411 [CLI TAE (Master Thread - #0)] ERROR c.u.c.b.a.t.b.c.CommandLineAlgorithmRun - The following algorithm call failed: cd "/proj/SMACK/smac/example_scenarios/seq_rs" ;  ../wrapper.py /proj/SMACK/sv-benchmarks/c/seq-mthreaded/pals_lcr-var-start-time.3_true-unreach-call.ufo.UNBOUNDED.pals.c 0 2000.0 2147483647 -1 -/bopt:boolControlVC 'False' -/bopt:z3opt:SMT.MBQI 'True' -/bopt:z3opt:SMT.MBQI.MAX_ITERATIONS '26997' -/deepAsserts 'False' -/di 'True' -/doNotUseLabels 'False' -/noCallTreeReuse 'True' -/noInitPruning 'False' -/nonUniformUnfolding 'False' -/staticInlining 'True' -/trackAllVars 'True' -/useArrayTheoryCheck '1'  
07:02:09.412 [CLI TAE (Master Thread - #0)] ERROR c.u.c.b.a.t.b.c.CommandLineAlgorithmRun - The last 1 lines of output we saw were:
07:02:09.412 [CLI TAE (Master Thread - #0)] ERROR c.u.c.b.a.t.b.c.CommandLineAlgorithmRun - > Result for SMAC: CRASHED, 90000, 0, 0, -1
07:03:03.926 [CLI TAE (Master Thread - #0)] ERROR c.u.c.b.a.t.b.c.CommandLineAlgorithmRun - The following algorithm call failed: cd "/proj/SMACK/smac/example_scenarios/seq_rs" ;  ../wrapper.py /proj/SMACK/sv-benchmarks/c/seq-mthreaded/rekcba_nxt_true-unreach-call.2.M4.c 0 2000.0 2147483647 -1 -/bopt:boolControlVC 'False' -/bopt:z3opt:SMT.MBQI 'True' -/bopt:z3opt:SMT.MBQI.MAX_ITERATIONS '26997' -/deepAsserts 'False' -/di 'True' -/doNotUseLabels 'False' -/noCallTreeReuse 'True' -/noInitPruning 'False' -/nonUniformUnfolding 'False' -/staticInlining 'True' -/trackAllVars 'True' -/useArrayTheoryCheck '1'  
07:03:03.926 [CLI TAE (Master Thread - #0)] ERROR c.u.c.b.a.t.b.c.CommandLineAlgorithmRun - The last 1 lines of output we saw were:
07:03:03.926 [CLI TAE (Master Thread - #0)] ERROR c.u.c.b.a.t.b.c.CommandLineAlgorithmRun - > Result for SMAC: CRASHED, 90000, 0, 0, -1
07:03:31.299 [CLI TAE (Master Thread - #0)] ERROR c.u.c.b.a.t.b.c.CommandLineAlgorithmRun - The following algorithm call failed: cd "/proj/SMACK/smac/example_scenarios/seq_rs" ;  ../wrapper.py /proj/SMACK/sv-benchmarks/c/systemc/pipeline_false-unreach-call_false-termination.cil.c 0 51.929285552698374 2147483647 -1 -/bopt:boolControlVC 'False' -/bopt:z3opt:SMT.MBQI 'True' -/bopt:z3opt:SMT.MBQI.MAX_ITERATIONS '26997' -/deepAsserts 'False' -/di 'True' -/doNotUseLabels 'False' -/noCallTreeReuse 'True' -/noInitPruning 'False' -/nonUniformUnfolding 'False' -/staticInlining 'True' -/trackAllVars 'True' -/useArrayTheoryCheck '1'  
07:03:31.299 [CLI TAE (Master Thread - #0)] ERROR c.u.c.b.a.t.b.c.CommandLineAlgorithmRun - The last 1 lines of output we saw were:
07:03:31.299 [CLI TAE (Master Thread - #0)] ERROR c.u.c.b.a.t.b.c.CommandLineAlgorithmRun - > Result for SMAC: CRASHED, 90000, 0, 0, -1
09:50:59.595 [CLI TAE (Master Thread - #0)] ERROR c.u.c.b.a.t.b.c.CommandLineAlgorithmRun - The following algorithm call failed: cd "/proj/SMACK/smac/example_scenarios/seq_rs" ;  ../wrapper.py /proj/SMACK/sv-benchmarks/c/seq-mthreaded/pals_opt-floodmax.3_false-unreach-call.1.ufo.UNBOUNDED.pals.c 0 14.3467954251647 2147483647 -1 -/bopt:boolControlVC 'True' -/bopt:z3opt:SMT.MBQI 'True' -/bopt:z3opt:SMT.MBQI.MAX_ITERATIONS '1723' -/deepAsserts 'False' -/di 'False' -/doNotUseLabels 'False' -/noCallTreeReuse 'True' -/noInitPruning 'False' -/nonUniformUnfolding 'False' -/staticInlining 'True' -/trackAllVars 'True' -/useArrayTheoryCheck '2'  
09:50:59.595 [CLI TAE (Master Thread - #0)] ERROR c.u.c.b.a.t.b.c.CommandLineAlgorithmRun - The last 1 lines of output we saw were:
09:50:59.595 [CLI TAE (Master Thread - #0)] ERROR c.u.c.b.a.t.b.c.CommandLineAlgorithmRun - > Result for SMAC: CRASHED, 90000, 0, 0, -1
10:33:20.129 [CLI TAE Observer Threads (2-2)] WARN  c.u.c.b.a.t.d.s.TimingCheckerTargetAlgorithmEvaluator - We have been waiting for 1060.194 seconds for a run that should have taken at most 353.29564194043274 seconds.
 The sample call for the run that is delayed is: cd "/proj/SMACK/smac/example_scenarios/seq_rs" ;  ../wrapper.py /proj/SMACK/sv-benchmarks/c/seq-pthread/cs_read_write_lock_true-unreach-call.i 0 353.29564194043274 2147483647 -1 -/bopt:boolControlVC 'False' -/bopt:z3opt:SMT.MBQI 'True' -/bopt:z3opt:SMT.MBQI.MAX_ITERATIONS '28752' -/deepAsserts 'False' -/di 'True' -/doNotUseLabels 'True' -/noCallTreeReuse 'False' -/noInitPruning 'False' -/nonUniformUnfolding 'False' -/staticInlining 'False' -/trackAllVars 'True' -/useArrayTheoryCheck '2'  
10:47:02.270 [CLI TAE Callback Threads (3-136)] WARN  c.u.c.b.a.t.d.s.TimingCheckerTargetAlgorithmEvaluator - Algorithm Run Result reported wallclock time of 1882.315 (secs) that exceeded it's cutoff time of 353.29564194043274 (secs) by 1529.0193580595674 (secs). Next warning at 1530.0193580595674 (secs)  
12:01:52.588 [CLI TAE Observer Threads (2-2)] WARN  c.u.c.b.a.t.d.s.TimingCheckerTargetAlgorithmEvaluator - We have been waiting for 1794.278 seconds for a run that should have taken at most 597.9993776309967 seconds.
 The sample call for the run that is delayed is: cd "/proj/SMACK/smac/example_scenarios/seq_rs" ;  ../wrapper.py /proj/SMACK/sv-benchmarks/c/systemc/pc_sfifo_1_true-unreach-call_false-termination.cil.c 0 597.9993776309967 2147483647 -1 -/bopt:boolControlVC 'True' -/bopt:z3opt:SMT.MBQI 'False' -/deepAsserts 'True' -/di 'False' -/doNotUseLabels 'True' -/noCallTreeReuse 'True' -/noInitPruning 'True' -/nonUniformUnfolding 'True' -/staticInlining 'False' -/trackAllVars 'False' -/useArrayTheoryCheck '0'  
12:04:27.845 [CLI TAE (Master Thread - #0)] ERROR c.u.c.b.a.t.b.c.CommandLineAlgorithmRun - The following algorithm call failed: cd "/proj/SMACK/smac/example_scenarios/seq_rs" ;  ../wrapper.py /proj/SMACK/sv-benchmarks/c/seq-mthreaded/rekcba_nxt_false-unreach-call.1.M4.c 0 2000.0 2147483647 -1 -/bopt:boolControlVC 'False' -/bopt:z3opt:SMT.MBQI 'True' -/bopt:z3opt:SMT.MBQI.MAX_ITERATIONS '3800' -/deepAsserts 'False' -/di 'False' -/doNotUseLabels 'False' -/noCallTreeReuse 'False' -/noInitPruning 'False' -/nonUniformUnfolding 'False' -/staticInlining 'True' -/trackAllVars 'False' -/useArrayTheoryCheck '0'  
12:04:27.845 [CLI TAE (Master Thread - #0)] ERROR c.u.c.b.a.t.b.c.CommandLineAlgorithmRun - The last 1 lines of output we saw were:
12:04:27.845 [CLI TAE (Master Thread - #0)] ERROR c.u.c.b.a.t.b.c.CommandLineAlgorithmRun - > Result for SMAC: CRASHED, 90000, 0, 0, -1
12:36:00.164 [CLI TAE (Master Thread - #0)] ERROR c.u.c.b.a.t.b.c.CommandLineAlgorithmRun - The following algorithm call failed: cd "/proj/SMACK/smac/example_scenarios/seq_rs" ;  ../wrapper.py /proj/SMACK/sv-benchmarks/c/systemc/transmitter.01_false-unreach-call_false-termination.cil.c 0 8.148945112127066 2147483647 -1 -/bopt:boolControlVC 'False' -/bopt:z3opt:SMT.MBQI 'True' -/bopt:z3opt:SMT.MBQI.MAX_ITERATIONS '3800' -/deepAsserts 'False' -/di 'False' -/doNotUseLabels 'False' -/noCallTreeReuse 'False' -/noInitPruning 'False' -/nonUniformUnfolding 'False' -/staticInlining 'True' -/trackAllVars 'False' -/useArrayTheoryCheck '0'  
12:36:00.164 [CLI TAE (Master Thread - #0)] ERROR c.u.c.b.a.t.b.c.CommandLineAlgorithmRun - The last 1 lines of output we saw were:
12:36:00.164 [CLI TAE (Master Thread - #0)] ERROR c.u.c.b.a.t.b.c.CommandLineAlgorithmRun - > Result for SMAC: CRASHED, 90000, 0, 0, -1
12:36:00.194 [CLI TAE Callback Threads (3-141)] WARN  c.u.c.b.a.t.d.s.TimingCheckerTargetAlgorithmEvaluator - Algorithm Run Result reported a runtime of 90000.0 (secs) that exceeded it's cutoff time of 8.148945112127066 (secs) by 89991.85105488787 (secs). Next warning at 89992.85105488787 (secs)  
13:42:23.107 [CLI TAE Observer Threads (2-2)] WARN  c.u.c.b.a.t.d.h.KillCaptimeExceedingRunsRunsTargetAlgorithmEvaluatorDecorator - Killed run <Instance:106, Seed:-1, Config:0x236739, Kappa:15.90484472771287, Execution Config: 0x0001> at 159.26845 for exceeding 10.0 times its cutoff time of 15.90484472771287 (secs)
13:47:16.211 [CLI TAE Observer Threads (2-2)] WARN  c.u.c.b.a.t.d.h.KillCaptimeExceedingRunsRunsTargetAlgorithmEvaluatorDecorator - Killed run <Instance:36, Seed:-1, Config:0x241E9B, Kappa:11.60942920331955, Execution Config: 0x0001> at 116.18594999999999 for exceeding 10.0 times its cutoff time of 11.60942920331955 (secs)
20:12:18.164 [CLI TAE (Master Thread - #0)] ERROR c.u.c.b.a.t.b.c.CommandLineAlgorithmRun - The following algorithm call failed: cd "/proj/SMACK/smac/example_scenarios/seq_rs" ;  ../wrapper.py /proj/SMACK/sv-benchmarks/c/seq-mthreaded/rekcba_aso_true-unreach-call.2.M4.c 0 2000.0 2147483647 -1 -/bopt:boolControlVC 'False' -/bopt:z3opt:SMT.MBQI 'False' -/deepAsserts 'False' -/di 'False' -/doNotUseLabels 'False' -/noCallTreeReuse 'False' -/noInitPruning 'True' -/nonUniformUnfolding 'False' -/staticInlining 'False' -/trackAllVars 'True' -/useArrayTheoryCheck '2'  
20:12:18.165 [CLI TAE (Master Thread - #0)] ERROR c.u.c.b.a.t.b.c.CommandLineAlgorithmRun - The last 1 lines of output we saw were:
20:12:18.165 [CLI TAE (Master Thread - #0)] ERROR c.u.c.b.a.t.b.c.CommandLineAlgorithmRun - > Result for SMAC: CRASHED, 90000, 0, 0, -1
21:04:34.405 [CLI TAE (Master Thread - #0)] ERROR c.u.c.b.a.t.b.c.CommandLineAlgorithmRun - The following algorithm call failed: cd "/proj/SMACK/smac/example_scenarios/seq_rs" ;  ../wrapper.py /proj/SMACK/sv-benchmarks/c/seq-mthreaded/rekcba_aso_false-unreach-call.1.M4.c 0 2000.0 2147483647 -1 -/bopt:boolControlVC 'False' -/bopt:z3opt:SMT.MBQI 'False' -/deepAsserts 'False' -/di 'False' -/doNotUseLabels 'False' -/noCallTreeReuse 'False' -/noInitPruning 'True' -/nonUniformUnfolding 'False' -/staticInlining 'False' -/trackAllVars 'True' -/useArrayTheoryCheck '2'  
21:04:34.406 [CLI TAE (Master Thread - #0)] ERROR c.u.c.b.a.t.b.c.CommandLineAlgorithmRun - The last 1 lines of output we saw were:
21:04:34.406 [CLI TAE (Master Thread - #0)] ERROR c.u.c.b.a.t.b.c.CommandLineAlgorithmRun - > Result for SMAC: CRASHED, 90000, 0, 0, -1
21:15:20.185 [CLI TAE (Master Thread - #0)] ERROR c.u.c.b.a.t.b.c.CommandLineAlgorithmRun - The following algorithm call failed: cd "/proj/SMACK/smac/example_scenarios/seq_rs" ;  ../wrapper.py /proj/SMACK/sv-benchmarks/c/seq-mthreaded/rekcba_aso_true-unreach-call.1.M4.c 0 2000.0 2147483647 -1 -/bopt:boolControlVC 'False' -/bopt:z3opt:SMT.MBQI 'False' -/deepAsserts 'False' -/di 'False' -/doNotUseLabels 'False' -/noCallTreeReuse 'False' -/noInitPruning 'True' -/nonUniformUnfolding 'False' -/staticInlining 'False' -/trackAllVars 'True' -/useArrayTheoryCheck '2'  
21:15:20.186 [CLI TAE (Master Thread - #0)] ERROR c.u.c.b.a.t.b.c.CommandLineAlgorithmRun - The last 1 lines of output we saw were:
21:15:20.186 [CLI TAE (Master Thread - #0)] ERROR c.u.c.b.a.t.b.c.CommandLineAlgorithmRun - > Result for SMAC: CRASHED, 90000, 0, 0, -1
03:03:57.357 [CLI TAE (Master Thread - #0)] ERROR c.u.c.b.a.t.b.c.CommandLineAlgorithmRun - The following algorithm call failed: cd "/proj/SMACK/smac/example_scenarios/seq_rs" ;  ../wrapper.py /proj/SMACK/sv-benchmarks/c/seq-mthreaded/rekcba_nxt_true-unreach-call.2.M4.c 0 2000.0 2147483647 -1 -/bopt:boolControlVC 'False' -/bopt:z3opt:SMT.MBQI 'False' -/deepAsserts 'False' -/di 'False' -/doNotUseLabels 'False' -/noCallTreeReuse 'False' -/noInitPruning 'True' -/nonUniformUnfolding 'False' -/staticInlining 'False' -/trackAllVars 'True' -/useArrayTheoryCheck '2'  
03:03:57.368 [CLI TAE (Master Thread - #0)] ERROR c.u.c.b.a.t.b.c.CommandLineAlgorithmRun - The last 1 lines of output we saw were:
03:03:57.369 [CLI TAE (Master Thread - #0)] ERROR c.u.c.b.a.t.b.c.CommandLineAlgorithmRun - > Result for SMAC: CRASHED, 90000, 0, 0, -1
03:06:59.185 [CLI TAE (Master Thread - #0)] ERROR c.u.c.b.a.t.b.c.CommandLineAlgorithmRun - The following algorithm call failed: cd "/proj/SMACK/smac/example_scenarios/seq_rs" ;  ../wrapper.py /proj/SMACK/sv-benchmarks/c/seq-mthreaded/rekh_aso_false-unreach-call.1.M1.c 0 2000.0 2147483647 -1 -/bopt:boolControlVC 'False' -/bopt:z3opt:SMT.MBQI 'False' -/deepAsserts 'False' -/di 'False' -/doNotUseLabels 'False' -/noCallTreeReuse 'False' -/noInitPruning 'True' -/nonUniformUnfolding 'False' -/staticInlining 'False' -/trackAllVars 'True' -/useArrayTheoryCheck '2'  
03:06:59.186 [CLI TAE (Master Thread - #0)] ERROR c.u.c.b.a.t.b.c.CommandLineAlgorithmRun - The last 1 lines of output we saw were:
03:06:59.186 [CLI TAE (Master Thread - #0)] ERROR c.u.c.b.a.t.b.c.CommandLineAlgorithmRun - > Result for SMAC: CRASHED, 90000, 0, 0, -1
05:23:51.835 [CLI TAE (Master Thread - #0)] ERROR c.u.c.b.a.t.b.c.CommandLineAlgorithmRun - The following algorithm call failed: cd "/proj/SMACK/smac/example_scenarios/seq_rs" ;  ../wrapper.py /proj/SMACK/sv-benchmarks/c/seq-mthreaded/rekcba_nxt_false-unreach-call.1.M4.c 0 2000.0 2147483647 -1 -/bopt:boolControlVC 'False' -/bopt:z3opt:SMT.MBQI 'False' -/deepAsserts 'False' -/di 'False' -/doNotUseLabels 'False' -/noCallTreeReuse 'False' -/noInitPruning 'True' -/nonUniformUnfolding 'False' -/staticInlining 'False' -/trackAllVars 'True' -/useArrayTheoryCheck '2'  
05:23:51.835 [CLI TAE (Master Thread - #0)] ERROR c.u.c.b.a.t.b.c.CommandLineAlgorithmRun - The last 1 lines of output we saw were:
05:23:51.836 [CLI TAE (Master Thread - #0)] ERROR c.u.c.b.a.t.b.c.CommandLineAlgorithmRun - > Result for SMAC: CRASHED, 90000, 0, 0, -1
07:23:09.447 [CLI TAE (Master Thread - #0)] ERROR c.u.c.b.a.t.b.c.CommandLineAlgorithmRun - The following algorithm call failed: cd "/proj/SMACK/smac/example_scenarios/seq_rs" ;  ../wrapper.py /proj/SMACK/sv-benchmarks/c/seq-mthreaded/rekh_nxt_true-unreach-call.2.M1.c 0 2000.0 2147483647 -1 -/bopt:boolControlVC 'False' -/bopt:z3opt:SMT.MBQI 'False' -/deepAsserts 'False' -/di 'False' -/doNotUseLabels 'False' -/noCallTreeReuse 'False' -/noInitPruning 'True' -/nonUniformUnfolding 'False' -/staticInlining 'False' -/trackAllVars 'True' -/useArrayTheoryCheck '2'  
07:23:09.448 [CLI TAE (Master Thread - #0)] ERROR c.u.c.b.a.t.b.c.CommandLineAlgorithmRun - The last 1 lines of output we saw were:
07:23:09.448 [CLI TAE (Master Thread - #0)] ERROR c.u.c.b.a.t.b.c.CommandLineAlgorithmRun - > Result for SMAC: CRASHED, 90000, 0, 0, -1
08:06:13.966 [CLI TAE (Master Thread - #0)] ERROR c.u.c.b.a.t.b.c.CommandLineAlgorithmRun - The following algorithm call failed: cd "/proj/SMACK/smac/example_scenarios/seq_rs" ;  ../wrapper.py /proj/SMACK/sv-benchmarks/c/seq-mthreaded/rekh_aso_false-unreach-call.4.M4.c 0 2000.0 2147483647 -1 -/bopt:boolControlVC 'False' -/bopt:z3opt:SMT.MBQI 'False' -/deepAsserts 'False' -/di 'False' -/doNotUseLabels 'False' -/noCallTreeReuse 'False' -/noInitPruning 'True' -/nonUniformUnfolding 'False' -/staticInlining 'False' -/trackAllVars 'True' -/useArrayTheoryCheck '2'  
08:06:13.967 [CLI TAE (Master Thread - #0)] ERROR c.u.c.b.a.t.b.c.CommandLineAlgorithmRun - The last 1 lines of output we saw were:
08:06:13.968 [CLI TAE (Master Thread - #0)] ERROR c.u.c.b.a.t.b.c.CommandLineAlgorithmRun - > Result for SMAC: CRASHED, 90000, 0, 0, -1
08:06:14.737 [main] WARN  c.u.c.b.a.r.FileSharingRunHistoryDecorator - Error occurred reading file in shared run history /proj/SMACK/smac/example_scenarios/seq_rs/smac-output/smack-scenario_seq_rs/live-rundata-122.json. We will keep trying to read this file, but will only log another error after it succeeds once. We may not be able to get it's run data but we should be able to continue
com.fasterxml.jackson.core.JsonParseException: Unexpected end-of-input: expected close marker for OBJECT (from [Source: /proj/SMACK/smac/example_scenarios/seq_rs/smac-output/smack-scenario_seq_rs/live-rundata-122.json; line: 12412, column: 2])
 at [Source: /proj/SMACK/smac/example_scenarios/seq_rs/smac-output/smack-scenario_seq_rs/live-rundata-122.json; line: 12452, column: 2267]
	at com.fasterxml.jackson.core.JsonParser._constructError(JsonParser.java:1524) ~[jackson-core-2.3.1.jar:2.3.1]
	at com.fasterxml.jackson.core.base.ParserMinimalBase._reportError(ParserMinimalBase.java:557) ~[jackson-core-2.3.1.jar:2.3.1]
	at com.fasterxml.jackson.core.base.ParserMinimalBase._reportInvalidEOF(ParserMinimalBase.java:487) ~[jackson-core-2.3.1.jar:2.3.1]
	at com.fasterxml.jackson.core.base.ParserBase._handleEOF(ParserBase.java:487) ~[jackson-core-2.3.1.jar:2.3.1]
	at com.fasterxml.jackson.core.json.UTF8StreamJsonParser._skipWSOrEnd(UTF8StreamJsonParser.java:2589) ~[jackson-core-2.3.1.jar:2.3.1]
	at com.fasterxml.jackson.core.json.UTF8StreamJsonParser.nextToken(UTF8StreamJsonParser.java:650) ~[jackson-core-2.3.1.jar:2.3.1]
	at com.fasterxml.jackson.core.base.ParserMinimalBase.nextValue(ParserMinimalBase.java:123) ~[jackson-core-2.3.1.jar:2.3.1]
	at ca.ubc.cs.beta.aeatk.json.serializers.AlgorithmRunResultJson$AlgorithmRunDeserializer.deserialize(AlgorithmRunResultJson.java:57) ~[aeatk.jar:na]
	at ca.ubc.cs.beta.aeatk.json.serializers.AlgorithmRunResultJson$AlgorithmRunDeserializer.deserialize(AlgorithmRunResultJson.java:30) ~[aeatk.jar:na]
	at com.fasterxml.jackson.databind.MappingIterator.nextValue(MappingIterator.java:189) ~[jackson-databind-2.3.1.jar:2.3.1]
	at ca.ubc.cs.beta.aeatk.runhistory.FileSharingRunHistoryDecorator.readRunsFromFile(FileSharingRunHistoryDecorator.java:421) [aeatk.jar:na]
	at ca.ubc.cs.beta.aeatk.runhistory.FileSharingRunHistoryDecorator.reReadFiles(FileSharingRunHistoryDecorator.java:339) [aeatk.jar:na]
	at ca.ubc.cs.beta.aeatk.runhistory.FileSharingRunHistoryDecorator.append(FileSharingRunHistoryDecorator.java:239) [aeatk.jar:na]
	at ca.ubc.cs.beta.aeatk.runhistory.FileSharingRunHistoryDecorator.append(FileSharingRunHistoryDecorator.java:502) [aeatk.jar:na]
	at ca.ubc.cs.beta.aeatk.runhistory.TeeRunHistory.append(TeeRunHistory.java:33) [aeatk.jar:na]
	at ca.ubc.cs.beta.aeatk.runhistory.ThreadSafeRunHistoryWrapper.append(ThreadSafeRunHistoryWrapper.java:60) [aeatk.jar:na]
	at ca.ubc.cs.beta.smac.configurator.AbstractAlgorithmFramework.updateRunHistory(AbstractAlgorithmFramework.java:1229) [smac.jar:na]
	at ca.ubc.cs.beta.smac.configurator.AbstractAlgorithmFramework.evaluateRun(AbstractAlgorithmFramework.java:1279) [smac.jar:na]
	at ca.ubc.cs.beta.smac.configurator.AbstractAlgorithmFramework.challengeIncumbent(AbstractAlgorithmFramework.java:948) [smac.jar:na]
	at ca.ubc.cs.beta.smac.configurator.AbstractAlgorithmFramework.challengeIncumbent(AbstractAlgorithmFramework.java:778) [smac.jar:na]
	at ca.ubc.cs.beta.smac.configurator.AbstractAlgorithmFramework.intensify(AbstractAlgorithmFramework.java:766) [smac.jar:na]
	at ca.ubc.cs.beta.smac.configurator.AbstractAlgorithmFramework.run(AbstractAlgorithmFramework.java:580) [smac.jar:na]
	at ca.ubc.cs.beta.smac.executors.SMACExecutor.oldMain(SMACExecutor.java:140) [smac.jar:na]
	at ca.ubc.cs.beta.smac.executors.SMACExecutor.main(SMACExecutor.java:104) [smac.jar:na]
	at sun.reflect.NativeMethodAccessorImpl.invoke0(Native Method) ~[na:1.8.0_162]
	at sun.reflect.NativeMethodAccessorImpl.invoke(NativeMethodAccessorImpl.java:62) ~[na:1.8.0_162]
	at sun.reflect.DelegatingMethodAccessorImpl.invoke(DelegatingMethodAccessorImpl.java:43) ~[na:1.8.0_162]
	at java.lang.reflect.Method.invoke(Method.java:498) ~[na:1.8.0_162]
	at ca.ubc.cs.beta.aeatk.ant.execscript.Launcher.main(Launcher.java:37) [aeatk.jar:na]
09:10:41.100 [CLI TAE (Master Thread - #0)] ERROR c.u.c.b.a.t.b.c.CommandLineAlgorithmRun - The following algorithm call failed: cd "/proj/SMACK/smac/example_scenarios/seq_rs" ;  ../wrapper.py /proj/SMACK/sv-benchmarks/c/systemc/token_ring.06_false-unreach-call_false-termination.cil.c 0 30.72941665385962 2147483647 -1 -/bopt:boolControlVC 'False' -/bopt:z3opt:SMT.MBQI 'False' -/deepAsserts 'False' -/di 'True' -/doNotUseLabels 'False' -/noCallTreeReuse 'True' -/noInitPruning 'True' -/nonUniformUnfolding 'False' -/staticInlining 'True' -/trackAllVars 'False' -/useArrayTheoryCheck '2'  
09:10:41.100 [CLI TAE (Master Thread - #0)] ERROR c.u.c.b.a.t.b.c.CommandLineAlgorithmRun - The last 1 lines of output we saw were:
09:10:41.100 [CLI TAE (Master Thread - #0)] ERROR c.u.c.b.a.t.b.c.CommandLineAlgorithmRun - > Result for SMAC: CRASHED, 90000, 0, 0, -1
10:16:21.005 [CLI TAE (Master Thread - #0)] ERROR c.u.c.b.a.t.b.c.CommandLineAlgorithmRun - The following algorithm call failed: cd "/proj/SMACK/smac/example_scenarios/seq_rs" ;  ../wrapper.py /proj/SMACK/sv-benchmarks/c/seq-mthreaded/pals_opt-floodmax.5_false-unreach-call.1.ufo.BOUNDED-10.pals_true-termination.c 0 239.86209443618657 2147483647 -1 -/bopt:boolControlVC 'False' -/bopt:z3opt:SMT.MBQI 'False' -/deepAsserts 'False' -/di 'False' -/doNotUseLabels 'True' -/noCallTreeReuse 'False' -/noInitPruning 'False' -/nonUniformUnfolding 'True' -/staticInlining 'True' -/trackAllVars 'True' -/useArrayTheoryCheck '1'  
10:16:21.005 [CLI TAE (Master Thread - #0)] ERROR c.u.c.b.a.t.b.c.CommandLineAlgorithmRun - The last 1 lines of output we saw were:
10:16:21.005 [CLI TAE (Master Thread - #0)] ERROR c.u.c.b.a.t.b.c.CommandLineAlgorithmRun - > Result for SMAC: CRASHED, 90000, 0, 0, -1
10:33:15.154 [CLI TAE (Master Thread - #0)] ERROR c.u.c.b.a.t.b.c.CommandLineAlgorithmRun - The following algorithm call failed: cd "/proj/SMACK/smac/example_scenarios/seq_rs" ;  ../wrapper.py /proj/SMACK/sv-benchmarks/c/seq-mthreaded/rekcba_nxt_false-unreach-call.1.M4.c 0 2000.0 2147483647 -1 -/bopt:boolControlVC 'False' -/bopt:z3opt:SMT.MBQI 'False' -/deepAsserts 'True' -/di 'True' -/doNotUseLabels 'False' -/noCallTreeReuse 'False' -/noInitPruning 'True' -/nonUniformUnfolding 'False' -/staticInlining 'False' -/trackAllVars 'True' -/useArrayTheoryCheck '2'  
10:33:15.157 [CLI TAE (Master Thread - #0)] ERROR c.u.c.b.a.t.b.c.CommandLineAlgorithmRun - The last 1 lines of output we saw were:
10:33:15.157 [CLI TAE (Master Thread - #0)] ERROR c.u.c.b.a.t.b.c.CommandLineAlgorithmRun - > Result for SMAC: CRASHED, 90000, 0, 0, -1
13:49:39.333 [CLI TAE Observer Threads (2-3)] WARN  c.u.c.b.a.t.d.s.TimingCheckerTargetAlgorithmEvaluator - We have been waiting for 335.657 seconds for a run that should have taken at most 111.86074194346668 seconds.
 The sample call for the run that is delayed is: cd "/proj/SMACK/smac/example_scenarios/seq_rs" ;  ../wrapper.py /proj/SMACK/sv-benchmarks/c/systemc/token_ring.13_false-unreach-call_false-termination.cil.c 0 111.86074194346668 2147483647 -1 -/bopt:boolControlVC 'False' -/bopt:z3opt:SMT.MBQI 'True' -/bopt:z3opt:SMT.MBQI.MAX_ITERATIONS '17882' -/deepAsserts 'False' -/di 'False' -/doNotUseLabels 'True' -/noCallTreeReuse 'False' -/noInitPruning 'True' -/nonUniformUnfolding 'True' -/staticInlining 'False' -/trackAllVars 'False' -/useArrayTheoryCheck '0'  
15:44:52.940 [CLI TAE (Master Thread - #0)] ERROR c.u.c.b.a.t.b.c.CommandLineAlgorithmRun - The following algorithm call failed: cd "/proj/SMACK/smac/example_scenarios/seq_rs" ;  ../wrapper.py /proj/SMACK/sv-benchmarks/c/seq-mthreaded/rekcba_nxt_true-unreach-call.1.M4.c 0 2000.0 2147483647 -1 -/bopt:boolControlVC 'False' -/bopt:z3opt:SMT.MBQI 'False' -/deepAsserts 'True' -/di 'True' -/doNotUseLabels 'True' -/noCallTreeReuse 'False' -/noInitPruning 'True' -/nonUniformUnfolding 'False' -/staticInlining 'True' -/trackAllVars 'True' -/useArrayTheoryCheck '2'  
15:44:52.941 [CLI TAE (Master Thread - #0)] ERROR c.u.c.b.a.t.b.c.CommandLineAlgorithmRun - The last 1 lines of output we saw were:
15:44:52.941 [CLI TAE (Master Thread - #0)] ERROR c.u.c.b.a.t.b.c.CommandLineAlgorithmRun - > Result for SMAC: CRASHED, 90000, 0, 0, -1
15:45:01.482 [CLI TAE (Master Thread - #0)] ERROR c.u.c.b.a.t.b.c.CommandLineAlgorithmRun - The following algorithm call failed: cd "/proj/SMACK/smac/example_scenarios/seq_rs" ;  ../wrapper.py /proj/SMACK/sv-benchmarks/c/systemc/token_ring.03_false-unreach-call_false-termination.cil.c 0 26.569837786602978 2147483647 -1 -/bopt:boolControlVC 'False' -/bopt:z3opt:SMT.MBQI 'False' -/deepAsserts 'True' -/di 'True' -/doNotUseLabels 'True' -/noCallTreeReuse 'False' -/noInitPruning 'True' -/nonUniformUnfolding 'False' -/staticInlining 'True' -/trackAllVars 'True' -/useArrayTheoryCheck '2'  
15:45:01.482 [CLI TAE (Master Thread - #0)] ERROR c.u.c.b.a.t.b.c.CommandLineAlgorithmRun - The last 1 lines of output we saw were:
15:45:01.482 [CLI TAE (Master Thread - #0)] ERROR c.u.c.b.a.t.b.c.CommandLineAlgorithmRun - > Result for SMAC: CRASHED, 90000, 0, 0, -1
18:36:17.008 [CLI TAE Observer Threads (2-4)] WARN  c.u.c.b.a.t.d.s.TimingCheckerTargetAlgorithmEvaluator - We have been waiting for 643.726 seconds for a run that should have taken at most 214.4953726682544 seconds.
 The sample call for the run that is delayed is: cd "/proj/SMACK/smac/example_scenarios/seq_rs" ;  ../wrapper.py /proj/SMACK/sv-benchmarks/c/seq-mthreaded/pals_floodmax.5_false-unreach-call.1.ufo.UNBOUNDED.pals.c 0 214.4953726682544 2147483647 -1 -/bopt:boolControlVC 'True' -/bopt:z3opt:SMT.MBQI 'False' -/deepAsserts 'True' -/di 'False' -/doNotUseLabels 'False' -/noCallTreeReuse 'True' -/noInitPruning 'False' -/nonUniformUnfolding 'False' -/staticInlining 'False' -/trackAllVars 'False' -/useArrayTheoryCheck '2'  
18:57:16.744 [CLI TAE Callback Threads (3-237)] WARN  c.u.c.b.a.t.d.s.TimingCheckerTargetAlgorithmEvaluator - Algorithm Run Result reported wallclock time of 1885.231 (secs) that exceeded it's cutoff time of 214.4953726682544 (secs) by 1670.7356273317455 (secs). Next warning at 1671.7356273317455 (secs)  
18:58:27.715 [CLI TAE (Master Thread - #0)] ERROR c.u.c.b.a.t.b.c.CommandLineAlgorithmRun - The following algorithm call failed: cd "/proj/SMACK/smac/example_scenarios/seq_rs" ;  ../wrapper.py /proj/SMACK/sv-benchmarks/c/seq-mthreaded/pals_opt-floodmax.4_false-unreach-call.4.ufo.BOUNDED-8.pals_true-termination.c 0 30.661507405686383 2147483647 -1 -/bopt:boolControlVC 'False' -/bopt:z3opt:SMT.MBQI 'True' -/bopt:z3opt:SMT.MBQI.MAX_ITERATIONS '1439' -/deepAsserts 'True' -/di 'False' -/doNotUseLabels 'True' -/noCallTreeReuse 'True' -/noInitPruning 'False' -/nonUniformUnfolding 'False' -/staticInlining 'True' -/trackAllVars 'False' -/useArrayTheoryCheck '2'  
18:58:27.715 [CLI TAE (Master Thread - #0)] ERROR c.u.c.b.a.t.b.c.CommandLineAlgorithmRun - The last 1 lines of output we saw were:
18:58:27.715 [CLI TAE (Master Thread - #0)] ERROR c.u.c.b.a.t.b.c.CommandLineAlgorithmRun - > Result for SMAC: CRASHED, 90000, 0, 0, -1
18:59:58.606 [CLI TAE (Master Thread - #0)] ERROR c.u.c.b.a.t.b.c.CommandLineAlgorithmRun - The following algorithm call failed: cd "/proj/SMACK/smac/example_scenarios/seq_rs" ;  ../wrapper.py /proj/SMACK/sv-benchmarks/c/seq-mthreaded/rekh_nxt_true-unreach-call.3.M1.c 0 2000.0 2147483647 -1 -/bopt:boolControlVC 'False' -/bopt:z3opt:SMT.MBQI 'False' -/deepAsserts 'False' -/di 'False' -/doNotUseLabels 'False' -/noCallTreeReuse 'False' -/noInitPruning 'True' -/nonUniformUnfolding 'False' -/staticInlining 'False' -/trackAllVars 'True' -/useArrayTheoryCheck '2'  
18:59:58.607 [CLI TAE (Master Thread - #0)] ERROR c.u.c.b.a.t.b.c.CommandLineAlgorithmRun - The last 1 lines of output we saw were:
18:59:58.607 [CLI TAE (Master Thread - #0)] ERROR c.u.c.b.a.t.b.c.CommandLineAlgorithmRun - > Result for SMAC: CRASHED, 90000, 0, 0, -1
23:18:45.960 [main] WARN  c.u.c.b.a.r.FileSharingRunHistoryDecorator - Error occurred reading file in shared run history /proj/SMACK/smac/example_scenarios/seq_rs/smac-output/smack-scenario_seq_rs/live-rundata-87.json. We will keep trying to read this file, but will only log another error after it succeeds once. We may not be able to get it's run data but we should be able to continue
com.fasterxml.jackson.core.JsonParseException: Unexpected end-of-input: expected close marker for OBJECT (from [Source: /proj/SMACK/smac/example_scenarios/seq_rs/smac-output/smack-scenario_seq_rs/live-rundata-87.json; line: 14963, column: 2])
 at [Source: /proj/SMACK/smac/example_scenarios/seq_rs/smac-output/smack-scenario_seq_rs/live-rundata-87.json; line: 14964, column: 7949]
	at com.fasterxml.jackson.core.JsonParser._constructError(JsonParser.java:1524) ~[jackson-core-2.3.1.jar:2.3.1]
	at com.fasterxml.jackson.core.base.ParserMinimalBase._reportError(ParserMinimalBase.java:557) ~[jackson-core-2.3.1.jar:2.3.1]
	at com.fasterxml.jackson.core.base.ParserMinimalBase._reportInvalidEOF(ParserMinimalBase.java:487) ~[jackson-core-2.3.1.jar:2.3.1]
	at com.fasterxml.jackson.core.base.ParserBase._handleEOF(ParserBase.java:487) ~[jackson-core-2.3.1.jar:2.3.1]
	at com.fasterxml.jackson.core.json.UTF8StreamJsonParser._skipWSOrEnd(UTF8StreamJsonParser.java:2589) ~[jackson-core-2.3.1.jar:2.3.1]
	at com.fasterxml.jackson.core.json.UTF8StreamJsonParser.nextToken(UTF8StreamJsonParser.java:650) ~[jackson-core-2.3.1.jar:2.3.1]
	at com.fasterxml.jackson.core.base.ParserMinimalBase.nextValue(ParserMinimalBase.java:123) ~[jackson-core-2.3.1.jar:2.3.1]
	at ca.ubc.cs.beta.aeatk.json.serializers.AlgorithmRunConfigurationJson$RunConfigDeserializer.deserialize(AlgorithmRunConfigurationJson.java:77) ~[aeatk.jar:na]
	at ca.ubc.cs.beta.aeatk.json.serializers.AlgorithmRunConfigurationJson$RunConfigDeserializer.deserialize(AlgorithmRunConfigurationJson.java:44) ~[aeatk.jar:na]
	at com.fasterxml.jackson.databind.ObjectMapper._readValue(ObjectMapper.java:2965) ~[jackson-databind-2.3.1.jar:2.3.1]
	at com.fasterxml.jackson.databind.ObjectMapper.readValue(ObjectMapper.java:1587) ~[jackson-databind-2.3.1.jar:2.3.1]
	at com.fasterxml.jackson.core.JsonParser.readValueAs(JsonParser.java:1431) ~[jackson-core-2.3.1.jar:2.3.1]
	at ca.ubc.cs.beta.aeatk.json.serializers.JsonDeserializerHelper.getDeserializedVersion(JsonDeserializerHelper.java:26) ~[aeatk.jar:na]
	at ca.ubc.cs.beta.aeatk.json.serializers.AlgorithmRunResultJson$AlgorithmRunDeserializer.deserialize(AlgorithmRunResultJson.java:94) ~[aeatk.jar:na]
	at ca.ubc.cs.beta.aeatk.json.serializers.AlgorithmRunResultJson$AlgorithmRunDeserializer.deserialize(AlgorithmRunResultJson.java:30) ~[aeatk.jar:na]
	at com.fasterxml.jackson.databind.MappingIterator.nextValue(MappingIterator.java:189) ~[jackson-databind-2.3.1.jar:2.3.1]
	at ca.ubc.cs.beta.aeatk.runhistory.FileSharingRunHistoryDecorator.readRunsFromFile(FileSharingRunHistoryDecorator.java:421) [aeatk.jar:na]
	at ca.ubc.cs.beta.aeatk.runhistory.FileSharingRunHistoryDecorator.reReadFiles(FileSharingRunHistoryDecorator.java:339) [aeatk.jar:na]
	at ca.ubc.cs.beta.aeatk.runhistory.FileSharingRunHistoryDecorator.append(FileSharingRunHistoryDecorator.java:239) [aeatk.jar:na]
	at ca.ubc.cs.beta.aeatk.runhistory.FileSharingRunHistoryDecorator.append(FileSharingRunHistoryDecorator.java:502) [aeatk.jar:na]
	at ca.ubc.cs.beta.aeatk.runhistory.TeeRunHistory.append(TeeRunHistory.java:33) [aeatk.jar:na]
	at ca.ubc.cs.beta.aeatk.runhistory.ThreadSafeRunHistoryWrapper.append(ThreadSafeRunHistoryWrapper.java:60) [aeatk.jar:na]
	at ca.ubc.cs.beta.smac.configurator.AbstractAlgorithmFramework.updateRunHistory(AbstractAlgorithmFramework.java:1229) [smac.jar:na]
	at ca.ubc.cs.beta.smac.configurator.AbstractAlgorithmFramework.evaluateRun(AbstractAlgorithmFramework.java:1279) [smac.jar:na]
	at ca.ubc.cs.beta.smac.configurator.AbstractAlgorithmFramework.challengeIncumbent(AbstractAlgorithmFramework.java:948) [smac.jar:na]
	at ca.ubc.cs.beta.smac.configurator.AbstractAlgorithmFramework.challengeIncumbent(AbstractAlgorithmFramework.java:778) [smac.jar:na]
	at ca.ubc.cs.beta.smac.configurator.AbstractAlgorithmFramework.intensify(AbstractAlgorithmFramework.java:766) [smac.jar:na]
	at ca.ubc.cs.beta.smac.configurator.AbstractAlgorithmFramework.run(AbstractAlgorithmFramework.java:580) [smac.jar:na]
	at ca.ubc.cs.beta.smac.executors.SMACExecutor.oldMain(SMACExecutor.java:140) [smac.jar:na]
	at ca.ubc.cs.beta.smac.executors.SMACExecutor.main(SMACExecutor.java:104) [smac.jar:na]
	at sun.reflect.NativeMethodAccessorImpl.invoke0(Native Method) ~[na:1.8.0_162]
	at sun.reflect.NativeMethodAccessorImpl.invoke(NativeMethodAccessorImpl.java:62) ~[na:1.8.0_162]
	at sun.reflect.DelegatingMethodAccessorImpl.invoke(DelegatingMethodAccessorImpl.java:43) ~[na:1.8.0_162]
	at java.lang.reflect.Method.invoke(Method.java:498) ~[na:1.8.0_162]
	at ca.ubc.cs.beta.aeatk.ant.execscript.Launcher.main(Launcher.java:37) [aeatk.jar:na]
23:52:45.481 [CLI TAE Observer Threads (2-4)] WARN  c.u.c.b.a.t.d.h.KillCaptimeExceedingRunsRunsTargetAlgorithmEvaluatorDecorator - Killed run <Instance:219, Seed:-1, Config:0x426A32, Kappa:14.720609866428376, Execution Config: 0x0001> at 147.56255 for exceeding 10.0 times its cutoff time of 14.720609866428376 (secs)
00:28:15.617 [CLI TAE (Master Thread - #0)] ERROR c.u.c.b.a.t.b.c.CommandLineAlgorithmRun - The following algorithm call failed: cd "/proj/SMACK/smac/example_scenarios/seq_rs" ;  ../wrapper.py /proj/SMACK/sv-benchmarks/c/seq-mthreaded/rekh_nxt_true-unreach-call.3.M1.c 0 2000.0 2147483647 -1 -/bopt:boolControlVC 'False' -/bopt:z3opt:SMT.MBQI 'False' -/deepAsserts 'True' -/di 'False' -/doNotUseLabels 'True' -/noCallTreeReuse 'True' -/noInitPruning 'False' -/nonUniformUnfolding 'True' -/staticInlining 'False' -/trackAllVars 'True' -/useArrayTheoryCheck '2'  
00:28:15.618 [CLI TAE (Master Thread - #0)] ERROR c.u.c.b.a.t.b.c.CommandLineAlgorithmRun - The last 1 lines of output we saw were:
00:28:15.618 [CLI TAE (Master Thread - #0)] ERROR c.u.c.b.a.t.b.c.CommandLineAlgorithmRun - > Result for SMAC: CRASHED, 90000, 0, 0, -1
07:16:34.178 [CLI TAE (Master Thread - #0)] ERROR c.u.c.b.a.t.b.c.CommandLineAlgorithmRun - The following algorithm call failed: cd "/proj/SMACK/smac/example_scenarios/seq_rs" ;  ../wrapper.py /proj/SMACK/sv-benchmarks/c/seq-mthreaded/rekcba_aso_false-unreach-call.3.M4.c 0 2000.0 2147483647 -1 -/bopt:boolControlVC 'False' -/bopt:z3opt:SMT.MBQI 'False' -/deepAsserts 'True' -/di 'False' -/doNotUseLabels 'False' -/noCallTreeReuse 'True' -/noInitPruning 'True' -/nonUniformUnfolding 'False' -/staticInlining 'False' -/trackAllVars 'True' -/useArrayTheoryCheck '2'  
07:16:34.178 [CLI TAE (Master Thread - #0)] ERROR c.u.c.b.a.t.b.c.CommandLineAlgorithmRun - The last 1 lines of output we saw were:
07:16:34.179 [CLI TAE (Master Thread - #0)] ERROR c.u.c.b.a.t.b.c.CommandLineAlgorithmRun - > Result for SMAC: CRASHED, 90000, 0, 0, -1
12:13:54.292 [CLI TAE (Master Thread - #0)] ERROR c.u.c.b.a.t.b.c.CommandLineAlgorithmRun - The following algorithm call failed: cd "/proj/SMACK/smac/example_scenarios/seq_rs" ;  ../wrapper.py /proj/SMACK/sv-benchmarks/c/systemc/transmitter.08_false-unreach-call_false-termination.cil.c 0 21.352269396531582 2147483647 -1 -/bopt:boolControlVC 'False' -/bopt:z3opt:SMT.MBQI 'False' -/deepAsserts 'True' -/di 'False' -/doNotUseLabels 'False' -/noCallTreeReuse 'False' -/noInitPruning 'True' -/nonUniformUnfolding 'False' -/staticInlining 'True' -/trackAllVars 'True' -/useArrayTheoryCheck '0'  
12:13:54.293 [CLI TAE (Master Thread - #0)] ERROR c.u.c.b.a.t.b.c.CommandLineAlgorithmRun - The last 1 lines of output we saw were:
12:13:54.293 [CLI TAE (Master Thread - #0)] ERROR c.u.c.b.a.t.b.c.CommandLineAlgorithmRun - > Result for SMAC: CRASHED, 90000, 0, 0, -1
12:57:29.175 [CLI TAE (Master Thread - #0)] ERROR c.u.c.b.a.t.b.c.CommandLineAlgorithmRun - The following algorithm call failed: cd "/proj/SMACK/smac/example_scenarios/seq_rs" ;  ../wrapper.py /proj/SMACK/sv-benchmarks/c/seq-mthreaded/rekh_ctm_false-unreach-call.2_true-termination.c 0 2000.0 2147483647 -1 -/bopt:boolControlVC 'False' -/bopt:z3opt:SMT.MBQI 'False' -/deepAsserts 'True' -/di 'True' -/doNotUseLabels 'True' -/noCallTreeReuse 'True' -/noInitPruning 'False' -/nonUniformUnfolding 'False' -/staticInlining 'False' -/trackAllVars 'False' -/useArrayTheoryCheck '2'  
12:57:29.176 [CLI TAE (Master Thread - #0)] ERROR c.u.c.b.a.t.b.c.CommandLineAlgorithmRun - The last 1 lines of output we saw were:
12:57:29.176 [CLI TAE (Master Thread - #0)] ERROR c.u.c.b.a.t.b.c.CommandLineAlgorithmRun - > Result for SMAC: CRASHED, 90000, 0, 0, -1
14:41:59.604 [CLI TAE Observer Threads (2-4)] WARN  c.u.c.b.a.t.d.h.KillCaptimeExceedingRunsRunsTargetAlgorithmEvaluatorDecorator - Killed run <Instance:273, Seed:-1, Config:0x539979, Kappa:9.152539436119795, Execution Config: 0x0001> at 91.9087 for exceeding 10.0 times its cutoff time of 9.152539436119795 (secs)
15:27:37.989 [CLI TAE (Master Thread - #0)] ERROR c.u.c.b.a.t.b.c.CommandLineAlgorithmRun - The following algorithm call failed: cd "/proj/SMACK/smac/example_scenarios/seq_rs" ;  ../wrapper.py /proj/SMACK/sv-benchmarks/c/seq-mthreaded/rekcba_nxt_true-unreach-call.3.M4.c 0 2000.0 2147483647 -1 -/bopt:boolControlVC 'False' -/bopt:z3opt:SMT.MBQI 'True' -/bopt:z3opt:SMT.MBQI.MAX_ITERATIONS '740' -/deepAsserts 'False' -/di 'False' -/doNotUseLabels 'False' -/noCallTreeReuse 'True' -/noInitPruning 'True' -/nonUniformUnfolding 'False' -/staticInlining 'False' -/trackAllVars 'True' -/useArrayTheoryCheck '1'  
15:27:37.990 [CLI TAE (Master Thread - #0)] ERROR c.u.c.b.a.t.b.c.CommandLineAlgorithmRun - The last 1 lines of output we saw were:
15:27:37.990 [CLI TAE (Master Thread - #0)] ERROR c.u.c.b.a.t.b.c.CommandLineAlgorithmRun - > Result for SMAC: CRASHED, 90000, 0, 0, -1
15:31:11.746 [CLI TAE Observer Threads (2-4)] WARN  c.u.c.b.a.t.d.s.TimingCheckerTargetAlgorithmEvaluator - We have been waiting for 180.172 seconds for a run that should have taken at most 49.74500377510786 seconds.
 The sample call for the run that is delayed is: cd "/proj/SMACK/smac/example_scenarios/seq_rs" ;  ../wrapper.py /proj/SMACK/sv-benchmarks/c/seq-mthreaded/pals_lcr-var-start-time.6_false-unreach-call.2.ufo.BOUNDED-12.pals_true-termination.c 0 49.74500377510786 2147483647 -1 -/bopt:boolControlVC 'False' -/bopt:z3opt:SMT.MBQI 'False' -/deepAsserts 'True' -/di 'True' -/doNotUseLabels 'True' -/noCallTreeReuse 'False' -/noInitPruning 'True' -/nonUniformUnfolding 'True' -/staticInlining 'False' -/trackAllVars 'False' -/useArrayTheoryCheck '0'  
15:31:59.414 [CLI TAE (Master Thread - #0)] ERROR c.u.c.b.a.t.b.c.CommandLineAlgorithmRun - The following algorithm call failed: cd "/proj/SMACK/smac/example_scenarios/seq_rs" ;  ../wrapper.py /proj/SMACK/sv-benchmarks/c/seq-mthreaded/pals_opt-floodmax.4_false-unreach-call.4.ufo.BOUNDED-8.pals_true-termination.c 0 56.4641293029964 2147483647 -1 -/bopt:boolControlVC 'False' -/bopt:z3opt:SMT.MBQI 'True' -/bopt:z3opt:SMT.MBQI.MAX_ITERATIONS '32332' -/deepAsserts 'False' -/di 'False' -/doNotUseLabels 'False' -/noCallTreeReuse 'False' -/noInitPruning 'True' -/nonUniformUnfolding 'False' -/staticInlining 'True' -/trackAllVars 'True' -/useArrayTheoryCheck '1'  
15:31:59.414 [CLI TAE (Master Thread - #0)] ERROR c.u.c.b.a.t.b.c.CommandLineAlgorithmRun - The last 1 lines of output we saw were:
15:31:59.414 [CLI TAE (Master Thread - #0)] ERROR c.u.c.b.a.t.b.c.CommandLineAlgorithmRun - > Result for SMAC: CRASHED, 90000, 0, 0, -1
16:10:51.524 [CLI TAE Observer Threads (2-5)] WARN  c.u.c.b.a.t.d.h.KillCaptimeExceedingRunsRunsTargetAlgorithmEvaluatorDecorator - Killed run <Instance:272, Seed:-1, Config:0x56D408, Kappa:7.187486242848635, Execution Config: 0x0001> at 72.23515 for exceeding 10.0 times its cutoff time of 7.187486242848635 (secs)
17:28:55.431 [CLI TAE (Master Thread - #0)] ERROR c.u.c.b.a.t.b.c.CommandLineAlgorithmRun - The following algorithm call failed: cd "/proj/SMACK/smac/example_scenarios/seq_rs" ;  ../wrapper.py /proj/SMACK/sv-benchmarks/c/systemc/transmitter.01_false-unreach-call_false-termination.cil.c 0 7.183881931352616 2147483647 -1 -/bopt:boolControlVC 'False' -/bopt:z3opt:SMT.MBQI 'False' -/deepAsserts 'False' -/di 'False' -/doNotUseLabels 'False' -/noCallTreeReuse 'True' -/noInitPruning 'False' -/nonUniformUnfolding 'False' -/staticInlining 'True' -/trackAllVars 'False' -/useArrayTheoryCheck '2'  
17:28:55.431 [CLI TAE (Master Thread - #0)] ERROR c.u.c.b.a.t.b.c.CommandLineAlgorithmRun - The last 1 lines of output we saw were:
17:28:55.431 [CLI TAE (Master Thread - #0)] ERROR c.u.c.b.a.t.b.c.CommandLineAlgorithmRun - > Result for SMAC: CRASHED, 90000, 0, 0, -1
18:57:32.621 [CLI TAE Observer Threads (2-5)] WARN  c.u.c.b.a.t.d.s.TimingCheckerTargetAlgorithmEvaluator - We have been waiting for 1405.838 seconds for a run that should have taken at most 468.4108774069428 seconds.
 The sample call for the run that is delayed is: cd "/proj/SMACK/smac/example_scenarios/seq_rs" ;  ../wrapper.py /proj/SMACK/sv-benchmarks/c/seq-mthreaded/pals_opt-floodmax.5_false-unreach-call.4.ufo.UNBOUNDED.pals.c 0 468.4108774069428 2147483647 -1 -/bopt:boolControlVC 'True' -/bopt:z3opt:SMT.MBQI 'True' -/bopt:z3opt:SMT.MBQI.MAX_ITERATIONS '25842' -/deepAsserts 'True' -/di 'False' -/doNotUseLabels 'False' -/noCallTreeReuse 'False' -/noInitPruning 'True' -/nonUniformUnfolding 'True' -/staticInlining 'False' -/trackAllVars 'False' -/useArrayTheoryCheck '0'  
19:08:03.547 [CLI TAE Observer Threads (2-5)] WARN  c.u.c.b.a.t.d.h.KillCaptimeExceedingRunsRunsTargetAlgorithmEvaluatorDecorator - Killed run <Instance:140, Seed:-1, Config:0x5B7CEE, Kappa:14.378346771347523, Execution Config: 0x0001> at 144.134 for exceeding 10.0 times its cutoff time of 14.378346771347523 (secs)
19:10:45.783 [CLI TAE Observer Threads (2-5)] WARN  c.u.c.b.a.t.d.h.KillCaptimeExceedingRunsRunsTargetAlgorithmEvaluatorDecorator - Killed run <Instance:76, Seed:-1, Config:0x5B7D2F, Kappa:13.423092838722468, Execution Config: 0x0001> at 134.558 for exceeding 10.0 times its cutoff time of 13.423092838722468 (secs)
19:13:04.845 [CLI TAE Observer Threads (2-5)] WARN  c.u.c.b.a.t.d.h.KillCaptimeExceedingRunsRunsTargetAlgorithmEvaluatorDecorator - Killed run <Instance:79, Seed:-1, Config:0x5C6AD2, Kappa:12.864383392381669, Execution Config: 0x0001> at 128.87509999999997 for exceeding 10.0 times its cutoff time of 12.864383392381669 (secs)
