10:50:47.848 [CLI TAE (Master Thread - #0)] ERROR c.u.c.b.a.t.b.c.CommandLineAlgorithmRun - The following algorithm call failed: cd "/proj/SMACK/smac/example_scenarios/seq_rs" ;  ../wrapper.py /proj/SMACK/sv-benchmarks/c/systemc/token_ring.15_false-unreach-call_false-termination.cil.c 0 2000.0 2147483647 -1 -/bopt:boolControlVC 'False' -/bopt:z3opt:SMT.MBQI 'True' -/bopt:z3opt:SMT.MBQI.MAX_ITERATIONS '1000' -/deepAsserts 'False' -/di 'True' -/doNotUseLabels 'False' -/noCallTreeReuse 'False' -/noInitPruning 'False' -/nonUniformUnfolding 'False' -/staticInlining 'True' -/trackAllVars 'True' -/useArrayTheoryCheck '1'  
10:50:47.849 [CLI TAE (Master Thread - #0)] ERROR c.u.c.b.a.t.b.c.CommandLineAlgorithmRun - The last 1 lines of output we saw were:
10:50:47.849 [CLI TAE (Master Thread - #0)] ERROR c.u.c.b.a.t.b.c.CommandLineAlgorithmRun - > Result for SMAC: CRASHED, 90000, 0, 0, -1
10:50:47.884 [CLI TAE Callback Threads (3-1)] WARN  c.u.c.b.a.t.d.s.TimingCheckerTargetAlgorithmEvaluator - Algorithm Run Result reported a runtime of 90000.0 (secs) that exceeded it's cutoff time of 2000.0 (secs) by 88000.0 (secs). Next warning at 88001.0 (secs)  
10:50:47.884 [CLI TAE Callback Threads (3-1)] WARN  c.u.c.b.a.t.d.s.CrashedSolutionQualityTransformingTargetAlgorithmEvaluatorDecorator - Detected CRASHED run. The Solution Quality of CRASHED runs will be transformed to the MAX(quality, 1.0E9), to disable this use --transform-crashed-quality false to change the value use --transform-crashed-quality-value
10:50:48.575 [main] WARN  c.u.c.b.a.r.FileSharingRunHistoryDecorator - Error occurred reading file in shared run history /proj/SMACK/smac/example_scenarios/seq_rs/smac-output/smack-scenario_seq_rs/live-rundata-39.json. We will keep trying to read this file, but will only log another error after it succeeds once. We may not be able to get it's run data but we should be able to continue
com.fasterxml.jackson.core.JsonParseException: Unexpected character ('{' (code 123)): was expecting comma to separate OBJECT entries
 at [Source: /proj/SMACK/smac/example_scenarios/seq_rs/smac-output/smack-scenario_seq_rs/live-rundata-39.json; line: 1721, column: 32]
	at com.fasterxml.jackson.core.JsonParser._constructError(JsonParser.java:1524) ~[jackson-core-2.3.1.jar:2.3.1]
	at com.fasterxml.jackson.core.base.ParserMinimalBase._reportError(ParserMinimalBase.java:557) ~[jackson-core-2.3.1.jar:2.3.1]
	at com.fasterxml.jackson.core.base.ParserMinimalBase._reportUnexpectedChar(ParserMinimalBase.java:475) ~[jackson-core-2.3.1.jar:2.3.1]
	at com.fasterxml.jackson.core.json.UTF8StreamJsonParser.nextToken(UTF8StreamJsonParser.java:688) ~[jackson-core-2.3.1.jar:2.3.1]
	at com.fasterxml.jackson.core.base.ParserMinimalBase.nextValue(ParserMinimalBase.java:123) ~[jackson-core-2.3.1.jar:2.3.1]
	at ca.ubc.cs.beta.aeatk.json.serializers.AlgorithmRunResultJson$AlgorithmRunDeserializer.deserialize(AlgorithmRunResultJson.java:57) ~[aeatk.jar:na]
	at ca.ubc.cs.beta.aeatk.json.serializers.AlgorithmRunResultJson$AlgorithmRunDeserializer.deserialize(AlgorithmRunResultJson.java:30) ~[aeatk.jar:na]
	at com.fasterxml.jackson.databind.MappingIterator.nextValue(MappingIterator.java:189) ~[jackson-databind-2.3.1.jar:2.3.1]
	at ca.ubc.cs.beta.aeatk.runhistory.FileSharingRunHistoryDecorator.readRunsFromFile(FileSharingRunHistoryDecorator.java:421) [aeatk.jar:na]
	at ca.ubc.cs.beta.aeatk.runhistory.FileSharingRunHistoryDecorator.reReadFiles(FileSharingRunHistoryDecorator.java:339) [aeatk.jar:na]
	at ca.ubc.cs.beta.aeatk.runhistory.FileSharingRunHistoryDecorator.append(FileSharingRunHistoryDecorator.java:239) [aeatk.jar:na]
	at ca.ubc.cs.beta.aeatk.runhistory.FileSharingRunHistoryDecorator.append(FileSharingRunHistoryDecorator.java:502) [aeatk.jar:na]
	at ca.ubc.cs.beta.aeatk.runhistory.TeeRunHistory.append(TeeRunHistory.java:33) [aeatk.jar:na]
	at ca.ubc.cs.beta.aeatk.runhistory.ThreadSafeRunHistoryWrapper.append(ThreadSafeRunHistoryWrapper.java:60) [aeatk.jar:na]
	at ca.ubc.cs.beta.aeatk.initialization.classic.ClassicInitializationProcedure.updateRunHistory(ClassicInitializationProcedure.java:156) [aeatk.jar:na]
	at ca.ubc.cs.beta.aeatk.initialization.classic.ClassicInitializationProcedure.evaluateRun(ClassicInitializationProcedure.java:143) [aeatk.jar:na]
	at ca.ubc.cs.beta.aeatk.initialization.classic.ClassicInitializationProcedure.evaluateRun(ClassicInitializationProcedure.java:114) [aeatk.jar:na]
	at ca.ubc.cs.beta.aeatk.initialization.classic.ClassicInitializationProcedure.run(ClassicInitializationProcedure.java:93) [aeatk.jar:na]
	at ca.ubc.cs.beta.smac.configurator.AbstractAlgorithmFramework.run(AbstractAlgorithmFramework.java:516) [smac.jar:na]
	at ca.ubc.cs.beta.smac.executors.SMACExecutor.oldMain(SMACExecutor.java:140) [smac.jar:na]
	at ca.ubc.cs.beta.smac.executors.SMACExecutor.main(SMACExecutor.java:104) [smac.jar:na]
	at sun.reflect.NativeMethodAccessorImpl.invoke0(Native Method) ~[na:1.8.0_162]
	at sun.reflect.NativeMethodAccessorImpl.invoke(NativeMethodAccessorImpl.java:62) ~[na:1.8.0_162]
	at sun.reflect.DelegatingMethodAccessorImpl.invoke(DelegatingMethodAccessorImpl.java:43) ~[na:1.8.0_162]
	at java.lang.reflect.Method.invoke(Method.java:498) ~[na:1.8.0_162]
	at ca.ubc.cs.beta.aeatk.ant.execscript.Launcher.main(Launcher.java:37) [aeatk.jar:na]
10:50:48.750 [main] WARN  c.u.c.b.a.r.FileSharingRunHistoryDecorator - Error occurred reading file in shared run history /proj/SMACK/smac/example_scenarios/seq_rs/smac-output/smack-scenario_seq_rs/live-rundata-34.json. We will keep trying to read this file, but will only log another error after it succeeds once. We may not be able to get it's run data but we should be able to continue
com.fasterxml.jackson.core.JsonParseException: Unexpected character ('{' (code 123)): was expecting comma to separate OBJECT entries
 at [Source: /proj/SMACK/smac/example_scenarios/seq_rs/smac-output/smack-scenario_seq_rs/live-rundata-34.json; line: 1696, column: 3]
	at com.fasterxml.jackson.core.JsonParser._constructError(JsonParser.java:1524) ~[jackson-core-2.3.1.jar:2.3.1]
	at com.fasterxml.jackson.core.base.ParserMinimalBase._reportError(ParserMinimalBase.java:557) ~[jackson-core-2.3.1.jar:2.3.1]
	at com.fasterxml.jackson.core.base.ParserMinimalBase._reportUnexpectedChar(ParserMinimalBase.java:475) ~[jackson-core-2.3.1.jar:2.3.1]
	at com.fasterxml.jackson.core.json.UTF8StreamJsonParser.nextToken(UTF8StreamJsonParser.java:688) ~[jackson-core-2.3.1.jar:2.3.1]
	at com.fasterxml.jackson.core.base.ParserMinimalBase.nextValue(ParserMinimalBase.java:123) ~[jackson-core-2.3.1.jar:2.3.1]
	at ca.ubc.cs.beta.aeatk.json.serializers.AlgorithmRunResultJson$AlgorithmRunDeserializer.deserialize(AlgorithmRunResultJson.java:57) ~[aeatk.jar:na]
	at ca.ubc.cs.beta.aeatk.json.serializers.AlgorithmRunResultJson$AlgorithmRunDeserializer.deserialize(AlgorithmRunResultJson.java:30) ~[aeatk.jar:na]
	at com.fasterxml.jackson.databind.MappingIterator.nextValue(MappingIterator.java:189) ~[jackson-databind-2.3.1.jar:2.3.1]
	at ca.ubc.cs.beta.aeatk.runhistory.FileSharingRunHistoryDecorator.readRunsFromFile(FileSharingRunHistoryDecorator.java:421) [aeatk.jar:na]
	at ca.ubc.cs.beta.aeatk.runhistory.FileSharingRunHistoryDecorator.reReadFiles(FileSharingRunHistoryDecorator.java:339) [aeatk.jar:na]
	at ca.ubc.cs.beta.aeatk.runhistory.FileSharingRunHistoryDecorator.append(FileSharingRunHistoryDecorator.java:239) [aeatk.jar:na]
	at ca.ubc.cs.beta.aeatk.runhistory.FileSharingRunHistoryDecorator.append(FileSharingRunHistoryDecorator.java:502) [aeatk.jar:na]
	at ca.ubc.cs.beta.aeatk.runhistory.TeeRunHistory.append(TeeRunHistory.java:33) [aeatk.jar:na]
	at ca.ubc.cs.beta.aeatk.runhistory.ThreadSafeRunHistoryWrapper.append(ThreadSafeRunHistoryWrapper.java:60) [aeatk.jar:na]
	at ca.ubc.cs.beta.aeatk.initialization.classic.ClassicInitializationProcedure.updateRunHistory(ClassicInitializationProcedure.java:156) [aeatk.jar:na]
	at ca.ubc.cs.beta.aeatk.initialization.classic.ClassicInitializationProcedure.evaluateRun(ClassicInitializationProcedure.java:143) [aeatk.jar:na]
	at ca.ubc.cs.beta.aeatk.initialization.classic.ClassicInitializationProcedure.evaluateRun(ClassicInitializationProcedure.java:114) [aeatk.jar:na]
	at ca.ubc.cs.beta.aeatk.initialization.classic.ClassicInitializationProcedure.run(ClassicInitializationProcedure.java:93) [aeatk.jar:na]
	at ca.ubc.cs.beta.smac.configurator.AbstractAlgorithmFramework.run(AbstractAlgorithmFramework.java:516) [smac.jar:na]
	at ca.ubc.cs.beta.smac.executors.SMACExecutor.oldMain(SMACExecutor.java:140) [smac.jar:na]
	at ca.ubc.cs.beta.smac.executors.SMACExecutor.main(SMACExecutor.java:104) [smac.jar:na]
	at sun.reflect.NativeMethodAccessorImpl.invoke0(Native Method) ~[na:1.8.0_162]
	at sun.reflect.NativeMethodAccessorImpl.invoke(NativeMethodAccessorImpl.java:62) ~[na:1.8.0_162]
	at sun.reflect.DelegatingMethodAccessorImpl.invoke(DelegatingMethodAccessorImpl.java:43) ~[na:1.8.0_162]
	at java.lang.reflect.Method.invoke(Method.java:498) ~[na:1.8.0_162]
	at ca.ubc.cs.beta.aeatk.ant.execscript.Launcher.main(Launcher.java:37) [aeatk.jar:na]
10:51:15.605 [CLI TAE (Master Thread - #0)] ERROR c.u.c.b.a.t.b.c.CommandLineAlgorithmRun - The following algorithm call failed: cd "/proj/SMACK/smac/example_scenarios/seq_rs" ;  ../wrapper.py /proj/SMACK/sv-benchmarks/c/seq-pthread/cs_sync_true-unreach-call.i 0 2000.0 2147483647 -1 -/bopt:boolControlVC 'False' -/bopt:z3opt:SMT.MBQI 'True' -/bopt:z3opt:SMT.MBQI.MAX_ITERATIONS '1000' -/deepAsserts 'False' -/di 'True' -/doNotUseLabels 'False' -/noCallTreeReuse 'False' -/noInitPruning 'False' -/nonUniformUnfolding 'False' -/staticInlining 'True' -/trackAllVars 'True' -/useArrayTheoryCheck '1'  
10:51:15.606 [CLI TAE (Master Thread - #0)] ERROR c.u.c.b.a.t.b.c.CommandLineAlgorithmRun - The last 1 lines of output we saw were:
10:51:15.606 [CLI TAE (Master Thread - #0)] ERROR c.u.c.b.a.t.b.c.CommandLineAlgorithmRun - > Result for SMAC: CRASHED, 90000, 0, 0, -1
11:25:42.449 [main] WARN  c.u.c.b.a.r.FileSharingRunHistoryDecorator - Error occurred reading file in shared run history /proj/SMACK/smac/example_scenarios/seq_rs/smac-output/smack-scenario_seq_rs/live-rundata-44.json. We will keep trying to read this file, but will only log another error after it succeeds once. We may not be able to get it's run data but we should be able to continue
java.lang.RuntimeException: Illegal character ((CTRL-CHAR, code 0)): only regular white space (\r, \n, \t) is allowed between tokens
 at [Source: /proj/SMACK/smac/example_scenarios/seq_rs/smac-output/smack-scenario_seq_rs/live-rundata-44.json; line: 1764, column: 3]
	at com.fasterxml.jackson.databind.MappingIterator.hasNext(MappingIterator.java:112) ~[jackson-databind-2.3.1.jar:2.3.1]
	at ca.ubc.cs.beta.aeatk.runhistory.FileSharingRunHistoryDecorator.readRunsFromFile(FileSharingRunHistoryDecorator.java:418) [aeatk.jar:na]
	at ca.ubc.cs.beta.aeatk.runhistory.FileSharingRunHistoryDecorator.reReadFiles(FileSharingRunHistoryDecorator.java:339) [aeatk.jar:na]
	at ca.ubc.cs.beta.aeatk.runhistory.FileSharingRunHistoryDecorator.append(FileSharingRunHistoryDecorator.java:239) [aeatk.jar:na]
	at ca.ubc.cs.beta.aeatk.runhistory.FileSharingRunHistoryDecorator.append(FileSharingRunHistoryDecorator.java:502) [aeatk.jar:na]
	at ca.ubc.cs.beta.aeatk.runhistory.TeeRunHistory.append(TeeRunHistory.java:33) [aeatk.jar:na]
	at ca.ubc.cs.beta.aeatk.runhistory.ThreadSafeRunHistoryWrapper.append(ThreadSafeRunHistoryWrapper.java:60) [aeatk.jar:na]
	at ca.ubc.cs.beta.smac.configurator.AbstractAlgorithmFramework.updateRunHistory(AbstractAlgorithmFramework.java:1229) [smac.jar:na]
	at ca.ubc.cs.beta.smac.configurator.AbstractAlgorithmFramework.evaluateRun(AbstractAlgorithmFramework.java:1279) [smac.jar:na]
	at ca.ubc.cs.beta.smac.configurator.AbstractAlgorithmFramework.evaluateRun(AbstractAlgorithmFramework.java:1245) [smac.jar:na]
	at ca.ubc.cs.beta.smac.configurator.AbstractAlgorithmFramework.challengeIncumbent(AbstractAlgorithmFramework.java:804) [smac.jar:na]
	at ca.ubc.cs.beta.smac.configurator.AbstractAlgorithmFramework.challengeIncumbent(AbstractAlgorithmFramework.java:778) [smac.jar:na]
	at ca.ubc.cs.beta.smac.configurator.AbstractAlgorithmFramework.intensify(AbstractAlgorithmFramework.java:766) [smac.jar:na]
	at ca.ubc.cs.beta.smac.configurator.AbstractAlgorithmFramework.run(AbstractAlgorithmFramework.java:580) [smac.jar:na]
	at ca.ubc.cs.beta.smac.executors.SMACExecutor.oldMain(SMACExecutor.java:140) [smac.jar:na]
	at ca.ubc.cs.beta.smac.executors.SMACExecutor.main(SMACExecutor.java:104) [smac.jar:na]
	at sun.reflect.NativeMethodAccessorImpl.invoke0(Native Method) ~[na:1.8.0_162]
	at sun.reflect.NativeMethodAccessorImpl.invoke(NativeMethodAccessorImpl.java:62) ~[na:1.8.0_162]
	at sun.reflect.DelegatingMethodAccessorImpl.invoke(DelegatingMethodAccessorImpl.java:43) ~[na:1.8.0_162]
	at java.lang.reflect.Method.invoke(Method.java:498) ~[na:1.8.0_162]
	at ca.ubc.cs.beta.aeatk.ant.execscript.Launcher.main(Launcher.java:37) [aeatk.jar:na]
Caused by: com.fasterxml.jackson.core.JsonParseException: Illegal character ((CTRL-CHAR, code 0)): only regular white space (\r, \n, \t) is allowed between tokens
 at [Source: /proj/SMACK/smac/example_scenarios/seq_rs/smac-output/smack-scenario_seq_rs/live-rundata-44.json; line: 1764, column: 3]
	at com.fasterxml.jackson.core.JsonParser._constructError(JsonParser.java:1524) ~[jackson-core-2.3.1.jar:2.3.1]
	at com.fasterxml.jackson.core.base.ParserMinimalBase._reportError(ParserMinimalBase.java:557) ~[jackson-core-2.3.1.jar:2.3.1]
	at com.fasterxml.jackson.core.base.ParserMinimalBase._throwInvalidSpace(ParserMinimalBase.java:503) ~[jackson-core-2.3.1.jar:2.3.1]
	at com.fasterxml.jackson.core.json.UTF8StreamJsonParser._reportInvalidChar(UTF8StreamJsonParser.java:3103) ~[jackson-core-2.3.1.jar:2.3.1]
	at com.fasterxml.jackson.core.json.UTF8StreamJsonParser._skipWSOrEnd(UTF8StreamJsonParser.java:2585) ~[jackson-core-2.3.1.jar:2.3.1]
	at com.fasterxml.jackson.core.json.UTF8StreamJsonParser.nextToken(UTF8StreamJsonParser.java:650) ~[jackson-core-2.3.1.jar:2.3.1]
	at com.fasterxml.jackson.databind.MappingIterator.hasNextValue(MappingIterator.java:159) ~[jackson-databind-2.3.1.jar:2.3.1]
	at com.fasterxml.jackson.databind.MappingIterator.hasNext(MappingIterator.java:108) ~[jackson-databind-2.3.1.jar:2.3.1]
	... 20 common frames omitted
11:25:42.557 [main] WARN  c.u.c.b.a.r.FileSharingRunHistoryDecorator - Error occurred reading file in shared run history /proj/SMACK/smac/example_scenarios/seq_rs/smac-output/smack-scenario_seq_rs/live-rundata-36.json. We will keep trying to read this file, but will only log another error after it succeeds once. We may not be able to get it's run data but we should be able to continue
java.lang.RuntimeException: Unrecognized token 'algo': was expecting ('true', 'false' or 'null')
 at [Source: /proj/SMACK/smac/example_scenarios/seq_rs/smac-output/smack-scenario_seq_rs/live-rundata-36.json; line: 1764, column: 7]
	at com.fasterxml.jackson.databind.MappingIterator.hasNext(MappingIterator.java:112) ~[jackson-databind-2.3.1.jar:2.3.1]
	at ca.ubc.cs.beta.aeatk.runhistory.FileSharingRunHistoryDecorator.readRunsFromFile(FileSharingRunHistoryDecorator.java:418) [aeatk.jar:na]
	at ca.ubc.cs.beta.aeatk.runhistory.FileSharingRunHistoryDecorator.reReadFiles(FileSharingRunHistoryDecorator.java:339) [aeatk.jar:na]
	at ca.ubc.cs.beta.aeatk.runhistory.FileSharingRunHistoryDecorator.append(FileSharingRunHistoryDecorator.java:239) [aeatk.jar:na]
	at ca.ubc.cs.beta.aeatk.runhistory.FileSharingRunHistoryDecorator.append(FileSharingRunHistoryDecorator.java:502) [aeatk.jar:na]
	at ca.ubc.cs.beta.aeatk.runhistory.TeeRunHistory.append(TeeRunHistory.java:33) [aeatk.jar:na]
	at ca.ubc.cs.beta.aeatk.runhistory.ThreadSafeRunHistoryWrapper.append(ThreadSafeRunHistoryWrapper.java:60) [aeatk.jar:na]
	at ca.ubc.cs.beta.smac.configurator.AbstractAlgorithmFramework.updateRunHistory(AbstractAlgorithmFramework.java:1229) [smac.jar:na]
	at ca.ubc.cs.beta.smac.configurator.AbstractAlgorithmFramework.evaluateRun(AbstractAlgorithmFramework.java:1279) [smac.jar:na]
	at ca.ubc.cs.beta.smac.configurator.AbstractAlgorithmFramework.evaluateRun(AbstractAlgorithmFramework.java:1245) [smac.jar:na]
	at ca.ubc.cs.beta.smac.configurator.AbstractAlgorithmFramework.challengeIncumbent(AbstractAlgorithmFramework.java:804) [smac.jar:na]
	at ca.ubc.cs.beta.smac.configurator.AbstractAlgorithmFramework.challengeIncumbent(AbstractAlgorithmFramework.java:778) [smac.jar:na]
	at ca.ubc.cs.beta.smac.configurator.AbstractAlgorithmFramework.intensify(AbstractAlgorithmFramework.java:766) [smac.jar:na]
	at ca.ubc.cs.beta.smac.configurator.AbstractAlgorithmFramework.run(AbstractAlgorithmFramework.java:580) [smac.jar:na]
	at ca.ubc.cs.beta.smac.executors.SMACExecutor.oldMain(SMACExecutor.java:140) [smac.jar:na]
	at ca.ubc.cs.beta.smac.executors.SMACExecutor.main(SMACExecutor.java:104) [smac.jar:na]
	at sun.reflect.NativeMethodAccessorImpl.invoke0(Native Method) ~[na:1.8.0_162]
	at sun.reflect.NativeMethodAccessorImpl.invoke(NativeMethodAccessorImpl.java:62) ~[na:1.8.0_162]
	at sun.reflect.DelegatingMethodAccessorImpl.invoke(DelegatingMethodAccessorImpl.java:43) ~[na:1.8.0_162]
	at java.lang.reflect.Method.invoke(Method.java:498) ~[na:1.8.0_162]
	at ca.ubc.cs.beta.aeatk.ant.execscript.Launcher.main(Launcher.java:37) [aeatk.jar:na]
Caused by: com.fasterxml.jackson.core.JsonParseException: Unrecognized token 'algo': was expecting ('true', 'false' or 'null')
 at [Source: /proj/SMACK/smac/example_scenarios/seq_rs/smac-output/smack-scenario_seq_rs/live-rundata-36.json; line: 1764, column: 7]
	at com.fasterxml.jackson.core.JsonParser._constructError(JsonParser.java:1524) ~[jackson-core-2.3.1.jar:2.3.1]
	at com.fasterxml.jackson.core.base.ParserMinimalBase._reportError(ParserMinimalBase.java:557) ~[jackson-core-2.3.1.jar:2.3.1]
	at com.fasterxml.jackson.core.json.UTF8StreamJsonParser._reportInvalidToken(UTF8StreamJsonParser.java:3095) ~[jackson-core-2.3.1.jar:2.3.1]
	at com.fasterxml.jackson.core.json.UTF8StreamJsonParser._handleUnexpectedValue(UTF8StreamJsonParser.java:2340) ~[jackson-core-2.3.1.jar:2.3.1]
	at com.fasterxml.jackson.core.json.UTF8StreamJsonParser._nextTokenNotInObject(UTF8StreamJsonParser.java:818) ~[jackson-core-2.3.1.jar:2.3.1]
	at com.fasterxml.jackson.core.json.UTF8StreamJsonParser.nextToken(UTF8StreamJsonParser.java:698) ~[jackson-core-2.3.1.jar:2.3.1]
	at com.fasterxml.jackson.databind.MappingIterator.hasNextValue(MappingIterator.java:159) ~[jackson-databind-2.3.1.jar:2.3.1]
	at com.fasterxml.jackson.databind.MappingIterator.hasNext(MappingIterator.java:108) ~[jackson-databind-2.3.1.jar:2.3.1]
	... 20 common frames omitted
11:25:42.611 [main] WARN  c.u.c.b.a.r.FileSharingRunHistoryDecorator - Error occurred reading file in shared run history /proj/SMACK/smac/example_scenarios/seq_rs/smac-output/smack-scenario_seq_rs/live-rundata-33.json. We will keep trying to read this file, but will only log another error after it succeeds once. We may not be able to get it's run data but we should be able to continue
java.lang.RuntimeException: Unexpected close marker '}': expected ']' (for ROOT starting at [Source: /proj/SMACK/smac/example_scenarios/seq_rs/smac-output/smack-scenario_seq_rs/live-rundata-33.json; line: 1, column: 0])
 at [Source: /proj/SMACK/smac/example_scenarios/seq_rs/smac-output/smack-scenario_seq_rs/live-rundata-33.json; line: 1722, column: 3]
	at com.fasterxml.jackson.databind.MappingIterator.hasNext(MappingIterator.java:112) ~[jackson-databind-2.3.1.jar:2.3.1]
	at ca.ubc.cs.beta.aeatk.runhistory.FileSharingRunHistoryDecorator.readRunsFromFile(FileSharingRunHistoryDecorator.java:418) [aeatk.jar:na]
	at ca.ubc.cs.beta.aeatk.runhistory.FileSharingRunHistoryDecorator.reReadFiles(FileSharingRunHistoryDecorator.java:339) [aeatk.jar:na]
	at ca.ubc.cs.beta.aeatk.runhistory.FileSharingRunHistoryDecorator.append(FileSharingRunHistoryDecorator.java:239) [aeatk.jar:na]
	at ca.ubc.cs.beta.aeatk.runhistory.FileSharingRunHistoryDecorator.append(FileSharingRunHistoryDecorator.java:502) [aeatk.jar:na]
	at ca.ubc.cs.beta.aeatk.runhistory.TeeRunHistory.append(TeeRunHistory.java:33) [aeatk.jar:na]
	at ca.ubc.cs.beta.aeatk.runhistory.ThreadSafeRunHistoryWrapper.append(ThreadSafeRunHistoryWrapper.java:60) [aeatk.jar:na]
	at ca.ubc.cs.beta.smac.configurator.AbstractAlgorithmFramework.updateRunHistory(AbstractAlgorithmFramework.java:1229) [smac.jar:na]
	at ca.ubc.cs.beta.smac.configurator.AbstractAlgorithmFramework.evaluateRun(AbstractAlgorithmFramework.java:1279) [smac.jar:na]
	at ca.ubc.cs.beta.smac.configurator.AbstractAlgorithmFramework.evaluateRun(AbstractAlgorithmFramework.java:1245) [smac.jar:na]
	at ca.ubc.cs.beta.smac.configurator.AbstractAlgorithmFramework.challengeIncumbent(AbstractAlgorithmFramework.java:804) [smac.jar:na]
	at ca.ubc.cs.beta.smac.configurator.AbstractAlgorithmFramework.challengeIncumbent(AbstractAlgorithmFramework.java:778) [smac.jar:na]
	at ca.ubc.cs.beta.smac.configurator.AbstractAlgorithmFramework.intensify(AbstractAlgorithmFramework.java:766) [smac.jar:na]
	at ca.ubc.cs.beta.smac.configurator.AbstractAlgorithmFramework.run(AbstractAlgorithmFramework.java:580) [smac.jar:na]
	at ca.ubc.cs.beta.smac.executors.SMACExecutor.oldMain(SMACExecutor.java:140) [smac.jar:na]
	at ca.ubc.cs.beta.smac.executors.SMACExecutor.main(SMACExecutor.java:104) [smac.jar:na]
	at sun.reflect.NativeMethodAccessorImpl.invoke0(Native Method) ~[na:1.8.0_162]
	at sun.reflect.NativeMethodAccessorImpl.invoke(NativeMethodAccessorImpl.java:62) ~[na:1.8.0_162]
	at sun.reflect.DelegatingMethodAccessorImpl.invoke(DelegatingMethodAccessorImpl.java:43) ~[na:1.8.0_162]
	at java.lang.reflect.Method.invoke(Method.java:498) ~[na:1.8.0_162]
	at ca.ubc.cs.beta.aeatk.ant.execscript.Launcher.main(Launcher.java:37) [aeatk.jar:na]
Caused by: com.fasterxml.jackson.core.JsonParseException: Unexpected close marker '}': expected ']' (for ROOT starting at [Source: /proj/SMACK/smac/example_scenarios/seq_rs/smac-output/smack-scenario_seq_rs/live-rundata-33.json; line: 1, column: 0])
 at [Source: /proj/SMACK/smac/example_scenarios/seq_rs/smac-output/smack-scenario_seq_rs/live-rundata-33.json; line: 1722, column: 3]
	at com.fasterxml.jackson.core.JsonParser._constructError(JsonParser.java:1524) ~[jackson-core-2.3.1.jar:2.3.1]
	at com.fasterxml.jackson.core.base.ParserMinimalBase._reportError(ParserMinimalBase.java:557) ~[jackson-core-2.3.1.jar:2.3.1]
	at com.fasterxml.jackson.core.base.ParserBase._reportMismatchedEndMarker(ParserBase.java:501) ~[jackson-core-2.3.1.jar:2.3.1]
	at com.fasterxml.jackson.core.json.UTF8StreamJsonParser.nextToken(UTF8StreamJsonParser.java:679) ~[jackson-core-2.3.1.jar:2.3.1]
	at com.fasterxml.jackson.databind.MappingIterator.hasNextValue(MappingIterator.java:159) ~[jackson-databind-2.3.1.jar:2.3.1]
	at com.fasterxml.jackson.databind.MappingIterator.hasNext(MappingIterator.java:108) ~[jackson-databind-2.3.1.jar:2.3.1]
	... 20 common frames omitted
11:25:42.709 [main] WARN  c.u.c.b.a.r.FileSharingRunHistoryDecorator - Error occurred reading file in shared run history /proj/SMACK/smac/example_scenarios/seq_rs/smac-output/smack-scenario_seq_rs/live-rundata-45.json. We will keep trying to read this file, but will only log another error after it succeeds once. We may not be able to get it's run data but we should be able to continue
java.lang.RuntimeException: Unexpected character (':' (code 58)): expected a valid value (number, String, array, object, 'true', 'false' or 'null')
 at [Source: /proj/SMACK/smac/example_scenarios/seq_rs/smac-output/smack-scenario_seq_rs/live-rundata-45.json; line: 1854, column: 4]
	at com.fasterxml.jackson.databind.MappingIterator.hasNext(MappingIterator.java:112) ~[jackson-databind-2.3.1.jar:2.3.1]
	at ca.ubc.cs.beta.aeatk.runhistory.FileSharingRunHistoryDecorator.readRunsFromFile(FileSharingRunHistoryDecorator.java:418) [aeatk.jar:na]
	at ca.ubc.cs.beta.aeatk.runhistory.FileSharingRunHistoryDecorator.reReadFiles(FileSharingRunHistoryDecorator.java:339) [aeatk.jar:na]
	at ca.ubc.cs.beta.aeatk.runhistory.FileSharingRunHistoryDecorator.append(FileSharingRunHistoryDecorator.java:239) [aeatk.jar:na]
	at ca.ubc.cs.beta.aeatk.runhistory.FileSharingRunHistoryDecorator.append(FileSharingRunHistoryDecorator.java:502) [aeatk.jar:na]
	at ca.ubc.cs.beta.aeatk.runhistory.TeeRunHistory.append(TeeRunHistory.java:33) [aeatk.jar:na]
	at ca.ubc.cs.beta.aeatk.runhistory.ThreadSafeRunHistoryWrapper.append(ThreadSafeRunHistoryWrapper.java:60) [aeatk.jar:na]
	at ca.ubc.cs.beta.smac.configurator.AbstractAlgorithmFramework.updateRunHistory(AbstractAlgorithmFramework.java:1229) [smac.jar:na]
	at ca.ubc.cs.beta.smac.configurator.AbstractAlgorithmFramework.evaluateRun(AbstractAlgorithmFramework.java:1279) [smac.jar:na]
	at ca.ubc.cs.beta.smac.configurator.AbstractAlgorithmFramework.evaluateRun(AbstractAlgorithmFramework.java:1245) [smac.jar:na]
	at ca.ubc.cs.beta.smac.configurator.AbstractAlgorithmFramework.challengeIncumbent(AbstractAlgorithmFramework.java:804) [smac.jar:na]
	at ca.ubc.cs.beta.smac.configurator.AbstractAlgorithmFramework.challengeIncumbent(AbstractAlgorithmFramework.java:778) [smac.jar:na]
	at ca.ubc.cs.beta.smac.configurator.AbstractAlgorithmFramework.intensify(AbstractAlgorithmFramework.java:766) [smac.jar:na]
	at ca.ubc.cs.beta.smac.configurator.AbstractAlgorithmFramework.run(AbstractAlgorithmFramework.java:580) [smac.jar:na]
	at ca.ubc.cs.beta.smac.executors.SMACExecutor.oldMain(SMACExecutor.java:140) [smac.jar:na]
	at ca.ubc.cs.beta.smac.executors.SMACExecutor.main(SMACExecutor.java:104) [smac.jar:na]
	at sun.reflect.NativeMethodAccessorImpl.invoke0(Native Method) ~[na:1.8.0_162]
	at sun.reflect.NativeMethodAccessorImpl.invoke(NativeMethodAccessorImpl.java:62) ~[na:1.8.0_162]
	at sun.reflect.DelegatingMethodAccessorImpl.invoke(DelegatingMethodAccessorImpl.java:43) ~[na:1.8.0_162]
	at java.lang.reflect.Method.invoke(Method.java:498) ~[na:1.8.0_162]
	at ca.ubc.cs.beta.aeatk.ant.execscript.Launcher.main(Launcher.java:37) [aeatk.jar:na]
Caused by: com.fasterxml.jackson.core.JsonParseException: Unexpected character (':' (code 58)): expected a valid value (number, String, array, object, 'true', 'false' or 'null')
 at [Source: /proj/SMACK/smac/example_scenarios/seq_rs/smac-output/smack-scenario_seq_rs/live-rundata-45.json; line: 1854, column: 4]
	at com.fasterxml.jackson.core.JsonParser._constructError(JsonParser.java:1524) ~[jackson-core-2.3.1.jar:2.3.1]
	at com.fasterxml.jackson.core.base.ParserMinimalBase._reportError(ParserMinimalBase.java:557) ~[jackson-core-2.3.1.jar:2.3.1]
	at com.fasterxml.jackson.core.base.ParserMinimalBase._reportUnexpectedChar(ParserMinimalBase.java:475) ~[jackson-core-2.3.1.jar:2.3.1]
	at com.fasterxml.jackson.core.json.UTF8StreamJsonParser._handleUnexpectedValue(UTF8StreamJsonParser.java:2343) ~[jackson-core-2.3.1.jar:2.3.1]
	at com.fasterxml.jackson.core.json.UTF8StreamJsonParser._nextTokenNotInObject(UTF8StreamJsonParser.java:818) ~[jackson-core-2.3.1.jar:2.3.1]
	at com.fasterxml.jackson.core.json.UTF8StreamJsonParser.nextToken(UTF8StreamJsonParser.java:698) ~[jackson-core-2.3.1.jar:2.3.1]
	at com.fasterxml.jackson.databind.MappingIterator.hasNextValue(MappingIterator.java:159) ~[jackson-databind-2.3.1.jar:2.3.1]
	at com.fasterxml.jackson.databind.MappingIterator.hasNext(MappingIterator.java:108) ~[jackson-databind-2.3.1.jar:2.3.1]
	... 20 common frames omitted
11:25:42.818 [main] WARN  c.u.c.b.a.r.FileSharingRunHistoryDecorator - Error occurred reading file in shared run history /proj/SMACK/smac/example_scenarios/seq_rs/smac-output/smack-scenario_seq_rs/live-rundata-35.json. We will keep trying to read this file, but will only log another error after it succeeds once. We may not be able to get it's run data but we should be able to continue
com.fasterxml.jackson.core.JsonParseException: Unexpected character ('{' (code 123)): was expecting comma to separate OBJECT entries
 at [Source: /proj/SMACK/smac/example_scenarios/seq_rs/smac-output/smack-scenario_seq_rs/live-rundata-35.json; line: 1722, column: 3]
	at com.fasterxml.jackson.core.JsonParser._constructError(JsonParser.java:1524) ~[jackson-core-2.3.1.jar:2.3.1]
	at com.fasterxml.jackson.core.base.ParserMinimalBase._reportError(ParserMinimalBase.java:557) ~[jackson-core-2.3.1.jar:2.3.1]
	at com.fasterxml.jackson.core.base.ParserMinimalBase._reportUnexpectedChar(ParserMinimalBase.java:475) ~[jackson-core-2.3.1.jar:2.3.1]
	at com.fasterxml.jackson.core.json.UTF8StreamJsonParser.nextToken(UTF8StreamJsonParser.java:688) ~[jackson-core-2.3.1.jar:2.3.1]
	at com.fasterxml.jackson.core.base.ParserMinimalBase.nextValue(ParserMinimalBase.java:123) ~[jackson-core-2.3.1.jar:2.3.1]
	at ca.ubc.cs.beta.aeatk.json.serializers.AlgorithmRunResultJson$AlgorithmRunDeserializer.deserialize(AlgorithmRunResultJson.java:57) ~[aeatk.jar:na]
	at ca.ubc.cs.beta.aeatk.json.serializers.AlgorithmRunResultJson$AlgorithmRunDeserializer.deserialize(AlgorithmRunResultJson.java:30) ~[aeatk.jar:na]
	at com.fasterxml.jackson.databind.MappingIterator.nextValue(MappingIterator.java:189) ~[jackson-databind-2.3.1.jar:2.3.1]
	at ca.ubc.cs.beta.aeatk.runhistory.FileSharingRunHistoryDecorator.readRunsFromFile(FileSharingRunHistoryDecorator.java:421) [aeatk.jar:na]
	at ca.ubc.cs.beta.aeatk.runhistory.FileSharingRunHistoryDecorator.reReadFiles(FileSharingRunHistoryDecorator.java:339) [aeatk.jar:na]
	at ca.ubc.cs.beta.aeatk.runhistory.FileSharingRunHistoryDecorator.append(FileSharingRunHistoryDecorator.java:239) [aeatk.jar:na]
	at ca.ubc.cs.beta.aeatk.runhistory.FileSharingRunHistoryDecorator.append(FileSharingRunHistoryDecorator.java:502) [aeatk.jar:na]
	at ca.ubc.cs.beta.aeatk.runhistory.TeeRunHistory.append(TeeRunHistory.java:33) [aeatk.jar:na]
	at ca.ubc.cs.beta.aeatk.runhistory.ThreadSafeRunHistoryWrapper.append(ThreadSafeRunHistoryWrapper.java:60) [aeatk.jar:na]
	at ca.ubc.cs.beta.smac.configurator.AbstractAlgorithmFramework.updateRunHistory(AbstractAlgorithmFramework.java:1229) [smac.jar:na]
	at ca.ubc.cs.beta.smac.configurator.AbstractAlgorithmFramework.evaluateRun(AbstractAlgorithmFramework.java:1279) [smac.jar:na]
	at ca.ubc.cs.beta.smac.configurator.AbstractAlgorithmFramework.evaluateRun(AbstractAlgorithmFramework.java:1245) [smac.jar:na]
	at ca.ubc.cs.beta.smac.configurator.AbstractAlgorithmFramework.challengeIncumbent(AbstractAlgorithmFramework.java:804) [smac.jar:na]
	at ca.ubc.cs.beta.smac.configurator.AbstractAlgorithmFramework.challengeIncumbent(AbstractAlgorithmFramework.java:778) [smac.jar:na]
	at ca.ubc.cs.beta.smac.configurator.AbstractAlgorithmFramework.intensify(AbstractAlgorithmFramework.java:766) [smac.jar:na]
	at ca.ubc.cs.beta.smac.configurator.AbstractAlgorithmFramework.run(AbstractAlgorithmFramework.java:580) [smac.jar:na]
	at ca.ubc.cs.beta.smac.executors.SMACExecutor.oldMain(SMACExecutor.java:140) [smac.jar:na]
	at ca.ubc.cs.beta.smac.executors.SMACExecutor.main(SMACExecutor.java:104) [smac.jar:na]
	at sun.reflect.NativeMethodAccessorImpl.invoke0(Native Method) ~[na:1.8.0_162]
	at sun.reflect.NativeMethodAccessorImpl.invoke(NativeMethodAccessorImpl.java:62) ~[na:1.8.0_162]
	at sun.reflect.DelegatingMethodAccessorImpl.invoke(DelegatingMethodAccessorImpl.java:43) ~[na:1.8.0_162]
	at java.lang.reflect.Method.invoke(Method.java:498) ~[na:1.8.0_162]
	at ca.ubc.cs.beta.aeatk.ant.execscript.Launcher.main(Launcher.java:37) [aeatk.jar:na]
11:25:42.830 [main] WARN  c.u.c.b.a.r.FileSharingRunHistoryDecorator - Error occurred reading file in shared run history /proj/SMACK/smac/example_scenarios/seq_rs/smac-output/smack-scenario_seq_rs/live-rundata-43.json. We will keep trying to read this file, but will only log another error after it succeeds once. We may not be able to get it's run data but we should be able to continue
com.fasterxml.jackson.core.JsonParseException: Unexpected character ('{' (code 123)): was expecting comma to separate OBJECT entries
 at [Source: /proj/SMACK/smac/example_scenarios/seq_rs/smac-output/smack-scenario_seq_rs/live-rundata-43.json; line: 1722, column: 3]
	at com.fasterxml.jackson.core.JsonParser._constructError(JsonParser.java:1524) ~[jackson-core-2.3.1.jar:2.3.1]
	at com.fasterxml.jackson.core.base.ParserMinimalBase._reportError(ParserMinimalBase.java:557) ~[jackson-core-2.3.1.jar:2.3.1]
	at com.fasterxml.jackson.core.base.ParserMinimalBase._reportUnexpectedChar(ParserMinimalBase.java:475) ~[jackson-core-2.3.1.jar:2.3.1]
	at com.fasterxml.jackson.core.json.UTF8StreamJsonParser.nextToken(UTF8StreamJsonParser.java:688) ~[jackson-core-2.3.1.jar:2.3.1]
	at com.fasterxml.jackson.core.base.ParserMinimalBase.nextValue(ParserMinimalBase.java:123) ~[jackson-core-2.3.1.jar:2.3.1]
	at ca.ubc.cs.beta.aeatk.json.serializers.AlgorithmRunResultJson$AlgorithmRunDeserializer.deserialize(AlgorithmRunResultJson.java:57) ~[aeatk.jar:na]
	at ca.ubc.cs.beta.aeatk.json.serializers.AlgorithmRunResultJson$AlgorithmRunDeserializer.deserialize(AlgorithmRunResultJson.java:30) ~[aeatk.jar:na]
	at com.fasterxml.jackson.databind.MappingIterator.nextValue(MappingIterator.java:189) ~[jackson-databind-2.3.1.jar:2.3.1]
	at ca.ubc.cs.beta.aeatk.runhistory.FileSharingRunHistoryDecorator.readRunsFromFile(FileSharingRunHistoryDecorator.java:421) [aeatk.jar:na]
	at ca.ubc.cs.beta.aeatk.runhistory.FileSharingRunHistoryDecorator.reReadFiles(FileSharingRunHistoryDecorator.java:339) [aeatk.jar:na]
	at ca.ubc.cs.beta.aeatk.runhistory.FileSharingRunHistoryDecorator.append(FileSharingRunHistoryDecorator.java:239) [aeatk.jar:na]
	at ca.ubc.cs.beta.aeatk.runhistory.FileSharingRunHistoryDecorator.append(FileSharingRunHistoryDecorator.java:502) [aeatk.jar:na]
	at ca.ubc.cs.beta.aeatk.runhistory.TeeRunHistory.append(TeeRunHistory.java:33) [aeatk.jar:na]
	at ca.ubc.cs.beta.aeatk.runhistory.ThreadSafeRunHistoryWrapper.append(ThreadSafeRunHistoryWrapper.java:60) [aeatk.jar:na]
	at ca.ubc.cs.beta.smac.configurator.AbstractAlgorithmFramework.updateRunHistory(AbstractAlgorithmFramework.java:1229) [smac.jar:na]
	at ca.ubc.cs.beta.smac.configurator.AbstractAlgorithmFramework.evaluateRun(AbstractAlgorithmFramework.java:1279) [smac.jar:na]
	at ca.ubc.cs.beta.smac.configurator.AbstractAlgorithmFramework.evaluateRun(AbstractAlgorithmFramework.java:1245) [smac.jar:na]
	at ca.ubc.cs.beta.smac.configurator.AbstractAlgorithmFramework.challengeIncumbent(AbstractAlgorithmFramework.java:804) [smac.jar:na]
	at ca.ubc.cs.beta.smac.configurator.AbstractAlgorithmFramework.challengeIncumbent(AbstractAlgorithmFramework.java:778) [smac.jar:na]
	at ca.ubc.cs.beta.smac.configurator.AbstractAlgorithmFramework.intensify(AbstractAlgorithmFramework.java:766) [smac.jar:na]
	at ca.ubc.cs.beta.smac.configurator.AbstractAlgorithmFramework.run(AbstractAlgorithmFramework.java:580) [smac.jar:na]
	at ca.ubc.cs.beta.smac.executors.SMACExecutor.oldMain(SMACExecutor.java:140) [smac.jar:na]
	at ca.ubc.cs.beta.smac.executors.SMACExecutor.main(SMACExecutor.java:104) [smac.jar:na]
	at sun.reflect.NativeMethodAccessorImpl.invoke0(Native Method) ~[na:1.8.0_162]
	at sun.reflect.NativeMethodAccessorImpl.invoke(NativeMethodAccessorImpl.java:62) ~[na:1.8.0_162]
	at sun.reflect.DelegatingMethodAccessorImpl.invoke(DelegatingMethodAccessorImpl.java:43) ~[na:1.8.0_162]
	at java.lang.reflect.Method.invoke(Method.java:498) ~[na:1.8.0_162]
	at ca.ubc.cs.beta.aeatk.ant.execscript.Launcher.main(Launcher.java:37) [aeatk.jar:na]
11:25:42.913 [main] WARN  c.u.c.b.a.r.FileSharingRunHistoryDecorator - Error occurred reading file in shared run history /proj/SMACK/smac/example_scenarios/seq_rs/smac-output/smack-scenario_seq_rs/live-rundata-47.json. We will keep trying to read this file, but will only log another error after it succeeds once. We may not be able to get it's run data but we should be able to continue
com.fasterxml.jackson.core.JsonParseException: Unexpected character ('{' (code 123)): was expecting double-quote to start field name
 at [Source: /proj/SMACK/smac/example_scenarios/seq_rs/smac-output/smack-scenario_seq_rs/live-rundata-47.json; line: 1787, column: 5]
	at com.fasterxml.jackson.core.JsonParser._constructError(JsonParser.java:1524) ~[jackson-core-2.3.1.jar:2.3.1]
	at com.fasterxml.jackson.core.base.ParserMinimalBase._reportError(ParserMinimalBase.java:557) ~[jackson-core-2.3.1.jar:2.3.1]
	at com.fasterxml.jackson.core.base.ParserMinimalBase._reportUnexpectedChar(ParserMinimalBase.java:475) ~[jackson-core-2.3.1.jar:2.3.1]
	at com.fasterxml.jackson.core.json.UTF8StreamJsonParser._handleOddName(UTF8StreamJsonParser.java:1784) ~[jackson-core-2.3.1.jar:2.3.1]
	at com.fasterxml.jackson.core.json.UTF8StreamJsonParser._parseName(UTF8StreamJsonParser.java:1481) ~[jackson-core-2.3.1.jar:2.3.1]
	at com.fasterxml.jackson.core.json.UTF8StreamJsonParser.nextToken(UTF8StreamJsonParser.java:701) ~[jackson-core-2.3.1.jar:2.3.1]
	at com.fasterxml.jackson.core.base.ParserMinimalBase.nextValue(ParserMinimalBase.java:123) ~[jackson-core-2.3.1.jar:2.3.1]
	at ca.ubc.cs.beta.aeatk.json.serializers.AlgorithmRunConfigurationJson$RunConfigDeserializer.deserialize(AlgorithmRunConfigurationJson.java:77) ~[aeatk.jar:na]
	at ca.ubc.cs.beta.aeatk.json.serializers.AlgorithmRunConfigurationJson$RunConfigDeserializer.deserialize(AlgorithmRunConfigurationJson.java:44) ~[aeatk.jar:na]
	at com.fasterxml.jackson.databind.ObjectMapper._readValue(ObjectMapper.java:2965) ~[jackson-databind-2.3.1.jar:2.3.1]
	at com.fasterxml.jackson.databind.ObjectMapper.readValue(ObjectMapper.java:1587) ~[jackson-databind-2.3.1.jar:2.3.1]
	at com.fasterxml.jackson.core.JsonParser.readValueAs(JsonParser.java:1431) ~[jackson-core-2.3.1.jar:2.3.1]
	at ca.ubc.cs.beta.aeatk.json.serializers.JsonDeserializerHelper.getDeserializedVersion(JsonDeserializerHelper.java:26) ~[aeatk.jar:na]
	at ca.ubc.cs.beta.aeatk.json.serializers.AlgorithmRunResultJson$AlgorithmRunDeserializer.deserialize(AlgorithmRunResultJson.java:94) ~[aeatk.jar:na]
	at ca.ubc.cs.beta.aeatk.json.serializers.AlgorithmRunResultJson$AlgorithmRunDeserializer.deserialize(AlgorithmRunResultJson.java:30) ~[aeatk.jar:na]
	at com.fasterxml.jackson.databind.MappingIterator.nextValue(MappingIterator.java:189) ~[jackson-databind-2.3.1.jar:2.3.1]
	at ca.ubc.cs.beta.aeatk.runhistory.FileSharingRunHistoryDecorator.readRunsFromFile(FileSharingRunHistoryDecorator.java:421) [aeatk.jar:na]
	at ca.ubc.cs.beta.aeatk.runhistory.FileSharingRunHistoryDecorator.reReadFiles(FileSharingRunHistoryDecorator.java:339) [aeatk.jar:na]
	at ca.ubc.cs.beta.aeatk.runhistory.FileSharingRunHistoryDecorator.append(FileSharingRunHistoryDecorator.java:239) [aeatk.jar:na]
	at ca.ubc.cs.beta.aeatk.runhistory.FileSharingRunHistoryDecorator.append(FileSharingRunHistoryDecorator.java:502) [aeatk.jar:na]
	at ca.ubc.cs.beta.aeatk.runhistory.TeeRunHistory.append(TeeRunHistory.java:33) [aeatk.jar:na]
	at ca.ubc.cs.beta.aeatk.runhistory.ThreadSafeRunHistoryWrapper.append(ThreadSafeRunHistoryWrapper.java:60) [aeatk.jar:na]
	at ca.ubc.cs.beta.smac.configurator.AbstractAlgorithmFramework.updateRunHistory(AbstractAlgorithmFramework.java:1229) [smac.jar:na]
	at ca.ubc.cs.beta.smac.configurator.AbstractAlgorithmFramework.evaluateRun(AbstractAlgorithmFramework.java:1279) [smac.jar:na]
	at ca.ubc.cs.beta.smac.configurator.AbstractAlgorithmFramework.evaluateRun(AbstractAlgorithmFramework.java:1245) [smac.jar:na]
	at ca.ubc.cs.beta.smac.configurator.AbstractAlgorithmFramework.challengeIncumbent(AbstractAlgorithmFramework.java:804) [smac.jar:na]
	at ca.ubc.cs.beta.smac.configurator.AbstractAlgorithmFramework.challengeIncumbent(AbstractAlgorithmFramework.java:778) [smac.jar:na]
	at ca.ubc.cs.beta.smac.configurator.AbstractAlgorithmFramework.intensify(AbstractAlgorithmFramework.java:766) [smac.jar:na]
	at ca.ubc.cs.beta.smac.configurator.AbstractAlgorithmFramework.run(AbstractAlgorithmFramework.java:580) [smac.jar:na]
	at ca.ubc.cs.beta.smac.executors.SMACExecutor.oldMain(SMACExecutor.java:140) [smac.jar:na]
	at ca.ubc.cs.beta.smac.executors.SMACExecutor.main(SMACExecutor.java:104) [smac.jar:na]
	at sun.reflect.NativeMethodAccessorImpl.invoke0(Native Method) ~[na:1.8.0_162]
	at sun.reflect.NativeMethodAccessorImpl.invoke(NativeMethodAccessorImpl.java:62) ~[na:1.8.0_162]
	at sun.reflect.DelegatingMethodAccessorImpl.invoke(DelegatingMethodAccessorImpl.java:43) ~[na:1.8.0_162]
	at java.lang.reflect.Method.invoke(Method.java:498) ~[na:1.8.0_162]
	at ca.ubc.cs.beta.aeatk.ant.execscript.Launcher.main(Launcher.java:37) [aeatk.jar:na]
11:25:42.973 [main] WARN  c.u.c.b.a.r.FileSharingRunHistoryDecorator - Error occurred reading file in shared run history /proj/SMACK/smac/example_scenarios/seq_rs/smac-output/smack-scenario_seq_rs/live-rundata-38.json. We will keep trying to read this file, but will only log another error after it succeeds once. We may not be able to get it's run data but we should be able to continue
java.lang.RuntimeException: Illegal character ((CTRL-CHAR, code 0)): only regular white space (\r, \n, \t) is allowed between tokens
 at [Source: /proj/SMACK/smac/example_scenarios/seq_rs/smac-output/smack-scenario_seq_rs/live-rundata-38.json; line: 1742, column: 3]
	at com.fasterxml.jackson.databind.MappingIterator.hasNext(MappingIterator.java:112) ~[jackson-databind-2.3.1.jar:2.3.1]
	at ca.ubc.cs.beta.aeatk.runhistory.FileSharingRunHistoryDecorator.readRunsFromFile(FileSharingRunHistoryDecorator.java:418) [aeatk.jar:na]
	at ca.ubc.cs.beta.aeatk.runhistory.FileSharingRunHistoryDecorator.reReadFiles(FileSharingRunHistoryDecorator.java:339) [aeatk.jar:na]
	at ca.ubc.cs.beta.aeatk.runhistory.FileSharingRunHistoryDecorator.append(FileSharingRunHistoryDecorator.java:239) [aeatk.jar:na]
	at ca.ubc.cs.beta.aeatk.runhistory.FileSharingRunHistoryDecorator.append(FileSharingRunHistoryDecorator.java:502) [aeatk.jar:na]
	at ca.ubc.cs.beta.aeatk.runhistory.TeeRunHistory.append(TeeRunHistory.java:33) [aeatk.jar:na]
	at ca.ubc.cs.beta.aeatk.runhistory.ThreadSafeRunHistoryWrapper.append(ThreadSafeRunHistoryWrapper.java:60) [aeatk.jar:na]
	at ca.ubc.cs.beta.smac.configurator.AbstractAlgorithmFramework.updateRunHistory(AbstractAlgorithmFramework.java:1229) [smac.jar:na]
	at ca.ubc.cs.beta.smac.configurator.AbstractAlgorithmFramework.evaluateRun(AbstractAlgorithmFramework.java:1279) [smac.jar:na]
	at ca.ubc.cs.beta.smac.configurator.AbstractAlgorithmFramework.evaluateRun(AbstractAlgorithmFramework.java:1245) [smac.jar:na]
	at ca.ubc.cs.beta.smac.configurator.AbstractAlgorithmFramework.challengeIncumbent(AbstractAlgorithmFramework.java:804) [smac.jar:na]
	at ca.ubc.cs.beta.smac.configurator.AbstractAlgorithmFramework.challengeIncumbent(AbstractAlgorithmFramework.java:778) [smac.jar:na]
	at ca.ubc.cs.beta.smac.configurator.AbstractAlgorithmFramework.intensify(AbstractAlgorithmFramework.java:766) [smac.jar:na]
	at ca.ubc.cs.beta.smac.configurator.AbstractAlgorithmFramework.run(AbstractAlgorithmFramework.java:580) [smac.jar:na]
	at ca.ubc.cs.beta.smac.executors.SMACExecutor.oldMain(SMACExecutor.java:140) [smac.jar:na]
	at ca.ubc.cs.beta.smac.executors.SMACExecutor.main(SMACExecutor.java:104) [smac.jar:na]
	at sun.reflect.NativeMethodAccessorImpl.invoke0(Native Method) ~[na:1.8.0_162]
	at sun.reflect.NativeMethodAccessorImpl.invoke(NativeMethodAccessorImpl.java:62) ~[na:1.8.0_162]
	at sun.reflect.DelegatingMethodAccessorImpl.invoke(DelegatingMethodAccessorImpl.java:43) ~[na:1.8.0_162]
	at java.lang.reflect.Method.invoke(Method.java:498) ~[na:1.8.0_162]
	at ca.ubc.cs.beta.aeatk.ant.execscript.Launcher.main(Launcher.java:37) [aeatk.jar:na]
Caused by: com.fasterxml.jackson.core.JsonParseException: Illegal character ((CTRL-CHAR, code 0)): only regular white space (\r, \n, \t) is allowed between tokens
 at [Source: /proj/SMACK/smac/example_scenarios/seq_rs/smac-output/smack-scenario_seq_rs/live-rundata-38.json; line: 1742, column: 3]
	at com.fasterxml.jackson.core.JsonParser._constructError(JsonParser.java:1524) ~[jackson-core-2.3.1.jar:2.3.1]
	at com.fasterxml.jackson.core.base.ParserMinimalBase._reportError(ParserMinimalBase.java:557) ~[jackson-core-2.3.1.jar:2.3.1]
	at com.fasterxml.jackson.core.base.ParserMinimalBase._throwInvalidSpace(ParserMinimalBase.java:503) ~[jackson-core-2.3.1.jar:2.3.1]
	at com.fasterxml.jackson.core.json.UTF8StreamJsonParser._reportInvalidChar(UTF8StreamJsonParser.java:3103) ~[jackson-core-2.3.1.jar:2.3.1]
	at com.fasterxml.jackson.core.json.UTF8StreamJsonParser._skipWSOrEnd(UTF8StreamJsonParser.java:2585) ~[jackson-core-2.3.1.jar:2.3.1]
	at com.fasterxml.jackson.core.json.UTF8StreamJsonParser.nextToken(UTF8StreamJsonParser.java:650) ~[jackson-core-2.3.1.jar:2.3.1]
	at com.fasterxml.jackson.databind.MappingIterator.hasNextValue(MappingIterator.java:159) ~[jackson-databind-2.3.1.jar:2.3.1]
	at com.fasterxml.jackson.databind.MappingIterator.hasNext(MappingIterator.java:108) ~[jackson-databind-2.3.1.jar:2.3.1]
	... 20 common frames omitted
11:25:43.058 [main] WARN  c.u.c.b.a.r.FileSharingRunHistoryDecorator - Error occurred reading file in shared run history /proj/SMACK/smac/example_scenarios/seq_rs/smac-output/smack-scenario_seq_rs/live-rundata-46.json. We will keep trying to read this file, but will only log another error after it succeeds once. We may not be able to get it's run data but we should be able to continue
com.fasterxml.jackson.core.JsonParseException: Unexpected character ('{' (code 123)): was expecting comma to separate OBJECT entries
 at [Source: /proj/SMACK/smac/example_scenarios/seq_rs/smac-output/smack-scenario_seq_rs/live-rundata-46.json; line: 1722, column: 4]
	at com.fasterxml.jackson.core.JsonParser._constructError(JsonParser.java:1524) ~[jackson-core-2.3.1.jar:2.3.1]
	at com.fasterxml.jackson.core.base.ParserMinimalBase._reportError(ParserMinimalBase.java:557) ~[jackson-core-2.3.1.jar:2.3.1]
	at com.fasterxml.jackson.core.base.ParserMinimalBase._reportUnexpectedChar(ParserMinimalBase.java:475) ~[jackson-core-2.3.1.jar:2.3.1]
	at com.fasterxml.jackson.core.json.UTF8StreamJsonParser.nextToken(UTF8StreamJsonParser.java:688) ~[jackson-core-2.3.1.jar:2.3.1]
	at com.fasterxml.jackson.core.base.ParserMinimalBase.nextValue(ParserMinimalBase.java:123) ~[jackson-core-2.3.1.jar:2.3.1]
	at ca.ubc.cs.beta.aeatk.json.serializers.AlgorithmRunResultJson$AlgorithmRunDeserializer.deserialize(AlgorithmRunResultJson.java:57) ~[aeatk.jar:na]
	at ca.ubc.cs.beta.aeatk.json.serializers.AlgorithmRunResultJson$AlgorithmRunDeserializer.deserialize(AlgorithmRunResultJson.java:30) ~[aeatk.jar:na]
	at com.fasterxml.jackson.databind.MappingIterator.nextValue(MappingIterator.java:189) ~[jackson-databind-2.3.1.jar:2.3.1]
	at ca.ubc.cs.beta.aeatk.runhistory.FileSharingRunHistoryDecorator.readRunsFromFile(FileSharingRunHistoryDecorator.java:421) [aeatk.jar:na]
	at ca.ubc.cs.beta.aeatk.runhistory.FileSharingRunHistoryDecorator.reReadFiles(FileSharingRunHistoryDecorator.java:339) [aeatk.jar:na]
	at ca.ubc.cs.beta.aeatk.runhistory.FileSharingRunHistoryDecorator.append(FileSharingRunHistoryDecorator.java:239) [aeatk.jar:na]
	at ca.ubc.cs.beta.aeatk.runhistory.FileSharingRunHistoryDecorator.append(FileSharingRunHistoryDecorator.java:502) [aeatk.jar:na]
	at ca.ubc.cs.beta.aeatk.runhistory.TeeRunHistory.append(TeeRunHistory.java:33) [aeatk.jar:na]
	at ca.ubc.cs.beta.aeatk.runhistory.ThreadSafeRunHistoryWrapper.append(ThreadSafeRunHistoryWrapper.java:60) [aeatk.jar:na]
	at ca.ubc.cs.beta.smac.configurator.AbstractAlgorithmFramework.updateRunHistory(AbstractAlgorithmFramework.java:1229) [smac.jar:na]
	at ca.ubc.cs.beta.smac.configurator.AbstractAlgorithmFramework.evaluateRun(AbstractAlgorithmFramework.java:1279) [smac.jar:na]
	at ca.ubc.cs.beta.smac.configurator.AbstractAlgorithmFramework.evaluateRun(AbstractAlgorithmFramework.java:1245) [smac.jar:na]
	at ca.ubc.cs.beta.smac.configurator.AbstractAlgorithmFramework.challengeIncumbent(AbstractAlgorithmFramework.java:804) [smac.jar:na]
	at ca.ubc.cs.beta.smac.configurator.AbstractAlgorithmFramework.challengeIncumbent(AbstractAlgorithmFramework.java:778) [smac.jar:na]
	at ca.ubc.cs.beta.smac.configurator.AbstractAlgorithmFramework.intensify(AbstractAlgorithmFramework.java:766) [smac.jar:na]
	at ca.ubc.cs.beta.smac.configurator.AbstractAlgorithmFramework.run(AbstractAlgorithmFramework.java:580) [smac.jar:na]
	at ca.ubc.cs.beta.smac.executors.SMACExecutor.oldMain(SMACExecutor.java:140) [smac.jar:na]
	at ca.ubc.cs.beta.smac.executors.SMACExecutor.main(SMACExecutor.java:104) [smac.jar:na]
	at sun.reflect.NativeMethodAccessorImpl.invoke0(Native Method) ~[na:1.8.0_162]
	at sun.reflect.NativeMethodAccessorImpl.invoke(NativeMethodAccessorImpl.java:62) ~[na:1.8.0_162]
	at sun.reflect.DelegatingMethodAccessorImpl.invoke(DelegatingMethodAccessorImpl.java:43) ~[na:1.8.0_162]
	at java.lang.reflect.Method.invoke(Method.java:498) ~[na:1.8.0_162]
	at ca.ubc.cs.beta.aeatk.ant.execscript.Launcher.main(Launcher.java:37) [aeatk.jar:na]
11:26:00.582 [CLI TAE (Master Thread - #0)] ERROR c.u.c.b.a.t.b.c.CommandLineAlgorithmRun - The following algorithm call failed: cd "/proj/SMACK/smac/example_scenarios/seq_rs" ;  ../wrapper.py /proj/SMACK/sv-benchmarks/c/systemc/token_ring.15_false-unreach-call_false-termination.cil.c 0 130.45119101961257 2147483647 -1 -/bopt:boolControlVC 'True' -/bopt:z3opt:SMT.MBQI 'True' -/bopt:z3opt:SMT.MBQI.MAX_ITERATIONS '6490' -/deepAsserts 'True' -/di 'True' -/doNotUseLabels 'False' -/noCallTreeReuse 'True' -/noInitPruning 'True' -/nonUniformUnfolding 'False' -/staticInlining 'True' -/trackAllVars 'True' -/useArrayTheoryCheck '1'  
11:26:00.582 [CLI TAE (Master Thread - #0)] ERROR c.u.c.b.a.t.b.c.CommandLineAlgorithmRun - The last 1 lines of output we saw were:
11:26:00.583 [CLI TAE (Master Thread - #0)] ERROR c.u.c.b.a.t.b.c.CommandLineAlgorithmRun - > Result for SMAC: CRASHED, 90000, 0, 0, -1
11:26:00.628 [CLI TAE Callback Threads (3-4)] WARN  c.u.c.b.a.t.d.s.TimingCheckerTargetAlgorithmEvaluator - Algorithm Run Result reported a runtime of 90000.0 (secs) that exceeded it's cutoff time of 130.45119101961257 (secs) by 89869.54880898038 (secs). Next warning at 89870.54880898038 (secs)  
11:29:15.500 [CLI TAE Callback Threads (3-5)] WARN  c.u.c.b.a.t.d.s.TimingCheckerTargetAlgorithmEvaluator - Algorithm Run Result reported wallclock time of 154.589 (secs) that exceeded it's cutoff time of 17.888276640671492 (secs) by 136.7007233593285 (secs). Next warning at 137.7007233593285 (secs)  
12:00:39.921 [main] WARN  c.u.c.b.a.r.FileSharingRunHistoryDecorator - Error occurred reading file in shared run history /proj/SMACK/smac/example_scenarios/seq_rs/smac-output/smack-scenario_seq_rs/live-rundata-41.json. We will keep trying to read this file, but will only log another error after it succeeds once. We may not be able to get it's run data but we should be able to continue
com.fasterxml.jackson.core.JsonParseException: Unexpected character (':' (code 58)): expected a valid value (number, String, array, object, 'true', 'false' or 'null')
 at [Source: /proj/SMACK/smac/example_scenarios/seq_rs/smac-output/smack-scenario_seq_rs/live-rundata-41.json; line: 1828, column: 26]
	at com.fasterxml.jackson.core.JsonParser._constructError(JsonParser.java:1524) ~[jackson-core-2.3.1.jar:2.3.1]
	at com.fasterxml.jackson.core.base.ParserMinimalBase._reportError(ParserMinimalBase.java:557) ~[jackson-core-2.3.1.jar:2.3.1]
	at com.fasterxml.jackson.core.base.ParserMinimalBase._reportUnexpectedChar(ParserMinimalBase.java:475) ~[jackson-core-2.3.1.jar:2.3.1]
	at com.fasterxml.jackson.core.json.UTF8StreamJsonParser._handleUnexpectedValue(UTF8StreamJsonParser.java:2343) ~[jackson-core-2.3.1.jar:2.3.1]
	at com.fasterxml.jackson.core.json.UTF8StreamJsonParser._nextTokenNotInObject(UTF8StreamJsonParser.java:818) ~[jackson-core-2.3.1.jar:2.3.1]
	at com.fasterxml.jackson.core.json.UTF8StreamJsonParser.nextToken(UTF8StreamJsonParser.java:698) ~[jackson-core-2.3.1.jar:2.3.1]
	at com.fasterxml.jackson.core.base.ParserMinimalBase.nextValue(ParserMinimalBase.java:123) ~[jackson-core-2.3.1.jar:2.3.1]
	at ca.ubc.cs.beta.aeatk.json.serializers.AlgorithmRunResultJson$AlgorithmRunDeserializer.deserialize(AlgorithmRunResultJson.java:57) ~[aeatk.jar:na]
	at ca.ubc.cs.beta.aeatk.json.serializers.AlgorithmRunResultJson$AlgorithmRunDeserializer.deserialize(AlgorithmRunResultJson.java:30) ~[aeatk.jar:na]
	at com.fasterxml.jackson.databind.MappingIterator.nextValue(MappingIterator.java:189) ~[jackson-databind-2.3.1.jar:2.3.1]
	at ca.ubc.cs.beta.aeatk.runhistory.FileSharingRunHistoryDecorator.readRunsFromFile(FileSharingRunHistoryDecorator.java:421) [aeatk.jar:na]
	at ca.ubc.cs.beta.aeatk.runhistory.FileSharingRunHistoryDecorator.reReadFiles(FileSharingRunHistoryDecorator.java:339) [aeatk.jar:na]
	at ca.ubc.cs.beta.aeatk.runhistory.FileSharingRunHistoryDecorator.append(FileSharingRunHistoryDecorator.java:239) [aeatk.jar:na]
	at ca.ubc.cs.beta.aeatk.runhistory.FileSharingRunHistoryDecorator.append(FileSharingRunHistoryDecorator.java:502) [aeatk.jar:na]
	at ca.ubc.cs.beta.aeatk.runhistory.TeeRunHistory.append(TeeRunHistory.java:33) [aeatk.jar:na]
	at ca.ubc.cs.beta.aeatk.runhistory.ThreadSafeRunHistoryWrapper.append(ThreadSafeRunHistoryWrapper.java:60) [aeatk.jar:na]
	at ca.ubc.cs.beta.smac.configurator.AbstractAlgorithmFramework.updateRunHistory(AbstractAlgorithmFramework.java:1229) [smac.jar:na]
	at ca.ubc.cs.beta.smac.configurator.AbstractAlgorithmFramework.evaluateRun(AbstractAlgorithmFramework.java:1279) [smac.jar:na]
	at ca.ubc.cs.beta.smac.configurator.AbstractAlgorithmFramework.evaluateRun(AbstractAlgorithmFramework.java:1245) [smac.jar:na]
	at ca.ubc.cs.beta.smac.configurator.AbstractAlgorithmFramework.challengeIncumbent(AbstractAlgorithmFramework.java:804) [smac.jar:na]
	at ca.ubc.cs.beta.smac.configurator.AbstractAlgorithmFramework.challengeIncumbent(AbstractAlgorithmFramework.java:778) [smac.jar:na]
	at ca.ubc.cs.beta.smac.configurator.AbstractAlgorithmFramework.intensify(AbstractAlgorithmFramework.java:766) [smac.jar:na]
	at ca.ubc.cs.beta.smac.configurator.AbstractAlgorithmFramework.run(AbstractAlgorithmFramework.java:580) [smac.jar:na]
	at ca.ubc.cs.beta.smac.executors.SMACExecutor.oldMain(SMACExecutor.java:140) [smac.jar:na]
	at ca.ubc.cs.beta.smac.executors.SMACExecutor.main(SMACExecutor.java:104) [smac.jar:na]
	at sun.reflect.NativeMethodAccessorImpl.invoke0(Native Method) ~[na:1.8.0_162]
	at sun.reflect.NativeMethodAccessorImpl.invoke(NativeMethodAccessorImpl.java:62) ~[na:1.8.0_162]
	at sun.reflect.DelegatingMethodAccessorImpl.invoke(DelegatingMethodAccessorImpl.java:43) ~[na:1.8.0_162]
	at java.lang.reflect.Method.invoke(Method.java:498) ~[na:1.8.0_162]
	at ca.ubc.cs.beta.aeatk.ant.execscript.Launcher.main(Launcher.java:37) [aeatk.jar:na]
13:03:36.116 [CLI TAE (Master Thread - #0)] ERROR c.u.c.b.a.t.b.c.CommandLineAlgorithmRun - The following algorithm call failed: cd "/proj/SMACK/smac/example_scenarios/seq_rs" ;  ../wrapper.py /proj/SMACK/sv-benchmarks/c/seq-mthreaded/pals_STARTPALS_ActiveStandby_false-unreach-call.4_2.ufo.BOUNDED-10.pals.c 0 17.888276640671492 2147483647 -1 -/bopt:boolControlVC 'True' -/bopt:z3opt:SMT.MBQI 'False' -/deepAsserts 'False' -/di 'False' -/doNotUseLabels 'True' -/noCallTreeReuse 'True' -/noInitPruning 'False' -/nonUniformUnfolding 'False' -/staticInlining 'True' -/trackAllVars 'False' -/useArrayTheoryCheck '2'  
13:03:36.117 [CLI TAE (Master Thread - #0)] ERROR c.u.c.b.a.t.b.c.CommandLineAlgorithmRun - The last 1 lines of output we saw were:
13:03:36.118 [CLI TAE (Master Thread - #0)] ERROR c.u.c.b.a.t.b.c.CommandLineAlgorithmRun - > Result for SMAC: CRASHED, 90000, 0, 0, -1
13:03:36.159 [CLI TAE Callback Threads (3-8)] WARN  c.u.c.b.a.t.d.s.TimingCheckerTargetAlgorithmEvaluator - Algorithm Run Result reported a runtime of 90000.0 (secs) that exceeded it's cutoff time of 17.888276640671492 (secs) by 89982.11172335932 (secs). Next warning at 89983.11172335932 (secs)  
00:51:39.053 [CLI TAE (Master Thread - #0)] ERROR c.u.c.b.a.t.b.c.CommandLineAlgorithmRun - The following algorithm call failed: cd "/proj/SMACK/smac/example_scenarios/seq_rs" ;  ../wrapper.py /proj/SMACK/sv-benchmarks/c/seq-mthreaded/pals_floodmax.3_overflow_false-unreach-call.ufo.UNBOUNDED.pals.c 0 2000.0 2147483647 -1 -/bopt:boolControlVC 'True' -/bopt:z3opt:SMT.MBQI 'False' -/deepAsserts 'True' -/di 'False' -/doNotUseLabels 'False' -/noCallTreeReuse 'False' -/noInitPruning 'False' -/nonUniformUnfolding 'True' -/staticInlining 'True' -/trackAllVars 'False' -/useArrayTheoryCheck '2'  
00:51:39.055 [CLI TAE (Master Thread - #0)] ERROR c.u.c.b.a.t.b.c.CommandLineAlgorithmRun - The last 1 lines of output we saw were:
00:51:39.055 [CLI TAE (Master Thread - #0)] ERROR c.u.c.b.a.t.b.c.CommandLineAlgorithmRun - > Result for SMAC: CRASHED, 90000, 0, 0, -1
01:54:34.997 [CLI TAE (Master Thread - #0)] ERROR c.u.c.b.a.t.b.c.CommandLineAlgorithmRun - The following algorithm call failed: cd "/proj/SMACK/smac/example_scenarios/seq_rs" ;  ../wrapper.py /proj/SMACK/sv-benchmarks/c/seq-mthreaded/pals_lcr-var-start-time.4_false-unreach-call.2.ufo.UNBOUNDED.pals.c 0 2000.0 2147483647 -1 -/bopt:boolControlVC 'True' -/bopt:z3opt:SMT.MBQI 'False' -/deepAsserts 'True' -/di 'False' -/doNotUseLabels 'False' -/noCallTreeReuse 'False' -/noInitPruning 'False' -/nonUniformUnfolding 'True' -/staticInlining 'True' -/trackAllVars 'False' -/useArrayTheoryCheck '2'  
01:54:34.999 [CLI TAE (Master Thread - #0)] ERROR c.u.c.b.a.t.b.c.CommandLineAlgorithmRun - The last 1 lines of output we saw were:
01:54:34.999 [CLI TAE (Master Thread - #0)] ERROR c.u.c.b.a.t.b.c.CommandLineAlgorithmRun - > Result for SMAC: CRASHED, 90000, 0, 0, -1
02:29:52.309 [CLI TAE Observer Threads (2-1)] WARN  c.u.c.b.a.t.d.s.TimingCheckerTargetAlgorithmEvaluator - We have been waiting for 219.215 seconds for a run that should have taken at most 73.00629549508095 seconds.
 The sample call for the run that is delayed is: cd "/proj/SMACK/smac/example_scenarios/seq_rs" ;  ../wrapper.py /proj/SMACK/sv-benchmarks/c/seq-mthreaded/rekcba_nxt_true-unreach-call.2.M1.c 0 73.00629549508095 2147483647 -1 -/bopt:boolControlVC 'True' -/bopt:z3opt:SMT.MBQI 'False' -/deepAsserts 'True' -/di 'False' -/doNotUseLabels 'False' -/noCallTreeReuse 'False' -/noInitPruning 'False' -/nonUniformUnfolding 'True' -/staticInlining 'True' -/trackAllVars 'False' -/useArrayTheoryCheck '2'  
02:38:48.165 [CLI TAE Observer Threads (2-1)] WARN  c.u.c.b.a.t.d.h.KillCaptimeExceedingRunsRunsTargetAlgorithmEvaluatorDecorator - Killed run <Instance:235, Seed:-1, Config:0x50AED, Kappa:73.00629549508095, Execution Config: 0x0001> at 730.4246 for exceeding 10.0 times its cutoff time of 73.00629549508095 (secs)
02:38:48.668 [CLI TAE Callback Threads (3-39)] WARN  c.u.c.b.a.t.d.s.TimingCheckerTargetAlgorithmEvaluator - Algorithm Run Result reported wallclock time of 769.419 (secs) that exceeded it's cutoff time of 73.00629549508095 (secs) by 696.412704504919 (secs). Next warning at 697.412704504919 (secs)  
07:35:53.723 [CLI TAE (Master Thread - #0)] ERROR c.u.c.b.a.t.b.c.CommandLineAlgorithmRun - The following algorithm call failed: cd "/proj/SMACK/smac/example_scenarios/seq_rs" ;  ../wrapper.py /proj/SMACK/sv-benchmarks/c/seq-mthreaded/pals_opt-floodmax.3_false-unreach-call.3.ufo.BOUNDED-6.pals_true-termination.c 0 14.824961766946316 2147483647 -1 -/bopt:boolControlVC 'False' -/bopt:z3opt:SMT.MBQI 'True' -/bopt:z3opt:SMT.MBQI.MAX_ITERATIONS '18550' -/deepAsserts 'False' -/di 'True' -/doNotUseLabels 'True' -/noCallTreeReuse 'False' -/noInitPruning 'True' -/nonUniformUnfolding 'False' -/staticInlining 'True' -/trackAllVars 'True' -/useArrayTheoryCheck '2'  
07:35:53.724 [CLI TAE (Master Thread - #0)] ERROR c.u.c.b.a.t.b.c.CommandLineAlgorithmRun - The last 1 lines of output we saw were:
07:35:53.724 [CLI TAE (Master Thread - #0)] ERROR c.u.c.b.a.t.b.c.CommandLineAlgorithmRun - > Result for SMAC: CRASHED, 90000, 0, 0, -1
07:35:53.752 [CLI TAE Callback Threads (3-53)] WARN  c.u.c.b.a.t.d.s.TimingCheckerTargetAlgorithmEvaluator - Algorithm Run Result reported a runtime of 90000.0 (secs) that exceeded it's cutoff time of 14.824961766946316 (secs) by 89985.17503823305 (secs). Next warning at 89986.17503823305 (secs)  
08:10:31.608 [CLI TAE Observer Threads (2-1)] WARN  c.u.c.b.a.t.d.s.TimingCheckerTargetAlgorithmEvaluator - We have been waiting for 180.074 seconds for a run that should have taken at most 26.055702183741335 seconds.
 The sample call for the run that is delayed is: cd "/proj/SMACK/smac/example_scenarios/seq_rs" ;  ../wrapper.py /proj/SMACK/sv-benchmarks/c/seq-mthreaded/pals_opt-floodmax.4_false-unreach-call.2.ufo.UNBOUNDED.pals.c 0 26.055702183741335 2147483647 -1 -/bopt:boolControlVC 'False' -/bopt:z3opt:SMT.MBQI 'True' -/bopt:z3opt:SMT.MBQI.MAX_ITERATIONS '12653' -/deepAsserts 'True' -/di 'True' -/doNotUseLabels 'True' -/noCallTreeReuse 'True' -/noInitPruning 'True' -/nonUniformUnfolding 'True' -/staticInlining 'False' -/trackAllVars 'False' -/useArrayTheoryCheck '0'  
08:12:05.410 [CLI TAE Observer Threads (2-1)] WARN  c.u.c.b.a.t.d.h.KillCaptimeExceedingRunsRunsTargetAlgorithmEvaluatorDecorator - Killed run <Instance:148, Seed:-1, Config:0x826B9, Kappa:26.055702183741335, Execution Config: 0x0001> at 260.5622 for exceeding 10.0 times its cutoff time of 26.055702183741335 (secs)
11:38:07.375 [CLI TAE (Master Thread - #0)] ERROR c.u.c.b.a.t.b.c.CommandLineAlgorithmRun - The following algorithm call failed: cd "/proj/SMACK/smac/example_scenarios/seq_rs" ;  ../wrapper.py /proj/SMACK/sv-benchmarks/c/systemc/token_ring.06_false-unreach-call_false-termination.cil.c 0 32.892446674752236 2147483647 -1 -/bopt:boolControlVC 'True' -/bopt:z3opt:SMT.MBQI 'False' -/deepAsserts 'True' -/di 'True' -/doNotUseLabels 'False' -/noCallTreeReuse 'True' -/noInitPruning 'True' -/nonUniformUnfolding 'False' -/staticInlining 'True' -/trackAllVars 'False' -/useArrayTheoryCheck '1'  
11:38:07.375 [CLI TAE (Master Thread - #0)] ERROR c.u.c.b.a.t.b.c.CommandLineAlgorithmRun - The last 1 lines of output we saw were:
11:38:07.375 [CLI TAE (Master Thread - #0)] ERROR c.u.c.b.a.t.b.c.CommandLineAlgorithmRun - > Result for SMAC: CRASHED, 90000, 0, 0, -1
13:13:27.548 [CLI TAE (Master Thread - #0)] ERROR c.u.c.b.a.t.b.c.CommandLineAlgorithmRun - The following algorithm call failed: cd "/proj/SMACK/smac/example_scenarios/seq_rs" ;  ../wrapper.py /proj/SMACK/sv-benchmarks/c/seq-mthreaded/pals_lcr-var-start-time.6_false-unreach-call.1.ufo.BOUNDED-12.pals_true-termination.c 0 58.21466966380477 2147483647 -1 -/bopt:boolControlVC 'True' -/bopt:z3opt:SMT.MBQI 'False' -/deepAsserts 'True' -/di 'True' -/doNotUseLabels 'False' -/noCallTreeReuse 'False' -/noInitPruning 'False' -/nonUniformUnfolding 'True' -/staticInlining 'True' -/trackAllVars 'True' -/useArrayTheoryCheck '2'  
13:13:27.549 [CLI TAE (Master Thread - #0)] ERROR c.u.c.b.a.t.b.c.CommandLineAlgorithmRun - The last 1 lines of output we saw were:
13:13:27.549 [CLI TAE (Master Thread - #0)] ERROR c.u.c.b.a.t.b.c.CommandLineAlgorithmRun - > Result for SMAC: CRASHED, 90000, 0, 0, -1
15:55:01.305 [CLI TAE (Master Thread - #0)] ERROR c.u.c.b.a.t.b.c.CommandLineAlgorithmRun - The following algorithm call failed: cd "/proj/SMACK/smac/example_scenarios/seq_rs" ;  ../wrapper.py /proj/SMACK/sv-benchmarks/c/seq-mthreaded/pals_lcr-var-start-time.4_false-unreach-call.2.ufo.UNBOUNDED.pals.c 0 20.246768825101853 2147483647 -1 -/bopt:boolControlVC 'True' -/bopt:z3opt:SMT.MBQI 'True' -/bopt:z3opt:SMT.MBQI.MAX_ITERATIONS '21309' -/deepAsserts 'True' -/di 'True' -/doNotUseLabels 'True' -/noCallTreeReuse 'True' -/noInitPruning 'True' -/nonUniformUnfolding 'True' -/staticInlining 'True' -/trackAllVars 'True' -/useArrayTheoryCheck '1'  
15:55:01.306 [CLI TAE (Master Thread - #0)] ERROR c.u.c.b.a.t.b.c.CommandLineAlgorithmRun - The last 1 lines of output we saw were:
15:55:01.306 [CLI TAE (Master Thread - #0)] ERROR c.u.c.b.a.t.b.c.CommandLineAlgorithmRun - > Result for SMAC: CRASHED, 90000, 0, 0, -1
20:48:56.016 [CLI TAE (Master Thread - #0)] ERROR c.u.c.b.a.t.b.c.CommandLineAlgorithmRun - The following algorithm call failed: cd "/proj/SMACK/smac/example_scenarios/seq_rs" ;  ../wrapper.py /proj/SMACK/sv-benchmarks/c/seq-mthreaded/rekh_aso_true-unreach-call.2.M1.c 0 2000.0 2147483647 -1 -/bopt:boolControlVC 'False' -/bopt:z3opt:SMT.MBQI 'False' -/deepAsserts 'False' -/di 'True' -/doNotUseLabels 'True' -/noCallTreeReuse 'True' -/noInitPruning 'True' -/nonUniformUnfolding 'False' -/staticInlining 'False' -/trackAllVars 'True' -/useArrayTheoryCheck '2'  
20:48:56.017 [CLI TAE (Master Thread - #0)] ERROR c.u.c.b.a.t.b.c.CommandLineAlgorithmRun - The last 1 lines of output we saw were:
20:48:56.017 [CLI TAE (Master Thread - #0)] ERROR c.u.c.b.a.t.b.c.CommandLineAlgorithmRun - > Result for SMAC: CRASHED, 90000, 0, 0, -1
23:34:30.300 [CLI TAE (Master Thread - #0)] ERROR c.u.c.b.a.t.b.c.CommandLineAlgorithmRun - The following algorithm call failed: cd "/proj/SMACK/smac/example_scenarios/seq_rs" ;  ../wrapper.py /proj/SMACK/sv-benchmarks/c/seq-pthread/cs_sync_true-unreach-call.i 0 2000.0 2147483647 -1 -/bopt:boolControlVC 'False' -/bopt:z3opt:SMT.MBQI 'False' -/deepAsserts 'False' -/di 'False' -/doNotUseLabels 'False' -/noCallTreeReuse 'True' -/noInitPruning 'False' -/nonUniformUnfolding 'False' -/staticInlining 'True' -/trackAllVars 'False' -/useArrayTheoryCheck '0'  
23:34:30.300 [CLI TAE (Master Thread - #0)] ERROR c.u.c.b.a.t.b.c.CommandLineAlgorithmRun - The last 1 lines of output we saw were:
23:34:30.300 [CLI TAE (Master Thread - #0)] ERROR c.u.c.b.a.t.b.c.CommandLineAlgorithmRun - > Result for SMAC: CRASHED, 90000, 0, 0, -1
23:37:30.793 [CLI TAE Observer Threads (2-1)] WARN  c.u.c.b.a.t.d.s.TimingCheckerTargetAlgorithmEvaluator - We have been waiting for 180.101 seconds for a run that should have taken at most 53.756928153681756 seconds.
 The sample call for the run that is delayed is: cd "/proj/SMACK/smac/example_scenarios/seq_rs" ;  ../wrapper.py /proj/SMACK/sv-benchmarks/c/seq-mthreaded/rekcba_ctm_true-unreach-call.1_true-termination.c 0 53.756928153681756 2147483647 -1 -/bopt:boolControlVC 'False' -/bopt:z3opt:SMT.MBQI 'False' -/deepAsserts 'False' -/di 'False' -/doNotUseLabels 'False' -/noCallTreeReuse 'True' -/noInitPruning 'False' -/nonUniformUnfolding 'False' -/staticInlining 'True' -/trackAllVars 'False' -/useArrayTheoryCheck '0'  
23:43:56.713 [CLI TAE Observer Threads (2-1)] WARN  c.u.c.b.a.t.d.h.KillCaptimeExceedingRunsRunsTargetAlgorithmEvaluatorDecorator - Killed run <Instance:229, Seed:-1, Config:0x104B1F, Kappa:53.756928153681756, Execution Config: 0x0001> at 537.94225 for exceeding 10.0 times its cutoff time of 53.756928153681756 (secs)
00:18:58.165 [CLI TAE (Master Thread - #0)] ERROR c.u.c.b.a.t.b.c.CommandLineAlgorithmRun - The following algorithm call failed: cd "/proj/SMACK/smac/example_scenarios/seq_rs" ;  ../wrapper.py /proj/SMACK/sv-benchmarks/c/seq-mthreaded/pals_floodmax.4_overflow_false-unreach-call.ufo.UNBOUNDED.pals.c 0 2000.0 2147483647 -1 -/bopt:boolControlVC 'True' -/bopt:z3opt:SMT.MBQI 'False' -/deepAsserts 'False' -/di 'True' -/doNotUseLabels 'True' -/noCallTreeReuse 'True' -/noInitPruning 'False' -/nonUniformUnfolding 'False' -/staticInlining 'True' -/trackAllVars 'True' -/useArrayTheoryCheck '1'  
00:18:58.166 [CLI TAE (Master Thread - #0)] ERROR c.u.c.b.a.t.b.c.CommandLineAlgorithmRun - The last 1 lines of output we saw were:
00:18:58.166 [CLI TAE (Master Thread - #0)] ERROR c.u.c.b.a.t.b.c.CommandLineAlgorithmRun - > Result for SMAC: CRASHED, 90000, 0, 0, -1
00:19:05.693 [CLI TAE (Master Thread - #0)] ERROR c.u.c.b.a.t.b.c.CommandLineAlgorithmRun - The following algorithm call failed: cd "/proj/SMACK/smac/example_scenarios/seq_rs" ;  ../wrapper.py /proj/SMACK/sv-benchmarks/c/seq-mthreaded/pals_STARTPALS_ActiveStandby_false-unreach-call.4_2.ufo.BOUNDED-10.pals.c 0 53.47081095759869 2147483647 -1 -/bopt:boolControlVC 'True' -/bopt:z3opt:SMT.MBQI 'False' -/deepAsserts 'False' -/di 'True' -/doNotUseLabels 'True' -/noCallTreeReuse 'True' -/noInitPruning 'False' -/nonUniformUnfolding 'False' -/staticInlining 'True' -/trackAllVars 'True' -/useArrayTheoryCheck '1'  
00:19:05.694 [CLI TAE (Master Thread - #0)] ERROR c.u.c.b.a.t.b.c.CommandLineAlgorithmRun - The last 1 lines of output we saw were:
00:19:05.695 [CLI TAE (Master Thread - #0)] ERROR c.u.c.b.a.t.b.c.CommandLineAlgorithmRun - > Result for SMAC: CRASHED, 90000, 0, 0, -1
00:52:29.572 [CLI TAE (Master Thread - #0)] ERROR c.u.c.b.a.t.b.c.CommandLineAlgorithmRun - The following algorithm call failed: cd "/proj/SMACK/smac/example_scenarios/seq_rs" ;  ../wrapper.py /proj/SMACK/sv-benchmarks/c/systemc/pc_sfifo_2_true-unreach-call_false-termination.cil.c 0 2000.0 2147483647 -1 -/bopt:boolControlVC 'True' -/bopt:z3opt:SMT.MBQI 'True' -/bopt:z3opt:SMT.MBQI.MAX_ITERATIONS '17107' -/deepAsserts 'False' -/di 'False' -/doNotUseLabels 'True' -/noCallTreeReuse 'True' -/noInitPruning 'False' -/nonUniformUnfolding 'True' -/staticInlining 'True' -/trackAllVars 'False' -/useArrayTheoryCheck '0'  
00:52:29.573 [CLI TAE (Master Thread - #0)] ERROR c.u.c.b.a.t.b.c.CommandLineAlgorithmRun - The last 1 lines of output we saw were:
00:52:29.573 [CLI TAE (Master Thread - #0)] ERROR c.u.c.b.a.t.b.c.CommandLineAlgorithmRun - > Result for SMAC: CRASHED, 90000, 0, 0, -1
01:24:02.206 [CLI TAE (Master Thread - #0)] ERROR c.u.c.b.a.t.b.c.CommandLineAlgorithmRun - The following algorithm call failed: cd "/proj/SMACK/smac/example_scenarios/seq_rs" ;  ../wrapper.py /proj/SMACK/sv-benchmarks/c/seq-mthreaded/pals_opt-floodmax.4_false-unreach-call.2.ufo.UNBOUNDED.pals.c 0 26.05830280889869 2147483647 -1 -/bopt:boolControlVC 'True' -/bopt:z3opt:SMT.MBQI 'True' -/bopt:z3opt:SMT.MBQI.MAX_ITERATIONS '17107' -/deepAsserts 'False' -/di 'False' -/doNotUseLabels 'True' -/noCallTreeReuse 'True' -/noInitPruning 'False' -/nonUniformUnfolding 'True' -/staticInlining 'True' -/trackAllVars 'False' -/useArrayTheoryCheck '0'  
01:24:02.206 [CLI TAE (Master Thread - #0)] ERROR c.u.c.b.a.t.b.c.CommandLineAlgorithmRun - The last 1 lines of output we saw were:
01:24:02.207 [CLI TAE (Master Thread - #0)] ERROR c.u.c.b.a.t.b.c.CommandLineAlgorithmRun - > Result for SMAC: CRASHED, 90000, 0, 0, -1
10:26:32.147 [CLI TAE (Master Thread - #0)] ERROR c.u.c.b.a.t.b.c.CommandLineAlgorithmRun - The following algorithm call failed: cd "/proj/SMACK/smac/example_scenarios/seq_rs" ;  ../wrapper.py /proj/SMACK/sv-benchmarks/c/seq-mthreaded/pals_opt-floodmax.3_false-unreach-call.3.ufo.UNBOUNDED.pals.c 0 15.377001360404492 2147483647 -1 -/bopt:boolControlVC 'False' -/bopt:z3opt:SMT.MBQI 'False' -/deepAsserts 'True' -/di 'True' -/doNotUseLabels 'True' -/noCallTreeReuse 'False' -/noInitPruning 'False' -/nonUniformUnfolding 'False' -/staticInlining 'True' -/trackAllVars 'True' -/useArrayTheoryCheck '2'  
10:26:32.147 [CLI TAE (Master Thread - #0)] ERROR c.u.c.b.a.t.b.c.CommandLineAlgorithmRun - The last 1 lines of output we saw were:
10:26:32.147 [CLI TAE (Master Thread - #0)] ERROR c.u.c.b.a.t.b.c.CommandLineAlgorithmRun - > Result for SMAC: CRASHED, 90000, 0, 0, -1
12:55:18.388 [CLI TAE Observer Threads (2-1)] WARN  c.u.c.b.a.t.d.s.TimingCheckerTargetAlgorithmEvaluator - We have been waiting for 180.076 seconds for a run that should have taken at most 58.21207024936676 seconds.
 The sample call for the run that is delayed is: cd "/proj/SMACK/smac/example_scenarios/seq_rs" ;  ../wrapper.py /proj/SMACK/sv-benchmarks/c/seq-mthreaded/pals_lcr-var-start-time.6_false-unreach-call.1.ufo.BOUNDED-12.pals_true-termination.c 0 58.21207024936676 2147483647 -1 -/bopt:boolControlVC 'False' -/bopt:z3opt:SMT.MBQI 'True' -/bopt:z3opt:SMT.MBQI.MAX_ITERATIONS '13819' -/deepAsserts 'False' -/di 'True' -/doNotUseLabels 'False' -/noCallTreeReuse 'False' -/noInitPruning 'False' -/nonUniformUnfolding 'True' -/staticInlining 'False' -/trackAllVars 'False' -/useArrayTheoryCheck '1'  
15:24:20.970 [CLI TAE Observer Threads (2-2)] WARN  c.u.c.b.a.t.d.s.TimingCheckerTargetAlgorithmEvaluator - We have been waiting for 180.155 seconds for a run that should have taken at most 57.08883627166152 seconds.
 The sample call for the run that is delayed is: cd "/proj/SMACK/smac/example_scenarios/seq_rs" ;  ../wrapper.py /proj/SMACK/sv-benchmarks/c/seq-pthread/cs_sync_true-unreach-call.i 0 57.08883627166152 2147483647 -1 -/bopt:boolControlVC 'True' -/bopt:z3opt:SMT.MBQI 'False' -/deepAsserts 'True' -/di 'False' -/doNotUseLabels 'True' -/noCallTreeReuse 'True' -/noInitPruning 'False' -/nonUniformUnfolding 'False' -/staticInlining 'False' -/trackAllVars 'True' -/useArrayTheoryCheck '0'  
19:10:17.792 [CLI TAE (Master Thread - #0)] ERROR c.u.c.b.a.t.b.c.CommandLineAlgorithmRun - The following algorithm call failed: cd "/proj/SMACK/smac/example_scenarios/seq_rs" ;  ../wrapper.py /proj/SMACK/sv-benchmarks/c/seq-mthreaded/pals_floodmax.3_overflow_false-unreach-call.ufo.UNBOUNDED.pals.c 0 2000.0 2147483647 -1 -/bopt:boolControlVC 'True' -/bopt:z3opt:SMT.MBQI 'False' -/deepAsserts 'True' -/di 'True' -/doNotUseLabels 'True' -/noCallTreeReuse 'True' -/noInitPruning 'True' -/nonUniformUnfolding 'True' -/staticInlining 'True' -/trackAllVars 'True' -/useArrayTheoryCheck '0'  
19:10:17.794 [CLI TAE (Master Thread - #0)] ERROR c.u.c.b.a.t.b.c.CommandLineAlgorithmRun - The last 1 lines of output we saw were:
19:10:17.794 [CLI TAE (Master Thread - #0)] ERROR c.u.c.b.a.t.b.c.CommandLineAlgorithmRun - > Result for SMAC: CRASHED, 90000, 0, 0, -1
19:15:35.799 [CLI TAE (Master Thread - #0)] ERROR c.u.c.b.a.t.b.c.CommandLineAlgorithmRun - The following algorithm call failed: cd "/proj/SMACK/smac/example_scenarios/seq_rs" ;  ../wrapper.py /proj/SMACK/sv-benchmarks/c/seq-mthreaded/rekcba_aso_false-unreach-call.2.M1.c 0 2000.0 2147483647 -1 -/bopt:boolControlVC 'True' -/bopt:z3opt:SMT.MBQI 'False' -/deepAsserts 'True' -/di 'True' -/doNotUseLabels 'True' -/noCallTreeReuse 'True' -/noInitPruning 'True' -/nonUniformUnfolding 'True' -/staticInlining 'True' -/trackAllVars 'True' -/useArrayTheoryCheck '0'  
19:15:35.800 [CLI TAE (Master Thread - #0)] ERROR c.u.c.b.a.t.b.c.CommandLineAlgorithmRun - The last 1 lines of output we saw were:
19:15:35.802 [CLI TAE (Master Thread - #0)] ERROR c.u.c.b.a.t.b.c.CommandLineAlgorithmRun - > Result for SMAC: CRASHED, 90000, 0, 0, -1
19:47:08.961 [CLI TAE (Master Thread - #0)] ERROR c.u.c.b.a.t.b.c.CommandLineAlgorithmRun - The following algorithm call failed: cd "/proj/SMACK/smac/example_scenarios/seq_rs" ;  ../wrapper.py /proj/SMACK/sv-benchmarks/c/systemc/token_ring.01_false-unreach-call_false-termination.cil.c 0 2000.0 2147483647 -1 -/bopt:boolControlVC 'True' -/bopt:z3opt:SMT.MBQI 'False' -/deepAsserts 'True' -/di 'True' -/doNotUseLabels 'True' -/noCallTreeReuse 'True' -/noInitPruning 'True' -/nonUniformUnfolding 'True' -/staticInlining 'True' -/trackAllVars 'True' -/useArrayTheoryCheck '0'  
19:47:08.962 [CLI TAE (Master Thread - #0)] ERROR c.u.c.b.a.t.b.c.CommandLineAlgorithmRun - The last 1 lines of output we saw were:
19:47:08.962 [CLI TAE (Master Thread - #0)] ERROR c.u.c.b.a.t.b.c.CommandLineAlgorithmRun - > Result for SMAC: CRASHED, 90000, 0, 0, -1
19:50:09.471 [CLI TAE Observer Threads (2-2)] WARN  c.u.c.b.a.t.d.s.TimingCheckerTargetAlgorithmEvaluator - We have been waiting for 180.084 seconds for a run that should have taken at most 23.449755914855007 seconds.
 The sample call for the run that is delayed is: cd "/proj/SMACK/smac/example_scenarios/seq_rs" ;  ../wrapper.py /proj/SMACK/sv-benchmarks/c/seq-mthreaded/rekh_ctm_true-unreach-call.3_true-termination.c 0 23.449755914855007 2147483647 -1 -/bopt:boolControlVC 'True' -/bopt:z3opt:SMT.MBQI 'False' -/deepAsserts 'True' -/di 'True' -/doNotUseLabels 'True' -/noCallTreeReuse 'True' -/noInitPruning 'True' -/nonUniformUnfolding 'True' -/staticInlining 'True' -/trackAllVars 'True' -/useArrayTheoryCheck '0'  
19:51:16.566 [CLI TAE Observer Threads (2-2)] WARN  c.u.c.b.a.t.d.h.KillCaptimeExceedingRunsRunsTargetAlgorithmEvaluatorDecorator - Killed run <Instance:247, Seed:-1, Config:0x1DBDCA, Kappa:23.449755914855007, Execution Config: 0x0001> at 234.75639999999999 for exceeding 10.0 times its cutoff time of 23.449755914855007 (secs)
21:10:43.269 [CLI TAE (Master Thread - #0)] ERROR c.u.c.b.a.t.b.c.CommandLineAlgorithmRun - The following algorithm call failed: cd "/proj/SMACK/smac/example_scenarios/seq_rs" ;  ../wrapper.py /proj/SMACK/sv-benchmarks/c/seq-mthreaded/pals_STARTPALS_ActiveStandby_true-unreach-call.ufo.UNBOUNDED.pals.c 0 1147.1312530230462 2147483647 -1 -/bopt:boolControlVC 'True' -/bopt:z3opt:SMT.MBQI 'True' -/bopt:z3opt:SMT.MBQI.MAX_ITERATIONS '20156' -/deepAsserts 'False' -/di 'True' -/doNotUseLabels 'False' -/noCallTreeReuse 'True' -/noInitPruning 'False' -/nonUniformUnfolding 'True' -/staticInlining 'True' -/trackAllVars 'False' -/useArrayTheoryCheck '2'  
21:10:43.269 [CLI TAE (Master Thread - #0)] ERROR c.u.c.b.a.t.b.c.CommandLineAlgorithmRun - The last 1 lines of output we saw were:
21:10:43.269 [CLI TAE (Master Thread - #0)] ERROR c.u.c.b.a.t.b.c.CommandLineAlgorithmRun - > Result for SMAC: CRASHED, 90000, 0, 0, -1
21:44:32.852 [CLI TAE (Master Thread - #0)] ERROR c.u.c.b.a.t.b.c.CommandLineAlgorithmRun - The following algorithm call failed: cd "/proj/SMACK/smac/example_scenarios/seq_rs" ;  ../wrapper.py /proj/SMACK/sv-benchmarks/c/seq-pthread/cs_sync_true-unreach-call.i 0 2000.0 2147483647 -1 -/bopt:boolControlVC 'False' -/bopt:z3opt:SMT.MBQI 'True' -/bopt:z3opt:SMT.MBQI.MAX_ITERATIONS '4879' -/deepAsserts 'True' -/di 'False' -/doNotUseLabels 'False' -/noCallTreeReuse 'True' -/noInitPruning 'False' -/nonUniformUnfolding 'False' -/staticInlining 'True' -/trackAllVars 'False' -/useArrayTheoryCheck '1'  
21:44:32.853 [CLI TAE (Master Thread - #0)] ERROR c.u.c.b.a.t.b.c.CommandLineAlgorithmRun - The last 1 lines of output we saw were:
21:44:32.853 [CLI TAE (Master Thread - #0)] ERROR c.u.c.b.a.t.b.c.CommandLineAlgorithmRun - > Result for SMAC: CRASHED, 90000, 0, 0, -1
21:47:33.334 [CLI TAE Observer Threads (2-2)] WARN  c.u.c.b.a.t.d.s.TimingCheckerTargetAlgorithmEvaluator - We have been waiting for 180.16 seconds for a run that should have taken at most 53.756928153681756 seconds.
 The sample call for the run that is delayed is: cd "/proj/SMACK/smac/example_scenarios/seq_rs" ;  ../wrapper.py /proj/SMACK/sv-benchmarks/c/seq-mthreaded/rekh_nxt_true-unreach-call.2.M4.c 0 53.756928153681756 2147483647 -1 -/bopt:boolControlVC 'False' -/bopt:z3opt:SMT.MBQI 'True' -/bopt:z3opt:SMT.MBQI.MAX_ITERATIONS '4879' -/deepAsserts 'True' -/di 'False' -/doNotUseLabels 'False' -/noCallTreeReuse 'True' -/noInitPruning 'False' -/nonUniformUnfolding 'False' -/staticInlining 'True' -/trackAllVars 'False' -/useArrayTheoryCheck '1'  
21:53:59.251 [CLI TAE Observer Threads (2-2)] WARN  c.u.c.b.a.t.d.h.KillCaptimeExceedingRunsRunsTargetAlgorithmEvaluatorDecorator - Killed run <Instance:252, Seed:-1, Config:0x205870, Kappa:53.756928153681756, Execution Config: 0x0001> at 537.9925999999999 for exceeding 10.0 times its cutoff time of 53.756928153681756 (secs)
22:43:24.866 [CLI TAE (Master Thread - #0)] ERROR c.u.c.b.a.t.b.c.CommandLineAlgorithmRun - The following algorithm call failed: cd "/proj/SMACK/smac/example_scenarios/seq_rs" ;  ../wrapper.py /proj/SMACK/sv-benchmarks/c/seq-mthreaded/rekcba_nxt_false-unreach-call.2.M4.c 0 2000.0 2147483647 -1 -/bopt:boolControlVC 'False' -/bopt:z3opt:SMT.MBQI 'False' -/deepAsserts 'False' -/di 'True' -/doNotUseLabels 'True' -/noCallTreeReuse 'True' -/noInitPruning 'True' -/nonUniformUnfolding 'False' -/staticInlining 'False' -/trackAllVars 'False' -/useArrayTheoryCheck '2'  
22:43:24.871 [CLI TAE (Master Thread - #0)] ERROR c.u.c.b.a.t.b.c.CommandLineAlgorithmRun - The last 1 lines of output we saw were:
22:43:24.873 [CLI TAE (Master Thread - #0)] ERROR c.u.c.b.a.t.b.c.CommandLineAlgorithmRun - > Result for SMAC: CRASHED, 90000, 0, 0, -1
23:49:19.141 [CLI TAE Observer Threads (2-2)] WARN  c.u.c.b.a.t.d.s.TimingCheckerTargetAlgorithmEvaluator - We have been waiting for 180.075 seconds for a run that should have taken at most 53.756928153681756 seconds.
 The sample call for the run that is delayed is: cd "/proj/SMACK/smac/example_scenarios/seq_rs" ;  ../wrapper.py /proj/SMACK/sv-benchmarks/c/systemc/token_ring.08_true-unreach-call_false-termination.cil.c 0 53.756928153681756 2147483647 -1 -/bopt:boolControlVC 'False' -/bopt:z3opt:SMT.MBQI 'True' -/bopt:z3opt:SMT.MBQI.MAX_ITERATIONS '11530' -/deepAsserts 'True' -/di 'False' -/doNotUseLabels 'True' -/noCallTreeReuse 'False' -/noInitPruning 'True' -/nonUniformUnfolding 'True' -/staticInlining 'False' -/trackAllVars 'False' -/useArrayTheoryCheck '2'  
23:55:45.062 [CLI TAE Observer Threads (2-2)] WARN  c.u.c.b.a.t.d.h.KillCaptimeExceedingRunsRunsTargetAlgorithmEvaluatorDecorator - Killed run <Instance:56, Seed:-1, Config:0x223DE2, Kappa:53.756928153681756, Execution Config: 0x0001> at 537.9146999999999 for exceeding 10.0 times its cutoff time of 53.756928153681756 (secs)
00:30:39.631 [CLI TAE (Master Thread - #0)] ERROR c.u.c.b.a.t.b.c.CommandLineAlgorithmRun - The following algorithm call failed: cd "/proj/SMACK/smac/example_scenarios/seq_rs" ;  ../wrapper.py /proj/SMACK/sv-benchmarks/c/seq-mthreaded/rekcba_nxt_false-unreach-call.2.M4.c 0 2000.0 2147483647 -1 -/bopt:boolControlVC 'True' -/bopt:z3opt:SMT.MBQI 'False' -/deepAsserts 'False' -/di 'True' -/doNotUseLabels 'False' -/noCallTreeReuse 'True' -/noInitPruning 'False' -/nonUniformUnfolding 'False' -/staticInlining 'True' -/trackAllVars 'False' -/useArrayTheoryCheck '2'  
00:30:39.632 [CLI TAE (Master Thread - #0)] ERROR c.u.c.b.a.t.b.c.CommandLineAlgorithmRun - The last 1 lines of output we saw were:
00:30:39.632 [CLI TAE (Master Thread - #0)] ERROR c.u.c.b.a.t.b.c.CommandLineAlgorithmRun - > Result for SMAC: CRASHED, 90000, 0, 0, -1
00:30:45.677 [CLI TAE (Master Thread - #0)] ERROR c.u.c.b.a.t.b.c.CommandLineAlgorithmRun - The following algorithm call failed: cd "/proj/SMACK/smac/example_scenarios/seq_rs" ;  ../wrapper.py /proj/SMACK/sv-benchmarks/c/seq-mthreaded/pals_STARTPALS_Triplicated_false-unreach-call.2.ufo.UNBOUNDED.pals.c 0 2000.0 2147483647 -1 -/bopt:boolControlVC 'True' -/bopt:z3opt:SMT.MBQI 'False' -/deepAsserts 'False' -/di 'True' -/doNotUseLabels 'False' -/noCallTreeReuse 'True' -/noInitPruning 'False' -/nonUniformUnfolding 'False' -/staticInlining 'True' -/trackAllVars 'False' -/useArrayTheoryCheck '2'  
00:30:45.677 [CLI TAE (Master Thread - #0)] ERROR c.u.c.b.a.t.b.c.CommandLineAlgorithmRun - The last 1 lines of output we saw were:
00:30:45.677 [CLI TAE (Master Thread - #0)] ERROR c.u.c.b.a.t.b.c.CommandLineAlgorithmRun - > Result for SMAC: CRASHED, 90000, 0, 0, -1
00:30:51.575 [CLI TAE (Master Thread - #0)] ERROR c.u.c.b.a.t.b.c.CommandLineAlgorithmRun - The following algorithm call failed: cd "/proj/SMACK/smac/example_scenarios/seq_rs" ;  ../wrapper.py /proj/SMACK/sv-benchmarks/c/seq-mthreaded/pals_lcr.5_true-unreach-call.ufo.UNBOUNDED.pals.c 0 19.417674269872904 2147483647 -1 -/bopt:boolControlVC 'True' -/bopt:z3opt:SMT.MBQI 'False' -/deepAsserts 'False' -/di 'True' -/doNotUseLabels 'False' -/noCallTreeReuse 'True' -/noInitPruning 'False' -/nonUniformUnfolding 'False' -/staticInlining 'True' -/trackAllVars 'False' -/useArrayTheoryCheck '2'  
00:30:51.576 [CLI TAE (Master Thread - #0)] ERROR c.u.c.b.a.t.b.c.CommandLineAlgorithmRun - The last 1 lines of output we saw were:
00:30:51.576 [CLI TAE (Master Thread - #0)] ERROR c.u.c.b.a.t.b.c.CommandLineAlgorithmRun - > Result for SMAC: CRASHED, 90000, 0, 0, -1
02:55:56.604 [CLI TAE (Master Thread - #0)] ERROR c.u.c.b.a.t.b.c.CommandLineAlgorithmRun - The following algorithm call failed: cd "/proj/SMACK/smac/example_scenarios/seq_rs" ;  ../wrapper.py /proj/SMACK/sv-benchmarks/c/seq-mthreaded/pals_lcr-var-start-time.5_false-unreach-call.2.ufo.UNBOUNDED.pals.c 0 37.2923351715982 2147483647 -1 -/bopt:boolControlVC 'True' -/bopt:z3opt:SMT.MBQI 'True' -/bopt:z3opt:SMT.MBQI.MAX_ITERATIONS '5940' -/deepAsserts 'False' -/di 'True' -/doNotUseLabels 'False' -/noCallTreeReuse 'False' -/noInitPruning 'False' -/nonUniformUnfolding 'False' -/staticInlining 'True' -/trackAllVars 'False' -/useArrayTheoryCheck '2'  
02:55:56.605 [CLI TAE (Master Thread - #0)] ERROR c.u.c.b.a.t.b.c.CommandLineAlgorithmRun - The last 1 lines of output we saw were:
02:55:56.605 [CLI TAE (Master Thread - #0)] ERROR c.u.c.b.a.t.b.c.CommandLineAlgorithmRun - > Result for SMAC: CRASHED, 90000, 0, 0, -1
04:03:06.516 [CLI TAE (Master Thread - #0)] ERROR c.u.c.b.a.t.b.c.CommandLineAlgorithmRun - The following algorithm call failed: cd "/proj/SMACK/smac/example_scenarios/seq_rs" ;  ../wrapper.py /proj/SMACK/sv-benchmarks/c/systemc/toy_true-unreach-call_false-termination.cil.c 0 2000.0 2147483647 -1 -/bopt:boolControlVC 'True' -/bopt:z3opt:SMT.MBQI 'False' -/deepAsserts 'True' -/di 'True' -/doNotUseLabels 'True' -/noCallTreeReuse 'False' -/noInitPruning 'False' -/nonUniformUnfolding 'True' -/staticInlining 'True' -/trackAllVars 'False' -/useArrayTheoryCheck '1'  
04:03:06.517 [CLI TAE (Master Thread - #0)] ERROR c.u.c.b.a.t.b.c.CommandLineAlgorithmRun - The last 1 lines of output we saw were:
04:03:06.517 [CLI TAE (Master Thread - #0)] ERROR c.u.c.b.a.t.b.c.CommandLineAlgorithmRun - > Result for SMAC: CRASHED, 90000, 0, 0, -1
04:03:13.573 [CLI TAE (Master Thread - #0)] ERROR c.u.c.b.a.t.b.c.CommandLineAlgorithmRun - The following algorithm call failed: cd "/proj/SMACK/smac/example_scenarios/seq_rs" ;  ../wrapper.py /proj/SMACK/sv-benchmarks/c/seq-mthreaded/pals_opt-floodmax.4_false-unreach-call.2.ufo.UNBOUNDED.pals.c 0 550.207948208201 2147483647 -1 -/bopt:boolControlVC 'True' -/bopt:z3opt:SMT.MBQI 'False' -/deepAsserts 'True' -/di 'True' -/doNotUseLabels 'True' -/noCallTreeReuse 'False' -/noInitPruning 'False' -/nonUniformUnfolding 'True' -/staticInlining 'True' -/trackAllVars 'False' -/useArrayTheoryCheck '1'  
04:03:13.574 [CLI TAE (Master Thread - #0)] ERROR c.u.c.b.a.t.b.c.CommandLineAlgorithmRun - The last 1 lines of output we saw were:
04:03:13.574 [CLI TAE (Master Thread - #0)] ERROR c.u.c.b.a.t.b.c.CommandLineAlgorithmRun - > Result for SMAC: CRASHED, 90000, 0, 0, -1
05:08:28.320 [CLI TAE (Master Thread - #0)] ERROR c.u.c.b.a.t.b.c.CommandLineAlgorithmRun - The following algorithm call failed: cd "/proj/SMACK/smac/example_scenarios/seq_rs" ;  ../wrapper.py /proj/SMACK/sv-benchmarks/c/seq-mthreaded/pals_lcr-var-start-time.6_false-unreach-call.1.ufo.BOUNDED-12.pals_true-termination.c 0 58.21207024936676 2147483647 -1 -/bopt:boolControlVC 'False' -/bopt:z3opt:SMT.MBQI 'True' -/bopt:z3opt:SMT.MBQI.MAX_ITERATIONS '27876' -/deepAsserts 'True' -/di 'True' -/doNotUseLabels 'True' -/noCallTreeReuse 'True' -/noInitPruning 'True' -/nonUniformUnfolding 'True' -/staticInlining 'True' -/trackAllVars 'False' -/useArrayTheoryCheck '1'  
05:08:28.321 [CLI TAE (Master Thread - #0)] ERROR c.u.c.b.a.t.b.c.CommandLineAlgorithmRun - The last 1 lines of output we saw were:
05:08:28.321 [CLI TAE (Master Thread - #0)] ERROR c.u.c.b.a.t.b.c.CommandLineAlgorithmRun - > Result for SMAC: CRASHED, 90000, 0, 0, -1
09:45:01.526 [CLI TAE (Master Thread - #0)] ERROR c.u.c.b.a.t.b.c.CommandLineAlgorithmRun - The following algorithm call failed: cd "/proj/SMACK/smac/example_scenarios/seq_rs" ;  ../wrapper.py /proj/SMACK/sv-benchmarks/c/seq-mthreaded/pals_floodmax.3_false-unreach-call.2.ufo.UNBOUNDED.pals.c 0 17.59511426870823 2147483647 -1 -/bopt:boolControlVC 'False' -/bopt:z3opt:SMT.MBQI 'True' -/bopt:z3opt:SMT.MBQI.MAX_ITERATIONS '4109' -/deepAsserts 'True' -/di 'True' -/doNotUseLabels 'False' -/noCallTreeReuse 'False' -/noInitPruning 'True' -/nonUniformUnfolding 'False' -/staticInlining 'True' -/trackAllVars 'True' -/useArrayTheoryCheck '2'  
09:45:01.527 [CLI TAE (Master Thread - #0)] ERROR c.u.c.b.a.t.b.c.CommandLineAlgorithmRun - The last 1 lines of output we saw were:
09:45:01.527 [CLI TAE (Master Thread - #0)] ERROR c.u.c.b.a.t.b.c.CommandLineAlgorithmRun - > Result for SMAC: CRASHED, 90000, 0, 0, -1
09:47:40.010 [CLI TAE Observer Threads (2-2)] WARN  c.u.c.b.a.t.d.h.KillCaptimeExceedingRunsRunsTargetAlgorithmEvaluatorDecorator - Killed run <Instance:265, Seed:-1, Config:0x2C6749, Kappa:8.213007904934884, Execution Config: 0x0001> at 82.21300000000001 for exceeding 10.0 times its cutoff time of 8.213007904934884 (secs)
10:47:12.891 [CLI TAE Observer Threads (2-2)] WARN  c.u.c.b.a.t.d.s.TimingCheckerTargetAlgorithmEvaluator - We have been waiting for 1575.464 seconds for a run that should have taken at most 525.1522457118809 seconds.
 The sample call for the run that is delayed is: cd "/proj/SMACK/smac/example_scenarios/seq_rs" ;  ../wrapper.py /proj/SMACK/sv-benchmarks/c/seq-mthreaded/pals_floodmax.5_false-unreach-call.4.ufo.BOUNDED-10.pals_true-termination.c 0 525.1522457118809 2147483647 -1 -/bopt:boolControlVC 'True' -/bopt:z3opt:SMT.MBQI 'False' -/deepAsserts 'True' -/di 'False' -/doNotUseLabels 'True' -/noCallTreeReuse 'True' -/noInitPruning 'True' -/nonUniformUnfolding 'True' -/staticInlining 'False' -/trackAllVars 'False' -/useArrayTheoryCheck '0'  
10:52:50.387 [CLI TAE Callback Threads (3-188)] WARN  c.u.c.b.a.t.d.s.TimingCheckerTargetAlgorithmEvaluator - Algorithm Run Result reported wallclock time of 1913.344 (secs) that exceeded it's cutoff time of 525.1522457118809 (secs) by 1388.1917542881192 (secs). Next warning at 1389.1917542881192 (secs)  
13:03:34.207 [CLI TAE (Master Thread - #0)] ERROR c.u.c.b.a.t.b.c.CommandLineAlgorithmRun - The following algorithm call failed: cd "/proj/SMACK/smac/example_scenarios/seq_rs" ;  ../wrapper.py /proj/SMACK/sv-benchmarks/c/seq-mthreaded/pals_opt-floodmax.3_false-unreach-call.3.ufo.BOUNDED-6.pals_true-termination.c 0 2000.0 2147483647 -1 -/bopt:boolControlVC 'False' -/bopt:z3opt:SMT.MBQI 'False' -/deepAsserts 'False' -/di 'False' -/doNotUseLabels 'False' -/noCallTreeReuse 'False' -/noInitPruning 'True' -/nonUniformUnfolding 'False' -/staticInlining 'True' -/trackAllVars 'True' -/useArrayTheoryCheck '2'  
13:03:34.208 [CLI TAE (Master Thread - #0)] ERROR c.u.c.b.a.t.b.c.CommandLineAlgorithmRun - The last 1 lines of output we saw were:
13:03:34.208 [CLI TAE (Master Thread - #0)] ERROR c.u.c.b.a.t.b.c.CommandLineAlgorithmRun - > Result for SMAC: CRASHED, 90000, 0, 0, -1
13:06:10.795 [CLI TAE Observer Threads (2-3)] WARN  c.u.c.b.a.t.d.h.KillCaptimeExceedingRunsRunsTargetAlgorithmEvaluatorDecorator - Killed run <Instance:251, Seed:-1, Config:0x2F80AD, Kappa:14.827561181384326, Execution Config: 0x0001> at 148.30925 for exceeding 10.0 times its cutoff time of 14.827561181384326 (secs)
14:11:34.265 [CLI TAE Observer Threads (2-3)] WARN  c.u.c.b.a.t.d.h.KillCaptimeExceedingRunsRunsTargetAlgorithmEvaluatorDecorator - Killed run <Instance:148, Seed:-1, Config:0x301BC0, Kappa:12.95440764014721, Execution Config: 0x0001> at 129.73579999999998 for exceeding 10.0 times its cutoff time of 12.95440764014721 (secs)
14:11:41.178 [CLI TAE (Master Thread - #0)] ERROR c.u.c.b.a.t.b.c.CommandLineAlgorithmRun - The following algorithm call failed: cd "/proj/SMACK/smac/example_scenarios/seq_rs" ;  ../wrapper.py /proj/SMACK/sv-benchmarks/c/seq-mthreaded/pals_STARTPALS_Triplicated_false-unreach-call.2.ufo.UNBOUNDED.pals.c 0 19.415073644715548 2147483647 -1 -/bopt:boolControlVC 'True' -/bopt:z3opt:SMT.MBQI 'True' -/bopt:z3opt:SMT.MBQI.MAX_ITERATIONS '19409' -/deepAsserts 'True' -/di 'False' -/doNotUseLabels 'False' -/noCallTreeReuse 'True' -/noInitPruning 'False' -/nonUniformUnfolding 'False' -/staticInlining 'True' -/trackAllVars 'True' -/useArrayTheoryCheck '2'  
14:11:41.178 [CLI TAE (Master Thread - #0)] ERROR c.u.c.b.a.t.b.c.CommandLineAlgorithmRun - The last 1 lines of output we saw were:
14:11:41.178 [CLI TAE (Master Thread - #0)] ERROR c.u.c.b.a.t.b.c.CommandLineAlgorithmRun - > Result for SMAC: CRASHED, 90000, 0, 0, -1
14:49:41.116 [CLI TAE Observer Threads (2-3)] WARN  c.u.c.b.a.t.d.s.TimingCheckerTargetAlgorithmEvaluator - We have been waiting for 303.124 seconds for a run that should have taken at most 100.9066073115647 seconds.
 The sample call for the run that is delayed is: cd "/proj/SMACK/smac/example_scenarios/seq_rs" ;  ../wrapper.py /proj/SMACK/sv-benchmarks/c/systemc/token_ring.14_false-unreach-call_false-termination.cil.c 0 100.9066073115647 2147483647 -1 -/bopt:boolControlVC 'True' -/bopt:z3opt:SMT.MBQI 'False' -/deepAsserts 'False' -/di 'True' -/doNotUseLabels 'True' -/noCallTreeReuse 'False' -/noInitPruning 'True' -/nonUniformUnfolding 'False' -/staticInlining 'False' -/trackAllVars 'False' -/useArrayTheoryCheck '1'  
15:52:20.778 [CLI TAE Observer Threads (2-3)] WARN  c.u.c.b.a.t.d.s.TimingCheckerTargetAlgorithmEvaluator - We have been waiting for 1575.553 seconds for a run that should have taken at most 525.1522457118809 seconds.
 The sample call for the run that is delayed is: cd "/proj/SMACK/smac/example_scenarios/seq_rs" ;  ../wrapper.py /proj/SMACK/sv-benchmarks/c/seq-mthreaded/pals_floodmax.5_false-unreach-call.4.ufo.BOUNDED-10.pals_true-termination.c 0 525.1522457118809 2147483647 -1 -/bopt:boolControlVC 'True' -/bopt:z3opt:SMT.MBQI 'False' -/deepAsserts 'False' -/di 'False' -/doNotUseLabels 'False' -/noCallTreeReuse 'False' -/noInitPruning 'False' -/nonUniformUnfolding 'False' -/staticInlining 'False' -/trackAllVars 'False' -/useArrayTheoryCheck '1'  
21:50:29.526 [CLI TAE (Master Thread - #0)] ERROR c.u.c.b.a.t.b.c.CommandLineAlgorithmRun - The following algorithm call failed: cd "/proj/SMACK/smac/example_scenarios/seq_rs" ;  ../wrapper.py /proj/SMACK/sv-benchmarks/c/seq-mthreaded/pals_STARTPALS_ActiveStandby_false-unreach-call.1.ufo.BOUNDED-10.pals.c 0 14.456468437212706 2147483647 -1 -/bopt:boolControlVC 'True' -/bopt:z3opt:SMT.MBQI 'True' -/bopt:z3opt:SMT.MBQI.MAX_ITERATIONS '13608' -/deepAsserts 'True' -/di 'True' -/doNotUseLabels 'False' -/noCallTreeReuse 'False' -/noInitPruning 'True' -/nonUniformUnfolding 'False' -/staticInlining 'True' -/trackAllVars 'False' -/useArrayTheoryCheck '1'  
21:50:29.526 [CLI TAE (Master Thread - #0)] ERROR c.u.c.b.a.t.b.c.CommandLineAlgorithmRun - The last 1 lines of output we saw were:
21:50:29.526 [CLI TAE (Master Thread - #0)] ERROR c.u.c.b.a.t.b.c.CommandLineAlgorithmRun - > Result for SMAC: CRASHED, 90000, 0, 0, -1
00:31:53.876 [CLI TAE Observer Threads (2-3)] WARN  c.u.c.b.a.t.d.h.KillCaptimeExceedingRunsRunsTargetAlgorithmEvaluatorDecorator - Killed run <Instance:121, Seed:-1, Config:0x3C00C8, Kappa:14.854953706610203, Execution Config: 0x0001> at 148.74814999999998 for exceeding 10.0 times its cutoff time of 14.854953706610203 (secs)
01:26:24.810 [CLI TAE Observer Threads (2-3)] WARN  c.u.c.b.a.t.d.s.TimingCheckerTargetAlgorithmEvaluator - We have been waiting for 1096.939 seconds for a run that should have taken at most 365.6281635988235 seconds.
 The sample call for the run that is delayed is: cd "/proj/SMACK/smac/example_scenarios/seq_rs" ;  ../wrapper.py /proj/SMACK/sv-benchmarks/c/seq-mthreaded/pals_floodmax.5_false-unreach-call.4.ufo.BOUNDED-10.pals_true-termination.c 0 365.6281635988235 2147483647 -1 -/bopt:boolControlVC 'False' -/bopt:z3opt:SMT.MBQI 'False' -/deepAsserts 'True' -/di 'False' -/doNotUseLabels 'True' -/noCallTreeReuse 'False' -/noInitPruning 'True' -/nonUniformUnfolding 'False' -/staticInlining 'False' -/trackAllVars 'False' -/useArrayTheoryCheck '2'  
01:39:30.148 [CLI TAE Callback Threads (3-229)] WARN  c.u.c.b.a.t.d.s.TimingCheckerTargetAlgorithmEvaluator - Algorithm Run Result reported wallclock time of 1882.717 (secs) that exceeded it's cutoff time of 365.6281635988235 (secs) by 1517.0888364011766 (secs). Next warning at 1518.0888364011766 (secs)  
02:15:04.104 [CLI TAE Observer Threads (2-3)] WARN  c.u.c.b.a.t.d.s.TimingCheckerTargetAlgorithmEvaluator - We have been waiting for 180.07 seconds for a run that should have taken at most 58.706724167215825 seconds.
 The sample call for the run that is delayed is: cd "/proj/SMACK/smac/example_scenarios/seq_rs" ;  ../wrapper.py /proj/SMACK/sv-benchmarks/c/seq-mthreaded/pals_floodmax.3_false-unreach-call.2.ufo.UNBOUNDED.pals.c 0 58.706724167215825 2147483647 -1 -/bopt:boolControlVC 'True' -/bopt:z3opt:SMT.MBQI 'True' -/bopt:z3opt:SMT.MBQI.MAX_ITERATIONS '18617' -/deepAsserts 'True' -/di 'False' -/doNotUseLabels 'True' -/noCallTreeReuse 'False' -/noInitPruning 'True' -/nonUniformUnfolding 'True' -/staticInlining 'False' -/trackAllVars 'True' -/useArrayTheoryCheck '2'  
02:22:22.298 [CLI TAE Observer Threads (2-3)] WARN  c.u.c.b.a.t.d.h.KillCaptimeExceedingRunsRunsTargetAlgorithmEvaluatorDecorator - Killed run <Instance:78, Seed:-1, Config:0x3D431C, Kappa:58.706724167215825, Execution Config: 0x0001> at 587.39165 for exceeding 10.0 times its cutoff time of 58.706724167215825 (secs)
02:31:16.423 [CLI TAE Observer Threads (2-3)] WARN  c.u.c.b.a.t.d.s.TimingCheckerTargetAlgorithmEvaluator - We have been waiting for 180.082 seconds for a run that should have taken at most 35.09848871116638 seconds.
 The sample call for the run that is delayed is: cd "/proj/SMACK/smac/example_scenarios/seq_rs" ;  ../wrapper.py /proj/SMACK/sv-benchmarks/c/seq-pthread/cs_stateful_true-unreach-call.i 0 35.09848871116638 2147483647 -1 -/bopt:boolControlVC 'True' -/bopt:z3opt:SMT.MBQI 'False' -/deepAsserts 'False' -/di 'True' -/doNotUseLabels 'False' -/noCallTreeReuse 'True' -/noInitPruning 'False' -/nonUniformUnfolding 'True' -/staticInlining 'True' -/trackAllVars 'False' -/useArrayTheoryCheck '1'  
02:31:20.291 [CLI TAE (Master Thread - #0)] ERROR c.u.c.b.a.t.b.c.CommandLineAlgorithmRun - The following algorithm call failed: cd "/proj/SMACK/smac/example_scenarios/seq_rs" ;  ../wrapper.py /proj/SMACK/sv-benchmarks/c/seq-pthread/cs_stateful_true-unreach-call.i 0 35.09848871116638 2147483647 -1 -/bopt:boolControlVC 'True' -/bopt:z3opt:SMT.MBQI 'False' -/deepAsserts 'False' -/di 'True' -/doNotUseLabels 'False' -/noCallTreeReuse 'True' -/noInitPruning 'False' -/nonUniformUnfolding 'True' -/staticInlining 'True' -/trackAllVars 'False' -/useArrayTheoryCheck '1'  
02:31:20.291 [CLI TAE (Master Thread - #0)] ERROR c.u.c.b.a.t.b.c.CommandLineAlgorithmRun - The last 1 lines of output we saw were:
02:31:20.291 [CLI TAE (Master Thread - #0)] ERROR c.u.c.b.a.t.b.c.CommandLineAlgorithmRun - > Result for SMAC: CRASHED, 90000, 0, 0, -1
03:16:01.729 [CLI TAE (Master Thread - #0)] ERROR c.u.c.b.a.t.b.c.CommandLineAlgorithmRun - The following algorithm call failed: cd "/proj/SMACK/smac/example_scenarios/seq_rs" ;  ../wrapper.py /proj/SMACK/sv-benchmarks/c/seq-mthreaded/rekh_aso_false-unreach-call.2.M1.c 0 2000.0 2147483647 -1 -/bopt:boolControlVC 'False' -/bopt:z3opt:SMT.MBQI 'False' -/deepAsserts 'False' -/di 'True' -/doNotUseLabels 'True' -/noCallTreeReuse 'True' -/noInitPruning 'False' -/nonUniformUnfolding 'False' -/staticInlining 'False' -/trackAllVars 'True' -/useArrayTheoryCheck '2'  
03:16:01.730 [CLI TAE (Master Thread - #0)] ERROR c.u.c.b.a.t.b.c.CommandLineAlgorithmRun - The last 1 lines of output we saw were:
03:16:01.730 [CLI TAE (Master Thread - #0)] ERROR c.u.c.b.a.t.b.c.CommandLineAlgorithmRun - > Result for SMAC: CRASHED, 90000, 0, 0, -1
06:33:18.966 [CLI TAE (Master Thread - #0)] ERROR c.u.c.b.a.t.b.c.CommandLineAlgorithmRun - The following algorithm call failed: cd "/proj/SMACK/smac/example_scenarios/seq_rs" ;  ../wrapper.py /proj/SMACK/sv-benchmarks/c/seq-mthreaded/pals_lcr.7_false-unreach-call.1.ufo.BOUNDED-14.pals_true-termination.c 0 71.8907737996161 2147483647 -1 -/bopt:boolControlVC 'True' -/bopt:z3opt:SMT.MBQI 'False' -/deepAsserts 'False' -/di 'True' -/doNotUseLabels 'False' -/noCallTreeReuse 'False' -/noInitPruning 'False' -/nonUniformUnfolding 'False' -/staticInlining 'True' -/trackAllVars 'False' -/useArrayTheoryCheck '1'  
06:33:18.966 [CLI TAE (Master Thread - #0)] ERROR c.u.c.b.a.t.b.c.CommandLineAlgorithmRun - The last 1 lines of output we saw were:
06:33:18.966 [CLI TAE (Master Thread - #0)] ERROR c.u.c.b.a.t.b.c.CommandLineAlgorithmRun - > Result for SMAC: CRASHED, 90000, 0, 0, -1
06:36:10.195 [CLI TAE (Master Thread - #0)] ERROR c.u.c.b.a.t.b.c.CommandLineAlgorithmRun - The following algorithm call failed: cd "/proj/SMACK/smac/example_scenarios/seq_rs" ;  ../wrapper.py /proj/SMACK/sv-benchmarks/c/systemc/transmitter.11_false-unreach-call_false-termination.cil.c 0 35.99724684690237 2147483647 -1 -/bopt:boolControlVC 'True' -/bopt:z3opt:SMT.MBQI 'True' -/bopt:z3opt:SMT.MBQI.MAX_ITERATIONS '27160' -/deepAsserts 'True' -/di 'True' -/doNotUseLabels 'True' -/noCallTreeReuse 'True' -/noInitPruning 'False' -/nonUniformUnfolding 'False' -/staticInlining 'True' -/trackAllVars 'True' -/useArrayTheoryCheck '2'  
06:36:10.196 [CLI TAE (Master Thread - #0)] ERROR c.u.c.b.a.t.b.c.CommandLineAlgorithmRun - The last 1 lines of output we saw were:
06:36:10.196 [CLI TAE (Master Thread - #0)] ERROR c.u.c.b.a.t.b.c.CommandLineAlgorithmRun - > Result for SMAC: CRASHED, 90000, 0, 0, -1
08:24:41.492 [CLI TAE Observer Threads (2-3)] WARN  c.u.c.b.a.t.d.s.TimingCheckerTargetAlgorithmEvaluator - We have been waiting for 1694.351 seconds for a run that should have taken at most 564.730696276176 seconds.
 The sample call for the run that is delayed is: cd "/proj/SMACK/smac/example_scenarios/seq_rs" ;  ../wrapper.py /proj/SMACK/sv-benchmarks/c/seq-mthreaded/rekcba_nxt_false-unreach-call.2.M1.c 0 564.730696276176 2147483647 -1 -/bopt:boolControlVC 'False' -/bopt:z3opt:SMT.MBQI 'False' -/deepAsserts 'False' -/di 'False' -/doNotUseLabels 'True' -/noCallTreeReuse 'True' -/noInitPruning 'False' -/nonUniformUnfolding 'True' -/staticInlining 'False' -/trackAllVars 'True' -/useArrayTheoryCheck '1'  
11:46:35.417 [CLI TAE (Master Thread - #0)] ERROR c.u.c.b.a.t.b.c.CommandLineAlgorithmRun - The following algorithm call failed: cd "/proj/SMACK/smac/example_scenarios/seq_rs" ;  ../wrapper.py /proj/SMACK/sv-benchmarks/c/systemc/pipeline_false-unreach-call_false-termination.cil.c 0 47.649908427494765 2147483647 -1 -/bopt:boolControlVC 'False' -/bopt:z3opt:SMT.MBQI 'False' -/deepAsserts 'True' -/di 'True' -/doNotUseLabels 'True' -/noCallTreeReuse 'True' -/noInitPruning 'True' -/nonUniformUnfolding 'False' -/staticInlining 'True' -/trackAllVars 'False' -/useArrayTheoryCheck '0'  
11:46:35.418 [CLI TAE (Master Thread - #0)] ERROR c.u.c.b.a.t.b.c.CommandLineAlgorithmRun - The last 1 lines of output we saw were:
11:46:35.423 [CLI TAE (Master Thread - #0)] ERROR c.u.c.b.a.t.b.c.CommandLineAlgorithmRun - > Result for SMAC: CRASHED, 90000, 0, 0, -1
