# JRE version: OpenJDK Runtime Environment (8.0_171-b11) (build 1.8.0_171-8u171-b11-2~14.04-b11)
# Java VM: OpenJDK 64-Bit Server VM (25.171-b11 mixed mode linux-amd64 compressed oops)
Heap:
 PSYoungGen      total 272896K, used 0K [0x00000000eab00000, 0x0000000100000000, 0x0000000100000000)
  eden space 196608K, 0% used [0x00000000eab00000,0x00000000eab00000,0x00000000f6b00000)
  from space 76288K, 0% used [0x00000000fb580000,0x00000000fb580000,0x0000000100000000)
  to   space 76288K, 0% used [0x00000000f6b00000,0x00000000f6b00000,0x00000000fb580000)
 ParOldGen       total 640512K, used 545632K [0x00000000c0000000, 0x00000000e7180000, 0x00000000eab00000)
  object space 640512K, 85% used [0x00000000c0000000,0x00000000e14d8080,0x00000000e7180000)
 Metaspace       used 16294K, capacity 16529K, committed 16768K, reserved 1064960K
  class space    used 1781K, capacity 1858K, committed 1920K, reserved 1048576K
GC Heap History (10 events):
Event: 38325.990 GC heap after
Heap after GC invocations=78 (full 2):
 PSYoungGen      total 272896K, used 7684K [0x00000000eab00000, 0x0000000100000000, 0x0000000100000000)
  eden space 205824K, 0% used [0x00000000eab00000,0x00000000eab00000,0x00000000f7400000)
  from space 67072K, 11% used [0x00000000fbb00000,0x00000000fc281080,0x00000000ffc80000)
  to   space 71680K, 0% used [0x00000000f7400000,0x00000000f7400000,0x00000000fba00000)
 ParOldGen       total 640512K, used 592104K [0x00000000c0000000, 0x00000000e7180000, 0x00000000eab00000)
  object space 640512K, 92% used [0x00000000c0000000,0x00000000e423a0d8,0x00000000e7180000)
 Metaspace       used 16293K, capacity 16529K, committed 16768K, reserved 1064960K
  class space    used 1781K, capacity 1858K, committed 1920K, reserved 1048576K
}
Event: 38328.155 GC heap before
{Heap before GC invocations=79 (full 2):
 PSYoungGen      total 272896K, used 213508K [0x00000000eab00000, 0x0000000100000000, 0x0000000100000000)
  eden space 205824K, 100% used [0x00000000eab00000,0x00000000f7400000,0x00000000f7400000)
  from space 67072K, 11% used [0x00000000fbb00000,0x00000000fc281080,0x00000000ffc80000)
  to   space 71680K, 0% used [0x00000000f7400000,0x00000000f7400000,0x00000000fba00000)
 ParOldGen       total 640512K, used 592104K [0x00000000c0000000, 0x00000000e7180000, 0x00000000eab00000)
  object space 640512K, 92% used [0x00000000c0000000,0x00000000e423a0d8,0x00000000e7180000)
 Metaspace       used 16294K, capacity 16529K, committed 16768K, reserved 1064960K
  class space    used 1781K, capacity 1858K, committed 1920K, reserved 1048576K
Event: 38328.181 GC heap after
Heap after GC invocations=79 (full 2):
 PSYoungGen      total 218112K, used 11956K [0x00000000eab00000, 0x0000000100000000, 0x0000000100000000)
  eden space 205824K, 0% used [0x00000000eab00000,0x00000000eab00000,0x00000000f7400000)
  from space 12288K, 97% used [0x00000000f7400000,0x00000000f7fad1b0,0x00000000f8000000)
  to   space 73728K, 0% used [0x00000000fb800000,0x00000000fb800000,0x0000000100000000)
 ParOldGen       total 640512K, used 599473K [0x00000000c0000000, 0x00000000e7180000, 0x00000000eab00000)
  object space 640512K, 93% used [0x00000000c0000000,0x00000000e496c738,0x00000000e7180000)
 Metaspace       used 16294K, capacity 16529K, committed 16768K, reserved 1064960K
  class space    used 1781K, capacity 1858K, committed 1920K, reserved 1048576K
}
Event: 38328.927 GC heap before
{Heap before GC invocations=80 (full 2):
 PSYoungGen      total 218112K, used 217780K [0x00000000eab00000, 0x0000000100000000, 0x0000000100000000)
  eden space 205824K, 100% used [0x00000000eab00000,0x00000000f7400000,0x00000000f7400000)
  from space 12288K, 97% used [0x00000000f7400000,0x00000000f7fad1b0,0x00000000f8000000)
  to   space 73728K, 0% used [0x00000000fb800000,0x00000000fb800000,0x0000000100000000)
 ParOldGen       total 640512K, used 599473K [0x00000000c0000000, 0x00000000e7180000, 0x00000000eab00000)
  object space 640512K, 93% used [0x00000000c0000000,0x00000000e496c738,0x00000000e7180000)
 Metaspace       used 16294K, capacity 16529K, committed 16768K, reserved 1064960K
  class space    used 1781K, capacity 1858K, committed 1920K, reserved 1048576K
Event: 38328.958 GC heap after
Heap after GC invocations=80 (full 2):
 PSYoungGen      total 270336K, used 3184K [0x00000000eab00000, 0x0000000100000000, 0x0000000100000000)
  eden space 196608K, 0% used [0x00000000eab00000,0x00000000eab00000,0x00000000f6b00000)
  from space 73728K, 4% used [0x00000000fb800000,0x00000000fbb1c178,0x0000000100000000)
  to   space 76288K, 0% used [0x00000000f6b00000,0x00000000f6b00000,0x00000000fb580000)
 ParOldGen       total 640512K, used 605985K [0x00000000c0000000, 0x00000000e7180000, 0x00000000eab00000)
  object space 640512K, 94% used [0x00000000c0000000,0x00000000e4fc85a0,0x00000000e7180000)
 Metaspace       used 16294K, capacity 16529K, committed 16768K, reserved 1064960K
  class space    used 1781K, capacity 1858K, committed 1920K, reserved 1048576K
}
Event: 38330.952 GC heap before
{Heap before GC invocations=81 (full 2):
 PSYoungGen      total 270336K, used 199792K [0x00000000eab00000, 0x0000000100000000, 0x0000000100000000)
  eden space 196608K, 100% used [0x00000000eab00000,0x00000000f6b00000,0x00000000f6b00000)
  from space 73728K, 4% used [0x00000000fb800000,0x00000000fbb1c178,0x0000000100000000)
  to   space 76288K, 0% used [0x00000000f6b00000,0x00000000f6b00000,0x00000000fb580000)
 ParOldGen       total 640512K, used 605985K [0x00000000c0000000, 0x00000000e7180000, 0x00000000eab00000)
  object space 640512K, 94% used [0x00000000c0000000,0x00000000e4fc85a0,0x00000000e7180000)
 Metaspace       used 16294K, capacity 16529K, committed 16768K, reserved 1064960K
  class space    used 1781K, capacity 1858K, committed 1920K, reserved 1048576K
Event: 38330.995 GC heap after
Heap after GC invocations=81 (full 2):
 PSYoungGen      total 272896K, used 10364K [0x00000000eab00000, 0x0000000100000000, 0x0000000100000000)
  eden space 196608K, 0% used [0x00000000eab00000,0x00000000eab00000,0x00000000f6b00000)
  from space 76288K, 13% used [0x00000000f6b00000,0x00000000f751f180,0x00000000fb580000)
  to   space 76288K, 0% used [0x00000000fb580000,0x00000000fb580000,0x0000000100000000)
 ParOldGen       total 640512K, used 608758K [0x00000000c0000000, 0x00000000e7180000, 0x00000000eab00000)
  object space 640512K, 95% used [0x00000000c0000000,0x00000000e527d800,0x00000000e7180000)
 Metaspace       used 16294K, capacity 16529K, committed 16768K, reserved 1064960K
  class space    used 1781K, capacity 1858K, committed 1920K, reserved 1048576K
}
Event: 38331.684 GC heap before
{Heap before GC invocations=82 (full 2):
 PSYoungGen      total 272896K, used 206972K [0x00000000eab00000, 0x0000000100000000, 0x0000000100000000)
  eden space 196608K, 100% used [0x00000000eab00000,0x00000000f6b00000,0x00000000f6b00000)
  from space 76288K, 13% used [0x00000000f6b00000,0x00000000f751f180,0x00000000fb580000)
  to   space 76288K, 0% used [0x00000000fb580000,0x00000000fb580000,0x0000000100000000)
 ParOldGen       total 640512K, used 608758K [0x00000000c0000000, 0x00000000e7180000, 0x00000000eab00000)
  object space 640512K, 95% used [0x00000000c0000000,0x00000000e527d800,0x00000000e7180000)
 Metaspace       used 16294K, capacity 16529K, committed 16768K, reserved 1064960K
  class space    used 1781K, capacity 1858K, committed 1920K, reserved 1048576K
Event: 38331.726 GC heap after
Heap after GC invocations=82 (full 2):
 PSYoungGen      total 272896K, used 7358K [0x00000000eab00000, 0x0000000100000000, 0x0000000100000000)
  eden space 196608K, 0% used [0x00000000eab00000,0x00000000eab00000,0x00000000f6b00000)
  from space 76288K, 9% used [0x00000000fb580000,0x00000000fbcafa00,0x0000000100000000)
  to   space 76288K, 0% used [0x00000000f6b00000,0x00000000f6b00000,0x00000000fb580000)
 ParOldGen       total 640512K, used 616231K [0x00000000c0000000, 0x00000000e7180000, 0x00000000eab00000)
  object space 640512K, 96% used [0x00000000c0000000,0x00000000e59c9d68,0x00000000e7180000)
 Metaspace       used 16294K, capacity 16529K, committed 16768K, reserved 1064960K
  class space    used 1781K, capacity 1858K, committed 1920K, reserved 1048576K
}
Event: 38331.726 GC heap before
{Heap before GC invocations=83 (full 3):
 PSYoungGen      total 272896K, used 7358K [0x00000000eab00000, 0x0000000100000000, 0x0000000100000000)
  eden space 196608K, 0% used [0x00000000eab00000,0x00000000eab00000,0x00000000f6b00000)
  from space 76288K, 9% used [0x00000000fb580000,0x00000000fbcafa00,0x0000000100000000)
  to   space 76288K, 0% used [0x00000000f6b00000,0x00000000f6b00000,0x00000000fb580000)
 ParOldGen       total 640512K, used 616231K [0x00000000c0000000, 0x00000000e7180000, 0x00000000eab00000)
  object space 640512K, 96% used [0x00000000c0000000,0x00000000e59c9d68,0x00000000e7180000)
 Metaspace       used 16294K, capacity 16529K, committed 16768K, reserved 1064960K
  class space    used 1781K, capacity 1858K, committed 1920K, reserved 1048576K

