21:33:18.471 [CLI TAE (STDERR Thread - #0)] WARN  c.u.c.b.a.t.b.c.CommandLineAlgorithmRun - [PROCESS-ERR]  Traceback (most recent call last):
21:33:18.471 [CLI TAE (STDERR Thread - #0)] WARN  c.u.c.b.a.t.b.c.CommandLineAlgorithmRun - [PROCESS-ERR]    File "/mnt/local/smack-project/smack/bin/smack", line 13, in <module>
21:33:18.471 [CLI TAE (STDERR Thread - #0)] WARN  c.u.c.b.a.t.b.c.CommandLineAlgorithmRun - [PROCESS-ERR]      smack.top.main()
21:33:18.472 [CLI TAE (STDERR Thread - #0)] WARN  c.u.c.b.a.t.b.c.CommandLineAlgorithmRun - [PROCESS-ERR]    File "/mnt/local/smack-project/smack/bin/../share/smack/top.py", line 679, in main
21:33:18.472 [CLI TAE (STDERR Thread - #0)] WARN  c.u.c.b.a.t.b.c.CommandLineAlgorithmRun - [PROCESS-ERR]      verify_bpl(args)
21:33:18.472 [CLI TAE (STDERR Thread - #0)] WARN  c.u.c.b.a.t.b.c.CommandLineAlgorithmRun - [PROCESS-ERR]    File "/mnt/local/smack-project/smack/bin/../share/smack/top.py", line 548, in verify_bpl
21:33:18.472 [CLI TAE (STDERR Thread - #0)] WARN  c.u.c.b.a.t.b.c.CommandLineAlgorithmRun - [PROCESS-ERR]      verifier_output = try_command(command, timeout=args.time_limit)
21:33:18.472 [CLI TAE (STDERR Thread - #0)] WARN  c.u.c.b.a.t.b.c.CommandLineAlgorithmRun - [PROCESS-ERR]    File "/mnt/local/smack-project/smack/bin/../share/smack/utils.py", line 69, in try_command
21:33:18.472 [CLI TAE (STDERR Thread - #0)] WARN  c.u.c.b.a.t.b.c.CommandLineAlgorithmRun - [PROCESS-ERR]      raise Exception(output)
21:33:18.474 [CLI TAE (STDERR Thread - #0)] WARN  c.u.c.b.a.t.b.c.CommandLineAlgorithmRun - [PROCESS-ERR]  Exception: /usr/local/bin/corral: line 2: /proj/SMACK/smac/example_scenarios/ldv/a-g5ajVc.bpl: Permission denied
21:33:18.474 [CLI TAE (STDERR Thread - #0)] WARN  c.u.c.b.a.t.b.c.CommandLineAlgorithmRun - [PROCESS-ERR]  
21:33:20.849 [main] WARN  c.u.c.b.a.r.FileSharingRunHistoryDecorator - Error occurred reading file in shared run history /proj/SMACK/smac/example_scenarios/ldv/smac-output/smack-scenario_ldv/live-rundata-112.json. We will keep trying to read this file, but will only log another error after it succeeds once. We may not be able to get it's run data but we should be able to continue
java.lang.RuntimeException: Unexpected character (',' (code 44)): Expected space separating root-level values
 at [Source: /proj/SMACK/smac/example_scenarios/ldv/smac-output/smack-scenario_ldv/live-rundata-112.json; line: 17154, column: 7]
	at com.fasterxml.jackson.databind.MappingIterator.hasNext(MappingIterator.java:112) ~[jackson-databind-2.3.1.jar:2.3.1]
	at ca.ubc.cs.beta.aeatk.runhistory.FileSharingRunHistoryDecorator.readRunsFromFile(FileSharingRunHistoryDecorator.java:418) [aeatk.jar:na]
	at ca.ubc.cs.beta.aeatk.runhistory.FileSharingRunHistoryDecorator.reReadFiles(FileSharingRunHistoryDecorator.java:339) [aeatk.jar:na]
	at ca.ubc.cs.beta.aeatk.runhistory.FileSharingRunHistoryDecorator.append(FileSharingRunHistoryDecorator.java:239) [aeatk.jar:na]
	at ca.ubc.cs.beta.aeatk.runhistory.FileSharingRunHistoryDecorator.append(FileSharingRunHistoryDecorator.java:502) [aeatk.jar:na]
	at ca.ubc.cs.beta.aeatk.runhistory.TeeRunHistory.append(TeeRunHistory.java:33) [aeatk.jar:na]
	at ca.ubc.cs.beta.aeatk.runhistory.ThreadSafeRunHistoryWrapper.append(ThreadSafeRunHistoryWrapper.java:60) [aeatk.jar:na]
	at ca.ubc.cs.beta.aeatk.initialization.classic.ClassicInitializationProcedure.updateRunHistory(ClassicInitializationProcedure.java:156) [aeatk.jar:na]
	at ca.ubc.cs.beta.aeatk.initialization.classic.ClassicInitializationProcedure.evaluateRun(ClassicInitializationProcedure.java:143) [aeatk.jar:na]
	at ca.ubc.cs.beta.aeatk.initialization.classic.ClassicInitializationProcedure.evaluateRun(ClassicInitializationProcedure.java:114) [aeatk.jar:na]
	at ca.ubc.cs.beta.aeatk.initialization.classic.ClassicInitializationProcedure.run(ClassicInitializationProcedure.java:93) [aeatk.jar:na]
	at ca.ubc.cs.beta.smac.configurator.AbstractAlgorithmFramework.run(AbstractAlgorithmFramework.java:516) [smac.jar:na]
	at ca.ubc.cs.beta.smac.executors.SMACExecutor.oldMain(SMACExecutor.java:140) [smac.jar:na]
	at ca.ubc.cs.beta.smac.executors.SMACExecutor.main(SMACExecutor.java:104) [smac.jar:na]
	at sun.reflect.NativeMethodAccessorImpl.invoke0(Native Method) ~[na:1.8.0_162]
	at sun.reflect.NativeMethodAccessorImpl.invoke(NativeMethodAccessorImpl.java:62) ~[na:1.8.0_162]
	at sun.reflect.DelegatingMethodAccessorImpl.invoke(DelegatingMethodAccessorImpl.java:43) ~[na:1.8.0_162]
	at java.lang.reflect.Method.invoke(Method.java:498) ~[na:1.8.0_162]
	at ca.ubc.cs.beta.aeatk.ant.execscript.Launcher.main(Launcher.java:37) [aeatk.jar:na]
Caused by: com.fasterxml.jackson.core.JsonParseException: Unexpected character (',' (code 44)): Expected space separating root-level values
 at [Source: /proj/SMACK/smac/example_scenarios/ldv/smac-output/smack-scenario_ldv/live-rundata-112.json; line: 17154, column: 7]
	at com.fasterxml.jackson.core.JsonParser._constructError(JsonParser.java:1524) ~[jackson-core-2.3.1.jar:2.3.1]
	at com.fasterxml.jackson.core.base.ParserMinimalBase._reportError(ParserMinimalBase.java:557) ~[jackson-core-2.3.1.jar:2.3.1]
	at com.fasterxml.jackson.core.base.ParserMinimalBase._reportUnexpectedChar(ParserMinimalBase.java:475) ~[jackson-core-2.3.1.jar:2.3.1]
	at com.fasterxml.jackson.core.base.ParserMinimalBase._reportMissingRootWS(ParserMinimalBase.java:495) ~[jackson-core-2.3.1.jar:2.3.1]
	at com.fasterxml.jackson.core.json.UTF8StreamJsonParser._verifyRootSpace(UTF8StreamJsonParser.java:1469) ~[jackson-core-2.3.1.jar:2.3.1]
	at com.fasterxml.jackson.core.json.UTF8StreamJsonParser._parseFloat(UTF8StreamJsonParser.java:1436) ~[jackson-core-2.3.1.jar:2.3.1]
	at com.fasterxml.jackson.core.json.UTF8StreamJsonParser._parseNumber(UTF8StreamJsonParser.java:1260) ~[jackson-core-2.3.1.jar:2.3.1]
	at com.fasterxml.jackson.core.json.UTF8StreamJsonParser._nextTokenNotInObject(UTF8StreamJsonParser.java:816) ~[jackson-core-2.3.1.jar:2.3.1]
	at com.fasterxml.jackson.core.json.UTF8StreamJsonParser.nextToken(UTF8StreamJsonParser.java:698) ~[jackson-core-2.3.1.jar:2.3.1]
	at com.fasterxml.jackson.databind.MappingIterator.hasNextValue(MappingIterator.java:159) ~[jackson-databind-2.3.1.jar:2.3.1]
	at com.fasterxml.jackson.databind.MappingIterator.hasNext(MappingIterator.java:108) ~[jackson-databind-2.3.1.jar:2.3.1]
	... 18 common frames omitted
21:33:21.368 [main] WARN  c.u.c.b.a.r.FileSharingRunHistoryDecorator - Error occurred reading file in shared run history /proj/SMACK/smac/example_scenarios/ldv/smac-output/smack-scenario_ldv/live-rundata-106.json. We will keep trying to read this file, but will only log another error after it succeeds once. We may not be able to get it's run data but we should be able to continue
java.lang.RuntimeException: Unrecognized token 'l': was expecting ('true', 'false' or 'null')
 at [Source: /proj/SMACK/smac/example_scenarios/ldv/smac-output/smack-scenario_ldv/live-rundata-106.json; line: 17110, column: 4]
	at com.fasterxml.jackson.databind.MappingIterator.hasNext(MappingIterator.java:112) ~[jackson-databind-2.3.1.jar:2.3.1]
	at ca.ubc.cs.beta.aeatk.runhistory.FileSharingRunHistoryDecorator.readRunsFromFile(FileSharingRunHistoryDecorator.java:418) [aeatk.jar:na]
	at ca.ubc.cs.beta.aeatk.runhistory.FileSharingRunHistoryDecorator.reReadFiles(FileSharingRunHistoryDecorator.java:339) [aeatk.jar:na]
	at ca.ubc.cs.beta.aeatk.runhistory.FileSharingRunHistoryDecorator.append(FileSharingRunHistoryDecorator.java:239) [aeatk.jar:na]
	at ca.ubc.cs.beta.aeatk.runhistory.FileSharingRunHistoryDecorator.append(FileSharingRunHistoryDecorator.java:502) [aeatk.jar:na]
	at ca.ubc.cs.beta.aeatk.runhistory.TeeRunHistory.append(TeeRunHistory.java:33) [aeatk.jar:na]
	at ca.ubc.cs.beta.aeatk.runhistory.ThreadSafeRunHistoryWrapper.append(ThreadSafeRunHistoryWrapper.java:60) [aeatk.jar:na]
	at ca.ubc.cs.beta.aeatk.initialization.classic.ClassicInitializationProcedure.updateRunHistory(ClassicInitializationProcedure.java:156) [aeatk.jar:na]
	at ca.ubc.cs.beta.aeatk.initialization.classic.ClassicInitializationProcedure.evaluateRun(ClassicInitializationProcedure.java:143) [aeatk.jar:na]
	at ca.ubc.cs.beta.aeatk.initialization.classic.ClassicInitializationProcedure.evaluateRun(ClassicInitializationProcedure.java:114) [aeatk.jar:na]
	at ca.ubc.cs.beta.aeatk.initialization.classic.ClassicInitializationProcedure.run(ClassicInitializationProcedure.java:93) [aeatk.jar:na]
	at ca.ubc.cs.beta.smac.configurator.AbstractAlgorithmFramework.run(AbstractAlgorithmFramework.java:516) [smac.jar:na]
	at ca.ubc.cs.beta.smac.executors.SMACExecutor.oldMain(SMACExecutor.java:140) [smac.jar:na]
	at ca.ubc.cs.beta.smac.executors.SMACExecutor.main(SMACExecutor.java:104) [smac.jar:na]
	at sun.reflect.NativeMethodAccessorImpl.invoke0(Native Method) ~[na:1.8.0_162]
	at sun.reflect.NativeMethodAccessorImpl.invoke(NativeMethodAccessorImpl.java:62) ~[na:1.8.0_162]
	at sun.reflect.DelegatingMethodAccessorImpl.invoke(DelegatingMethodAccessorImpl.java:43) ~[na:1.8.0_162]
	at java.lang.reflect.Method.invoke(Method.java:498) ~[na:1.8.0_162]
	at ca.ubc.cs.beta.aeatk.ant.execscript.Launcher.main(Launcher.java:37) [aeatk.jar:na]
Caused by: com.fasterxml.jackson.core.JsonParseException: Unrecognized token 'l': was expecting ('true', 'false' or 'null')
 at [Source: /proj/SMACK/smac/example_scenarios/ldv/smac-output/smack-scenario_ldv/live-rundata-106.json; line: 17110, column: 4]
	at com.fasterxml.jackson.core.JsonParser._constructError(JsonParser.java:1524) ~[jackson-core-2.3.1.jar:2.3.1]
	at com.fasterxml.jackson.core.base.ParserMinimalBase._reportError(ParserMinimalBase.java:557) ~[jackson-core-2.3.1.jar:2.3.1]
	at com.fasterxml.jackson.core.json.UTF8StreamJsonParser._reportInvalidToken(UTF8StreamJsonParser.java:3095) ~[jackson-core-2.3.1.jar:2.3.1]
	at com.fasterxml.jackson.core.json.UTF8StreamJsonParser._handleUnexpectedValue(UTF8StreamJsonParser.java:2340) ~[jackson-core-2.3.1.jar:2.3.1]
	at com.fasterxml.jackson.core.json.UTF8StreamJsonParser._nextTokenNotInObject(UTF8StreamJsonParser.java:818) ~[jackson-core-2.3.1.jar:2.3.1]
	at com.fasterxml.jackson.core.json.UTF8StreamJsonParser.nextToken(UTF8StreamJsonParser.java:698) ~[jackson-core-2.3.1.jar:2.3.1]
	at com.fasterxml.jackson.databind.MappingIterator.hasNextValue(MappingIterator.java:159) ~[jackson-databind-2.3.1.jar:2.3.1]
	at com.fasterxml.jackson.databind.MappingIterator.hasNext(MappingIterator.java:108) ~[jackson-databind-2.3.1.jar:2.3.1]
	... 18 common frames omitted
21:33:21.466 [main] WARN  c.u.c.b.a.r.FileSharingRunHistoryDecorator - Error occurred reading file in shared run history /proj/SMACK/smac/example_scenarios/ldv/smac-output/smack-scenario_ldv/live-rundata-98.json. We will keep trying to read this file, but will only log another error after it succeeds once. We may not be able to get it's run data but we should be able to continue
java.lang.RuntimeException: Unrecognized token 'id': was expecting ('true', 'false' or 'null')
 at [Source: /proj/SMACK/smac/example_scenarios/ldv/smac-output/smack-scenario_ldv/live-rundata-98.json; line: 16992, column: 5]
	at com.fasterxml.jackson.databind.MappingIterator.hasNext(MappingIterator.java:112) ~[jackson-databind-2.3.1.jar:2.3.1]
	at ca.ubc.cs.beta.aeatk.runhistory.FileSharingRunHistoryDecorator.readRunsFromFile(FileSharingRunHistoryDecorator.java:418) [aeatk.jar:na]
	at ca.ubc.cs.beta.aeatk.runhistory.FileSharingRunHistoryDecorator.reReadFiles(FileSharingRunHistoryDecorator.java:339) [aeatk.jar:na]
	at ca.ubc.cs.beta.aeatk.runhistory.FileSharingRunHistoryDecorator.append(FileSharingRunHistoryDecorator.java:239) [aeatk.jar:na]
	at ca.ubc.cs.beta.aeatk.runhistory.FileSharingRunHistoryDecorator.append(FileSharingRunHistoryDecorator.java:502) [aeatk.jar:na]
	at ca.ubc.cs.beta.aeatk.runhistory.TeeRunHistory.append(TeeRunHistory.java:33) [aeatk.jar:na]
	at ca.ubc.cs.beta.aeatk.runhistory.ThreadSafeRunHistoryWrapper.append(ThreadSafeRunHistoryWrapper.java:60) [aeatk.jar:na]
	at ca.ubc.cs.beta.aeatk.initialization.classic.ClassicInitializationProcedure.updateRunHistory(ClassicInitializationProcedure.java:156) [aeatk.jar:na]
	at ca.ubc.cs.beta.aeatk.initialization.classic.ClassicInitializationProcedure.evaluateRun(ClassicInitializationProcedure.java:143) [aeatk.jar:na]
	at ca.ubc.cs.beta.aeatk.initialization.classic.ClassicInitializationProcedure.evaluateRun(ClassicInitializationProcedure.java:114) [aeatk.jar:na]
	at ca.ubc.cs.beta.aeatk.initialization.classic.ClassicInitializationProcedure.run(ClassicInitializationProcedure.java:93) [aeatk.jar:na]
	at ca.ubc.cs.beta.smac.configurator.AbstractAlgorithmFramework.run(AbstractAlgorithmFramework.java:516) [smac.jar:na]
	at ca.ubc.cs.beta.smac.executors.SMACExecutor.oldMain(SMACExecutor.java:140) [smac.jar:na]
	at ca.ubc.cs.beta.smac.executors.SMACExecutor.main(SMACExecutor.java:104) [smac.jar:na]
	at sun.reflect.NativeMethodAccessorImpl.invoke0(Native Method) ~[na:1.8.0_162]
	at sun.reflect.NativeMethodAccessorImpl.invoke(NativeMethodAccessorImpl.java:62) ~[na:1.8.0_162]
	at sun.reflect.DelegatingMethodAccessorImpl.invoke(DelegatingMethodAccessorImpl.java:43) ~[na:1.8.0_162]
	at java.lang.reflect.Method.invoke(Method.java:498) ~[na:1.8.0_162]
	at ca.ubc.cs.beta.aeatk.ant.execscript.Launcher.main(Launcher.java:37) [aeatk.jar:na]
Caused by: com.fasterxml.jackson.core.JsonParseException: Unrecognized token 'id': was expecting ('true', 'false' or 'null')
 at [Source: /proj/SMACK/smac/example_scenarios/ldv/smac-output/smack-scenario_ldv/live-rundata-98.json; line: 16992, column: 5]
	at com.fasterxml.jackson.core.JsonParser._constructError(JsonParser.java:1524) ~[jackson-core-2.3.1.jar:2.3.1]
	at com.fasterxml.jackson.core.base.ParserMinimalBase._reportError(ParserMinimalBase.java:557) ~[jackson-core-2.3.1.jar:2.3.1]
	at com.fasterxml.jackson.core.json.UTF8StreamJsonParser._reportInvalidToken(UTF8StreamJsonParser.java:3095) ~[jackson-core-2.3.1.jar:2.3.1]
	at com.fasterxml.jackson.core.json.UTF8StreamJsonParser._handleUnexpectedValue(UTF8StreamJsonParser.java:2340) ~[jackson-core-2.3.1.jar:2.3.1]
	at com.fasterxml.jackson.core.json.UTF8StreamJsonParser._nextTokenNotInObject(UTF8StreamJsonParser.java:818) ~[jackson-core-2.3.1.jar:2.3.1]
	at com.fasterxml.jackson.core.json.UTF8StreamJsonParser.nextToken(UTF8StreamJsonParser.java:698) ~[jackson-core-2.3.1.jar:2.3.1]
	at com.fasterxml.jackson.databind.MappingIterator.hasNextValue(MappingIterator.java:159) ~[jackson-databind-2.3.1.jar:2.3.1]
	at com.fasterxml.jackson.databind.MappingIterator.hasNext(MappingIterator.java:108) ~[jackson-databind-2.3.1.jar:2.3.1]
	... 18 common frames omitted
21:33:22.427 [main] WARN  c.u.c.b.a.r.FileSharingRunHistoryDecorator - Error occurred reading file in shared run history /proj/SMACK/smac/example_scenarios/ldv/smac-output/smack-scenario_ldv/live-rundata-102.json. We will keep trying to read this file, but will only log another error after it succeeds once. We may not be able to get it's run data but we should be able to continue
java.lang.RuntimeException: Illegal character ((CTRL-CHAR, code 0)): only regular white space (\r, \n, \t) is allowed between tokens
 at [Source: /proj/SMACK/smac/example_scenarios/ldv/smac-output/smack-scenario_ldv/live-rundata-102.json; line: 17110, column: 3]
	at com.fasterxml.jackson.databind.MappingIterator.hasNext(MappingIterator.java:112) ~[jackson-databind-2.3.1.jar:2.3.1]
	at ca.ubc.cs.beta.aeatk.runhistory.FileSharingRunHistoryDecorator.readRunsFromFile(FileSharingRunHistoryDecorator.java:418) [aeatk.jar:na]
	at ca.ubc.cs.beta.aeatk.runhistory.FileSharingRunHistoryDecorator.reReadFiles(FileSharingRunHistoryDecorator.java:339) [aeatk.jar:na]
	at ca.ubc.cs.beta.aeatk.runhistory.FileSharingRunHistoryDecorator.append(FileSharingRunHistoryDecorator.java:239) [aeatk.jar:na]
	at ca.ubc.cs.beta.aeatk.runhistory.FileSharingRunHistoryDecorator.append(FileSharingRunHistoryDecorator.java:502) [aeatk.jar:na]
	at ca.ubc.cs.beta.aeatk.runhistory.TeeRunHistory.append(TeeRunHistory.java:33) [aeatk.jar:na]
	at ca.ubc.cs.beta.aeatk.runhistory.ThreadSafeRunHistoryWrapper.append(ThreadSafeRunHistoryWrapper.java:60) [aeatk.jar:na]
	at ca.ubc.cs.beta.aeatk.initialization.classic.ClassicInitializationProcedure.updateRunHistory(ClassicInitializationProcedure.java:156) [aeatk.jar:na]
	at ca.ubc.cs.beta.aeatk.initialization.classic.ClassicInitializationProcedure.evaluateRun(ClassicInitializationProcedure.java:143) [aeatk.jar:na]
	at ca.ubc.cs.beta.aeatk.initialization.classic.ClassicInitializationProcedure.evaluateRun(ClassicInitializationProcedure.java:114) [aeatk.jar:na]
	at ca.ubc.cs.beta.aeatk.initialization.classic.ClassicInitializationProcedure.run(ClassicInitializationProcedure.java:93) [aeatk.jar:na]
	at ca.ubc.cs.beta.smac.configurator.AbstractAlgorithmFramework.run(AbstractAlgorithmFramework.java:516) [smac.jar:na]
	at ca.ubc.cs.beta.smac.executors.SMACExecutor.oldMain(SMACExecutor.java:140) [smac.jar:na]
	at ca.ubc.cs.beta.smac.executors.SMACExecutor.main(SMACExecutor.java:104) [smac.jar:na]
	at sun.reflect.NativeMethodAccessorImpl.invoke0(Native Method) ~[na:1.8.0_162]
	at sun.reflect.NativeMethodAccessorImpl.invoke(NativeMethodAccessorImpl.java:62) ~[na:1.8.0_162]
	at sun.reflect.DelegatingMethodAccessorImpl.invoke(DelegatingMethodAccessorImpl.java:43) ~[na:1.8.0_162]
	at java.lang.reflect.Method.invoke(Method.java:498) ~[na:1.8.0_162]
	at ca.ubc.cs.beta.aeatk.ant.execscript.Launcher.main(Launcher.java:37) [aeatk.jar:na]
Caused by: com.fasterxml.jackson.core.JsonParseException: Illegal character ((CTRL-CHAR, code 0)): only regular white space (\r, \n, \t) is allowed between tokens
 at [Source: /proj/SMACK/smac/example_scenarios/ldv/smac-output/smack-scenario_ldv/live-rundata-102.json; line: 17110, column: 3]
	at com.fasterxml.jackson.core.JsonParser._constructError(JsonParser.java:1524) ~[jackson-core-2.3.1.jar:2.3.1]
	at com.fasterxml.jackson.core.base.ParserMinimalBase._reportError(ParserMinimalBase.java:557) ~[jackson-core-2.3.1.jar:2.3.1]
	at com.fasterxml.jackson.core.base.ParserMinimalBase._throwInvalidSpace(ParserMinimalBase.java:503) ~[jackson-core-2.3.1.jar:2.3.1]
	at com.fasterxml.jackson.core.json.UTF8StreamJsonParser._reportInvalidChar(UTF8StreamJsonParser.java:3103) ~[jackson-core-2.3.1.jar:2.3.1]
	at com.fasterxml.jackson.core.json.UTF8StreamJsonParser._skipWSOrEnd(UTF8StreamJsonParser.java:2585) ~[jackson-core-2.3.1.jar:2.3.1]
	at com.fasterxml.jackson.core.json.UTF8StreamJsonParser.nextToken(UTF8StreamJsonParser.java:650) ~[jackson-core-2.3.1.jar:2.3.1]
	at com.fasterxml.jackson.databind.MappingIterator.hasNextValue(MappingIterator.java:159) ~[jackson-databind-2.3.1.jar:2.3.1]
	at com.fasterxml.jackson.databind.MappingIterator.hasNext(MappingIterator.java:108) ~[jackson-databind-2.3.1.jar:2.3.1]
	... 18 common frames omitted
21:33:22.784 [main] WARN  c.u.c.b.a.r.FileSharingRunHistoryDecorator - Error occurred reading file in shared run history /proj/SMACK/smac/example_scenarios/ldv/smac-output/smack-scenario_ldv/live-rundata-107.json. We will keep trying to read this file, but will only log another error after it succeeds once. We may not be able to get it's run data but we should be able to continue
java.lang.RuntimeException: Unexpected close marker '}': expected ']' (for ROOT starting at [Source: /proj/SMACK/smac/example_scenarios/ldv/smac-output/smack-scenario_ldv/live-rundata-107.json; line: 1, column: 0])
 at [Source: /proj/SMACK/smac/example_scenarios/ldv/smac-output/smack-scenario_ldv/live-rundata-107.json; line: 16945, column: 2]
	at com.fasterxml.jackson.databind.MappingIterator.hasNext(MappingIterator.java:112) ~[jackson-databind-2.3.1.jar:2.3.1]
	at ca.ubc.cs.beta.aeatk.runhistory.FileSharingRunHistoryDecorator.readRunsFromFile(FileSharingRunHistoryDecorator.java:418) [aeatk.jar:na]
	at ca.ubc.cs.beta.aeatk.runhistory.FileSharingRunHistoryDecorator.reReadFiles(FileSharingRunHistoryDecorator.java:339) [aeatk.jar:na]
	at ca.ubc.cs.beta.aeatk.runhistory.FileSharingRunHistoryDecorator.append(FileSharingRunHistoryDecorator.java:239) [aeatk.jar:na]
	at ca.ubc.cs.beta.aeatk.runhistory.FileSharingRunHistoryDecorator.append(FileSharingRunHistoryDecorator.java:502) [aeatk.jar:na]
	at ca.ubc.cs.beta.aeatk.runhistory.TeeRunHistory.append(TeeRunHistory.java:33) [aeatk.jar:na]
	at ca.ubc.cs.beta.aeatk.runhistory.ThreadSafeRunHistoryWrapper.append(ThreadSafeRunHistoryWrapper.java:60) [aeatk.jar:na]
	at ca.ubc.cs.beta.aeatk.initialization.classic.ClassicInitializationProcedure.updateRunHistory(ClassicInitializationProcedure.java:156) [aeatk.jar:na]
	at ca.ubc.cs.beta.aeatk.initialization.classic.ClassicInitializationProcedure.evaluateRun(ClassicInitializationProcedure.java:143) [aeatk.jar:na]
	at ca.ubc.cs.beta.aeatk.initialization.classic.ClassicInitializationProcedure.evaluateRun(ClassicInitializationProcedure.java:114) [aeatk.jar:na]
	at ca.ubc.cs.beta.aeatk.initialization.classic.ClassicInitializationProcedure.run(ClassicInitializationProcedure.java:93) [aeatk.jar:na]
	at ca.ubc.cs.beta.smac.configurator.AbstractAlgorithmFramework.run(AbstractAlgorithmFramework.java:516) [smac.jar:na]
	at ca.ubc.cs.beta.smac.executors.SMACExecutor.oldMain(SMACExecutor.java:140) [smac.jar:na]
	at ca.ubc.cs.beta.smac.executors.SMACExecutor.main(SMACExecutor.java:104) [smac.jar:na]
	at sun.reflect.NativeMethodAccessorImpl.invoke0(Native Method) ~[na:1.8.0_162]
	at sun.reflect.NativeMethodAccessorImpl.invoke(NativeMethodAccessorImpl.java:62) ~[na:1.8.0_162]
	at sun.reflect.DelegatingMethodAccessorImpl.invoke(DelegatingMethodAccessorImpl.java:43) ~[na:1.8.0_162]
	at java.lang.reflect.Method.invoke(Method.java:498) ~[na:1.8.0_162]
	at ca.ubc.cs.beta.aeatk.ant.execscript.Launcher.main(Launcher.java:37) [aeatk.jar:na]
Caused by: com.fasterxml.jackson.core.JsonParseException: Unexpected close marker '}': expected ']' (for ROOT starting at [Source: /proj/SMACK/smac/example_scenarios/ldv/smac-output/smack-scenario_ldv/live-rundata-107.json; line: 1, column: 0])
 at [Source: /proj/SMACK/smac/example_scenarios/ldv/smac-output/smack-scenario_ldv/live-rundata-107.json; line: 16945, column: 2]
	at com.fasterxml.jackson.core.JsonParser._constructError(JsonParser.java:1524) ~[jackson-core-2.3.1.jar:2.3.1]
	at com.fasterxml.jackson.core.base.ParserMinimalBase._reportError(ParserMinimalBase.java:557) ~[jackson-core-2.3.1.jar:2.3.1]
	at com.fasterxml.jackson.core.base.ParserBase._reportMismatchedEndMarker(ParserBase.java:501) ~[jackson-core-2.3.1.jar:2.3.1]
	at com.fasterxml.jackson.core.json.UTF8StreamJsonParser.nextToken(UTF8StreamJsonParser.java:679) ~[jackson-core-2.3.1.jar:2.3.1]
	at com.fasterxml.jackson.databind.MappingIterator.hasNextValue(MappingIterator.java:159) ~[jackson-databind-2.3.1.jar:2.3.1]
	at com.fasterxml.jackson.databind.MappingIterator.hasNext(MappingIterator.java:108) ~[jackson-databind-2.3.1.jar:2.3.1]
	... 18 common frames omitted
21:33:22.837 [main] WARN  c.u.c.b.a.r.FileSharingRunHistoryDecorator - Error occurred reading file in shared run history /proj/SMACK/smac/example_scenarios/ldv/smac-output/smack-scenario_ldv/live-rundata-99.json. We will keep trying to read this file, but will only log another error after it succeeds once. We may not be able to get it's run data but we should be able to continue
java.lang.RuntimeException: Unrecognized token 'ing': was expecting ('true', 'false' or 'null')
 at [Source: /proj/SMACK/smac/example_scenarios/ldv/smac-output/smack-scenario_ldv/live-rundata-99.json; line: 16970, column: 6]
	at com.fasterxml.jackson.databind.MappingIterator.hasNext(MappingIterator.java:112) ~[jackson-databind-2.3.1.jar:2.3.1]
	at ca.ubc.cs.beta.aeatk.runhistory.FileSharingRunHistoryDecorator.readRunsFromFile(FileSharingRunHistoryDecorator.java:418) [aeatk.jar:na]
	at ca.ubc.cs.beta.aeatk.runhistory.FileSharingRunHistoryDecorator.reReadFiles(FileSharingRunHistoryDecorator.java:339) [aeatk.jar:na]
	at ca.ubc.cs.beta.aeatk.runhistory.FileSharingRunHistoryDecorator.append(FileSharingRunHistoryDecorator.java:239) [aeatk.jar:na]
	at ca.ubc.cs.beta.aeatk.runhistory.FileSharingRunHistoryDecorator.append(FileSharingRunHistoryDecorator.java:502) [aeatk.jar:na]
	at ca.ubc.cs.beta.aeatk.runhistory.TeeRunHistory.append(TeeRunHistory.java:33) [aeatk.jar:na]
	at ca.ubc.cs.beta.aeatk.runhistory.ThreadSafeRunHistoryWrapper.append(ThreadSafeRunHistoryWrapper.java:60) [aeatk.jar:na]
	at ca.ubc.cs.beta.aeatk.initialization.classic.ClassicInitializationProcedure.updateRunHistory(ClassicInitializationProcedure.java:156) [aeatk.jar:na]
	at ca.ubc.cs.beta.aeatk.initialization.classic.ClassicInitializationProcedure.evaluateRun(ClassicInitializationProcedure.java:143) [aeatk.jar:na]
	at ca.ubc.cs.beta.aeatk.initialization.classic.ClassicInitializationProcedure.evaluateRun(ClassicInitializationProcedure.java:114) [aeatk.jar:na]
	at ca.ubc.cs.beta.aeatk.initialization.classic.ClassicInitializationProcedure.run(ClassicInitializationProcedure.java:93) [aeatk.jar:na]
	at ca.ubc.cs.beta.smac.configurator.AbstractAlgorithmFramework.run(AbstractAlgorithmFramework.java:516) [smac.jar:na]
	at ca.ubc.cs.beta.smac.executors.SMACExecutor.oldMain(SMACExecutor.java:140) [smac.jar:na]
	at ca.ubc.cs.beta.smac.executors.SMACExecutor.main(SMACExecutor.java:104) [smac.jar:na]
	at sun.reflect.NativeMethodAccessorImpl.invoke0(Native Method) ~[na:1.8.0_162]
	at sun.reflect.NativeMethodAccessorImpl.invoke(NativeMethodAccessorImpl.java:62) ~[na:1.8.0_162]
	at sun.reflect.DelegatingMethodAccessorImpl.invoke(DelegatingMethodAccessorImpl.java:43) ~[na:1.8.0_162]
	at java.lang.reflect.Method.invoke(Method.java:498) ~[na:1.8.0_162]
	at ca.ubc.cs.beta.aeatk.ant.execscript.Launcher.main(Launcher.java:37) [aeatk.jar:na]
Caused by: com.fasterxml.jackson.core.JsonParseException: Unrecognized token 'ing': was expecting ('true', 'false' or 'null')
 at [Source: /proj/SMACK/smac/example_scenarios/ldv/smac-output/smack-scenario_ldv/live-rundata-99.json; line: 16970, column: 6]
	at com.fasterxml.jackson.core.JsonParser._constructError(JsonParser.java:1524) ~[jackson-core-2.3.1.jar:2.3.1]
	at com.fasterxml.jackson.core.base.ParserMinimalBase._reportError(ParserMinimalBase.java:557) ~[jackson-core-2.3.1.jar:2.3.1]
	at com.fasterxml.jackson.core.json.UTF8StreamJsonParser._reportInvalidToken(UTF8StreamJsonParser.java:3095) ~[jackson-core-2.3.1.jar:2.3.1]
	at com.fasterxml.jackson.core.json.UTF8StreamJsonParser._handleUnexpectedValue(UTF8StreamJsonParser.java:2340) ~[jackson-core-2.3.1.jar:2.3.1]
	at com.fasterxml.jackson.core.json.UTF8StreamJsonParser._nextTokenNotInObject(UTF8StreamJsonParser.java:818) ~[jackson-core-2.3.1.jar:2.3.1]
	at com.fasterxml.jackson.core.json.UTF8StreamJsonParser.nextToken(UTF8StreamJsonParser.java:698) ~[jackson-core-2.3.1.jar:2.3.1]
	at com.fasterxml.jackson.databind.MappingIterator.hasNextValue(MappingIterator.java:159) ~[jackson-databind-2.3.1.jar:2.3.1]
	at com.fasterxml.jackson.databind.MappingIterator.hasNext(MappingIterator.java:108) ~[jackson-databind-2.3.1.jar:2.3.1]
	... 18 common frames omitted
21:33:23.433 [main] WARN  c.u.c.b.a.r.FileSharingRunHistoryDecorator - Error occurred reading file in shared run history /proj/SMACK/smac/example_scenarios/ldv/smac-output/smack-scenario_ldv/live-rundata-103.json. We will keep trying to read this file, but will only log another error after it succeeds once. We may not be able to get it's run data but we should be able to continue
com.fasterxml.jackson.core.JsonParseException: Unexpected character ('{' (code 123)): was expecting comma to separate OBJECT entries
 at [Source: /proj/SMACK/smac/example_scenarios/ldv/smac-output/smack-scenario_ldv/live-rundata-103.json; line: 16921, column: 33]
	at com.fasterxml.jackson.core.JsonParser._constructError(JsonParser.java:1524) ~[jackson-core-2.3.1.jar:2.3.1]
	at com.fasterxml.jackson.core.base.ParserMinimalBase._reportError(ParserMinimalBase.java:557) ~[jackson-core-2.3.1.jar:2.3.1]
	at com.fasterxml.jackson.core.base.ParserMinimalBase._reportUnexpectedChar(ParserMinimalBase.java:475) ~[jackson-core-2.3.1.jar:2.3.1]
	at com.fasterxml.jackson.core.json.UTF8StreamJsonParser.nextToken(UTF8StreamJsonParser.java:688) ~[jackson-core-2.3.1.jar:2.3.1]
	at com.fasterxml.jackson.core.base.ParserMinimalBase.nextValue(ParserMinimalBase.java:123) ~[jackson-core-2.3.1.jar:2.3.1]
	at ca.ubc.cs.beta.aeatk.json.serializers.AlgorithmRunResultJson$AlgorithmRunDeserializer.deserialize(AlgorithmRunResultJson.java:57) ~[aeatk.jar:na]
	at ca.ubc.cs.beta.aeatk.json.serializers.AlgorithmRunResultJson$AlgorithmRunDeserializer.deserialize(AlgorithmRunResultJson.java:30) ~[aeatk.jar:na]
	at com.fasterxml.jackson.databind.MappingIterator.nextValue(MappingIterator.java:189) ~[jackson-databind-2.3.1.jar:2.3.1]
	at ca.ubc.cs.beta.aeatk.runhistory.FileSharingRunHistoryDecorator.readRunsFromFile(FileSharingRunHistoryDecorator.java:421) [aeatk.jar:na]
	at ca.ubc.cs.beta.aeatk.runhistory.FileSharingRunHistoryDecorator.reReadFiles(FileSharingRunHistoryDecorator.java:339) [aeatk.jar:na]
	at ca.ubc.cs.beta.aeatk.runhistory.FileSharingRunHistoryDecorator.append(FileSharingRunHistoryDecorator.java:239) [aeatk.jar:na]
	at ca.ubc.cs.beta.aeatk.runhistory.FileSharingRunHistoryDecorator.append(FileSharingRunHistoryDecorator.java:502) [aeatk.jar:na]
	at ca.ubc.cs.beta.aeatk.runhistory.TeeRunHistory.append(TeeRunHistory.java:33) [aeatk.jar:na]
	at ca.ubc.cs.beta.aeatk.runhistory.ThreadSafeRunHistoryWrapper.append(ThreadSafeRunHistoryWrapper.java:60) [aeatk.jar:na]
	at ca.ubc.cs.beta.aeatk.initialization.classic.ClassicInitializationProcedure.updateRunHistory(ClassicInitializationProcedure.java:156) [aeatk.jar:na]
	at ca.ubc.cs.beta.aeatk.initialization.classic.ClassicInitializationProcedure.evaluateRun(ClassicInitializationProcedure.java:143) [aeatk.jar:na]
	at ca.ubc.cs.beta.aeatk.initialization.classic.ClassicInitializationProcedure.evaluateRun(ClassicInitializationProcedure.java:114) [aeatk.jar:na]
	at ca.ubc.cs.beta.aeatk.initialization.classic.ClassicInitializationProcedure.run(ClassicInitializationProcedure.java:93) [aeatk.jar:na]
	at ca.ubc.cs.beta.smac.configurator.AbstractAlgorithmFramework.run(AbstractAlgorithmFramework.java:516) [smac.jar:na]
	at ca.ubc.cs.beta.smac.executors.SMACExecutor.oldMain(SMACExecutor.java:140) [smac.jar:na]
	at ca.ubc.cs.beta.smac.executors.SMACExecutor.main(SMACExecutor.java:104) [smac.jar:na]
	at sun.reflect.NativeMethodAccessorImpl.invoke0(Native Method) ~[na:1.8.0_162]
	at sun.reflect.NativeMethodAccessorImpl.invoke(NativeMethodAccessorImpl.java:62) ~[na:1.8.0_162]
	at sun.reflect.DelegatingMethodAccessorImpl.invoke(DelegatingMethodAccessorImpl.java:43) ~[na:1.8.0_162]
	at java.lang.reflect.Method.invoke(Method.java:498) ~[na:1.8.0_162]
	at ca.ubc.cs.beta.aeatk.ant.execscript.Launcher.main(Launcher.java:37) [aeatk.jar:na]
21:33:24.746 [main] WARN  c.u.c.b.a.r.FileSharingRunHistoryDecorator - Error occurred reading file in shared run history /proj/SMACK/smac/example_scenarios/ldv/smac-output/smack-scenario_ldv/live-rundata-105.json. We will keep trying to read this file, but will only log another error after it succeeds once. We may not be able to get it's run data but we should be able to continue
com.fasterxml.jackson.core.JsonParseException: Illegal unquoted character ((CTRL-CHAR, code 10)): has to be escaped using backslash to be included in name
 at [Source: /proj/SMACK/smac/example_scenarios/ldv/smac-output/smack-scenario_ldv/live-rundata-105.json; line: 16926, column: 27]
	at com.fasterxml.jackson.core.JsonParser._constructError(JsonParser.java:1524) ~[jackson-core-2.3.1.jar:2.3.1]
	at com.fasterxml.jackson.core.base.ParserMinimalBase._reportError(ParserMinimalBase.java:557) ~[jackson-core-2.3.1.jar:2.3.1]
	at com.fasterxml.jackson.core.base.ParserMinimalBase._throwUnquotedSpace(ParserMinimalBase.java:518) ~[jackson-core-2.3.1.jar:2.3.1]
	at com.fasterxml.jackson.core.json.UTF8StreamJsonParser.parseEscapedName(UTF8StreamJsonParser.java:1694) ~[jackson-core-2.3.1.jar:2.3.1]
	at com.fasterxml.jackson.core.json.UTF8StreamJsonParser.parseLongName(UTF8StreamJsonParser.java:1609) ~[jackson-core-2.3.1.jar:2.3.1]
	at com.fasterxml.jackson.core.json.UTF8StreamJsonParser.parseMediumName(UTF8StreamJsonParser.java:1576) ~[jackson-core-2.3.1.jar:2.3.1]
	at com.fasterxml.jackson.core.json.UTF8StreamJsonParser._parseName(UTF8StreamJsonParser.java:1512) ~[jackson-core-2.3.1.jar:2.3.1]
	at com.fasterxml.jackson.core.json.UTF8StreamJsonParser.nextToken(UTF8StreamJsonParser.java:701) ~[jackson-core-2.3.1.jar:2.3.1]
	at ca.ubc.cs.beta.aeatk.json.serializers.AlgorithmExecutionConfigurationJson$AlgorithmExecutionConfigDeserializer.deserialize(AlgorithmExecutionConfigurationJson.java:71) ~[aeatk.jar:na]
	at ca.ubc.cs.beta.aeatk.json.serializers.AlgorithmExecutionConfigurationJson$AlgorithmExecutionConfigDeserializer.deserialize(AlgorithmExecutionConfigurationJson.java:49) ~[aeatk.jar:na]
	at com.fasterxml.jackson.databind.ObjectMapper._readValue(ObjectMapper.java:2965) ~[jackson-databind-2.3.1.jar:2.3.1]
	at com.fasterxml.jackson.databind.ObjectMapper.readValue(ObjectMapper.java:1587) ~[jackson-databind-2.3.1.jar:2.3.1]
	at com.fasterxml.jackson.core.JsonParser.readValueAs(JsonParser.java:1431) ~[jackson-core-2.3.1.jar:2.3.1]
	at ca.ubc.cs.beta.aeatk.json.serializers.JsonDeserializerHelper.getDeserializedVersion(JsonDeserializerHelper.java:26) ~[aeatk.jar:na]
	at ca.ubc.cs.beta.aeatk.json.serializers.AlgorithmRunConfigurationJson$RunConfigDeserializer.deserialize(AlgorithmRunConfigurationJson.java:99) ~[aeatk.jar:na]
	at ca.ubc.cs.beta.aeatk.json.serializers.AlgorithmRunConfigurationJson$RunConfigDeserializer.deserialize(AlgorithmRunConfigurationJson.java:44) ~[aeatk.jar:na]
	at com.fasterxml.jackson.databind.ObjectMapper._readValue(ObjectMapper.java:2965) ~[jackson-databind-2.3.1.jar:2.3.1]
	at com.fasterxml.jackson.databind.ObjectMapper.readValue(ObjectMapper.java:1587) ~[jackson-databind-2.3.1.jar:2.3.1]
	at com.fasterxml.jackson.core.JsonParser.readValueAs(JsonParser.java:1431) ~[jackson-core-2.3.1.jar:2.3.1]
	at ca.ubc.cs.beta.aeatk.json.serializers.JsonDeserializerHelper.getDeserializedVersion(JsonDeserializerHelper.java:26) ~[aeatk.jar:na]
	at ca.ubc.cs.beta.aeatk.json.serializers.AlgorithmRunResultJson$AlgorithmRunDeserializer.deserialize(AlgorithmRunResultJson.java:94) ~[aeatk.jar:na]
	at ca.ubc.cs.beta.aeatk.json.serializers.AlgorithmRunResultJson$AlgorithmRunDeserializer.deserialize(AlgorithmRunResultJson.java:30) ~[aeatk.jar:na]
	at com.fasterxml.jackson.databind.MappingIterator.nextValue(MappingIterator.java:189) ~[jackson-databind-2.3.1.jar:2.3.1]
	at ca.ubc.cs.beta.aeatk.runhistory.FileSharingRunHistoryDecorator.readRunsFromFile(FileSharingRunHistoryDecorator.java:421) [aeatk.jar:na]
	at ca.ubc.cs.beta.aeatk.runhistory.FileSharingRunHistoryDecorator.reReadFiles(FileSharingRunHistoryDecorator.java:339) [aeatk.jar:na]
	at ca.ubc.cs.beta.aeatk.runhistory.FileSharingRunHistoryDecorator.append(FileSharingRunHistoryDecorator.java:239) [aeatk.jar:na]
	at ca.ubc.cs.beta.aeatk.runhistory.FileSharingRunHistoryDecorator.append(FileSharingRunHistoryDecorator.java:502) [aeatk.jar:na]
	at ca.ubc.cs.beta.aeatk.runhistory.TeeRunHistory.append(TeeRunHistory.java:33) [aeatk.jar:na]
	at ca.ubc.cs.beta.aeatk.runhistory.ThreadSafeRunHistoryWrapper.append(ThreadSafeRunHistoryWrapper.java:60) [aeatk.jar:na]
	at ca.ubc.cs.beta.aeatk.initialization.classic.ClassicInitializationProcedure.updateRunHistory(ClassicInitializationProcedure.java:156) [aeatk.jar:na]
	at ca.ubc.cs.beta.aeatk.initialization.classic.ClassicInitializationProcedure.evaluateRun(ClassicInitializationProcedure.java:143) [aeatk.jar:na]
	at ca.ubc.cs.beta.aeatk.initialization.classic.ClassicInitializationProcedure.evaluateRun(ClassicInitializationProcedure.java:114) [aeatk.jar:na]
	at ca.ubc.cs.beta.aeatk.initialization.classic.ClassicInitializationProcedure.run(ClassicInitializationProcedure.java:93) [aeatk.jar:na]
	at ca.ubc.cs.beta.smac.configurator.AbstractAlgorithmFramework.run(AbstractAlgorithmFramework.java:516) [smac.jar:na]
	at ca.ubc.cs.beta.smac.executors.SMACExecutor.oldMain(SMACExecutor.java:140) [smac.jar:na]
	at ca.ubc.cs.beta.smac.executors.SMACExecutor.main(SMACExecutor.java:104) [smac.jar:na]
	at sun.reflect.NativeMethodAccessorImpl.invoke0(Native Method) ~[na:1.8.0_162]
	at sun.reflect.NativeMethodAccessorImpl.invoke(NativeMethodAccessorImpl.java:62) ~[na:1.8.0_162]
	at sun.reflect.DelegatingMethodAccessorImpl.invoke(DelegatingMethodAccessorImpl.java:43) ~[na:1.8.0_162]
	at java.lang.reflect.Method.invoke(Method.java:498) ~[na:1.8.0_162]
	at ca.ubc.cs.beta.aeatk.ant.execscript.Launcher.main(Launcher.java:37) [aeatk.jar:na]
21:33:25.196 [main] WARN  c.u.c.b.a.r.FileSharingRunHistoryDecorator - Error occurred reading file in shared run history /proj/SMACK/smac/example_scenarios/ldv/smac-output/smack-scenario_ldv/live-rundata-101.json. We will keep trying to read this file, but will only log another error after it succeeds once. We may not be able to get it's run data but we should be able to continue
java.lang.RuntimeException: Unrecognized token 'ec': was expecting ('true', 'false' or 'null')
 at [Source: /proj/SMACK/smac/example_scenarios/ldv/smac-output/smack-scenario_ldv/live-rundata-101.json; line: 16970, column: 5]
	at com.fasterxml.jackson.databind.MappingIterator.hasNext(MappingIterator.java:112) ~[jackson-databind-2.3.1.jar:2.3.1]
	at ca.ubc.cs.beta.aeatk.runhistory.FileSharingRunHistoryDecorator.readRunsFromFile(FileSharingRunHistoryDecorator.java:418) [aeatk.jar:na]
	at ca.ubc.cs.beta.aeatk.runhistory.FileSharingRunHistoryDecorator.reReadFiles(FileSharingRunHistoryDecorator.java:339) [aeatk.jar:na]
	at ca.ubc.cs.beta.aeatk.runhistory.FileSharingRunHistoryDecorator.append(FileSharingRunHistoryDecorator.java:239) [aeatk.jar:na]
	at ca.ubc.cs.beta.aeatk.runhistory.FileSharingRunHistoryDecorator.append(FileSharingRunHistoryDecorator.java:502) [aeatk.jar:na]
	at ca.ubc.cs.beta.aeatk.runhistory.TeeRunHistory.append(TeeRunHistory.java:33) [aeatk.jar:na]
	at ca.ubc.cs.beta.aeatk.runhistory.ThreadSafeRunHistoryWrapper.append(ThreadSafeRunHistoryWrapper.java:60) [aeatk.jar:na]
	at ca.ubc.cs.beta.aeatk.initialization.classic.ClassicInitializationProcedure.updateRunHistory(ClassicInitializationProcedure.java:156) [aeatk.jar:na]
	at ca.ubc.cs.beta.aeatk.initialization.classic.ClassicInitializationProcedure.evaluateRun(ClassicInitializationProcedure.java:143) [aeatk.jar:na]
	at ca.ubc.cs.beta.aeatk.initialization.classic.ClassicInitializationProcedure.evaluateRun(ClassicInitializationProcedure.java:114) [aeatk.jar:na]
	at ca.ubc.cs.beta.aeatk.initialization.classic.ClassicInitializationProcedure.run(ClassicInitializationProcedure.java:93) [aeatk.jar:na]
	at ca.ubc.cs.beta.smac.configurator.AbstractAlgorithmFramework.run(AbstractAlgorithmFramework.java:516) [smac.jar:na]
	at ca.ubc.cs.beta.smac.executors.SMACExecutor.oldMain(SMACExecutor.java:140) [smac.jar:na]
	at ca.ubc.cs.beta.smac.executors.SMACExecutor.main(SMACExecutor.java:104) [smac.jar:na]
	at sun.reflect.NativeMethodAccessorImpl.invoke0(Native Method) ~[na:1.8.0_162]
	at sun.reflect.NativeMethodAccessorImpl.invoke(NativeMethodAccessorImpl.java:62) ~[na:1.8.0_162]
	at sun.reflect.DelegatingMethodAccessorImpl.invoke(DelegatingMethodAccessorImpl.java:43) ~[na:1.8.0_162]
	at java.lang.reflect.Method.invoke(Method.java:498) ~[na:1.8.0_162]
	at ca.ubc.cs.beta.aeatk.ant.execscript.Launcher.main(Launcher.java:37) [aeatk.jar:na]
Caused by: com.fasterxml.jackson.core.JsonParseException: Unrecognized token 'ec': was expecting ('true', 'false' or 'null')
 at [Source: /proj/SMACK/smac/example_scenarios/ldv/smac-output/smack-scenario_ldv/live-rundata-101.json; line: 16970, column: 5]
	at com.fasterxml.jackson.core.JsonParser._constructError(JsonParser.java:1524) ~[jackson-core-2.3.1.jar:2.3.1]
	at com.fasterxml.jackson.core.base.ParserMinimalBase._reportError(ParserMinimalBase.java:557) ~[jackson-core-2.3.1.jar:2.3.1]
	at com.fasterxml.jackson.core.json.UTF8StreamJsonParser._reportInvalidToken(UTF8StreamJsonParser.java:3095) ~[jackson-core-2.3.1.jar:2.3.1]
	at com.fasterxml.jackson.core.json.UTF8StreamJsonParser._handleUnexpectedValue(UTF8StreamJsonParser.java:2340) ~[jackson-core-2.3.1.jar:2.3.1]
	at com.fasterxml.jackson.core.json.UTF8StreamJsonParser._nextTokenNotInObject(UTF8StreamJsonParser.java:818) ~[jackson-core-2.3.1.jar:2.3.1]
	at com.fasterxml.jackson.core.json.UTF8StreamJsonParser.nextToken(UTF8StreamJsonParser.java:698) ~[jackson-core-2.3.1.jar:2.3.1]
	at com.fasterxml.jackson.databind.MappingIterator.hasNextValue(MappingIterator.java:159) ~[jackson-databind-2.3.1.jar:2.3.1]
	at com.fasterxml.jackson.databind.MappingIterator.hasNext(MappingIterator.java:108) ~[jackson-databind-2.3.1.jar:2.3.1]
	... 18 common frames omitted
21:33:26.409 [main] WARN  c.u.c.b.a.r.FileSharingRunHistoryDecorator - Error occurred reading file in shared run history /proj/SMACK/smac/example_scenarios/ldv/smac-output/smack-scenario_ldv/live-rundata-111.json. We will keep trying to read this file, but will only log another error after it succeeds once. We may not be able to get it's run data but we should be able to continue
java.lang.RuntimeException: Unexpected character (':' (code 58)): expected a valid value (number, String, array, object, 'true', 'false' or 'null')
 at [Source: /proj/SMACK/smac/example_scenarios/ldv/smac-output/smack-scenario_ldv/live-rundata-111.json; line: 16992, column: 3]
	at com.fasterxml.jackson.databind.MappingIterator.hasNext(MappingIterator.java:112) ~[jackson-databind-2.3.1.jar:2.3.1]
	at ca.ubc.cs.beta.aeatk.runhistory.FileSharingRunHistoryDecorator.readRunsFromFile(FileSharingRunHistoryDecorator.java:418) [aeatk.jar:na]
	at ca.ubc.cs.beta.aeatk.runhistory.FileSharingRunHistoryDecorator.reReadFiles(FileSharingRunHistoryDecorator.java:339) [aeatk.jar:na]
	at ca.ubc.cs.beta.aeatk.runhistory.FileSharingRunHistoryDecorator.append(FileSharingRunHistoryDecorator.java:239) [aeatk.jar:na]
	at ca.ubc.cs.beta.aeatk.runhistory.FileSharingRunHistoryDecorator.append(FileSharingRunHistoryDecorator.java:502) [aeatk.jar:na]
	at ca.ubc.cs.beta.aeatk.runhistory.TeeRunHistory.append(TeeRunHistory.java:33) [aeatk.jar:na]
	at ca.ubc.cs.beta.aeatk.runhistory.ThreadSafeRunHistoryWrapper.append(ThreadSafeRunHistoryWrapper.java:60) [aeatk.jar:na]
	at ca.ubc.cs.beta.aeatk.initialization.classic.ClassicInitializationProcedure.updateRunHistory(ClassicInitializationProcedure.java:156) [aeatk.jar:na]
	at ca.ubc.cs.beta.aeatk.initialization.classic.ClassicInitializationProcedure.evaluateRun(ClassicInitializationProcedure.java:143) [aeatk.jar:na]
	at ca.ubc.cs.beta.aeatk.initialization.classic.ClassicInitializationProcedure.evaluateRun(ClassicInitializationProcedure.java:114) [aeatk.jar:na]
	at ca.ubc.cs.beta.aeatk.initialization.classic.ClassicInitializationProcedure.run(ClassicInitializationProcedure.java:93) [aeatk.jar:na]
	at ca.ubc.cs.beta.smac.configurator.AbstractAlgorithmFramework.run(AbstractAlgorithmFramework.java:516) [smac.jar:na]
	at ca.ubc.cs.beta.smac.executors.SMACExecutor.oldMain(SMACExecutor.java:140) [smac.jar:na]
	at ca.ubc.cs.beta.smac.executors.SMACExecutor.main(SMACExecutor.java:104) [smac.jar:na]
	at sun.reflect.NativeMethodAccessorImpl.invoke0(Native Method) ~[na:1.8.0_162]
	at sun.reflect.NativeMethodAccessorImpl.invoke(NativeMethodAccessorImpl.java:62) ~[na:1.8.0_162]
	at sun.reflect.DelegatingMethodAccessorImpl.invoke(DelegatingMethodAccessorImpl.java:43) ~[na:1.8.0_162]
	at java.lang.reflect.Method.invoke(Method.java:498) ~[na:1.8.0_162]
	at ca.ubc.cs.beta.aeatk.ant.execscript.Launcher.main(Launcher.java:37) [aeatk.jar:na]
Caused by: com.fasterxml.jackson.core.JsonParseException: Unexpected character (':' (code 58)): expected a valid value (number, String, array, object, 'true', 'false' or 'null')
 at [Source: /proj/SMACK/smac/example_scenarios/ldv/smac-output/smack-scenario_ldv/live-rundata-111.json; line: 16992, column: 3]
	at com.fasterxml.jackson.core.JsonParser._constructError(JsonParser.java:1524) ~[jackson-core-2.3.1.jar:2.3.1]
	at com.fasterxml.jackson.core.base.ParserMinimalBase._reportError(ParserMinimalBase.java:557) ~[jackson-core-2.3.1.jar:2.3.1]
	at com.fasterxml.jackson.core.base.ParserMinimalBase._reportUnexpectedChar(ParserMinimalBase.java:475) ~[jackson-core-2.3.1.jar:2.3.1]
	at com.fasterxml.jackson.core.json.UTF8StreamJsonParser._handleUnexpectedValue(UTF8StreamJsonParser.java:2343) ~[jackson-core-2.3.1.jar:2.3.1]
	at com.fasterxml.jackson.core.json.UTF8StreamJsonParser._nextTokenNotInObject(UTF8StreamJsonParser.java:818) ~[jackson-core-2.3.1.jar:2.3.1]
	at com.fasterxml.jackson.core.json.UTF8StreamJsonParser.nextToken(UTF8StreamJsonParser.java:698) ~[jackson-core-2.3.1.jar:2.3.1]
	at com.fasterxml.jackson.databind.MappingIterator.hasNextValue(MappingIterator.java:159) ~[jackson-databind-2.3.1.jar:2.3.1]
	at com.fasterxml.jackson.databind.MappingIterator.hasNext(MappingIterator.java:108) ~[jackson-databind-2.3.1.jar:2.3.1]
	... 18 common frames omitted
21:33:26.538 [main] WARN  c.u.c.b.a.r.FileSharingRunHistoryDecorator - Error occurred reading file in shared run history /proj/SMACK/smac/example_scenarios/ldv/smac-output/smack-scenario_ldv/live-rundata-97.json. We will keep trying to read this file, but will only log another error after it succeeds once. We may not be able to get it's run data but we should be able to continue
java.lang.RuntimeException: Unrecognized token 'me': was expecting ('true', 'false' or 'null')
 at [Source: /proj/SMACK/smac/example_scenarios/ldv/smac-output/smack-scenario_ldv/live-rundata-97.json; line: 17264, column: 5]
	at com.fasterxml.jackson.databind.MappingIterator.hasNext(MappingIterator.java:112) ~[jackson-databind-2.3.1.jar:2.3.1]
	at ca.ubc.cs.beta.aeatk.runhistory.FileSharingRunHistoryDecorator.readRunsFromFile(FileSharingRunHistoryDecorator.java:418) [aeatk.jar:na]
	at ca.ubc.cs.beta.aeatk.runhistory.FileSharingRunHistoryDecorator.reReadFiles(FileSharingRunHistoryDecorator.java:339) [aeatk.jar:na]
	at ca.ubc.cs.beta.aeatk.runhistory.FileSharingRunHistoryDecorator.append(FileSharingRunHistoryDecorator.java:239) [aeatk.jar:na]
	at ca.ubc.cs.beta.aeatk.runhistory.FileSharingRunHistoryDecorator.append(FileSharingRunHistoryDecorator.java:502) [aeatk.jar:na]
	at ca.ubc.cs.beta.aeatk.runhistory.TeeRunHistory.append(TeeRunHistory.java:33) [aeatk.jar:na]
	at ca.ubc.cs.beta.aeatk.runhistory.ThreadSafeRunHistoryWrapper.append(ThreadSafeRunHistoryWrapper.java:60) [aeatk.jar:na]
	at ca.ubc.cs.beta.aeatk.initialization.classic.ClassicInitializationProcedure.updateRunHistory(ClassicInitializationProcedure.java:156) [aeatk.jar:na]
	at ca.ubc.cs.beta.aeatk.initialization.classic.ClassicInitializationProcedure.evaluateRun(ClassicInitializationProcedure.java:143) [aeatk.jar:na]
	at ca.ubc.cs.beta.aeatk.initialization.classic.ClassicInitializationProcedure.evaluateRun(ClassicInitializationProcedure.java:114) [aeatk.jar:na]
	at ca.ubc.cs.beta.aeatk.initialization.classic.ClassicInitializationProcedure.run(ClassicInitializationProcedure.java:93) [aeatk.jar:na]
	at ca.ubc.cs.beta.smac.configurator.AbstractAlgorithmFramework.run(AbstractAlgorithmFramework.java:516) [smac.jar:na]
	at ca.ubc.cs.beta.smac.executors.SMACExecutor.oldMain(SMACExecutor.java:140) [smac.jar:na]
	at ca.ubc.cs.beta.smac.executors.SMACExecutor.main(SMACExecutor.java:104) [smac.jar:na]
	at sun.reflect.NativeMethodAccessorImpl.invoke0(Native Method) ~[na:1.8.0_162]
	at sun.reflect.NativeMethodAccessorImpl.invoke(NativeMethodAccessorImpl.java:62) ~[na:1.8.0_162]
	at sun.reflect.DelegatingMethodAccessorImpl.invoke(DelegatingMethodAccessorImpl.java:43) ~[na:1.8.0_162]
	at java.lang.reflect.Method.invoke(Method.java:498) ~[na:1.8.0_162]
	at ca.ubc.cs.beta.aeatk.ant.execscript.Launcher.main(Launcher.java:37) [aeatk.jar:na]
Caused by: com.fasterxml.jackson.core.JsonParseException: Unrecognized token 'me': was expecting ('true', 'false' or 'null')
 at [Source: /proj/SMACK/smac/example_scenarios/ldv/smac-output/smack-scenario_ldv/live-rundata-97.json; line: 17264, column: 5]
	at com.fasterxml.jackson.core.JsonParser._constructError(JsonParser.java:1524) ~[jackson-core-2.3.1.jar:2.3.1]
	at com.fasterxml.jackson.core.base.ParserMinimalBase._reportError(ParserMinimalBase.java:557) ~[jackson-core-2.3.1.jar:2.3.1]
	at com.fasterxml.jackson.core.json.UTF8StreamJsonParser._reportInvalidToken(UTF8StreamJsonParser.java:3095) ~[jackson-core-2.3.1.jar:2.3.1]
	at com.fasterxml.jackson.core.json.UTF8StreamJsonParser._handleUnexpectedValue(UTF8StreamJsonParser.java:2340) ~[jackson-core-2.3.1.jar:2.3.1]
	at com.fasterxml.jackson.core.json.UTF8StreamJsonParser._nextTokenNotInObject(UTF8StreamJsonParser.java:818) ~[jackson-core-2.3.1.jar:2.3.1]
	at com.fasterxml.jackson.core.json.UTF8StreamJsonParser.nextToken(UTF8StreamJsonParser.java:698) ~[jackson-core-2.3.1.jar:2.3.1]
	at com.fasterxml.jackson.databind.MappingIterator.hasNextValue(MappingIterator.java:159) ~[jackson-databind-2.3.1.jar:2.3.1]
	at com.fasterxml.jackson.databind.MappingIterator.hasNext(MappingIterator.java:108) ~[jackson-databind-2.3.1.jar:2.3.1]
	... 18 common frames omitted
21:33:26.641 [main] WARN  c.u.c.b.a.r.FileSharingRunHistoryDecorator - Error occurred reading file in shared run history /proj/SMACK/smac/example_scenarios/ldv/smac-output/smack-scenario_ldv/live-rundata-109.json. We will keep trying to read this file, but will only log another error after it succeeds once. We may not be able to get it's run data but we should be able to continue
java.lang.RuntimeException: Unrecognized token 'rc': was expecting ('true', 'false' or 'null')
 at [Source: /proj/SMACK/smac/example_scenarios/ldv/smac-output/smack-scenario_ldv/live-rundata-109.json; line: 16970, column: 5]
	at com.fasterxml.jackson.databind.MappingIterator.hasNext(MappingIterator.java:112) ~[jackson-databind-2.3.1.jar:2.3.1]
	at ca.ubc.cs.beta.aeatk.runhistory.FileSharingRunHistoryDecorator.readRunsFromFile(FileSharingRunHistoryDecorator.java:418) [aeatk.jar:na]
	at ca.ubc.cs.beta.aeatk.runhistory.FileSharingRunHistoryDecorator.reReadFiles(FileSharingRunHistoryDecorator.java:339) [aeatk.jar:na]
	at ca.ubc.cs.beta.aeatk.runhistory.FileSharingRunHistoryDecorator.append(FileSharingRunHistoryDecorator.java:239) [aeatk.jar:na]
	at ca.ubc.cs.beta.aeatk.runhistory.FileSharingRunHistoryDecorator.append(FileSharingRunHistoryDecorator.java:502) [aeatk.jar:na]
	at ca.ubc.cs.beta.aeatk.runhistory.TeeRunHistory.append(TeeRunHistory.java:33) [aeatk.jar:na]
	at ca.ubc.cs.beta.aeatk.runhistory.ThreadSafeRunHistoryWrapper.append(ThreadSafeRunHistoryWrapper.java:60) [aeatk.jar:na]
	at ca.ubc.cs.beta.aeatk.initialization.classic.ClassicInitializationProcedure.updateRunHistory(ClassicInitializationProcedure.java:156) [aeatk.jar:na]
	at ca.ubc.cs.beta.aeatk.initialization.classic.ClassicInitializationProcedure.evaluateRun(ClassicInitializationProcedure.java:143) [aeatk.jar:na]
	at ca.ubc.cs.beta.aeatk.initialization.classic.ClassicInitializationProcedure.evaluateRun(ClassicInitializationProcedure.java:114) [aeatk.jar:na]
	at ca.ubc.cs.beta.aeatk.initialization.classic.ClassicInitializationProcedure.run(ClassicInitializationProcedure.java:93) [aeatk.jar:na]
	at ca.ubc.cs.beta.smac.configurator.AbstractAlgorithmFramework.run(AbstractAlgorithmFramework.java:516) [smac.jar:na]
	at ca.ubc.cs.beta.smac.executors.SMACExecutor.oldMain(SMACExecutor.java:140) [smac.jar:na]
	at ca.ubc.cs.beta.smac.executors.SMACExecutor.main(SMACExecutor.java:104) [smac.jar:na]
	at sun.reflect.NativeMethodAccessorImpl.invoke0(Native Method) ~[na:1.8.0_162]
	at sun.reflect.NativeMethodAccessorImpl.invoke(NativeMethodAccessorImpl.java:62) ~[na:1.8.0_162]
	at sun.reflect.DelegatingMethodAccessorImpl.invoke(DelegatingMethodAccessorImpl.java:43) ~[na:1.8.0_162]
	at java.lang.reflect.Method.invoke(Method.java:498) ~[na:1.8.0_162]
	at ca.ubc.cs.beta.aeatk.ant.execscript.Launcher.main(Launcher.java:37) [aeatk.jar:na]
Caused by: com.fasterxml.jackson.core.JsonParseException: Unrecognized token 'rc': was expecting ('true', 'false' or 'null')
 at [Source: /proj/SMACK/smac/example_scenarios/ldv/smac-output/smack-scenario_ldv/live-rundata-109.json; line: 16970, column: 5]
	at com.fasterxml.jackson.core.JsonParser._constructError(JsonParser.java:1524) ~[jackson-core-2.3.1.jar:2.3.1]
	at com.fasterxml.jackson.core.base.ParserMinimalBase._reportError(ParserMinimalBase.java:557) ~[jackson-core-2.3.1.jar:2.3.1]
	at com.fasterxml.jackson.core.json.UTF8StreamJsonParser._reportInvalidToken(UTF8StreamJsonParser.java:3095) ~[jackson-core-2.3.1.jar:2.3.1]
	at com.fasterxml.jackson.core.json.UTF8StreamJsonParser._handleUnexpectedValue(UTF8StreamJsonParser.java:2340) ~[jackson-core-2.3.1.jar:2.3.1]
	at com.fasterxml.jackson.core.json.UTF8StreamJsonParser._nextTokenNotInObject(UTF8StreamJsonParser.java:818) ~[jackson-core-2.3.1.jar:2.3.1]
	at com.fasterxml.jackson.core.json.UTF8StreamJsonParser.nextToken(UTF8StreamJsonParser.java:698) ~[jackson-core-2.3.1.jar:2.3.1]
	at com.fasterxml.jackson.databind.MappingIterator.hasNextValue(MappingIterator.java:159) ~[jackson-databind-2.3.1.jar:2.3.1]
	at com.fasterxml.jackson.databind.MappingIterator.hasNext(MappingIterator.java:108) ~[jackson-databind-2.3.1.jar:2.3.1]
	... 18 common frames omitted
21:33:27.078 [main] WARN  c.u.c.b.a.r.FileSharingRunHistoryDecorator - Error occurred reading file in shared run history /proj/SMACK/smac/example_scenarios/ldv/smac-output/smack-scenario_ldv/live-rundata-110.json. We will keep trying to read this file, but will only log another error after it succeeds once. We may not be able to get it's run data but we should be able to continue
com.fasterxml.jackson.core.JsonParseException: Unexpected character ('{' (code 123)): was expecting double-quote to start field name
 at [Source: /proj/SMACK/smac/example_scenarios/ldv/smac-output/smack-scenario_ldv/live-rundata-110.json; line: 16993, column: 3]
	at com.fasterxml.jackson.core.JsonParser._constructError(JsonParser.java:1524) ~[jackson-core-2.3.1.jar:2.3.1]
	at com.fasterxml.jackson.core.base.ParserMinimalBase._reportError(ParserMinimalBase.java:557) ~[jackson-core-2.3.1.jar:2.3.1]
	at com.fasterxml.jackson.core.base.ParserMinimalBase._reportUnexpectedChar(ParserMinimalBase.java:475) ~[jackson-core-2.3.1.jar:2.3.1]
	at com.fasterxml.jackson.core.json.UTF8StreamJsonParser._handleOddName(UTF8StreamJsonParser.java:1784) ~[jackson-core-2.3.1.jar:2.3.1]
	at com.fasterxml.jackson.core.json.UTF8StreamJsonParser._parseName(UTF8StreamJsonParser.java:1481) ~[jackson-core-2.3.1.jar:2.3.1]
	at com.fasterxml.jackson.core.json.UTF8StreamJsonParser.nextToken(UTF8StreamJsonParser.java:701) ~[jackson-core-2.3.1.jar:2.3.1]
	at com.fasterxml.jackson.core.base.ParserMinimalBase.nextValue(ParserMinimalBase.java:123) ~[jackson-core-2.3.1.jar:2.3.1]
	at ca.ubc.cs.beta.aeatk.json.serializers.AlgorithmRunResultJson$AlgorithmRunDeserializer.deserialize(AlgorithmRunResultJson.java:57) ~[aeatk.jar:na]
	at ca.ubc.cs.beta.aeatk.json.serializers.AlgorithmRunResultJson$AlgorithmRunDeserializer.deserialize(AlgorithmRunResultJson.java:30) ~[aeatk.jar:na]
	at com.fasterxml.jackson.databind.MappingIterator.nextValue(MappingIterator.java:189) ~[jackson-databind-2.3.1.jar:2.3.1]
	at ca.ubc.cs.beta.aeatk.runhistory.FileSharingRunHistoryDecorator.readRunsFromFile(FileSharingRunHistoryDecorator.java:421) [aeatk.jar:na]
	at ca.ubc.cs.beta.aeatk.runhistory.FileSharingRunHistoryDecorator.reReadFiles(FileSharingRunHistoryDecorator.java:339) [aeatk.jar:na]
	at ca.ubc.cs.beta.aeatk.runhistory.FileSharingRunHistoryDecorator.append(FileSharingRunHistoryDecorator.java:239) [aeatk.jar:na]
	at ca.ubc.cs.beta.aeatk.runhistory.FileSharingRunHistoryDecorator.append(FileSharingRunHistoryDecorator.java:502) [aeatk.jar:na]
	at ca.ubc.cs.beta.aeatk.runhistory.TeeRunHistory.append(TeeRunHistory.java:33) [aeatk.jar:na]
	at ca.ubc.cs.beta.aeatk.runhistory.ThreadSafeRunHistoryWrapper.append(ThreadSafeRunHistoryWrapper.java:60) [aeatk.jar:na]
	at ca.ubc.cs.beta.aeatk.initialization.classic.ClassicInitializationProcedure.updateRunHistory(ClassicInitializationProcedure.java:156) [aeatk.jar:na]
	at ca.ubc.cs.beta.aeatk.initialization.classic.ClassicInitializationProcedure.evaluateRun(ClassicInitializationProcedure.java:143) [aeatk.jar:na]
	at ca.ubc.cs.beta.aeatk.initialization.classic.ClassicInitializationProcedure.evaluateRun(ClassicInitializationProcedure.java:114) [aeatk.jar:na]
	at ca.ubc.cs.beta.aeatk.initialization.classic.ClassicInitializationProcedure.run(ClassicInitializationProcedure.java:93) [aeatk.jar:na]
	at ca.ubc.cs.beta.smac.configurator.AbstractAlgorithmFramework.run(AbstractAlgorithmFramework.java:516) [smac.jar:na]
	at ca.ubc.cs.beta.smac.executors.SMACExecutor.oldMain(SMACExecutor.java:140) [smac.jar:na]
	at ca.ubc.cs.beta.smac.executors.SMACExecutor.main(SMACExecutor.java:104) [smac.jar:na]
	at sun.reflect.NativeMethodAccessorImpl.invoke0(Native Method) ~[na:1.8.0_162]
	at sun.reflect.NativeMethodAccessorImpl.invoke(NativeMethodAccessorImpl.java:62) ~[na:1.8.0_162]
	at sun.reflect.DelegatingMethodAccessorImpl.invoke(DelegatingMethodAccessorImpl.java:43) ~[na:1.8.0_162]
	at java.lang.reflect.Method.invoke(Method.java:498) ~[na:1.8.0_162]
	at ca.ubc.cs.beta.aeatk.ant.execscript.Launcher.main(Launcher.java:37) [aeatk.jar:na]
21:33:27.245 [main] WARN  c.u.c.b.a.r.FileSharingRunHistoryDecorator - Error occurred reading file in shared run history /proj/SMACK/smac/example_scenarios/ldv/smac-output/smack-scenario_ldv/live-rundata-108.json. We will keep trying to read this file, but will only log another error after it succeeds once. We may not be able to get it's run data but we should be able to continue
com.fasterxml.jackson.core.JsonParseException: Unexpected character (':' (code 58)): expected a valid value (number, String, array, object, 'true', 'false' or 'null')
 at [Source: /proj/SMACK/smac/example_scenarios/ldv/smac-output/smack-scenario_ldv/live-rundata-108.json; line: 17242, column: 27]
	at com.fasterxml.jackson.core.JsonParser._constructError(JsonParser.java:1524) ~[jackson-core-2.3.1.jar:2.3.1]
	at com.fasterxml.jackson.core.base.ParserMinimalBase._reportError(ParserMinimalBase.java:557) ~[jackson-core-2.3.1.jar:2.3.1]
	at com.fasterxml.jackson.core.base.ParserMinimalBase._reportUnexpectedChar(ParserMinimalBase.java:475) ~[jackson-core-2.3.1.jar:2.3.1]
	at com.fasterxml.jackson.core.json.UTF8StreamJsonParser._handleUnexpectedValue(UTF8StreamJsonParser.java:2343) ~[jackson-core-2.3.1.jar:2.3.1]
	at com.fasterxml.jackson.core.json.UTF8StreamJsonParser._nextTokenNotInObject(UTF8StreamJsonParser.java:818) ~[jackson-core-2.3.1.jar:2.3.1]
	at com.fasterxml.jackson.core.json.UTF8StreamJsonParser.nextToken(UTF8StreamJsonParser.java:698) ~[jackson-core-2.3.1.jar:2.3.1]
	at com.fasterxml.jackson.core.base.ParserMinimalBase.nextValue(ParserMinimalBase.java:123) ~[jackson-core-2.3.1.jar:2.3.1]
	at ca.ubc.cs.beta.aeatk.json.serializers.AlgorithmRunResultJson$AlgorithmRunDeserializer.deserialize(AlgorithmRunResultJson.java:57) ~[aeatk.jar:na]
	at ca.ubc.cs.beta.aeatk.json.serializers.AlgorithmRunResultJson$AlgorithmRunDeserializer.deserialize(AlgorithmRunResultJson.java:30) ~[aeatk.jar:na]
	at com.fasterxml.jackson.databind.MappingIterator.nextValue(MappingIterator.java:189) ~[jackson-databind-2.3.1.jar:2.3.1]
	at ca.ubc.cs.beta.aeatk.runhistory.FileSharingRunHistoryDecorator.readRunsFromFile(FileSharingRunHistoryDecorator.java:421) [aeatk.jar:na]
	at ca.ubc.cs.beta.aeatk.runhistory.FileSharingRunHistoryDecorator.reReadFiles(FileSharingRunHistoryDecorator.java:339) [aeatk.jar:na]
	at ca.ubc.cs.beta.aeatk.runhistory.FileSharingRunHistoryDecorator.append(FileSharingRunHistoryDecorator.java:239) [aeatk.jar:na]
	at ca.ubc.cs.beta.aeatk.runhistory.FileSharingRunHistoryDecorator.append(FileSharingRunHistoryDecorator.java:502) [aeatk.jar:na]
	at ca.ubc.cs.beta.aeatk.runhistory.TeeRunHistory.append(TeeRunHistory.java:33) [aeatk.jar:na]
	at ca.ubc.cs.beta.aeatk.runhistory.ThreadSafeRunHistoryWrapper.append(ThreadSafeRunHistoryWrapper.java:60) [aeatk.jar:na]
	at ca.ubc.cs.beta.aeatk.initialization.classic.ClassicInitializationProcedure.updateRunHistory(ClassicInitializationProcedure.java:156) [aeatk.jar:na]
	at ca.ubc.cs.beta.aeatk.initialization.classic.ClassicInitializationProcedure.evaluateRun(ClassicInitializationProcedure.java:143) [aeatk.jar:na]
	at ca.ubc.cs.beta.aeatk.initialization.classic.ClassicInitializationProcedure.evaluateRun(ClassicInitializationProcedure.java:114) [aeatk.jar:na]
	at ca.ubc.cs.beta.aeatk.initialization.classic.ClassicInitializationProcedure.run(ClassicInitializationProcedure.java:93) [aeatk.jar:na]
	at ca.ubc.cs.beta.smac.configurator.AbstractAlgorithmFramework.run(AbstractAlgorithmFramework.java:516) [smac.jar:na]
	at ca.ubc.cs.beta.smac.executors.SMACExecutor.oldMain(SMACExecutor.java:140) [smac.jar:na]
	at ca.ubc.cs.beta.smac.executors.SMACExecutor.main(SMACExecutor.java:104) [smac.jar:na]
	at sun.reflect.NativeMethodAccessorImpl.invoke0(Native Method) ~[na:1.8.0_162]
	at sun.reflect.NativeMethodAccessorImpl.invoke(NativeMethodAccessorImpl.java:62) ~[na:1.8.0_162]
	at sun.reflect.DelegatingMethodAccessorImpl.invoke(DelegatingMethodAccessorImpl.java:43) ~[na:1.8.0_162]
	at java.lang.reflect.Method.invoke(Method.java:498) ~[na:1.8.0_162]
	at ca.ubc.cs.beta.aeatk.ant.execscript.Launcher.main(Launcher.java:37) [aeatk.jar:na]
21:33:27.896 [main] WARN  c.u.c.b.a.r.FileSharingRunHistoryDecorator - Error occurred reading file in shared run history /proj/SMACK/smac/example_scenarios/ldv/smac-output/smack-scenario_ldv/live-rundata-100.json. We will keep trying to read this file, but will only log another error after it succeeds once. We may not be able to get it's run data but we should be able to continue
com.fasterxml.jackson.core.JsonParseException: Unexpected character ('{' (code 123)): was expecting double-quote to start field name
 at [Source: /proj/SMACK/smac/example_scenarios/ldv/smac-output/smack-scenario_ldv/live-rundata-100.json; line: 17133, column: 9]
	at com.fasterxml.jackson.core.JsonParser._constructError(JsonParser.java:1524) ~[jackson-core-2.3.1.jar:2.3.1]
	at com.fasterxml.jackson.core.base.ParserMinimalBase._reportError(ParserMinimalBase.java:557) ~[jackson-core-2.3.1.jar:2.3.1]
	at com.fasterxml.jackson.core.base.ParserMinimalBase._reportUnexpectedChar(ParserMinimalBase.java:475) ~[jackson-core-2.3.1.jar:2.3.1]
	at com.fasterxml.jackson.core.json.UTF8StreamJsonParser._handleOddName(UTF8StreamJsonParser.java:1784) ~[jackson-core-2.3.1.jar:2.3.1]
	at com.fasterxml.jackson.core.json.UTF8StreamJsonParser._parseName(UTF8StreamJsonParser.java:1481) ~[jackson-core-2.3.1.jar:2.3.1]
	at com.fasterxml.jackson.core.json.UTF8StreamJsonParser.nextToken(UTF8StreamJsonParser.java:701) ~[jackson-core-2.3.1.jar:2.3.1]
	at com.fasterxml.jackson.core.base.ParserMinimalBase.nextValue(ParserMinimalBase.java:123) ~[jackson-core-2.3.1.jar:2.3.1]
	at ca.ubc.cs.beta.aeatk.json.serializers.AlgorithmRunConfigurationJson$RunConfigDeserializer.deserialize(AlgorithmRunConfigurationJson.java:77) ~[aeatk.jar:na]
	at ca.ubc.cs.beta.aeatk.json.serializers.AlgorithmRunConfigurationJson$RunConfigDeserializer.deserialize(AlgorithmRunConfigurationJson.java:44) ~[aeatk.jar:na]
	at com.fasterxml.jackson.databind.ObjectMapper._readValue(ObjectMapper.java:2965) ~[jackson-databind-2.3.1.jar:2.3.1]
	at com.fasterxml.jackson.databind.ObjectMapper.readValue(ObjectMapper.java:1587) ~[jackson-databind-2.3.1.jar:2.3.1]
	at com.fasterxml.jackson.core.JsonParser.readValueAs(JsonParser.java:1431) ~[jackson-core-2.3.1.jar:2.3.1]
	at ca.ubc.cs.beta.aeatk.json.serializers.JsonDeserializerHelper.getDeserializedVersion(JsonDeserializerHelper.java:26) ~[aeatk.jar:na]
	at ca.ubc.cs.beta.aeatk.json.serializers.AlgorithmRunResultJson$AlgorithmRunDeserializer.deserialize(AlgorithmRunResultJson.java:94) ~[aeatk.jar:na]
	at ca.ubc.cs.beta.aeatk.json.serializers.AlgorithmRunResultJson$AlgorithmRunDeserializer.deserialize(AlgorithmRunResultJson.java:30) ~[aeatk.jar:na]
	at com.fasterxml.jackson.databind.MappingIterator.nextValue(MappingIterator.java:189) ~[jackson-databind-2.3.1.jar:2.3.1]
	at ca.ubc.cs.beta.aeatk.runhistory.FileSharingRunHistoryDecorator.readRunsFromFile(FileSharingRunHistoryDecorator.java:421) [aeatk.jar:na]
	at ca.ubc.cs.beta.aeatk.runhistory.FileSharingRunHistoryDecorator.reReadFiles(FileSharingRunHistoryDecorator.java:339) [aeatk.jar:na]
	at ca.ubc.cs.beta.aeatk.runhistory.FileSharingRunHistoryDecorator.append(FileSharingRunHistoryDecorator.java:239) [aeatk.jar:na]
	at ca.ubc.cs.beta.aeatk.runhistory.FileSharingRunHistoryDecorator.append(FileSharingRunHistoryDecorator.java:502) [aeatk.jar:na]
	at ca.ubc.cs.beta.aeatk.runhistory.TeeRunHistory.append(TeeRunHistory.java:33) [aeatk.jar:na]
	at ca.ubc.cs.beta.aeatk.runhistory.ThreadSafeRunHistoryWrapper.append(ThreadSafeRunHistoryWrapper.java:60) [aeatk.jar:na]
	at ca.ubc.cs.beta.aeatk.initialization.classic.ClassicInitializationProcedure.updateRunHistory(ClassicInitializationProcedure.java:156) [aeatk.jar:na]
	at ca.ubc.cs.beta.aeatk.initialization.classic.ClassicInitializationProcedure.evaluateRun(ClassicInitializationProcedure.java:143) [aeatk.jar:na]
	at ca.ubc.cs.beta.aeatk.initialization.classic.ClassicInitializationProcedure.evaluateRun(ClassicInitializationProcedure.java:114) [aeatk.jar:na]
	at ca.ubc.cs.beta.aeatk.initialization.classic.ClassicInitializationProcedure.run(ClassicInitializationProcedure.java:93) [aeatk.jar:na]
	at ca.ubc.cs.beta.smac.configurator.AbstractAlgorithmFramework.run(AbstractAlgorithmFramework.java:516) [smac.jar:na]
	at ca.ubc.cs.beta.smac.executors.SMACExecutor.oldMain(SMACExecutor.java:140) [smac.jar:na]
	at ca.ubc.cs.beta.smac.executors.SMACExecutor.main(SMACExecutor.java:104) [smac.jar:na]
	at sun.reflect.NativeMethodAccessorImpl.invoke0(Native Method) ~[na:1.8.0_162]
	at sun.reflect.NativeMethodAccessorImpl.invoke(NativeMethodAccessorImpl.java:62) ~[na:1.8.0_162]
	at sun.reflect.DelegatingMethodAccessorImpl.invoke(DelegatingMethodAccessorImpl.java:43) ~[na:1.8.0_162]
	at java.lang.reflect.Method.invoke(Method.java:498) ~[na:1.8.0_162]
	at ca.ubc.cs.beta.aeatk.ant.execscript.Launcher.main(Launcher.java:37) [aeatk.jar:na]
21:34:20.984 [CLI TAE (STDERR Thread - #0)] WARN  c.u.c.b.a.t.b.c.CommandLineAlgorithmRun - [PROCESS-ERR] Traceback (most recent call last):
  File "/mnt/local/smack-project/smack/bin/smack", line 13, in <module>
    smack.top.main()
  File "/mnt/local/smack-project/smack/bin/../share/smack/top.py", line 679, in main
    verify_bpl(args)
  File "/mnt/local/smack-project/smack/bin/../share/smack/top.py", line 548, in verify_bpl
    verifier_output = try_command(command, timeout=args.time_limit)
  File "/mnt/local/smack-project/smack/bin/../share/smack/utils.py", line 69, in try_command
    raise Exception(output)
Exception: /usr/local/bin/corral: line 2: /proj/SMACK/smac/example_scenarios/ldv/a-o0vsUj.bpl: Permission denied
21:34:32.750 [CLI TAE (STDERR Thread - #0)] WARN  c.u.c.b.a.t.b.c.CommandLineAlgorithmRun - [PROCESS-ERR] Traceback (most recent call last):
  File "/mnt/local/smack-project/smack/bin/smack", line 13, in <module>
    smack.top.main()
  File "/mnt/local/smack-project/smack/bin/../share/smack/top.py", line 679, in main
    verify_bpl(args)
  File "/mnt/local/smack-project/smack/bin/../share/smack/top.py", line 548, in verify_bpl
    verifier_output = try_command(command, timeout=args.time_limit)
  File "/mnt/local/smack-project/smack/bin/../share/smack/utils.py", line 69, in try_command
    raise Exception(output)
Exception: /usr/local/bin/corral: line 2: /proj/SMACK/smac/example_scenarios/ldv/a-_Gnusn.bpl: Permission denied
21:35:06.095 [CLI TAE (STDERR Thread - #0)] WARN  c.u.c.b.a.t.b.c.CommandLineAlgorithmRun - [PROCESS-ERR] Traceback (most recent call last):
  File "/mnt/local/smack-project/smack/bin/smack", line 13, in <module>
    smack.top.main()
  File "/mnt/local/smack-project/smack/bin/../share/smack/top.py", line 679, in main
    verify_bpl(args)
  File "/mnt/local/smack-project/smack/bin/../share/smack/top.py", line 548, in verify_bpl
    verifier_output = try_command(command, timeout=args.time_limit)
  File "/mnt/local/smack-project/smack/bin/../share/smack/utils.py", line 69, in try_command
    raise Exception(output)
Exception: /usr/local/bin/corral: line 2: /proj/SMACK/smac/example_scenarios/ldv/a-ScGK8x.bpl: Permission denied
21:36:22.016 [CLI TAE (STDERR Thread - #0)] WARN  c.u.c.b.a.t.b.c.CommandLineAlgorithmRun - [PROCESS-ERR]  Traceback (most recent call last):
21:36:22.017 [CLI TAE (STDERR Thread - #0)] WARN  c.u.c.b.a.t.b.c.CommandLineAlgorithmRun - [PROCESS-ERR]    File "/mnt/local/smack-project/smack/bin/smack", line 13, in <module>
21:36:22.017 [CLI TAE (STDERR Thread - #0)] WARN  c.u.c.b.a.t.b.c.CommandLineAlgorithmRun - [PROCESS-ERR]      smack.top.main()
21:36:22.017 [CLI TAE (STDERR Thread - #0)] WARN  c.u.c.b.a.t.b.c.CommandLineAlgorithmRun - [PROCESS-ERR]    File "/mnt/local/smack-project/smack/bin/../share/smack/top.py", line 679, in main
21:36:22.017 [CLI TAE (STDERR Thread - #0)] WARN  c.u.c.b.a.t.b.c.CommandLineAlgorithmRun - [PROCESS-ERR]      verify_bpl(args)
21:36:22.018 [CLI TAE (STDERR Thread - #0)] WARN  c.u.c.b.a.t.b.c.CommandLineAlgorithmRun - [PROCESS-ERR]    File "/mnt/local/smack-project/smack/bin/../share/smack/top.py", line 548, in verify_bpl
21:36:22.018 [CLI TAE (STDERR Thread - #0)] WARN  c.u.c.b.a.t.b.c.CommandLineAlgorithmRun - [PROCESS-ERR]      verifier_output = try_command(command, timeout=args.time_limit)
21:36:22.018 [CLI TAE (STDERR Thread - #0)] WARN  c.u.c.b.a.t.b.c.CommandLineAlgorithmRun - [PROCESS-ERR]    File "/mnt/local/smack-project/smack/bin/../share/smack/utils.py", line 69, in try_command
21:36:22.018 [CLI TAE (STDERR Thread - #0)] WARN  c.u.c.b.a.t.b.c.CommandLineAlgorithmRun - [PROCESS-ERR]      raise Exception(output)
21:36:22.018 [CLI TAE (STDERR Thread - #0)] WARN  c.u.c.b.a.t.b.c.CommandLineAlgorithmRun - [PROCESS-ERR]  Exception: /usr/local/bin/corral: line 2: /proj/SMACK/smac/example_scenarios/ldv/a-gqkrwN.bpl: Permission denied
21:36:22.018 [CLI TAE (STDERR Thread - #0)] WARN  c.u.c.b.a.t.b.c.CommandLineAlgorithmRun - [PROCESS-ERR]  
21:36:31.757 [CLI TAE (STDERR Thread - #0)] WARN  c.u.c.b.a.t.b.c.CommandLineAlgorithmRun - [PROCESS-ERR]  Traceback (most recent call last):
21:36:31.758 [CLI TAE (STDERR Thread - #0)] WARN  c.u.c.b.a.t.b.c.CommandLineAlgorithmRun - [PROCESS-ERR]    File "/mnt/local/smack-project/smack/bin/smack", line 13, in <module>
21:36:31.758 [CLI TAE (STDERR Thread - #0)] WARN  c.u.c.b.a.t.b.c.CommandLineAlgorithmRun - [PROCESS-ERR]      smack.top.main()
21:36:31.758 [CLI TAE (STDERR Thread - #0)] WARN  c.u.c.b.a.t.b.c.CommandLineAlgorithmRun - [PROCESS-ERR]    File "/mnt/local/smack-project/smack/bin/../share/smack/top.py", line 679, in main
21:36:31.758 [CLI TAE (STDERR Thread - #0)] WARN  c.u.c.b.a.t.b.c.CommandLineAlgorithmRun - [PROCESS-ERR]      verify_bpl(args)
21:36:31.758 [CLI TAE (STDERR Thread - #0)] WARN  c.u.c.b.a.t.b.c.CommandLineAlgorithmRun - [PROCESS-ERR]    File "/mnt/local/smack-project/smack/bin/../share/smack/top.py", line 548, in verify_bpl
21:36:31.758 [CLI TAE (STDERR Thread - #0)] WARN  c.u.c.b.a.t.b.c.CommandLineAlgorithmRun - [PROCESS-ERR]      verifier_output = try_command(command, timeout=args.time_limit)
21:36:31.758 [CLI TAE (STDERR Thread - #0)] WARN  c.u.c.b.a.t.b.c.CommandLineAlgorithmRun - [PROCESS-ERR]    File "/mnt/local/smack-project/smack/bin/../share/smack/utils.py", line 69, in try_command
21:36:31.758 [CLI TAE (STDERR Thread - #0)] WARN  c.u.c.b.a.t.b.c.Com03:15:43.777 [CLI TAE Observer Threads (2-1)] WARN  c.u.c.b.a.t.d.s.TimingCheckerTargetAlgorithmEvaluator - We have been waiting for 20726.875 seconds for a run that should have taken at most 2000.0 seconds.
 The sample call for the run that is delayed is: cd "/proj/SMACK/smac/example_scenarios/ldv" ;  ../wrapper.py /proj/SMACK/sv-benchmarks/c/ldv-linux-3.4-simple/32_7_cilled_false-unreach-call_const_ok_linux-32_1-drivers--staging--keucr--keucr.ko-ldv_main1_sequence_infinite_withcheck_stateful.cil.out.c 0 2000.0 2147483647 -1 -/bopt:boolControlVC 'False' -/bopt:z3opt:SMT.MBQI 'True' -/bopt:z3opt:SMT.MBQI.MAX_ITERATIONS '1000' -/deepAsserts 'False' -/di 'True' -/doNotUseLabels 'False' -/noCallTreeReuse 'False' -/noInitPruning 'False' -/nonUniformUnfolding 'False' -/staticInlining 'False' -/trackAllVars 'False' -/useArrayTheoryCheck '2' -bit-precise 'True' -unroll '16'  
#0)] WARN  c.u.c.b.a.t.b.c.CommandLineAlgorithmRun - [PROCESS-ERR]    File "/mnt/local/smack-project/smack/bin/../share/smack/top.py", line 679, in main
21:36:59.217 [CLI TAE (STDERR Thread - #0)] WARN  c.u.c.b.a.t.b.c.CommandLineAlgorithmRun - [PROCESS-ERR]      verify_bpl(args)
21:36:59.217 [CLI TAE (STDERR Thread - #0)] WARN  c.u.c.b.a.t.b.c.CommandLineAlgorithmRun - [PROCESS-ERR]    File "/mnt/local/smack-project/smack/bin/../share/smack/top.py", line 548, in verify_bpl
21:36:59.217 [CLI TAE (STDERR Thread - #0)] WARN  c.u.c.b.a.t.b.c.CommandLineAlgorithmRun - [PROCESS-ERR]      verifier_output = try_command(command, timeout=args.time_limit)
21:36:59.217 [CLI TAE (STDERR Thread - #0)] WARN  c.u.c.b.a.t.b.c.CommandLineAlgorithmRun - [PROCESS-ERR]    File "/mnt/local/smack-project/smack/bin/../share/smack/utils.py", line 69, in try_command
21:36:59.217 [CLI TAE (STDERR Thread - #0)] WARN  c.u.c.b.a.t.b.c.CommandLineAlgorithmRun - [PROCESS-ERR]      raise Exception(output)
21:36:59.217 [CLI TAE (STDERR Thread - #0)] WARN  c.u.c.b.a.t.b.c.CommandLineAlgorithmRun - [PROCESS-ERR]  Exception: /usr/local/bin/corral: line 2: /proj/SMACK/smac/example_scenarios/ldv/a-RER3sW.bpl: Permission denied
21:36:59.217 [CLI TAE (STDERR Thread - #0)] WARN  c.u.c.b.a.t.b.c.CommandLineAlgorithmRun - [PROCESS-ERR]  
21:38:05.791 [CLI TAE (STDERR Thread - #0)] WARN  c.u.c.b.a.t.b.c.CommandLineAlgorithmRun - [PROCESS-ERR] Traceback (most recent call last):
  File "/mnt/local/smack-project/smack/bin/smack", line 13, in <module>
    smack.top.main()
  File "/mnt/local/smack-project/smack/bin/../share/smack/top.py", line 679, in main
    verify_bpl(args)
  File "/mnt/local/smack-project/smack/bin/../share/smack/top.py", line 548, in verify_bpl
    verifier_output = try_command(command, timeout=args.time_limit)
  File "/mnt/local/smack-project/smack/bin/../share/smack/utils.py", line 69, in try_command
    raise Exception(output)
Exception: /usr/local/bin/corral: line 2: /proj/SMACK/smac/example_scenarios/ldv/a-xXGP42.bpl: Permission denied
21:38:41.173 [CLI TAE (STDERR Thread - #0)] WARN  c.u.c.b.a.t.b.c.CommandLineAlgorithmRun - [PROCESS-ERR]  Traceback (most recent call last):
21:38:41.174 [CLI TAE (STDERR Thread - #0)] WARN  c.u.c.b.a.t.b.c.CommandLineAlgorithmRun - [PROCESS-ERR]    File "/mnt/local/smack-project/smack/bin/smack", line 13, in <module>
21:38:41.175 [CLI TAE (STDERR Thread - #0)] WARN  c.u.c.b.a.t.b.c.CommandLineAlgorithmRun - [PROCESS-ERR]      smack.top.main()
21:38:41.175 [CLI TAE (STDERR Thread - #0)] WARN  c.u.c.b.a.t.b.c.CommandLineAlgorithmRun - [PROCESS-ERR]    File "/mnt/local/smack-project/smack/bin/../share/smack/top.py", line 679, in main
21:38:41.175 [CLI TAE (STDERR Thread - #0)] WARN  c.u.c.b.a.t.b.c.CommandLineAlgorithmRun - [PROCESS-ERR]      verify_bpl(args)
21:38:41.175 [CLI TAE (STDERR Thread - #0)] WARN  c.u.c.b.a.t.b.c.CommandLineAlgorithmRun - [PROCESS-ERR]    File "/mnt/local/smack-project/smack/bin/../share/smack/top.py", line 548, in verify_bpl
21:38:41.175 [CLI TAE (STDERR Thread - #0)] WARN  c.u.c.b.a.t.b.c.CommandLineAlgorithmRun - [PROCESS-ERR]      verifier_output = try_command(command, timeout=args.time_limit)
21:38:41.175 [CLI TAE (STDERR Thread - #0)] WARN  c.u.c.b.a.t.b.c.CommandLineAlgorithmRun - [PROCESS-ERR]    File "/mnt/local/smack-project/smack/bin/../share/smack/utils.py", line 69, in try_command
21:38:41.175 [CLI TAE (STDERR Thread - #0)] WARN  c.u.c.b.a.t.b.c.CommandLineAlgorithmRun - [PROCESS-ERR]      raise Exception(output)
21:38:41.176 [CLI TAE (STDERR Thread - #0)] WARN  c.u.c.b.a.t.b.c.CommandLineAlgorithmRun - [PROCESS-ERR]  Exception: /usr/local/bin/corral: line 2: /proj/SMACK/smac/example_scenarios/ldv/a-kSdezw.bpl: Permission denied
21:38:41.176 [CLI TAE (STDERR Thread - #0)] WARN  c.u.c.b.a.t.b.c.CommandLineAlgorithmRun - [PROCESS-ERR]  
21:39:17.586 [CLI TAE (STDERR Thread - #0)] WARN  c.u.c.b.a.t.b.c.CommandLineAlgorithmRun - [PROCESS-ERR] Traceback (most recent call last):
  File "/mnt/local/smack-project/smack/bin/smack", line 13, in <module>
    smack.top.main()
  File "/mnt/local/smack-project/smack/bin/../share/smack/top.py", line 679, in main
    verify_bpl(args)
  File "/mnt/local/smack-project/smack/bin/../share/smack/top.py", line 548, in verify_bpl
    verifier_output = try_command(command, timeout=args.time_limit)
  File "/mnt/local/smack-project/smack/bin/../share/smack/utils.py", line 69, in try_command
    raise Exception(output)
Exception: /usr/local/bin/corral: line 2: /proj/SMACK/smac/example_scenarios/ldv/a-ctFGDS.bpl: Permission denied
21:43:50.072 [CLI TAE (STDERR Thread - #0)] WARN  c.u.c.b.a.t.b.c.CommandLineAlgorithmRun - [PROCESS-ERR]  Traceback (most recent call last):
21:43:50.073 [CLI TAE (STDERR Thread - #0)] WARN  c.u.c.b.a.t.b.c.CommandLineAlgorithmRun - [PROCESS-ERR]    File "/mnt/local/smack-project/smack/bin/smack", line 13, in <module>
21:43:50.073 [CLI TAE (STDERR Thread - #0)] WARN  c.u.c.b.a.t.b.c.CommandLineAlgorithmRun - [PROCESS-ERR]      smack.top.main()
21:43:50.074 [CLI TAE (STDERR Thread - #0)] WARN  c.u.c.b.a.t.b.c.CommandLineAlgorithmRun - [PROCESS-ERR]    File "/mnt/local/smack-project/smack/bin/../share/smack/top.py", line 679, in main
21:43:50.074 [CLI TAE (STDERR Thread - #0)] WARN  c.u.c.b.a.t.b.c.CommandLineAlgorithmRun - [PROCESS-ERR]      verify_bpl(args)
21:43:50.074 [CLI TAE (STDERR Thread - #0)] WARN  c.u.c.b.a.t.b.c.CommandLineAlgorithmRun - [PROCESS-ERR]    File "/mnt/local/smack-project/smack/bin/../share/smack/top.py", line 548, in verify_bpl
21:43:50.074 [CLI TAE (STDERR Thread - #0)] WARN  c.u.c.b.a.t.b.c.CommandLineAlgorithmRun - [PROCESS-ERR]      verifier_output = try_command(command, timeout=args.time_limit)
21:43:50.074 [CLI TAE (STDERR Thread - #0)] WARN  c.u.c.b.a.t.b.c.CommandLineAlgorithmRun - [PROCESS-ERR]    File "/mnt/local/smack-project/smack/bin/../share/smack/utils.py", line 69, in try_command
21:43:50.074 [CLI TAE (STDERR Thread - #0)] WARN  c.u.c.b.a.t.b.c.CommandLineAlgorithmRun - [PROCESS-ERR]      raise Exception(output)
21:43:50.074 [CLI TAE (STDERR Thread - #0)] WARN  c.u.c.b.a.t.b.c.CommandLineAlgorithmRun - [PROCESS-ERR]  Exception: /usr/local/bin/corral: line 2: /proj/SMACK/smac/example_scenarios/ldv/a-UMB4s2.bpl: Permission denied
21:43:50.074 [CLI TAE (STDERR Thread - #0)] WARN  c.u.c.b.a.t.b.c.CommandLineAlgorithmRun - [PROCESS-ERR]  
21:44:04.012 [CLI TAE (STDERR Thread - #0)] WARN  c.u.c.b.a.t.b.c.CommandLineAlgorithmRun - [PROCESS-ERR] Traceback (most recent call last):
  File "/mnt/local/smack-project/smack/bin/smack", line 13, in <module>
    smack.top.main()
  File "/mnt/local/smack-project/smack/bin/../share/smack/top.py", line 679, in main
    verify_bpl(args)
  File "/mnt/local/smack-project/smack/bin/../share/smack/top.py", line 548, in verify_bpl
    verifier_output = try_command(command, timeout=args.time_limit)
  File "/mnt/local/smack-project/smack/bin/../share/smack/utils.py", line 69, in try_command
    raise Exception(output)
Exception: /usr/local/bin/corral: line 2: /proj/SMACK/smac/example_scenarios/ldv/a-m_OlX9.bpl: Permission denied
21:44:31.378 [CLI TAE (STDERR Thread - #0)] WARN  c.u.c.b.a.t.b.c.CommandLineAlgorithmRun - [PROCESS-ERR]  Traceback (most recent call last):
21:44:31.379 [CLI TAE (STDERR Thread - #0)] WARN  c.u.c.b.a.t.b.c.CommandLineAlgorithmRun - [PROCESS-ERR]    File "/mnt/local/smack-project/smack/bin/smack", line 13, in <module>
21:44:31.379 [CLI TAE (STDERR Thread - #0)] WARN  c.u.c.b.a.t.b.c.CommandLineAlgorithmRun - [PROCESS-ERR]      smack.top.main()
21:44:31.379 [CLI TAE (STDERR Thread - #0)] WARN  c.u.c.b.a.t.b.c.CommandLineAlgorithmRun - [PROCESS-ERR]    File "/mnt/local/smack-project/smack/bin/../share/smack/top.py", line 679, in main
21:44:31.379 [CLI TAE (STDERR Thread - #0)] WARN  c.u.c.b.a.t.b.c.CommandLineAlgorithmRun - [PROCESS-ERR]      verify_bpl(args)
21:44:31.379 [CLI TAE (STDERR Thread - #0)] WARN  c.u.c.b.a.t.b.c.CommandLineAlgorithmRun - [PROCESS-ERR]    File "/mnt/local/smack-project/smack/bin/../share/smack/top.py", line 548, in verify_bpl
21:44:31.380 [CLI TAE (STDERR Thread - #0)] WARN  c.u.c.b.a.t.b.c.CommandLineAlgorithmRun - [PROCESS-ERR]      verifier_output = try_command(command, timeout=args.time_limit)
21:44:31.380 [CLI TAE (STDERR Thread - #0)] WARN  c.u.c.b.a.t.b.c.CommandLineAlgorithmRun - [PROCESS-ERR]    File "/mnt/local/smack-project/smack/bin/../share/smack/utils.py", line 69, in try_command
21:44:31.380 [CLI TAE (STDERR Thread - #0)] WARN  c.u.c.b.a.t.b.c.CommandLineAlgorithmRun - [PROCESS-ERR]      raise Exception(output)
21:44:31.380 [CLI TAE (STDERR Thread - #0)] WARN  c.u.c.b.a.t.b.c.CommandLineAlgorithmRun - [PROCESS-ERR]  Exception: /usr/local/bin/corral: line 2: /proj/SMACK/smac/example_scenarios/ldv/a-ZFt6_g.bpl: Permission denied
21:44:31.380 [CLI TAE (STDERR Thread - #0)] WARN  c.u.c.b.a.t.b.c.CommandLineAlgorithmRun - [PROCESS-ERR]  
21:45:33.888 [CLI TAE (STDERR Thread - #0)] WARN  c.u.c.b.a.t.b.c.CommandLineAlgorithmRun - [PROCESS-ERR] Traceback (most recent call last):
  File "/mnt/local/smack-project/smack/bin/smack", line 13, in <module>
    smack.top.main()
  File "/mnt/local/smack-project/smack/bin/../share/smack/top.py", line 679, in main
    verify_bpl(args)
  File "/mnt/local/smack-project/smack/bin/../share/smack/top.py", line 548, in verify_bpl
    verifier_output = try_command(command, timeout=args.time_limit)
  File "/mnt/local/smack-project/smack/bin/../share/smack/utils.py", line 69, in try_command
    raise Exception(output)
Exception: /usr/local/bin/corral: line 2: /proj/SMACK/smac/example_scenarios/ldv/a-H21aME.bpl: Permission denied
21:49:54.631 [CLI TAE (STDERR Thread - #0)] WARN  c.u.c.b.a.t.b.c.CommandLineAlgorithmRun - [PROCESS-ERR] Traceback (most recent call last):
  File "/mnt/local/smack-project/smack/bin/smack", line 13, in <module>
    smack.top.main()
  File "/mnt/local/smack-project/smack/bin/../share/smack/top.py", line 679, in main
    verify_bpl(args)
  File "/mnt/local/smack-project/smack/bin/../share/smack/top.py", line 548, in verify_bpl
    verifier_output = try_command(command, timeout=args.time_limit)
  File "/mnt/local/smack-project/smack/bin/../share/smack/utils.py", line 69, in try_command
    raise Exception(output)
Exception: /usr/local/bin/corral: line 2: /proj/SMACK/smac/example_scenarios/ldv/a-1hOjYW.bpl: Permission denied
21:50:28.581 [CLI TAE (STDERR Thread - #0)] WARN  c.u.c.b.a.t.b.c.CommandLineAlgorithmRun - [PROCESS-ERR]  Traceback (most recent call last):
21:50:28.582 [CLI TAE (STDERR Thread - #0)] WARN  c.u.c.b.a.t.b.c.CommandLineAlgorithmRun - [PROCESS-ERR]    File "/mnt/local/smack-project/smack/bin/smack", line 13, in <module>
21:50:28.582 [CLI TAE (STDERR Thread - #0)] WARN  c.u.c.b.a.t.b.c.CommandLineAlgorithmRun - [PROCESS-ERR]      smack.top.main()
21:50:28.582 [CLI TAE (STDERR Thread - #0)] WARN  c.u.c.b.a.t.b.c.CommandLineAlgorithmRun - [PROCESS-ERR]    File "/mnt/local/smack-project/smack/bin/../share/smack/top.py", line 679, in main
21:50:28.582 [CLI TAE (STDERR Thread - #0)] WARN  c.u.c.b.a.t.b.c.CommandLineAlgorithmRun - [PROCESS-ERR]      verify_bpl(args)
21:50:28.582 [CLI TAE (STDERR Thread - #0)] WARN  c.u.c.b.a.t.b.c.CommandLineAlgorithmRun - [PROCESS-ERR]    File "/mnt/local/smack-project/smack/bin/../share/smack/top.py", line 548, in verify_bpl
21:50:28.582 [CLI TAE (STDERR Thread - #0)] WARN  c.u.c.b.a.t.b.c.CommandLineAlgorithmRun - [PROCESS-ERR]      verifier_output = try_command(command, timeout=args.time_limit)
21:50:28.583 [CLI TAE (STDERR Thread - #0)] WARN  c.u.c.b.a.t.b.c.CommandLineAlgorithmRun - [PROCESS-ERR]    File "/mnt/local/smack-project/smack/bin/../share/smack/utils.py", line 69, in try_command
21:50:28.583 [CLI TAE (STDERR Thread - #0)] WARN  c.u.c.b.a.t.b.c.CommandLineAlgorithmRun - [PROCESS-ERR]      raise Exception(output)
21:50:28.583 [CLI TAE (STDERR Thread - #0)] WARN  c.u.c.b.a.t.b.c.CommandLineAlgorithmRun - [PROCESS-ERR]  Exception: /usr/local/bin/corral: line 2: /proj/SMACK/smac/example_scenarios/ldv/a-SUn8L_.bpl: Permission denied
21:50:28.583 [CLI TAE (STDERR Thread - #0)] WARN  c.u.c.b.a.t.b.c.CommandLineAlgorithmRun - [PROCESS-ERR]  
21:50:37.727 [CLI TAE (STDERR Thread - #0)] WARN  c.u.c.b.a.t.b.c.CommandLineAlgorithmRun - [PROCESS-ERR] Traceback (most recent call last):
  File "/mnt/local/smack-project/smack/bin/smack", line 13, in <module>
    smack.top.main()
  File "/mnt/local/smack-project/smack/bin/../share/smack/top.py", line 679, in main
    verify_bpl(args)
  File "/mnt/local/smack-project/smack/bin/../share/smack/top.py", line 548, in verify_bpl
    verifier_output = try_command(command, timeout=args.time_limit)
  File "/mnt/local/smack-project/smack/bin/../share/smack/utils.py", line 69, in try_command
    raise Exception(output)
Exception: /usr/local/bin/corral: line 2: /proj/SMACK/smac/example_scenarios/ldv/a-MfhZxt.bpl: Permission denied
21:51:03.600 [CLI TAE (STDERR Thread - #0)] WARN  c.u.c.b.a.t.b.c.CommandLineAlgorithmRun - [PROCESS-ERR]  Traceback (most recent call last):
21:51:03.601 [CLI TAE (STDERR Thread - #0)] WARN  c.u.c.b.a.t.b.c.CommandLineAlgorithmRun - [PROCESS-ERR]    File "/mnt/local/smack-project/smack/bin/smack", line 13, in <module>
21:51:03.602 [CLI TAE (STDERR Thread - #0)] WARN  c.u.c.b.a.t.b.c.CommandLineAlgorithmRun - [PROCESS-ERR]      smack.top.main()
21:51:04.053 [CLI TAE (STDERR Thread - #0)] WARN  c.u.c.b.a.t.b.c.CommandLineAlgorithmRun - [PROCESS-ERR]    File "/mnt/local/smack-project/smack/bin/../share/smack/top.py", line 679, in main
21:51:04.676 [CLI TAE (STDERR Thread - #0)] WARN  c.u.c.b.a.t.b.c.CommandLineAlgorithmRun - [PROCESS-ERR]      verify_bpl(args)
21:51:04.679 [CLI TAE (STDERR Thread - #0)] WARN  c.u.c.b.a.t.b.c.CommandLineAlgorithmRun - [PROCESS-ERR]    File "/mnt/local/smack-project/smack/bin/../share/smack/top.py", line 548, in verify_bpl
21:51:04.680 [CLI TAE (STDERR Thread - #0)] WARN  c.u.c.b.a.t.b.c.CommandLineAlgorithmRun - [PROCESS-ERR]      verifier_output = try_command(command, timeout=args.time_limit)
21:51:05.931 [CLI TAE (STDERR Thread - #0)] WARN  c.u.c.b.a.t.b.c.CommandLineAlgorithmRun - [PROCESS-ERR]    File "/mnt/local/smack-project/smack/bin/../share/smack/utils.py", line 69, in try_command
21:51:05.932 [CLI TAE (STDERR Thread - #0)] WARN  c.u.c.b.a.t.b.c.CommandLineAlgorithmRun - [PROCESS-ERR]      raise Exception(output)
21:51:05.932 [CLI TAE (STDERR Thread - #0)] WARN  c.u.c.b.a.t.b.c.CommandLineAlgorithmRun - [PROCESS-ERR]  Exception: /usr/local/bin/corral: line 2: /proj/SMACK/smac/example_scenarios/ldv/a-WR60Sk.bpl: Permission denied
21:51:05.933 [CLI TAE (STDERR Thread - #0)] WARN  c.u.c.b.a.t.b.c.CommandLineAlgorithmRun - [PROCESS-ERR]  
21:51:29.453 [CLI TAE (STDERR Thread - #0)] WARN  c.u.c.b.a.t.b.c.CommandLineAlgorithmRun - [PROCESS-ERR]  Traceback (most recent call last):
21:51:29.453 [CLI TAE (STDERR Thread - #0)] WARN  c.u.c.b.a.t.b.c.CommandLineAlgorithmRun - [PROCESS-ERR]    File "/mnt/local/smack-project/smack/bin/smack", line 13, in <module>
21:51:29.453 [CLI TAE (STDERR Thread - #0)] WARN  c.u.c.b.a.t.b.c.CommandLineAlgorithmRun - [PROCESS-ERR]      smack.top.main()
21:51:29.454 [CLI TAE (STDERR Thread - #0)] WARN  c.u.c.b.a.t.b.c.CommandLineAlgorithmRun - [PROCESS-ERR]    File "/mnt/local/smack-project/smack/bin/../share/smack/top.py", line 679, in main
21:51:29.454 [CLI TAE (STDERR Thread - #0)] WARN  c.u.c.b.a.t.b.c.CommandLineAlgorithmRun - [PROCESS-ERR]      verify_bpl(args)
21:51:29.454 [CLI TAE (STDERR Thread - #0)] WARN  c.u.c.b.a.t.b.c.CommandLineAlgorithmRun - [PROCESS-ERR]    File "/mnt/local/smack-project/smack/bin/../share/smack/top.py", line 548, in verify_bpl
21:51:29.454 [CLI TAE (STDERR Thread - #0)] WARN  c.u.c.b.a.t.b.c.CommandLineAlgorithmRun - [PROCESS-ERR]      verifier_output = try_command(command, timeout=args.time_limit)
21:51:29.454 [CLI TAE (STDERR Thread - #0)] WARN  c.u.c.b.a.t.b.c.CommandLineAlgorithmRun - [PROCESS-ERR]    File "/mnt/local/smack-project/smack/bin/../share/smack/utils.py", line 69, in try_command
21:51:29.454 [CLI TAE (STDERR Thread - #0)] WARN  c.u.c.b.a.t.b.c.CommandLineAlgorithmRun - [PROCESS-ERR]      raise Exception(output)
21:51:29.454 [CLI TAE (STDERR Thread - #0)] WARN  c.u.c.b.a.t.b.c.CommandLineAlgorithmRun - [PROCESS-ERR]  Exception: /usr/local/bin/corral: line 2: /proj/SMACK/smac/example_scenarios/ldv/a-cC9ySS.bpl: Permission denied
21:51:29.454 [CLI TAE (STDERR Thread - #0)] WARN  c.u.c.b.a.t.b.c.CommandLineAlgorithmRun - [PROCESS-ERR]  
21:51:36.979 [CLI TAE (STDERR Thread - #0)] WARN  c.u.c.b.a.t.b.c.CommandLineAlgorithmRun - [PROCESS-ERR] Traceback (most recent call last):
  File "/mnt/local/smack-project/smack/bin/smack", line 13, in <module>
    smack.top.main()
  File "/mnt/local/smack-project/smack/bin/../share/smack/top.py", line 679, in main
    verify_bpl(args)
  File "/mnt/local/smack-project/smack/bin/../share/smack/top.py", line 548, in verify_bpl
    verifier_output = try_command(command, timeout=args.time_limit)
  File "/mnt/local/smack-project/smack/bin/../share/smack/utils.py", line 69, in try_command
    raise Exception(output)
Exception: /usr/local/bin/corral: line 2: /proj/SMACK/smac/example_scenarios/ldv/a-3mI4aL.bpl: Permission denied
21:56:03.063 [CLI TAE (STDERR Thread - #0)] WARN  c.u.c.b.a.t.b.c.CommandLineAlgorithmRun - [PROCESS-ERR] Traceback (most recent call last):
  File "/mnt/local/smack-project/smack/bin/smack", line 13, in <module>
    smack.top.main()
  File "/mnt/local/smack-project/smack/bin/../share/smack/top.py", line 679, in main
    verify_bpl(args)
  File "/mnt/local/smack-project/smack/bin/../share/smack/top.py", line 548, in verify_bpl
    verifier_output = try_command(command, timeout=args.time_limit)
  File "/mnt/local/smack-project/smack/bin/../share/smack/utils.py", line 69, in try_command
    raise Exception(output)
Exception: /usr/local/bin/corral: line 2: /proj/SMACK/smac/example_scenarios/ldv/a-B0oFeJ.bpl: Permission denied
21:56:08.675 [CLI TAE (STDERR Thread - #0)] WARN  c.u.c.b.a.t.b.c.CommandLineAlgorithmRun - [PROCESS-ERR]  Traceback (most recent call last):
21:56:08.676 [CLI TAE (STDERR Thread - #0)] WARN  c.u.c.b.a.t.b.c.CommandLineAlgorithmRun - [PROCESS-ERR]    File "/mnt/local/smack-project/smack/bin/smack", line 13, in <module>
21:56:08.676 [CLI TAE (STDERR Thread - #0)] WARN  c.u.c.b.a.t.b.c.CommandLineAlgorithmRun - [PROCESS-ERR]      smack.top.main()
21:56:08.676 [CLI TAE (STDERR Thread - #0)] WARN  c.u.c.b.a.t.b.c.CommandLineAlgorithmRun - [PROCESS-ERR]    File "/mnt/local/smack-project/smack/bin/../share/smack/top.py", line 679, in main
21:56:08.676 [CLI TAE (STDERR Thread - #0)] WARN  c.u.c.b.a.t.b.c.CommandLineAlgorithmRun - [PROCESS-ERR]      verify_bpl(args)
21:56:08.676 [CLI TAE (STDERR Thread - #0)] WARN  c.u.c.b.a.t.b.c.CommandLineAlgorithmRun - [PROCESS-ERR]    File "/mnt/local/smack-project/smack/bin/../share/smack/top.py", line 548, in verify_bpl
21:56:08.676 [CLI TAE (STDERR Thread - #0)] WARN  c.u.c.b.a.t.b.c.CommandLineAlgorithmRun - [PROCESS-ERR]      verifier_output = try_command(command, timeout=args.time_limit)
21:56:08.676 [CLI TAE (STDERR Thread - #0)] WARN  c.u.c.b.a.t.b.c.CommandLineAlgorithmRun - [PROCESS-ERR]    File "/mnt/local/smack-project/smack/bin/../share/smack/utils.py", line 69, in try_command
21:56:08.676 [CLI TAE (STDERR Thread - #0)] WARN  c.u.c.b.a.t.b.c.CommandLineAlgorithmRun - [PROCESS-ERR]      raise Exception(output)
21:56:08.676 [CLI TAE (STDERR Thread - #0)] WARN  c.u.c.b.a.t.b.c.CommandLineAlgorithmRun - [PROCESS-ERR]  Exception: /usr/local/bin/corral: line 2: /proj/SMACK/smac/example_scenarios/ldv/a-5QmNYB.bpl: Permission denied
21:56:08.676 [CLI TAE (STDERR Thread - #0)] WARN  c.u.c.b.a.t.b.c.CommandLineAlgorithmRun - [PROCESS-ERR]  
21:57:04.836 [CLI TAE (STDERR Thread - #0)] WARN  c.u.c.b.a.t.b.c.CommandLineAlgorithmRun - [PROCESS-ERR]  Traceback (most recent call last):
21:57:04.837 [CLI TAE (STDERR Thread - #0)] WARN  c.u.c.b.a.t.b.c.CommandLineAlgorithmRun - [PROCESS-ERR]    File "/mnt/local/smack-project/smack/bin/smack", line 13, in <module>
21:57:04.837 [CLI TAE (STDERR Thread - #0)] WARN  c.u.c.b.a.t.b.c.CommandLineAlgorithmRun - [PROCESS-ERR]      smack.top.main()
21:57:04.837 [CLI TAE (STDERR Thread - #0)] WARN  c.u.c.b.a.t.b.c.CommandLineAlgorithmRun - [PROCESS-ERR]    File "/mnt/local/smack-project/smack/bin/../share/smack/top.py", line 679, in main
21:57:04.837 [CLI TAE (STDERR Thread - #0)] WARN  c.u.c.b.a.t.b.c.CommandLineAlgorithmRun - [PROCESS-ERR]      verify_bpl(args)
21:57:04.837 [CLI TAE (STDERR Thread - #0)] WARN  c.u.c.b.a.t.b.c.CommandLineAlgorithmRun - [PROCESS-ERR]    File "/mnt/local/smack-project/smack/bin/../share/smack/top.py", line 548, in verify_bpl
21:57:04.837 [CLI TAE (STDERR Thread - #0)] WARN  c.u.c.b.a.t.b.c.CommandLineAlgorithmRun - [PROCESS-ERR]      verifier_output = try_command(command, timeout=args.time_limit)
21:57:04.837 [CLI TAE (STDERR Thread - #0)] WARN  c.u.c.b.a.t.b.c.CommandLineAlgorithmRun - [PROCESS-ERR]    File "/mnt/local/smack-project/smack/bin/../share/smack/utils.py", line 69, in try_command
21:57:04.837 [CLI TAE (STDERR Thread - #0)] WARN  c.u.c.b.a.t.b.c.CommandLineAlgorithmRun - [PROCESS-ERR]      raise Exception(output)
21:57:04.837 [CLI TAE (STDERR Thread - #0)] WARN  c.u.c.b.a.t.b.c.CommandLineAlgorithmRun - [PROCESS-ERR]  Exception: /usr/local/bin/corral: line 2: /proj/SMACK/smac/example_scenarios/ldv/a-bSioNh.bpl: Permission denied
21:57:04.838 [CLI TAE (STDERR Thread - #0)] WARN  c.u.c.b.a.t.b.c.CommandLineAlgorithmRun - [PROCESS-ERR]  
22:56:22.632 [CLI TAE (STDERR Thread - #0)] WARN  c.u.c.b.a.t.b.c.CommandLineAlgorithmRun - [PROCESS-ERR]  Traceback (most recent call last):
22:56:22.633 [CLI TAE (STDERR Thread - #0)] WARN  c.u.c.b.a.t.b.c.CommandLineAlgorithmRun - [PROCESS-ERR]    File "/mnt/local/smack-project/smack/bin/smack", line 13, in <module>
22:56:22.633 [CLI TAE (STDERR Thread - #0)] WARN  c.u.c.b.a.t.b.c.CommandLineAlgorithmRun - [PROCESS-ERR]      smack.top.main()
22:56:22.633 [CLI TAE (STDERR Thread - #0)] WARN  c.u.c.b.a.t.b.c.CommandLineAlgorithmRun - [PROCESS-ERR]    File "/mnt/local/smack-project/smack/bin/../share/smack/top.py", line 679, in main
22:56:22.633 [CLI TAE (STDERR Thread - #0)] WARN  c.u.c.b.a.t.b.c.CommandLineAlgorithmRun - [PROCESS-ERR]      verify_bpl(args)
22:56:22.633 [CLI TAE (STDERR Thread - #0)] WARN  c.u.c.b.a.t.b.c.CommandLineAlgorithmRun - [PROCESS-ERR]    File "/mnt/local/smack-project/smack/bin/../share/smack/top.py", line 548, in verify_bpl
22:56:22.633 [CLI TAE (STDERR Thread - #0)] WARN  c.u.c.b.a.t.b.c.CommandLineAlgorithmRun - [PROCESS-ERR]      verifier_output = try_command(command, timeout=args.time_limit)
22:56:22.633 [CLI TAE (STDERR Thread - #0)] WARN  c.u.c.b.a.t.b.c.CommandLineAlgorithmRun - [PROCESS-ERR]    File "/mnt/local/smack-project/smack/bin/../share/smack/utils.py", line 69, in try_command
22:56:22.633 [CLI TAE (STDERR Thread - #0)] WARN  c.u.c.b.a.t.b.c.CommandLineAlgorithmRun - [PROCESS-ERR]      raise Exception(output)
22:56:22.633 [CLI TAE (STDERR Thread - #0)] WARN  c.u.c.b.a.t.b.c.CommandLineAlgorithmRun - [PROCESS-ERR]  Exception: /usr/local/bin/corral: line 2: /proj/SMACK/smac/example_scenarios/ldv/a-qloSxG.bpl: Permission denied
22:56:22.633 [CLI TAE (STDERR Thread - #0)] WARN  c.u.c.b.a.t.b.c.CommandLineAlgorithmRun - [PROCESS-ERR]  
22:56:22.685 [CLI TAE Callback Threads (3-9)] WARN  c.u.c.b.a.t.d.s.TimingCheckerTargetAlgorithmEvaluator - Algorithm Run Result reported a runtime of 3557.69746494 (secs) that exceeded it's cutoff time of 2000.0 (secs) by 1557.69746494 (secs). Next warning at 1558.69746494 (secs)  
22:56:22.685 [CLI TAE Callback Threads (3-9)] WARN  c.u.c.b.a.t.d.s.TimingCheckerTargetAlgorithmEvaluator - Algorithm Run Result reported wallclock time of 3557.753 (secs) that exceeded it's cutoff time of 2000.0 (secs) by 1557.7530000000002 (secs). Next warning at 1558.7530000000002 (secs)  
22:56:47.211 [CLI TAE (STDERR Thread - #0)] WARN  c.u.c.b.a.t.b.c.CommandLineAlgorithmRun - [PROCESS-ERR] Traceback (most recent call last):
  File "/mnt/local/smack-project/smack/bin/smack", line 13, in <module>
    smack.top.main()
  File "/mnt/local/smack-project/smack/bin/../share/smack/top.py", line 679, in main
    verify_bpl(args)
  File "/mnt/local/smack-project/smack/bin/../share/smack/top.py", line 548, in verify_bpl
    verifier_output = try_command(command, timeout=args.time_limit)
  File "/mnt/local/smack-project/smack/bin/../share/smack/utils.py", line 69, in try_command
    raise Exception(output)
Exception: /usr/local/bin/corral: line 2: /proj/SMACK/smac/example_scenarios/ldv/a-dQyRB9.bpl: Permission denied
22:57:07.712 [CLI TAE (STDERR Thread - #0)] WARN  c.u.c.b.a.t.b.c.CommandLineAlgorithmRun - [PROCESS-ERR]  Traceback (most recent call last):
22:57:07.713 [CLI TAE (STDERR Thread - #0)] WARN  c.u.c.b.a.t.b.c.CommandLineAlgorithmRun - [PROCESS-ERR]    File "/mnt/local/smack-project/smack/bin/smack", line 13, in <module>
22:57:07.713 [CLI TAE (STDERR Thread - #0)] WARN  c.u.c.b.a.t.b.c.CommandLineAlgorithmRun - [PROCESS-ERR]      smack.top.main()
22:57:07.713 [CLI TAE (STDERR Thread - #0)] WARN  c.u.c.b.a.t.b.c.CommandLineAlgorithmRun - [PROCESS-ERR]    File "/mnt/local/smack-project/smack/bin/../share/smack/top.py", line 679, in main
22:57:07.713 [CLI TAE (STDERR Thread - #0)] WARN  c.u.c.b.a.t.b.c.CommandLineAlgorithmRun - [PROCESS-ERR]      verify_bpl(args)
22:57:07.713 [CLI TAE (STDERR Thread - #0)] WARN  c.u.c.b.a.t.b.c.CommandLineAlgorithmRun - [PROCESS-ERR]    File "/mnt/local/smack-project/smack/bin/../share/smack/top.py", line 548, in verify_bpl
22:57:07.715 [CLI TAE (STDERR Thread - #0)] WARN  c.u.c.b.a.t.b.c.CommandLineAlgorithmRun - [PROCESS-ERR]      verifier_output = try_command(command, timeout=args.time_limit)
22:57:07.716 [CLI TAE (STDERR Thread - #0)] WARN  c.u.c.b.a.t.b.c.CommandLineAlgorithmRun - [PROCESS-ERR]    File "/mnt/local/smack-project/smack/bin/../share/smack/utils.py", line 69, in try_command
22:57:07.716 [CLI TAE (STDERR Thread - #0)] WARN  c.u.c.b.a.t.b.c.CommandLineAlgorithmRun - [PROCESS-ERR]      raise Exception(output)
22:57:07.716 [CLI TAE (STDERR Thread - #0)] WARN  c.u.c.b.a.t.b.c.CommandLineAlgorithmRun - [PROCESS-ERR]  Exception: /usr/local/bin/corral: line 2: /proj/SMACK/smac/example_scenarios/ldv/a-lzUrdJ.bpl: Permission denied
22:57:07.716 [CLI TAE (STDERR Thread - #0)] WARN  c.u.c.b.a.t.b.c.CommandLineAlgorithmRun - [PROCESS-ERR]  
23:47:55.978 [CLI TAE (STDERR Thread - #0)] WARN  c.u.c.b.a.t.b.c.CommandLineAlgorithmRun - [PROCESS-ERR]  Traceback (most recent call last):
23:47:55.979 [CLI TAE (STDERR Thread - #0)] WARN  c.u.c.b.a.t.b.c.CommandLineAlgorithmRun - [PROCESS-ERR]    File "/mnt/local/smack-project/smack/bin/smack", line 13, in <module>
23:47:55.979 [CLI TAE (STDERR Thread - #0)] WARN  c.u.c.b.a.t.b.c.CommandLineAlgorithmRun - [PROCESS-ERR]      smack.top.main()
23:47:55.979 [CLI TAE (STDERR Thread - #0)] WARN  c.u.c.b.a.t.b.c.CommandLineAlgorithmRun - [PROCESS-ERR]    File "/mnt/local/smack-project/smack/bin/../share/smack/top.py", line 679, in main
23:47:55.979 [CLI TAE (STDERR Thread - #0)] WARN  c.u.c.b.a.t.b.c.CommandLineAlgorithmRun - [PROCESS-ERR]      verify_bpl(args)
23:47:55.979 [CLI TAE (STDERR Thread - #0)] WARN  c.u.c.b.a.t.b.c.CommandLineAlgorithmRun - [PROCESS-ERR]    File "/mnt/local/smack-project/smack/bin/../share/smack/top.py", line 548, in verify_bpl
23:47:55.979 [CLI TAE (STDERR Thread - #0)] WARN  c.u.c.b.a.t.b.c.CommandLineAlgorithmRun - [PROCESS-ERR]      verifier_output = try_command(command, timeout=args.time_limit)
23:47:55.979 [CLI TAE (STDERR Thread - #0)] WARN  c.u.c.b.a.t.b.c.CommandLineAlgorithmRun - [PROCESS-ERR]    File "/mnt/local/smack-project/smack/bin/../share/smack/utils.py", line 69, in try_command
23:47:55.980 [CLI TAE (STDERR Thread - #0)] WARN  c.u.c.b.a.t.b.c.CommandLineAlgorithmRun - [PROCESS-ERR]      raise Exception(output)
23:47:55.980 [CLI TAE (STDERR Thread - #0)] WARN  c.u.c.b.a.t.b.c.CommandLineAlgorithmRun - [PROCESS-ERR]  Exception: /usr/local/bin/corral: line 2: /proj/SMACK/smac/example_scenarios/ldv/a-aFtnca.bpl: Permission denied
23:47:55.980 [CLI TAE (STDERR Thread - #0)] WARN  c.u.c.b.a.t.b.c.CommandLineAlgorithmRun - [PROCESS-ERR]  
23:47:59.876 [CLI TAE (STDERR Thread - #0)] WARN  c.u.c.b.a.t.b.c.CommandLineAlgorithmRun - [PROCESS-ERR]  Traceback (most recent call last):
23:47:59.877 [CLI TAE (STDERR Thread - #0)] WARN  c.u.c.b.a.t.b.c.CommandLineAlgorithmRun - [PROCESS-ERR]    File "/mnt/local/smack-project/smack/bin/smack", line 13, in <module>
23:47:59.877 [CLI TAE (STDERR Thread - #0)] WARN  c.u.c.b.a.t.b.c.CommandLineAlgorithmRun - [PROCESS-ERR]      smack.top.main()
23:47:59.877 [CLI TAE (STDERR Thread - #0)] WARN  c.u.c.b.a.t.b.c.CommandLineAlgorithmRun - [PROCESS-ERR]    File "/mnt/local/smack-project/smack/bin/../share/smack/top.py", line 679, in main
23:47:59.877 [CLI TAE (STDERR Thread - #0)] WARN  c.u.c.b.a.t.b.c.CommandLineAlgorithmRun - [PROCESS-ERR]      verify_bpl(args)
23:47:59.877 [CLI TAE (STDERR Thread - #0)] WARN  c.u.c.b.a.t.b.c.CommandLineAlgorithmRun - [PROCESS-ERR]    File "/mnt/local/smack-project/smack/bin/../share/smack/top.py", line 548, in verify_bpl
23:47:59.877 [CLI TAE (STDERR Thread - #0)] WARN  c.u.c.b.a.t.b.c.CommandLineAlgorithmRun - [PROCESS-ERR]      verifier_output = try_command(command, timeout=args.time_limit)
23:47:59.877 [CLI TAE (STDERR Thread - #0)] WARN  c.u.c.b.a.t.b.c.CommandLineAlgorithmRun - [PROCESS-ERR]    File "/mnt/local/smack-project/smack/bin/../share/smack/utils.py", line 69, in try_command
23:47:59.877 [CLI TAE (STDERR Thread - #0)] WARN  c.u.c.b.a.t.b.c.CommandLineAlgorithmRun - [PROCESS-ERR]      raise Exception(output)
23:47:59.877 [CLI TAE (STDERR Thread - #0)] WARN  c.u.c.b.a.t.b.c.CommandLineAlgorithmRun - [PROCESS-ERR]  Exception: /usr/local/bin/corral: line 2: /proj/SMACK/smac/example_scenarios/ldv/a-qlx5KM.bpl: Permission denied
23:47:59.877 [CLI TAE (STDERR Thread - #0)] WARN  c.u.c.b.a.t.b.c.CommandLineAlgorithmRun - [PROCESS-ERR]  
23:48:23.873 [CLI TAE (STDERR Thread - #0)] WARN  c.u.c.b.a.t.b.c.CommandLineAlgorithmRun - [PROCESS-ERR]  Traceback (most recent call last):
23:48:23.874 [CLI TAE (STDERR Thread - #0)] WARN  c.u.c.b.a.t.b.c.CommandLineAlgorithmRun - [PROCESS-ERR]    File "/mnt/local/smack-project/smack/bin/smack", line 13, in <module>
23:48:23.874 [CLI TAE (STDERR Thread - #0)] WARN  c.u.c.b.a.t.b.c.CommandLineAlgorithmRun - [PROCESS-ERR]      smack.top.main()
23:48:23.874 [CLI TAE (STDERR Thread - #0)] WARN  c.u.c.b.a.t.b.c.CommandLineAlgorithmRun - [PROCESS-ERR]    File "/mnt/local/smack-project/smack/bin/../share/smack/top.py", line 679, in main
23:48:23.874 [CLI TAE (STDERR Thread - #0)] WARN  c.u.c.b.a.t.b.c.CommandLineAlgorithmRun - [PROCESS-ERR]      verify_bpl(args)
23:48:23.874 [CLI TAE (STDERR Thread - #0)] WARN  c.u.c.b.a.t.b.c.CommandLineAlgorithmRun - [PROCESS-ERR]    File "/mnt/local/smack-project/smack/bin/../share/smack/top.py", line 548, in verify_bpl
23:48:23.874 [CLI TAE (STDERR Thread - #0)] WARN  c.u.c.b.a.t.b.c.CommandLineAlgorithmRun - [PROCESS-ERR]      verifier_output = try_command(command, timeout=args.time_limit)
23:48:23.874 [CLI TAE (STDERR Thread - #0)] WARN  c.u.c.b.a.t.b.c.CommandLineAlgorithmRun - [PROCESS-ERR]    File "/mnt/local/smack-project/smack/bin/../share/smack/utils.py", line 69, in try_command
23:48:23.874 [CLI TAE (STDERR Thread - #0)] WARN  c.u.c.b.a.t.b.c.CommandLineAlgorithmRun - [PROCESS-ERR]      raise Exception(output)
23:48:23.874 [CLI TAE (STDERR Thread - #0)] WARN  c.u.c.b.a.t.b.c.CommandLineAlgorithmRun - [PROCESS-ERR]  Exception: /usr/local/bin/corral: line 2: /proj/SMACK/smac/example_scenarios/ldv/a-GPztp1.bpl: Permission denied
23:48:23.874 [CLI TAE (STDERR Thread - #0)] WARN  c.u.c.b.a.t.b.c.CommandLineAlgorithmRun - [PROCESS-ERR]  
23:51:37.491 [CLI TAE (STDERR Thread - #0)] WARN  c.u.c.b.a.t.b.c.CommandLineAlgorithmRun - [PROCESS-ERR] Traceback (most recent call last):
  File "/mnt/local/smack-project/smack/bin/smack", line 13, in <module>
    smack.top.main()
  File "/mnt/local/smack-project/smack/bin/../share/smack/top.py", line 679, in main
    verify_bpl(args)
  File "/mnt/local/smack-project/smack/bin/../share/smack/top.py", line 548, in verify_bpl
    verifier_output = try_command(command, timeout=args.time_limit)
  File "/mnt/local/smack-project/smack/bin/../share/smack/utils.py", line 69, in try_command
    raise Exception(output)
Exception: /usr/local/bin/corral: line 2: /proj/SMACK/smac/example_scenarios/ldv/a-0NB3Do.bpl: Permission denied
23:51:57.046 [CLI TAE (STDERR Thread - #0)] WARN  c.u.c.b.a.t.b.c.CommandLineAlgorithmRun - [PROCESS-ERR] Traceback (most recent call last):
  File "/mnt/local/smack-project/smack/bin/smack", line 13, in <module>
    smack.top.main()
  File "/mnt/local/smack-project/smack/bin/../share/smack/top.py", line 679, in main
    verify_bpl(args)
  File "/mnt/local/smack-project/smack/bin/../share/smack/top.py", line 548, in verify_bpl
    verifier_output = try_command(command, timeout=args.time_limit)
  File "/mnt/local/smack-project/smack/bin/../share/smack/utils.py", line 69, in try_command
    raise Exception(output)
Exception: /usr/local/bin/corral: line 2: /proj/SMACK/smac/example_scenarios/ldv/a-i8g2By.bpl: Permission denied
23:52:42.534 [CLI TAE (STDERR Thread - #0)] WARN  c.u.c.b.a.t.b.c.CommandLineAlgorithmRun - [PROCESS-ERR]  Traceback (most recent call last):
23:52:42.535 [CLI TAE (STDERR Thread - #0)] WARN  c.u.c.b.a.t.b.c.CommandLineAlgorithmRun - [PROCESS-ERR]    File "/mnt/local/smack-project/smack/bin/smack", line 13, in <module>
23:52:42.535 [CLI TAE (STDERR Thread - #0)] WARN  c.u.c.b.a.t.b.c.CommandLineAlgorithmRun - [PROCESS-ERR]      smack.top.main()
23:52:42.535 [CLI TAE (STDERR Thread - #0)] WARN  c.u.c.b.a.t.b.c.CommandLineAlgorithmRun - [PROCESS-ERR]    File "/mnt/local/smack-project/smack/bin/../share/smack/top.py", line 679, in main
23:52:42.535 [CLI TAE (STDERR Thread - #0)] WARN  c.u.c.b.a.t.b.c.CommandLineAlgorithmRun - [PROCESS-ERR]      verify_bpl(args)
23:52:42.535 [CLI TAE (STDERR Thread - #0)] WARN  c.u.c.b.a.t.b.c.CommandLineAlgorithmRun - [PROCESS-ERR]    File "/mnt/local/smack-project/smack/bin/../share/smack/top.py", line 548, in verify_bpl
23:52:42.535 [CLI TAE (STDERR Thread - #0)] WARN  c.u.c.b.a.t.b.c.CommandLineAlgorithmRun - [PROCESS-ERR]      verifier_output = try_command(command, timeout=args.time_limit)
23:52:42.535 [CLI TAE (STDERR Thread - #0)] WARN  c.u.c.b.a.t.b.c.CommandLineAlgorithmRun - [PROCESS-ERR]    File "/mnt/local/smack-project/smack/bin/../share/smack/utils.py", line 69, in try_command
23:52:42.535 [CLI TAE (STDERR Thread - #0)] WARN  c.u.c.b.a.t.b.c.CommandLineAlgorithmRun - [PROCESS-ERR]      raise Exception(output)
23:52:42.535 [CLI TAE (STDERR Thread - #0)] WARN  c.u.c.b.a.t.b.c.CommandLineAlgorithmRun - [PROCESS-ERR]  Exception: /usr/local/bin/corral: line 2: /proj/SMACK/smac/example_scenarios/ldv/a-7kZMdn.bpl: Permission denied
23:52:42.536 [CLI TAE (STDERR Thread - #0)] WARN  c.u.c.b.a.t.b.c.CommandLineAlgorithmRun - [PROCESS-ERR]  
23:52:48.752 [CLI TAE (STDERR Thread - #0)] WARN  c.u.c.b.a.t.b.c.CommandLineAlgorithmRun - [PROCESS-ERR] Traceback (most recent call last):
  File "/mnt/local/smack-project/smack/bin/smack", line 13, in <module>
    smack.top.main()
  File "/mnt/local/smack-project/smack/bin/../share/smack/top.py", line 679, in main
    verify_bpl(args)
  File "/mnt/local/smack-project/smack/bin/../share/smack/top.py", line 548, in verify_bpl
    verifier_output = try_command(command, timeout=args.time_limit)
  File "/mnt/local/smack-project/smack/bin/../share/smack/utils.py", line 69, in try_command
    raise Exception(output)
Exception: /usr/local/bin/corral: line 2: /proj/SMACK/smac/example_scenarios/ldv/a-3I_cVt.bpl: Permission denied
23:53:03.038 [CLI TAE (STDERR Thread - #0)] WARN  c.u.c.b.a.t.b.c.CommandLineAlgorithmRun - [PROCESS-ERR]  Traceback (most recent call last):
23:53:03.038 [CLI TAE (STDERR Thread - #0)] WARN  c.u.c.b.a.t.b.c.CommandLineAlgorithmRun - [PROCESS-ERR]    File "/mnt/local/smack-project/smack/bin/smack", line 13, in <module>
23:53:03.039 [CLI TAE (STDERR Thread - #0)] WARN  c.u.c.b.a.t.b.c.CommandLineAlgorithmRun - [PROCESS-ERR]      smack.top.main()
23:53:03.039 [CLI TAE (STDERR Thread - #0)] WARN  c.u.c.b.a.t.b.c.CommandLineAlgorithmRun - [PROCESS-ERR]    File "/mnt/local/smack-project/smack/bin/../share/smack/top.py", line 679, in main
23:53:03.039 [CLI TAE (STDERR Thread - #0)] WARN  c.u.c.b.a.t.b.c.CommandLineAlgorithmRun - [PROCESS-ERR]      verify_bpl(args)
23:53:03.039 [CLI TAE (STDERR Thread - #0)] WARN  c.u.c.b.a.t.b.c.CommandLineAlgorithmRun - [PROCESS-ERR]    File "/mnt/local/smack-project/smack/bin/../share/smack/top.py", line 548, in verify_bpl
23:53:03.040 [CLI TAE (STDERR Thread - #0)] WARN  c.u.c.b.a.t.b.c.CommandLineAlgorithmRun - [PROCESS-ERR]      verifier_output = try_command(command, timeout=args.time_limit)
23:53:03.040 [CLI TAE (STDERR Thread - #0)] WARN  c.u.c.b.a.t.b.c.CommandLineAlgorithmRun - [PROCESS-ERR]    File "/mnt/local/smack-project/smack/bin/../share/smack/utils.py", line 69, in try_command
23:53:03.040 [CLI TAE (STDERR Thread - #0)] WARN  c.u.c.b.a.t.b.c.CommandLineAlgorithmRun - [PROCESS-ERR]      raise Exception(output)
23:53:03.040 [CLI TAE (STDERR Thread - #0)] WARN  c.u.c.b.a.t.b.c.CommandLineAlgorithmRun - [PROCESS-ERR]  Exception: /usr/local/bin/corral: line 2: /proj/SMACK/smac/example_scenarios/ldv/a-E4J5hp.bpl: Permission denied
23:53:03.040 [CLI TAE (STDERR Thread - #0)] WARN  c.u.c.b.a.t.b.c.CommandLineAlgorithmRun - [PROCESS-ERR]  
23:53:09.781 [CLI TAE (STDERR Thread - #0)] WARN  c.u.c.b.a.t.b.c.CommandLineAlgorithmRun - [PROCESS-ERR] Traceback (most recent call last):
  File "/mnt/local/smack-project/smack/bin/smack", line 13, in <module>
    smack.top.main()
  File "/mnt/local/smack-project/smack/bin/../share/smack/top.py", line 679, in main
    verify_bpl(args)
  File "/mnt/local/smack-project/smack/bin/../share/smack/top.py", line 548, in verify_bpl
    verifier_output = try_command(command, timeout=args.time_limit)
  File "/mnt/local/smack-project/smack/bin/../share/smack/utils.py", line 69, in try_command
    raise Exception(output)
Exception: /usr/local/bin/corral: line 2: /proj/SMACK/smac/example_scenarios/ldv/a-d390AM.bpl: Permission denied
23:53:59.611 [CLI TAE (STDERR Thread - #0)] WARN  c.u.c.b.a.t.b.c.CommandLineAlgorithmRun - [PROCESS-ERR] Traceback (most recent call last):
  File "/mnt/local/smack-project/smack/bin/smack", line 13, in <module>
    smack.top.main()
  File "/mnt/local/smack-project/smack/bin/../share/smack/top.py", line 679, in main
    verify_bpl(args)
  File "/mnt/local/smack-project/smack/bin/../share/smack/top.py", line 548, in verify_bpl
    verifier_output = try_command(command, timeout=args.time_limit)
  File "/mnt/local/smack-project/smack/bin/../share/smack/utils.py", line 69, in try_command
    raise Exception(output)
Exception: /usr/local/bin/corral: line 2: /proj/SMACK/smac/example_scenarios/ldv/a-W1aqUx.bpl: Permission denied
23:55:54.371 [CLI TAE (STDERR Thread - #0)] WARN  c.u.c.b.a.t.b.c.CommandLineAlgorithmRun - [PROCESS-ERR] Traceback (most recent call last):
  File "/mnt/local/smack-project/smack/bin/smack", line 13, in <module>
    smack.top.main()
  File "/mnt/local/smack-project/smack/bin/../share/smack/top.py", line 679, in main
    verify_bpl(args)
  File "/mnt/local/smack-project/smack/bin/../share/smack/top.py", line 548, in verify_bpl
    verifier_output = try_command(command, timeout=args.time_limit)
  File "/mnt/local/smack-project/smack/bin/../share/smack/utils.py", line 69, in try_command
    raise Exception(output)
Exception: /usr/local/bin/corral: line 2: /proj/SMACK/smac/example_scenarios/ldv/a-Q0EGvc.bpl: Permission denied
23:56:00.566 [CLI TAE (STDERR Thread - #0)] WARN  c.u.c.b.a.t.b.c.CommandLineAlgorithmRun - [PROCESS-ERR]  Traceback (most recent call last):
23:56:00.567 [CLI TAE (STDERR Thread - #0)] WARN  c.u.c.b.a.t.b.c.CommandLineAlgorithmRun - [PROCESS-ERR]    File "/mnt/local/smack-project/smack/bin/smack", line 13, in <module>
23:56:00.567 [CLI TAE (STDERR Thread - #0)] WARN  c.u.c.b.a.t.b.c.CommandLineAlgorithmRun - [PROCESS-ERR]      smack.top.main()
23:56:00.567 [CLI TAE (STDERR Thread - #0)] WARN  c.u.c.b.a.t.b.c.CommandLineAlgorithmRun - [PROCESS-ERR]    File "/mnt/local/smack-project/smack/bin/../share/smack/top.py", line 679, in main
23:56:00.567 [CLI TAE (STDERR Thread - #0)] WARN  c.u.c.b.a.t.b.c.CommandLineAlgorithmRun - [PROCESS-ERR]      verify_bpl(args)
23:56:00.567 [CLI TAE (STDERR Thread - #0)] WARN  c.u.c.b.a.t.b.c.CommandLineAlgorithmRun - [PROCESS-ERR]    File "/mnt/local/smack-project/smack/bin/../share/smack/top.py", line 548, in verify_bpl
23:56:00.567 [CLI TAE (STDERR Thread - #0)] WARN  c.u.c.b.a.t.b.c.CommandLineAlgorithmRun - [PROCESS-ERR]      verifier_output = try_command(command, timeout=args.time_limit)
23:56:00.567 [CLI TAE (STDERR Thread - #0)] WARN  c.u.c.b.a.t.b.c.CommandLineAlgorithmRun - [PROCESS-ERR]    File "/mnt/local/smack-project/smack/bin/../share/smack/utils.py", line 69, in try_command
23:56:00.568 [CLI TAE (STDERR Thread - #0)] WARN  c.u.c.b.a.t.b.c.CommandLineAlgorithmRun - [PROCESS-ERR]      raise Exception(output)
23:56:00.568 [CLI TAE (STDERR Thread - #0)] WARN  c.u.c.b.a.t.b.c.CommandLineAlgorithmRun - [PROCESS-ERR]  Exception: /usr/local/bin/corral: line 2: /proj/SMACK/smac/example_scenarios/ldv/a-6CVV2e.bpl: Permission denied
23:56:00.568 [CLI TAE (STDERR Thread - #0)] WARN  c.u.c.b.a.t.b.c.CommandLineAlgorithmRun - [PROCESS-ERR]  
23:57:24.418 [CLI TAE (STDERR Thread - #0)] WARN  c.u.c.b.a.t.b.c.CommandLineAlgorithmRun - [PROCESS-ERR]  Traceback (most recent call last):
23:57:24.419 [CLI TAE (STDERR Thread - #0)] WARN  c.u.c.b.a.t.b.c.CommandLineAlgorithmRun - [PROCESS-ERR]    File "/mnt/local/smack-project/smack/bin/smack", line 13, in <module>
23:57:24.419 [CLI TAE (STDERR Thread - #0)] WARN  c.u.c.b.a.t.b.c.CommandLineAlgorithmRun - [PROCESS-ERR]      smack.top.main()
23:57:24.419 [CLI TAE (STDERR Thread - #0)] WARN  c.u.c.b.a.t.b.c.CommandLineAlgorithmRun - [PROCESS-ERR]    File "/mnt/local/smack-project/smack/bin/../share/smack/top.py", line 679, in main
23:57:24.419 [CLI TAE (STDERR Thread - #0)] WARN  c.u.c.b.a.t.b.c.CommandLineAlgorithmRun - [PROCESS-ERR]      verify_bpl(args)
23:57:24.420 [CLI TAE (STDERR Thread - #0)] WARN  c.u.c.b.a.t.b.c.CommandLineAlgorithmRun - [PROCESS-ERR]    File "/mnt/local/smack-project/smack/bin/../share/smack/top.py", line 548, in verify_bpl
23:57:24.420 [CLI TAE (STDERR Thread - #0)] WARN  c.u.c.b.a.t.b.c.CommandLineAlgorithmRun - [PROCESS-ERR]      verifier_output = try_command(command, timeout=args.time_limit)
23:57:24.420 [CLI TAE (STDERR Thread - #0)] WARN  c.u.c.b.a.t.b.c.CommandLineAlgorithmRun - [PROCESS-ERR]    File "/mnt/local/smack-project/smack/bin/../share/smack/utils.py", line 69, in try_command
23:57:24.420 [CLI TAE (STDERR Thread - #0)] WARN  c.u.c.b.a.t.b.c.CommandLineAlgorithmRun - [PROCESS-ERR]      raise Exception(output)
23:57:24.420 [CLI TAE (STDERR Thread - #0)] WARN  c.u.c.b.a.t.b.c.CommandLineAlgorithmRun - [PROCESS-ERR]  Exception: /usr/local/bin/corral: line 2: /proj/SMACK/smac/example_scenarios/ldv/a-ZazJZ9.bpl: Permission denied
23:57:24.420 [CLI TAE (STDERR Thread - #0)] WARN  c.u.c.b.a.t.b.c.CommandLineAlgorithmRun - [PROCESS-ERR]  
23:57:42.768 [CLI TAE (STDERR Thread - #0)] WARN  c.u.c.b.a.t.b.c.CommandLineAlgorithmRun - [PROCESS-ERR]  Traceback (most recent call last):
23:57:42.769 [CLI TAE (STDERR Thread - #0)] WARN  c.u.c.b.a.t.b.c.CommandLineAlgorithmRun - [PROCESS-ERR]    File "/mnt/local/smack-project/smack/bin/smack", line 13, in <module>
23:57:42.769 [CLI TAE (STDERR Thread - #0)] WARN  c.u.c.b.a.t.b.c.CommandLineAlgorithmRun - [PROCESS-ERR]      smack.top.main()
23:57:42.769 [CLI TAE (STDERR Thread - #0)] WARN  c.u.c.b.a.t.b.c.CommandLineAlgorithmRun - [PROCESS-ERR]    File "/mnt/local/smack-project/smack/bin/../share/smack/top.py", line 679, in main
23:57:42.769 [CLI TAE (STDERR Thread - #0)] WARN  c.u.c.b.a.t.b.c.CommandLineAlgorithmRun - [PROCESS-ERR]      verify_bpl(args)
23:57:42.769 [CLI TAE (STDERR Thread - #0)] WARN  c.u.c.b.a.t.b.c.CommandLineAlgorithmRun - [PROCESS-ERR]    File "/mnt/local/smack-project/smack/bin/../share/smack/top.py", line 548, in verify_bpl
23:57:42.769 [CLI TAE (STDERR Thread - #0)] WARN  c.u.c.b.a.t.b.c.CommandLineAlgorithmRun - [PROCESS-ERR]      verifier_output = try_command(command, timeout=args.time_limit)
23:57:42.769 [CLI TAE (STDERR Thread - #0)] WARN  c.u.c.b.a.t.b.c.CommandLineAlgorithmRun - [PROCESS-ERR]    File "/mnt/local/smack-project/smack/bin/../share/smack/utils.py", line 69, in try_command
23:57:42.769 [CLI TAE (STDERR Thread - #0)] WARN  c.u.c.b.a.t.b.c.CommandLineAlgorithmRun - [PROCESS-ERR]      raise Exception(output)
23:57:42.769 [CLI TAE (STDERR Thread - #0)] WARN  c.u.c.b.a.t.b.c.CommandLineAlgorithmRun - [PROCESS-ERR]  Exception: /usr/local/bin/corral: line 2: /proj/SMACK/smac/example_scenarios/ldv/a-8gqLW9.bpl: Permission denied
23:57:42.769 [CLI TAE (STDERR Thread - #0)] WARN  c.u.c.b.a.t.b.c.CommandLineAlgorithmRun - [PROCESS-ERR]  
23:57:44.786 [CLI TAE (STDERR Thread - #0)] WARN  c.u.c.b.a.t.b.c.CommandLineAlgorithmRun - [PROCESS-ERR]  Traceback (most recent call last):
23:57:44.787 [CLI TAE (STDERR Thread - #0)] WARN  c.u.c.b.a.t.b.c.CommandLineAlgorithmRun - [PROCESS-ERR]    File "/mnt/local/smack-project/smack/bin/smack", line 13, in <module>
23:57:44.787 [CLI TAE (STDERR Thread - #0)] WARN  c.u.c.b.a.t.b.c.CommandLineAlgorithmRun - [PROCESS-ERR]      smack.top.main()
23:57:44.787 [CLI TAE (STDERR Thread - #0)] WARN  c.u.c.b.a.t.b.c.CommandLineAlgorithmRun - [PROCESS-ERR]    File "/mnt/local/smack-project/smack/bin/../share/smack/top.py", line 679, in main
23:57:44.787 [CLI TAE (STDERR Thread - #0)] WARN  c.u.c.b.a.t.b.c.CommandLineAlgorithmRun - [PROCESS-ERR]      verify_bpl(args)
23:57:44.787 [CLI TAE (STDERR Thread - #0)] WARN  c.u.c.b.a.t.b.c.CommandLineAlgorithmRun - [PROCESS-ERR]    File "/mnt/local/smack-project/smack/bin/../share/smack/top.py", line 548, in verify_bpl
23:57:44.787 [CLI TAE (STDERR Thread - #0)] WARN  c.u.c.b.a.t.b.c.CommandLineAlgorithmRun - [PROCESS-ERR]      verifier_output = try_command(command, timeout=args.time_limit)
23:57:44.787 [CLI TAE (STDERR Thread - #0)] WARN  c.u.c.b.a.t.b.c.CommandLineAlgorithmRun - [PROCESS-ERR]    File "/mnt/local/smack-project/smack/bin/../share/smack/utils.py", line 69, in try_command
23:57:44.787 [CLI TAE (STDERR Thread - #0)] WARN  c.u.c.b.a.t.b.c.CommandLineAlgorithmRun - [PROCESS-ERR]      raise Exception(output)
23:57:44.787 [CLI TAE (STDERR Thread - #0)] WARN  c.u.c.b.a.t.b.c.CommandLineAlgorithmRun - [PROCESS-ERR]  Exception: /usr/local/bin/corral: line 2: /proj/SMACK/smac/example_scenarios/ldv/a-JL2Xoq.bpl: Permission denied
23:57:44.788 [CLI TAE (STDERR Thread - #0)] WARN  c.u.c.b.a.t.b.c.CommandLineAlgorithmRun - [PROCESS-ERR]  
23:59:06.493 [CLI TAE (STDERR Thread - #0)] WARN  c.u.c.b.a.t.b.c.CommandLineAlgorithmRun - [PROCESS-ERR]  Traceback (most recent call last):
23:59:06.493 [CLI TAE (STDERR Thread - #0)] WARN  c.u.c.b.a.t.b.c.CommandLineAlgorithmRun - [PROCESS-ERR]    File "/mnt/local/smack-project/smack/bin/smack", line 13, in <module>
23:59:06.494 [CLI TAE (STDERR Thread - #0)] WARN  c.u.c.b.a.t.b.c.CommandLineAlgorithmRun - [PROCESS-ERR]      smack.top.main()
23:59:06.494 [CLI TAE (STDERR Thread - #0)] WARN  c.u.c.b.a.t.b.c.CommandLineAlgorithmRun - [PROCESS-ERR]    File "/mnt/local/smack-project/smack/bin/../share/smack/top.py", line 679, in main
23:59:06.494 [CLI TAE (STDERR Thread - #0)] WARN  c.u.c.b.a.t.b.c.CommandLineAlgorithmRun - [PROCESS-ERR]      verify_bpl(args)
23:59:06.494 [CLI TAE (STDERR Thread - #0)] WARN  c.u.c.b.a.t.b.c.CommandLineAlgorithmRun - [PROCESS-ERR]    File "/mnt/local/smack-project/smack/bin/../share/smack/top.py", line 548, in verify_bpl
23:59:06.494 [CLI TAE (STDERR Thread - #0)] WARN  c.u.c.b.a.t.b.c.CommandLineAlgorithmRun - [PROCESS-ERR]      verifier_output = try_command(command, timeout=args.time_limit)
23:59:06.494 [CLI TAE (STDERR Thread - #0)] WARN  c.u.c.b.a.t.b.c.CommandLineAlgorithmRun - [PROCESS-ERR]    File "/mnt/local/smack-project/smack/bin/../share/smack/utils.py", line 69, in try_command
23:59:06.494 [CLI TAE (STDERR Thread - #0)] WARN  c.u.c.b.a.t.b.c.CommandLineAlgorithmRun - [PROCESS-ERR]      raise Exception(output)
23:59:06.494 [CLI TAE (STDERR Thread - #0)] WARN  c.u.c.b.a.t.b.c.CommandLineAlgorithmRun - [PROCESS-ERR]  Exception: /usr/local/bin/corral: line 2: /proj/SMACK/smac/example_scenarios/ldv/a-NkrI9C.bpl: Permission denied
23:59:06.494 [CLI TAE (STDERR Thread - #0)] WARN  c.u.c.b.a.t.b.c.CommandLineAlgorithmRun - [PROCESS-ERR]  
23:59:56.580 [CLI TAE (STDERR Thread - #0)] WARN  c.u.c.b.a.t.b.c.CommandLineAlgorithmRun - [PROCESS-ERR] Traceback (most recent call last):
  File "/mnt/local/smack-project/smack/bin/smack", line 13, in <module>
    smack.top.main()
  File "/mnt/local/smack-project/smack/bin/../share/smack/top.py", line 679, in main
    verify_bpl(args)
  File "/mnt/local/smack-project/smack/bin/../share/smack/top.py", line 548, in verify_bpl
    verifier_output = try_command(command, timeout=args.time_limit)
  File "/mnt/local/smack-project/smack/bin/../share/smack/utils.py", line 69, in try_command
    raise Exception(output)
Exception: /usr/local/bin/corral: line 2: /proj/SMACK/smac/example_scenarios/ldv/a-HxJMSv.bpl: Permission denied
00:01:51.031 [CLI TAE (STDERR Thread - #0)] WARN  c.u.c.b.a.t.b.c.CommandLineAlgorithmRun - [PROCESS-ERR] Traceback (most recent call last):
  File "/mnt/local/smack-project/smack/bin/smack", line 13, in <module>
    smack.top.main()
  File "/mnt/local/smack-project/smack/bin/../share/smack/top.py", line 679, in main
    verify_bpl(args)
  File "/mnt/local/smack-project/smack/bin/../share/smack/top.py", line 548, in verify_bpl
    verifier_output = try_command(command, timeout=args.time_limit)
  File "/mnt/local/smack-project/smack/bin/../share/smack/utils.py", line 69, in try_command
    raise Exception(output)
Exception: /usr/local/bin/corral: line 2: /proj/SMACK/smac/example_scenarios/ldv/a-94g7TS.bpl: Permission denied
00:05:16.537 [CLI TAE (STDERR Thread - #0)] WARN  c.u.c.b.a.t.b.c.CommandLineAlgorithmRun - [PROCESS-ERR]  Traceback (most recent call last):
00:05:16.538 [CLI TAE (STDERR Thread - #0)] WARN  c.u.c.b.a.t.b.c.CommandLineAlgorithmRun - [PROCESS-ERR]    File "/mnt/local/smack-project/smack/bin/smack", line 13, in <module>
00:05:16.538 [CLI TAE (STDERR Thread - #0)] WARN  c.u.c.b.a.t.b.c.CommandLineAlgorithmRun - [PROCESS-ERR]      smack.top.main()
00:05:16.538 [CLI TAE (STDERR Thread - #0)] WARN  c.u.c.b.a.t.b.c.CommandLineAlgorithmRun - [PROCESS-ERR]    File "/mnt/local/smack-project/smack/bin/../share/smack/top.py", line 679, in main
00:05:16.539 [CLI TAE (STDERR Thread - #0)] WARN  c.u.c.b.a.t.b.c.CommandLineAlgorithmRun - [PROCESS-ERR]      verify_bpl(args)
00:05:16.539 [CLI TAE (STDERR Thread - #0)] WARN  c.u.c.b.a.t.b.c.CommandLineAlgorithmRun - [PROCESS-ERR]    File "/mnt/local/smack-project/smack/bin/../share/smack/top.py", line 548, in verify_bpl
00:05:16.539 [CLI TAE (STDERR Thread - #0)] WARN  c.u.c.b.a.t.b.c.CommandLineAlgorithmRun - [PROCESS-ERR]      verifier_output = try_command(command, timeout=args.time_limit)
00:05:16.539 [CLI TAE (STDERR Thread - #0)] WARN  c.u.c.b.a.t.b.c.CommandLineAlgorithmRun - [PROCESS-ERR]    File "/mnt/local/smack-project/smack/bin/../share/smack/utils.py", line 69, in try_command
00:05:16.539 [CLI TAE (STDERR Thread - #0)] WARN  c.u.c.b.a.t.b.c.CommandLineAlgorithmRun - [PROCESS-ERR]      raise Exception(output)
00:05:16.539 [CLI TAE (STDERR Thread - #0)] WARN  c.u.c.b.a.t.b.c.CommandLineAlgorithmRun - [PROCESS-ERR]  Exception: /usr/local/bin/corral: line 2: /proj/SMACK/smac/example_scenarios/ldv/a-Wvs8iU.bpl: Permission denied
00:05:16.539 [CLI TAE (STDERR Thread - #0)] WARN  c.u.c.b.a.t.b.c.CommandLineAlgorithmRun - [PROCESS-ERR]  
00:06:49.117 [CLI TAE (STDERR Thread - #0)] WARN  c.u.c.b.a.t.b.c.CommandLineAlgorithmRun - [PROCESS-ERR] Traceback (most recent call last):
  File "/mnt/local/smack-project/smack/bin/smack", line 13, in <module>
    smack.top.main()
  File "/mnt/local/smack-project/smack/bin/../share/smack/top.py", line 679, in main
    verify_bpl(args)
  File "/mnt/local/smack-project/smack/bin/../share/smack/top.py", line 548, in verify_bpl
    verifier_output = try_command(command, timeout=args.time_limit)
  File "/mnt/local/smack-project/smack/bin/../share/smack/utils.py", line 69, in try_command
    raise Exception(output)
Exception: /usr/local/bin/corral: line 2: /proj/SMACK/smac/example_scenarios/ldv/a-tFhVsY.bpl: Permission denied
00:08:20.443 [CLI TAE (STDERR Thread - #0)] WARN  c.u.c.b.a.t.b.c.CommandLineAlgorithmRun - [PROCESS-ERR]  Traceback (most recent call last):
00:08:20.445 [CLI TAE (STDERR Thread - #0)] WARN  c.u.c.b.a.t.b.c.CommandLineAlgorithmRun - [PROCESS-ERR]    File "/mnt/local/smack-project/smack/bin/smack", line 13, in <module>
00:08:20.445 [CLI TAE (STDERR Thread - #0)] WARN  c.u.c.b.a.t.b.c.CommandLineAlgorithmRun - [PROCESS-ERR]      smack.top.main()
00:08:20.445 [CLI TAE (STDERR Thread - #0)] WARN  c.u.c.b.a.t.b.c.CommandLineAlgorithmRun - [PROCESS-ERR]    File "/mnt/local/smack-project/smack/bin/../share/smack/top.py", line 679, in main
00:08:20.445 [CLI TAE (STDERR Thread - #0)] WARN  c.u.c.b.a.t.b.c.CommandLineAlgorithmRun - [PROCESS-ERR]      verify_bpl(args)
00:08:20.445 [CLI TAE (STDERR Thread - #0)] WARN  c.u.c.b.a.t.b.c.CommandLineAlgorithmRun - [PROCESS-ERR]    File "/mnt/local/smack-project/smack/bin/../share/smack/top.py", line 548, in verify_bpl
00:08:20.445 [CLI TAE (STDERR Thread - #0)] WARN  c.u.c.b.a.t.b.c.CommandLineAlgorithmRun - [PROCESS-ERR]      verifier_output = try_command(command, timeout=args.time_limit)
00:08:20.446 [CLI TAE (STDERR Thread - #0)] WARN  c.u.c.b.a.t.b.c.CommandLineAlgorithmRun - [PROCESS-ERR]    File "/mnt/local/smack-project/smack/bin/../share/smack/utils.py", line 69, in try_command
00:08:20.446 [CLI TAE (STDERR Thread - #0)] WARN  c.u.c.b.a.t.b.c.CommandLineAlgorithmRun - [PROCESS-ERR]      raise Exception(output)
00:08:20.446 [CLI TAE (STDERR Thread - #0)] WARN  c.u.c.b.a.t.b.c.CommandLineAlgorithmRun - [PROCESS-ERR]  Exception: /usr/local/bin/corral: line 2: /proj/SMACK/smac/example_scenarios/ldv/a-o1uBpr.bpl: Permission denied
00:08:20.446 [CLI TAE (STDERR Thread - #0)] WARN  c.u.c.b.a.t.b.c.CommandLineAlgorithmRun - [PROCESS-ERR]  
00:08:24.720 [CLI TAE (STDERR Thread - #0)] WARN  c.u.c.b.a.t.b.c.CommandLineAlgorithmRun - [PROCESS-ERR]  Traceback (most recent call last):
00:08:24.721 [CLI TAE (STDERR Thread - #0)] WARN  c.u.c.b.a.t.b.c.CommandLineAlgorithmRun - [PROCESS-ERR]    File "/mnt/local/smack-project/smack/bin/smack", line 13, in <module>
00:08:24.721 [CLI TAE (STDERR Thread - #0)] WARN  c.u.c.b.a.t.b.c.CommandLineAlgorithmRun - [PROCESS-ERR]      smack.top.main()
00:08:24.721 [CLI TAE (STDERR Thread - #0)] WARN  c.u.c.b.a.t.b.c.CommandLineAlgorithmRun - [PROCESS-ERR]    File "/mnt/local/smack-project/smack/bin/../share/smack/top.py", line 679, in main
00:08:24.721 [CLI TAE (STDERR Thread - #0)] WARN  c.u.c.b.a.t.b.c.CommandLineAlgorithmRun - [PROCESS-ERR]      verify_bpl(args)
00:08:24.721 [CLI TAE (STDERR Thread - #0)] WARN  c.u.c.b.a.t.b.c.CommandLineAlgorithmRun - [PROCESS-ERR]    File "/mnt/local/smack-project/smack/bin/../share/smack/top.py", line 548, in verify_bpl
00:08:24.721 [CLI TAE (STDERR Thread - #0)] WARN  c.u.c.b.a.t.b.c.CommandLineAlgorithmRun - [PROCESS-ERR]      verifier_output = try_command(command, timeout=args.time_limit)
00:08:24.721 [CLI TAE (STDERR Thread - #0)] WARN  c.u.c.b.a.t.b.c.CommandLineAlgorithmRun - [PROCESS-ERR]    File "/mnt/local/smack-project/smack/bin/../share/smack/utils.py", line 69, in try_command
00:08:24.721 [CLI TAE (STDERR Thread - #0)] WARN  c.u.c.b.a.t.b.c.CommandLineAlgorithmRun - [PROCESS-ERR]      raise Exception(output)
00:08:24.721 [CLI TAE (STDERR Thread - #0)] WARN  c.u.c.b.a.t.b.c.CommandLineAlgorithmRun - [PROCESS-ERR]  Exception: /usr/local/bin/corral: line 2: /proj/SMACK/smac/example_scenarios/ldv/a-mfBtf7.bpl: Permission denied
00:08:24.721 [CLI TAE (STDERR Thread - #0)] WARN  c.u.c.b.a.t.b.c.CommandLineAlgorithmRun - [PROCESS-ERR]  
00:08:30.244 [CLI TAE (STDERR Thread - #0)] WARN  c.u.c.b.a.t.b.c.CommandLineAlgorithmRun - [PROCESS-ERR] Traceback (most recent call last):
  File "/mnt/local/smack-project/smack/bin/smack", line 13, in <module>
    smack.top.main()
  File "/mnt/local/smack-project/smack/bin/../share/smack/top.py", line 679, in main
    verify_bpl(args)
  File "/mnt/local/smack-project/smack/bin/../share/smack/top.py", line 548, in verify_bpl
    verifier_output = try_command(command, timeout=args.time_limit)
  File "/mnt/local/smack-project/smack/bin/../share/smack/utils.py", line 69, in try_command
    raise Exception(output)
Exception: /usr/local/bin/corral: line 2: /proj/SMACK/smac/example_scenarios/ldv/a-zMtCyt.bpl: Permission denied
00:08:48.787 [CLI TAE (STDERR Thread - #0)] WARN  c.u.c.b.a.t.b.c.CommandLineAlgorithmRun - [PROCESS-ERR]  Traceback (most recent call last):
00:08:48.787 [CLI TAE (STDERR Thread - #0)] WARN  c.u.c.b.a.t.b.c.CommandLineAlgorithmRun - [PROCESS-ERR]    File "/mnt/local/smack-project/smack/bin/smack", line 13, in <module>
00:08:48.787 [CLI TAE (STDERR Thread - #0)] WARN  c.u.c.b.a.t.b.c.CommandLineAlgorithmRun - [PROCESS-ERR]      smack.top.main()
00:08:48.787 [CLI TAE (STDERR Thread - #0)] WARN  c.u.c.b.a.t.b.c.CommandLineAlgorithmRun - [PROCESS-ERR]    File "/mnt/local/smack-project/smack/bin/../share/smack/top.py", line 679, in main
00:08:48.787 [CLI TAE (STDERR Thread - #0)] WARN  c.u.c.b.a.t.b.c.CommandLineAlgorithmRun - [PROCESS-ERR]      verify_bpl(args)
00:08:48.787 [CLI TAE (STDERR Thread - #0)] WARN  c.u.c.b.a.t.b.c.CommandLineAlgorithmRun - [PROCESS-ERR]    File "/mnt/local/smack-project/smack/bin/../share/smack/top.py", line 548, in verify_bpl
00:08:48.787 [CLI TAE (STDERR Thread - #0)] WARN  c.u.c.b.a.t.b.c.CommandLineAlgorithmRun - [PROCESS-ERR]      verifier_output = try_command(command, timeout=args.time_limit)
00:08:48.787 [CLI TAE (STDERR Thread - #0)] WARN  c.u.c.b.a.t.b.c.CommandLineAlgorithmRun - [PROCESS-ERR]    File "/mnt/local/smack-project/smack/bin/../share/smack/utils.py", line 69, in try_command
00:08:48.787 [CLI TAE (STDERR Thread - #0)] WARN  c.u.c.b.a.t.b.c.CommandLineAlgorithmRun - [PROCESS-ERR]      raise Exception(output)
00:08:48.787 [CLI TAE (STDERR Thread - #0)] WARN  c.u.c.b.a.t.b.c.CommandLineAlgorithmRun - [PROCESS-ERR]  Exception: /usr/local/bin/corral: line 2: /proj/SMACK/smac/example_scenarios/ldv/a-q5yhZ6.bpl: Permission denied
00:08:48.787 [CLI TAE (STDERR Thread - #0)] WARN  c.u.c.b.a.t.b.c.CommandLineAlgorithmRun - [PROCESS-ERR]  
00:08:50.998 [CLI TAE (STDERR Thread - #0)] WARN  c.u.c.b.a.t.b.c.CommandLineAlgorithmRun - [PROCESS-ERR]  Traceback (most recent call last):
00:08:50.998 [CLI TAE (STDERR Thread - #0)] WARN  c.u.c.b.a.t.b.c.CommandLineAlgorithmRun - [PROCESS-ERR]    File "/mnt/local/smack-project/smack/bin/smack", line 13, in <module>
00:08:50.998 [CLI TAE (STDERR Thread - #0)] WARN  c.u.c.b.a.t.b.c.CommandLineAlgorithmRun - [PROCESS-ERR]      smack.top.main()
00:08:50.998 [CLI TAE (STDERR Thread - #0)] WARN  c.u.c.b.a.t.b.c.CommandLineAlgorithmRun - [PROCESS-ERR]    File "/mnt/local/smack-project/smack/bin/../share/smack/top.py", line 679, in main
00:08:50.998 [CLI TAE (STDERR Thread - #0)] WARN  c.u.c.b.a.t.b.c.CommandLineAlgorithmRun - [PROCESS-ERR]      verify_bpl(args)
00:08:50.998 [CLI TAE (STDERR Thread - #0)] WARN  c.u.c.b.a.t.b.c.CommandLineAlgorithmRun - [PROCESS-ERR]    File "/mnt/local/smack-project/smack/bin/../share/smack/top.py", line 548, in verify_bpl
00:08:50.998 [CLI TAE (STDERR Thread - #0)] WARN  c.u.c.b.a.t.b.c.CommandLineAlgorithmRun - [PROCESS-ERR]      verifier_output = try_command(command, timeout=args.time_limit)
00:08:50.998 [CLI TAE (STDERR Thread - #0)] WARN  c.u.c.b.a.t.b.c.CommandLineAlgorithmRun - [PROCESS-ERR]    File "/mnt/local/smack-project/smack/bin/../share/smack/utils.py", line 69, in try_command
00:08:50.998 [CLI TAE (STDERR Thread - #0)] WARN  c.u.c.b.a.t.b.c.CommandLineAlgorithmRun - [PROCESS-ERR]      raise Exception(output)
00:08:50.998 [CLI TAE (STDERR Thread - #0)] WARN  c.u.c.b.a.t.b.c.CommandLineAlgorithmRun - [PROCESS-ERR]  Exception: /usr/local/bin/corral: line 2: /proj/SMACK/smac/example_scenarios/ldv/a-AGHrQy.bpl: Permission denied
00:08:50.999 [CLI TAE (STDERR Thread - #0)] WARN  c.u.c.b.a.t.b.c.CommandLineAlgorithmRun - [PROCESS-ERR]  
00:08:56.336 [CLI TAE (STDERR Thread - #0)] WARN  c.u.c.b.a.t.b.c.CommandLineAlgorithmRun - [PROCESS-ERR] Traceback (most recent call last):
  File "/mnt/local/smack-project/smack/bin/smack", line 13, in <module>
    smack.top.main()
  File "/mnt/local/smack-project/smack/bin/../share/smack/top.py", line 679, in main
    verify_bpl(args)
  File "/mnt/local/smack-project/smack/bin/../share/smack/top.py", line 548, in verify_bpl
    verifier_output = try_command(command, timeout=args.time_limit)
  File "/mnt/local/smack-project/smack/bin/../share/smack/utils.py", line 69, in try_command
    raise Exception(output)
Exception: /usr/local/bin/corral: line 2: /proj/SMACK/smac/example_scenarios/ldv/a-nQOxJl.bpl: Permission denied
00:10:08.384 [CLI TAE (STDERR Thread - #0)] WARN  c.u.c.b.a.t.b.c.CommandLineAlgorithmRun - [PROCESS-ERR]  Traceback (most recent call last):
00:10:08.384 [CLI TAE (STDERR Thread - #0)] WARN  c.u.c.b.a.t.b.c.CommandLineAlgorithmRun - [PROCESS-ERR]    File "/mnt/local/smack-project/smack/bin/smack", line 13, in <module>
00:10:08.384 [CLI TAE (STDERR Thread - #0)] WARN  c.u.c.b.a.t.b.c.CommandLineAlgorithmRun - [PROCESS-ERR]      smack.top.main()
00:10:08.385 [CLI TAE (STDERR Thread - #0)] WARN  c.u.c.b.a.t.b.c.CommandLineAlgorithmRun - [PROCESS-ERR]    File "/mnt/local/smack-project/smack/bin/../share/smack/top.py", line 679, in main
00:10:08.385 [CLI TAE (STDERR Thread - #0)] WARN  c.u.c.b.a.t.b.c.CommandLineAlgorithmRun - [PROCESS-ERR]      verify_bpl(args)
00:10:08.385 [CLI TAE (STDERR Thread - #0)] WARN  c.u.c.b.a.t.b.c.CommandLineAlgorithmRun - [PROCESS-ERR]    File "/mnt/local/smack-project/smack/bin/../share/smack/top.py", line 548, in verify_bpl
00:10:08.385 [CLI TAE (STDERR Thread - #0)] WARN  c.u.c.b.a.t.b.c.CommandLineAlgorithmRun - [PROCESS-ERR]      verifier_output = try_command(command, timeout=args.time_limit)
00:10:08.385 [CLI TAE (STDERR Thread - #0)] WARN  c.u.c.b.a.t.b.c.CommandLineAlgorithmRun - [PROCESS-ERR]    File "/mnt/local/smack-project/smack/bin/../share/smack/utils.py", line 69, in try_command
00:10:08.385 [CLI TAE (STDERR Thread - #0)] WARN  c.u.c.b.a.t.b.c.CommandLineAlgorithmRun - [PROCESS-ERR]      raise Exception(output)
00:10:08.385 [CLI TAE (STDERR Thread - #0)] WARN  c.u.c.b.a.t.b.c.CommandLineAlgorithmRun - [PROCESS-ERR]  Exception: /usr/local/bin/corral: line 2: /proj/SMACK/smac/example_scenarios/ldv/a-CKSukS.bpl: Permission denied
00:10:08.385 [CLI TAE (STDERR Thread - #0)] WARN  c.u.c.b.a.t.b.c.CommandLineAlgorithmRun - [PROCESS-ERR]  
00:11:22.075 [CLI TAE (STDERR Thread - #0)] WARN  c.u.c.b.a.t.b.c.CommandLineAlgorithmRun - [PROCESS-ERR]  Traceback (most recent call last):
00:11:22.076 [CLI TAE (STDERR Thread - #0)] WARN  c.u.c.b.a.t.b.c.CommandLineAlgorithmRun - [PROCESS-ERR]    File "/mnt/local/smack-project/smack/bin/smack", line 13, in <module>
00:11:22.076 [CLI TAE (STDERR Thread - #0)] WARN  c.u.c.b.a.t.b.c.CommandLineAlgorithmRun - [PROCESS-ERR]      smack.top.main()
00:11:22.076 [CLI TAE (STDERR Thread - #0)] WARN  c.u.c.b.a.t.b.c.CommandLineAlgorithmRun - [PROCESS-ERR]    File "/mnt/local/smack-project/smack/bin/../share/smack/top.py", line 679, in main
00:11:22.076 [CLI TAE (STDERR Thread - #0)] WARN  c.u.c.b.a.t.b.c.CommandLineAlgorithmRun - [PROCESS-ERR]      verify_bpl(args)
00:11:22.076 [CLI TAE (STDERR Thread - #0)] WARN  c.u.c.b.a.t.b.c.CommandLineAlgorithmRun - [PROCESS-ERR]    File "/mnt/local/smack-project/smack/bin/../share/smack/top.py", line 548, in verify_bpl
00:11:22.076 [CLI TAE (STDERR Thread - #0)] WARN  c.u.c.b.a.t.b.c.CommandLineAlgorithmRun - [PROCESS-ERR]      verifier_output = try_command(command, timeout=args.time_limit)
00:11:22.076 [CLI TAE (STDERR Thread - #0)] WARN  c.u.c.b.a.t.b.c.CommandLineAlgorithmRun - [PROCESS-ERR]    File "/mnt/local/smack-project/smack/bin/../share/smack/utils.py", line 69, in try_command
00:11:22.077 [CLI TAE (STDERR Thread - #0)] WARN  c.u.c.b.a.t.b.c.CommandLineAlgorithmRun - [PROCESS-ERR]      raise Exception(output)
00:11:22.077 [CLI TAE (STDERR Thread - #0)] WARN  c.u.c.b.a.t.b.c.CommandLineAlgorithmRun - [PROCESS-ERR]  Exception: /usr/local/bin/corral: line 2: /proj/SMACK/smac/example_scenarios/ldv/a-CaoD_e.bpl: Permission denied
00:11:22.077 [CLI TAE (STDERR Thread - #0)] WARN  c.u.c.b.a.t.b.c.CommandLineAlgorithmRun - [PROCESS-ERR]  
00:11:37.989 [CLI TAE (STDERR Thread - #0)] WARN  c.u.c.b.a.t.b.c.CommandLineAlgorithmRun - [PROCESS-ERR] Traceback (most recent call last):
  File "/mnt/local/smack-project/smack/bin/smack", line 13, in <module>
    smack.top.main()
  File "/mnt/local/smack-project/smack/bin/../share/smack/top.py", line 679, in main
    verify_bpl(args)
  File "/mnt/local/smack-project/smack/bin/../share/smack/top.py", line 548, in verify_bpl
    verifier_output = try_command(command, timeout=args.time_limit)
  File "/mnt/local/smack-project/smack/bin/../share/smack/utils.py", line 69, in try_command
    raise Exception(output)
Exception: /usr/local/bin/corral: line 2: /proj/SMACK/smac/example_scenarios/ldv/a-prRfUg.bpl: Permission denied
00:14:52.139 [CLI TAE (STDERR Thread - #0)] WARN  c.u.c.b.a.t.b.c.CommandLineAlgorithmRun - [PROCESS-ERR] Traceback (most recent call last):
  File "/mnt/local/smack-project/smack/bin/smack", line 13, in <module>
    smack.top.main()
  File "/mnt/local/smack-project/smack/bin/../share/smack/top.py", line 679, in main
    verify_bpl(args)
  File "/mnt/local/smack-project/smack/bin/../share/smack/top.py", line 548, in verify_bpl
    verifier_output = try_command(command, timeout=args.time_limit)
  File "/mnt/local/smack-project/smack/bin/../share/smack/utils.py", line 69, in try_command
    raise Exception(output)
Exception: /usr/local/bin/corral: line 2: /proj/SMACK/smac/example_scenarios/ldv/a-JveRAp.bpl: Permission denied
00:15:35.172 [CLI TAE (STDERR Thread - #0)] WARN  c.u.c.b.a.t.b.c.CommandLineAlgorithmRun - [PROCESS-ERR]  Traceback (most recent call last):
00:15:35.173 [CLI TAE (STDERR Thread - #0)] WARN  c.u.c.b.a.t.b.c.CommandLineAlgorithmRun - [PROCESS-ERR]    File "/mnt/local/smack-project/smack/bin/smack", line 13, in <module>
00:15:35.173 [CLI TAE (STDERR Thread - #0)] WARN  c.u.c.b.a.t.b.c.CommandLineAlgorithmRun - [PROCESS-ERR]      smack.top.main()
00:15:35.173 [CLI TAE (STDERR Thread - #0)] WARN  c.u.c.b.a.t.b.c.CommandLineAlgorithmRun - [PROCESS-ERR]    File "/mnt/local/smack-project/smack/bin/../share/smack/top.py", line 679, in main
00:15:35.173 [CLI TAE (STDERR Thread - #0)] WARN  c.u.c.b.a.t.b.c.CommandLineAlgorithmRun - [PROCESS-ERR]      verify_bpl(args)
00:15:35.173 [CLI TAE (STDERR Thread - #0)] WARN  c.u.c.b.a.t.b.c.CommandLineAlgorithmRun - [PROCESS-ERR]    File "/mnt/local/smack-project/smack/bin/../share/smack/top.py", line 548, in verify_bpl
00:15:35.173 [CLI TAE (STDERR Thread - #0)] WARN  c.u.c.b.a.t.b.c.CommandLineAlgorithmRun - [PROCESS-ERR]      verifier_output = try_command(command, timeout=args.time_limit)
00:15:35.173 [CLI TAE (STDERR Thread - #0)] WARN  c.u.c.b.a.t.b.c.CommandLineAlgorithmRun - [PROCESS-ERR]    File "/mnt/local/smack-project/smack/bin/../share/smack/utils.py", line 69, in try_command
00:15:35.173 [CLI TAE (STDERR Thread - #0)] WARN  c.u.c.b.a.t.b.c.CommandLineAlgorithmRun - [PROCESS-ERR]      raise Exception(output)
00:15:35.173 [CLI TAE (STDERR Thread - #0)] WARN  c.u.c.b.a.t.b.c.CommandLineAlgorithmRun - [PROCESS-ERR]  Exception: /usr/local/bin/corral: line 2: /proj/SMACK/smac/example_scenarios/ldv/a-90phEV.bpl: Permission denied
00:15:35.173 [CLI TAE (STDERR Thread - #0)] WARN  c.u.c.b.a.t.b.c.CommandLineAlgorithmRun - [PROCESS-ERR]  
01:03:40.131 [CLI TAE (STDERR Thread - #0)] WARN  c.u.c.b.a.t.b.c.CommandLineAlgorithmRun - [PROCESS-ERR] Traceback (most recent call last):
  File "/mnt/local/smack-project/smack/bin/smack", line 13, in <module>
    smack.top.main()
  File "/mnt/local/smack-project/smack/bin/../share/smack/top.py", line 679, in main
    verify_bpl(args)
  File "/mnt/local/smack-project/smack/bin/../share/smack/top.py", line 548, in verify_bpl
    verifier_output = try_command(command, timeout=args.time_limit)
  File "/mnt/local/smack-project/smack/bin/../share/smack/utils.py", line 69, in try_command
    raise Exception(output)
Exception: /usr/local/bin/corral: line 2: /proj/SMACK/smac/example_scenarios/ldv/a-9ZrAaJ.bpl: Permission denied
01:04:00.882 [CLI TAE (STDERR Thread - #0)] WARN  c.u.c.b.a.t.b.c.CommandLineAlgorithmRun - [PROCESS-ERR]  Traceback (most recent call last):
01:04:00.883 [CLI TAE (STDERR Thread - #0)] WARN  c.u.c.b.a.t.b.c.CommandLineAlgorithmRun - [PROCESS-ERR]    File "/mnt/local/smack-project/smack/bin/smack", line 13, in <module>
01:04:00.883 [CLI TAE (STDERR Thread - #0)] WARN  c.u.c.b.a.t.b.c.CommandLineAlgorithmRun - [PROCESS-ERR]      smack.top.main()
01:04:00.883 [CLI TAE (STDERR Thread - #0)] WARN  c.u.c.b.a.t.b.c.CommandLineAlgorithmRun - [PROCESS-ERR]    File "/mnt/local/smack-project/smack/bin/../share/smack/top.py", line 679, in main
01:04:00.883 [CLI TAE (STDERR Thread - #0)] WARN  c.u.c.b.a.t.b.c.CommandLineAlgorithmRun - [PROCESS-ERR]      verify_bpl(args)
01:04:00.883 [CLI TAE (STDERR Thread - #0)] WARN  c.u.c.b.a.t.b.c.CommandLineAlgorithmRun - [PROCESS-ERR]    File "/mnt/local/smack-project/smack/bin/../share/smack/top.py", line 548, in verify_bpl
01:04:00.883 [CLI TAE (STDERR Thread - #0)] WARN  c.u.c.b.a.t.b.c.CommandLineAlgorithmRun - [PROCESS-ERR]      verifier_output = try_command(command, timeout=args.time_limit)
01:04:00.883 [CLI TAE (STDERR Thread - #0)] WARN  c.u.c.b.a.t.b.c.CommandLineAlgorithmRun - [PROCESS-ERR]    File "/mnt/local/smack-project/smack/bin/../share/smack/utils.py", line 69, in try_command
01:04:00.883 [CLI TAE (STDERR Thread - #0)] WARN  c.u.c.b.a.t.b.c.CommandLineAlgorithmRun - [PROCESS-ERR]      raise Exception(output)
01:04:00.883 [CLI TAE (STDERR Thread - #0)] WARN  c.u.c.b.a.t.b.c.CommandLineAlgorithmRun - [PROCESS-ERR]  Exception: /usr/local/bin/corral: line 2: /proj/SMACK/smac/example_scenarios/ldv/a-8eRZpl.bpl: Permission denied
01:04:00.883 [CLI TAE (STDERR Thread - #0)] WARN  c.u.c.b.a.t.b.c.CommandLineAlgorithmRun - [PROCESS-ERR]  
01:05:52.493 [CLI TAE (STDERR Thread - #0)] WARN  c.u.c.b.a.t.b.c.CommandLineAlgorithmRun - [PROCESS-ERR] Traceback (most recent call last):
  File "/mnt/local/smack-project/smack/bin/smack", line 13, in <module>
    smack.top.main()
  File "/mnt/local/smack-project/smack/bin/../share/smack/top.py", line 679, in main
    verify_bpl(args)
  File "/mnt/local/smack-project/smack/bin/../share/smack/top.py", line 548, in verify_bpl
    verifier_output = try_command(command, timeout=args.time_limit)
  File "/mnt/local/smack-project/smack/bin/../share/smack/utils.py", line 69, in try_command
    raise Exception(output)
Exception: /usr/local/bin/corral: line 2: /proj/SMACK/smac/example_scenarios/ldv/a-OVaxfC.bpl: Permission denied
01:06:01.169 [CLI TAE (STDERR Thread - #0)] WARN  c.u.c.b.a.t.b.c.CommandLineAlgorithmRun - [PROCESS-ERR]  Traceback (most recent call last):
01:06:01.173 [CLI TAE (STDERR Thread - #0)] WARN  c.u.c.b.a.t.b.c.CommandLineAlgorithmRun - [PROCESS-ERR]    File "/mnt/local/smack-project/smack/bin/smack", line 13, in <module>
01:06:01.173 [CLI TAE (STDERR Thread - #0)] WARN  c.u.c.b.a.t.b.c.CommandLineAlgorithmRun - [PROCESS-ERR]      smack.top.main()
01:06:01.173 [CLI TAE (STDERR Thread - #0)] WARN  c.u.c.b.a.t.b.c.CommandLineAlgorithmRun - [PROCESS-ERR]    File "/mnt/local/smack-project/smack/bin/../share/smack/top.py", line 679, in main
01:06:01.173 [CLI TAE (STDERR Thread - #0)] WARN  c.u.c.b.a.t.b.c.CommandLineAlgorithmRun - [PROCESS-ERR]      verify_bpl(args)
01:06:01.173 [CLI TAE (STDERR Thread - #0)] WARN  c.u.c.b.a.t.b.c.CommandLineAlgorithmRun - [PROCESS-ERR]    File "/mnt/local/smack-project/smack/bin/../share/smack/top.py", line 548, in verify_bpl
01:06:01.173 [CLI TAE (STDERR Thread - #0)] WARN  c.u.c.b.a.t.b.c.CommandLineAlgorithmRun - [PROCESS-ERR]      verifier_output = try_command(command, timeout=args.time_limit)
01:06:01.173 [CLI TAE (STDERR Thread - #0)] WARN  c.u.c.b.a.t.b.c.CommandLineAlgorithmRun - [PROCESS-ERR]    File "/mnt/local/smack-project/smack/bin/../share/smack/utils.py", line 69, in try_command
01:06:01.173 [CLI TAE (STDERR Thread - #0)] WARN  c.u.c.b.a.t.b.c.CommandLineAlgorithmRun - [PROCESS-ERR]      raise Exception(output)
01:06:01.173 [CLI TAE (STDERR Thread - #0)] WARN  c.u.c.b.a.t.b.c.CommandLineAlgorithmRun - [PROCESS-ERR]  Exception: /usr/local/bin/corral: line 2: /proj/SMACK/smac/example_scenarios/ldv/a-c4MfYm.bpl: Permission denied
01:06:01.173 [CLI TAE (STDERR Thread - #0)] WARN  c.u.c.b.a.t.b.c.CommandLineAlgorithmRun - [PROCESS-ERR]  
01:06:06.699 [CLI TAE (STDERR Thread - #0)] WARN  c.u.c.b.a.t.b.c.CommandLineAlgorithmRun - [PROCESS-ERR] Traceback (most recent call last):
  File "/mnt/local/smack-project/smack/bin/smack", line 13, in <module>
    smack.top.main()
  File "/mnt/local/smack-project/smack/bin/../share/smack/top.py", line 679, in main
    verify_bpl(args)
  File "/mnt/local/smack-project/smack/bin/../share/smack/top.py", line 548, in verify_bpl
    verifier_output = try_command(command, timeout=args.time_limit)
  File "/mnt/local/smack-project/smack/bin/../share/smack/utils.py", line 69, in try_command
    raise Exception(output)
Exception: /usr/local/bin/corral: line 2: /proj/SMACK/smac/example_scenarios/ldv/a-KKQuH3.bpl: Permission denied
01:06:10.521 [CLI TAE (STDERR Thread - #0)] WARN  c.u.c.b.a.t.b.c.CommandLineAlgorithmRun - [PROCESS-ERR]  Traceback (most recent call last):
01:06:10.522 [CLI TAE (STDERR Thread - #0)] WARN  c.u.c.b.a.t.b.c.CommandLineAlgorithmRun - [PROCESS-ERR]    File "/mnt/local/smack-project/smack/bin/smack", line 13, in <module>
01:06:10.522 [CLI TAE (STDERR Thread - #0)] WARN  c.u.c.b.a.t.b.c.CommandLineAlgorithmRun - [PROCESS-ERR]      smack.top.main()
01:06:10.522 [CLI TAE (STDERR Thread - #0)] WARN  c.u.c.b.a.t.b.c.CommandLineAlgorithmRun - [PROCESS-ERR]    File "/mnt/local/smack-project/smack/bin/../share/smack/top.py", line 679, in main
01:06:10.522 [CLI TAE (STDERR Thread - #0)] WARN  c.u.c.b.a.t.b.c.CommandLineAlgorithmRun - [PROCESS-ERR]      verify_bpl(args)
01:06:10.523 [CLI TAE (STDERR Thread - #0)] WARN  c.u.c.b.a.t.b.c.CommandLineAlgorithmRun - [PROCESS-ERR]    File "/mnt/local/smack-project/smack/bin/../share/smack/top.py", line 548, in verify_bpl
01:06:10.523 [CLI TAE (STDERR Thread - #0)] WARN  c.u.c.b.a.t.b.c.CommandLineAlgorithmRun - [PROCESS-ERR]      verifier_output = try_command(command, timeout=args.time_limit)
01:06:10.523 [CLI TAE (STDERR Thread - #0)] WARN  c.u.c.b.a.t.b.c.CommandLineAlgorithmRun - [PROCESS-ERR]    File "/mnt/local/smack-project/smack/bin/../share/smack/utils.py", line 69, in try_command
01:06:10.523 [CLI TAE (STDERR Thread - #0)] WARN  c.u.c.b.a.t.b.c.CommandLineAlgorithmRun - [PROCESS-ERR]      raise Exception(output)
01:06:10.523 [CLI TAE (STDERR Thread - #0)] WARN  c.u.c.b.a.t.b.c.CommandLineAlgorithmRun - [PROCESS-ERR]  Exception: /usr/local/bin/corral: line 2: /proj/SMACK/smac/example_scenarios/ldv/a-bTAKBV.bpl: Permission denied
01:06:10.523 [CLI TAE (STDERR Thread - #0)] WARN  c.u.c.b.a.t.b.c.CommandLineAlgorithmRun - [PROCESS-ERR]  
01:08:05.718 [CLI TAE (STDERR Thread - #0)] WARN  c.u.c.b.a.t.b.c.CommandLineAlgorithmRun - [PROCESS-ERR]  Traceback (most recent call last):
01:08:05.719 [CLI TAE (STDERR Thread - #0)] WARN  c.u.c.b.a.t.b.c.CommandLineAlgorithmRun - [PROCESS-ERR]    File "/mnt/local/smack-project/smack/bin/smack", line 13, in <module>
01:08:05.719 [CLI TAE (STDERR Thread - #0)] WARN  c.u.c.b.a.t.b.c.CommandLineAlgorithmRun - [PROCESS-ERR]      smack.top.main()
01:08:05.719 [CLI TAE (STDERR Thread - #0)] WARN  c.u.c.b.a.t.b.c.CommandLineAlgorithmRun - [PROCESS-ERR]    File "/mnt/local/smack-project/smack/bin/../share/smack/top.py", line 679, in main
01:08:05.719 [CLI TAE (STDERR Thread - #0)] WARN  c.u.c.b.a.t.b.c.CommandLineAlgorithmRun - [PROCESS-ERR]      verify_bpl(args)
01:08:05.719 [CLI TAE (STDERR Thread - #0)] WARN  c.u.c.b.a.t.b.c.CommandLineAlgorithmRun - [PROCESS-ERR]    File "/mnt/local/smack-project/smack/bin/../share/smack/top.py", line 548, in verify_bpl
01:08:05.719 [CLI TAE (STDERR Thread - #0)] WARN  c.u.c.b.a.t.b.c.CommandLineAlgorithmRun - [PROCESS-ERR]      verifier_output = try_command(command, timeout=args.time_limit)
01:08:05.719 [CLI TAE (STDERR Thread - #0)] WARN  c.u.c.b.a.t.b.c.CommandLineAlgorithmRun - [PROCESS-ERR]    File "/mnt/local/smack-project/smack/bin/../share/smack/utils.py", line 69, in try_command
01:08:05.719 [CLI TAE (STDERR Thread - #0)] WARN  c.u.c.b.a.t.b.c.CommandLineAlgorithmRun - [PROCESS-ERR]      raise Exception(output)
01:08:05.719 [CLI TAE (STDERR Thread - #0)] WARN  c.u.c.b.a.t.b.c.CommandLineAlgorithmRun - [PROCESS-ERR]  Exception: /usr/local/bin/corral: line 2: /proj/SMACK/smac/example_scenarios/ldv/a-0_ATEC.bpl: Permission denied
01:08:05.719 [CLI TAE (STDERR Thread - #0)] WARN  c.u.c.b.a.t.b.c.CommandLineAlgorithmRun - [PROCESS-ERR]  
01:08:28.624 [CLI TAE (STDERR Thread - #0)] WARN  c.u.c.b.a.t.b.c.CommandLineAlgorithmRun - [PROCESS-ERR]  Traceback (most recent call last):
01:08:28.624 [CLI TAE (STDERR Thread - #0)] WARN  c.u.c.b.a.t.b.c.CommandLineAlgorithmRun - [PROCESS-ERR]    File "/mnt/local/smack-project/smack/bin/smack", line 13, in <module>
01:08:28.624 [CLI TAE (STDERR Thread - #0)] WARN  c.u.c.b.a.t.b.c.CommandLineAlgorithmRun - [PROCESS-ERR]      smack.top.main()
01:08:28.624 [CLI TAE (STDERR Thread - #0)] WARN  c.u.c.b.a.t.b.c.CommandLineAlgorithmRun - [PROCESS-ERR]    File "/mnt/local/smack-project/smack/bin/../share/smack/top.py", line 679, in main
01:08:28.624 [CLI TAE (STDERR Thread - #0)] WARN  c.u.c.b.a.t.b.c.CommandLineAlgorithmRun - [PROCESS-ERR]      verify_bpl(args)
01:08:28.624 [CLI TAE (STDERR Thread - #0)] WARN  c.u.c.b.a.t.b.c.CommandLineAlgorithmRun - [PROCESS-ERR]    File "/mnt/local/smack-project/smack/bin/../share/smack/top.py", line 548, in verify_bpl
01:08:28.624 [CLI TAE (STDERR Thread - #0)] WARN  c.u.c.b.a.t.b.c.CommandLineAlgorithmRun - [PROCESS-ERR]      verifier_output = try_command(command, timeout=args.time_limit)
01:08:28.624 [CLI TAE (STDERR Thread - #0)] WARN  c.u.c.b.a.t.b.c.CommandLineAlgorithmRun - [PROCESS-ERR]    File "/mnt/local/smack-project/smack/bin/../share/smack/utils.py", line 69, in try_command
01:08:28.625 [CLI TAE (STDERR Thread - #0)] WARN  c.u.c.b.a.t.b.c.CommandLineAlgorithmRun - [PROCESS-ERR]      raise Exception(output)
01:08:28.625 [CLI TAE (STDERR Thread - #0)] WARN  c.u.c.b.a.t.b.c.CommandLineAlgorithmRun - [PROCESS-ERR]  Exception: /usr/local/bin/corral: line 2: /proj/SMACK/smac/example_scenarios/ldv/a-jHgSVY.bpl: Permission denied
01:08:28.625 [CLI TAE (STDERR Thread - #0)] WARN  c.u.c.b.a.t.b.c.CommandLineAlgorithmRun - [PROCESS-ERR]  
01:08:36.717 [CLI TAE (STDERR Thread - #0)] WARN  c.u.c.b.a.t.b.c.CommandLineAlgorithmRun - [PROCESS-ERR] Traceback (most recent call last):
  File "/mnt/local/smack-project/smack/bin/smack", line 13, in <module>
    smack.top.main()
  File "/mnt/local/smack-project/smack/bin/../share/smack/top.py", line 679, in main
    verify_bpl(args)
  File "/mnt/local/smack-project/smack/bin/../share/smack/top.py", line 548, in verify_bpl
    verifier_output = try_command(command, timeout=args.time_limit)
  File "/mnt/local/smack-project/smack/bin/../share/smack/utils.py", line 69, in try_command
    raise Exception(output)
Exception: /usr/local/bin/corral: line 2: /proj/SMACK/smac/example_scenarios/ldv/a-b5y0ON.bpl: Permission denied
01:08:41.688 [CLI TAE (STDERR Thread - #0)] WARN  c.u.c.b.a.t.b.c.CommandLineAlgorithmRun - [PROCESS-ERR]  Traceback (most recent call last):
01:08:41.688 [CLI TAE (STDERR Thread - #0)] WARN  c.u.c.b.a.t.b.c.CommandLineAlgorithmRun - [PROCESS-ERR]    File "/mnt/local/smack-project/smack/bin/smack", line 13, in <module>
01:08:41.688 [CLI TAE (STDERR Thread - #0)] WARN  c.u.c.b.a.t.b.c.CommandLineAlgorithmRun - [PROCESS-ERR]      smack.top.main()
01:08:41.688 [CLI TAE (STDERR Thread - #0)] WARN  c.u.c.b.a.t.b.c.CommandLineAlgorithmRun - [PROCESS-ERR]    File "/mnt/local/smack-project/smack/bin/../share/smack/top.py", line 679, in main
01:08:41.688 [CLI TAE (STDERR Thread - #0)] WARN  c.u.c.b.a.t.b.c.CommandLineAlgorithmRun - [PROCESS-ERR]      verify_bpl(args)
01:08:41.688 [CLI TAE (STDERR Thread - #0)] WARN  c.u.c.b.a.t.b.c.CommandLineAlgorithmRun - [PROCESS-ERR]    File "/mnt/local/smack-project/smack/bin/../share/smack/top.py", line 548, in verify_bpl
01:08:41.688 [CLI TAE (STDERR Thread - #0)] WARN  c.u.c.b.a.t.b.c.CommandLineAlgorithmRun - [PROCESS-ERR]      verifier_output = try_command(command, timeout=args.time_limit)
01:08:41.689 [CLI TAE (STDERR Thread - #0)] WARN  c.u.c.b.a.t.b.c.CommandLineAlgorithmRun - [PROCESS-ERR]    File "/mnt/local/smack-project/smack/bin/../share/smack/utils.py", line 69, in try_command
01:08:41.689 [CLI TAE (STDERR Thread - #0)] WARN  c.u.c.b.a.t.b.c.CommandLineAlgorithmRun - [PROCESS-ERR]      raise Exception(output)
01:08:41.689 [CLI TAE (STDERR Thread - #0)] WARN  c.u.c.b.a.t.b.c.CommandLineAlgorithmRun - [PROCESS-ERR]  Exception: /usr/local/bin/corral: line 2: /proj/SMACK/smac/example_scenarios/ldv/a-2GtspR.bpl: Permission denied
01:08:41.689 [CLI TAE (STDERR Thread - #0)] WARN  c.u.c.b.a.t.b.c.CommandLineAlgorithmRun - [PROCESS-ERR]  
01:08:55.956 [CLI TAE (STDERR Thread - #0)] WARN  c.u.c.b.a.t.b.c.CommandLineAlgorithmRun - [PROCESS-ERR] Traceback (most recent call last):
  File "/mnt/local/smack-project/smack/bin/smack", line 13, in <module>
    smack.top.main()
  File "/mnt/local/smack-project/smack/bin/../share/smack/top.py", line 679, in main
    verify_bpl(args)
  File "/mnt/local/smack-project/smack/bin/../share/smack/top.py", line 548, in verify_bpl
    verifier_output = try_command(command, timeout=args.time_limit)
  File "/mnt/local/smack-project/smack/bin/../share/smack/utils.py", line 69, in try_command
    raise Exception(output)
Exception: /usr/local/bin/corral: line 2: /proj/SMACK/smac/example_scenarios/ldv/a-_UPun7.bpl: Permission denied
01:09:04.727 [CLI TAE (STDERR Thread - #0)] WARN  c.u.c.b.a.t.b.c.CommandLineAlgorithmRun - [PROCESS-ERR]  Traceback (most recent call last):
01:09:04.728 [CLI TAE (STDERR Thread - #0)] WARN  c.u.c.b.a.t.b.c.CommandLineAlgorithmRun - [PROCESS-ERR]    File "/mnt/local/smack-project/smack/bin/smack", line 13, in <module>
01:09:04.728 [CLI TAE (STDERR Thread - #0)] WARN  c.u.c.b.a.t.b.c.CommandLineAlgorithmRun - [PROCESS-ERR]      smack.top.main()
01:09:04.728 [CLI TAE (STDERR Thread - #0)] WARN  c.u.c.b.a.t.b.c.CommandLineAlgorithmRun - [PROCESS-ERR]    File "/mnt/local/smack-project/smack/bin/../share/smack/top.py", line 679, in main
01:09:04.728 [CLI TAE (STDERR Thread - #0)] WARN  c.u.c.b.a.t.b.c.CommandLineAlgorithmRun - [PROCESS-ERR]      verify_bpl(args)
01:09:04.728 [CLI TAE (STDERR Thread - #0)] WARN  c.u.c.b.a.t.b.c.CommandLineAlgorithmRun - [PROCESS-ERR]    File "/mnt/local/smack-project/smack/bin/../share/smack/top.py", line 548, in verify_bpl
01:09:04.728 [CLI TAE (STDERR Thread - #0)] WARN  c.u.c.b.a.t.b.c.CommandLineAlgorithmRun - [PROCESS-ERR]      verifier_output = try_command(command, timeout=args.time_limit)
01:09:04.728 [CLI TAE (STDERR Thread - #0)] WARN  c.u.c.b.a.t.b.c.CommandLineAlgorithmRun - [PROCESS-ERR]    File "/mnt/local/smack-project/smack/bin/../share/smack/utils.py", line 69, in try_command
01:09:04.729 [CLI TAE (STDERR Thread - #0)] WARN  c.u.c.b.a.t.b.c.CommandLineAlgorithmRun - [PROCESS-ERR]      raise Exception(output)
01:09:04.729 [CLI TAE (STDERR Thread - #0)] WARN  c.u.c.b.a.t.b.c.CommandLineAlgorithmRun - [PROCESS-ERR]  Exception: /usr/local/bin/corral: line 2: /proj/SMACK/smac/example_scenarios/ldv/a-k2JwY4.bpl: Permission denied
01:09:04.729 [CLI TAE (STDERR Thread - #0)] WARN  c.u.c.b.a.t.b.c.CommandLineAlgorithmRun - [PROCESS-ERR]  
01:09:43.553 [CLI TAE (STDERR Thread - #0)] WARN  c.u.c.b.a.t.b.c.CommandLineAlgorithmRun - [PROCESS-ERR]  Traceback (most recent call last):
01:09:43.554 [CLI TAE (STDERR Thread - #0)] WARN  c.u.c.b.a.t.b.c.CommandLineAlgorithmRun - [PROCESS-ERR]    File "/mnt/local/smack-project/smack/bin/smack", line 13, in <module>
01:09:43.554 [CLI TAE (STDERR Thread - #0)] WARN  c.u.c.b.a.t.b.c.CommandLineAlgorithmRun - [PROCESS-ERR]      smack.top.main()
01:09:43.554 [CLI TAE (STDERR Thread - #0)] WARN  c.u.c.b.a.t.b.c.CommandLineAlgorithmRun - [PROCESS-ERR]    File "/mnt/local/smack-project/smack/bin/../share/smack/top.py", line 679, in main
01:09:43.554 [CLI TAE (STDERR Thread - #0)] WARN  c.u.c.b.a.t.b.c.CommandLineAlgorithmRun - [PROCESS-ERR]      verify_bpl(args)
01:09:43.554 [CLI TAE (STDERR Thread - #0)] WARN  c.u.c.b.a.t.b.c.CommandLineAlgorithmRun - [PROCESS-ERR]    File "/mnt/local/smack-project/smack/bin/../share/smack/top.py", line 548, in verify_bpl
01:09:43.554 [CLI TAE (STDERR Thread - #0)] WARN  c.u.c.b.a.t.b.c.CommandLineAlgorithmRun - [PROCESS-ERR]      verifier_output = try_command(command, timeout=args.time_limit)
01:09:43.554 [CLI TAE (STDERR Thread - #0)] WARN  c.u.c.b.a.t.b.c.CommandLineAlgorithmRun - [PROCESS-ERR]    File "/mnt/local/smack-project/smack/bin/../share/smack/utils.py", line 69, in try_command
01:09:43.554 [CLI TAE (STDERR Thread - #0)] WARN  c.u.c.b.a.t.b.c.CommandLineAlgorithmRun - [PROCESS-ERR]      raise Exception(output)
01:09:43.554 [CLI TAE (STDERR Thread - #0)] WARN  c.u.c.b.a.t.b.c.CommandLineAlgorithmRun - [PROCESS-ERR]  Exception: /usr/local/bin/corral: line 2: /proj/SMACK/smac/example_scenarios/ldv/a-_0zbTy.bpl: Permission denied
01:09:43.554 [CLI TAE (STDERR Thread - #0)] WARN  c.u.c.b.a.t.b.c.CommandLineAlgorithmRun - [PROCESS-ERR]  
01:10:55.385 [CLI TAE (STDERR Thread - #0)] WARN  c.u.c.b.a.t.b.c.CommandLineAlgorithmRun - [PROCESS-ERR] Traceback (most recent call last):
  File "/mnt/local/smack-project/smack/bin/smack", line 13, in <module>
    smack.top.main()
  File "/mnt/local/smack-project/smack/bin/../share/smack/top.py", line 679, in main
    verify_bpl(args)
  File "/mnt/local/smack-project/smack/bin/../share/smack/top.py", line 548, in verify_bpl
    verifier_output = try_command(command, timeout=args.time_limit)
  File "/mnt/local/smack-project/smack/bin/../share/smack/utils.py", line 69, in try_command
    raise Exception(output)
Exception: /usr/local/bin/corral: line 2: /proj/SMACK/smac/example_scenarios/ldv/a-gY119d.bpl: Permission denied
01:58:01.342 [CLI TAE (STDERR Thread - #0)] WARN  c.u.c.b.a.t.b.c.CommandLineAlgorithmRun - [PROCESS-ERR]  Traceback (most recent call last):
01:58:01.343 [CLI TAE (STDERR Thread - #0)] WARN  c.u.c.b.a.t.b.c.CommandLineAlgorithmRun - [PROCESS-ERR]    File "/mnt/local/smack-project/smack/bin/smack", line 13, in <module>
01:58:01.343 [CLI TAE (STDERR Thread - #0)] WARN  c.u.c.b.a.t.b.c.CommandLineAlgorithmRun - [PROCESS-ERR]      smack.top.main()
01:58:01.343 [CLI TAE (STDERR Thread - #0)] WARN  c.u.c.b.a.t.b.c.CommandLineAlgorithmRun - [PROCESS-ERR]    File "/mnt/local/smack-project/smack/bin/../share/smack/top.py", line 679, in main
01:58:01.343 [CLI TAE (STDERR Thread - #0)] WARN  c.u.c.b.a.t.b.c.CommandLineAlgorithmRun - [PROCESS-ERR]      verify_bpl(args)
01:58:01.343 [CLI TAE (STDERR Thread - #0)] WARN  c.u.c.b.a.t.b.c.CommandLineAlgorithmRun - [PROCESS-ERR]    File "/mnt/local/smack-project/smack/bin/../share/smack/top.py", line 548, in verify_bpl
01:58:01.343 [CLI TAE (STDERR Thread - #0)] WARN  c.u.c.b.a.t.b.c.CommandLineAlgorithmRun - [PROCESS-ERR]      verifier_output = try_command(command, timeout=args.time_limit)
01:58:01.343 [CLI TAE (STDERR Thread - #0)] WARN  c.u.c.b.a.t.b.c.CommandLineAlgorithmRun - [PROCESS-ERR]    File "/mnt/local/smack-project/smack/bin/../share/smack/utils.py", line 69, in try_command
01:58:01.343 [CLI TAE (STDERR Thread - #0)] WARN  c.u.c.b.a.t.b.c.CommandLineAlgorithmRun - [PROCESS-ERR]      raise Exception(output)
01:58:01.343 [CLI TAE (STDERR Thread - #0)] WARN  c.u.c.b.a.t.b.c.CommandLineAlgorithmRun - [PROCESS-ERR]  Exception: /usr/local/bin/corral: line 2: /proj/SMACK/smac/example_scenarios/ldv/a-8O1X5M.bpl: Permission denied
01:58:01.344 [CLI TAE (STDERR Thread - #0)] WARN  c.u.c.b.a.t.b.c.CommandLineAlgorithmRun - [PROCESS-ERR]  
01:58:05.513 [CLI TAE (STDERR Thread - #0)] WARN  c.u.c.b.a.t.b.c.CommandLineAlgorithmRun - [PROCESS-ERR] Traceback (most recent call last):
  File "/mnt/local/smack-project/smack/bin/smack", line 13, in <module>
    smack.top.main()
  File "/mnt/local/smack-project/smack/bin/../share/smack/top.py", line 679, in main
    verify_bpl(args)
  File "/mnt/local/smack-project/smack/bin/../share/smack/top.py", line 548, in verify_bpl
    verifier_output = try_command(command, timeout=args.time_limit)
  File "/mnt/local/smack-project/smack/bin/../share/smack/utils.py", line 69, in try_command
    raise Exception(output)
Exception: /usr/local/bin/corral: line 2: /proj/SMACK/smac/example_scenarios/ldv/a-caZVtv.bpl: Permission denied
01:58:23.462 [CLI TAE (STDERR Thread - #0)] WARN  c.u.c.b.a.t.b.c.CommandLineAlgorithmRun - [PROCESS-ERR] Traceback (most recent call last):
  File "/mnt/local/smack-project/smack/bin/smack", line 13, in <module>
    smack.top.main()
  File "/mnt/local/smack-project/smack/bin/../share/smack/top.py", line 679, in main
    verify_bpl(args)
  File "/mnt/local/smack-project/smack/bin/../share/smack/top.py", line 548, in verify_bpl
    verifier_output = try_command(command, timeout=args.time_limit)
  File "/mnt/local/smack-project/smack/bin/../share/smack/utils.py", line 69, in try_command
    raise Exception(output)
Exception: /usr/local/bin/corral: line 2: /proj/SMACK/smac/example_scenarios/ldv/a-98xvKl.bpl: Permission denied
01:58:36.250 [CLI TAE (STDERR Thread - #0)] WARN  c.u.c.b.a.t.b.c.CommandLineAlgorithmRun - [PROCESS-ERR] Traceback (most recent call last):
  File "/mnt/local/smack-project/smack/bin/smack", line 13, in <module>
    smack.top.main()
  File "/mnt/local/smack-project/smack/bin/../share/smack/top.py", line 679, in main
    verify_bpl(args)
  File "/mnt/local/smack-project/smack/bin/../share/smack/top.py", line 548, in verify_bpl
    verifier_output = try_command(command, timeout=args.time_limit)
  File "/mnt/local/smack-project/smack/bin/../share/smack/utils.py", line 69, in try_command
    raise Exception(output)
Exception: /usr/local/bin/corral: line 2: /proj/SMACK/smac/example_scenarios/ldv/a-6aWCdZ.bpl: Permission denied
01:58:42.933 [CLI TAE (STDERR Thread - #0)] WARN  c.u.c.b.a.t.b.c.CommandLineAlgorithmRun - [PROCESS-ERR] Traceback (most recent call last):
  File "/mnt/local/smack-project/smack/bin/smack", line 13, in <module>
    smack.top.main()
  File "/mnt/local/smack-project/smack/bin/../share/smack/top.py", line 679, in main
    verify_bpl(args)
  File "/mnt/local/smack-project/smack/bin/../share/smack/top.py", line 548, in verify_bpl
    verifier_output = try_command(command, timeout=args.time_limit)
  File "/mnt/local/smack-project/smack/bin/../share/smack/utils.py", line 69, in try_command
    raise Exception(output)
Exception: /usr/local/bin/corral: line 2: /proj/SMACK/smac/example_scenarios/ldv/a-CHozT6.bpl: Permission denied
01:58:50.264 [CLI TAE (STDERR Thread - #0)] WARN  c.u.c.b.a.t.b.c.CommandLineAlgorithmRun - [PROCESS-ERR]  Traceback (most recent call last):
01:58:50.264 [CLI TAE (STDERR Thread - #0)] WARN  c.u.c.b.a.t.b.c.CommandLineAlgorithmRun - [PROCESS-ERR]    File "/mnt/local/smack-project/smack/bin/smack", line 13, in <module>
01:58:50.264 [CLI TAE (STDERR Thread - #0)] WARN  c.u.c.b.a.t.b.c.CommandLineAlgorithmRun - [PROCESS-ERR]      smack.top.main()
01:58:50.265 [CLI TAE (STDERR Thread - #0)] WARN  c.u.c.b.a.t.b.c.CommandLineAlgorithmRun - [PROCESS-ERR]    File "/mnt/local/smack-project/smack/bin/../share/smack/top.py", line 679, in main
01:58:50.265 [CLI TAE (STDERR Thread - #0)] WARN  c.u.c.b.a.t.b.c.CommandLineAlgorithmRun - [PROCESS-ERR]      verify_bpl(args)
01:58:50.265 [CLI TAE (STDERR Thread - #0)] WARN  c.u.c.b.a.t.b.c.CommandLineAlgorithmRun - [PROCESS-ERR]    File "/mnt/local/smack-project/smack/bin/../share/smack/top.py", line 548, in verify_bpl
01:58:50.265 [CLI TAE (STDERR Thread - #0)] WARN  c.u.c.b.a.t.b.c.CommandLineAlgorithmRun - [PROCESS-ERR]      verifier_output = try_command(command, timeout=args.time_limit)
01:58:50.265 [CLI TAE (STDERR Thread - #0)] WARN  c.u.c.b.a.t.b.c.CommandLineAlgorithmRun - [PROCESS-ERR]    File "/mnt/local/smack-project/smack/bin/../share/smack/utils.py", line 69, in try_command
01:58:50.265 [CLI TAE (STDERR Thread - #0)] WARN  c.u.c.b.a.t.b.c.CommandLineAlgorithmRun - [PROCESS-ERR]      raise Exception(output)
01:58:50.265 [CLI TAE (STDERR Thread - #0)] WARN  c.u.c.b.a.t.b.c.CommandLineAlgorithmRun - [PROCESS-ERR]  Exception: /usr/local/bin/corral: line 2: /proj/SMACK/smac/example_scenarios/ldv/a-yk1D90.bpl: Permission denied
01:58:50.265 [CLI TAE (STDERR Thread - #0)] WARN  c.u.c.b.a.t.b.c.CommandLineAlgorithmRun - [PROCESS-ERR]  
01:59:24.133 [CLI TAE (STDERR Thread - #0)] WARN  c.u.c.b.a.t.b.c.CommandLineAlgorithmRun - [PROCESS-ERR] Traceback (most recent call last):
  File "/mnt/local/smack-project/smack/bin/smack", line 13, in <module>
    smack.top.main()
  File "/mnt/local/smack-project/smack/bin/../share/smack/top.py", line 679, in main
    verify_bpl(args)
  File "/mnt/local/smack-project/smack/bin/../share/smack/top.py", line 548, in verify_bpl
    verifier_output = try_command(command, timeout=args.time_limit)
  File "/mnt/local/smack-project/smack/bin/../share/smack/utils.py", line 69, in try_command
    raise Exception(output)
Exception: /usr/local/bin/corral: line 2: /proj/SMACK/smac/example_scenarios/ldv/a-1_eTvv.bpl: Permission denied
01:59:25.545 [CLI TAE (STDERR Thread - #0)] WARN  c.u.c.b.a.t.b.c.CommandLineAlgorithmRun - [PROCESS-ERR]  Traceback (most recent call last):
01:59:25.545 [CLI TAE (STDERR Thread - #0)] WARN  c.u.c.b.a.t.b.c.CommandLineAlgorithmRun - [PROCESS-ERR]    File "/mnt/local/smack-project/smack/bin/smack", line 13, in <module>
01:59:25.545 [CLI TAE (STDERR Thread - #0)] WARN  c.u.c.b.a.t.b.c.CommandLineAlgorithmRun - [PROCESS-ERR]      smack.top.main()
01:59:25.545 [CLI TAE (STDERR Thread - #0)] WARN  c.u.c.b.a.t.b.c.CommandLineAlgorithmRun - [PROCESS-ERR]    File "/mnt/local/smack-project/smack/bin/../share/smack/top.py", line 679, in main
01:59:25.545 [CLI TAE (STDERR Thread - #0)] WARN  c.u.c.b.a.t.b.c.CommandLineAlgorithmRun - [PROCESS-ERR]      verify_bpl(args)
01:59:25.545 [CLI TAE (STDERR Thread - #0)] WARN  c.u.c.b.a.t.b.c.CommandLineAlgorithmRun - [PROCESS-ERR]    File "/mnt/local/smack-project/smack/bin/../share/smack/top.py", line 548, in verify_bpl
01:59:25.545 [CLI TAE (STDERR Thread - #0)] WARN  c.u.c.b.a.t.b.c.CommandLineAlgorithmRun - [PROCESS-ERR]      verifier_output = try_command(command, timeout=args.time_limit)
01:59:25.545 [CLI TAE (STDERR Thread - #0)] WARN  c.u.c.b.a.t.b.c.CommandLineAlgorithmRun - [PROCESS-ERR]    File "/mnt/local/smack-project/smack/bin/../share/smack/utils.py", line 69, in try_command
01:59:25.545 [CLI TAE (STDERR Thread - #0)] WARN  c.u.c.b.a.t.b.c.CommandLineAlgorithmRun - [PROCESS-ERR]      raise Exception(output)
01:59:25.545 [CLI TAE (STDERR Thread - #0)] WARN  c.u.c.b.a.t.b.c.CommandLineAlgorithmRun - [PROCESS-ERR]  Exception: /usr/local/bin/corral: line 2: /proj/SMACK/smac/example_scenarios/ldv/a-K6SWTI.bpl: Permission denied
01:59:25.545 [CLI TAE (STDERR Thread - #0)] WARN  c.u.c.b.a.t.b.c.CommandLineAlgorithmRun - [PROCESS-ERR]  
02:01:11.640 [CLI TAE (STDERR Thread - #0)] WARN  c.u.c.b.a.t.b.c.CommandLineAlgorithmRun - [PROCESS-ERR]  Traceback (most recent call last):
02:01:11.641 [CLI TAE (STDERR Thread - #0)] WARN  c.u.c.b.a.t.b.c.CommandLineAlgorithmRun - [PROCESS-ERR]    File "/mnt/local/smack-project/smack/bin/smack", line 13, in <module>
02:01:11.641 [CLI TAE (STDERR Thread - #0)] WARN  c.u.c.b.a.t.b.c.CommandLineAlgorithmRun - [PROCESS-ERR]      smack.top.main()
02:01:11.641 [CLI TAE (STDERR Thread - #0)] WARN  c.u.c.b.a.t.b.c.CommandLineAlgorithmRun - [PROCESS-ERR]    File "/mnt/local/smack-project/smack/bin/../share/smack/top.py", line 679, in main
02:01:11.641 [CLI TAE (STDERR Thread - #0)] WARN  c.u.c.b.a.t.b.c.CommandLineAlgorithmRun - [PROCESS-ERR]      verify_bpl(args)
02:01:11.641 [CLI TAE (STDERR Thread - #0)] WARN  c.u.c.b.a.t.b.c.CommandLineAlgorithmRun - [PROCESS-ERR]    File "/mnt/local/smack-project/smack/bin/../share/smack/top.py", line 548, in verify_bpl
02:01:11.641 [CLI TAE (STDERR Thread - #0)] WARN  c.u.c.b.a.t.b.c.CommandLineAlgorithmRun - [PROCESS-ERR]      verifier_output = try_command(command, timeout=args.time_limit)
02:01:11.641 [CLI TAE (STDERR Thread - #0)] WARN  c.u.c.b.a.t.b.c.CommandLineAlgorithmRun - [PROCESS-ERR]    File "/mnt/local/smack-project/smack/bin/../share/smack/utils.py", line 69, in try_command
02:01:11.642 [CLI TAE (STDERR Thread - #0)] WARN  c.u.c.b.a.t.b.c.CommandLineAlgorithmRun - [PROCESS-ERR]      raise Exception(output)
02:01:11.642 [CLI TAE (STDERR Thread - #0)] WARN  c.u.c.b.a.t.b.c.CommandLineAlgorithmRun - [PROCESS-ERR]  Exception: /usr/local/bin/corral: line 2: /proj/SMACK/smac/example_scenarios/ldv/a-0ZaiYj.bpl: Permission denied
02:01:11.642 [CLI TAE (STDERR Thread - #0)] WARN  c.u.c.b.a.t.b.c.CommandLineAlgorithmRun - [PROCESS-ERR]  
02:01:28.992 [CLI TAE (STDERR Thread - #0)] WARN  c.u.c.b.a.t.b.c.CommandLineAlgorithmRun - [PROCESS-ERR] Traceback (most recent call last):
  File "/mnt/local/smack-project/smack/bin/smack", line 13, in <module>
    smack.top.main()
  File "/mnt/local/smack-project/smack/bin/../share/smack/top.py", line 679, in main
    verify_bpl(args)
  File "/mnt/local/smack-project/smack/bin/../share/smack/top.py", line 548, in verify_bpl
    verifier_output = try_command(command, timeout=args.time_limit)
  File "/mnt/local/smack-project/smack/bin/../share/smack/utils.py", line 69, in try_command
    raise Exception(output)
Exception: /usr/local/bin/corral: line 2: /proj/SMACK/smac/example_scenarios/ldv/a-Sszcu5.bpl: Permission denied
02:02:53.449 [CLI TAE (STDERR Thread - #0)] WARN  c.u.c.b.a.t.b.c.CommandLineAlgorithmRun - [PROCESS-ERR]  Traceback (most recent call last):
02:02:53.452 [CLI TAE (STDERR Thread - #0)] WARN  c.u.c.b.a.t.b.c.CommandLineAlgorithmRun - [PROCESS-ERR]    File "/mnt/local/smack-project/smack/bin/smack", line 13, in <module>
02:02:53.453 [CLI TAE (STDERR Thread - #0)] WARN  c.u.c.b.a.t.b.c.CommandLineAlgorithmRun - [PROCESS-ERR]      smack.top.main()
02:02:53.453 [CLI TAE (STDERR Thread - #0)] WARN  c.u.c.b.a.t.b.c.CommandLineAlgorithmRun - [PROCESS-ERR]    File "/mnt/local/smack-project/smack/bin/../share/smack/top.py", line 679, in main
02:02:53.453 [CLI TAE (STDERR Thread - #0)] WARN  c.u.c.b.a.t.b.c.CommandLineAlgorithmRun - [PROCESS-ERR]      verify_bpl(args)
02:02:53.453 [CLI TAE (STDERR Thread - #0)] WARN  c.u.c.b.a.t.b.c.CommandLineAlgorithmRun - [PROCESS-ERR]    File "/mnt/local/smack-project/smack/bin/../share/smack/top.py", line 548, in verify_bpl
02:02:53.453 [CLI TAE (STDERR Thread - #0)] WARN  c.u.c.b.a.t.b.c.CommandLineAlgorithmRun - [PROCESS-ERR]      verifier_output = try_command(command, timeout=args.time_limit)
02:02:53.453 [CLI TAE (STDERR Thread - #0)] WARN  c.u.c.b.a.t.b.c.CommandLineAlgorithmRun - [PROCESS-ERR]    File "/mnt/local/smack-project/smack/bin/../share/smack/utils.py", line 69, in try_command
02:02:53.453 [CLI TAE (STDERR Thread - #0)] WARN  c.u.c.b.a.t.b.c.CommandLineAlgorithmRun - [PROCESS-ERR]      raise Exception(output)
02:02:53.453 [CLI TAE (STDERR Thread - #0)] WARN  c.u.c.b.a.t.b.c.CommandLineAlgorithmRun - [PROCESS-ERR]  Exception: /usr/local/bin/corral: line 2: /proj/SMACK/smac/example_scenarios/ldv/a-YoxMKo.bpl: Permission denied
02:02:53.454 [CLI TAE (STDERR Thread - #0)] WARN  c.u.c.b.a.t.b.c.CommandLineAlgorithmRun - [PROCESS-ERR]  
02:03:08.768 [CLI TAE (STDERR Thread - #0)] WARN  c.u.c.b.a.t.b.c.CommandLineAlgorithmRun - [PROCESS-ERR]  Traceback (most recent call last):
02:03:08.769 [CLI TAE (STDERR Thread - #0)] WARN  c.u.c.b.a.t.b.c.CommandLineAlgorithmRun - [PROCESS-ERR]    File "/mnt/local/smack-project/smack/bin/smack", line 13, in <module>
02:03:08.769 [CLI TAE (STDERR Thread - #0)] WARN  c.u.c.b.a.t.b.c.CommandLineAlgorithmRun - [PROCESS-ERR]      smack.top.main()
02:03:08.769 [CLI TAE (STDERR Thread - #0)] WARN  c.u.c.b.a.t.b.c.CommandLineAlgorithmRun - [PROCESS-ERR]    File "/mnt/local/smack-project/smack/bin/../share/smack/top.py", line 679, in main
02:03:08.769 [CLI TAE (STDERR Thread - #0)] WARN  c.u.c.b.a.t.b.c.CommandLineAlgorithmRun - [PROCESS-ERR]      verify_bpl(args)
02:03:08.769 [CLI TAE (STDERR Thread - #0)] WARN  c.u.c.b.a.t.b.c.CommandLineAlgorithmRun - [PROCESS-ERR]    File "/mnt/local/smack-project/smack/bin/../share/smack/top.py", line 548, in verify_bpl
02:03:08.769 [CLI TAE (STDERR Thread - #0)] WARN  c.u.c.b.a.t.b.c.CommandLineAlgorithmRun - [PROCESS-ERR]      verifier_output = try_command(command, timeout=args.time_limit)
02:03:08.769 [CLI TAE (STDERR Thread - #0)] WARN  c.u.c.b.a.t.b.c.CommandLineAlgorithmRun - [PROCESS-ERR]    File "/mnt/local/smack-project/smack/bin/../share/smack/utils.py", line 69, in try_command
02:03:08.769 [CLI TAE (STDERR Thread - #0)] WARN  c.u.c.b.a.t.b.c.CommandLineAlgorithmRun - [PROCESS-ERR]      raise Exception(output)
02:03:08.769 [CLI TAE (STDERR Thread - #0)] WARN  c.u.c.b.a.t.b.c.CommandLineAlgorithmRun - [PROCESS-ERR]  Exception: /usr/local/bin/corral: line 2: /proj/SMACK/smac/example_scenarios/ldv/a-nIiFbV.bpl: Permission denied
02:03:08.769 [CLI TAE (STDERR Thread - #0)] WARN  c.u.c.b.a.t.b.c.CommandLineAlgorithmRun - [PROCESS-ERR]  
02:06:39.946 [CLI TAE (STDERR Thread - #0)] WARN  c.u.c.b.a.t.b.c.CommandLineAlgorithmRun - [PROCESS-ERR]  Traceback (most recent call last):
02:06:39.947 [CLI TAE (STDERR Thread - #0)] WARN  c.u.c.b.a.t.b.c.CommandLineAlgorithmRun - [PROCESS-ERR]    File "/mnt/local/smack-project/smack/bin/smack", line 13, in <module>
02:06:39.947 [CLI TAE (STDERR Thread - #0)] WARN  c.u.c.b.a.t.b.c.CommandLineAlgorithmRun - [PROCESS-ERR]      smack.top.main()
02:06:39.947 [CLI TAE (STDERR Thread - #0)] WARN  c.u.c.b.a.t.b.c.CommandLineAlgorithmRun - [PROCESS-ERR]    File "/mnt/local/smack-project/smack/bin/../share/smack/top.py", line 679, in main
02:06:39.947 [CLI TAE (STDERR Thread - #0)] WARN  c.u.c.b.a.t.b.c.CommandLineAlgorithmRun - [PROCESS-ERR]      verify_bpl(args)
02:06:39.947 [CLI TAE (STDERR Thread - #0)] WARN  c.u.c.b.a.t.b.c.CommandLineAlgorithmRun - [PROCESS-ERR]    File "/mnt/local/smack-project/smack/bin/../share/smack/top.py", line 548, in verify_bpl
02:06:39.947 [CLI TAE (STDERR Thread - #0)] WARN  c.u.c.b.a.t.b.c.CommandLineAlgorithmRun - [PROCESS-ERR]      verifier_output = try_command(command, timeout=args.time_limit)
02:06:39.947 [CLI TAE (STDERR Thread - #0)] WARN  c.u.c.b.a.t.b.c.CommandLineAlgorithmRun - [PROCESS-ERR]    File "/mnt/local/smack-project/smack/bin/../share/smack/utils.py", line 69, in try_command
02:06:39.947 [CLI TAE (STDERR Thread - #0)] WARN  c.u.c.b.a.t.b.c.CommandLineAlgorithmRun - [PROCESS-ERR]      raise Exception(output)
02:06:39.947 [CLI TAE (STDERR Thread - #0)] WARN  c.u.c.b.a.t.b.c.CommandLineAlgorithmRun - [PROCESS-ERR]  Exception: /usr/local/bin/corral: line 2: /proj/SMACK/smac/example_scenarios/ldv/a-5UG5iT.bpl: Permission denied
02:06:39.947 [CLI TAE (STDERR Thread - #0)] WARN  c.u.c.b.a.t.b.c.CommandLineAlgorithmRun - [PROCESS-ERR]  
02:06:46.719 [CLI TAE (STDERR Thread - #0)] WARN  c.u.c.b.a.t.b.c.CommandLineAlgorithmRun - [PROCESS-ERR]  Traceback (most recent call last):
02:06:46.720 [CLI TAE (STDERR Thread - #0)] WARN  c.u.c.b.a.t.b.c.CommandLineAlgorithmRun - [PROCESS-ERR]    File "/mnt/local/smack-project/smack/bin/smack", line 13, in <module>
02:06:46.720 [CLI TAE (STDERR Thread - #0)] WARN  c.u.c.b.a.t.b.c.CommandLineAlgorithmRun - [PROCESS-ERR]      smack.top.main()
02:06:46.720 [CLI TAE (STDERR Thread - #0)] WARN  c.u.c.b.a.t.b.c.CommandLineAlgorithmRun - [PROCESS-ERR]    File "/mnt/local/smack-project/smack/bin/../share/smack/top.py", line 679, in main
02:06:46.720 [CLI TAE (STDERR Thread - #0)] WARN  c.u.c.b.a.t.b.c.CommandLineAlgorithmRun - [PROCESS-ERR]      verify_bpl(args)
02:06:46.720 [CLI TAE (STDERR Thread - #0)] WARN  c.u.c.b.a.t.b.c.CommandLineAlgorithmRun - [PROCESS-ERR]    File "/mnt/local/smack-project/smack/bin/../share/smack/top.py", line 548, in verify_bpl
02:06:46.720 [CLI TAE (STDERR Thread - #0)] WARN  c.u.c.b.a.t.b.c.CommandLineAlgorithmRun - [PROCESS-ERR]      verifier_output = try_command(command, timeout=args.time_limit)
02:06:46.720 [CLI TAE (STDERR Thread - #0)] WARN  c.u.c.b.a.t.b.c.CommandLineAlgorithmRun - [PROCESS-ERR]    File "/mnt/local/smack-project/smack/bin/../share/smack/utils.py", line 69, in try_command
02:06:46.720 [CLI TAE (STDERR Thread - #0)] WARN  c.u.c.b.a.t.b.c.CommandLineAlgorithmRun - [PROCESS-ERR]      raise Exception(output)
02:06:46.720 [CLI TAE (STDERR Thread - #0)] WARN  c.u.c.b.a.t.b.c.CommandLineAlgorithmRun - [PROCESS-ERR]  Exception: /usr/local/bin/corral: line 2: /proj/SMACK/smac/example_scenarios/ldv/a-1OtTmh.bpl: Permission denied
02:06:46.720 [CLI TAE (STDERR Thread - #0)] WARN  c.u.c.b.a.t.b.c.CommandLineAlgorithmRun - [PROCESS-ERR]  
02:07:34.356 [CLI TAE (STDERR Thread - #0)] WARN  c.u.c.b.a.t.b.c.CommandLineAlgorithmRun - [PROCESS-ERR] Traceback (most recent call last):
  File "/mnt/local/smack-project/smack/bin/smack", line 13, in <module>
    smack.top.main()
  File "/mnt/local/smack-project/smack/bin/../share/smack/top.py", line 679, in main
    verify_bpl(args)
  File "/mnt/local/smack-project/smack/bin/../share/smack/top.py", line 548, in verify_bpl
    verifier_output = try_command(command, timeout=args.time_limit)
  File "/mnt/local/smack-project/smack/bin/../share/smack/utils.py", line 69, in try_command
    raise Exception(output)
Exception: /usr/local/bin/corral: line 2: /proj/SMACK/smac/example_scenarios/ldv/a-_ZPf4C.bpl: Permission denied
02:07:38.580 [CLI TAE (STDERR Thread - #0)] WARN  c.u.c.b.a.t.b.c.CommandLineAlgorithmRun - [PROCESS-ERR]  Traceback (most recent call last):
02:07:38.580 [CLI TAE (STDERR Thread - #0)] WARN  c.u.c.b.a.t.b.c.CommandLineAlgorithmRun - [PROCESS-ERR]    File "/mnt/local/smack-project/smack/bin/smack", line 13, in <module>
02:07:38.580 [CLI TAE (STDERR Thread - #0)] WARN  c.u.c.b.a.t.b.c.CommandLineAlgorithmRun - [PROCESS-ERR]      smack.top.main()
02:07:38.580 [CLI TAE (STDERR Thread - #0)] WARN  c.u.c.b.a.t.b.c.CommandLineAlgorithmRun - [PROCESS-ERR]    File "/mnt/local/smack-project/smack/bin/../share/smack/top.py", line 679, in main
02:07:38.580 [CLI TAE (STDERR Thread - #0)] WARN  c.u.c.b.a.t.b.c.CommandLineAlgorithmRun - [PROCESS-ERR]      verify_bpl(args)
02:07:38.580 [CLI TAE (STDERR Thread - #0)] WARN  c.u.c.b.a.t.b.c.CommandLineAlgorithmRun - [PROCESS-ERR]    File "/mnt/local/smack-project/smack/bin/../share/smack/top.py", line 548, in verify_bpl
02:07:38.580 [CLI TAE (STDERR Thread - #0)] WARN  c.u.c.b.a.t.b.c.CommandLineAlgorithmRun - [PROCESS-ERR]      verifier_output = try_command(command, timeout=args.time_limit)
02:07:38.580 [CLI TAE (STDERR Thread - #0)] WARN  c.u.c.b.a.t.b.c.CommandLineAlgorithmRun - [PROCESS-ERR]    File "/mnt/local/smack-project/smack/bin/../share/smack/utils.py", line 69, in try_command
02:07:38.580 [CLI TAE (STDERR Thread - #0)] WARN  c.u.c.b.a.t.b.c.CommandLineAlgorithmRun - [PROCESS-ERR]      raise Exception(output)
02:07:38.580 [CLI TAE (STDERR Thread - #0)] WARN  c.u.c.b.a.t.b.c.CommandLineAlgorithmRun - [PROCESS-ERR]  Exception: /usr/local/bin/corral: line 2: /proj/SMACK/smac/example_scenarios/ldv/a-B_8oxV.bpl: Permission denied
02:07:38.580 [CLI TAE (STDERR Thread - #0)] WARN  c.u.c.b.a.t.b.c.CommandLineAlgorithmRun - [PROCESS-ERR]  
02:07:40.092 [CLI TAE (STDERR Thread - #0)] WARN  c.u.c.b.a.t.b.c.CommandLineAlgorithmRun - [PROCESS-ERR] Traceback (most recent call last):
  File "/mnt/local/smack-project/smack/bin/smack", line 13, in <module>
    smack.top.main()
  File "/mnt/local/smack-project/smack/bin/../share/smack/top.py", line 679, in main
    verify_bpl(args)
  File "/mnt/local/smack-project/smack/bin/../share/smack/top.py", line 548, in verify_bpl
    verifier_output = try_command(command, timeout=args.time_limit)
  File "/mnt/local/smack-project/smack/bin/../share/smack/utils.py", line 69, in try_command
    raise Exception(output)
Exception: /usr/local/bin/corral: line 2: /proj/SMACK/smac/example_scenarios/ldv/a-qYImQZ.bpl: Permission denied
02:14:49.237 [CLI TAE (STDERR Thread - #0)] WARN  c.u.c.b.a.t.b.c.CommandLineAlgorithmRun - [PROCESS-ERR]  Traceback (most recent call last):
02:14:49.238 [CLI TAE (STDERR Thread - #0)] WARN  c.u.c.b.a.t.b.c.CommandLineAlgorithmRun - [PROCESS-ERR]    File "/mnt/local/smack-project/smack/bin/smack", line 13, in <module>
02:14:49.238 [CLI TAE (STDERR Thread - #0)] WARN  c.u.c.b.a.t.b.c.CommandLineAlgorithmRun - [PROCESS-ERR]      smack.top.main()
02:14:49.238 [CLI TAE (STDERR Thread - #0)] WARN  c.u.c.b.a.t.b.c.CommandLineAlgorithmRun - [PROCESS-ERR]    File "/mnt/local/smack-project/smack/bin/../share/smack/top.py", line 679, in main
02:14:49.238 [CLI TAE (STDERR Thread - #0)] WARN  c.u.c.b.a.t.b.c.CommandLineAlgorithmRun - [PROCESS-ERR]      verify_bpl(args)
02:14:49.238 [CLI TAE (STDERR Thread - #0)] WARN  c.u.c.b.a.t.b.c.CommandLineAlgorithmRun - [PROCESS-ERR]    File "/mnt/local/smack-project/smack/bin/../share/smack/top.py", line 548, in verify_bpl
02:14:49.238 [CLI TAE (STDERR Thread - #0)] WARN  c.u.c.b.a.t.b.c.CommandLineAlgorithmRun - [PROCESS-ERR]      verifier_output = try_command(command, timeout=args.time_limit)
02:14:49.238 [CLI TAE (STDERR Thread - #0)] WARN  c.u.c.b.a.t.b.c.CommandLineAlgorithmRun - [PROCESS-ERR]    File "/mnt/local/smack-project/smack/bin/../share/smack/utils.py", line 69, in try_command
02:14:49.238 [CLI TAE (STDERR Thread - #0)] WARN  c.u.c.b.a.t.b.c.CommandLineAlgorithmRun - [PROCESS-ERR]      raise Exception(output)
02:14:49.238 [CLI TAE (STDERR Thread - #0)] WARN  c.u.c.b.a.t.b.c.CommandLineAlgorithmRun - [PROCESS-ERR]  Exception: /usr/local/bin/corral: line 2: /proj/SMACK/smac/example_scenarios/ldv/a-BWjScy.bpl: Permission denied
02:14:49.239 [CLI TAE (STDERR Thread - #0)] WARN  c.u.c.b.a.t.b.c.CommandLineAlgorithmRun - [PROCESS-ERR]  
02:15:37.368 [CLI TAE (STDERR Thread - #0)] WARN  c.u.c.b.a.t.b.c.CommandLineAlgorithmRun - [PROCESS-ERR] Traceback (most recent call last):
  File "/mnt/local/smack-project/smack/bin/smack", line 13, in <module>
    smack.top.main()
  File "/mnt/local/smack-project/smack/bin/../share/smack/top.py", line 679, in main
    verify_bpl(args)
  File "/mnt/local/smack-project/smack/bin/../share/smack/top.py", line 548, in verify_bpl
    verifier_output = try_command(command, timeout=args.time_limit)
  File "/mnt/local/smack-project/smack/bin/../share/smack/utils.py", line 69, in try_command
    raise Exception(output)
Exception: /usr/local/bin/corral: line 2: /proj/SMACK/smac/example_scenarios/ldv/a-Uh7tWA.bpl: Permission denied
02:15:40.240 [CLI TAE (STDERR Thread - #0)] WARN  c.u.c.b.a.t.b.c.CommandLineAlgorithmRun - [PROCESS-ERR] Traceback (most recent call last):
  File "/mnt/local/smack-project/smack/bin/smack", line 13, in <module>
    smack.top.main()
  File "/mnt/local/smack-project/smack/bin/../share/smack/top.py", line 679, in main
    verify_bpl(args)
  File "/mnt/local/smack-project/smack/bin/../share/smack/top.py", line 548, in verify_bpl
    verifier_output = try_command(command, timeout=args.time_limit)
  File "/mnt/local/smack-project/smack/bin/../share/smack/utils.py", line 69, in try_command
    raise Exception(output)
Exception: /usr/local/bin/corral: line 2: /proj/SMACK/smac/example_scenarios/ldv/a-n4N2Ee.bpl: Permission denied
02:22:52.335 [CLI TAE (STDERR Thread - #0)] WARN  c.u.c.b.a.t.b.c.CommandLineAlgorithmRun - [PROCESS-ERR] Traceback (most recent call last):
  File "/mnt/local/smack-project/smack/bin/smack", line 13, in <module>
    smack.top.main()
  File "/mnt/local/smack-project/smack/bin/../share/smack/top.py", line 679, in main
    verify_bpl(args)
  File "/mnt/local/smack-project/smack/bin/../share/smack/top.py", line 548, in verify_bpl
    verifier_output = try_command(command, timeout=args.time_limit)
  File "/mnt/local/smack-project/smack/bin/../share/smack/utils.py", line 69, in try_command
    raise Exception(output)
Exception: /usr/local/bin/corral: line 2: /proj/SMACK/smac/example_scenarios/ldv/a-83F8Rm.bpl: Permission denied
02:23:15.967 [CLI TAE (STDERR Thread - #0)] WARN  c.u.c.b.a.t.b.c.CommandLineAlgorithmRun - [PROCESS-ERR] Traceback (most recent call last):
  File "/mnt/local/smack-project/smack/bin/smack", line 13, in <module>
    smack.top.main()
  File "/mnt/local/smack-project/smack/bin/../share/smack/top.py", line 679, in main
    verify_bpl(args)
  File "/mnt/local/smack-project/smack/bin/../share/smack/top.py", line 548, in verify_bpl
    verifier_output = try_command(command, timeout=args.time_limit)
  File "/mnt/local/smack-project/smack/bin/../share/smack/utils.py", line 69, in try_command
    raise Exception(output)
Exception: /usr/local/bin/corral: line 2: /proj/SMACK/smac/example_scenarios/ldv/a-TFZmlz.bpl: Permission denied
02:26:18.932 [CLI TAE (STDERR Thread - #0)] WARN  c.u.c.b.a.t.b.c.CommandLineAlgorithmRun - [PROCESS-ERR]  Traceback (most recent call last):
02:26:18.932 [CLI TAE (STDERR Thread - #0)] WARN  c.u.c.b.a.t.b.c.CommandLineAlgorithmRun - [PROCESS-ERR]    File "/mnt/local/smack-project/smack/bin/smack", line 13, in <module>
02:26:18.932 [CLI TAE (STDERR Thread - #0)] WARN  c.u.c.b.a.t.b.c.CommandLineAlgorithmRun - [PROCESS-ERR]      smack.top.main()
02:26:18.932 [CLI TAE (STDERR Thread - #0)] WARN  c.u.c.b.a.t.b.c.CommandLineAlgorithmRun - [PROCESS-ERR]    File "/mnt/local/smack-project/smack/bin/../share/smack/top.py", line 679, in main
02:26:18.932 [CLI TAE (STDERR Thread - #0)] WARN  c.u.c.b.a.t.b.c.CommandLineAlgorithmRun - [PROCESS-ERR]      verify_bpl(args)
02:26:18.932 [CLI TAE (STDERR Thread - #0)] WARN  c.u.c.b.a.t.b.c.CommandLineAlgorithmRun - [PROCESS-ERR]    File "/mnt/local/smack-project/smack/bin/../share/smack/top.py", line 548, in verify_bpl
02:26:18.933 [CLI TAE (STDERR Thread - #0)] WARN  c.u.c.b.a.t.b.c.CommandLineAlgorithmRun - [PROCESS-ERR]      verifier_output = try_command(command, timeout=args.time_limit)
02:26:18.933 [CLI TAE (STDERR Thread - #0)] WARN  c.u.c.b.a.t.b.c.CommandLineAlgorithmRun - [PROCESS-ERR]    File "/mnt/local/smack-project/smack/bin/../share/smack/utils.py", line 69, in try_command
02:26:18.933 [CLI TAE (STDERR Thread - #0)] WARN  c.u.c.b.a.t.b.c.CommandLineAlgorithmRun - [PROCESS-ERR]      raise Exception(output)
02:26:18.933 [CLI TAE (STDERR Thread - #0)] WARN  c.u.c.b.a.t.b.c.CommandLineAlgorithmRun - [PROCESS-ERR]  Exception: /usr/local/bin/corral: line 2: /proj/SMACK/smac/example_scenarios/ldv/a-zFbNPH.bpl: Permission denied
02:26:18.933 [CLI TAE (STDERR Thread - #0)] WARN  c.u.c.b.a.t.b.c.CommandLineAlgorithmRun - [PROCESS-ERR]  
02:26:33.665 [CLI TAE (STDERR Thread - #0)] WARN  c.u.c.b.a.t.b.c.CommandLineAlgorithmRun - [PROCESS-ERR] Traceback (most recent call last):
  File "/mnt/local/smack-project/smack/bin/smack", line 13, in <module>
    smack.top.main()
  File "/mnt/local/smack-project/smack/bin/../share/smack/top.py", line 679, in main
    verify_bpl(args)
  File "/mnt/local/smack-project/smack/bin/../share/smack/top.py", line 548, in verify_bpl
    verifier_output = try_command(command, timeout=args.time_limit)
  File "/mnt/local/smack-project/smack/bin/../share/smack/utils.py", line 69, in try_command
    raise Exception(output)
Exception: /usr/local/bin/corral: line 2: /proj/SMACK/smac/example_scenarios/ldv/a-IxYkLG.bpl: Permission denied
02:26:47.401 [CLI TAE (STDERR Thread - #0)] WARN  c.u.c.b.a.t.b.c.CommandLineAlgorithmRun - [PROCESS-ERR] Traceback (most recent call last):
  File "/mnt/local/smack-project/smack/bin/smack", line 13, in <module>
    smack.top.main()
  File "/mnt/local/smack-project/smack/bin/../share/smack/top.py", line 679, in main
    verify_bpl(args)
  File "/mnt/local/smack-project/smack/bin/../share/smack/top.py", line 548, in verify_bpl
    verifier_output = try_command(command, timeout=args.time_limit)
  File "/mnt/local/smack-project/smack/bin/../share/smack/utils.py", line 69, in try_command
    raise Exception(output)
Exception: /usr/local/bin/corral: line 2: /proj/SMACK/smac/example_scenarios/ldv/a-_aDC3W.bpl: Permission denied
02:26:48.865 [CLI TAE (STDERR Thread - #0)] WARN  c.u.c.b.a.t.b.c.CommandLineAlgorithmRun - [PROCESS-ERR]  Traceback (most recent call last):
02:26:48.865 [CLI TAE (STDERR Thread - #0)] WARN  c.u.c.b.a.t.b.c.CommandLineAlgorithmRun - [PROCESS-ERR]    File "/mnt/local/smack-project/smack/bin/smack", line 13, in <module>
02:26:48.865 [CLI TAE (STDERR Thread - #0)] WARN  c.u.c.b.a.t.b.c.CommandLineAlgorithmRun - [PROCESS-ERR]      smack.top.main()
02:26:48.866 [CLI TAE (STDERR Thread - #0)] WARN  c.u.c.b.a.t.b.c.CommandLineAlgorithmRun - [PROCESS-ERR]    File "/mnt/local/smack-project/smack/bin/../share/smack/top.py", line 679, in main
02:26:48.866 [CLI TAE (STDERR Thread - #0)] WARN  c.u.c.b.a.t.b.c.CommandLineAlgorithmRun - [PROCESS-ERR]      verify_bpl(args)
02:26:48.866 [CLI TAE (STDERR Thread - #0)] WARN  c.u.c.b.a.t.b.c.CommandLineAlgorithmRun - [PROCESS-ERR]    File "/mnt/local/smack-project/smack/bin/../share/smack/top.py", line 548, in verify_bpl
02:26:48.866 [CLI TAE (STDERR Thread - #0)] WARN  c.u.c.b.a.t.b.c.CommandLineAlgorithmRun - [PROCESS-ERR]      verifier_output = try_command(command, timeout=args.time_limit)
02:26:48.866 [CLI TAE (STDERR Thread - #0)] WARN  c.u.c.b.a.t.b.c.CommandLineAlgorithmRun - [PROCESS-ERR]    File "/mnt/local/smack-project/smack/bin/../share/smack/utils.py", line 69, in try_command
02:26:48.866 [CLI TAE (STDERR Thread - #0)] WARN  c.u.c.b.a.t.b.c.CommandLineAlgorithmRun - [PROCESS-ERR]      raise Exception(output)
02:26:48.866 [CLI TAE (STDERR Thread - #0)] WARN  c.u.c.b.a.t.b.c.CommandLineAlgorithmRun - [PROCESS-ERR]  Exception: /usr/local/bin/corral: line 2: /proj/SMACK/smac/example_scenarios/ldv/a-PZVAvn.bpl: Permission denied
02:26:48.866 [CLI TAE (STDERR Thread - #0)] WARN  c.u.c.b.a.t.b.c.CommandLineAlgorithmRun - [PROCESS-ERR]  
02:27:35.370 [CLI TAE (STDERR Thread - #0)] WARN  c.u.c.b.a.t.b.c.CommandLineAlgorithmRun - [PROCESS-ERR]  Traceback (most recent call last):
02:27:35.370 [CLI TAE (STDERR Thread - #0)] WARN  c.u.c.b.a.t.b.c.CommandLineAlgorithmRun - [PROCESS-ERR]    File "/mnt/local/smack-project/smack/bin/smack", line 13, in <module>
02:27:35.370 [CLI TAE (STDERR Thread - #0)] WARN  c.u.c.b.a.t.b.c.CommandLineAlgorithmRun - [PROCESS-ERR]      smack.top.main()
02:27:35.370 [CLI TAE (STDERR Thread - #0)] WARN  c.u.c.b.a.t.b.c.CommandLineAlgorithmRun - [PROCESS-ERR]    File "/mnt/local/smack-project/smack/bin/../share/smack/top.py", line 679, in main
02:27:35.371 [CLI TAE (STDERR Thread - #0)] WARN  c.u.c.b.a.t.b.c.CommandLineAlgorithmRun - [PROCESS-ERR]      verify_bpl(args)
02:27:35.371 [CLI TAE (STDERR Thread - #0)] WARN  c.u.c.b.a.t.b.c.CommandLineAlgorithmRun - [PROCESS-ERR]    File "/mnt/local/smack-project/smack/bin/../share/smack/top.py", line 548, in verify_bpl
02:27:35.371 [CLI TAE (STDERR Thread - #0)] WARN  c.u.c.b.a.t.b.c.CommandLineAlgorithmRun - [PROCESS-ERR]      verifier_output = try_command(command, timeout=args.time_limit)
02:27:35.371 [CLI TAE (STDERR Thread - #0)] WARN  c.u.c.b.a.t.b.c.CommandLineAlgorithmRun - [PROCESS-ERR]    File "/mnt/local/smack-project/smack/bin/../share/smack/utils.py", line 69, in try_command
02:27:35.371 [CLI TAE (STDERR Thread - #0)] WARN  c.u.c.b.a.t.b.c.CommandLineAlgorithmRun - [PROCESS-ERR]      raise Exception(output)
02:27:35.371 [CLI TAE (STDERR Thread - #0)] WARN  c.u.c.b.a.t.b.c.CommandLineAlgorithmRun - [PROCESS-ERR]  Exception: /usr/local/bin/corral: line 2: /proj/SMACK/smac/example_scenarios/ldv/a-geZ1cf.bpl: Permission denied
02:27:35.371 [CLI TAE (STDERR Thread - #0)] WARN  c.u.c.b.a.t.b.c.CommandLineAlgorithmRun - [PROCESS-ERR]  
02:28:49.519 [CLI TAE (STDERR Thread - #0)] WARN  c.u.c.b.a.t.b.c.CommandLineAlgorithmRun - [PROCESS-ERR]  Traceback (most recent call last):
02:28:49.519 [CLI TAE (STDERR Thread - #0)] WARN  c.u.c.b.a.t.b.c.CommandLineAlgorithmRun - [PROCESS-ERR]    File "/mnt/local/smack-project/smack/bin/smack", line 13, in <module>
02:28:49.519 [CLI TAE (STDERR Thread - #0)] WARN  c.u.c.b.a.t.b.c.CommandLineAlgorithmRun - [PROCESS-ERR]      smack.top.main()
02:28:49.519 [CLI TAE (STDERR Thread - #0)] WARN  c.u.c.b.a.t.b.c.CommandLineAlgorithmRun - [PROCESS-ERR]    File "/mnt/local/smack-project/smack/bin/../share/smack/top.py", line 679, in main
02:28:49.519 [CLI TAE (STDERR Thread - #0)] WARN  c.u.c.b.a.t.b.c.CommandLineAlgorithmRun - [PROCESS-ERR]      verify_bpl(args)
02:28:49.520 [CLI TAE (STDERR Thread - #0)] WARN  c.u.c.b.a.t.b.c.CommandLineAlgorithmRun - [PROCESS-ERR]    File "/mnt/local/smack-project/smack/bin/../share/smack/top.py", line 548, in verify_bpl
02:28:49.520 [CLI TAE (STDERR Thread - #0)] WARN  c.u.c.b.a.t.b.c.CommandLineAlgorithmRun - [PROCESS-ERR]      verifier_output = try_command(command, timeout=args.time_limit)
02:28:49.520 [CLI TAE (STDERR Thread - #0)] WARN  c.u.c.b.a.t.b.c.CommandLineAlgorithmRun - [PROCESS-ERR]    File "/mnt/local/smack-project/smack/bin/../share/smack/utils.py", line 69, in try_command
02:28:49.520 [CLI TAE (STDERR Thread - #0)] WARN  c.u.c.b.a.t.b.c.CommandLineAlgorithmRun - [PROCESS-ERR]      raise Exception(output)
02:28:49.520 [CLI TAE (STDERR Thread - #0)] WARN  c.u.c.b.a.t.b.c.CommandLineAlgorithmRun - [PROCESS-ERR]  Exception: /usr/local/bin/corral: line 2: /proj/SMACK/smac/example_scenarios/ldv/a-FPFoBM.bpl: Permission denied
02:28:49.520 [CLI TAE (STDERR Thread - #0)] WARN  c.u.c.b.a.t.b.c.CommandLineAlgorithmRun - [PROCESS-ERR]  
02:29:20.398 [CLI TAE (STDERR Thread - #0)] WARN  c.u.c.b.a.t.b.c.CommandLineAlgorithmRun - [PROCESS-ERR]  Traceback (most recent call last):
02:29:20.398 [CLI TAE (STDERR Thread - #0)] WARN  c.u.c.b.a.t.b.c.CommandLineAlgorithmRun - [PROCESS-ERR]    File "/mnt/local/smack-project/smack/bin/smack", line 13, in <module>
02:29:20.398 [CLI TAE (STDERR Thread - #0)] WARN  c.u.c.b.a.t.b.c.CommandLineAlgorithmRun - [PROCESS-ERR]      smack.top.main()
02:29:20.398 [CLI TAE (STDERR Thread - #0)] WARN  c.u.c.b.a.t.b.c.CommandLineAlgorithmRun - [PROCESS-ERR]    File "/mnt/local/smack-project/smack/bin/../share/smack/top.py", line 679, in main
02:29:20.398 [CLI TAE (STDERR Thread - #0)] WARN  c.u.c.b.a.t.b.c.CommandLineAlgorithmRun - [PROCESS-ERR]      verify_bpl(args)
02:29:20.398 [CLI TAE (STDERR Thread - #0)] WARN  c.u.c.b.a.t.b.c.CommandLineAlgorithmRun - [PROCESS-ERR]    File "/mnt/local/smack-project/smack/bin/../share/smack/top.py", line 548, in verify_bpl
02:29:20.398 [CLI TAE (STDERR Thread - #0)] WARN  c.u.c.b.a.t.b.c.CommandLineAlgorithmRun - [PROCESS-ERR]      verifier_output = try_command(command, timeout=args.time_limit)
02:29:20.399 [CLI TAE (STDERR Thread - #0)] WARN  c.u.c.b.a.t.b.c.CommandLineAlgorithmRun - [PROCESS-ERR]    File "/mnt/local/smack-project/smack/bin/../share/smack/utils.py", line 69, in try_command
02:29:20.399 [CLI TAE (STDERR Thread - #0)] WARN  c.u.c.b.a.t.b.c.CommandLineAlgorithmRun - [PROCESS-ERR]      raise Exception(output)
02:29:20.399 [CLI TAE (STDERR Thread - #0)] WARN  c.u.c.b.a.t.b.c.CommandLineAlgorithmRun - [PROCESS-ERR]  Exception: /usr/local/bin/corral: line 2: /proj/SMACK/smac/example_scenarios/ldv/a-zkhCgP.bpl: Permission denied
02:29:20.399 [CLI TAE (STDERR Thread - #0)] WARN  c.u.c.b.a.t.b.c.CommandLineAlgorithmRun - [PROCESS-ERR]  
02:29:22.711 [CLI TAE (STDERR Thread - #0)] WARN  c.u.c.b.a.t.b.c.CommandLineAlgorithmRun - [PROCESS-ERR]  Traceback (most recent call last):
02:29:22.712 [CLI TAE (STDERR Thread - #0)] WARN  c.u.c.b.a.t.b.c.CommandLineAlgorithmRun - [PROCESS-ERR]    File "/mnt/local/smack-project/smack/bin/smack", line 13, in <module>
02:29:22.712 [CLI TAE (STDERR Thread - #0)] WARN  c.u.c.b.a.t.b.c.CommandLineAlgorithmRun - [PROCESS-ERR]      smack.top.main()
02:29:22.712 [CLI TAE (STDERR Thread - #0)] WARN  c.u.c.b.a.t.b.c.CommandLineAlgorithmRun - [PROCESS-ERR]    File "/mnt/local/smack-project/smack/bin/../share/smack/top.py", line 679, in main
02:29:22.712 [CLI TAE (STDERR Thread - #0)] WARN  c.u.c.b.a.t.b.c.CommandLineAlgorithmRun - [PROCESS-ERR]      verify_bpl(args)
02:29:22.712 [CLI TAE (STDERR Thread - #0)] WARN  c.u.c.b.a.t.b.c.CommandLineAlgorithmRun - [PROCESS-ERR]    File "/mnt/local/smack-project/smack/bin/../share/smack/top.py", line 548, in verify_bpl
02:29:22.712 [CLI TAE (STDERR Thread - #0)] WARN  c.u.c.b.a.t.b.c.CommandLineAlgorithmRun - [PROCESS-ERR]      verifier_output = try_command(command, timeout=args.time_limit)
02:29:22.712 [CLI TAE (STDERR Thread - #0)] WARN  c.u.c.b.a.t.b.c.CommandLineAlgorithmRun - [PROCESS-ERR]    File "/mnt/local/smack-project/smack/bin/../share/smack/utils.py", line 69, in try_command
02:29:22.712 [CLI TAE (STDERR Thread - #0)] WARN  c.u.c.b.a.t.b.c.CommandLineAlgorithmRun - [PROCESS-ERR]      raise Exception(output)
02:29:22.712 [CLI TAE (STDERR Thread - #0)] WARN  c.u.c.b.a.t.b.c.CommandLineAlgorithmRun - [PROCESS-ERR]  Exception: /usr/local/bin/corral: line 2: /proj/SMACK/smac/example_scenarios/ldv/a-rpFy3E.bpl: Permission denied
02:29:22.712 [CLI TAE (STDERR Thread - #0)] WARN  c.u.c.b.a.t.b.c.CommandLineAlgorithmRun - [PROCESS-ERR]  
02:31:14.074 [CLI TAE (STDERR Thread - #0)] WARN  c.u.c.b.a.t.b.c.CommandLineAlgorithmRun - [PROCESS-ERR]  Traceback (most recent call last):
02:31:14.075 [CLI TAE (STDERR Thread - #0)] WARN  c.u.c.b.a.t.b.c.CommandLineAlgorithmRun - [PROCESS-ERR]    File "/mnt/local/smack-project/smack/bin/smack", line 13, in <module>
02:31:14.075 [CLI TAE (STDERR Thread - #0)] WARN  c.u.c.b.a.t.b.c.CommandLineAlgorithmRun - [PROCESS-ERR]      smack.top.main()
02:31:14.075 [CLI TAE (STDERR Thread - #0)] WARN  c.u.c.b.a.t.b.c.CommandLineAlgorithmRun - [PROCESS-ERR]    File "/mnt/local/smack-project/smack/bin/../share/smack/top.py", line 679, in main
02:31:14.075 [CLI TAE (STDERR Thread - #0)] WARN  c.u.c.b.a.t.b.c.CommandLineAlgorithmRun - [PROCESS-ERR]      verify_bpl(args)
02:31:14.075 [CLI TAE (STDERR Thread - #0)] WARN  c.u.c.b.a.t.b.c.CommandLineAlgorithmRun - [PROCESS-ERR]    File "/mnt/local/smack-project/smack/bin/../share/smack/top.py", line 548, in verify_bpl
02:31:14.075 [CLI TAE (STDERR Thread - #0)] WARN  c.u.c.b.a.t.b.c.CommandLineAlgorithmRun - [PROCESS-ERR]      verifier_output = try_command(command, timeout=args.time_limit)
02:31:14.075 [CLI TAE (STDERR Thread - #0)] WARN  c.u.c.b.a.t.b.c.CommandLineAlgorithmRun - [PROCESS-ERR]    File "/mnt/local/smack-project/smack/bin/../share/smack/utils.py", line 69, in try_command
02:31:14.075 [CLI TAE (STDERR Thread - #0)] WARN  c.u.c.b.a.t.b.c.CommandLineAlgorithmRun - [PROCESS-ERR]      raise Exception(output)
02:31:14.075 [CLI TAE (STDERR Thread - #0)] WARN  c.u.c.b.a.t.b.c.CommandLineAlgorithmRun - [PROCESS-ERR]  Exception: /usr/local/bin/corral: line 2: /proj/SMACK/smac/example_scenarios/ldv/a-kHFeLq.bpl: Permission denied
02:31:14.075 [CLI TAE (STDERR Thread - #0)] WARN  c.u.c.b.a.t.b.c.CommandLineAlgorithmRun - [PROCESS-ERR]  
02:31:17.150 [CLI TAE (STDERR Thread - #0)] WARN  c.u.c.b.a.t.b.c.CommandLineAlgorithmRun - [PROCESS-ERR]  Traceback (most recent call last):
02:31:17.150 [CLI TAE (STDERR Thread - #0)] WARN  c.u.c.b.a.t.b.c.CommandLineAlgorithmRun - [PROCESS-ERR]    File "/mnt/local/smack-project/smack/bin/smack", line 13, in <module>
02:31:17.151 [CLI TAE (STDERR Thread - #0)] WARN  c.u.c.b.a.t.b.c.CommandLineAlgorithmRun - [PROCESS-ERR]      smack.top.main()
02:31:17.151 [CLI TAE (STDERR Thread - #0)] WARN  c.u.c.b.a.t.b.c.CommandLineAlgorithmRun - [PROCESS-ERR]    File "/mnt/local/smack-project/smack/bin/../share/smack/top.py", line 679, in main
02:31:17.151 [CLI TAE (STDERR Thread - #0)] WARN  c.u.c.b.a.t.b.c.CommandLineAlgorithmRun - [PROCESS-ERR]      verify_bpl(args)
02:31:17.151 [CLI TAE (STDERR Thread - #0)] WARN  c.u.c.b.a.t.b.c.CommandLineAlgorithmRun - [PROCESS-ERR]    File "/mnt/local/smack-project/smack/bin/../share/smack/top.py", line 548, in verify_bpl
02:31:17.151 [CLI TAE (STDERR Thread - #0)] WARN  c.u.c.b.a.t.b.c.CommandLineAlgorithmRun - [PROCESS-ERR]      verifier_output = try_command(command, timeout=args.time_limit)
02:31:17.151 [CLI TAE (STDERR Thread - #0)] WARN  c.u.c.b.a.t.b.c.CommandLineAlgorithmRun - [PROCESS-ERR]    File "/mnt/local/smack-project/smack/bin/../share/smack/utils.py", line 69, in try_command
02:31:17.151 [CLI TAE (STDERR Thread - #0)] WARN  c.u.c.b.a.t.b.c.CommandLineAlgorithmRun - [PROCESS-ERR]      raise Exception(output)
02:31:17.151 [CLI TAE (STDERR Thread - #0)] WARN  c.u.c.b.a.t.b.c.CommandLineAlgorithmRun - [PROCESS-ERR]  Exception: /usr/local/bin/corral: line 2: /proj/SMACK/smac/example_scenarios/ldv/a-EunKTR.bpl: Permission denied
02:31:17.151 [CLI TAE (STDERR Thread - #0)] WARN  c.u.c.b.a.t.b.c.CommandLineAlgorithmRun - [PROCESS-ERR]  
02:37:59.697 [CLI TAE (STDERR Thread - #0)] WARN  c.u.c.b.a.t.b.c.CommandLineAlgorithmRun - [PROCESS-ERR] Traceback (most recent call last):
  File "/mnt/local/smack-project/smack/bin/smack", line 13, in <module>
    smack.top.main()
  File "/mnt/local/smack-project/smack/bin/../share/smack/top.py", line 679, in main
    verify_bpl(args)
  File "/mnt/local/smack-project/smack/bin/../share/smack/top.py", line 548, in verify_bpl
    verifier_output = try_command(command, timeout=args.time_limit)
  File "/mnt/local/smack-project/smack/bin/../share/smack/utils.py", line 69, in try_command
    raise Exception(output)
Exception: /usr/local/bin/corral: line 2: /proj/SMACK/smac/example_scenarios/ldv/a-KZjjNa.bpl: Permission denied
