21:38:09.160 [CLI TAE (STDERR Thread - #0)] WARN  c.u.c.b.a.t.b.c.CommandLineAlgorithmRun - [PROCESS-ERR]  Traceback (most recent call last):
21:38:09.161 [CLI TAE (STDERR Thread - #0)] WARN  c.u.c.b.a.t.b.c.CommandLineAlgorithmRun - [PROCESS-ERR]    File "/mnt/local/smack-project/smack/bin/smack", line 13, in <module>
21:38:09.161 [CLI TAE (STDERR Thread - #0)] WARN  c.u.c.b.a.t.b.c.CommandLineAlgorithmRun - [PROCESS-ERR]      smack.top.main()
21:38:09.161 [CLI TAE (STDERR Thread - #0)] WARN  c.u.c.b.a.t.b.c.CommandLineAlgorithmRun - [PROCESS-ERR]    File "/mnt/local/smack-project/smack/bin/../share/smack/top.py", line 679, in main
21:38:09.161 [CLI TAE (STDERR Thread - #0)] WARN  c.u.c.b.a.t.b.c.CommandLineAlgorithmRun - [PROCESS-ERR]      verify_bpl(args)
21:38:09.161 [CLI TAE (STDERR Thread - #0)] WARN  c.u.c.b.a.t.b.c.CommandLineAlgorithmRun - [PROCESS-ERR]    File "/mnt/local/smack-project/smack/bin/../share/smack/top.py", line 548, in verify_bpl
21:38:09.161 [CLI TAE (STDERR Thread - #0)] WARN  c.u.c.b.a.t.b.c.CommandLineAlgorithmRun - [PROCESS-ERR]      verifier_output = try_command(command, timeout=args.time_limit)
21:38:09.161 [CLI TAE (STDERR Thread - #0)] WARN  c.u.c.b.a.t.b.c.CommandLineAlgorithmRun - [PROCESS-ERR]    File "/mnt/local/smack-project/smack/bin/../share/smack/utils.py", line 69, in try_command
21:38:09.162 [CLI TAE (STDERR Thread - #0)] WARN  c.u.c.b.a.t.b.c.CommandLineAlgorithmRun - [PROCESS-ERR]      raise Exception(output)
21:38:09.162 [CLI TAE (STDERR Thread - #0)] WARN  c.u.c.b.a.t.b.c.CommandLineAlgorithmRun - [PROCESS-ERR]  Exception: /usr/local/bin/corral: line 2: /proj/SMACK/smac/example_scenarios/ldv/a-0GaCuN.bpl: Permission denied
21:38:09.162 [CLI TAE (STDERR Thread - #0)] WARN  c.u.c.b.a.t.b.c.CommandLineAlgorithmRun - [PROCESS-ERR]  
21:38:11.199 [main] WARN  c.u.c.b.a.r.FileSharingRunHistoryDecorator - Error occurred reading file in shared run history /proj/SMACK/smac/example_scenarios/ldv/smac-output/smack-scenario_ldv/live-rundata-112.json. We will keep trying to read this file, but will only log another error after it succeeds once. We may not be able to get it's run data but we should be able to continue
java.lang.RuntimeException: Unexpected character (',' (code 44)): Expected space separating root-level values
 at [Source: /proj/SMACK/smac/example_scenarios/ldv/smac-output/smack-scenario_ldv/live-rundata-112.json; line: 17154, column: 7]
	at com.fasterxml.jackson.databind.MappingIterator.hasNext(MappingIterator.java:112) ~[jackson-databind-2.3.1.jar:2.3.1]
	at ca.ubc.cs.beta.aeatk.runhistory.FileSharingRunHistoryDecorator.readRunsFromFile(FileSharingRunHistoryDecorator.java:418) [aeatk.jar:na]
	at ca.ubc.cs.beta.aeatk.runhistory.FileSharingRunHistoryDecorator.reReadFiles(FileSharingRunHistoryDecorator.java:339) [aeatk.jar:na]
	at ca.ubc.cs.beta.aeatk.runhistory.FileSharingRunHistoryDecorator.append(FileSharingRunHistoryDecorator.java:239) [aeatk.jar:na]
	at ca.ubc.cs.beta.aeatk.runhistory.FileSharingRunHistoryDecorator.append(FileSharingRunHistoryDecorator.java:502) [aeatk.jar:na]
	at ca.ubc.cs.beta.aeatk.runhistory.TeeRunHistory.append(TeeRunHistory.java:33) [aeatk.jar:na]
	at ca.ubc.cs.beta.aeatk.runhistory.ThreadSafeRunHistoryWrapper.append(ThreadSafeRunHistoryWrapper.java:60) [aeatk.jar:na]
	at ca.ubc.cs.beta.aeatk.initialization.classic.ClassicInitializationProcedure.updateRunHistory(ClassicInitializationProcedure.java:156) [aeatk.jar:na]
	at ca.ubc.cs.beta.aeatk.initialization.classic.ClassicInitializationProcedure.evaluateRun(ClassicInitializationProcedure.java:143) [aeatk.jar:na]
	at ca.ubc.cs.beta.aeatk.initialization.classic.ClassicInitializationProcedure.evaluateRun(ClassicInitializationProcedure.java:114) [aeatk.jar:na]
	at ca.ubc.cs.beta.aeatk.initialization.classic.ClassicInitializationProcedure.run(ClassicInitializationProcedure.java:93) [aeatk.jar:na]
	at ca.ubc.cs.beta.smac.configurator.AbstractAlgorithmFramework.run(AbstractAlgorithmFramework.java:516) [smac.jar:na]
	at ca.ubc.cs.beta.smac.executors.SMACExecutor.oldMain(SMACExecutor.java:140) [smac.jar:na]
	at ca.ubc.cs.beta.smac.executors.SMACExecutor.main(SMACExecutor.java:104) [smac.jar:na]
	at sun.reflect.NativeMethodAccessorImpl.invoke0(Native Method) ~[na:1.8.0_162]
	at sun.reflect.NativeMethodAccessorImpl.invoke(NativeMethodAccessorImpl.java:62) ~[na:1.8.0_162]
	at sun.reflect.DelegatingMethodAccessorImpl.invoke(DelegatingMethodAccessorImpl.java:43) ~[na:1.8.0_162]
	at java.lang.reflect.Method.invoke(Method.java:498) ~[na:1.8.0_162]
	at ca.ubc.cs.beta.aeatk.ant.execscript.Launcher.main(Launcher.java:37) [aeatk.jar:na]
Caused by: com.fasterxml.jackson.core.JsonParseException: Unexpected character (',' (code 44)): Expected space separating root-level values
 at [Source: /proj/SMACK/smac/example_scenarios/ldv/smac-output/smack-scenario_ldv/live-rundata-112.json; line: 17154, column: 7]
	at com.fasterxml.jackson.core.JsonParser._constructError(JsonParser.java:1524) ~[jackson-core-2.3.1.jar:2.3.1]
	at com.fasterxml.jackson.core.base.ParserMinimalBase._reportError(ParserMinimalBase.java:557) ~[jackson-core-2.3.1.jar:2.3.1]
	at com.fasterxml.jackson.core.base.ParserMinimalBase._reportUnexpectedChar(ParserMinimalBase.java:475) ~[jackson-core-2.3.1.jar:2.3.1]
	at com.fasterxml.jackson.core.base.ParserMinimalBase._reportMissingRootWS(ParserMinimalBase.java:495) ~[jackson-core-2.3.1.jar:2.3.1]
	at com.fasterxml.jackson.core.json.UTF8StreamJsonParser._verifyRootSpace(UTF8StreamJsonParser.java:1469) ~[jackson-core-2.3.1.jar:2.3.1]
	at com.fasterxml.jackson.core.json.UTF8StreamJsonParser._parseFloat(UTF8StreamJsonParser.java:1436) ~[jackson-core-2.3.1.jar:2.3.1]
	at com.fasterxml.jackson.core.json.UTF8StreamJsonParser._parseNumber(UTF8StreamJsonParser.java:1260) ~[jackson-core-2.3.1.jar:2.3.1]
	at com.fasterxml.jackson.core.json.UTF8StreamJsonParser._nextTokenNotInObject(UTF8StreamJsonParser.java:816) ~[jackson-core-2.3.1.jar:2.3.1]
	at com.fasterxml.jackson.core.json.UTF8StreamJsonParser.nextToken(UTF8StreamJsonParser.java:698) ~[jackson-core-2.3.1.jar:2.3.1]
	at com.fasterxml.jackson.databind.MappingIterator.hasNextValue(MappingIterator.java:159) ~[jackson-databind-2.3.1.jar:2.3.1]
	at com.fasterxml.jackson.databind.MappingIterator.hasNext(MappingIterator.java:108) ~[jackson-databind-2.3.1.jar:2.3.1]
	... 18 common frames omitted
21:38:11.726 [main] WARN  c.u.c.b.a.r.FileSharingRunHistoryDecorator - Error occurred reading file in shared run history /proj/SMACK/smac/example_scenarios/ldv/smac-output/smack-scenario_ldv/live-rundata-106.json. We will keep trying to read this file, but will only log another error after it succeeds once. We may not be able to get it's run data but we should be able to continue
java.lang.RuntimeException: Unrecognized token 'l': was expecting ('true', 'false' or 'null')
 at [Source: /proj/SMACK/smac/example_scenarios/ldv/smac-output/smack-scenario_ldv/live-rundata-106.json; line: 17110, column: 4]
	at com.fasterxml.jackson.databind.MappingIterator.hasNext(MappingIterator.java:112) ~[jackson-databind-2.3.1.jar:2.3.1]
	at ca.ubc.cs.beta.aeatk.runhistory.FileSharingRunHistoryDecorator.readRunsFromFile(FileSharingRunHistoryDecorator.java:418) [aeatk.jar:na]
	at ca.ubc.cs.beta.aeatk.runhistory.FileSharingRunHistoryDecorator.reReadFiles(FileSharingRunHistoryDecorator.java:339) [aeatk.jar:na]
	at ca.ubc.cs.beta.aeatk.runhistory.FileSharingRunHistoryDecorator.append(FileSharingRunHistoryDecorator.java:239) [aeatk.jar:na]
	at ca.ubc.cs.beta.aeatk.runhistory.FileSharingRunHistoryDecorator.append(FileSharingRunHistoryDecorator.java:502) [aeatk.jar:na]
	at ca.ubc.cs.beta.aeatk.runhistory.TeeRunHistory.append(TeeRunHistory.java:33) [aeatk.jar:na]
	at ca.ubc.cs.beta.aeatk.runhistory.ThreadSafeRunHistoryWrapper.append(ThreadSafeRunHistoryWrapper.java:60) [aeatk.jar:na]
	at ca.ubc.cs.beta.aeatk.initialization.classic.ClassicInitializationProcedure.updateRunHistory(ClassicInitializationProcedure.java:156) [aeatk.jar:na]
	at ca.ubc.cs.beta.aeatk.initialization.classic.ClassicInitializationProcedure.evaluateRun(ClassicInitializationProcedure.java:143) [aeatk.jar:na]
	at ca.ubc.cs.beta.aeatk.initialization.classic.ClassicInitializationProcedure.evaluateRun(ClassicInitializationProcedure.java:114) [aeatk.jar:na]
	at ca.ubc.cs.beta.aeatk.initialization.classic.ClassicInitializationProcedure.run(ClassicInitializationProcedure.java:93) [aeatk.jar:na]
	at ca.ubc.cs.beta.smac.configurator.AbstractAlgorithmFramework.run(AbstractAlgorithmFramework.java:516) [smac.jar:na]
	at ca.ubc.cs.beta.smac.executors.SMACExecutor.oldMain(SMACExecutor.java:140) [smac.jar:na]
	at ca.ubc.cs.beta.smac.executors.SMACExecutor.main(SMACExecutor.java:104) [smac.jar:na]
	at sun.reflect.NativeMethodAccessorImpl.invoke0(Native Method) ~[na:1.8.0_162]
	at sun.reflect.NativeMethodAccessorImpl.invoke(NativeMethodAccessorImpl.java:62) ~[na:1.8.0_162]
	at sun.reflect.DelegatingMethodAccessorImpl.invoke(DelegatingMethodAccessorImpl.java:43) ~[na:1.8.0_162]
	at java.lang.reflect.Method.invoke(Method.java:498) ~[na:1.8.0_162]
	at ca.ubc.cs.beta.aeatk.ant.execscript.Launcher.main(Launcher.java:37) [aeatk.jar:na]
Caused by: com.fasterxml.jackson.core.JsonParseException: Unrecognized token 'l': was expecting ('true', 'false' or 'null')
 at [Source: /proj/SMACK/smac/example_scenarios/ldv/smac-output/smack-scenario_ldv/live-rundata-106.json; line: 17110, column: 4]
	at com.fasterxml.jackson.core.JsonParser._constructError(JsonParser.java:1524) ~[jackson-core-2.3.1.jar:2.3.1]
	at com.fasterxml.jackson.core.base.ParserMinimalBase._reportError(ParserMinimalBase.java:557) ~[jackson-core-2.3.1.jar:2.3.1]
	at com.fasterxml.jackson.core.json.UTF8StreamJsonParser._reportInvalidToken(UTF8StreamJsonParser.java:3095) ~[jackson-core-2.3.1.jar:2.3.1]
	at com.fasterxml.jackson.core.json.UTF8StreamJsonParser._handleUnexpectedValue(UTF8StreamJsonParser.java:2340) ~[jackson-core-2.3.1.jar:2.3.1]
	at com.fasterxml.jackson.core.json.UTF8StreamJsonParser._nextTokenNotInObject(UTF8StreamJsonParser.java:818) ~[jackson-core-2.3.1.jar:2.3.1]
	at com.fasterxml.jackson.core.json.UTF8StreamJsonParser.nextToken(UTF8StreamJsonParser.java:698) ~[jackson-core-2.3.1.jar:2.3.1]
	at com.fasterxml.jackson.databind.MappingIterator.hasNextValue(MappingIterator.java:159) ~[jackson-databind-2.3.1.jar:2.3.1]
	at com.fasterxml.jackson.databind.MappingIterator.hasNext(MappingIterator.java:108) ~[jackson-databind-2.3.1.jar:2.3.1]
	... 18 common frames omitted
21:38:11.926 [main] WARN  c.u.c.b.a.r.FileSharingRunHistoryDecorator - Error occurred reading file in shared run history /proj/SMACK/smac/example_scenarios/ldv/smac-output/smack-scenario_ldv/live-rundata-98.json. We will keep trying to read this file, but will only log another error after it succeeds once. We may not be able to get it's run data but we should be able to continue
java.lang.RuntimeException: Unrecognized token 'id': was expecting ('true', 'false' or 'null')
 at [Source: /proj/SMACK/smac/example_scenarios/ldv/smac-output/smack-scenario_ldv/live-rundata-98.json; line: 16992, column: 5]
	at com.fasterxml.jackson.databind.MappingIterator.hasNext(MappingIterator.java:112) ~[jackson-databind-2.3.1.jar:2.3.1]
	at ca.ubc.cs.beta.aeatk.runhistory.FileSharingRunHistoryDecorator.readRunsFromFile(FileSharingRunHistoryDecorator.java:418) [aeatk.jar:na]
	at ca.ubc.cs.beta.aeatk.runhistory.FileSharingRunHistoryDecorator.reReadFiles(FileSharingRunHistoryDecorator.java:339) [aeatk.jar:na]
	at ca.ubc.cs.beta.aeatk.runhistory.FileSharingRunHistoryDecorator.append(FileSharingRunHistoryDecorator.java:239) [aeatk.jar:na]
	at ca.ubc.cs.beta.aeatk.runhistory.FileSharingRunHistoryDecorator.append(FileSharingRunHistoryDecorator.java:502) [aeatk.jar:na]
	at ca.ubc.cs.beta.aeatk.runhistory.TeeRunHistory.append(TeeRunHistory.java:33) [aeatk.jar:na]
	at ca.ubc.cs.beta.aeatk.runhistory.ThreadSafeRunHistoryWrapper.append(ThreadSafeRunHistoryWrapper.java:60) [aeatk.jar:na]
	at ca.ubc.cs.beta.aeatk.initialization.classic.ClassicInitializationProcedure.updateRunHistory(ClassicInitializationProcedure.java:156) [aeatk.jar:na]
	at ca.ubc.cs.beta.aeatk.initialization.classic.ClassicInitializationProcedure.evaluateRun(ClassicInitializationProcedure.java:143) [aeatk.jar:na]
	at ca.ubc.cs.beta.aeatk.initialization.classic.ClassicInitializationProcedure.evaluateRun(ClassicInitializationProcedure.java:114) [aeatk.jar:na]
	at ca.ubc.cs.beta.aeatk.initialization.classic.ClassicInitializationProcedure.run(ClassicInitializationProcedure.java:93) [aeatk.jar:na]
	at ca.ubc.cs.beta.smac.configurator.AbstractAlgorithmFramework.run(AbstractAlgorithmFramework.java:516) [smac.jar:na]
	at ca.ubc.cs.beta.smac.executors.SMACExecutor.oldMain(SMACExecutor.java:140) [smac.jar:na]
	at ca.ubc.cs.beta.smac.executors.SMACExecutor.main(SMACExecutor.java:104) [smac.jar:na]
	at sun.reflect.NativeMethodAccessorImpl.invoke0(Native Method) ~[na:1.8.0_162]
	at sun.reflect.NativeMethodAccessorImpl.invoke(NativeMethodAccessorImpl.java:62) ~[na:1.8.0_162]
	at sun.reflect.DelegatingMethodAccessorImpl.invoke(DelegatingMethodAccessorImpl.java:43) ~[na:1.8.0_162]
	at java.lang.reflect.Method.invoke(Method.java:498) ~[na:1.8.0_162]
	at ca.ubc.cs.beta.aeatk.ant.execscript.Launcher.main(Launcher.java:37) [aeatk.jar:na]
Caused by: com.fasterxml.jackson.core.JsonParseException: Unrecognized token 'id': was expecting ('true', 'false' or 'null')
 at [Source: /proj/SMACK/smac/example_scenarios/ldv/smac-output/smack-scenario_ldv/live-rundata-98.json; line: 16992, column: 5]
	at com.fasterxml.jackson.core.JsonParser._constructError(JsonParser.java:1524) ~[jackson-core-2.3.1.jar:2.3.1]
	at com.fasterxml.jackson.core.base.ParserMinimalBase._reportError(ParserMinimalBase.java:557) ~[jackson-core-2.3.1.jar:2.3.1]
	at com.fasterxml.jackson.core.json.UTF8StreamJsonParser._reportInvalidToken(UTF8StreamJsonParser.java:3095) ~[jackson-core-2.3.1.jar:2.3.1]
	at com.fasterxml.jackson.core.json.UTF8StreamJsonParser._handleUnexpectedValue(UTF8StreamJsonParser.java:2340) ~[jackson-core-2.3.1.jar:2.3.1]
	at com.fasterxml.jackson.core.json.UTF8StreamJsonParser._nextTokenNotInObject(UTF8StreamJsonParser.java:818) ~[jackson-core-2.3.1.jar:2.3.1]
	at com.fasterxml.jackson.core.json.UTF8StreamJsonParser.nextToken(UTF8StreamJsonParser.java:698) ~[jackson-core-2.3.1.jar:2.3.1]
	at com.fasterxml.jackson.databind.MappingIterator.hasNextValue(MappingIterator.java:159) ~[jackson-databind-2.3.1.jar:2.3.1]
	at com.fasterxml.jackson.databind.MappingIterator.hasNext(MappingIterator.java:108) ~[jackson-databind-2.3.1.jar:2.3.1]
	... 18 common frames omitted
21:38:12.669 [main] WARN  c.u.c.b.a.r.FileSharingRunHistoryDecorator - Error occurred reading file in shared run history /proj/SMACK/smac/example_scenarios/ldv/smac-output/smack-scenario_ldv/live-rundata-102.json. We will keep trying to read this file, but will only log another error after it succeeds once. We may not be able to get it's run data but we should be able to continue
java.lang.RuntimeException: Illegal character ((CTRL-CHAR, code 0)): only regular white space (\r, \n, \t) is allowed between tokens
 at [Source: /proj/SMACK/smac/example_scenarios/ldv/smac-output/smack-scenario_ldv/live-rundata-102.json; line: 17110, column: 3]
	at com.fasterxml.jackson.databind.MappingIterator.hasNext(MappingIterator.java:112) ~[jackson-databind-2.3.1.jar:2.3.1]
	at ca.ubc.cs.beta.aeatk.runhistory.FileSharingRunHistoryDecorator.readRunsFromFile(FileSharingRunHistoryDecorator.java:418) [aeatk.jar:na]
	at ca.ubc.cs.beta.aeatk.runhistory.FileSharingRunHistoryDecorator.reReadFiles(FileSharingRunHistoryDecorator.java:339) [aeatk.jar:na]
	at ca.ubc.cs.beta.aeatk.runhistory.FileSharingRunHistoryDecorator.append(FileSharingRunHistoryDecorator.java:239) [aeatk.jar:na]
	at ca.ubc.cs.beta.aeatk.runhistory.FileSharingRunHistoryDecorator.append(FileSharingRunHistoryDecorator.java:502) [aeatk.jar:na]
	at ca.ubc.cs.beta.aeatk.runhistory.TeeRunHistory.append(TeeRunHistory.java:33) [aeatk.jar:na]
	at ca.ubc.cs.beta.aeatk.runhistory.ThreadSafeRunHistoryWrapper.append(ThreadSafeRunHistoryWrapper.java:60) [aeatk.jar:na]
	at ca.ubc.cs.beta.aeatk.initialization.classic.ClassicInitializationProcedure.updateRunHistory(ClassicInitializationProcedure.java:156) [aeatk.jar:na]
	at ca.ubc.cs.beta.aeatk.initialization.classic.ClassicInitializationProcedure.evaluateRun(ClassicInitializationProcedure.java:143) [aeatk.jar:na]
	at ca.ubc.cs.beta.aeatk.initialization.classic.ClassicInitializationProcedure.evaluateRun(ClassicInitializationProcedure.java:114) [aeatk.jar:na]
	at ca.ubc.cs.beta.aeatk.initialization.classic.ClassicInitializationProcedure.run(ClassicInitializationProcedure.java:93) [aeatk.jar:na]
	at ca.ubc.cs.beta.smac.configurator.AbstractAlgorithmFramework.run(AbstractAlgorithmFramework.java:516) [smac.jar:na]
	at ca.ubc.cs.beta.smac.executors.SMACExecutor.oldMain(SMACExecutor.java:140) [smac.jar:na]
	at ca.ubc.cs.beta.smac.executors.SMACExecutor.main(SMACExecutor.java:104) [smac.jar:na]
	at sun.reflect.NativeMethodAccessorImpl.invoke0(Native Method) ~[na:1.8.0_162]
	at sun.reflect.NativeMethodAccessorImpl.invoke(NativeMethodAccessorImpl.java:62) ~[na:1.8.0_162]
	at sun.reflect.DelegatingMethodAccessorImpl.invoke(DelegatingMethodAccessorImpl.java:43) ~[na:1.8.0_162]
	at java.lang.reflect.Method.invoke(Method.java:498) ~[na:1.8.0_162]
	at ca.ubc.cs.beta.aeatk.ant.execscript.Launcher.main(Launcher.java:37) [aeatk.jar:na]
Caused by: com.fasterxml.jackson.core.JsonParseException: Illegal character ((CTRL-CHAR, code 0)): only regular white space (\r, \n, \t) is allowed between tokens
 at [Source: /proj/SMACK/smac/example_scenarios/ldv/smac-output/smack-scenario_ldv/live-rundata-102.json; line: 17110, column: 3]
	at com.fasterxml.jackson.core.JsonParser._constructError(JsonParser.java:1524) ~[jackson-core-2.3.1.jar:2.3.1]
	at com.fasterxml.jackson.core.base.ParserMinimalBase._reportError(ParserMinimalBase.java:557) ~[jackson-core-2.3.1.jar:2.3.1]
	at com.fasterxml.jackson.core.base.ParserMinimalBase._throwInvalidSpace(ParserMinimalBase.java:503) ~[jackson-core-2.3.1.jar:2.3.1]
	at com.fasterxml.jackson.core.json.UTF8StreamJsonParser._reportInvalidChar(UTF8StreamJsonParser.java:3103) ~[jackson-core-2.3.1.jar:2.3.1]
	at com.fasterxml.jackson.core.json.UTF8StreamJsonParser._skipWSOrEnd(UTF8StreamJsonParser.java:2585) ~[jackson-core-2.3.1.jar:2.3.1]
	at com.fasterxml.jackson.core.json.UTF8StreamJsonParser.nextToken(UTF8StreamJsonParser.java:650) ~[jackson-core-2.3.1.jar:2.3.1]
	at com.fasterxml.jackson.databind.MappingIterator.hasNextValue(MappingIterator.java:159) ~[jackson-databind-2.3.1.jar:2.3.1]
	at com.fasterxml.jackson.databind.MappingIterator.hasNext(MappingIterator.java:108) ~[jackson-databind-2.3.1.jar:2.3.1]
	... 18 common frames omitted
21:38:13.012 [main] WARN  c.u.c.b.a.r.FileSharingRunHistoryDecorator - Error occurred reading file in shared run history /proj/SMACK/smac/example_scenarios/ldv/smac-output/smack-scenario_ldv/live-rundata-107.json. We will keep trying to read this file, but will only log another error after it succeeds once. We may not be able to get it's run data but we should be able to continue
java.lang.RuntimeException: Unexpected close marker '}': expected ']' (for ROOT starting at [Source: /proj/SMACK/smac/example_scenarios/ldv/smac-output/smack-scenario_ldv/live-rundata-107.json; line: 1, column: 0])
 at [Source: /proj/SMACK/smac/example_scenarios/ldv/smac-output/smack-scenario_ldv/live-rundata-107.json; line: 16945, column: 2]
	at com.fasterxml.jackson.databind.MappingIterator.hasNext(MappingIterator.java:112) ~[jackson-databind-2.3.1.jar:2.3.1]
	at ca.ubc.cs.beta.aeatk.runhistory.FileSharingRunHistoryDecorator.readRunsFromFile(FileSharingRunHistoryDecorator.java:418) [aeatk.jar:na]
	at ca.ubc.cs.beta.aeatk.runhistory.FileSharingRunHistoryDecorator.reReadFiles(FileSharingRunHistoryDecorator.java:339) [aeatk.jar:na]
	at ca.ubc.cs.beta.aeatk.runhistory.FileSharingRunHistoryDecorator.append(FileSharingRunHistoryDecorator.java:239) [aeatk.jar:na]
	at ca.ubc.cs.beta.aeatk.runhistory.FileSharingRunHistoryDecorator.append(FileSharingRunHistoryDecorator.java:502) [aeatk.jar:na]
	at ca.ubc.cs.beta.aeatk.runhistory.TeeRunHistory.append(TeeRunHistory.java:33) [aeatk.jar:na]
	at ca.ubc.cs.beta.aeatk.runhistory.ThreadSafeRunHistoryWrapper.append(ThreadSafeRunHistoryWrapper.java:60) [aeatk.jar:na]
	at ca.ubc.cs.beta.aeatk.initialization.classic.ClassicInitializationProcedure.updateRunHistory(ClassicInitializationProcedure.java:156) [aeatk.jar:na]
	at ca.ubc.cs.beta.aeatk.initialization.classic.ClassicInitializationProcedure.evaluateRun(ClassicInitializationProcedure.java:143) [aeatk.jar:na]
	at ca.ubc.cs.beta.aeatk.initialization.classic.ClassicInitializationProcedure.evaluateRun(ClassicInitializationProcedure.java:114) [aeatk.jar:na]
	at ca.ubc.cs.beta.aeatk.initialization.classic.ClassicInitializationProcedure.run(ClassicInitializationProcedure.java:93) [aeatk.jar:na]
	at ca.ubc.cs.beta.smac.configurator.AbstractAlgorithmFramework.run(AbstractAlgorithmFramework.java:516) [smac.jar:na]
	at ca.ubc.cs.beta.smac.executors.SMACExecutor.oldMain(SMACExecutor.java:140) [smac.jar:na]
	at ca.ubc.cs.beta.smac.executors.SMACExecutor.main(SMACExecutor.java:104) [smac.jar:na]
	at sun.reflect.NativeMethodAccessorImpl.invoke0(Native Method) ~[na:1.8.0_162]
	at sun.reflect.NativeMethodAccessorImpl.invoke(NativeMethodAccessorImpl.java:62) ~[na:1.8.0_162]
	at sun.reflect.DelegatingMethodAccessorImpl.invoke(DelegatingMethodAccessorImpl.java:43) ~[na:1.8.0_162]
	at java.lang.reflect.Method.invoke(Method.java:498) ~[na:1.8.0_162]
	at ca.ubc.cs.beta.aeatk.ant.execscript.Launcher.main(Launcher.java:37) [aeatk.jar:na]
Caused by: com.fasterxml.jackson.core.JsonParseException: Unexpected close marker '}': expected ']' (for ROOT starting at [Source: /proj/SMACK/smac/example_scenarios/ldv/smac-output/smack-scenario_ldv/live-rundata-107.json; line: 1, column: 0])
 at [Source: /proj/SMACK/smac/example_scenarios/ldv/smac-output/smack-scenario_ldv/live-rundata-107.json; line: 16945, column: 2]
	at com.fasterxml.jackson.core.JsonParser._constructError(JsonParser.java:1524) ~[jackson-core-2.3.1.jar:2.3.1]
	at com.fasterxml.jackson.core.base.ParserMinimalBase._reportError(ParserMinimalBase.java:557) ~[jackson-core-2.3.1.jar:2.3.1]
	at com.fasterxml.jackson.core.base.ParserBase._reportMismatchedEndMarker(ParserBase.java:501) ~[jackson-core-2.3.1.jar:2.3.1]
	at com.fasterxml.jackson.core.json.UTF8StreamJsonParser.nextToken(UTF8StreamJsonParser.java:679) ~[jackson-core-2.3.1.jar:2.3.1]
	at com.fasterxml.jackson.databind.MappingIterator.hasNextValue(MappingIterator.java:159) ~[jackson-databind-2.3.1.jar:2.3.1]
	at com.fasterxml.jackson.databind.MappingIterator.hasNext(MappingIterator.java:108) ~[jackson-databind-2.3.1.jar:2.3.1]
	... 18 common frames omitted
21:38:13.049 [main] WARN  c.u.c.b.a.r.FileSharingRunHistoryDecorator - Error occurred reading file in shared run history /proj/SMACK/smac/example_scenarios/ldv/smac-output/smack-scenario_ldv/live-rundata-99.json. We will keep trying to read this file, but will only log another error after it succeeds once. We may not be able to get it's run data but we should be able to continue
java.lang.RuntimeException: Unrecognized token 'ing': was expecting ('true', 'false' or 'null')
 at [Source: /proj/SMACK/smac/example_scenarios/ldv/smac-output/smack-scenario_ldv/live-rundata-99.json; line: 16970, column: 6]
	at com.fasterxml.jackson.databind.MappingIterator.hasNext(MappingIterator.java:112) ~[jackson-databind-2.3.1.jar:2.3.1]
	at ca.ubc.cs.beta.aeatk.runhistory.FileSharingRunHistoryDecorator.readRunsFromFile(FileSharingRunHistoryDecorator.java:418) [aeatk.jar:na]
	at ca.ubc.cs.beta.aeatk.runhistory.FileSharingRunHistoryDecorator.reReadFiles(FileSharingRunHistoryDecorator.java:339) [aeatk.jar:na]
	at ca.ubc.cs.beta.aeatk.runhistory.FileSharingRunHistoryDecorator.append(FileSharingRunHistoryDecorator.java:239) [aeatk.jar:na]
	at ca.ubc.cs.beta.aeatk.runhistory.FileSharingRunHistoryDecorator.append(FileSharingRunHistoryDecorator.java:502) [aeatk.jar:na]
	at ca.ubc.cs.beta.aeatk.runhistory.TeeRunHistory.append(TeeRunHistory.java:33) [aeatk.jar:na]
	at ca.ubc.cs.beta.aeatk.runhistory.ThreadSafeRunHistoryWrapper.append(ThreadSafeRunHistoryWrapper.java:60) [aeatk.jar:na]
	at ca.ubc.cs.beta.aeatk.initialization.classic.ClassicInitializationProcedure.updateRunHistory(ClassicInitializationProcedure.java:156) [aeatk.jar:na]
	at ca.ubc.cs.beta.aeatk.initialization.classic.ClassicInitializationProcedure.evaluateRun(ClassicInitializationProcedure.java:143) [aeatk.jar:na]
	at ca.ubc.cs.beta.aeatk.initialization.classic.ClassicInitializationProcedure.evaluateRun(ClassicInitializationProcedure.java:114) [aeatk.jar:na]
	at ca.ubc.cs.beta.aeatk.initialization.classic.ClassicInitializationProcedure.run(ClassicInitializationProcedure.java:93) [aeatk.jar:na]
	at ca.ubc.cs.beta.smac.configurator.AbstractAlgorithmFramework.run(AbstractAlgorithmFramework.java:516) [smac.jar:na]
	at ca.ubc.cs.beta.smac.executors.SMACExecutor.oldMain(SMACExecutor.java:140) [smac.jar:na]
	at ca.ubc.cs.beta.smac.executors.SMACExecutor.main(SMACExecutor.java:104) [smac.jar:na]
	at sun.reflect.NativeMethodAccessorImpl.invoke0(Native Method) ~[na:1.8.0_162]
	at sun.reflect.NativeMethodAccessorImpl.invoke(NativeMethodAccessorImpl.java:62) ~[na:1.8.0_162]
	at sun.reflect.DelegatingMethodAccessorImpl.invoke(DelegatingMethodAccessorImpl.java:43) ~[na:1.8.0_162]
	at java.lang.reflect.Method.invoke(Method.java:498) ~[na:1.8.0_162]
	at ca.ubc.cs.beta.aeatk.ant.execscript.Launcher.main(Launcher.java:37) [aeatk.jar:na]
Caused by: com.fasterxml.jackson.core.JsonParseException: Unrecognized token 'ing': was expecting ('true', 'false' or 'null')
 at [Source: /proj/SMACK/smac/example_scenarios/ldv/smac-output/smack-scenario_ldv/live-rundata-99.json; line: 16970, column: 6]
	at com.fasterxml.jackson.core.JsonParser._constructError(JsonParser.java:1524) ~[jackson-core-2.3.1.jar:2.3.1]
	at com.fasterxml.jackson.core.base.ParserMinimalBase._reportError(ParserMinimalBase.java:557) ~[jackson-core-2.3.1.jar:2.3.1]
	at com.fasterxml.jackson.core.json.UTF8StreamJsonParser._reportInvalidToken(UTF8StreamJsonParser.java:3095) ~[jackson-core-2.3.1.jar:2.3.1]
	at com.fasterxml.jackson.core.json.UTF8StreamJsonParser._handleUnexpectedValue(UTF8StreamJsonParser.java:2340) ~[jackson-core-2.3.1.jar:2.3.1]
	at com.fasterxml.jackson.core.json.UTF8StreamJsonParser._nextTokenNotInObject(UTF8StreamJsonParser.java:818) ~[jackson-core-2.3.1.jar:2.3.1]
	at com.fasterxml.jackson.core.json.UTF8StreamJsonParser.nextToken(UTF8StreamJsonParser.java:698) ~[jackson-core-2.3.1.jar:2.3.1]
	at com.fasterxml.jackson.databind.MappingIterator.hasNextValue(MappingIterator.java:159) ~[jackson-databind-2.3.1.jar:2.3.1]
	at com.fasterxml.jackson.databind.MappingIterator.hasNext(MappingIterator.java:108) ~[jackson-databind-2.3.1.jar:2.3.1]
	... 18 common frames omitted
21:38:13.465 [main] WARN  c.u.c.b.a.r.FileSharingRunHistoryDecorator - Error occurred reading file in shared run history /proj/SMACK/smac/example_scenarios/ldv/smac-output/smack-scenario_ldv/live-rundata-103.json. We will keep trying to read this file, but will only log another error after it succeeds once. We may not be able to get it's run data but we should be able to continue
com.fasterxml.jackson.core.JsonParseException: Unexpected character ('{' (code 123)): was expecting comma to separate OBJECT entries
 at [Source: /proj/SMACK/smac/example_scenarios/ldv/smac-output/smack-scenario_ldv/live-rundata-103.json; line: 16921, column: 33]
	at com.fasterxml.jackson.core.JsonParser._constructError(JsonParser.java:1524) ~[jackson-core-2.3.1.jar:2.3.1]
	at com.fasterxml.jackson.core.base.ParserMinimalBase._reportError(ParserMinimalBase.java:557) ~[jackson-core-2.3.1.jar:2.3.1]
	at com.fasterxml.jackson.core.base.ParserMinimalBase._reportUnexpectedChar(ParserMinimalBase.java:475) ~[jackson-core-2.3.1.jar:2.3.1]
	at com.fasterxml.jackson.core.json.UTF8StreamJsonParser.nextToken(UTF8StreamJsonParser.java:688) ~[jackson-core-2.3.1.jar:2.3.1]
	at com.fasterxml.jackson.core.base.ParserMinimalBase.nextValue(ParserMinimalBase.java:123) ~[jackson-core-2.3.1.jar:2.3.1]
	at ca.ubc.cs.beta.aeatk.json.serializers.AlgorithmRunResultJson$AlgorithmRunDeserializer.deserialize(AlgorithmRunResultJson.java:57) ~[aeatk.jar:na]
	at ca.ubc.cs.beta.aeatk.json.serializers.AlgorithmRunResultJson$AlgorithmRunDeserializer.deserialize(AlgorithmRunResultJson.java:30) ~[aeatk.jar:na]
	at com.fasterxml.jackson.databind.MappingIterator.nextValue(MappingIterator.java:189) ~[jackson-databind-2.3.1.jar:2.3.1]
	at ca.ubc.cs.beta.aeatk.runhistory.FileSharingRunHistoryDecorator.readRunsFromFile(FileSharingRunHistoryDecorator.java:421) [aeatk.jar:na]
	at ca.ubc.cs.beta.aeatk.runhistory.FileSharingRunHistoryDecorator.reReadFiles(FileSharingRunHistoryDecorator.java:339) [aeatk.jar:na]
	at ca.ubc.cs.beta.aeatk.runhistory.FileSharingRunHistoryDecorator.append(FileSharingRunHistoryDecorator.java:239) [aeatk.jar:na]
	at ca.ubc.cs.beta.aeatk.runhistory.FileSharingRunHistoryDecorator.append(FileSharingRunHistoryDecorator.java:502) [aeatk.jar:na]
	at ca.ubc.cs.beta.aeatk.runhistory.TeeRunHistory.append(TeeRunHistory.java:33) [aeatk.jar:na]
	at ca.ubc.cs.beta.aeatk.runhistory.ThreadSafeRunHistoryWrapper.append(ThreadSafeRunHistoryWrapper.java:60) [aeatk.jar:na]
	at ca.ubc.cs.beta.aeatk.initialization.classic.ClassicInitializationProcedure.updateRunHistory(ClassicInitializationProcedure.java:156) [aeatk.jar:na]
	at ca.ubc.cs.beta.aeatk.initialization.classic.ClassicInitializationProcedure.evaluateRun(ClassicInitializationProcedure.java:143) [aeatk.jar:na]
	at ca.ubc.cs.beta.aeatk.initialization.classic.ClassicInitializationProcedure.evaluateRun(ClassicInitializationProcedure.java:114) [aeatk.jar:na]
	at ca.ubc.cs.beta.aeatk.initialization.classic.ClassicInitializationProcedure.run(ClassicInitializationProcedure.java:93) [aeatk.jar:na]
	at ca.ubc.cs.beta.smac.configurator.AbstractAlgorithmFramework.run(AbstractAlgorithmFramework.java:516) [smac.jar:na]
	at ca.ubc.cs.beta.smac.executors.SMACExecutor.oldMain(SMACExecutor.java:140) [smac.jar:na]
	at ca.ubc.cs.beta.smac.executors.SMACExecutor.main(SMACExecutor.java:104) [smac.jar:na]
	at sun.reflect.NativeMethodAccessorImpl.invoke0(Native Method) ~[na:1.8.0_162]
	at sun.reflect.NativeMethodAccessorImpl.invoke(NativeMethodAccessorImpl.java:62) ~[na:1.8.0_162]
	at sun.reflect.DelegatingMethodAccessorImpl.invoke(DelegatingMethodAccessorImpl.java:43) ~[na:1.8.0_162]
	at java.lang.reflect.Method.invoke(Method.java:498) ~[na:1.8.0_162]
	at ca.ubc.cs.beta.aeatk.ant.execscript.Launcher.main(Launcher.java:37) [aeatk.jar:na]
21:38:14.430 [main] WARN  c.u.c.b.a.r.FileSharingRunHistoryDecorator - Error occurred reading file in shared run history /proj/SMACK/smac/example_scenarios/ldv/smac-output/smack-scenario_ldv/live-rundata-105.json. We will keep trying to read this file, but will only log another error after it succeeds once. We may not be able to get it's run data but we should be able to continue
com.fasterxml.jackson.core.JsonParseException: Illegal unquoted character ((CTRL-CHAR, code 10)): has to be escaped using backslash to be included in name
 at [Source: /proj/SMACK/smac/example_scenarios/ldv/smac-output/smack-scenario_ldv/live-rundata-105.json; line: 16926, column: 27]
	at com.fasterxml.jackson.core.JsonParser._constructError(JsonParser.java:1524) ~[jackson-core-2.3.1.jar:2.3.1]
	at com.fasterxml.jackson.core.base.ParserMinimalBase._reportError(ParserMinimalBase.java:557) ~[jackson-core-2.3.1.jar:2.3.1]
	at com.fasterxml.jackson.core.base.ParserMinimalBase._throwUnquotedSpace(ParserMinimalBase.java:518) ~[jackson-core-2.3.1.jar:2.3.1]
	at com.fasterxml.jackson.core.json.UTF8StreamJsonParser.parseEscapedName(UTF8StreamJsonParser.java:1694) ~[jackson-core-2.3.1.jar:2.3.1]
	at com.fasterxml.jackson.core.json.UTF8StreamJsonParser.parseLongName(UTF8StreamJsonParser.java:1609) ~[jackson-core-2.3.1.jar:2.3.1]
	at com.fasterxml.jackson.core.json.UTF8StreamJsonParser.parseMediumName(UTF8StreamJsonParser.java:1576) ~[jackson-core-2.3.1.jar:2.3.1]
	at com.fasterxml.jackson.core.json.UTF8StreamJsonParser._parseName(UTF8StreamJsonParser.java:1512) ~[jackson-core-2.3.1.jar:2.3.1]
	at com.fasterxml.jackson.core.json.UTF8StreamJsonParser.nextToken(UTF8StreamJsonParser.java:701) ~[jackson-core-2.3.1.jar:2.3.1]
	at ca.ubc.cs.beta.aeatk.json.serializers.AlgorithmExecutionConfigurationJson$AlgorithmExecutionConfigDeserializer.deserialize(AlgorithmExecutionConfigurationJson.java:71) ~[aeatk.jar:na]
	at ca.ubc.cs.beta.aeatk.json.serializers.AlgorithmExecutionConfigurationJson$AlgorithmExecutionConfigDeserializer.deserialize(AlgorithmExecutionConfigurationJson.java:49) ~[aeatk.jar:na]
	at com.fasterxml.jackson.databind.ObjectMapper._readValue(ObjectMapper.java:2965) ~[jackson-databind-2.3.1.jar:2.3.1]
	at com.fasterxml.jackson.databind.ObjectMapper.readValue(ObjectMapper.java:1587) ~[jackson-databind-2.3.1.jar:2.3.1]
	at com.fasterxml.jackson.core.JsonParser.readValueAs(JsonParser.java:1431) ~[jackson-core-2.3.1.jar:2.3.1]
	at ca.ubc.cs.beta.aeatk.json.serializers.JsonDeserializerHelper.getDeserializedVersion(JsonDeserializerHelper.java:26) ~[aeatk.jar:na]
	at ca.ubc.cs.beta.aeatk.json.serializers.AlgorithmRunConfigurationJson$RunConfigDeserializer.deserialize(AlgorithmRunConfigurationJson.java:99) ~[aeatk.jar:na]
	at ca.ubc.cs.beta.aeatk.json.serializers.AlgorithmRunConfigurationJson$RunConfigDeserializer.deserialize(AlgorithmRunConfigurationJson.java:44) ~[aeatk.jar:na]
	at com.fasterxml.jackson.databind.ObjectMapper._readValue(ObjectMapper.java:2965) ~[jackson-databind-2.3.1.jar:2.3.1]
	at com.fasterxml.jackson.databind.ObjectMapper.readValue(ObjectMapper.java:1587) ~[jackson-databind-2.3.1.jar:2.3.1]
	at com.fasterxml.jackson.core.JsonParser.readValueAs(JsonParser.java:1431) ~[jackson-core-2.3.1.jar:2.3.1]
	at ca.ubc.cs.beta.aeatk.json.serializers.JsonDeserializerHelper.getDeserializedVersion(JsonDeserializerHelper.java:26) ~[aeatk.jar:na]
	at ca.ubc.cs.beta.aeatk.json.serializers.AlgorithmRunResultJson$AlgorithmRunDeserializer.deserialize(AlgorithmRunResultJson.java:94) ~[aeatk.jar:na]
	at ca.ubc.cs.beta.aeatk.json.serializers.AlgorithmRunResultJson$AlgorithmRunDeserializer.deserialize(AlgorithmRunResultJson.java:30) ~[aeatk.jar:na]
	at com.fasterxml.jackson.databind.MappingIterator.nextValue(MappingIterator.java:189) ~[jackson-databind-2.3.1.jar:2.3.1]
	at ca.ubc.cs.beta.aeatk.runhistory.FileSharingRunHistoryDecorator.readRunsFromFile(FileSharingRunHistoryDecorator.java:421) [aeatk.jar:na]
	at ca.ubc.cs.beta.aeatk.runhistory.FileSharingRunHistoryDecorator.reReadFiles(FileSharingRunHistoryDecorator.java:339) [aeatk.jar:na]
	at ca.ubc.cs.beta.aeatk.runhistory.FileSharingRunHistoryDecorator.append(FileSharingRunHistoryDecorator.java:239) [aeatk.jar:na]
	at ca.ubc.cs.beta.aeatk.runhistory.FileSharingRunHistoryDecorator.append(FileSharingRunHistoryDecorator.java:502) [aeatk.jar:na]
	at ca.ubc.cs.beta.aeatk.runhistory.TeeRunHistory.append(TeeRunHistory.java:33) [aeatk.jar:na]
	at ca.ubc.cs.beta.aeatk.runhistory.ThreadSafeRunHistoryWrapper.append(ThreadSafeRunHistoryWrapper.java:60) [aeatk.jar:na]
	at ca.ubc.cs.beta.aeatk.initialization.classic.ClassicInitializationProcedure.updateRunHistory(ClassicInitializationProcedure.java:156) [aeatk.jar:na]
	at ca.ubc.cs.beta.aeatk.initialization.classic.ClassicInitializationProcedure.evaluateRun(ClassicInitializationProcedure.java:143) [aeatk.jar:na]
	at ca.ubc.cs.beta.aeatk.initialization.classic.ClassicInitializationProcedure.evaluateRun(ClassicInitializationProcedure.java:114) [aeatk.jar:na]
	at ca.ubc.cs.beta.aeatk.initialization.classic.ClassicInitializationProcedure.run(ClassicInitializationProcedure.java:93) [aeatk.jar:na]
	at ca.ubc.cs.beta.smac.configurator.AbstractAlgorithmFramework.run(AbstractAlgorithmFramework.java:516) [smac.jar:na]
	at ca.ubc.cs.beta.smac.executors.SMACExecutor.oldMain(SMACExecutor.java:140) [smac.jar:na]
	at ca.ubc.cs.beta.smac.executors.SMACExecutor.main(SMACExecutor.java:104) [smac.jar:na]
	at sun.reflect.NativeMethodAccessorImpl.invoke0(Native Method) ~[na:1.8.0_162]
	at sun.reflect.NativeMethodAccessorImpl.invoke(NativeMethodAccessorImpl.java:62) ~[na:1.8.0_162]
	at sun.reflect.DelegatingMethodAccessorImpl.invoke(DelegatingMethodAccessorImpl.java:43) ~[na:1.8.0_162]
	at java.lang.reflect.Method.invoke(Method.java:498) ~[na:1.8.0_162]
	at ca.ubc.cs.beta.aeatk.ant.execscript.Launcher.main(Launcher.java:37) [aeatk.jar:na]
21:38:14.770 [main] WARN  c.u.c.b.a.r.FileSharingRunHistoryDecorator - Error occurred reading file in shared run history /proj/SMACK/smac/example_scenarios/ldv/smac-output/smack-scenario_ldv/live-rundata-101.json. We will keep trying to read this file, but will only log another error after it succeeds once. We may not be able to get it's run data but we should be able to continue
java.lang.RuntimeException: Unrecognized token 'ec': was expecting ('true', 'false' or 'null')
 at [Source: /proj/SMACK/smac/example_scenarios/ldv/smac-output/smack-scenario_ldv/live-rundata-101.json; line: 16970, column: 5]
	at com.fasterxml.jackson.databind.MappingIterator.hasNext(MappingIterator.java:112) ~[jackson-databind-2.3.1.jar:2.3.1]
	at ca.ubc.cs.beta.aeatk.runhistory.FileSharingRunHistoryDecorator.readRunsFromFile(FileSharingRunHistoryDecorator.java:418) [aeatk.jar:na]
	at ca.ubc.cs.beta.aeatk.runhistory.FileSharingRunHistoryDecorator.reReadFiles(FileSharingRunHistoryDecorator.java:339) [aeatk.jar:na]
	at ca.ubc.cs.beta.aeatk.runhistory.FileSharingRunHistoryDecorator.append(FileSharingRunHistoryDecorator.java:239) [aeatk.jar:na]
	at ca.ubc.cs.beta.aeatk.runhistory.FileSharingRunHistoryDecorator.append(FileSharingRunHistoryDecorator.java:502) [aeatk.jar:na]
	at ca.ubc.cs.beta.aeatk.runhistory.TeeRunHistory.append(TeeRunHistory.java:33) [aeatk.jar:na]
	at ca.ubc.cs.beta.aeatk.runhistory.ThreadSafeRunHistoryWrapper.append(ThreadSafeRunHistoryWrapper.java:60) [aeatk.jar:na]
	at ca.ubc.cs.beta.aeatk.initialization.classic.ClassicInitializationProcedure.updateRunHistory(ClassicInitializationProcedure.java:156) [aeatk.jar:na]
	at ca.ubc.cs.beta.aeatk.initialization.classic.ClassicInitializationProcedure.evaluateRun(ClassicInitializationProcedure.java:143) [aeatk.jar:na]
	at ca.ubc.cs.beta.aeatk.initialization.classic.ClassicInitializationProcedure.evaluateRun(ClassicInitializationProcedure.java:114) [aeatk.jar:na]
	at ca.ubc.cs.beta.aeatk.initialization.classic.ClassicInitializationProcedure.run(ClassicInitializationProcedure.java:93) [aeatk.jar:na]
	at ca.ubc.cs.beta.smac.configurator.AbstractAlgorithmFramework.run(AbstractAlgorithmFramework.java:516) [smac.jar:na]
	at ca.ubc.cs.beta.smac.executors.SMACExecutor.oldMain(SMACExecutor.java:140) [smac.jar:na]
	at ca.ubc.cs.beta.smac.executors.SMACExecutor.main(SMACExecutor.java:104) [smac.jar:na]
	at sun.reflect.NativeMethodAccessorImpl.invoke0(Native Method) ~[na:1.8.0_162]
	at sun.reflect.NativeMethodAccessorImpl.invoke(NativeMethodAccessorImpl.java:62) ~[na:1.8.0_162]
	at sun.reflect.DelegatingMethodAccessorImpl.invoke(DelegatingMethodAccessorImpl.java:43) ~[na:1.8.0_162]
	at java.lang.reflect.Method.invoke(Method.java:498) ~[na:1.8.0_162]
	at ca.ubc.cs.beta.aeatk.ant.execscript.Launcher.main(Launcher.java:37) [aeatk.jar:na]
Caused by: com.fasterxml.jackson.core.JsonParseException: Unrecognized token 'ec': was expecting ('true', 'false' or 'null')
 at [Source: /proj/SMACK/smac/example_scenarios/ldv/smac-output/smack-scenario_ldv/live-rundata-101.json; line: 16970, column: 5]
	at com.fasterxml.jackson.core.JsonParser._constructError(JsonParser.java:1524) ~[jackson-core-2.3.1.jar:2.3.1]
	at com.fasterxml.jackson.core.base.ParserMinimalBase._reportError(ParserMinimalBase.java:557) ~[jackson-core-2.3.1.jar:2.3.1]
	at com.fasterxml.jackson.core.json.UTF8StreamJsonParser._reportInvalidToken(UTF8StreamJsonParser.java:3095) ~[jackson-core-2.3.1.jar:2.3.1]
	at com.fasterxml.jackson.core.json.UTF8StreamJsonParser._handleUnexpectedValue(UTF8StreamJsonParser.java:2340) ~[jackson-core-2.3.1.jar:2.3.1]
	at com.fasterxml.jackson.core.json.UTF8StreamJsonParser._nextTokenNotInObject(UTF8StreamJsonParser.java:818) ~[jackson-core-2.3.1.jar:2.3.1]
	at com.fasterxml.jackson.core.json.UTF8StreamJsonParser.nextToken(UTF8StreamJsonParser.java:698) ~[jackson-core-2.3.1.jar:2.3.1]
	at com.fasterxml.jackson.databind.MappingIterator.hasNextValue(MappingIterator.java:159) ~[jackson-databind-2.3.1.jar:2.3.1]
	at com.fasterxml.jackson.databind.MappingIterator.hasNext(MappingIterator.java:108) ~[jackson-databind-2.3.1.jar:2.3.1]
	... 18 common frames omitted
21:38:15.756 [main] WARN  c.u.c.b.a.r.FileSharingRunHistoryDecorator - Error occurred reading file in shared run history /proj/SMACK/smac/example_scenarios/ldv/smac-output/smack-scenario_ldv/live-rundata-111.json. We will keep trying to read this file, but will only log another error after it succeeds once. We may not be able to get it's run data but we should be able to continue
java.lang.RuntimeException: Unexpected character (':' (code 58)): expected a valid value (number, String, array, object, 'true', 'false' or 'null')
 at [Source: /proj/SMACK/smac/example_scenarios/ldv/smac-output/smack-scenario_ldv/live-rundata-111.json; line: 16992, column: 3]
	at com.fasterxml.jackson.databind.MappingIterator.hasNext(MappingIterator.java:112) ~[jackson-databind-2.3.1.jar:2.3.1]
	at ca.ubc.cs.beta.aeatk.runhistory.FileSharingRunHistoryDecorator.readRunsFromFile(FileSharingRunHistoryDecorator.java:418) [aeatk.jar:na]
	at ca.ubc.cs.beta.aeatk.runhistory.FileSharingRunHistoryDecorator.reReadFiles(FileSharingRunHistoryDecorator.java:339) [aeatk.jar:na]
	at ca.ubc.cs.beta.aeatk.runhistory.FileSharingRunHistoryDecorator.append(FileSharingRunHistoryDecorator.java:239) [aeatk.jar:na]
	at ca.ubc.cs.beta.aeatk.runhistory.FileSharingRunHistoryDecorator.append(FileSharingRunHistoryDecorator.java:502) [aeatk.jar:na]
	at ca.ubc.cs.beta.aeatk.runhistory.TeeRunHistory.append(TeeRunHistory.java:33) [aeatk.jar:na]
	at ca.ubc.cs.beta.aeatk.runhistory.ThreadSafeRunHistoryWrapper.append(ThreadSafeRunHistoryWrapper.java:60) [aeatk.jar:na]
	at ca.ubc.cs.beta.aeatk.initialization.classic.ClassicInitializationProcedure.updateRunHistory(ClassicInitializationProcedure.java:156) [aeatk.jar:na]
	at ca.ubc.cs.beta.aeatk.initialization.classic.ClassicInitializationProcedure.evaluateRun(ClassicInitializationProcedure.java:143) [aeatk.jar:na]
	at ca.ubc.cs.beta.aeatk.initialization.classic.ClassicInitializationProcedure.evaluateRun(ClassicInitializationProcedure.java:114) [aeatk.jar:na]
	at ca.ubc.cs.beta.aeatk.initialization.classic.ClassicInitializationProcedure.run(ClassicInitializationProcedure.java:93) [aeatk.jar:na]
	at ca.ubc.cs.beta.smac.configurator.AbstractAlgorithmFramework.run(AbstractAlgorithmFramework.java:516) [smac.jar:na]
	at ca.ubc.cs.beta.smac.executors.SMACExecutor.oldMain(SMACExecutor.java:140) [smac.jar:na]
	at ca.ubc.cs.beta.smac.executors.SMACExecutor.main(SMACExecutor.java:104) [smac.jar:na]
	at sun.reflect.NativeMethodAccessorImpl.invoke0(Native Method) ~[na:1.8.0_162]
	at sun.reflect.NativeMethodAccessorImpl.invoke(NativeMethodAccessorImpl.java:62) ~[na:1.8.0_162]
	at sun.reflect.DelegatingMethodAccessorImpl.invoke(DelegatingMethodAccessorImpl.java:43) ~[na:1.8.0_162]
	at java.lang.reflect.Method.invoke(Method.java:498) ~[na:1.8.0_162]
	at ca.ubc.cs.beta.aeatk.ant.execscript.Launcher.main(Launcher.java:37) [aeatk.jar:na]
Caused by: com.fasterxml.jackson.core.JsonParseException: Unexpected character (':' (code 58)): expected a valid value (number, String, array, object, 'true', 'false' or 'null')
 at [Source: /proj/SMACK/smac/example_scenarios/ldv/smac-output/smack-scenario_ldv/live-rundata-111.json; line: 16992, column: 3]
	at com.fasterxml.jackson.core.JsonParser._constructError(JsonParser.java:1524) ~[jackson-core-2.3.1.jar:2.3.1]
	at com.fasterxml.jackson.core.base.ParserMinimalBase._reportError(ParserMinimalBase.java:557) ~[jackson-core-2.3.1.jar:2.3.1]
	at com.fasterxml.jackson.core.base.ParserMinimalBase._reportUnexpectedChar(ParserMinimalBase.java:475) ~[jackson-core-2.3.1.jar:2.3.1]
	at com.fasterxml.jackson.core.json.UTF8StreamJsonParser._handleUnexpectedValue(UTF8StreamJsonParser.java:2343) ~[jackson-core-2.3.1.jar:2.3.1]
	at com.fasterxml.jackson.core.json.UTF8StreamJsonParser._nextTokenNotInObject(UTF8StreamJsonParser.java:818) ~[jackson-core-2.3.1.jar:2.3.1]
	at com.fasterxml.jackson.core.json.UTF8StreamJsonParser.nextToken(UTF8StreamJsonParser.java:698) ~[jackson-core-2.3.1.jar:2.3.1]
	at com.fasterxml.jackson.databind.MappingIterator.hasNextValue(MappingIterator.java:159) ~[jackson-databind-2.3.1.jar:2.3.1]
	at com.fasterxml.jackson.databind.MappingIterator.hasNext(MappingIterator.java:108) ~[jackson-databind-2.3.1.jar:2.3.1]
	... 18 common frames omitted
21:38:15.862 [main] WARN  c.u.c.b.a.r.FileSharingRunHistoryDecorator - Error occurred reading file in shared run history /proj/SMACK/smac/example_scenarios/ldv/smac-output/smack-scenario_ldv/live-rundata-97.json. We will keep trying to read this file, but will only log another error after it succeeds once. We may not be able to get it's run data but we should be able to continue
java.lang.RuntimeException: Unrecognized token 'me': was expecting ('true', 'false' or 'null')
 at [Source: /proj/SMACK/smac/example_scenarios/ldv/smac-output/smack-scenario_ldv/live-rundata-97.json; line: 17264, column: 5]
	at com.fasterxml.jackson.databind.MappingIterator.hasNext(MappingIterator.java:112) ~[jackson-databind-2.3.1.jar:2.3.1]
	at ca.ubc.cs.beta.aeatk.runhistory.FileSharingRunHistoryDecorator.readRunsFromFile(FileSharingRunHistoryDecorator.java:418) [aeatk.jar:na]
	at ca.ubc.cs.beta.aeatk.runhistory.FileSharingRunHistoryDecorator.reReadFiles(FileSharingRunHistoryDecorator.java:339) [aeatk.jar:na]
	at ca.ubc.cs.beta.aeatk.runhistory.FileSharingRunHistoryDecorator.append(FileSharingRunHistoryDecorator.java:239) [aeatk.jar:na]
	at ca.ubc.cs.beta.aeatk.runhistory.FileSharingRunHistoryDecorator.append(FileSharingRunHistoryDecorator.java:502) [aeatk.jar:na]
	at ca.ubc.cs.beta.aeatk.runhistory.TeeRunHistory.append(TeeRunHistory.java:33) [aeatk.jar:na]
	at ca.ubc.cs.beta.aeatk.runhistory.ThreadSafeRunHistoryWrapper.append(ThreadSafeRunHistoryWrapper.java:60) [aeatk.jar:na]
	at ca.ubc.cs.beta.aeatk.initialization.classic.ClassicInitializationProcedure.updateRunHistory(ClassicInitializationProcedure.java:156) [aeatk.jar:na]
	at ca.ubc.cs.beta.aeatk.initialization.classic.ClassicInitializationProcedure.evaluateRun(ClassicInitializationProcedure.java:143) [aeatk.jar:na]
	at ca.ubc.cs.beta.aeatk.initialization.classic.ClassicInitializationProcedure.evaluateRun(ClassicInitializationProcedure.java:114) [aeatk.jar:na]
	at ca.ubc.cs.beta.aeatk.initialization.classic.ClassicInitializationProcedure.run(ClassicInitializationProcedure.java:93) [aeatk.jar:na]
	at ca.ubc.cs.beta.smac.configurator.AbstractAlgorithmFramework.run(AbstractAlgorithmFramework.java:516) [smac.jar:na]
	at ca.ubc.cs.beta.smac.executors.SMACExecutor.oldMain(SMACExecutor.java:140) [smac.jar:na]
	at ca.ubc.cs.beta.smac.executors.SMACExecutor.main(SMACExecutor.java:104) [smac.jar:na]
	at sun.reflect.NativeMethodAccessorImpl.invoke0(Native Method) ~[na:1.8.0_162]
	at sun.reflect.NativeMethodAccessorImpl.invoke(NativeMethodAccessorImpl.java:62) ~[na:1.8.0_162]
	at sun.reflect.DelegatingMethodAccessorImpl.invoke(DelegatingMethodAccessorImpl.java:43) ~[na:1.8.0_162]
	at java.lang.reflect.Method.invoke(Method.java:498) ~[na:1.8.0_162]
	at ca.ubc.cs.beta.aeatk.ant.execscript.Launcher.main(Launcher.java:37) [aeatk.jar:na]
Caused by: com.fasterxml.jackson.core.JsonParseException: Unrecognized token 'me': was expecting ('true', 'false' or 'null')
 at [Source: /proj/SMACK/smac/example_scenarios/ldv/smac-output/smack-scenario_ldv/live-rundata-97.json; line: 17264, column: 5]
	at com.fasterxml.jackson.core.JsonParser._constructError(JsonParser.java:1524) ~[jackson-core-2.3.1.jar:2.3.1]
	at com.fasterxml.jackson.core.base.ParserMinimalBase._reportError(ParserMinimalBase.java:557) ~[jackson-core-2.3.1.jar:2.3.1]
	at com.fasterxml.jackson.core.json.UTF8StreamJsonParser._reportInvalidToken(UTF8StreamJsonParser.java:3095) ~[jackson-core-2.3.1.jar:2.3.1]
	at com.fasterxml.jackson.core.json.UTF8StreamJsonParser._handleUnexpectedValue(UTF8StreamJsonParser.java:2340) ~[jackson-core-2.3.1.jar:2.3.1]
	at com.fasterxml.jackson.core.json.UTF8StreamJsonParser._nextTokenNotInObject(UTF8StreamJsonParser.java:818) ~[jackson-core-2.3.1.jar:2.3.1]
	at com.fasterxml.jackson.core.json.UTF8StreamJsonParser.nextToken(UTF8StreamJsonParser.java:698) ~[jackson-core-2.3.1.jar:2.3.1]
	at com.fasterxml.jackson.databind.MappingIterator.hasNextValue(MappingIterator.java:159) ~[jackson-databind-2.3.1.jar:2.3.1]
	at com.fasterxml.jackson.databind.MappingIterator.hasNext(MappingIterator.java:108) ~[jackson-databind-2.3.1.jar:2.3.1]
	... 18 common frames omitted
21:38:15.950 [main] WARN  c.u.c.b.a.r.FileSharingRunHistoryDecorator - Error occurred reading file in shared run history /proj/SMACK/smac/example_scenarios/ldv/smac-output/smack-scenario_ldv/live-rundata-109.json. We will keep trying to read this file, but will only log another error after it succeeds once. We may not be able to get it's run data but we should be able to continue
java.lang.RuntimeException: Unrecognized token 'rc': was expecting ('true', 'false' or 'null')
 at [Source: /proj/SMACK/smac/example_scenarios/ldv/smac-output/smack-scenario_ldv/live-rundata-109.json; line: 16970, column: 5]
	at com.fasterxml.jackson.databind.MappingIterator.hasNext(MappingIterator.java:112) ~[jackson-databind-2.3.1.jar:2.3.1]
	at ca.ubc.cs.beta.aeatk.runhistory.FileSharingRunHistoryDecorator.readRunsFromFile(FileSharingRunHistoryDecorator.java:418) [aeatk.jar:na]
	at ca.ubc.cs.beta.aeatk.runhistory.FileSharingRunHistoryDecorator.reReadFiles(FileSharingRunHistoryDecorator.java:339) [aeatk.jar:na]
	at ca.ubc.cs.beta.aeatk.runhistory.FileSharingRunHistoryDecorator.append(FileSharingRunHistoryDecorator.java:239) [aeatk.jar:na]
	at ca.ubc.cs.beta.aeatk.runhistory.FileSharingRunHistoryDecorator.append(FileSharingRunHistoryDecorator.java:502) [aeatk.jar:na]
	at ca.ubc.cs.beta.aeatk.runhistory.TeeRunHistory.append(TeeRunHistory.java:33) [aeatk.jar:na]
	at ca.ubc.cs.beta.aeatk.runhistory.ThreadSafeRunHistoryWrapper.append(ThreadSafeRunHistoryWrapper.java:60) [aeatk.jar:na]
	at ca.ubc.cs.beta.aeatk.initialization.classic.ClassicInitializationProcedure.updateRunHistory(ClassicInitializationProcedure.java:156) [aeatk.jar:na]
	at ca.ubc.cs.beta.aeatk.initialization.classic.ClassicInitializationProcedure.evaluateRun(ClassicInitializationProcedure.java:143) [aeatk.jar:na]
	at ca.ubc.cs.beta.aeatk.initialization.classic.ClassicInitializationProcedure.evaluateRun(ClassicInitializationProcedure.java:114) [aeatk.jar:na]
	at ca.ubc.cs.beta.aeatk.initialization.classic.ClassicInitializationProcedure.run(ClassicInitializationProcedure.java:93) [aeatk.jar:na]
	at ca.ubc.cs.beta.smac.configurator.AbstractAlgorithmFramework.run(AbstractAlgorithmFramework.java:516) [smac.jar:na]
	at ca.ubc.cs.beta.smac.executors.SMACExecutor.oldMain(SMACExecutor.java:140) [smac.jar:na]
	at ca.ubc.cs.beta.smac.executors.SMACExecutor.main(SMACExecutor.java:104) [smac.jar:na]
	at sun.reflect.NativeMethodAccessorImpl.invoke0(Native Method) ~[na:1.8.0_162]
	at sun.reflect.NativeMethodAccessorImpl.invoke(NativeMethodAccessorImpl.java:62) ~[na:1.8.0_162]
	at sun.reflect.DelegatingMethodAccessorImpl.invoke(DelegatingMethodAccessorImpl.java:43) ~[na:1.8.0_162]
	at java.lang.reflect.Method.invoke(Method.java:498) ~[na:1.8.0_162]
	at ca.ubc.cs.beta.aeatk.ant.execscript.Launcher.main(Launcher.java:37) [aeatk.jar:na]
Caused by: com.fasterxml.jackson.core.JsonParseException: Unrecognized token 'rc': was expecting ('true', 'false' or 'null')
 at [Source: /proj/SMACK/smac/example_scenarios/ldv/smac-output/smack-scenario_ldv/live-rundata-109.json; line: 16970, column: 5]
	at com.fasterxml.jackson.core.JsonParser._constructError(JsonParser.java:1524) ~[jackson-core-2.3.1.jar:2.3.1]
	at com.fasterxml.jackson.core.base.ParserMinimalBase._reportError(ParserMinimalBase.java:557) ~[jackson-core-2.3.1.jar:2.3.1]
	at com.fasterxml.jackson.core.json.UTF8StreamJsonParser._reportInvalidToken(UTF8StreamJsonParser.java:3095) ~[jackson-core-2.3.1.jar:2.3.1]
	at com.fasterxml.jackson.core.json.UTF8StreamJsonParser._handleUnexpectedValue(UTF8StreamJsonParser.java:2340) ~[jackson-core-2.3.1.jar:2.3.1]
	at com.fasterxml.jackson.core.json.UTF8StreamJsonParser._nextTokenNotInObject(UTF8StreamJsonParser.java:818) ~[jackson-core-2.3.1.jar:2.3.1]
	at com.fasterxml.jackson.core.json.UTF8StreamJsonParser.nextToken(UTF8StreamJsonParser.java:698) ~[jackson-core-2.3.1.jar:2.3.1]
	at com.fasterxml.jackson.databind.MappingIterator.hasNextValue(MappingIterator.java:159) ~[jackson-databind-2.3.1.jar:2.3.1]
	at com.fasterxml.jackson.databind.MappingIterator.hasNext(MappingIterator.java:108) ~[jackson-databind-2.3.1.jar:2.3.1]
	... 18 common frames omitted
21:38:16.322 [main] WARN  c.u.c.b.a.r.FileSharingRunHistoryDecorator - Error occurred reading file in shared run history /proj/SMACK/smac/example_scenarios/ldv/smac-output/smack-scenario_ldv/live-rundata-110.json. We will keep trying to read this file, but will only log another error after it succeeds once. We may not be able to get it's run data but we should be able to continue
com.fasterxml.jackson.core.JsonParseException: Unexpected character ('{' (code 123)): was expecting double-quote to start field name
 at [Source: /proj/SMACK/smac/example_scenarios/ldv/smac-output/smack-scenario_ldv/live-rundata-110.json; line: 16993, column: 3]
	at com.fasterxml.jackson.core.JsonParser._constructError(JsonParser.java:1524) ~[jackson-core-2.3.1.jar:2.3.1]
	at com.fasterxml.jackson.core.base.ParserMinimalBase._reportError(ParserMinimalBase.java:557) ~[jackson-core-2.3.1.jar:2.3.1]
	at com.fasterxml.jackson.core.base.ParserMinimalBase._reportUnexpectedChar(ParserMinimalBase.java:475) ~[jackson-core-2.3.1.jar:2.3.1]
	at com.fasterxml.jackson.core.json.UTF8StreamJsonParser._handleOddName(UTF8StreamJsonParser.java:1784) ~[jackson-core-2.3.1.jar:2.3.1]
	at com.fasterxml.jackson.core.json.UTF8StreamJsonParser._parseName(UTF8StreamJsonParser.java:1481) ~[jackson-core-2.3.1.jar:2.3.1]
	at com.fasterxml.jackson.core.json.UTF8StreamJsonParser.nextToken(UTF8StreamJsonParser.java:701) ~[jackson-core-2.3.1.jar:2.3.1]
	at com.fasterxml.jackson.core.base.ParserMinimalBase.nextValue(ParserMinimalBase.java:123) ~[jackson-core-2.3.1.jar:2.3.1]
	at ca.ubc.cs.beta.aeatk.json.serializers.AlgorithmRunResultJson$AlgorithmRunDeserializer.deserialize(AlgorithmRunResultJson.java:57) ~[aeatk.jar:na]
	at ca.ubc.cs.beta.aeatk.json.serializers.AlgorithmRunResultJson$AlgorithmRunDeserializer.deserialize(AlgorithmRunResultJson.java:30) ~[aeatk.jar:na]
	at com.fasterxml.jackson.databind.MappingIterator.nextValue(MappingIterator.java:189) ~[jackson-databind-2.3.1.jar:2.3.1]
	at ca.ubc.cs.beta.aeatk.runhistory.FileSharingRunHistoryDecorator.readRunsFromFile(FileSharingRunHistoryDecorator.java:421) [aeatk.jar:na]
	at ca.ubc.cs.beta.aeatk.runhistory.FileSharingRunHistoryDecorator.reReadFiles(FileSharingRunHistoryDecorator.java:339) [aeatk.jar:na]
	at ca.ubc.cs.beta.aeatk.runhistory.FileSharingRunHistoryDecorator.append(FileSharingRunHistoryDecorator.java:239) [aeatk.jar:na]
	at ca.ubc.cs.beta.aeatk.runhistory.FileSharingRunHistoryDecorator.append(FileSharingRunHistoryDecorator.java:502) [aeatk.jar:na]
	at ca.ubc.cs.beta.aeatk.runhistory.TeeRunHistory.append(TeeRunHistory.java:33) [aeatk.jar:na]
	at ca.ubc.cs.beta.aeatk.runhistory.ThreadSafeRunHistoryWrapper.append(ThreadSafeRunHistoryWrapper.java:60) [aeatk.jar:na]
	at ca.ubc.cs.beta.aeatk.initialization.classic.ClassicInitializationProcedure.updateRunHistory(ClassicInitializationProcedure.java:156) [aeatk.jar:na]
	at ca.ubc.cs.beta.aeatk.initialization.classic.ClassicInitializationProcedure.evaluateRun(ClassicInitializationProcedure.java:143) [aeatk.jar:na]
	at ca.ubc.cs.beta.aeatk.initialization.classic.ClassicInitializationProcedure.evaluateRun(ClassicInitializationProcedure.java:114) [aeatk.jar:na]
	at ca.ubc.cs.beta.aeatk.initialization.classic.ClassicInitializationProcedure.run(ClassicInitializationProcedure.java:93) [aeatk.jar:na]
	at ca.ubc.cs.beta.smac.configurator.AbstractAlgorithmFramework.run(AbstractAlgorithmFramework.java:516) [smac.jar:na]
	at ca.ubc.cs.beta.smac.executors.SMACExecutor.oldMain(SMACExecutor.java:140) [smac.jar:na]
	at ca.ubc.cs.beta.smac.executors.SMACExecutor.main(SMACExecutor.java:104) [smac.jar:na]
	at sun.reflect.NativeMethodAccessorImpl.invoke0(Native Method) ~[na:1.8.0_162]
	at sun.reflect.NativeMethodAccessorImpl.invoke(NativeMethodAccessorImpl.java:62) ~[na:1.8.0_162]
	at sun.reflect.DelegatingMethodAccessorImpl.invoke(DelegatingMethodAccessorImpl.java:43) ~[na:1.8.0_162]
	at java.lang.reflect.Method.invoke(Method.java:498) ~[na:1.8.0_162]
	at ca.ubc.cs.beta.aeatk.ant.execscript.Launcher.main(Launcher.java:37) [aeatk.jar:na]
21:38:16.410 [main] WARN  c.u.c.b.a.r.FileSharingRunHistoryDecorator - Error occurred reading file in shared run history /proj/SMACK/smac/example_scenarios/ldv/smac-output/smack-scenario_ldv/live-rundata-108.json. We will keep trying to read this file, but will only log another error after it succeeds once. We may not be able to get it's run data but we should be able to continue
com.fasterxml.jackson.core.JsonParseException: Unexpected character (':' (code 58)): expected a valid value (number, String, array, object, 'true', 'false' or 'null')
 at [Source: /proj/SMACK/smac/example_scenarios/ldv/smac-output/smack-scenario_ldv/live-rundata-108.json; line: 17242, column: 27]
	at com.fasterxml.jackson.core.JsonParser._constructError(JsonParser.java:1524) ~[jackson-core-2.3.1.jar:2.3.1]
	at com.fasterxml.jackson.core.base.ParserMinimalBase._reportError(ParserMinimalBase.java:557) ~[jackson-core-2.3.1.jar:2.3.1]
	at com.fasterxml.jackson.core.base.ParserMinimalBase._reportUnexpectedChar(ParserMinimalBase.java:475) ~[jackson-core-2.3.1.jar:2.3.1]
	at com.fasterxml.jackson.core.json.UTF8StreamJsonParser._handleUnexpectedValue(UTF8StreamJsonParser.java:2343) ~[jackson-core-2.3.1.jar:2.3.1]
	at com.fasterxml.jackson.core.json.UTF8StreamJsonParser._nextTokenNotInObject(UTF8StreamJsonParser.java:818) ~[jackson-core-2.3.1.jar:2.3.1]
	at com.fasterxml.jackson.core.json.UTF8StreamJsonParser.nextToken(UTF8StreamJsonParser.java:698) ~[jackson-core-2.3.1.jar:2.3.1]
	at com.fasterxml.jackson.core.base.ParserMinimalBase.nextValue(ParserMinimalBase.java:123) ~[jackson-core-2.3.1.jar:2.3.1]
	at ca.ubc.cs.beta.aeatk.json.serializers.AlgorithmRunResultJson$AlgorithmRunDeserializer.deserialize(AlgorithmRunResultJson.java:57) ~[aeatk.jar:na]
	at ca.ubc.cs.beta.aeatk.json.serializers.AlgorithmRunResultJson$AlgorithmRunDeserializer.deserialize(AlgorithmRunResultJson.java:30) ~[aeatk.jar:na]
	at com.fasterxml.jackson.databind.MappingIterator.nextValue(MappingIterator.java:189) ~[jackson-databind-2.3.1.jar:2.3.1]
	at ca.ubc.cs.beta.aeatk.runhistory.FileSharingRunHistoryDecorator.readRunsFromFile(FileSharingRunHistoryDecorator.java:421) [aeatk.jar:na]
	at ca.ubc.cs.beta.aeatk.runhistory.FileSharingRunHistoryDecorator.reReadFiles(FileSharingRunHistoryDecorator.java:339) [aeatk.jar:na]
	at ca.ubc.cs.beta.aeatk.runhistory.FileSharingRunHistoryDecorator.append(FileSharingRunHistoryDecorator.java:239) [aeatk.jar:na]
	at ca.ubc.cs.beta.aeatk.runhistory.FileSharingRunHistoryDecorator.append(FileSharingRunHistoryDecorator.java:502) [aeatk.jar:na]
	at ca.ubc.cs.beta.aeatk.runhistory.TeeRunHistory.append(TeeRunHistory.java:33) [aeatk.jar:na]
	at ca.ubc.cs.beta.aeatk.runhistory.ThreadSafeRunHistoryWrapper.append(ThreadSafeRunHistoryWrapper.java:60) [aeatk.jar:na]
	at ca.ubc.cs.beta.aeatk.initialization.classic.ClassicInitializationProcedure.updateRunHistory(ClassicInitializationProcedure.java:156) [aeatk.jar:na]
	at ca.ubc.cs.beta.aeatk.initialization.classic.ClassicInitializationProcedure.evaluateRun(ClassicInitializationProcedure.java:143) [aeatk.jar:na]
	at ca.ubc.cs.beta.aeatk.initialization.classic.ClassicInitializationProcedure.evaluateRun(ClassicInitializationProcedure.java:114) [aeatk.jar:na]
	at ca.ubc.cs.beta.aeatk.initialization.classic.ClassicInitializationProcedure.run(ClassicInitializationProcedure.java:93) [aeatk.jar:na]
	at ca.ubc.cs.beta.smac.configurator.AbstractAlgorithmFramework.run(AbstractAlgorithmFramework.java:516) [smac.jar:na]
	at ca.ubc.cs.beta.smac.executors.SMACExecutor.oldMain(SMACExecutor.java:140) [smac.jar:na]
	at ca.ubc.cs.beta.smac.executors.SMACExecutor.main(SMACExecutor.java:104) [smac.jar:na]
	at sun.reflect.NativeMethodAccessorImpl.invoke0(Native Method) ~[na:1.8.0_162]
	at sun.reflect.NativeMethodAccessorImpl.invoke(NativeMethodAccessorImpl.java:62) ~[na:1.8.0_162]
	at sun.reflect.DelegatingMethodAccessorImpl.invoke(DelegatingMethodAccessorImpl.java:43) ~[na:1.8.0_162]
	at java.lang.reflect.Method.invoke(Method.java:498) ~[na:1.8.0_162]
	at ca.ubc.cs.beta.aeatk.ant.execscript.Launcher.main(Launcher.java:37) [aeatk.jar:na]
21:38:16.885 [main] WARN  c.u.c.b.a.r.FileSharingRunHistoryDecorator - Error occurred reading file in shared run history /proj/SMACK/smac/example_scenarios/ldv/smac-output/smack-scenario_ldv/live-rundata-100.json. We will keep trying to read this file, but will only log another error after it succeeds once. We may not be able to get it's run data but we should be able to continue
com.fasterxml.jackson.core.JsonParseException: Unexpected character ('{' (code 123)): was expecting double-quote to start field name
 at [Source: /proj/SMACK/smac/example_scenarios/ldv/smac-output/smack-scenario_ldv/live-rundata-100.json; line: 17133, column: 9]
	at com.fasterxml.jackson.core.JsonParser._constructError(JsonParser.java:1524) ~[jackson-core-2.3.1.jar:2.3.1]
	at com.fasterxml.jackson.core.base.ParserMinimalBase._reportError(ParserMinimalBase.java:557) ~[jackson-core-2.3.1.jar:2.3.1]
	at com.fasterxml.jackson.core.base.ParserMinimalBase._reportUnexpectedChar(ParserMinimalBase.java:475) ~[jackson-core-2.3.1.jar:2.3.1]
	at com.fasterxml.jackson.core.json.UTF8StreamJsonParser._handleOddName(UTF8StreamJsonParser.java:1784) ~[jackson-core-2.3.1.jar:2.3.1]
	at com.fasterxml.jackson.core.json.UTF8StreamJsonParser._parseName(UTF8StreamJsonParser.java:1481) ~[jackson-core-2.3.1.jar:2.3.1]
	at com.fasterxml.jackson.core.json.UTF8StreamJsonParser.nextToken(UTF8StreamJsonParser.java:701) ~[jackson-core-2.3.1.jar:2.3.1]
	at com.fasterxml.jackson.core.base.ParserMinimalBase.nextValue(ParserMinimalBase.java:123) ~[jackson-core-2.3.1.jar:2.3.1]
	at ca.ubc.cs.beta.aeatk.json.serializers.AlgorithmRunConfigurationJson$RunConfigDeserializer.deserialize(AlgorithmRunConfigurationJson.java:77) ~[aeatk.jar:na]
	at ca.ubc.cs.beta.aeatk.json.serializers.AlgorithmRunConfigurationJson$RunConfigDeserializer.deserialize(AlgorithmRunConfigurationJson.java:44) ~[aeatk.jar:na]
	at com.fasterxml.jackson.databind.ObjectMapper._readValue(ObjectMapper.java:2965) ~[jackson-databind-2.3.1.jar:2.3.1]
	at com.fasterxml.jackson.databind.ObjectMapper.readValue(ObjectMapper.java:1587) ~[jackson-databind-2.3.1.jar:2.3.1]
	at com.fasterxml.jackson.core.JsonParser.readValueAs(JsonParser.java:1431) ~[jackson-core-2.3.1.jar:2.3.1]
	at ca.ubc.cs.beta.aeatk.json.serializers.JsonDeserializerHelper.getDeserializedVersion(JsonDeserializerHelper.java:26) ~[aeatk.jar:na]
	at ca.ubc.cs.beta.aeatk.json.serializers.AlgorithmRunResultJson$AlgorithmRunDeserializer.deserialize(AlgorithmRunResultJson.java:94) ~[aeatk.jar:na]
	at ca.ubc.cs.beta.aeatk.json.serializers.AlgorithmRunResultJson$AlgorithmRunDeserializer.deserialize(AlgorithmRunResultJson.java:30) ~[aeatk.jar:na]
	at com.fasterxml.jackson.databind.MappingIterator.nextValue(MappingIterator.java:189) ~[jackson-databind-2.3.1.jar:2.3.1]
	at ca.ubc.cs.beta.aeatk.runhistory.FileSharingRunHistoryDecorator.readRunsFromFile(FileSharingRunHistoryDecorator.java:421) [aeatk.jar:na]
	at ca.ubc.cs.beta.aeatk.runhistory.FileSharingRunHistoryDecorator.reReadFiles(FileSharingRunHistoryDecorator.java:339) [aeatk.jar:na]
	at ca.ubc.cs.beta.aeatk.runhistory.FileSharingRunHistoryDecorator.append(FileSharingRunHistoryDecorator.java:239) [aeatk.jar:na]
	at ca.ubc.cs.beta.aeatk.runhistory.FileSharingRunHistoryDecorator.append(FileSharingRunHistoryDecorator.java:502) [aeatk.jar:na]
	at ca.ubc.cs.beta.aeatk.runhistory.TeeRunHistory.append(TeeRunHistory.java:33) [aeatk.jar:na]
	at ca.ubc.cs.beta.aeatk.runhistory.ThreadSafeRunHistoryWrapper.append(ThreadSafeRunHistoryWrapper.java:60) [aeatk.jar:na]
	at ca.ubc.cs.beta.aeatk.initialization.classic.ClassicInitializationProcedure.updateRunHistory(ClassicInitializationProcedure.java:156) [aeatk.jar:na]
	at ca.ubc.cs.beta.aeatk.initialization.classic.ClassicInitializationProcedure.evaluateRun(ClassicInitializationProcedure.java:143) [aeatk.jar:na]
	at ca.ubc.cs.beta.aeatk.initialization.classic.ClassicInitializationProcedure.evaluateRun(ClassicInitializationProcedure.java:114) [aeatk.jar:na]
	at ca.ubc.cs.beta.aeatk.initialization.classic.ClassicInitializationProcedure.run(ClassicInitializationProcedure.java:93) [aeatk.jar:na]
	at ca.ubc.cs.beta.smac.configurator.AbstractAlgorithmFramework.run(AbstractAlgorithmFramework.java:516) [smac.jar:na]
	at ca.ubc.cs.beta.smac.executors.SMACExecutor.oldMain(SMACExecutor.java:140) [smac.jar:na]
	at ca.ubc.cs.beta.smac.executors.SMACExecutor.main(SMACExecutor.java:104) [smac.jar:na]
	at sun.reflect.NativeMethodAccessorImpl.invoke0(Native Method) ~[na:1.8.0_162]
	at sun.reflect.NativeMethodAccessorImpl.invoke(NativeMethodAccessorImpl.java:62) ~[na:1.8.0_162]
	at sun.reflect.DelegatingMethodAccessorImpl.invoke(DelegatingMethodAccessorImpl.java:43) ~[na:1.8.0_162]
	at java.lang.reflect.Method.invoke(Method.java:498) ~[na:1.8.0_162]
	at ca.ubc.cs.beta.aeatk.ant.execscript.Launcher.main(Launcher.java:37) [aeatk.jar:na]
21:38:40.027 [CLI TAE (STDERR Thread - #0)] WARN  c.u.c.b.a.t.b.c.CommandLineAlgorithmRun - [PROCESS-ERR]  Traceback (most recent call last):
21:38:40.027 [CLI TAE (STDERR Thread - #0)] WARN  c.u.c.b.a.t.b.c.CommandLineAlgorithmRun - [PROCESS-ERR]    File "/mnt/local/smack-project/smack/bin/smack", line 13, in <module>
21:38:40.027 [CLI TAE (STDERR Thread - #0)] WARN  c.u.c.b.a.t.b.c.CommandLineAlgorithmRun - [PROCESS-ERR]      smack.top.main()
21:38:40.028 [CLI TAE (STDERR Thread - #0)] WARN  c.u.c.b.a.t.b.c.CommandLineAlgorithmRun - [PROCESS-ERR]    File "/mnt/local/smack-project/smack/bin/../share/smack/top.py", line 679, in main
21:38:40.028 [CLI TAE (STDERR Thread - #0)] WARN  c.u.c.b.a.t.b.c.CommandLineAlgorithmRun - [PROCESS-ERR]      verify_bpl(args)
21:38:40.028 [CLI TAE (STDERR Thread - #0)] WARN  c.u.c.b.a.t.b.c.CommandLineAlgorithmRun - [PROCESS-ERR]    File "/mnt/local/smack-project/smack/bin/../share/smack/top.py", line 548, in verify_bpl
21:38:40.029 [CLI TAE (STDERR Thread - #0)] WARN  c.u.c.b.a.t.b.c.CommandLineAlgorithmRun - [PROCESS-ERR]      verifier_output = try_command(command, timeout=args.time_limit)
21:38:40.029 [CLI TAE (STDERR Thread - #0)] WARN  c.u.c.b.a.t.b.c.CommandLineAlgorithmRun - [PROCESS-ERR]    File "/mnt/local/smack-project/smack/bin/../share/smack/utils.py", line 69, in try_command
21:38:40.031 [CLI TAE (STDERR Thread - #0)] WARN  c.u.c.b.a.t.b.c.CommandLineAlgorithmRun - [PROCESS-ERR]      raise Exception(output)
21:38:40.033 [CLI TAE (STDERR Thread - #0)] WARN  c.u.c.b.a.t.b.c.CommandLineAlgorithmRun - [PROCESS-ERR]  Exception: /usr/local/bin/corral: line 2: /proj/SMACK/smac/example_scenarios/ldv/a-IIXE0f.bpl: Permission denied
21:38:40.033 [CLI TAE (STDERR Thread - #0)] WARN  c.u.c.b.a.t.b.c.CommandLineAlgorithmRun - [PROCESS-ERR]  
21:42:59.550 [CLI TAE (STDERR Thread - #0)] WARN  c.u.c.b.a.t.b.c.CommandLineAlgorithmRun - [PROCESS-ERR]  Traceback (most recent call last):
21:42:59.551 [CLI TAE (STDERR Thread - #0)] WARN  c.u.c.b.a.t.b.c.CommandLineAlgorithmRun - [PROCESS-ERR]    File "/mnt/local/smack-project/smack/bin/smack", line 13, in <module>
21:42:59.551 [CLI TAE (STDERR Thread - #0)] WARN  c.u.c.b.a.t.b.c.CommandLineAlgorithmRun - [PROCESS-ERR]      smack.top.main()
21:42:59.552 [CLI TAE (STDERR Thread - #0)] WARN  c.u.c.b.a.t.b.c.CommandLineAlgorithmRun - [PROCESS-ERR]    File "/mnt/local/smack-project/smack/bin/../share/smack/top.py", line 679, in main
21:42:59.552 [CLI TAE (STDERR Thread - #0)] WARN  c.u.c.b.a.t.b.c.CommandLineAlgorithmRun - [PROCESS-ERR]      verify_bpl(args)
21:42:59.552 [CLI TAE (STDERR Thread - #0)] WARN  c.u.c.b.a.t.b.c.CommandLineAlgorithmRun - [PROCESS-ERR]    File "/mnt/local/smack-project/smack/bin/../share/smack/top.py", line 548, in verify_bpl
21:42:59.552 [CLI TAE (STDERR Thread - #0)] WARN  c.u.c.b.a.t.b.c.CommandLineAlgorithmRun - [PROCESS-ERR]      verifier_output = try_command(command, timeout=args.time_limit)
21:42:59.552 [CLI TAE (STDERR Thread - #0)] WARN  c.u.c.b.a.t.b.c.CommandLineAlgorithmRun - [PROCESS-ERR]    File "/mnt/local/smack-project/smack/bin/../share/smack/utils.py", line 69, in try_command
21:42:59.552 [CLI TAE (STDERR Thread - #0)] WARN  c.u.c.b.a.t.b.c.CommandLineAlgorithmRun - [PROCESS-ERR]      raise Exception(output)
21:42:59.552 [CLI TAE (STDERR Thread - #0)] WARN  c.u.c.b.a.t.b.c.CommandLineAlgorithmRun - [PROCESS-ERR]  Exception: /usr/local/bin/corral: line 2: /proj/SMACK/smac/example_scenarios/ldv/a-nnMF_o.bpl: Permission denied
21:42:59.552 [CLI TAE (STDERR Thread - #0)] WARN  c.u.c.b.a.t.b.c.CommandLineAlgorithmRun - [PROCESS-ERR]  
21:43:10.956 [CLI TAE (STDERR Thread - #0)] WARN  c.u.c.b.a.t.b.c.CommandLineAlgorithmRun - [PROCESS-ERR]  Traceback (most recent call last):
21:43:10.957 [CLI TAE (STDERR Thread - #0)] WARN  c.u.c.b.a.t.b.c.CommandLineAlgorithmRun - [PROCESS-ERR]    File "/mnt/local/smack-project/smack/bin/smack", line 13, in <module>
21:43:10.958 [CLI TAE (STDERR Thread - #0)] WARN  c.u.c.b.a.t.b.c.CommandLineAlgorithmRun - [PROCESS-ERR]      smack.top.main()
21:43:10.958 [CLI TAE (STDERR Thread - #0)] WARN  c.u.c.b.a.t.b.c.CommandLineAlgorithmRun - [PROCESS-ERR]    File "/mnt/local/smack-project/smack/bin/../share/smack/top.py", line 679, in main
21:43:10.958 [CLI TAE (STDERR Thread - #0)] WARN  c.u.c.b.a.t.b.c.CommandLineAlgorithmRun - [PROCESS-ERR]      verify_bpl(args)
21:43:10.958 [CLI TAE (STDERR Thread - #0)] WARN  c.u.c.b.a.t.b.c.CommandLineAlgorithmRun - [PROCESS-ERR]    File "/mnt/local/smack-project/smack/bin/../share/smack/top.py", line 548, in verify_bpl
21:43:10.958 [CLI TAE (STDERR Thread - #0)] WARN  c.u.c.b.a.t.b.c.CommandLineAlgorithmRun - [PROCESS-ERR]      verifier_output = try_command(command, timeout=args.time_limit)
21:43:10.958 [CLI TAE (STDERR Thread - #0)] WARN  c.u.c.b.a.t.b.c.CommandLineAlgorithmRun - [PROCESS-ERR]    File "/mnt/local/smack-project/smack/bin/../share/smack/utils.py", line 69, in try_command
21:43:10.958 [CLI TAE (STDERR Thread - #0)] WARN  c.u.c.b.a.t.b.c.CommandLineAlgorithmRun - [PROCESS-ERR]      raise Exception(output)
21:43:10.959 [CLI TAE (STDERR Thread - #0)] WARN  c.u.c.b.a.t.b.c.CommandLineAlgorithmRun - [PROCESS-ERR]  Exception: /usr/local/bin/corral: line 2: /proj/SMACK/smac/example_scenarios/ldv/a-v1zkBr.bpl: Permission denied
21:43:10.962 [CLI TAE (STDERR Thread - #0)] WARN  c.u.c.b.a.t.b.c.CommandLineAlgorithmRun - [PROCESS-ERR]  
21:43:13.596 [CLI TAE (STDERR Thread - #0)] WARN  c.u.c.b.a.t.b.c.CommandLineAlgorithmRun - [PROCESS-ERR]  Traceback (most recent call last):
21:43:13.598 [CLI TAE (STDERR Thread - #0)] WARN  c.u.c.b.a.t.b.c.CommandLineAlgorithmRun - [PROCESS-ERR]    File "/mnt/local/smack-project/smack/bin/smack", line 13, in <module>
21:43:13.598 [CLI TAE (STDERR Thread - #0)] WARN  c.u.c.b.a.t.b.c.CommandLineAlgorithmRun - [PROCESS-ERR]      smack.top.main()
21:43:13.598 [CLI TAE (STDERR Thread - #0)] WARN  c.u.c.b.a.t.b.c.CommandLineAlgorithmRun - [PROCESS-ERR]    File "/mnt/local/smack-project/smack/bin/../share/smack/top.py", line 679, in main
21:43:13.598 [CLI TAE (STDERR Thread - #0)] WARN  c.u.c.b.a.t.b.c.CommandLineAlgorithmRun - [PROCESS-ERR]      verify_bpl(args)
21:43:13.598 [CLI TAE (STDERR Thread - #0)] WARN  c.u.c.b.a.t.b.c.CommandLineAlgorithmRun - [PROCESS-ERR]    File "/mnt/local/smack-project/smack/bin/../share/smack/top.py", line 548, in verify_bpl
21:43:13.598 [CLI TAE (STDERR Thread - #0)] WARN  c.u.c.b.a.t.b.c.CommandLineAlgorithmRun - [PROCESS-ERR]      verifier_output = try_command(command, timeout=args.time_limit)
21:43:13.598 [CLI TAE (STDERR Thread - #0)] WARN  c.u.c.b.a.t.b.c.CommandLineAlgorithmRun - [PROCESS-ERR]    File "/mnt/local/smack-project/smack/bin/../share/smack/utils.py", line 69, in try_command
21:43:13.599 [CLI TAE (STDERR Thread - #0)] WARN  c.u.c.b.a.t.b.c.CommandLineAlgorithmRun - [PROCESS-ERR]      raise Exception(output)
21:43:13.599 [CLI TAE (STDERR Thread - #0)] WARN  c.u.c.b.a.t.b.c.CommandLineAlgorithmRun - [PROCESS-ERR]  Exception: /usr/local/bin/corral: line 2: /proj/SMACK/smac/example_scenarios/ldv/a-CPzMKy.bpl: Permission denied
21:43:13.599 [CLI TAE (STDERR Thread - #0)] WARN  c.u.c.b.a.t.b.c.CommandLineAlgorithmRun - [PROCESS-ERR]  
21:43:16.398 [CLI TAE (STDERR Thread - #0)] WARN  c.u.c.b.a.t.b.c.CommandLineAlgorithmRun - [PROCESS-ERR]  Traceback (most recent call last):
21:43:16.399 [CLI TAE (STDERR Thread - #0)] WARN  c.u.c.b.a.t.b.c.CommandLineAlgorithmRun - [PROCESS-ERR]    File "/mnt/local/smack-project/smack/bin/smack", line 13, in <module>
21:43:16.399 [CLI TAE (STDERR Thread - #0)] WARN  c.u.c.b.a.t.b.c.CommandLineAlgorithmRun - [PROCESS-ERR]      smack.top.main()
21:43:16.400 [CLI TAE (STDERR Thread - #0)] WARN  c.u.c.b.a.t.b.c.CommandLineAlgorithmRun - [PROCESS-ERR]    File "/mnt/local/smack-project/smack/bin/../share/smack/top.py", line 679, in main
21:43:16.402 [CLI TAE (STDERR Thread - #0)] WARN  c.u.c.b.a.t.b.c.CommandLineAlgorithmRun - [PROCESS-ERR]      verify_bpl(args)
21:43:16.402 [CLI TAE (STDERR Thread - #0)] WARN  c.u.c.b.a.t.b.c.CommandLineAlgorithmRun - [PROCESS-ERR]    File "/mnt/local/smack-project/smack/bin/../share/smack/top.py", line 548, in verify_bpl
21:43:16.403 [CLI TAE (STDERR Thread - #0)] WARN  c.u.c.b.a.t.b.c.CommandLineAlgorithmRun - [PROCESS-ERR]      verifier_output = try_command(command, timeout=args.time_limit)
21:43:16.407 [CLI TAE (STDERR Thread - #0)] WARN  c.u.c.b.a.t.b.c.CommandLineAlgorithmRun - [PROCESS-ERR]    File "/mnt/local/smack-project/smack/bin/../share/smack/utils.py", line 69, in try_command
21:43:16.408 [CLI TAE (STDERR Thread - #0)] WARN  c.u.c.b.a.t.b.c.CommandLineAlgorithmRun - [PROCESS-ERR]      raise Exception(output)
21:43:16.408 [CLI TAE (STDERR Thread - #0)] WARN  c.u.c.b.a.t.b.c.CommandLineAlgorithmRun - [PROCESS-ERR]  Exception: /usr/local/bin/corral: line 2: /proj/SMACK/smac/example_scenarios/ldv/a-NIiF9U.bpl: Permission denied
21:43:16.408 [CLI TAE (STDERR Thread - #0)] WARN  c.u.c.b.a.t.b.c.CommandLineAlgorithmRun - [PROCESS-ERR]  
21:43:24.070 [CLI TAE (STDERR Thread - #0)] WARN  c.u.c.b.a.t.b.c.CommandLineAlgorithmRun - [PROCESS-ERR]  Traceback (most recent call last):
21:43:24.070 [CLI TAE (STDERR Thread - #0)] WARN  c.u.c.b.a.t.b.c.CommandLineAlgorithmRun - [PROCESS-ERR]    File "/mnt/local/smack-project/smack/bin/smack", line 13, in <module>
21:43:24.071 [CLI TAE (STDERR Thread - #0)] WARN  c.u.c.b.a.t.b.c.CommandLineAlgorithmRun - [PROCESS-ERR]      smack.top.main()
21:43:24.071 [CLI TAE (STDERR Thread - #0)] WARN  c.u.c.b.a.t.b.c.CommandLineAlgorithmRun - [PROCESS-ERR]    File "/mnt/local/smack-project/smack/bin/../share/smack/top.py", line 679, in main
21:43:24.071 [CLI TAE (STDERR Thread - #0)] WARN  c.u.c.b.a.t.b.c.CommandLineAlgorithmRun - [PROCESS-ERR]      verify_bpl(args)
21:43:24.071 [CLI TAE (STDERR Thread - #0)] WARN  c.u.c.b.a.t.b.c.CommandLineAlgorithmRun - [PROCESS-ERR]    File "/mnt/local/smack-project/smack/bin/../share/smack/top.py", line 548, in verify_bpl
21:43:24.071 [CLI TAE (STDERR Thread - #0)] WARN  c.u.c.b.a.t.b.c.CommandLineAlgorithmRun - [PROCESS-ERR]      verifier_output = try_command(command, timeout=args.time_limit)
21:43:24.071 [CLI TAE (STDERR Thread - #0)] WARN  c.u.c.b.a.t.b.c.CommandLineAlgorithmRun - [PROCESS-ERR]    File "/mnt/local/smack-project/smack/bin/../share/smack/utils.py", line 69, in try_command
21:43:24.071 [CLI TAE (STDERR Thread - #0)] WARN  c.u.c.b.a.t.b.c.CommandLineAlgorithmRun - [PROCESS-ERR]      raise Exception(output)
21:43:24.071 [CLI TAE (STDERR Thread - #0)] WARN  c.u.c.b.a.t.b.c.CommandLineAlgorithmRun - [PROCESS-ERR]  Exception: /usr/local/bin/corral: line 2: /proj/SMACK/smac/example_scenarios/ldv/a-4S9pMa.bpl: Permission denied
21:43:24.071 [CLI TAE (STDERR Thread - #0)] WARN  c.u.c.b.a.t.b.c.CommandLineAlgorithmRun - [PROCESS-ERR]  
21:43:32.864 [CLI TAE (STDERR Thread - #0)] WARN  c.u.c.b.a.t.b.c.CommandLineAlgorithmRun - [PROCESS-ERR] Traceback (most recent call last):
  File "/mnt/local/smack-project/smack/bin/smack", line 13, in <module>
    smack.top.main()
  File "/mnt/local/smack-project/smack/bin/../share/smack/top.py", line 679, in main
    verify_bpl(args)
  File "/mnt/local/smack-project/smack/bin/../share/smack/top.py", line 548, in verify_bpl
    verifier_output = try_command(command, timeout=args.time_limit)
  File "/mnt/local/smack-project/smack/bin/../share/smack/utils.py", line 69, in try_command
    raise Exception(output)
Exception: /usr/local/bin/corral: line 2: /proj/SMACK/smac/example_scenarios/ldv/a-09zCPc.bpl: Permission denied
21:43:37.664 [CLI TAE (STDERR Thread - #0)] WARN  c.u.c.b.a.t.b.c.CommandLineAlgorithmRun - [PROCESS-ERR] Traceback (most recent call last):
  File "/mnt/local/smack-project/smack/bin/smack", line 13, in <module>
    smack.top.main()
  File "/mnt/local/smack-project/smack/bin/../share/smack/top.py", line 679, in main
    verify_bpl(args)
  File "/mnt/local/smack-project/smack/bin/../share/smack/top.py", line 548, in verify_bpl
    verifier_output = try_command(command, timeout=args.time_limit)
  File "/mnt/local/smack-project/smack/bin/../share/smack/utils.py", line 69, in try_command
    raise Exception(output)
Exception: /usr/local/bin/corral: line 2: /proj/SMACK/smac/example_scenarios/ldv/a-TuG7s7.bpl: Permission denied
21:43:50.392 [CLI TAE (STDERR Thread - #0)] WARN  c.u.c.b.a.t.b.c.CommandLineAlgorithmRun - [PROCESS-ERR]  Traceback (most recent call last):
21:43:50.393 [CLI TAE (STDERR Thread - #0)] WARN  c.u.c.b.a.t.b.c.CommandLineAlgorithmRun - [PROCESS-ERR]    File "/mnt/local/smack-project/smack/bin/smack", line 13, in <module>
21:43:50.393 [CLI TAE (STDERR Thread - #0)] WARN  c.u.c.b.a.t.b.c.CommandLineAlgorithmRun - [PROCESS-ERR]      smack.top.main()
21:43:50.393 [CLI TAE (STDERR Thread - #0)] WARN  c.u.c.b.a.t.b.c.CommandLineAlgorithmRun - [PROCESS-ERR]    File "/mnt/local/smack-project/smack/bin/../share/smack/top.py", line 679, in main
21:43:50.393 [CLI TAE (STDERR Thread - #0)] WARN  c.u.c.b.a.t.b.c.CommandLineAlgorithmRun - [PROCESS-ERR]      verify_bpl(args)
21:43:50.393 [CLI TAE (STDERR Thread - #0)] WARN  c.u.c.b.a.t.b.c.CommandLineAlgorithmRun - [PROCESS-ERR]    File "/mnt/local/smack-project/smack/bin/../share/smack/top.py", line 548, in verify_bpl
21:43:50.393 [CLI TAE (STDERR Thread - #0)] WARN  c.u.c.b.a.t.b.c.CommandLineAlgorithmRun - [PROCESS-ERR]      verifier_output = try_command(command, timeout=args.time_limit)
21:43:50.393 [CLI TAE (STDERR Thread - #0)] WARN  c.u.c.b.a.t.b.c.CommandLineAlgorithmRun - [PROCESS-ERR]    File "/mnt/local/smack-project/smack/bin/../share/smack/utils.py", line 69, in try_command
21:43:50.393 [CLI TAE (STDERR Thread - #0)] WARN  c.u.c.b.a.t.b.c.CommandLineAlgorithmRun - [PROCESS-ERR]      raise Exception(output)
21:43:50.393 [CLI TAE (STDERR Thread - #0)] WARN  c.u.c.b.a.t.b.c.CommandLineAlgorithmRun - [PROCESS-ERR]  Exception: /usr/local/bin/corral: line 2: /proj/SMACK/smac/example_scenarios/ldv/a-Q1QIio.bpl: Permission denied
21:43:50.393 [CLI TAE (STDERR Thread - #0)] WARN  c.u.c.b.a.t.b.c.CommandLineAlgorithmRun - [PROCESS-ERR]  
21:43:59.629 [CLI TAE (STDERR Thread - #0)] WARN  c.u.c.b.a.t.b.c.CommandLineAlgorithmRun - [PROCESS-ERR] Traceback (most recent call last):
  File "/mnt/local/smack-project/smack/bin/smack", line 13, in <module>
    smack.top.main()
  File "/mnt/local/smack-project/smack/bin/../share/smack/top.py", line 679, in main
    verify_bpl(args)
  File "/mnt/local/smack-project/smack/bin/../share/smack/top.py", line 548, in verify_bpl
    verifier_output = try_command(command, timeout=args.time_limit)
  File "/mnt/local/smack-project/smack/bin/../share/smack/utils.py", line 69, in try_command
    raise Exception(output)
Exception: /usr/local/bin/corral: line 2: /proj/SMACK/smac/example_scenarios/ldv/a-rFIrDf.bpl: Permission denied
21:44:04.393 [CLI TAE (STDERR Thread - #0)] WARN  c.u.c.b.a.t.b.c.CommandLineAlgorithmRun - [PROCESS-ERR]  Traceback (most recent call last):
21:44:04.394 [CLI TAE (STDERR Thread - #0)] WARN  c.u.c.b.a.t.b.c.CommandLineAlgorithmRun - [PROCESS-ERR]    File "/mnt/local/smack-project/smack/bin/smack", line 13, in <module>
21:44:04.394 [CLI TAE (STDERR Thread - #0)] WARN  c.u.c.b.a.t.b.c.CommandLineAlgorithmRun - [PROCESS-ERR]      smack.top.main()
21:44:04.397 [CLI TAE (STDERR Thread - #0)] WARN  c.u.c.b.a.t.b.c.CommandLineAlgorithmRun - [PROCESS-ERR]    File "/mnt/local/smack-project/smack/bin/../share/smack/top.py", line 679, in main
21:44:04.397 [CLI TAE (STDERR Thread - #0)] WARN  c.u.c.b.a.t.b.c.CommandLineAlgorithmRun - [PROCESS-ERR]      verify_bpl(args)
21:44:04.397 [CLI TAE (STDERR Thread - #0)] WARN  c.u.c.b.a.t.b.c.CommandLineAlgorithmRun - [PROCESS-ERR]    File "/mnt/local/smack-project/smack/bin/../share/smack/top.py", line 548, in verify_bpl
21:44:04.397 [CLI TAE (STDERR Thread - #0)] WARN  c.u.c.b.a.t.b.c.CommandLineAlgorithmRun - [PROCESS-ERR]      verifier_output = try_command(command, timeout=args.time_limit)
21:44:04.397 [CLI TAE (STDERR Thread - #0)] WARN  c.u.c.b.a.t.b.c.CommandLineAlgorithmRun - [PROCESS-ERR]    File "/mnt/local/smack-project/smack/bin/../share/smack/utils.py", line 69, in try_command
21:44:04.397 [CLI TAE (STDERR Thread - #0)] WARN  c.u.c.b.a.t.b.c.CommandLineAlgorithmRun - [PROCESS-ERR]      raise Exception(output)
21:44:04.397 [CLI TAE (STDERR Thread - #0)] WARN  c.u.c.b.a.t.b.c.CommandLineAlgorithmRun - [PROCESS-ERR]  Exception: /usr/local/bin/corral: line 2: /proj/SMACK/smac/example_scenarios/ldv/a-4ukbaq.bpl: Permission denied
21:44:04.397 [CLI TAE (STDERR Thread - #0)] WARN  c.u.c.b.a.t.b.c.CommandLineAlgorithmRun - [PROCESS-ERR]  
21:48:11.747 [CLI TAE (STDERR Thread - #0)] WARN  c.u.c.b.a.t.b.c.CommandLineAlgorithmRun - [PROCESS-ERR]  Traceback (most recent call last):
21:48:11.749 [CLI TAE (STDERR Thread - #0)] WARN  c.u.c.b.a.t.b.c.CommandLineAlgorithmRun - [PROCESS-ERR]    File "/mnt/local/smack-project/smack/bin/smack", line 13, in <module>
21:48:11.755 [CLI TAE (STDERR Thread - #0)] WARN  c.u.c.b.a.t.b.c.CommandLineAlgorithmRun - [PROCESS-ERR]      smack.top.main()
21:48:11.755 [CLI TAE (STDERR Thread - #0)] WARN  c.u.c.b.a.t.b.c.CommandLineAlgorithmRun - [PROCESS-ERR]    File "/mnt/local/smack-project/smack/bin/../share/smack/top.py", line 679, in main
21:48:11.756 [CLI TAE (STDERR Thread - #0)] WARN  c.u.c.b.a.t.b.c.CommandLineAlgorithmRun - [PROCESS-ERR]      verify_bpl(args)
21:48:11.756 [CLI TAE (STDERR Thread - #0)] WARN  c.u.c.b.a.t.b.c.CommandLineAlgorithmRun - [PROCESS-ERR]    File "/mnt/local/smack-project/smack/bin/../share/smack/top.py", line 548, in verify_bpl
21:48:11.756 [CLI TAE (STDERR Thread - #0)] WARN  c.u.c.b.a.t.b.c.CommandLineAlgorithmRun - [PROCESS-ERR]      verifier_output = try_command(command, timeout=args.time_limit)
21:48:11.756 [CLI TAE (STDERR Thread - #0)] WARN  c.u.c.b.a.t.b.c.CommandLineAlgorithmRun - [PROCESS-ERR]    File "/mnt/local/smack-project/smack/bin/../share/smack/utils.py", line 69, in try_command
21:48:11.756 [CLI TAE (STDERR Thread - #0)] WARN  c.u.c.b.a.t.b.c.CommandLineAlgorithmRun - [PROCESS-ERR]      raise Exception(output)
21:48:11.756 [CLI TAE (STDERR Thread - #0)] WARN  c.u.c.b.a.t.b.c.CommandLineAlgorithmRun - [PROCESS-ERR]  Exception: /usr/local/bin/corral: line 2: /proj/SMACK/smac/example_scenarios/ldv/a-4PW5qi.bpl: Permission denied
21:48:11.756 [CLI TAE (STDERR Thread - #0)] WARN  c.u.c.b.a.t.b.c.CommandLineAlgorithmRun - [PROCESS-ERR]  
21:48:15.477 [CLI TAE (STDERR Thread - #0)] WARN  c.u.c.b.a.t.b.c.CommandLineAlgorithmRun - [PROCESS-ERR]  Traceback (most recent call last):
21:48:15.478 [CLI TAE (STDERR Thread - #0)] WARN  c.u.c.b.a.t.b.c.CommandLineAlgorithmRun - [PROCESS-ERR]    File "/mnt/local/smack-project/smack/bin/smack", line 13, in <module>
21:48:15.478 [CLI TAE (STDERR Thread - #0)] WARN  c.u.c.b.a.t.b.c.CommandLineAlgorithmRun - [PROCESS-ERR]      smack.top.main()
21:48:15.478 [CLI TAE (STDERR Thread - #0)] WARN  c.u.c.b.a.t.b.c.CommandLineAlgorithmRun - [PROCESS-ERR]    File "/mnt/local/smack-project/smack/bin/../share/smack/top.py", line 679, in main
21:48:15.478 [CLI TAE (STDERR Thread - #0)] WARN  c.u.c.b.a.t.b.c.CommandLineAlgorithmRun - [PROCESS-ERR]      verify_bpl(args)
21:48:15.478 [CLI TAE (STDERR Thread - #0)] WARN  c.u.c.b.a.t.b.c.CommandLineAlgorithmRun - [PROCESS-ERR]    File "/mnt/local/smack-project/smack/bin/../share/smack/top.py", line 548, in verify_bpl
21:48:15.478 [CLI TAE (STDERR Thread - #0)] WARN  c.u.c.b.a.t.b.c.CommandLineAlgorithmRun - [PROCESS-ERR]      verifier_output = try_command(command, timeout=args.time_limit)
21:48:15.478 [CLI TAE (STDERR Thread - #0)] WARN  c.u.c.b.a.t.b.c.CommandLineAlgorithmRun - [PROCESS-ERR]    File "/mnt/local/smack-project/smack/bin/../share/smack/utils.py", line 69, in try_command
21:48:15.478 [CLI TAE (STDERR Thread - #0)] WARN  c.u.c.b.a.t.b.c.CommandLineAlgorithmRun - [PROCESS-ERR]      raise Exception(output)
21:48:15.478 [CLI TAE (STDERR Thread - #0)] WARN  c.u.c.b.a.t.b.c.CommandLineAlgorithmRun - [PROCESS-ERR]  Exception: /usr/local/bin/corral: line 2: /proj/SMACK/smac/example_scenarios/ldv/a-JoyQbM.bpl: Permission denied
21:48:15.478 [CLI TAE (STDERR Thread - #0)] WARN  c.u.c.b.a.t.b.c.CommandLineAlgorithmRun - [PROCESS-ERR]  
21:48:17.504 [CLI TAE (STDERR Thread - #0)] WARN  c.u.c.b.a.t.b.c.CommandLineAlgorithmRun - [PROCESS-ERR]  Traceback (most recent call last):
21:48:17.504 [CLI TAE (STDERR Thread - #0)] WARN  c.u.c.b.a.t.b.c.CommandLineAlgorithmRun - [PROCESS-ERR]    File "/mnt/local/smack-project/smack/bin/smack", line 13, in <module>
21:48:17.504 [CLI TAE (STDERR Thread - #0)] WARN  c.u.c.b.a.t.b.c.CommandLineAlgorithmRun - [PROCESS-ERR]      smack.top.main()
21:48:17.504 [CLI TAE (STDERR Thread - #0)] WARN  c.u.c.b.a.t.b.c.CommandLineAlgorithmRun - [PROCESS-ERR]    File "/mnt/local/smack-project/smack/bin/../share/smack/top.py", line 679, in main
21:48:17.504 [CLI TAE (STDERR Thread - #0)] WARN  c.u.c.b.a.t.b.c.CommandLineAlgorithmRun - [PROCESS-ERR]      verify_bpl(args)
21:48:17.505 [CLI TAE (STDERR Thread - #0)] WARN  c.u.c.b.a.t.b.c.CommandLineAlgorithmRun - [PROCESS-ERR]    File "/mnt/local/smack-project/smack/bin/../share/smack/top.py", line 548, in verify_bpl
21:48:17.505 [CLI TAE (STDERR Thread - #0)] WARN  c.u.c.b.a.t.b.c.CommandLineAlgorithmRun - [PROCESS-ERR]      verifier_output = try_command(command, timeout=args.time_limit)
21:48:17.505 [CLI TAE (STDERR Thread - #0)] WARN  c.u.c.b.a.t.b.c.CommandLineAlgorithmRun - [PROCESS-ERR]    File "/mnt/local/smack-project/smack/bin/../share/smack/utils.py", line 69, in try_command
21:48:17.505 [CLI TAE (STDERR Thread - #0)] WARN  c.u.c.b.a.t.b.c.CommandLineAlgorithmRun - [PROCESS-ERR]      raise Exception(output)
21:48:17.505 [CLI TAE (STDERR Thread - #0)] WARN  c.u.c.b.a.t.b.c.CommandLineAlgorithmRun - [PROCESS-ERR]  Exception: /usr/local/bin/corral: line 2: /proj/SMACK/smac/example_scenarios/ldv/a-ksEYGB.bpl: Permission denied
21:48:17.505 [CLI TAE (STDERR Thread - #0)] WARN  c.u.c.b.a.t.b.c.CommandLineAlgorithmRun - [PROCESS-ERR]  
21:48:29.312 [CLI TAE (STDERR Thread - #0)] WARN  c.u.c.b.a.t.b.c.CommandLineAlgorithmRun - [PROCESS-ERR] Traceback (most recent call last):
  File "/mnt/local/smack-project/smack/bin/smack", line 13, in <module>
    smack.top.main()
  File "/mnt/local/smack-project/smack/bin/../share/smack/top.py", line 679, in main
    verify_bpl(args)
  File "/mnt/local/smack-project/smack/bin/../share/smack/top.py", line 548, in verify_bpl
    verifier_output = try_command(command, timeout=args.time_limit)
  File "/mnt/local/smack-project/smack/bin/../share/smack/utils.py", line 69, in try_command
    raise Exception(output)
Exception: /usr/local/bin/corral: line 2: /proj/SMACK/smac/example_scenarios/ldv/a-Y2Utwf.bpl: Permission denied
21:48:32.889 [CLI TAE (STDERR Thread - #0)] WARN  c.u.c.b.a.t.b.c.CommandLineAlgorithmRun - [PROCESS-ERR]  Traceback (most recent call last):
21:48:32.890 [CLI TAE (STDERR Thread - #0)] WARN  c.u.c.b.a.t.b.c.CommandLineAlgorithmRun - [PROCESS-ERR]    File "/mnt/local/smack-project/smack/bin/smack", line 13, in <module>
21:48:32.890 [CLI TAE (STDERR Thread - #0)] WARN  c.u.c.b.a.t.b.c.CommandLineAlgorithmRun - [PROCESS-ERR]      smack.top.main()
21:48:32.890 [CLI TAE (STDERR Thread - #0)] WARN  c.u.c.b.a.t.b.c.CommandLineAlgorithmRun - [PROCESS-ERR]    File "/mnt/local/smack-project/smack/bin/../share/smack/top.py", line 679, in main
21:48:32.890 [CLI TAE (STDERR Thread - #0)] WARN  c.u.c.b.a.t.b.c.CommandLineAlgorithmRun - [PROCESS-ERR]      verify_bpl(args)
21:48:32.890 [CLI TAE (STDERR Thread - #0)] WARN  c.u.c.b.a.t.b.c.CommandLineAlgorithmRun - [PROCESS-ERR]    File "/mnt/local/smack-project/smack/bin/../share/smack/top.py", line 548, in verify_bpl
21:48:32.890 [CLI TAE (STDERR Thread - #0)] WARN  c.u.c.b.a.t.b.c.CommandLineAlgorithmRun - [PROCESS-ERR]      verifier_output = try_command(command, timeout=args.time_limit)
21:48:32.890 [CLI TAE (STDERR Thread - #0)] WARN  c.u.c.b.a.t.b.c.CommandLineAlgorithmRun - [PROCESS-ERR]    File "/mnt/local/smack-project/smack/bin/../share/smack/utils.py", line 69, in try_command
21:48:32.891 [CLI TAE (STDERR Thread - #0)] WARN  c.u.c.b.a.t.b.c.CommandLineAlgorithmRun - [PROCESS-ERR]      raise Exception(output)
21:48:32.891 [CLI TAE (STDERR Thread - #0)] WARN  c.u.c.b.a.t.b.c.CommandLineAlgorithmRun - [PROCESS-ERR]  Exception: /usr/local/bin/corral: line 2: /proj/SMACK/smac/example_scenarios/ldv/a-NkS8bZ.bpl: Permission denied
21:48:32.891 [CLI TAE (STDERR Thread - #0)] WARN  c.u.c.b.a.t.b.c.CommandLineAlgorithmRun - [PROCESS-ERR]  
21:48:37.461 [CLI TAE (STDERR Thread - #0)] WARN  c.u.c.b.a.t.b.c.CommandLineAlgorithmRun - [PROCESS-ERR]  Traceback (most recent call last):
21:48:37.462 [CLI TAE (STDERR Thread - #0)] WARN  c.u.c.b.a.t.b.c.CommandLineAlgorithmRun - [PROCESS-ERR]    File "/mnt/local/smack-project/smack/bin/smack", line 13, in <module>
21:48:37.462 [CLI TAE (STDERR Thread - #0)] WARN  c.u.c.b.a.t.b.c.CommandLineAlgorithmRun - [PROCESS-ERR]      smack.top.main()
21:48:37.462 [CLI TAE (STDERR Thread - #0)] WARN  c.u.c.b.a.t.b.c.CommandLineAlgorithmRun - [PROCESS-ERR]    File "/mnt/local/smack-project/smack/bin/../share/smack/top.py", line 679, in main
21:48:37.462 [CLI TAE (STDERR Thread - #0)] WARN  c.u.c.b.a.t.b.c.CommandLineAlgorithmRun - [PROCESS-ERR]      verify_bpl(args)
21:48:37.462 [CLI TAE (STDERR Thread - #0)] WARN  c.u.c.b.a.t.b.c.CommandLineAlgorithmRun - [PROCESS-ERR]    File "/mnt/local/smack-project/smack/bin/../share/smack/top.py", line 548, in verify_bpl
21:48:37.462 [CLI TAE (STDERR Thread - #0)] WARN  c.u.c.b.a.t.b.c.CommandLineAlgorithmRun - [PROCESS-ERR]      verifier_output = try_command(command, timeout=args.time_limit)
21:48:37.462 [CLI TAE (STDERR Thread - #0)] WARN  c.u.c.b.a.t.b.c.CommandLineAlgorithmRun - [PROCESS-ERR]    File "/mnt/local/smack-project/smack/bin/../share/smack/utils.py", line 69, in try_command
21:48:37.462 [CLI TAE (STDERR Thread - #0)] WARN  c.u.c.b.a.t.b.c.CommandLineAlgorithmRun - [PROCESS-ERR]      raise Exception(output)
21:48:37.462 [CLI TAE (STDERR Thread - #0)] WARN  c.u.c.b.a.t.b.c.CommandLineAlgorithmRun - [PROCESS-ERR]  Exception: /usr/local/bin/corral: line 2: /proj/SMACK/smac/example_scenarios/ldv/a-2h_jan.bpl: Permission denied
21:48:37.463 [CLI TAE (STDERR Thread - #0)] WARN  c.u.c.b.a.t.b.c.CommandLineAlgorithmRun - [PROCESS-ERR]  
21:48:39.479 [CLI TAE (STDERR Thread - #0)] WARN  c.u.c.b.a.t.b.c.CommandLineAlgorithmRun - [PROCESS-ERR] Traceback (most recent call last):
  File "/mnt/local/smack-project/smack/bin/smack", line 13, in <module>
    smack.top.main()
  File "/mnt/local/smack-project/smack/bin/../share/smack/top.py", line 679, in main
    verify_bpl(args)
  File "/mnt/local/smack-project/smack/bin/../share/smack/top.py", line 548, in verify_bpl
    verifier_output = try_command(command, timeout=args.time_limit)
  File "/mnt/local/smack-project/smack/bin/../share/smack/utils.py", line 69, in try_command
    raise Exception(output)
Exception: /usr/local/bin/corral: line 2: /proj/SMACK/smac/example_scenarios/ldv/a-vZcl06.bpl: Permission denied
21:49:00.220 [CLI TAE (STDERR Thread - #0)] WARN  c.u.c.b.a.t.b.c.CommandLineAlgorithmRun - [PROCESS-ERR]  Traceback (most recent call last):
21:49:00.221 [CLI TAE (STDERR Thread - #0)] WARN  c.u.c.b.a.t.b.c.CommandLineAlgorithmRun - [PROCESS-ERR]    File "/mnt/local/smack-project/smack/bin/smack", line 13, in <module>
21:49:00.221 [CLI TAE (STDERR Thread - #0)] WARN  c.u.c.b.a.t.b.c.CommandLineAlgorithmRun - [PROCESS-ERR]      smack.top.main()
21:49:00.221 [CLI TAE (STDERR Thread - #0)] WARN  c.u.c.b.a.t.b.c.CommandLineAlgorithmRun - [PROCESS-ERR]    File "/mnt/local/smack-project/smack/bin/../share/smack/top.py", line 679, in main
21:49:00.222 [CLI TAE (STDERR Thread - #0)] WARN  c.u.c.b.a.t.b.c.CommandLineAlgorithmRun - [PROCESS-ERR]      verify_bpl(args)
21:49:00.222 [CLI TAE (STDERR Thread - #0)] WARN  c.u.c.b.a.t.b.c.CommandLineAlgorithmRun - [PROCESS-ERR]    File "/mnt/local/smack-project/smack/bin/../share/smack/top.py", line 548, in verify_bpl
21:49:00.222 [CLI TAE (STDERR Thread - #0)] WARN  c.u.c.b.a.t.b.c.CommandLineAlgorithmRun - [PROCESS-ERR]      verifier_output = try_command(command, timeout=args.time_limit)
21:49:00.222 [CLI TAE (STDERR Thread - #0)] WARN  c.u.c.b.a.t.b.c.CommandLineAlgorithmRun - [PROCESS-ERR]    File "/mnt/local/smack-project/smack/bin/../share/smack/utils.py", line 69, in try_command
21:49:00.223 [CLI TAE (STDERR Thread - #0)] WARN  c.u.c.b.a.t.b.c.CommandLineAlgorithmRun - [PROCESS-ERR]      raise Exception(output)
21:49:00.223 [CLI TAE (STDERR Thread - #0)] WARN  c.u.c.b.a.t.b.c.CommandLineAlgorithmRun - [PROCESS-ERR]  Exception: /usr/local/bin/corral: line 2: /proj/SMACK/smac/example_scenarios/ldv/a-8vLSOi.bpl: Permission denied
21:49:00.223 [CLI TAE (STDERR Thread - #0)] WARN  c.u.c.b.a.t.b.c.CommandLineAlgorithmRun - [PROCESS-ERR]  
21:49:03.044 [CLI TAE (STDERR Thread - #0)] WARN  c.u.c.b.a.t.b.c.CommandLineAlgorithmRun - [PROCESS-ERR]  Traceback (most recent call last):
21:49:03.044 [CLI TAE (STDERR Thread - #0)] WARN  c.u.c.b.a.t.b.c.CommandLineAlgorithmRun - [PROCESS-ERR]    File "/mnt/local/smack-project/smack/bin/smack", line 13, in <module>
21:49:03.045 [CLI TAE (STDERR Thread - #0)] WARN  c.u.c.b.a.t.b.c.CommandLineAlgorithmRun - [PROCESS-ERR]      smack.top.main()
21:49:03.045 [CLI TAE (STDERR Thread - #0)] WARN  c.u.c.b.a.t.b.c.CommandLineAlgorithmRun - [PROCESS-ERR]    File "/mnt/local/smack-project/smack/bin/../share/smack/top.py", line 679, in main
21:49:03.045 [CLI TAE (STDERR Thread - #0)] WARN  c.u.c.b.a.t.b.c.CommandLineAlgorithmRun - [PROCESS-ERR]      verify_bpl(args)
21:49:03.046 [CLI TAE (STDERR Thread - #0)] WARN  c.u.c.b.a.t.b.c.CommandLineAlgorithmRun - [PROCESS-ERR]    File "/mnt/local/smack-project/smack/bin/../share/smack/top.py", line 548, in verify_bpl
21:49:03.046 [CLI TAE (STDERR Thread - #0)] WARN  c.u.c.b.a.t.b.c.CommandLineAlgorithmRun - [PROCESS-ERR]      verifier_output = try_command(command, timeout=args.time_limit)
21:49:03.046 [CLI TAE (STDERR Thread - #0)] WARN  c.u.c.b.a.t.b.c.CommandLineAlgorithmRun - [PROCESS-ERR]    File "/mnt/local/smack-project/smack/bin/../share/smack/utils.py", line 69, in try_command
21:49:03.047 [CLI TAE (STDERR Thread - #0)] WARN  c.u.c.b.a.t.b.c.CommandLineAlgorithmRun - [PROCESS-ERR]      raise Exception(output)
21:49:03.047 [CLI TAE (STDERR Thread - #0)] WARN  c.u.c.b.a.t.b.c.CommandLineAlgorithmRun - [PROCESS-ERR]  Exception: /usr/local/bin/corral: line 2: /proj/SMACK/smac/example_scenarios/ldv/a-HfuSDF.bpl: Permission denied
21:49:03.048 [CLI TAE (STDERR Thread - #0)] WARN  c.u.c.b.a.t.b.c.CommandLineAlgorithmRun - [PROCESS-ERR]  
21:49:05.581 [CLI TAE (STDERR Thread - #0)] WARN  c.u.c.b.a.t.b.c.CommandLineAlgorithmRun - [PROCESS-ERR]  Traceback (most recent call last):
21:49:05.582 [CLI TAE (STDERR Thread - #0)] WARN  c.u.c.b.a.t.b.c.CommandLineAlgorithmRun - [PROCESS-ERR]    File "/mnt/local/smack-project/smack/bin/smack", line 13, in <module>
21:49:05.582 [CLI TAE (STDERR Thread - #0)] WARN  c.u.c.b.a.t.b.c.CommandLineAlgorithmRun - [PROCESS-ERR]      smack.top.main()
21:49:05.582 [CLI TAE (STDERR Thread - #0)] WARN  c.u.c.b.a.t.b.c.CommandLineAlgorithmRun - [PROCESS-ERR]    File "/mnt/local/smack-project/smack/bin/../share/smack/top.py", line 679, in main
21:49:05.582 [CLI TAE (STDERR Thread - #0)] WARN  c.u.c.b.a.t.b.c.CommandLineAlgorithmRun - [PROCESS-ERR]      verify_bpl(args)
21:49:05.582 [CLI TAE (STDERR Thread - #0)] WARN  c.u.c.b.a.t.b.c.CommandLineAlgorithmRun - [PROCESS-ERR]    File "/mnt/local/smack-project/smack/bin/../share/smack/top.py", line 548, in verify_bpl
21:49:05.582 [CLI TAE (STDERR Thread - #0)] WARN  c.u.c.b.a.t.b.c.CommandLineAlgorithmRun - [PROCESS-ERR]      verifier_output = try_command(command, timeout=args.time_limit)
21:49:05.582 [CLI TAE (STDERR Thread - #0)] WARN  c.u.c.b.a.t.b.c.CommandLineAlgorithmRun - [PROCESS-ERR]    File "/mnt/local/smack-project/smack/bin/../share/smack/utils.py", line 69, in try_command
21:49:05.582 [CLI TAE (STDERR Thread - #0)] WARN  c.u.c.b.a.t.b.c.CommandLineAlgorithmRun - [PROCESS-ERR]      raise Exception(output)
21:49:05.582 [CLI TAE (STDERR Thread - #0)] WARN  c.u.c.b.a.t.b.c.CommandLineAlgorithmRun - [PROCESS-ERR]  Exception: /usr/local/bin/corral: line 2: /proj/SMACK/smac/example_scenarios/ldv/a-Z_DoXF.bpl: Permission denied
21:49:05.582 [CLI TAE (STDERR Thread - #0)] WARN  c.u.c.b.a.t.b.c.CommandLineAlgorithmRun - [PROCESS-ERR]  
21:49:07.978 [CLI TAE (STDERR Thread - #0)] WARN  c.u.c.b.a.t.b.c.CommandLineAlgorithmRun - [PROCESS-ERR]  Traceback (most recent call last):
21:49:07.979 [CLI TAE (STDERR Thread - #0)] WARN  c.u.c.b.a.t.b.c.CommandLineAlgorithmRun - [PROCESS-ERR]    File "/mnt/local/smack-project/smack/bin/smack", line 13, in <module>
21:49:07.979 [CLI TAE (STDERR Thread - #0)] WARN  c.u.c.b.a.t.b.c.CommandLineAlgorithmRun - [PROCESS-ERR]      smack.top.main()
21:49:07.979 [CLI TAE (STDERR Thread - #0)] WARN  c.u.c.b.a.t.b.c.CommandLineAlgorithmRun - [PROCESS-ERR]    File "/mnt/local/smack-project/smack/bin/../share/smack/top.py", line 679, in main
21:49:07.979 [CLI TAE (STDERR Thread - #0)] WARN  c.u.c.b.a.t.b.c.CommandLineAlgorithmRun - [PROCESS-ERR]      verify_bpl(args)
21:49:07.979 [CLI TAE (STDERR Thread - #0)] WARN  c.u.c.b.a.t.b.c.CommandLineAlgorithmRun - [PROCESS-ERR]    File "/mnt/local/smack-project/smack/bin/../share/smack/top.py", line 548, in verify_bpl
21:49:07.979 [CLI TAE (STDERR Thread - #0)] WARN  c.u.c.b.a.t.b.c.CommandLineAlgorithmRun - [PROCESS-ERR]      verifier_output = try_command(command, timeout=args.time_limit)
21:49:07.979 [CLI TAE (STDERR Thread - #0)] WARN  c.u.c.b.a.t.b.c.CommandLineAlgorithmRun - [PROCESS-ERR]    File "/mnt/local/smack-project/smack/bin/../share/smack/utils.py", line 69, in try_command
21:49:07.979 [CLI TAE (STDERR Thread - #0)] WARN  c.u.c.b.a.t.b.c.CommandLineAlgorithmRun - [PROCESS-ERR]      raise Exception(output)
21:49:07.979 [CLI TAE (STDERR Thread - #0)] WARN  c.u.c.b.a.t.b.c.CommandLineAlgorithmRun - [PROCESS-ERR]  Exception: /usr/local/bin/corral: line 2: /proj/SMACK/smac/example_scenarios/ldv/a-51VyWa.bpl: Permission denied
21:49:07.979 [CLI TAE (STDERR Thread - #0)] WARN  c.u.c.b.a.t.b.c.CommandLineAlgorithmRun - [PROCESS-ERR]  
21:49:21.243 [CLI TAE (STDERR Thread - #0)] WARN  c.u.c.b.a.t.b.c.CommandLineAlgorithmRun - [PROCESS-ERR]  Traceback (most recent call last):
21:49:21.244 [CLI TAE (STDERR Thread - #0)] WARN  c.u.c.b.a.t.b.c.CommandLineAlgorithmRun - [PROCESS-ERR]    File "/mnt/local/smack-project/smack/bin/smack", line 13, in <module>
21:49:21.244 [CLI TAE (STDERR Thread - #0)] WARN  c.u.c.b.a.t.b.c.CommandLineAlgorithmRun - [PROCESS-ERR]      smack.top.main()
21:49:21.244 [CLI TAE (STDERR Thread - #0)] WARN  c.u.c.b.a.t.b.c.CommandLineAlgorithmRun - [PROCESS-ERR]    File "/mnt/local/smack-project/smack/bin/../share/smack/top.py", line 679, in main
21:49:21.245 [CLI TAE (STDERR Thread - #0)] WARN  c.u.c.b.a.t.b.c.CommandLineAlgorithmRun - [PROCESS-ERR]      verify_bpl(args)
21:49:21.245 [CLI TAE (STDERR Thread - #0)] WARN  c.u.c.b.a.t.b.c.CommandLineAlgorithmRun - [PROCESS-ERR]    File "/mnt/local/smack-project/smack/bin/../share/smack/top.py", line 548, in verify_bpl
21:49:21.245 [CLI TAE (STDERR Thread - #0)] WARN  c.u.c.b.a.t.b.c.CommandLineAlgorithmRun - [PROCESS-ERR]      verifier_output = try_command(command, timeout=args.time_limit)
21:49:21.245 [CLI TAE (STDERR Thread - #0)] WARN  c.u.c.b.a.t.b.c.CommandLineAlgorithmRun - [PROCESS-ERR]    File "/mnt/local/smack-project/smack/bin/../share/smack/utils.py", line 69, in try_command
21:49:21.245 [CLI TAE (STDERR Thread - #0)] WARN  c.u.c.b.a.t.b.c.CommandLineAlgorithmRun - [PROCESS-ERR]      raise Exception(output)
21:49:21.245 [CLI TAE (STDERR Thread - #0)] WARN  c.u.c.b.a.t.b.c.CommandLineAlgorithmRun - [PROCESS-ERR]  Exception: /usr/local/bin/corral: line 2: /proj/SMACK/smac/example_scenarios/ldv/a-sWgug0.bpl: Permission denied
21:49:21.245 [CLI TAE (STDERR Thread - #0)] WARN  c.u.c.b.a.t.b.c.CommandLineAlgorithmRun - [PROCESS-ERR]  
21:49:30.336 [CLI TAE (STDERR Thread - #0)] WARN  c.u.c.b.a.t.b.c.CommandLineAlgorithmRun - [PROCESS-ERR]  Traceback (most recent call last):
21:49:30.337 [CLI TAE (STDERR Thread - #0)] WARN  c.u.c.b.a.t.b.c.CommandLineAlgorithmRun - [PROCESS-ERR]    File "/mnt/local/smack-project/smack/bin/smack", line 13, in <module>
21:49:30.337 [CLI TAE (STDERR Thread - #0)] WARN  c.u.c.b.a.t.b.c.CommandLineAlgorithmRun - [PROCESS-ERR]      smack.top.main()
21:49:30.338 [CLI TAE (STDERR Thread - #0)] WARN  c.u.c.b.a.t.b.c.CommandLineAlgorithmRun - [PROCESS-ERR]    File "/mnt/local/smack-project/smack/bin/../share/smack/top.py", line 679, in main
21:49:30.338 [CLI TAE (STDERR Thread - #0)] WARN  c.u.c.b.a.t.b.c.CommandLineAlgorithmRun - [PROCESS-ERR]      verify_bpl(args)
21:49:30.338 [CLI TAE (STDERR Thread - #0)] WARN  c.u.c.b.a.t.b.c.CommandLineAlgorithmRun - [PROCESS-ERR]    File "/mnt/local/smack-project/smack/bin/../share/smack/top.py", line 548, in verify_bpl
21:49:30.338 [CLI TAE (STDERR Thread - #0)] WARN  c.u.c.b.a.t.b.c.CommandLineAlgorithmRun - [PROCESS-ERR]      verifier_output = try_command(command, timeout=args.time_limit)
21:49:30.338 [CLI TAE (STDERR Thread - #0)] WARN  c.u.c.b.a.t.b.c.CommandLineAlgorithmRun - [PROCESS-ERR]    File "/mnt/local/smack-project/smack/bin/../share/smack/utils.py", line 69, in try_command
21:49:30.338 [CLI TAE (STDERR Thread - #0)] WARN  c.u.c.b.a.t.b.c.CommandLineAlgorithmRun - [PROCESS-ERR]      raise Exception(output)
21:49:30.338 [CLI TAE (STDERR Thread - #0)] WARN  c.u.c.b.a.t.b.c.CommandLineAlgorithmRun - [PROCESS-ERR]  Exception: /usr/local/bin/corral: line 2: /proj/SMACK/smac/example_scenarios/ldv/a-IDSeTE.bpl: Permission denied
21:49:30.338 [CLI TAE (STDERR Thread - #0)] WARN  c.u.c.b.a.t.b.c.CommandLineAlgorithmRun - [PROCESS-ERR]  
21:49:32.302 [CLI TAE (STDERR Thread - #0)] WARN  c.u.c.b.a.t.b.c.CommandLineAlgorithmRun - [PROCESS-ERR]  Traceback (most recent call last):
21:49:32.302 [CLI TAE (STDERR Thread - #0)] WARN  c.u.c.b.a.t.b.c.CommandLineAlgorithmRun - [PROCESS-ERR]    File "/mnt/local/smack-project/smack/bin/smack", line 13, in <module>
21:49:32.306 [CLI TAE (STDERR Thread - #0)] WARN  c.u.c.b.a.t.b.c.CommandLineAlgorithmRun - [PROCESS-ERR]      smack.top.main()
21:49:32.306 [CLI TAE (STDERR Thread - #0)] WARN  c.u.c.b.a.t.b.c.CommandLineAlgorithmRun - [PROCESS-ERR]    File "/mnt/local/smack-project/smack/bin/../share/smack/top.py", line 679, in main
21:49:32.306 [CLI TAE (STDERR Thread - #0)] WARN  c.u.c.b.a.t.b.c.CommandLineAlgorithmRun - [PROCESS-ERR]      verify_bpl(args)
21:49:32.306 [CLI TAE (STDERR Thread - #0)] WARN  c.u.c.b.a.t.b.c.CommandLineAlgorithmRun - [PROCESS-ERR]    File "/mnt/local/smack-project/smack/bin/../share/smack/top.py", line 548, in verify_bpl
21:49:32.306 [CLI TAE (STDERR Thread - #0)] WARN  c.u.c.b.a.t.b.c.CommandLineAlgorithmRun - [PROCESS-ERR]      verifier_output = try_command(command, timeout=args.time_limit)
21:49:32.306 [CLI TAE (STDERR Thread - #0)] WARN  c.u.c.b.a.t.b.c.CommandLineAlgorithmRun - [PROCESS-ERR]    File "/mnt/local/smack-project/smack/bin/../share/smack/utils.py", line 69, in try_command
21:49:32.309 [CLI TAE (STDERR Thread - #0)] WARN  c.u.c.b.a.t.b.c.CommandLineAlgorithmRun - [PROCESS-ERR]      raise Exception(output)
21:49:32.309 [CLI TAE (STDERR Thread - #0)] WARN  c.u.c.b.a.t.b.c.CommandLineAlgorithmRun - [PROCESS-ERR]  Exception: /usr/local/bin/corral: line 2: /proj/SMACK/smac/example_scenarios/ldv/a-yQmCsp.bpl: Permission denied
21:49:32.310 [CLI TAE (STDERR Thread - #0)] WARN  c.u.c.b.a.t.b.c.CommandLineAlgorithmRun - [PROCESS-ERR]  
21:53:30.303 [CLI TAE (STDERR Thread - #0)] WARN  c.u.c.b.a.t.b.c.CommandLineAlgorithmRun - [PROCESS-ERR]  Traceback (most recent call last):
21:53:30.304 [CLI TAE (STDERR Thread - #0)] WARN  c.u.c.b.a.t.b.c.CommandLineAlgorithmRun - [PROCESS-ERR]    File "/mnt/local/smack-project/smack/bin/smack", line 13, in <module>
21:53:30.304 [CLI TAE (STDERR Thread - #0)] WARN  c.u.c.b.a.t.b.c.CommandLineAlgorithmRun - [PROCESS-ERR]      smack.top.main()
21:53:30.304 [CLI TAE (STDERR Thread - #0)] WARN  c.u.c.b.a.t.b.c.CommandLineAlgorithmRun - [PROCESS-ERR]    File "/mnt/local/smack-project/smack/bin/../share/smack/top.py", line 679, in main
21:53:30.304 [CLI TAE (STDERR Thread - #0)] WARN  c.u.c.b.a.t.b.c.CommandLineAlgorithmRun - [PROCESS-ERR]      verify_bpl(args)
21:53:30.304 [CLI TAE (STDERR Thread - #0)] WARN  c.u.c.b.a.t.b.c.CommandLineAlgorithmRun - [PROCESS-ERR]    File "/mnt/local/smack-project/smack/bin/../share/smack/top.py", line 548, in verify_bpl
21:53:30.304 [CLI TAE (STDERR Thread - #0)] WARN  c.u.c.b.a.t.b.c.CommandLineAlgorithmRun - [PROCESS-ERR]      verifier_output = try_command(command, timeout=args.time_limit)
21:53:30.304 [CLI TAE (STDERR Thread - #0)] WARN  c.u.c.b.a.t.b.c.CommandLineAlgorithmRun - [PROCESS-ERR]    File "/mnt/local/smack-project/smack/bin/../share/smack/utils.py", line 69, in try_command
21:53:30.304 [CLI TAE (STDERR Thread - #0)] WARN  c.u.c.b.a.t.b.c.CommandLineAlgorithmRun - [PROCESS-ERR]      raise Exception(output)
21:53:30.304 [CLI TAE (STDERR Thread - #0)] WARN  c.u.c.b.a.t.b.c.CommandLineAlgorithmRun - [PROCESS-ERR]  Exception: /usr/local/bin/corral: line 2: /proj/SMACK/smac/example_scenarios/ldv/a-al04Dw.bpl: Permission denied
21:53:30.305 [CLI TAE (STDERR Thread - #0)] WARN  c.u.c.b.a.t.b.c.CommandLineAlgorithmRun - [PROCESS-ERR]  
21:53:41.297 [CLI TAE (STDERR Thread - #0)] WARN  c.u.c.b.a.t.b.c.CommandLineAlgorithmRun - [PROCESS-ERR]  Traceback (most recent call last):
21:53:41.298 [CLI TAE (STDERR Thread - #0)] WARN  c.u.c.b.a.t.b.c.CommandLineAlgorithmRun - [PROCESS-ERR]    File "/mnt/local/smack-project/smack/bin/smack", line 13, in <module>
21:53:41.298 [CLI TAE (STDERR Thread - #0)] WARN  c.u.c.b.a.t.b.c.CommandLineAlgorithmRun - [PROCESS-ERR]      smack.top.main()
21:53:41.298 [CLI TAE (STDERR Thread - #0)] WARN  c.u.c.b.a.t.b.c.CommandLineAlgorithmRun - [PROCESS-ERR]    File "/mnt/local/smack-project/smack/bin/../share/smack/top.py", line 679, in main
21:53:41.298 [CLI TAE (STDERR Thread - #0)] WARN  c.u.c.b.a.t.b.c.CommandLineAlgorithmRun - [PROCESS-ERR]      verify_bpl(args)
21:53:41.298 [CLI TAE (STDERR Thread - #0)] WARN  c.u.c.b.a.t.b.c.CommandLineAlgorithmRun - [PROCESS-ERR]    File "/mnt/local/smack-project/smack/bin/../share/smack/top.py", line 548, in verify_bpl
21:53:41.298 [CLI TAE (STDERR Thread - #0)] WARN  c.u.c.b.a.t.b.c.CommandLineAlgorithmRun - [PROCESS-ERR]      verifier_output = try_command(command, timeout=args.time_limit)
21:53:41.298 [CLI TAE (STDERR Thread - #0)] WARN  c.u.c.b.a.t.b.c.CommandLineAlgorithmRun - [PROCESS-ERR]    File "/mnt/local/smack-project/smack/bin/../share/smack/utils.py", line 69, in try_command
21:53:41.298 [CLI TAE (STDERR Thread - #0)] WARN  c.u.c.b.a.t.b.c.CommandLineAlgorithmRun - [PROCESS-ERR]      raise Exception(output)
21:53:41.298 [CLI TAE (STDERR Thread - #0)] WARN  c.u.c.b.a.t.b.c.CommandLineAlgorithmRun - [PROCESS-ERR]  Exception: /usr/local/bin/corral: line 2: /proj/SMACK/smac/example_scenarios/ldv/a-flEDgE.bpl: Permission denied
21:53:41.298 [CLI TAE (STDERR Thread - #0)] WARN  c.u.c.b.a.t.b.c.CommandLineAlgorithmRun - [PROCESS-ERR]  
21:53:45.800 [CLI TAE (STDERR Thread - #0)] WARN  c.u.c.b.a.t.b.c.CommandLineAlgorithmRun - [PROCESS-ERR] Traceback (most recent call last):
  File "/mnt/local/smack-project/smack/bin/smack", line 13, in <module>
    smack.top.main()
  File "/mnt/local/smack-project/smack/bin/../share/smack/top.py", line 679, in main
    verify_bpl(args)
  File "/mnt/local/smack-project/smack/bin/../share/smack/top.py", line 548, in verify_bpl
    verifier_output = try_command(command, timeout=args.time_limit)
  File "/mnt/local/smack-project/smack/bin/../share/smack/utils.py", line 69, in try_command
    raise Exception(output)
Exception: /usr/local/bin/corral: line 2: /proj/SMACK/smac/example_scenarios/ldv/a-SlBK5V.bpl: Permission denied
21:53:49.856 [CLI TAE (STDERR Thread - #0)] WARN  c.u.c.b.a.t.b.c.CommandLineAlgorithmRun - [PROCESS-ERR] Traceback (most recent call last):
  File "/mnt/local/smack-project/smack/bin/smack", line 13, in <module>
    smack.top.main()
  File "/mnt/local/smack-project/smack/bin/../share/smack/top.py", line 679, in main
    verify_bpl(args)
  File "/mnt/local/smack-project/smack/bin/../share/smack/top.py", line 548, in verify_bpl
    verifier_output = try_command(command, timeout=args.time_limit)
  File "/mnt/local/smack-project/smack/bin/../share/smack/utils.py", line 69, in try_command
    raise Exception(output)
Exception: /usr/local/bin/corral: line 2: /proj/SMACK/smac/example_scenarios/ldv/a-VjFVfe.bpl: Permission denied
21:53:52.947 [CLI TAE (STDERR Thread - #0)] WARN  c.u.c.b.a.t.b.c.CommandLineAlgorithmRun - [PROCESS-ERR] Traceback (most recent call last):
  File "/mnt/local/smack-project/smack/bin/smack", line 13, in <module>
    smack.top.main()
  File "/mnt/local/smack-project/smack/bin/../share/smack/top.py", line 679, in main
    verify_bpl(args)
  File "/mnt/local/smack-project/smack/bin/../share/smack/top.py", line 548, in verify_bpl
    verifier_output = try_command(command, timeout=args.time_limit)
  File "/mnt/local/smack-project/smack/bin/../share/smack/utils.py", line 69, in try_command
    raise Exception(output)
Exception: /usr/local/bin/corral: line 2: /proj/SMACK/smac/example_scenarios/ldv/a-HVBocn.bpl: Permission denied
21:53:56.830 [CLI TAE (STDERR Thread - #0)] WARN  c.u.c.b.a.t.b.c.CommandLineAlgorithmRun - [PROCESS-ERR]  Traceback (most recent call last):
21:53:56.831 [CLI TAE (STDERR Thread - #0)] WARN  c.u.c.b.a.t.b.c.CommandLineAlgorithmRun - [PROCESS-ERR]    File "/mnt/local/smack-project/smack/bin/smack", line 13, in <module>
21:53:56.831 [CLI TAE (STDERR Thread - #0)] WARN  c.u.c.b.a.t.b.c.CommandLineAlgorithmRun - [PROCESS-ERR]      smack.top.main()
21:53:56.831 [CLI TAE (STDERR Thread - #0)] WARN  c.u.c.b.a.t.b.c.CommandLineAlgorithmRun - [PROCESS-ERR]    File "/mnt/local/smack-project/smack/bin/../share/smack/top.py", line 679, in main
21:53:56.831 [CLI TAE (STDERR Thread - #0)] WARN  c.u.c.b.a.t.b.c.CommandLineAlgorithmRun - [PROCESS-ERR]      verify_bpl(args)
21:53:56.831 [CLI TAE (STDERR Thread - #0)] WARN  c.u.c.b.a.t.b.c.CommandLineAlgorithmRun - [PROCESS-ERR]    File "/mnt/local/smack-project/smack/bin/../share/smack/top.py", line 548, in verify_bpl
21:53:56.831 [CLI TAE (STDERR Thread - #0)] WARN  c.u.c.b.a.t.b.c.CommandLineAlgorithmRun - [PROCESS-ERR]      verifier_output = try_command(command, timeout=args.time_limit)
21:53:56.831 [CLI TAE (STDERR Thread - #0)] WARN  c.u.c.b.a.t.b.c.CommandLineAlgorithmRun - [PROCESS-ERR]    File "/mnt/local/smack-project/smack/bin/../share/smack/utils.py", line 69, in try_command
21:53:56.831 [CLI TAE (STDERR Thread - #0)] WARN  c.u.c.b.a.t.b.c.CommandLineAlgorithmRun - [PROCESS-ERR]      raise Exception(output)
21:53:56.832 [CLI TAE (STDERR Thread - #0)] WARN  c.u.c.b.a.t.b.c.CommandLineAlgorithmRun - [PROCESS-ERR]  Exception: /usr/local/bin/corral: line 2: /proj/SMACK/smac/example_scenarios/ldv/a-To73lS.bpl: Permission denied
21:53:56.832 [CLI TAE (STDERR Thread - #0)] WARN  c.u.c.b.a.t.b.c.CommandLineAlgorithmRun - [PROCESS-ERR]  
21:54:10.578 [CLI TAE (STDERR Thread - #0)] WARN  c.u.c.b.a.t.b.c.CommandLineAlgorithmRun - [PROCESS-ERR] Traceback (most recent call last):
  File "/mnt/local/smack-project/smack/bin/smack", line 13, in <module>
    smack.top.main()
  File "/mnt/local/smack-project/smack/bin/../share/smack/top.py", line 679, in main
    verify_bpl(args)
  File "/mnt/local/smack-project/smack/bin/../share/smack/top.py", line 548, in verify_bpl
    verifier_output = try_command(command, timeout=args.time_limit)
  File "/mnt/local/smack-project/smack/bin/../share/smack/utils.py", line 69, in try_command
    raise Exception(output)
Exception: /usr/local/bin/corral: line 2: /proj/SMACK/smac/example_scenarios/ldv/a-Qf8p_J.bpl: Permission denied
