13:35:31.131 [CLI TAE (Master Thread - #0)] ERROR c.u.c.b.a.t.b.c.CommandLineAlgorithmRun - The following algorithm call failed: cd "/home/ankit--agrawal/smac" ;  example_scenarios/filesSmac/wrapper.py /benchmark_testing/ldv/32_1_cilled_true-unreach-call_ok_nondet_linux-3.4-32_1-drivers--media--rc--keymaps--rc-genius-tvgo-a11mce.ko-ldv_main0_sequence_infinite_withcheck_stateful.cil.out.c 0 1000.0 2147483647 -1 -/di 'True' -/staticInlining 'True' -/trackAllVars 'True' -/useArrayTheory 'True' -unroll '32'  
13:35:31.132 [CLI TAE (Master Thread - #0)] ERROR c.u.c.b.a.t.b.c.CommandLineAlgorithmRun - The last 21 lines of output we saw were:
13:35:31.133 [CLI TAE (Master Thread - #0)] ERROR c.u.c.b.a.t.b.c.CommandLineAlgorithmRun - > cmd=  ['../smack/smack/bin/smack', '-x=svcomp', '--time-limit', '900', '/benchmark_testing/ldv/32_1_cilled_true-unreach-call_ok_nondet_linux-3.4-32_1-drivers--media--rc--keymaps--rc-genius-tvgo-a11mce.ko-ldv_main0_sequence_infinite_withcheck_stateful.cil.out.c', '--verifier-options', ' /di /staticInlining /trackAllVars /useArrayTheory', '--unroll', '32']
13:35:31.133 [CLI TAE (Master Thread - #0)] ERROR c.u.c.b.a.t.b.c.CommandLineAlgorithmRun - > stdout_:  
13:35:31.133 [CLI TAE (Master Thread - #0)] ERROR c.u.c.b.a.t.b.c.CommandLineAlgorithmRun - > stderr_:  usage: smack [-h] [--version] [-q | -v | -d | --debug-only MODULES] [-t]
13:35:31.134 [CLI TAE (Master Thread - #0)] ERROR c.u.c.b.a.t.b.c.CommandLineAlgorithmRun - >              [-w FILE] [-x LANG] [-bc FILE] [-ll FILE]
13:35:31.135 [CLI TAE (Master Thread - #0)] ERROR c.u.c.b.a.t.b.c.CommandLineAlgorithmRun - >              [--clang-options OPTIONS] [-bpl FILE] [--no-memory-splitting]
13:35:31.136 [CLI TAE (Master Thread - #0)] ERROR c.u.c.b.a.t.b.c.CommandLineAlgorithmRun - >              [--mem-mod {no-reuse,no-reuse-impls,reuse}] [--static-unroll]
13:35:31.136 [CLI TAE (Master Thread - #0)] ERROR c.u.c.b.a.t.b.c.CommandLineAlgorithmRun - >              [--pthread] [--bit-precise] [--timing-annotations]
13:35:31.136 [CLI TAE (Master Thread - #0)] ERROR c.u.c.b.a.t.b.c.CommandLineAlgorithmRun - >              [--bit-precise-pointers] [--no-byte-access-inference]
13:35:31.136 [CLI TAE (Master Thread - #0)] ERROR c.u.c.b.a.t.b.c.CommandLineAlgorithmRun - >              [--entry-points PROC [PROC ...]] [--memory-safety]
13:35:31.137 [CLI TAE (Master Thread - #0)] ERROR c.u.c.b.a.t.b.c.CommandLineAlgorithmRun - >              [--only-check-valid-deref] [--only-check-valid-free]
13:35:31.137 [CLI TAE (Master Thread - #0)] ERROR c.u.c.b.a.t.b.c.CommandLineAlgorithmRun - >              [--only-check-memleak] [--signed-integer-overflow] [--float]
13:35:31.139 [CLI TAE (Master Thread - #0)] ERROR c.u.c.b.a.t.b.c.CommandLineAlgorithmRun - >              [--split-aggregate-values]
13:35:31.140 [CLI TAE (Master Thread - #0)] ERROR c.u.c.b.a.t.b.c.CommandLineAlgorithmRun - >              [--verifier {boogie,corral,duality,svcomp}] [--unroll N]
13:35:31.140 [CLI TAE (Master Thread - #0)] ERROR c.u.c.b.a.t.b.c.CommandLineAlgorithmRun - >              [--loop-limit N] [--context-bound K] [--verifier-options OPTIONS]
13:35:31.141 [CLI TAE (Master Thread - #0)] ERROR c.u.c.b.a.t.b.c.CommandLineAlgorithmRun - >              [--time-limit N] [--max-violations N] [--smackd]
13:35:31.141 [CLI TAE (Master Thread - #0)] ERROR c.u.c.b.a.t.b.c.CommandLineAlgorithmRun - >              [--svcomp-property FILE] [--modular] [--replay]
13:35:31.143 [CLI TAE (Master Thread - #0)] ERROR c.u.c.b.a.t.b.c.CommandLineAlgorithmRun - >              [--transform-bpl COMMAND] [--transform-out COMMAND]
13:35:31.144 [CLI TAE (Master Thread - #0)] ERROR c.u.c.b.a.t.b.c.CommandLineAlgorithmRun - >              input-files [input-files ...]
13:35:31.144 [CLI TAE (Master Thread - #0)] ERROR c.u.c.b.a.t.b.c.CommandLineAlgorithmRun - > smack: error: too few arguments
13:35:31.145 [CLI TAE (Master Thread - #0)] ERROR c.u.c.b.a.t.b.c.CommandLineAlgorithmRun - > 
13:35:31.145 [CLI TAE (Master Thread - #0)] ERROR c.u.c.b.a.t.b.c.CommandLineAlgorithmRun - > Result for SMAC: CRASHED, 10000, 0, 0, -1
13:35:31.589 [main] ERROR c.u.c.b.smac.executors.SMACExecutor - Message: First Run Crashed : [<Instance:398, Seed:-1, Config:0x000B, Kappa:1000.0, Execution Config: 0x0001> ==> <CRASHED, 10000.0, 0.0, 0.0, -1> W:(0.31)]
13:35:31.610 [main] ERROR c.u.c.b.smac.executors.SMACExecutor - A serious problem occured during target algorithm execution and we are aborting execution 
ca.ubc.cs.beta.aeatk.targetalgorithmevaluator.exceptions.TargetAlgorithmAbortException: First Run Crashed : [<Instance:398, Seed:-1, Config:0x000B, Kappa:1000.0, Execution Config: 0x0001> ==> <CRASHED, 10000.0, 0.0, 0.0, -1> W:(0.31)]
	at ca.ubc.cs.beta.aeatk.targetalgorithmevaluator.decorators.safety.AbortOnFirstRunCrashTargetAlgorithmEvaluator.validate(AbortOnFirstRunCrashTargetAlgorithmEvaluator.java:59) ~[aeatk.jar:na]
	at ca.ubc.cs.beta.aeatk.targetalgorithmevaluator.decorators.safety.AbortOnFirstRunCrashTargetAlgorithmEvaluator.access$000(AbortOnFirstRunCrashTargetAlgorithmEvaluator.java:23) ~[aeatk.jar:na]
	at ca.ubc.cs.beta.aeatk.targetalgorithmevaluator.decorators.safety.AbortOnFirstRunCrashTargetAlgorithmEvaluator$1.onSuccess(AbortOnFirstRunCrashTargetAlgorithmEvaluator.java:80) ~[aeatk.jar:na]
	at ca.ubc.cs.beta.aeatk.targetalgorithmevaluator.base.cli.CommandLineTargetAlgorithmEvaluator$1$1.run(CommandLineTargetAlgorithmEvaluator.java:164) ~[aeatk.jar:na]
	at java.util.concurrent.ThreadPoolExecutor.runWorker(ThreadPoolExecutor.java:1149) ~[na:1.8.0_151]
	at java.util.concurrent.ThreadPoolExecutor$Worker.run(ThreadPoolExecutor.java:624) ~[na:1.8.0_151]
	at java.lang.Thread.run(Thread.java:748) ~[na:1.8.0_151]
13:35:31.613 [main] ERROR c.u.c.b.smac.executors.SMACExecutor - We tried to call the target algorithm wrapper, but this call failed.
13:35:31.621 [main] ERROR c.u.c.b.smac.executors.SMACExecutor - The problem is (most likely) somewhere in the wrapper or with the arguments to SMAC.
13:35:31.635 [main] ERROR c.u.c.b.smac.executors.SMACExecutor - The easiest way to debug this problem is to manually execute the call we tried and see why it did not return the correct result
13:35:31.638 [main] ERROR c.u.c.b.smac.executors.SMACExecutor - The required output of the wrapper is something like "Result for ParamILS: x,x,x,x,x".);
