12:18:30.709 [main] INFO  c.u.c.b.a.l.ComplexLoggingOptions - Logging to: /proj/SMACK/smac/smac-output/smack-scenario_ldv/log-run28.txt
12:18:30.727 [main] INFO  c.u.c.b.a.m.version.VersionTracker - Version of Algorithm Execution & Abstraction Toolkit is v2.10.03-master-814 (ebf4c8c913d5) 
12:18:30.728 [main] INFO  c.u.c.b.a.m.version.VersionTracker - Version of Java Runtime Environment is OpenJDK 64-Bit Server VM (1.8.0_141) 
12:18:30.728 [main] INFO  c.u.c.b.a.m.version.VersionTracker - Version of OS is Linux 3.19.0-80-generic (amd64) 
12:18:30.728 [main] INFO  c.u.c.b.a.m.version.VersionTracker - Version of Random Forest Library is v1.10.01-master-120 (b68439c2c391) 
12:18:30.728 [main] INFO  c.u.c.b.a.m.version.VersionTracker - Version of SMAC is v2.10.03-master-778 (3ee628ef9bf2) 
12:18:30.735 [main] INFO  c.u.c.b.a.m.j.JCommanderHelper - Call String: smac --shared-model-mode true --scenario-file example_scenarios/filesSmac/ldv/smack-scenario_ldv.txt --seed 28 --validation false 
12:18:30.735 [main] INFO  c.u.c.b.smac.executors.SMACExecutor - ********** The next bit of output can be ignored, it is merely useful for debugging **********
12:18:30.736 [main] INFO  c.u.c.b.smac.executors.SMACExecutor - ==========Enviroment Variables===========
BOOGIE=mono /mnt/local/smack-project/boogie/Binaries/Boogie.exe
CORRAL=mono /mnt/local/smack-project/corral/bin/Release/corral.exe
DISPLAY=localhost:10.0
HOME=/root
LANG=en_US.UTF-8
LESSCLOSE=/usr/bin/lesspipe %s %s
LESSOPEN=| /usr/bin/lesspipe %s
LOCKPWN=mono /mnt/local/smack-project/lockpwn/Binaries/lockpwn.exe
LOGNAME=root
LS_COLORS=rs=0:di=01;34:ln=01;36:mh=00:pi=40;33:so=01;35:do=01;35:bd=40;33;01:cd=40;33;01:or=40;31;01:su=37;41:sg=30;43:ca=30;41:tw=30;42:ow=34;42:st=37;44:ex=01;32:*.tar=01;31:*.tgz=01;31:*.arj=01;31:*.taz=01;31:*.lzh=01;31:*.lzma=01;31:*.tlz=01;31:*.txz=01;31:*.zip=01;31:*.z=01;31:*.Z=01;31:*.dz=01;31:*.gz=01;31:*.lz=01;31:*.xz=01;31:*.bz2=01;31:*.bz=01;31:*.tbz=01;31:*.tbz2=01;31:*.tz=01;31:*.deb=01;31:*.rpm=01;31:*.jar=01;31:*.war=01;31:*.ear=01;31:*.sar=01;31:*.rar=01;31:*.ace=01;31:*.zoo=01;31:*.cpio=01;31:*.7z=01;31:*.rz=01;31:*.jpg=01;35:*.jpeg=01;35:*.gif=01;35:*.bmp=01;35:*.pbm=01;35:*.pgm=01;35:*.ppm=01;35:*.tga=01;35:*.xbm=01;35:*.xpm=01;35:*.tif=01;35:*.tiff=01;35:*.png=01;35:*.svg=01;35:*.svgz=01;35:*.mng=01;35:*.pcx=01;35:*.mov=01;35:*.mpg=01;35:*.mpeg=01;35:*.m2v=01;35:*.mkv=01;35:*.webm=01;35:*.ogm=01;35:*.mp4=01;35:*.m4v=01;35:*.mp4v=01;35:*.vob=01;35:*.qt=01;35:*.nuv=01;35:*.wmv=01;35:*.asf=01;35:*.rm=01;35:*.rmvb=01;35:*.flc=01;35:*.avi=01;35:*.fli=01;35:*.flv=01;35:*.gl=01;35:*.dl=01;35:*.xcf=01;35:*.xwd=01;35:*.yuv=01;35:*.cgm=01;35:*.emf=01;35:*.axv=01;35:*.anx=01;35:*.ogv=01;35:*.ogx=01;35:*.aac=00;36:*.au=00;36:*.flac=00;36:*.mid=00;36:*.midi=00;36:*.mka=00;36:*.mp3=00;36:*.mpc=00;36:*.ogg=00;36:*.ra=00;36:*.wav=00;36:*.axa=00;36:*.oga=00;36:*.spx=00;36:*.xspf=00;36:
MAIL=/var/mail/root
PATH=/usr/local/sbin:/usr/local/bin:/usr/sbin:/usr/bin:/sbin:/bin:/usr/games:/usr/local/games
PWD=/proj/SMACK/smac
SHELL=/bin/bash
SHLVL=2
SUDO_COMMAND=/bin/su
SUDO_GID=7938
SUDO_UID=18233
SUDO_USER=ankitagr
TERM=xterm
USER=root
USERNAME=root
XDG_RUNTIME_DIR=/run/user/18233
XDG_SESSION_ID=3

12:18:30.736 [main] INFO  c.u.c.b.smac.executors.SMACExecutor - Hostname:nodec.smackml.smack.emulab.net
12:18:30.739 [main] INFO  c.u.c.b.smac.executors.SMACExecutor - ==========System Properties==============
ERRLOG=/proj/SMACK/smac/smac-output/smack-scenario_ldv/log-err28.txt
NUMRUN=28
OUTPUTDIR=/proj/SMACK/smac/smac-output/smack-scenario_ldv
ROOT-LEVEL=INFO
RUNLOG=/proj/SMACK/smac/smac-output/smack-scenario_ldv/log-run28.txt
STDOUT-LEVEL=INFO
WARNLOG=/proj/SMACK/smac/smac-output/smack-scenario_ldv/log-warn28.txt
awt.toolkit=sun.awt.X11.XToolkit
file.encoding=UTF-8
file.encoding.pkg=sun.io
file.separator=/
java.awt.graphicsenv=sun.awt.X11GraphicsEnvironment
java.awt.printerjob=sun.print.PSPrinterJob
java.class.path=/proj/SMACK/smac/conf/:/proj/SMACK/smac/patches/:/proj/SMACK/smac/lib/aeatk.jar:/proj/SMACK/smac/lib/aeatk-src.jar:/proj/SMACK/smac/lib/commons-collections-3.2.1.jar:/proj/SMACK/smac/lib/commons-collections-3.2.1-sources.jar:/proj/SMACK/smac/lib/commons-io-2.1.jar:/proj/SMACK/smac/lib/commons-math-2.2.jar:/proj/SMACK/smac/lib/commons-math3-3.3.jar:/proj/SMACK/smac/lib/DomainInter.jar:/proj/SMACK/smac/lib/exp4j-0.3.10.jar:/proj/SMACK/smac/lib/exp4j-0.4.3.BETA-3.jar:/proj/SMACK/smac/lib/fastrf.jar:/proj/SMACK/smac/lib/fastrf-src.jar:/proj/SMACK/smac/lib/guava-14.0.1.jar:/proj/SMACK/smac/lib/jackson-annotations-2.3.1.jar:/proj/SMACK/smac/lib/jackson-core-2.3.1.jar:/proj/SMACK/smac/lib/jackson-databind-2.3.1.jar:/proj/SMACK/smac/lib/Jama-1.0.2.jar:/proj/SMACK/smac/lib/jcip-annotations.jar:/proj/SMACK/smac/lib/jcip-annotations-src.jar:/proj/SMACK/smac/lib/jcommander.jar:/proj/SMACK/smac/lib/jmatharray.jar:/proj/SMACK/smac/lib/logback-access-1.1.2.jar:/proj/SMACK/smac/lib/logback-classic-1.1.2.jar:/proj/SMACK/smac/lib/logback-core-1.1.2.jar:/proj/SMACK/smac/lib/numerics4j-1.3.jar:/proj/SMACK/smac/lib/opencsv-2.3.jar:/proj/SMACK/smac/lib/slf4j-api-1.7.5.jar:/proj/SMACK/smac/lib/smac.jar:/proj/SMACK/smac/lib/smac-src.jar:/proj/SMACK/smac/lib/spi-0.2.4.jar:/proj/SMACK/smac/*.jar:/proj/SMACK/smac/patches/
java.class.version=52.0
java.endorsed.dirs=/usr/lib/jvm/java-8-openjdk-amd64/jre/lib/endorsed
java.ext.dirs=/usr/lib/jvm/java-8-openjdk-amd64/jre/lib/ext:/usr/java/packages/lib/ext
java.home=/usr/lib/jvm/java-8-openjdk-amd64/jre
java.io.tmpdir=/tmp
java.library.path=/usr/java/packages/lib/amd64:/usr/lib/x86_64-linux-gnu/jni:/lib/x86_64-linux-gnu:/usr/lib/x86_64-linux-gnu:/usr/lib/jni:/lib:/usr/lib
java.runtime.name=OpenJDK Runtime Environment
java.runtime.version=1.8.0_141-8u141-b15-3~14.04-b15
java.specification.name=Java Platform API Specification
java.specification.vendor=Oracle Corporation
java.specification.version=1.8
java.vendor=Oracle Corporation
java.vendor.url=http://java.oracle.com/
java.vendor.url.bug=http://bugreport.sun.com/bugreport/
java.version=1.8.0_141
java.vm.info=mixed mode
java.vm.name=OpenJDK 64-Bit Server VM
java.vm.specification.name=Java Virtual Machine Specification
java.vm.specification.vendor=Oracle Corporation
java.vm.specification.version=1.8
java.vm.vendor=Oracle Corporation
java.vm.version=25.141-b15
line.separator=

logback.configurationFile=ca/ubc/cs/beta/aeatk/logging/complex-logback.xml
os.arch=amd64
os.name=Linux
os.version=3.19.0-80-generic
path.separator=:
sun.arch.data.model=64
sun.boot.class.path=/usr/lib/jvm/java-8-openjdk-amd64/jre/lib/resources.jar:/usr/lib/jvm/java-8-openjdk-amd64/jre/lib/rt.jar:/usr/lib/jvm/java-8-openjdk-amd64/jre/lib/sunrsasign.jar:/usr/lib/jvm/java-8-openjdk-amd64/jre/lib/jsse.jar:/usr/lib/jvm/java-8-openjdk-amd64/jre/lib/jce.jar:/usr/lib/jvm/java-8-openjdk-amd64/jre/lib/charsets.jar:/usr/lib/jvm/java-8-openjdk-amd64/jre/lib/jfr.jar:/usr/lib/jvm/java-8-openjdk-amd64/jre/classes
sun.boot.library.path=/usr/lib/jvm/java-8-openjdk-amd64/jre/lib/amd64
sun.cpu.endian=little
sun.cpu.isalist=
sun.io.unicode.encoding=UnicodeLittle
sun.java.command=ca.ubc.cs.beta.aeatk.ant.execscript.Launcher ca.ubc.cs.beta.smac.executors.SMACExecutor --shared-model-mode true --scenario-file example_scenarios/filesSmac/ldv/smack-scenario_ldv.txt --seed 28 --validation false
sun.java.launcher=SUN_STANDARD
sun.jnu.encoding=UTF-8
sun.management.compiler=HotSpot 64-Bit Tiered Compilers
sun.os.patch.level=unknown
user.country=US
user.dir=/proj/SMACK/smac
user.home=/root
user.language=en
user.name=root
user.timezone=America/Denver

12:18:30.743 [main] INFO  c.u.c.b.a.m.j.JCommanderHelper - ==========Configuration Options==========
[SMACOptions]
 adaptiveCapping = true
 alwaysRunInitialConfiguration = false
 capAddSlack = 1.0
 capSlack = 1.3
classicInitModeOpts = [ClassicInitializationProcedureOptions]
		 initialIncumbentRuns = 1

dciModeOpts = [DoublingCappingInitializationProcedureOptions]
		 numberOfChallengers = 2
		 numberOfRunsPerChallenger = 2

ucip = [UnbiasChallengerInitializationProcedureOptions]
		 numberOfChallengers = 2
		 numberOfRunsPerChallenger = 2
		 cpulimit = 0

 deterministicInstanceOrdering = false
 doValidation = false
 execMode = SMAC
 experimentDir = /proj/SMACK/smac/
 expFunc = null
help = [HelpOptions]
		 showHiddenParameters = false
		 showHelp = false
		 helpLevel = BASIC
		 showVersion = false
		 helpDefaults = /root/.aeatk/help.opt

 initialChallengeRuns = 1
 initialIncumbent = DEFAULT
 initializationMode = CLASSIC
 intensificationPercentage = 0.5
 initialChallengers = []
 initialChallengersIntensificationTime = 2147483647
 iterativeCappingBreakOnFirstCompletion = false
 iterativeCappingK = 1
logOptions = [ComplexLoggingOptions]
		 consoleLogLevel = INFO
		 logLevel = INFO

 maxIncumbentRuns = 2000
mbOptions = [ModelBuildingOptions]
		 maskCensoredDataAsKappaMax = false
		 maskInactiveConditionalParametersAsDefaultValue = true
		 maskCensoredDataAsUncensored = false
		 imputationIterations = 2

 modelHashCodeFile = null
 numberOfChallengers = 10
 numberOfRandomConfigsInEI = 10000
 numberOfRandomConfigsUsedForLocalSearch = 0
 numPCA = 7
 optionFile = null
 optionFile2 = null
randomForestOptions = [RandomForestOptions]
		 brokenVarianceCalculation = false
		 freeMemoryPercentageToSubsample = 0.25
		 fullTreeBootstrap = false
		 ignoreConditionality = false
		 imputeMean = false
		 logModel = true
		 minVariance = 1.0E-14
		 numTrees = 10
		 penalizeImputedValues = false
		 preprocessMarginal = true
		 ratioFeatures = 0.8333333333333334
		 shuffleImputedValues = false
		 splitMin = 10
		 storeDataInLeaves = false
		 subsamplePercentage = 0.9
		 subsampleValuesWhenLowMemory = false

runGroupOptions = [RunGroupOptions]
		 runGroupName = %SCENARIO_NAME
		 runGroupExit = false
		 replacementChar = %

scenarioConfig = [ScenarioOptions]
		 _runObj = RUNTIME
		 intraInstanceObj = null
		 interInstanceObj = MEAN
		limitOptions = [TerminationCriteriaOptions]
				 tunerTimeout = 2147483647
				 numIterations = 2147483647
				 runtimeLimit = 259200
				 totalNumRunsLimit = 9223372036854775807
				 countSMACTimeAsTunerTime = true
				 challengeIncumbentAttempts = 1000
				 fileToWatch = null

		instanceOptions = [ProblemInstanceOptions]
				 instanceFile = allLDV.txt
				 instanceFeatureFile = null
				 testInstanceFile = Test_ldv.txt
				 checkInstanceFilesExist = false
				 useInstances = true
				 instanceSuffix = null
				 testInstanceSuffix = null
				 ignoreFeatures = false

		 scenarioFile = /proj/SMACK/smac/example_scenarios/filesSmac/ldv/smack-scenario_ldv.txt
		 outputDirectory = /proj/SMACK/smac/smac-output
		 invalidScenarioReason = null
		algoExecOptions = [AlgorithmExecutionOptions]
				 algoExec = example_scenarios/filesSmac/wrapper.py
				 algoExecDir = /proj/SMACK/smac
				 deterministic = true
				 cutoffTime = 2000.0
				 cutoffLength = -1.0
				 additionalContext = {}
				taeOpts = [TargetAlgorithmEvaluatorOptions]
						 targetAlgorithmEvaluator = CLI
						 abortOnCrash = false
						 abortOnFirstRunCrash = false
						 retryCount = 0
						 cacheRuns = false
						 cacheDebug = false
						 useDynamicCappingExclusively = false
						 reportStrictlyIncreasingRuntimes = false
						 boundRuns = false
						 maxConcurrentAlgoExecs = 1
						 exitOnFailure = false
						 runHashCodeFile = null
						 leakMemory = false
						 leakMemoryAmount = 1024
						 verifySAT = null
						 checkSATConsistency = true
						 checkSATConsistencyException = true
						 callObserverBeforeCompletion = true
						prePostOptions = [PrePostCommandOptions]
								 preCommand = null
								 postCommand = null
								 exceptionOnError = false
								 logOutput = true
								 directory = /proj/SMACK/smac/.

						 checkResultOrderConsistent = false
						 skipOutstandingEvaluationsTAE = false
						 logRequestResponses = false
						 logRequestResponsesRCOnly = false
						 trackRunsScheduled = false
						 trackRunsScheduledResolution = 1.0
						 uncleanShutdownCheck = true
						 killCaptimeExceedingRun = true
						 killCaptimeExceedingRunFactor = 10.0
						 checkRunConfigsUnique = true
						 checkRunConfigsUniqueException = true
						 observeWalltimeIfNoRuntime = true
						 observeWalltimeScale = 0.95
						 observeWalltimeDelay = 5.0
						 synchronousObserver = true
						 taeDefaults = /root/.aeatk/tae.opt
						ttaedo = [TransformTargetAlgorithmEvaluatorDecoratorOptions]
								 transform = false
								 transformValidValuesOnly = true
								 SAT_runtime_transform = R
								 SAT_quality_transform = Q
								 UNSAT_runtime_transform = R
								 UNSAT_quality_transform = Q
								 TIMEOUT_runtime_transform = R
								 TIMEOUT_quality_transform = Q
								 other_runtime_transform = R
								 other_quality_transform = Q

						tForkOptions = [ForkingTargetAlgorithmEvaluatorDecoratorOptions]
								 forkToTAE = null
								fPolicyOptions = [ForkingTargetAlgorithmEvaluatorDecoratorPolicyOptions]
										 fPolicy = null
										 duplicateOnSlaveQuickTimeout = 5


						 fileToWatch = null
						 warnIfNoResponseFromTAE = 120
						 taeStopProcessingOnShutdown = true
						 filecache = false
						 fileCacheSource = /proj/SMACK/smac/./runcache
						 fileCacheOutput = /proj/SMACK/smac/./runcache
						 fileCacheCrashOnMiss = false
						 transformCrashedQuality = true
						 transformCrashedQualityValue = 1.0E9
						 filterZeroCutoffRuns = true

				paramFileDelegate = [ParamConfigurationSpaceOptions]
						 paramFile = example_scenarios/filesSmac/params.pcs
						 searchSubspace = null
						 searchSubspaceFile = null
						 continuousNeighbours = 4



seedOptions = [SeedOptions]
		 seedOffset = 0
		 numRun = 28
		 initialSeedMap = {}

 smacDefaults = /root/.aeatk/smac.opt
stateOpts = [StateFactoryOptions]
		 stateSerializer = LEGACY
		 statedeSerializer = LEGACY
		 restoreStateFrom = null
		 restoreIteration = null
		 restoreScenario = null
		 cleanOldStatesOnSuccess = true
		 saveContextWithState = true

trackingOptions = [ParamConfigurationOriginTrackingOptions]
		 configTracking = false

validationOptions = [ValidationOptions]
		 maxTimestamp = -1.0
		 minTimestamp = 0.0
		 multFactor = 2.0
		 numberOfTestInstances = 2147483647
		 numberOfTestSeedsPerInstance = 1000
		 numberOfValidationRuns = 1
		 outputFileSuffix = 
		 saveStateFile = false
		 useWallClockTime = true
		 validateAll = false
		 validateOnlyIfTunerTimeReached = 0.0
		 validateOnlyIfWallTimeReached = 0.0
		 validateOnlyLastIncumbent = true
		 validationHeaders = true
		 validationRoundingMode = UP

warmStartOptions = [WarmStartOptions]
		 warmStartStateFrom = null
		 restoreIteration = 2147483647

 validationSeed = 0
 saveRunsEveryIteration = false
 stateQuickSaves = true
 shutdownTAEWhenDone = true
 validationCores = null
 shareModelMode = true
 shareRunDataFrequency = 300
 shareModeModeTAE = true
 writeRunData = true
 defaultHandler = USE_ALL
 sharedModeModeAssymetricMode = false

[AnalyticTargetAlgorithmEvaluatorOptions]
 simulateDelay = false
 cores = 0
 observerFrequency = 100
 func = CAMELBACK
 scaleDelay = 1.0

[BlackHoleTargetAlgorithmEvaluatorOptions]
 warnings = true

[CommandLineTargetAlgorithmEvaluatorOptions]
 observerFrequency = 500
 concurrentExecution = true
 cores = 1
 logAllCallStrings = false
 logAllResultLines = false
 logAllCallsAndResultLines = false
 logAllProcessOutput = false
 listenForUpdates = true
 paramArgumentsContainQuotes = false
 pgEnvKillCommand = null
 pgNiceKillCommand = bash -c "kill -s TERM -%pid"
 pgForceKillCommand = bash -c "kill -s KILL -%pid"
 procNiceKillCommand = kill -s TERM %pid
 procForceKillCommand = kill -s KILL %pid
 smacDefaults = /root/.aeatk/cli-tae.opt

[ConstantTargetAlgorithmEvaluatorOptions]
 runResult = SAT
 runtime = 1.0
 quality = 0.0
 runlength = 0.0
 additionalRunData = 

[IPCTargetAlgorithmEvaluatorOptions]
 persistent = false
 ipcMechanism = UDP
 encodingMechanism = CALL_STRING
 remoteHost = 127.0.0.1
 remotePort = 5050
 udpPacketSize = 4096
 localPort = 0
 execScript = null
 execScriptOutput = false
 poolConnections = false
 ipcDefaults = /root/.aeatk/ipc-tae.opt
 asyncThreads = 33

[PreloadedResponseTargetAlgorithmEvaluatorOptions]
 preloadedResponses = 
 runLength = -1.0
 quality = 0.0
 additionalRunData = 

[RandomResponseTargetAlgorithmEvaluatorOptions]
 simulateDelay = false
 additionalRunData = 
 cores = 0
 maxResponse = 10.0
 minResponse = 0.0
 observerFrequency = 500
 trendCoefficient = 0.0
 seed = 1520623109024
 persistent = false
 scaleDelay = 1.0


12:18:31.794 [main] INFO  c.u.c.b.a.s.l.LegacyStateFactory - Found previous run data in state output folder: /proj/SMACK/smac/smac-output/smack-scenario_ldv , renamed to: old-state-state-run28-1520623111764
12:18:32.933 [main] INFO  c.u.c.b.s.c.SequentialModelBasedAlgorithmConfiguration - SMAC started at: Mar 9, 2018 12:18:32 PM. Minimizing penalized average runtime (PAR10).
13:08:33.946 [CLI TAE (STDERR Thread - #0)] WARN  c.u.c.b.a.t.b.c.CommandLineAlgorithmRun - [PROCESS-ERR]  Traceback (most recent call last):
13:08:33.958 [CLI TAE (STDERR Thread - #0)] WARN  c.u.c.b.a.t.b.c.CommandLineAlgorithmRun - [PROCESS-ERR]    File "/mnt/local/smack-project/smack/bin/smack", line 13, in <module>
13:08:33.958 [CLI TAE (STDERR Thread - #0)] WARN  c.u.c.b.a.t.b.c.CommandLineAlgorithmRun - [PROCESS-ERR]      smack.top.main()
13:08:33.958 [CLI TAE (STDERR Thread - #0)] WARN  c.u.c.b.a.t.b.c.CommandLineAlgorithmRun - [PROCESS-ERR]    File "/mnt/local/smack-project/smack/bin/../share/smack/top.py", line 679, in main
13:08:33.958 [CLI TAE (STDERR Thread - #0)] WARN  c.u.c.b.a.t.b.c.CommandLineAlgorithmRun - [PROCESS-ERR]      verify_bpl(args)
13:08:33.958 [CLI TAE (STDERR Thread - #0)] WARN  c.u.c.b.a.t.b.c.CommandLineAlgorithmRun - [PROCESS-ERR]    File "/mnt/local/smack-project/smack/bin/../share/smack/top.py", line 548, in verify_bpl
13:08:33.959 [CLI TAE (STDERR Thread - #0)] WARN  c.u.c.b.a.t.b.c.CommandLineAlgorithmRun - [PROCESS-ERR]      verifier_output = try_command(command, timeout=args.time_limit)
13:08:33.959 [CLI TAE (STDERR Thread - #0)] WARN  c.u.c.b.a.t.b.c.CommandLineAlgorithmRun - [PROCESS-ERR]    File "/mnt/local/smack-project/smack/bin/../share/smack/utils.py", line 69, in try_command
13:08:33.959 [CLI TAE (STDERR Thread - #0)] WARN  c.u.c.b.a.t.b.c.CommandLineAlgorithmRun - [PROCESS-ERR]      raise Exception(output)
13:08:33.959 [CLI TAE (STDERR Thread - #0)] WARN  c.u.c.b.a.t.b.c.CommandLineAlgorithmRun - [PROCESS-ERR]  Exception: Single threaded program detected
13:08:33.959 [CLI TAE (STDERR Thread - #0)] WARN  c.u.c.b.a.t.b.c.CommandLineAlgorithmRun - [PROCESS-ERR]  Verifying 138 impls
13:08:33.959 [CLI TAE (STDERR Thread - #0)] WARN  c.u.c.b.a.t.b.c.CommandLineAlgorithmRun - [PROCESS-ERR]  LB: Took 75.19 s
13:08:33.960 [CLI TAE (STDERR Thread - #0)] WARN  c.u.c.b.a.t.b.c.CommandLineAlgorithmRun - [PROCESS-ERR]  Verifying program while tracking: {assertsPassed, $M.0, $M.1, $M.2, $M.3, $M.4, $M.5, $M.6, $M.7, $M.8, $M.9, $M.10, $M.11, $M.12, $M.13, $M.14, $M.15, $M.16, $M.17, $M.18, $M.19, $M.20, $M.23, $M.21, $M.22, $M.25, $M.28, $M.29, $M.30, $M.31, $M.32, $M.33, $M.34, $M.35, $M.36, $M.37, $M.38, $M.39, $M.40, $M.41, $M.42, $M.43, $M.44, $M.45, $M.46, $M.47, $M.48, $M.49, $M.50, $M.51, $M.52, $M.53, $M.54, $M.55, $M.57, $M.58, $M.59, $M.60, $M.61, $M.63, $M.64, $M.65, $M.66, $M.68, $M.69, $M.70, $M.73, $M.71, $M.72, $M.74, $M.75, $M.76, $M.77, $M.78, $M.79, $M.80, $M.81, $M.82, $M.83, $M.84, $M.85, $M.86, $M.87, $M.88, $M.89, $M.90, $M.91, $M.92, $M.93, $M.94, $M.95, $M.96, $M.97, $M.100, $M.101, $M.102, $M.103, $M.113, $M.114, $M.115, $M.116, $M.117, $M.118, $M.119, $M.120, $M.121, $M.122, $M.123, $M.124, $M.125, $M.126, $M.127, $M.128, $M.129, $M.130, $M.131, $M.132, $M.133, $M.134, $M.135, $M.136, $M.137, $M.138, $M.139, $M.140, $M.141, $M.142, $M.143, $M.144, $M.145, $M.146, $M.147, $M.148, $M.149, $M.150, $M.151, $M.152, $M.153, $M.154, $M.155, $M.156, $M.157, $M.158, $M.159, $M.160, $M.161, $M.162, $M.163, $M.164, $M.165, $M.166, $M.167, $M.169, $M.168, $M.170, $M.171, $M.172, $M.173, $M.174, $M.175, $M.176, $M.177, $M.178, $M.179, $M.180, $M.181, $M.182, $M.183, $M.184, $M.185, $M.186, $M.187, $M.188, $M.189, $M.190, $M.191, $M.192, $M.193, $M.194, $M.195, $M.196, $M.197, $M.198, $M.199, $M.200, $M.201, $M.202, $M.203, $M.204, $M.205, $M.206, $M.207, $M.208, $M.209, $M.210, $M.211, $M.212, $M.213, $M.214, $M.215, $M.216, $M.217, $M.218, $M.219, $M.220, $M.221, $M.222, $M.223, $M.224, $M.225, $M.226, $M.227, $M.228, $M.229, $M.230, $M.231, $M.232, $M.233, $M.234, $M.235, $M.236, $M.237, $M.238, $M.239, $M.240, $M.241, $M.242, $M.243, $M.244, $M.245, $M.246, $M.247, $M.248, $M.249, $M.250, $M.251, $M.252, $M.254, $M.255, $M.256, $M.257, $M.258, $M.259, $M.260, $M.261, $M.262, $M.263, $M.264, $M.265, $M.266, $M.267, $M.253, $M.269, $M.270, $M.271, $M.272, $M.273, $M.274, $M.275, $M.268, $M.276, $M.277, $M.279, $M.280, $M.281, $M.282, $M.283, $M.285, $M.286, $M.287, $M.288, $M.289, $M.291, $M.292, $M.293, $M.294, $M.295, $M.296, $M.297, $M.298, $M.299, $M.278, $M.284, $M.290, $M.300, $M.301, $M.302, $M.303, $M.304, $M.305, $M.306, $M.307, $M.308, $M.309, $M.310, $M.311, $M.312, $M.313, $M.314, $M.315, $M.316, $M.317, $M.318, $M.319, $M.320, $M.321, $M.322, $M.323, $M.324, $M.325, $M.326, $M.327, $M.328, $M.329, $M.330, $M.331, $M.332, $M.333, $M.334, $M.335, $M.336, $M.337, $M.338, $CurrAddr, $M.339, $M.340, $M.341, $M.342, $M.350, $M.351, $M.352, $M.353, $M.354, $M.355, $M.356, $M.357, $M.358, $M.359, $M.360, $M.361, $M.362, $M.363, $M.364, $M.365, $M.366, $M.367, $M.368, $M.369, $M.370, $M.371, $M.372, $M.373}
13:08:33.960 [CLI TAE (STDERR Thread - #0)] WARN  c.u.c.b.a.t.b.c.CommandLineAlgorithmRun - [PROCESS-ERR]  /usr/local/bin/corral: line 2: 61654 Killed                  $CORRAL "$@"
13:08:33.960 [CLI TAE (STDERR Thread - #0)] WARN  c.u.c.b.a.t.b.c.CommandLineAlgorithmRun - [PROCESS-ERR]  
13:08:34.507 [CLI TAE Callback Threads (3-1)] WARN  c.u.c.b.a.t.d.s.TimingCheckerTargetAlgorithmEvaluator - Algorithm Run Result reported a runtime of 3000.00520706 (secs) that exceeded it's cutoff time of 2000.0 (secs) by 1000.00520706 (secs). Next warning at 1001.00520706 (secs)  
13:08:34.508 [CLI TAE Callback Threads (3-1)] WARN  c.u.c.b.a.t.d.s.TimingCheckerTargetAlgorithmEvaluator - Algorithm Run Result reported wallclock time of 3000.913 (secs) that exceeded it's cutoff time of 2000.0 (secs) by 1000.913 (secs). Next warning at 1001.913 (secs)  
13:08:36.094 [main] WARN  c.u.c.b.a.r.FileSharingRunHistoryDecorator - Error occurred reading file in shared run history /proj/SMACK/smac/smac-output/smack-scenario_ldv/live-rundata-21.json. We will keep trying to read this file, but will only log another error after it succeeds once. We may not be able to get it's run data but we should be able to continue
com.fasterxml.jackson.core.JsonParseException: Unexpected character ('{' (code 123)): was expecting comma to separate OBJECT entries
 at [Source: /proj/SMACK/smac/smac-output/smack-scenario_ldv/live-rundata-21.json; line: 16856, column: 4]
	at com.fasterxml.jackson.core.JsonParser._constructError(JsonParser.java:1524) ~[jackson-core-2.3.1.jar:2.3.1]
	at com.fasterxml.jackson.core.base.ParserMinimalBase._reportError(ParserMinimalBase.java:557) ~[jackson-core-2.3.1.jar:2.3.1]
	at com.fasterxml.jackson.core.base.ParserMinimalBase._reportUnexpectedChar(ParserMinimalBase.java:475) ~[jackson-core-2.3.1.jar:2.3.1]
	at com.fasterxml.jackson.core.json.UTF8StreamJsonParser.nextToken(UTF8StreamJsonParser.java:688) ~[jackson-core-2.3.1.jar:2.3.1]
	at com.fasterxml.jackson.core.base.ParserMinimalBase.nextValue(ParserMinimalBase.java:123) ~[jackson-core-2.3.1.jar:2.3.1]
	at ca.ubc.cs.beta.aeatk.json.serializers.AlgorithmRunResultJson$AlgorithmRunDeserializer.deserialize(AlgorithmRunResultJson.java:57) ~[aeatk.jar:na]
	at ca.ubc.cs.beta.aeatk.json.serializers.AlgorithmRunResultJson$AlgorithmRunDeserializer.deserialize(AlgorithmRunResultJson.java:30) ~[aeatk.jar:na]
	at com.fasterxml.jackson.databind.MappingIterator.nextValue(MappingIterator.java:189) ~[jackson-databind-2.3.1.jar:2.3.1]
	at ca.ubc.cs.beta.aeatk.runhistory.FileSharingRunHistoryDecorator.readRunsFromFile(FileSharingRunHistoryDecorator.java:421) [aeatk.jar:na]
	at ca.ubc.cs.beta.aeatk.runhistory.FileSharingRunHistoryDecorator.reReadFiles(FileSharingRunHistoryDecorator.java:339) [aeatk.jar:na]
	at ca.ubc.cs.beta.aeatk.runhistory.FileSharingRunHistoryDecorator.append(FileSharingRunHistoryDecorator.java:239) [aeatk.jar:na]
	at ca.ubc.cs.beta.aeatk.runhistory.FileSharingRunHistoryDecorator.append(FileSharingRunHistoryDecorator.java:502) [aeatk.jar:na]
	at ca.ubc.cs.beta.aeatk.runhistory.TeeRunHistory.append(TeeRunHistory.java:33) [aeatk.jar:na]
	at ca.ubc.cs.beta.aeatk.runhistory.ThreadSafeRunHistoryWrapper.append(ThreadSafeRunHistoryWrapper.java:60) [aeatk.jar:na]
	at ca.ubc.cs.beta.aeatk.initialization.classic.ClassicInitializationProcedure.updateRunHistory(ClassicInitializationProcedure.java:156) [aeatk.jar:na]
	at ca.ubc.cs.beta.aeatk.initialization.classic.ClassicInitializationProcedure.evaluateRun(ClassicInitializationProcedure.java:143) [aeatk.jar:na]
	at ca.ubc.cs.beta.aeatk.initialization.classic.ClassicInitializationProcedure.evaluateRun(ClassicInitializationProcedure.java:114) [aeatk.jar:na]
	at ca.ubc.cs.beta.aeatk.initialization.classic.ClassicInitializationProcedure.run(ClassicInitializationProcedure.java:93) [aeatk.jar:na]
	at ca.ubc.cs.beta.smac.configurator.AbstractAlgorithmFramework.run(AbstractAlgorithmFramework.java:516) [smac.jar:na]
	at ca.ubc.cs.beta.smac.executors.SMACExecutor.oldMain(SMACExecutor.java:140) [smac.jar:na]
	at ca.ubc.cs.beta.smac.executors.SMACExecutor.main(SMACExecutor.java:104) [smac.jar:na]
	at sun.reflect.NativeMethodAccessorImpl.invoke0(Native Method) ~[na:1.8.0_141]
	at sun.reflect.NativeMethodAccessorImpl.invoke(NativeMethodAccessorImpl.java:62) ~[na:1.8.0_141]
	at sun.reflect.DelegatingMethodAccessorImpl.invoke(DelegatingMethodAccessorImpl.java:43) ~[na:1.8.0_141]
	at java.lang.reflect.Method.invoke(Method.java:498) ~[na:1.8.0_141]
	at ca.ubc.cs.beta.aeatk.ant.execscript.Launcher.main(Launcher.java:37) [aeatk.jar:na]
13:08:36.891 [main] WARN  c.u.c.b.a.r.FileSharingRunHistoryDecorator - Error occurred reading file in shared run history /proj/SMACK/smac/smac-output/smack-scenario_ldv/live-rundata-18.json. We will keep trying to read this file, but will only log another error after it succeeds once. We may not be able to get it's run data but we should be able to continue
com.fasterxml.jackson.core.JsonParseException: Illegal unquoted character ((CTRL-CHAR, code 10)): has to be escaped using backslash to be included in name
 at [Source: /proj/SMACK/smac/smac-output/smack-scenario_ldv/live-rundata-18.json; line: 16990, column: 18]
	at com.fasterxml.jackson.core.JsonParser._constructError(JsonParser.java:1524) ~[jackson-core-2.3.1.jar:2.3.1]
	at com.fasterxml.jackson.core.base.ParserMinimalBase._reportError(ParserMinimalBase.java:557) ~[jackson-core-2.3.1.jar:2.3.1]
	at com.fasterxml.jackson.core.base.ParserMinimalBase._throwUnquotedSpace(ParserMinimalBase.java:518) ~[jackson-core-2.3.1.jar:2.3.1]
	at com.fasterxml.jackson.core.json.UTF8StreamJsonParser.parseEscapedName(UTF8StreamJsonParser.java:1694) ~[jackson-core-2.3.1.jar:2.3.1]
	at com.fasterxml.jackson.core.json.UTF8StreamJsonParser.parseLongName(UTF8StreamJsonParser.java:1600) ~[jackson-core-2.3.1.jar:2.3.1]
	at com.fasterxml.jackson.core.json.UTF8StreamJsonParser.parseMediumName(UTF8StreamJsonParser.java:1576) ~[jackson-core-2.3.1.jar:2.3.1]
	at com.fasterxml.jackson.core.json.UTF8StreamJsonParser._parseName(UTF8StreamJsonParser.java:1512) ~[jackson-core-2.3.1.jar:2.3.1]
	at com.fasterxml.jackson.core.json.UTF8StreamJsonParser.nextToken(UTF8StreamJsonParser.java:701) ~[jackson-core-2.3.1.jar:2.3.1]
	at com.fasterxml.jackson.core.base.ParserMinimalBase.nextValue(ParserMinimalBase.java:123) ~[jackson-core-2.3.1.jar:2.3.1]
	at ca.ubc.cs.beta.aeatk.json.serializers.AlgorithmRunResultJson$AlgorithmRunDeserializer.deserialize(AlgorithmRunResultJson.java:57) ~[aeatk.jar:na]
	at ca.ubc.cs.beta.aeatk.json.serializers.AlgorithmRunResultJson$AlgorithmRunDeserializer.deserialize(AlgorithmRunResultJson.java:30) ~[aeatk.jar:na]
	at com.fasterxml.jackson.databind.MappingIterator.nextValue(MappingIterator.java:189) ~[jackson-databind-2.3.1.jar:2.3.1]
	at ca.ubc.cs.beta.aeatk.runhistory.FileSharingRunHistoryDecorator.readRunsFromFile(FileSharingRunHistoryDecorator.java:421) [aeatk.jar:na]
	at ca.ubc.cs.beta.aeatk.runhistory.FileSharingRunHistoryDecorator.reReadFiles(FileSharingRunHistoryDecorator.java:339) [aeatk.jar:na]
	at ca.ubc.cs.beta.aeatk.runhistory.FileSharingRunHistoryDecorator.append(FileSharingRunHistoryDecorator.java:239) [aeatk.jar:na]
	at ca.ubc.cs.beta.aeatk.runhistory.FileSharingRunHistoryDecorator.append(FileSharingRunHistoryDecorator.java:502) [aeatk.jar:na]
	at ca.ubc.cs.beta.aeatk.runhistory.TeeRunHistory.append(TeeRunHistory.java:33) [aeatk.jar:na]
	at ca.ubc.cs.beta.aeatk.runhistory.ThreadSafeRunHistoryWrapper.append(ThreadSafeRunHistoryWrapper.java:60) [aeatk.jar:na]
	at ca.ubc.cs.beta.aeatk.initialization.classic.ClassicInitializationProcedure.updateRunHistory(ClassicInitializationProcedure.java:156) [aeatk.jar:na]
	at ca.ubc.cs.beta.aeatk.initialization.classic.ClassicInitializationProcedure.evaluateRun(ClassicInitializationProcedure.java:143) [aeatk.jar:na]
	at ca.ubc.cs.beta.aeatk.initialization.classic.ClassicInitializationProcedure.evaluateRun(ClassicInitializationProcedure.java:114) [aeatk.jar:na]
	at ca.ubc.cs.beta.aeatk.initialization.classic.ClassicInitializationProcedure.run(ClassicInitializationProcedure.java:93) [aeatk.jar:na]
	at ca.ubc.cs.beta.smac.configurator.AbstractAlgorithmFramework.run(AbstractAlgorithmFramework.java:516) [smac.jar:na]
	at ca.ubc.cs.beta.smac.executors.SMACExecutor.oldMain(SMACExecutor.java:140) [smac.jar:na]
	at ca.ubc.cs.beta.smac.executors.SMACExecutor.main(SMACExecutor.java:104) [smac.jar:na]
	at sun.reflect.NativeMethodAccessorImpl.invoke0(Native Method) ~[na:1.8.0_141]
	at sun.reflect.NativeMethodAccessorImpl.invoke(NativeMethodAccessorImpl.java:62) ~[na:1.8.0_141]
	at sun.reflect.DelegatingMethodAccessorImpl.invoke(DelegatingMethodAccessorImpl.java:43) ~[na:1.8.0_141]
	at java.lang.reflect.Method.invoke(Method.java:498) ~[na:1.8.0_141]
	at ca.ubc.cs.beta.aeatk.ant.execscript.Launcher.main(Launcher.java:37) [aeatk.jar:na]
13:08:36.933 [main] WARN  c.u.c.b.a.r.FileSharingRunHistoryDecorator - Error occurred reading file in shared run history /proj/SMACK/smac/smac-output/smack-scenario_ldv/live-rundata-29.json. We will keep trying to read this file, but will only log another error after it succeeds once. We may not be able to get it's run data but we should be able to continue
com.fasterxml.jackson.core.JsonParseException: Unexpected close marker '}': expected ']' (for ROOT starting at [Source: /proj/SMACK/smac/smac-output/smack-scenario_ldv/live-rundata-29.json; line: 1, column: 0])
 at [Source: /proj/SMACK/smac/smac-output/smack-scenario_ldv/live-rundata-29.json; line: 16993, column: 2]
	at com.fasterxml.jackson.core.JsonParser._constructError(JsonParser.java:1524) ~[jackson-core-2.3.1.jar:2.3.1]
	at com.fasterxml.jackson.core.base.ParserMinimalBase._reportError(ParserMinimalBase.java:557) ~[jackson-core-2.3.1.jar:2.3.1]
	at com.fasterxml.jackson.core.base.ParserBase._reportMismatchedEndMarker(ParserBase.java:501) ~[jackson-core-2.3.1.jar:2.3.1]
	at com.fasterxml.jackson.core.json.UTF8StreamJsonParser.nextToken(UTF8StreamJsonParser.java:679) ~[jackson-core-2.3.1.jar:2.3.1]
	at com.fasterxml.jackson.core.base.ParserMinimalBase.nextValue(ParserMinimalBase.java:123) ~[jackson-core-2.3.1.jar:2.3.1]
	at ca.ubc.cs.beta.aeatk.json.serializers.AlgorithmRunResultJson$AlgorithmRunDeserializer.deserialize(AlgorithmRunResultJson.java:57) ~[aeatk.jar:na]
	at ca.ubc.cs.beta.aeatk.json.serializers.AlgorithmRunResultJson$AlgorithmRunDeserializer.deserialize(AlgorithmRunResultJson.java:30) ~[aeatk.jar:na]
	at com.fasterxml.jackson.databind.MappingIterator.nextValue(MappingIterator.java:189) ~[jackson-databind-2.3.1.jar:2.3.1]
	at ca.ubc.cs.beta.aeatk.runhistory.FileSharingRunHistoryDecorator.readRunsFromFile(FileSharingRunHistoryDecorator.java:421) [aeatk.jar:na]
	at ca.ubc.cs.beta.aeatk.runhistory.FileSharingRunHistoryDecorator.reReadFiles(FileSharingRunHistoryDecorator.java:339) [aeatk.jar:na]
	at ca.ubc.cs.beta.aeatk.runhistory.FileSharingRunHistoryDecorator.append(FileSharingRunHistoryDecorator.java:239) [aeatk.jar:na]
	at ca.ubc.cs.beta.aeatk.runhistory.FileSharingRunHistoryDecorator.append(FileSharingRunHistoryDecorator.java:502) [aeatk.jar:na]
	at ca.ubc.cs.beta.aeatk.runhistory.TeeRunHistory.append(TeeRunHistory.java:33) [aeatk.jar:na]
	at ca.ubc.cs.beta.aeatk.runhistory.ThreadSafeRunHistoryWrapper.append(ThreadSafeRunHistoryWrapper.java:60) [aeatk.jar:na]
	at ca.ubc.cs.beta.aeatk.initialization.classic.ClassicInitializationProcedure.updateRunHistory(ClassicInitializationProcedure.java:156) [aeatk.jar:na]
	at ca.ubc.cs.beta.aeatk.initialization.classic.ClassicInitializationProcedure.evaluateRun(ClassicInitializationProcedure.java:143) [aeatk.jar:na]
	at ca.ubc.cs.beta.aeatk.initialization.classic.ClassicInitializationProcedure.evaluateRun(ClassicInitializationProcedure.java:114) [aeatk.jar:na]
	at ca.ubc.cs.beta.aeatk.initialization.classic.ClassicInitializationProcedure.run(ClassicInitializationProcedure.java:93) [aeatk.jar:na]
	at ca.ubc.cs.beta.smac.configurator.AbstractAlgorithmFramework.run(AbstractAlgorithmFramework.java:516) [smac.jar:na]
	at ca.ubc.cs.beta.smac.executors.SMACExecutor.oldMain(SMACExecutor.java:140) [smac.jar:na]
	at ca.ubc.cs.beta.smac.executors.SMACExecutor.main(SMACExecutor.java:104) [smac.jar:na]
	at sun.reflect.NativeMethodAccessorImpl.invoke0(Native Method) ~[na:1.8.0_141]
	at sun.reflect.NativeMethodAccessorImpl.invoke(NativeMethodAccessorImpl.java:62) ~[na:1.8.0_141]
	at sun.reflect.DelegatingMethodAccessorImpl.invoke(DelegatingMethodAccessorImpl.java:43) ~[na:1.8.0_141]
	at java.lang.reflect.Method.invoke(Method.java:498) ~[na:1.8.0_141]
	at ca.ubc.cs.beta.aeatk.ant.execscript.Launcher.main(Launcher.java:37) [aeatk.jar:na]
13:08:37.272 [main] WARN  c.u.c.b.a.r.FileSharingRunHistoryDecorator - Error occurred reading file in shared run history /proj/SMACK/smac/smac-output/smack-scenario_ldv/live-rundata-19.json. We will keep trying to read this file, but will only log another error after it succeeds once. We may not be able to get it's run data but we should be able to continue
java.lang.RuntimeException: Unrecognized token 'ers': was expecting ('true', 'false' or 'null')
 at [Source: /proj/SMACK/smac/smac-output/smack-scenario_ldv/live-rundata-19.json; line: 17128, column: 6]
	at com.fasterxml.jackson.databind.MappingIterator.hasNext(MappingIterator.java:112) ~[jackson-databind-2.3.1.jar:2.3.1]
	at ca.ubc.cs.beta.aeatk.runhistory.FileSharingRunHistoryDecorator.readRunsFromFile(FileSharingRunHistoryDecorator.java:418) [aeatk.jar:na]
	at ca.ubc.cs.beta.aeatk.runhistory.FileSharingRunHistoryDecorator.reReadFiles(FileSharingRunHistoryDecorator.java:339) [aeatk.jar:na]
	at ca.ubc.cs.beta.aeatk.runhistory.FileSharingRunHistoryDecorator.append(FileSharingRunHistoryDecorator.java:239) [aeatk.jar:na]
	at ca.ubc.cs.beta.aeatk.runhistory.FileSharingRunHistoryDecorator.append(FileSharingRunHistoryDecorator.java:502) [aeatk.jar:na]
	at ca.ubc.cs.beta.aeatk.runhistory.TeeRunHistory.append(TeeRunHistory.java:33) [aeatk.jar:na]
	at ca.ubc.cs.beta.aeatk.runhistory.ThreadSafeRunHistoryWrapper.append(ThreadSafeRunHistoryWrapper.java:60) [aeatk.jar:na]
	at ca.ubc.cs.beta.aeatk.initialization.classic.ClassicInitializationProcedure.updateRunHistory(ClassicInitializationProcedure.java:156) [aeatk.jar:na]
	at ca.ubc.cs.beta.aeatk.initialization.classic.ClassicInitializationProcedure.evaluateRun(ClassicInitializationProcedure.java:143) [aeatk.jar:na]
	at ca.ubc.cs.beta.aeatk.initialization.classic.ClassicInitializationProcedure.evaluateRun(ClassicInitializationProcedure.java:114) [aeatk.jar:na]
	at ca.ubc.cs.beta.aeatk.initialization.classic.ClassicInitializationProcedure.run(ClassicInitializationProcedure.java:93) [aeatk.jar:na]
	at ca.ubc.cs.beta.smac.configurator.AbstractAlgorithmFramework.run(AbstractAlgorithmFramework.java:516) [smac.jar:na]
	at ca.ubc.cs.beta.smac.executors.SMACExecutor.oldMain(SMACExecutor.java:140) [smac.jar:na]
	at ca.ubc.cs.beta.smac.executors.SMACExecutor.main(SMACExecutor.java:104) [smac.jar:na]
	at sun.reflect.NativeMethodAccessorImpl.invoke0(Native Method) ~[na:1.8.0_141]
	at sun.reflect.NativeMethodAccessorImpl.invoke(NativeMethodAccessorImpl.java:62) ~[na:1.8.0_141]
	at sun.reflect.DelegatingMethodAccessorImpl.invoke(DelegatingMethodAccessorImpl.java:43) ~[na:1.8.0_141]
	at java.lang.reflect.Method.invoke(Method.java:498) ~[na:1.8.0_141]
	at ca.ubc.cs.beta.aeatk.ant.execscript.Launcher.main(Launcher.java:37) [aeatk.jar:na]
Caused by: com.fasterxml.jackson.core.JsonParseException: Unrecognized token 'ers': was expecting ('true', 'false' or 'null')
 at [Source: /proj/SMACK/smac/smac-output/smack-scenario_ldv/live-rundata-19.json; line: 17128, column: 6]
	at com.fasterxml.jackson.core.JsonParser._constructError(JsonParser.java:1524) ~[jackson-core-2.3.1.jar:2.3.1]
	at com.fasterxml.jackson.core.base.ParserMinimalBase._reportError(ParserMinimalBase.java:557) ~[jackson-core-2.3.1.jar:2.3.1]
	at com.fasterxml.jackson.core.json.UTF8StreamJsonParser._reportInvalidToken(UTF8StreamJsonParser.java:3095) ~[jackson-core-2.3.1.jar:2.3.1]
	at com.fasterxml.jackson.core.json.UTF8StreamJsonParser._handleUnexpectedValue(UTF8StreamJsonParser.java:2340) ~[jackson-core-2.3.1.jar:2.3.1]
	at com.fasterxml.jackson.core.json.UTF8StreamJsonParser._nextTokenNotInObject(UTF8StreamJsonParser.java:818) ~[jackson-core-2.3.1.jar:2.3.1]
	at com.fasterxml.jackson.core.json.UTF8StreamJsonParser.nextToken(UTF8StreamJsonParser.java:698) ~[jackson-core-2.3.1.jar:2.3.1]
	at com.fasterxml.jackson.databind.MappingIterator.hasNextValue(MappingIterator.java:159) ~[jackson-databind-2.3.1.jar:2.3.1]
	at com.fasterxml.jackson.databind.MappingIterator.hasNext(MappingIterator.java:108) ~[jackson-databind-2.3.1.jar:2.3.1]
	... 18 common frames omitted
13:08:37.358 [main] WARN  c.u.c.b.a.r.FileSharingRunHistoryDecorator - Error occurred reading file in shared run history /proj/SMACK/smac/smac-output/smack-scenario_ldv/live-rundata-30.json. We will keep trying to read this file, but will only log another error after it succeeds once. We may not be able to get it's run data but we should be able to continue
com.fasterxml.jackson.core.JsonParseException: Unexpected character ('{' (code 123)): was expecting comma to separate OBJECT entries
 at [Source: /proj/SMACK/smac/smac-output/smack-scenario_ldv/live-rundata-30.json; line: 16856, column: 4]
	at com.fasterxml.jackson.core.JsonParser._constructError(JsonParser.java:1524) ~[jackson-core-2.3.1.jar:2.3.1]
	at com.fasterxml.jackson.core.base.ParserMinimalBase._reportError(ParserMinimalBase.java:557) ~[jackson-core-2.3.1.jar:2.3.1]
	at com.fasterxml.jackson.core.base.ParserMinimalBase._reportUnexpectedChar(ParserMinimalBase.java:475) ~[jackson-core-2.3.1.jar:2.3.1]
	at com.fasterxml.jackson.core.json.UTF8StreamJsonParser.nextToken(UTF8StreamJsonParser.java:688) ~[jackson-core-2.3.1.jar:2.3.1]
	at com.fasterxml.jackson.core.base.ParserMinimalBase.nextValue(ParserMinimalBase.java:123) ~[jackson-core-2.3.1.jar:2.3.1]
	at ca.ubc.cs.beta.aeatk.json.serializers.AlgorithmRunResultJson$AlgorithmRunDeserializer.deserialize(AlgorithmRunResultJson.java:57) ~[aeatk.jar:na]
	at ca.ubc.cs.beta.aeatk.json.serializers.AlgorithmRunResultJson$AlgorithmRunDeserializer.deserialize(AlgorithmRunResultJson.java:30) ~[aeatk.jar:na]
	at com.fasterxml.jackson.databind.MappingIterator.nextValue(MappingIterator.java:189) ~[jackson-databind-2.3.1.jar:2.3.1]
	at ca.ubc.cs.beta.aeatk.runhistory.FileSharingRunHistoryDecorator.readRunsFromFile(FileSharingRunHistoryDecorator.java:421) [aeatk.jar:na]
	at ca.ubc.cs.beta.aeatk.runhistory.FileSharingRunHistoryDecorator.reReadFiles(FileSharingRunHistoryDecorator.java:339) [aeatk.jar:na]
	at ca.ubc.cs.beta.aeatk.runhistory.FileSharingRunHistoryDecorator.append(FileSharingRunHistoryDecorator.java:239) [aeatk.jar:na]
	at ca.ubc.cs.beta.aeatk.runhistory.FileSharingRunHistoryDecorator.append(FileSharingRunHistoryDecorator.java:502) [aeatk.jar:na]
	at ca.ubc.cs.beta.aeatk.runhistory.TeeRunHistory.append(TeeRunHistory.java:33) [aeatk.jar:na]
	at ca.ubc.cs.beta.aeatk.runhistory.ThreadSafeRunHistoryWrapper.append(ThreadSafeRunHistoryWrapper.java:60) [aeatk.jar:na]
	at ca.ubc.cs.beta.aeatk.initialization.classic.ClassicInitializationProcedure.updateRunHistory(ClassicInitializationProcedure.java:156) [aeatk.jar:na]
	at ca.ubc.cs.beta.aeatk.initialization.classic.ClassicInitializationProcedure.evaluateRun(ClassicInitializationProcedure.java:143) [aeatk.jar:na]
	at ca.ubc.cs.beta.aeatk.initialization.classic.ClassicInitializationProcedure.evaluateRun(ClassicInitializationProcedure.java:114) [aeatk.jar:na]
	at ca.ubc.cs.beta.aeatk.initialization.classic.ClassicInitializationProcedure.run(ClassicInitializationProcedure.java:93) [aeatk.jar:na]
	at ca.ubc.cs.beta.smac.configurator.AbstractAlgorithmFramework.run(AbstractAlgorithmFramework.java:516) [smac.jar:na]
	at ca.ubc.cs.beta.smac.executors.SMACExecutor.oldMain(SMACExecutor.java:140) [smac.jar:na]
	at ca.ubc.cs.beta.smac.executors.SMACExecutor.main(SMACExecutor.java:104) [smac.jar:na]
	at sun.reflect.NativeMethodAccessorImpl.invoke0(Native Method) ~[na:1.8.0_141]
	at sun.reflect.NativeMethodAccessorImpl.invoke(NativeMethodAccessorImpl.java:62) ~[na:1.8.0_141]
	at sun.reflect.DelegatingMethodAccessorImpl.invoke(DelegatingMethodAccessorImpl.java:43) ~[na:1.8.0_141]
	at java.lang.reflect.Method.invoke(Method.java:498) ~[na:1.8.0_141]
	at ca.ubc.cs.beta.aeatk.ant.execscript.Launcher.main(Launcher.java:37) [aeatk.jar:na]
13:08:37.669 [main] WARN  c.u.c.b.a.r.FileSharingRunHistoryDecorator - Error occurred reading file in shared run history /proj/SMACK/smac/smac-output/smack-scenario_ldv/live-rundata-20.json. We will keep trying to read this file, but will only log another error after it succeeds once. We may not be able to get it's run data but we should be able to continue
com.fasterxml.jackson.core.JsonParseException: Unexpected close marker '}': expected ']' (for ROOT starting at [Source: /proj/SMACK/smac/smac-output/smack-scenario_ldv/live-rundata-20.json; line: 1, column: 0])
 at [Source: /proj/SMACK/smac/smac-output/smack-scenario_ldv/live-rundata-20.json; line: 16993, column: 2]
	at com.fasterxml.jackson.core.JsonParser._constructError(JsonParser.java:1524) ~[jackson-core-2.3.1.jar:2.3.1]
	at com.fasterxml.jackson.core.base.ParserMinimalBase._reportError(ParserMinimalBase.java:557) ~[jackson-core-2.3.1.jar:2.3.1]
	at com.fasterxml.jackson.core.base.ParserBase._reportMismatchedEndMarker(ParserBase.java:501) ~[jackson-core-2.3.1.jar:2.3.1]
	at com.fasterxml.jackson.core.json.UTF8StreamJsonParser.nextToken(UTF8StreamJsonParser.java:679) ~[jackson-core-2.3.1.jar:2.3.1]
	at com.fasterxml.jackson.core.base.ParserMinimalBase.nextValue(ParserMinimalBase.java:123) ~[jackson-core-2.3.1.jar:2.3.1]
	at ca.ubc.cs.beta.aeatk.json.serializers.AlgorithmRunResultJson$AlgorithmRunDeserializer.deserialize(AlgorithmRunResultJson.java:57) ~[aeatk.jar:na]
	at ca.ubc.cs.beta.aeatk.json.serializers.AlgorithmRunResultJson$AlgorithmRunDeserializer.deserialize(AlgorithmRunResultJson.java:30) ~[aeatk.jar:na]
	at com.fasterxml.jackson.databind.MappingIterator.nextValue(MappingIterator.java:189) ~[jackson-databind-2.3.1.jar:2.3.1]
	at ca.ubc.cs.beta.aeatk.runhistory.FileSharingRunHistoryDecorator.readRunsFromFile(FileSharingRunHistoryDecorator.java:421) [aeatk.jar:na]
	at ca.ubc.cs.beta.aeatk.runhistory.FileSharingRunHistoryDecorator.reReadFiles(FileSharingRunHistoryDecorator.java:339) [aeatk.jar:na]
	at ca.ubc.cs.beta.aeatk.runhistory.FileSharingRunHistoryDecorator.append(FileSharingRunHistoryDecorator.java:239) [aeatk.jar:na]
	at ca.ubc.cs.beta.aeatk.runhistory.FileSharingRunHistoryDecorator.append(FileSharingRunHistoryDecorator.java:502) [aeatk.jar:na]
	at ca.ubc.cs.beta.aeatk.runhistory.TeeRunHistory.append(TeeRunHistory.java:33) [aeatk.jar:na]
	at ca.ubc.cs.beta.aeatk.runhistory.ThreadSafeRunHistoryWrapper.append(ThreadSafeRunHistoryWrapper.java:60) [aeatk.jar:na]
	at ca.ubc.cs.beta.aeatk.initialization.classic.ClassicInitializationProcedure.updateRunHistory(ClassicInitializationProcedure.java:156) [aeatk.jar:na]
	at ca.ubc.cs.beta.aeatk.initialization.classic.ClassicInitializationProcedure.evaluateRun(ClassicInitializationProcedure.java:143) [aeatk.jar:na]
	at ca.ubc.cs.beta.aeatk.initialization.classic.ClassicInitializationProcedure.evaluateRun(ClassicInitializationProcedure.java:114) [aeatk.jar:na]
	at ca.ubc.cs.beta.aeatk.initialization.classic.ClassicInitializationProcedure.run(ClassicInitializationProcedure.java:93) [aeatk.jar:na]
	at ca.ubc.cs.beta.smac.configurator.AbstractAlgorithmFramework.run(AbstractAlgorithmFramework.java:516) [smac.jar:na]
	at ca.ubc.cs.beta.smac.executors.SMACExecutor.oldMain(SMACExecutor.java:140) [smac.jar:na]
	at ca.ubc.cs.beta.smac.executors.SMACExecutor.main(SMACExecutor.java:104) [smac.jar:na]
	at sun.reflect.NativeMethodAccessorImpl.invoke0(Native Method) ~[na:1.8.0_141]
	at sun.reflect.NativeMethodAccessorImpl.invoke(NativeMethodAccessorImpl.java:62) ~[na:1.8.0_141]
	at sun.reflect.DelegatingMethodAccessorImpl.invoke(DelegatingMethodAccessorImpl.java:43) ~[na:1.8.0_141]
	at java.lang.reflect.Method.invoke(Method.java:498) ~[na:1.8.0_141]
	at ca.ubc.cs.beta.aeatk.ant.execscript.Launcher.main(Launcher.java:37) [aeatk.jar:na]
13:08:38.790 [main] WARN  c.u.c.b.a.r.FileSharingRunHistoryDecorator - Error occurred reading file in shared run history /proj/SMACK/smac/smac-output/smack-scenario_ldv/live-rundata-22.json. We will keep trying to read this file, but will only log another error after it succeeds once. We may not be able to get it's run data but we should be able to continue
java.lang.RuntimeException: Unrecognized token 'n': was expecting 'null', 'true', 'false' or NaN
 at [Source: /proj/SMACK/smac/smac-output/smack-scenario_ldv/live-rundata-22.json; line: 17128, column: 4]
	at com.fasterxml.jackson.databind.MappingIterator.hasNext(MappingIterator.java:112) ~[jackson-databind-2.3.1.jar:2.3.1]
	at ca.ubc.cs.beta.aeatk.runhistory.FileSharingRunHistoryDecorator.readRunsFromFile(FileSharingRunHistoryDecorator.java:418) [aeatk.jar:na]
	at ca.ubc.cs.beta.aeatk.runhistory.FileSharingRunHistoryDecorator.reReadFiles(FileSharingRunHistoryDecorator.java:339) [aeatk.jar:na]
	at ca.ubc.cs.beta.aeatk.runhistory.FileSharingRunHistoryDecorator.append(FileSharingRunHistoryDecorator.java:239) [aeatk.jar:na]
	at ca.ubc.cs.beta.aeatk.runhistory.FileSharingRunHistoryDecorator.append(FileSharingRunHistoryDecorator.java:502) [aeatk.jar:na]
	at ca.ubc.cs.beta.aeatk.runhistory.TeeRunHistory.append(TeeRunHistory.java:33) [aeatk.jar:na]
	at ca.ubc.cs.beta.aeatk.runhistory.ThreadSafeRunHistoryWrapper.append(ThreadSafeRunHistoryWrapper.java:60) [aeatk.jar:na]
	at ca.ubc.cs.beta.aeatk.initialization.classic.ClassicInitializationProcedure.updateRunHistory(ClassicInitializationProcedure.java:156) [aeatk.jar:na]
	at ca.ubc.cs.beta.aeatk.initialization.classic.ClassicInitializationProcedure.evaluateRun(ClassicInitializationProcedure.java:143) [aeatk.jar:na]
	at ca.ubc.cs.beta.aeatk.initialization.classic.ClassicInitializationProcedure.evaluateRun(ClassicInitializationProcedure.java:114) [aeatk.jar:na]
	at ca.ubc.cs.beta.aeatk.initialization.classic.ClassicInitializationProcedure.run(ClassicInitializationProcedure.java:93) [aeatk.jar:na]
	at ca.ubc.cs.beta.smac.configurator.AbstractAlgorithmFramework.run(AbstractAlgorithmFramework.java:516) [smac.jar:na]
	at ca.ubc.cs.beta.smac.executors.SMACExecutor.oldMain(SMACExecutor.java:140) [smac.jar:na]
	at ca.ubc.cs.beta.smac.executors.SMACExecutor.main(SMACExecutor.java:104) [smac.jar:na]
	at sun.reflect.NativeMethodAccessorImpl.invoke0(Native Method) ~[na:1.8.0_141]
	at sun.reflect.NativeMethodAccessorImpl.invoke(NativeMethodAccessorImpl.java:62) ~[na:1.8.0_141]
	at sun.reflect.DelegatingMethodAccessorImpl.invoke(DelegatingMethodAccessorImpl.java:43) ~[na:1.8.0_141]
	at java.lang.reflect.Method.invoke(Method.java:498) ~[na:1.8.0_141]
	at ca.ubc.cs.beta.aeatk.ant.execscript.Launcher.main(Launcher.java:37) [aeatk.jar:na]
Caused by: com.fasterxml.jackson.core.JsonParseException: Unrecognized token 'n': was expecting 'null', 'true', 'false' or NaN
 at [Source: /proj/SMACK/smac/smac-output/smack-scenario_ldv/live-rundata-22.json; line: 17128, column: 4]
	at com.fasterxml.jackson.core.JsonParser._constructError(JsonParser.java:1524) ~[jackson-core-2.3.1.jar:2.3.1]
	at com.fasterxml.jackson.core.base.ParserMinimalBase._reportError(ParserMinimalBase.java:557) ~[jackson-core-2.3.1.jar:2.3.1]
	at com.fasterxml.jackson.core.json.UTF8StreamJsonParser._reportInvalidToken(UTF8StreamJsonParser.java:3095) ~[jackson-core-2.3.1.jar:2.3.1]
	at com.fasterxml.jackson.core.json.UTF8StreamJsonParser._reportInvalidToken(UTF8StreamJsonParser.java:3073) ~[jackson-core-2.3.1.jar:2.3.1]
	at com.fasterxml.jackson.core.json.UTF8StreamJsonParser._matchToken(UTF8StreamJsonParser.java:2479) ~[jackson-core-2.3.1.jar:2.3.1]
	at com.fasterxml.jackson.core.json.UTF8StreamJsonParser._nextTokenNotInObject(UTF8StreamJsonParser.java:799) ~[jackson-core-2.3.1.jar:2.3.1]
	at com.fasterxml.jackson.core.json.UTF8StreamJsonParser.nextToken(UTF8StreamJsonParser.java:698) ~[jackson-core-2.3.1.jar:2.3.1]
	at com.fasterxml.jackson.databind.MappingIterator.hasNextValue(MappingIterator.java:159) ~[jackson-databind-2.3.1.jar:2.3.1]
	at com.fasterxml.jackson.databind.MappingIterator.hasNext(MappingIterator.java:108) ~[jackson-databind-2.3.1.jar:2.3.1]
	... 18 common frames omitted
13:08:38.918 [main] WARN  c.u.c.b.a.r.FileSharingRunHistoryDecorator - Error occurred reading file in shared run history /proj/SMACK/smac/smac-output/smack-scenario_ldv/live-rundata-17.json. We will keep trying to read this file, but will only log another error after it succeeds once. We may not be able to get it's run data but we should be able to continue
com.fasterxml.jackson.core.JsonParseException: Unexpected character ('{' (code 123)): was expecting double-quote to start field name
 at [Source: /proj/SMACK/smac/smac-output/smack-scenario_ldv/live-rundata-17.json; line: 17063, column: 4]
	at com.fasterxml.jackson.core.JsonParser._constructError(JsonParser.java:1524) ~[jackson-core-2.3.1.jar:2.3.1]
	at com.fasterxml.jackson.core.base.ParserMinimalBase._reportError(ParserMinimalBase.java:557) ~[jackson-core-2.3.1.jar:2.3.1]
	at com.fasterxml.jackson.core.base.ParserMinimalBase._reportUnexpectedChar(ParserMinimalBase.java:475) ~[jackson-core-2.3.1.jar:2.3.1]
	at com.fasterxml.jackson.core.json.UTF8StreamJsonParser._handleOddName(UTF8StreamJsonParser.java:1784) ~[jackson-core-2.3.1.jar:2.3.1]
	at com.fasterxml.jackson.core.json.UTF8StreamJsonParser._parseName(UTF8StreamJsonParser.java:1481) ~[jackson-core-2.3.1.jar:2.3.1]
	at com.fasterxml.jackson.core.json.UTF8StreamJsonParser.nextToken(UTF8StreamJsonParser.java:701) ~[jackson-core-2.3.1.jar:2.3.1]
	at ca.ubc.cs.beta.aeatk.json.serializers.AlgorithmRunResultJson$AlgorithmRunDeserializer.deserialize(AlgorithmRunResultJson.java:45) ~[aeatk.jar:na]
	at ca.ubc.cs.beta.aeatk.json.serializers.AlgorithmRunResultJson$AlgorithmRunDeserializer.deserialize(AlgorithmRunResultJson.java:30) ~[aeatk.jar:na]
	at com.fasterxml.jackson.databind.MappingIterator.nextValue(MappingIterator.java:189) ~[jackson-databind-2.3.1.jar:2.3.1]
	at ca.ubc.cs.beta.aeatk.runhistory.FileSharingRunHistoryDecorator.readRunsFromFile(FileSharingRunHistoryDecorator.java:421) [aeatk.jar:na]
	at ca.ubc.cs.beta.aeatk.runhistory.FileSharingRunHistoryDecorator.reReadFiles(FileSharingRunHistoryDecorator.java:339) [aeatk.jar:na]
	at ca.ubc.cs.beta.aeatk.runhistory.FileSharingRunHistoryDecorator.append(FileSharingRunHistoryDecorator.java:239) [aeatk.jar:na]
	at ca.ubc.cs.beta.aeatk.runhistory.FileSharingRunHistoryDecorator.append(FileSharingRunHistoryDecorator.java:502) [aeatk.jar:na]
	at ca.ubc.cs.beta.aeatk.runhistory.TeeRunHistory.append(TeeRunHistory.java:33) [aeatk.jar:na]
	at ca.ubc.cs.beta.aeatk.runhistory.ThreadSafeRunHistoryWrapper.append(ThreadSafeRunHistoryWrapper.java:60) [aeatk.jar:na]
	at ca.ubc.cs.beta.aeatk.initialization.classic.ClassicInitializationProcedure.updateRunHistory(ClassicInitializationProcedure.java:156) [aeatk.jar:na]
	at ca.ubc.cs.beta.aeatk.initialization.classic.ClassicInitializationProcedure.evaluateRun(ClassicInitializationProcedure.java:143) [aeatk.jar:na]
	at ca.ubc.cs.beta.aeatk.initialization.classic.ClassicInitializationProcedure.evaluateRun(ClassicInitializationProcedure.java:114) [aeatk.jar:na]
	at ca.ubc.cs.beta.aeatk.initialization.classic.ClassicInitializationProcedure.run(ClassicInitializationProcedure.java:93) [aeatk.jar:na]
	at ca.ubc.cs.beta.smac.configurator.AbstractAlgorithmFramework.run(AbstractAlgorithmFramework.java:516) [smac.jar:na]
	at ca.ubc.cs.beta.smac.executors.SMACExecutor.oldMain(SMACExecutor.java:140) [smac.jar:na]
	at ca.ubc.cs.beta.smac.executors.SMACExecutor.main(SMACExecutor.java:104) [smac.jar:na]
	at sun.reflect.NativeMethodAccessorImpl.invoke0(Native Method) ~[na:1.8.0_141]
	at sun.reflect.NativeMethodAccessorImpl.invoke(NativeMethodAccessorImpl.java:62) ~[na:1.8.0_141]
	at sun.reflect.DelegatingMethodAccessorImpl.invoke(DelegatingMethodAccessorImpl.java:43) ~[na:1.8.0_141]
	at java.lang.reflect.Method.invoke(Method.java:498) ~[na:1.8.0_141]
	at ca.ubc.cs.beta.aeatk.ant.execscript.Launcher.main(Launcher.java:37) [aeatk.jar:na]
13:08:39.132 [main] WARN  c.u.c.b.a.r.FileSharingRunHistoryDecorator - Error occurred reading file in shared run history /proj/SMACK/smac/smac-output/smack-scenario_ldv/live-rundata-23.json. We will keep trying to read this file, but will only log another error after it succeeds once. We may not be able to get it's run data but we should be able to continue
java.lang.RuntimeException: Unexpected close marker '}': expected ']' (for ROOT starting at [Source: /proj/SMACK/smac/smac-output/smack-scenario_ldv/live-rundata-23.json; line: 1, column: 0])
 at [Source: /proj/SMACK/smac/smac-output/smack-scenario_ldv/live-rundata-23.json; line: 16831, column: 2]
	at com.fasterxml.jackson.databind.MappingIterator.hasNext(MappingIterator.java:112) ~[jackson-databind-2.3.1.jar:2.3.1]
	at ca.ubc.cs.beta.aeatk.runhistory.FileSharingRunHistoryDecorator.readRunsFromFile(FileSharingRunHistoryDecorator.java:418) [aeatk.jar:na]
	at ca.ubc.cs.beta.aeatk.runhistory.FileSharingRunHistoryDecorator.reReadFiles(FileSharingRunHistoryDecorator.java:339) [aeatk.jar:na]
	at ca.ubc.cs.beta.aeatk.runhistory.FileSharingRunHistoryDecorator.append(FileSharingRunHistoryDecorator.java:239) [aeatk.jar:na]
	at ca.ubc.cs.beta.aeatk.runhistory.FileSharingRunHistoryDecorator.append(FileSharingRunHistoryDecorator.java:502) [aeatk.jar:na]
	at ca.ubc.cs.beta.aeatk.runhistory.TeeRunHistory.append(TeeRunHistory.java:33) [aeatk.jar:na]
	at ca.ubc.cs.beta.aeatk.runhistory.ThreadSafeRunHistoryWrapper.append(ThreadSafeRunHistoryWrapper.java:60) [aeatk.jar:na]
	at ca.ubc.cs.beta.aeatk.initialization.classic.ClassicInitializationProcedure.updateRunHistory(ClassicInitializationProcedure.java:156) [aeatk.jar:na]
	at ca.ubc.cs.beta.aeatk.initialization.classic.ClassicInitializationProcedure.evaluateRun(ClassicInitializationProcedure.java:143) [aeatk.jar:na]
	at ca.ubc.cs.beta.aeatk.initialization.classic.ClassicInitializationProcedure.evaluateRun(ClassicInitializationProcedure.java:114) [aeatk.jar:na]
	at ca.ubc.cs.beta.aeatk.initialization.classic.ClassicInitializationProcedure.run(ClassicInitializationProcedure.java:93) [aeatk.jar:na]
	at ca.ubc.cs.beta.smac.configurator.AbstractAlgorithmFramework.run(AbstractAlgorithmFramework.java:516) [smac.jar:na]
	at ca.ubc.cs.beta.smac.executors.SMACExecutor.oldMain(SMACExecutor.java:140) [smac.jar:na]
	at ca.ubc.cs.beta.smac.executors.SMACExecutor.main(SMACExecutor.java:104) [smac.jar:na]
	at sun.reflect.NativeMethodAccessorImpl.invoke0(Native Method) ~[na:1.8.0_141]
	at sun.reflect.NativeMethodAccessorImpl.invoke(NativeMethodAccessorImpl.java:62) ~[na:1.8.0_141]
	at sun.reflect.DelegatingMethodAccessorImpl.invoke(DelegatingMethodAccessorImpl.java:43) ~[na:1.8.0_141]
	at java.lang.reflect.Method.invoke(Method.java:498) ~[na:1.8.0_141]
	at ca.ubc.cs.beta.aeatk.ant.execscript.Launcher.main(Launcher.java:37) [aeatk.jar:na]
Caused by: com.fasterxml.jackson.core.JsonParseException: Unexpected close marker '}': expected ']' (for ROOT starting at [Source: /proj/SMACK/smac/smac-output/smack-scenario_ldv/live-rundata-23.json; line: 1, column: 0])
 at [Source: /proj/SMACK/smac/smac-output/smack-scenario_ldv/live-rundata-23.json; line: 16831, column: 2]
	at com.fasterxml.jackson.core.JsonParser._constructError(JsonParser.java:1524) ~[jackson-core-2.3.1.jar:2.3.1]
	at com.fasterxml.jackson.core.base.ParserMinimalBase._reportError(ParserMinimalBase.java:557) ~[jackson-core-2.3.1.jar:2.3.1]
	at com.fasterxml.jackson.core.base.ParserBase._reportMismatchedEndMarker(ParserBase.java:501) ~[jackson-core-2.3.1.jar:2.3.1]
	at com.fasterxml.jackson.core.json.UTF8StreamJsonParser.nextToken(UTF8StreamJsonParser.java:679) ~[jackson-core-2.3.1.jar:2.3.1]
	at com.fasterxml.jackson.databind.MappingIterator.hasNextValue(MappingIterator.java:159) ~[jackson-databind-2.3.1.jar:2.3.1]
	at com.fasterxml.jackson.databind.MappingIterator.hasNext(MappingIterator.java:108) ~[jackson-databind-2.3.1.jar:2.3.1]
	... 18 common frames omitted
13:08:39.352 [main] WARN  c.u.c.b.a.r.FileSharingRunHistoryDecorator - Error occurred reading file in shared run history /proj/SMACK/smac/smac-output/smack-scenario_ldv/live-rundata-27.json. We will keep trying to read this file, but will only log another error after it succeeds once. We may not be able to get it's run data but we should be able to continue
com.fasterxml.jackson.databind.JsonMappingException: Short Object form for ProblemInstanceSeedPair detected, but no previously cached version found for ID:5 cache contains: [2, 3] entries 
	at ca.ubc.cs.beta.aeatk.json.serializers.ProblemInstanceJson$ProblemInstanceSeedPairDeserializer.deserialize(ProblemInstanceJson.java:267) ~[aeatk.jar:na]
	at ca.ubc.cs.beta.aeatk.json.serializers.ProblemInstanceJson$ProblemInstanceSeedPairDeserializer.deserialize(ProblemInstanceJson.java:186) ~[aeatk.jar:na]
	at com.fasterxml.jackson.databind.ObjectMapper._readValue(ObjectMapper.java:2965) ~[jackson-databind-2.3.1.jar:2.3.1]
	at com.fasterxml.jackson.databind.ObjectMapper.readValue(ObjectMapper.java:1587) ~[jackson-databind-2.3.1.jar:2.3.1]
	at com.fasterxml.jackson.core.JsonParser.readValueAs(JsonParser.java:1431) ~[jackson-core-2.3.1.jar:2.3.1]
	at ca.ubc.cs.beta.aeatk.json.serializers.JsonDeserializerHelper.getDeserializedVersion(JsonDeserializerHelper.java:26) ~[aeatk.jar:na]
	at ca.ubc.cs.beta.aeatk.json.serializers.AlgorithmRunConfigurationJson$RunConfigDeserializer.deserialize(AlgorithmRunConfigurationJson.java:93) ~[aeatk.jar:na]
	at ca.ubc.cs.beta.aeatk.json.serializers.AlgorithmRunConfigurationJson$RunConfigDeserializer.deserialize(AlgorithmRunConfigurationJson.java:44) ~[aeatk.jar:na]
	at com.fasterxml.jackson.databind.ObjectMapper._readValue(ObjectMapper.java:2965) ~[jackson-databind-2.3.1.jar:2.3.1]
	at com.fasterxml.jackson.databind.ObjectMapper.readValue(ObjectMapper.java:1587) ~[jackson-databind-2.3.1.jar:2.3.1]
	at com.fasterxml.jackson.core.JsonParser.readValueAs(JsonParser.java:1431) ~[jackson-core-2.3.1.jar:2.3.1]
	at ca.ubc.cs.beta.aeatk.json.serializers.JsonDeserializerHelper.getDeserializedVersion(JsonDeserializerHelper.java:26) ~[aeatk.jar:na]
	at ca.ubc.cs.beta.aeatk.json.serializers.AlgorithmRunResultJson$AlgorithmRunDeserializer.deserialize(AlgorithmRunResultJson.java:94) ~[aeatk.jar:na]
	at ca.ubc.cs.beta.aeatk.json.serializers.AlgorithmRunResultJson$AlgorithmRunDeserializer.deserialize(AlgorithmRunResultJson.java:30) ~[aeatk.jar:na]
	at com.fasterxml.jackson.databind.MappingIterator.nextValue(MappingIterator.java:189) ~[jackson-databind-2.3.1.jar:2.3.1]
	at ca.ubc.cs.beta.aeatk.runhistory.FileSharingRunHistoryDecorator.readRunsFromFile(FileSharingRunHistoryDecorator.java:421) [aeatk.jar:na]
	at ca.ubc.cs.beta.aeatk.runhistory.FileSharingRunHistoryDecorator.reReadFiles(FileSharingRunHistoryDecorator.java:339) [aeatk.jar:na]
	at ca.ubc.cs.beta.aeatk.runhistory.FileSharingRunHistoryDecorator.append(FileSharingRunHistoryDecorator.java:239) [aeatk.jar:na]
	at ca.ubc.cs.beta.aeatk.runhistory.FileSharingRunHistoryDecorator.append(FileSharingRunHistoryDecorator.java:502) [aeatk.jar:na]
	at ca.ubc.cs.beta.aeatk.runhistory.TeeRunHistory.append(TeeRunHistory.java:33) [aeatk.jar:na]
	at ca.ubc.cs.beta.aeatk.runhistory.ThreadSafeRunHistoryWrapper.append(ThreadSafeRunHistoryWrapper.java:60) [aeatk.jar:na]
	at ca.ubc.cs.beta.aeatk.initialization.classic.ClassicInitializationProcedure.updateRunHistory(ClassicInitializationProcedure.java:156) [aeatk.jar:na]
	at ca.ubc.cs.beta.aeatk.initialization.classic.ClassicInitializationProcedure.evaluateRun(ClassicInitializationProcedure.java:143) [aeatk.jar:na]
	at ca.ubc.cs.beta.aeatk.initialization.classic.ClassicInitializationProcedure.evaluateRun(ClassicInitializationProcedure.java:114) [aeatk.jar:na]
	at ca.ubc.cs.beta.aeatk.initialization.classic.ClassicInitializationProcedure.run(ClassicInitializationProcedure.java:93) [aeatk.jar:na]
	at ca.ubc.cs.beta.smac.configurator.AbstractAlgorithmFramework.run(AbstractAlgorithmFramework.java:516) [smac.jar:na]
	at ca.ubc.cs.beta.smac.executors.SMACExecutor.oldMain(SMACExecutor.java:140) [smac.jar:na]
	at ca.ubc.cs.beta.smac.executors.SMACExecutor.main(SMACExecutor.java:104) [smac.jar:na]
	at sun.reflect.NativeMethodAccessorImpl.invoke0(Native Method) ~[na:1.8.0_141]
	at sun.reflect.NativeMethodAccessorImpl.invoke(NativeMethodAccessorImpl.java:62) ~[na:1.8.0_141]
	at sun.reflect.DelegatingMethodAccessorImpl.invoke(DelegatingMethodAccessorImpl.java:43) ~[na:1.8.0_141]
	at java.lang.reflect.Method.invoke(Method.java:498) ~[na:1.8.0_141]
	at ca.ubc.cs.beta.aeatk.ant.execscript.Launcher.main(Launcher.java:37) [aeatk.jar:na]
13:08:39.592 [main] INFO  c.u.c.b.a.r.FileSharingRunHistoryDecorator - Detected new source(s) of run data which we will read from : [live-rundata-1.json, live-rundata-10.json, live-rundata-100.json, live-rundata-11.json, live-rundata-12.json, live-rundata-13.json, live-rundata-14.json, live-rundata-15.json, live-rundata-16.json, live-rundata-2.json, live-rundata-24.json, live-rundata-25.json, live-rundata-3.json, live-rundata-31.json, live-rundata-33.json, live-rundata-34.json, live-rundata-35.json, live-rundata-36.json, live-rundata-37.json, live-rundata-38.json, live-rundata-39.json, live-rundata-4.json, live-rundata-40.json, live-rundata-41.json, live-rundata-42.json, live-rundata-43.json, live-rundata-44.json, live-rundata-45.json, live-rundata-46.json, live-rundata-47.json, live-rundata-48.json, live-rundata-49.json, live-rundata-5.json, live-rundata-50.json, live-rundata-51.json, live-rundata-52.json, live-rundata-53.json, live-rundata-54.json, live-rundata-55.json, live-rundata-56.json, live-rundata-57.json, live-rundata-58.json, live-rundata-59.json, live-rundata-6.json, live-rundata-60.json, live-rundata-61.json, live-rundata-62.json, live-rundata-63.json, live-rundata-64.json, live-rundata-7.json, live-rundata-8.json, live-rundata-9.json]
13:08:39.684 [main] INFO  c.u.c.b.s.c.SequentialModelBasedAlgorithmConfiguration - First incumbent: config 1 (internal ID: 0x000B), with penalized average runtime (PAR10): 30000.0520706; estimate based on 1 runs.
13:08:39.686 [main] INFO  c.u.c.b.s.c.SequentialModelBasedAlgorithmConfiguration - Sample call for new incumbent config 1 (internal ID: 0x000B): 
cd /proj/SMACK/smac; example_scenarios/filesSmac/wrapper.py /proj/SMACK/sv-benchmarks/c/ldv-challenges/linux-3.14__complex_emg__linux-kernel-locking-spinlock__drivers-net-ethernet-intel-igb-igb_true-unreach-call.cil.c 0 2000.0 2147483647 -1 -/bopt:boolControlVC 'False' -/bopt:z3opt:SMT.MBQI 'True' -/bopt:z3opt:SMT.MBQI.MAX_ITERATIONS '1000' -/deepAsserts 'False' -/di 'True' -/doNotUseLabels 'False' -/noCallTreeReuse 'False' -/noInitPruning 'False' -/nonUniformUnfolding 'False' -/staticInlining 'True' -/trackAllVars 'True' -/useArrayTheoryCheck '1' -bit-precise 'False' -unroll '16'  
13:08:39.802 [main] ERROR c.u.c.b.s.c.SequentialModelBasedAlgorithmConfiguration - SMAC has encountered an exception, and encountered another exception while trying to save the local state. NOTE: THIS PARTICULAR ERROR DID NOT CAUSE SMAC TO FAIL, the original culprit follows further below. (This second error is potentially another / seperate issue, or a disk failure of some kind.) When submitting bug/error reports, please include enough context for *BOTH* exceptions 
  
java.lang.IllegalStateException: File: /proj/SMACK/smac/smac-output/smack-scenario_ldv/state-run28/java_obj_dump-v2-CRASH0.obj already exists 
	at ca.ubc.cs.beta.aeatk.state.legacy.LegacyStateSerializer.save(LegacyStateSerializer.java:215) ~[aeatk.jar:na]
	at ca.ubc.cs.beta.smac.configurator.AbstractAlgorithmFramework.saveState(AbstractAlgorithmFramework.java:434) ~[smac.jar:na]
	at ca.ubc.cs.beta.smac.configurator.AbstractAlgorithmFramework.run(AbstractAlgorithmFramework.java:605) ~[smac.jar:na]
	at ca.ubc.cs.beta.smac.executors.SMACExecutor.oldMain(SMACExecutor.java:140) [smac.jar:na]
	at ca.ubc.cs.beta.smac.executors.SMACExecutor.main(SMACExecutor.java:104) [smac.jar:na]
	at sun.reflect.NativeMethodAccessorImpl.invoke0(Native Method) ~[na:1.8.0_141]
	at sun.reflect.NativeMethodAccessorImpl.invoke(NativeMethodAccessorImpl.java:62) ~[na:1.8.0_141]
	at sun.reflect.DelegatingMethodAccessorImpl.invoke(DelegatingMethodAccessorImpl.java:43) ~[na:1.8.0_141]
	at java.lang.reflect.Method.invoke(Method.java:498) ~[na:1.8.0_141]
	at ca.ubc.cs.beta.aeatk.ant.execscript.Launcher.main(Launcher.java:37) [aeatk.jar:na]
13:08:39.870 [main] INFO  c.u.c.b.a.t.d.r.c.r.RunHistoryCachingTargetAlgorithmEvaluatorDecorator - RunHistoryCachingTargetAlgorithmEvaluatorDecorator: Cache misses 1, Cache requests 1, Hit Rate 0% 
13:08:39.878 [main] ERROR c.u.c.b.smac.executors.SMACExecutor - Message: File: /proj/SMACK/smac/smac-output/smack-scenario_ldv/state-run28/java_obj_dump-v2-it0.obj already exists 
13:08:39.887 [main] INFO  c.u.c.b.smac.executors.SMACExecutor - Maybe try running in DEBUG mode if you are missing information
13:08:39.891 [main] ERROR c.u.c.b.smac.executors.SMACExecutor - Exception:java.lang.IllegalStateException
13:08:39.894 [main] ERROR c.u.c.b.smac.executors.SMACExecutor - StackTrace:java.lang.IllegalStateException: File: /proj/SMACK/smac/smac-output/smack-scenario_ldv/state-run28/java_obj_dump-v2-it0.obj already exists 
	at ca.ubc.cs.beta.aeatk.state.legacy.LegacyStateSerializer.save(LegacyStateSerializer.java:215)
	at ca.ubc.cs.beta.smac.configurator.AbstractAlgorithmFramework.saveState(AbstractAlgorithmFramework.java:434)
	at ca.ubc.cs.beta.smac.configurator.AbstractAlgorithmFramework.saveState(AbstractAlgorithmFramework.java:398)
	at ca.ubc.cs.beta.smac.configurator.AbstractAlgorithmFramework.run(AbstractAlgorithmFramework.java:557)
	at ca.ubc.cs.beta.smac.executors.SMACExecutor.oldMain(SMACExecutor.java:140)
	at ca.ubc.cs.beta.smac.executors.SMACExecutor.main(SMACExecutor.java:104)
	at sun.reflect.NativeMethodAccessorImpl.invoke0(Native Method)
	at sun.reflect.NativeMethodAccessorImpl.invoke(NativeMethodAccessorImpl.java:62)
	at sun.reflect.DelegatingMethodAccessorImpl.invoke(DelegatingMethodAccessorImpl.java:43)
	at java.lang.reflect.Method.invoke(Method.java:498)
	at ca.ubc.cs.beta.aeatk.ant.execscript.Launcher.main(Launcher.java:37)

13:08:39.896 [main] INFO  c.u.c.b.smac.executors.SMACExecutor - Exiting SMAC with failure. Log: /proj/SMACK/smac/smac-output/smack-scenario_ldv/log-run28.txt
13:08:39.896 [main] INFO  c.u.c.b.smac.executors.SMACExecutor - For a list of available commands use:  --help
13:08:39.896 [main] INFO  c.u.c.b.smac.executors.SMACExecutor - The Quickstart guide at available at: http://www.cs.ubc.ca/labs/beta/Projects/SMAC/ or alternatively (doc/quickstart.html) gives simple examples for getting up and running.
13:08:39.896 [main] INFO  c.u.c.b.smac.executors.SMACExecutor - The FAQ (doc/faq.pdf) contains commonly asked questions regarding troubleshooting, and usage.
13:08:39.896 [main] INFO  c.u.c.b.smac.executors.SMACExecutor - The Manual (doc/manual.pdf) contains detailed information on file format semantics.
13:08:39.896 [main] INFO  c.u.c.b.smac.executors.SMACExecutor - If you are stuck, please ask a question in the SMAC forum: https://groups.google.com/forum/#!forum/smac-forum
13:08:39.902 [Thread-6] INFO  c.u.c.b.s.c.SequentialModelBasedAlgorithmConfiguration - Making best attempt to save state. This state may be dirty, in that it was taken in the middle of an iteration and consequently may not be restorable. It may also be corrupt depending on the exact reason we are shutting down.
13:08:39.903 [FileSharingRunHistory Logger ( outputID:28)] INFO  c.u.c.b.a.r.FileSharingRunHistoryDecorator - At shutdown: /proj/SMACK/smac/smac-output/smack-scenario_ldv/live-rundata-28.json had 1 runs added to it
13:08:39.905 [FileSharingRunHistory Logger ( outputID:28)] INFO  c.u.c.b.a.r.FileSharingRunHistoryDecorator - At shutdown: we retrieved atleast 4092 runs and added them to our current data set [live-rundata-1.json=>93, live-rundata-10.json=>91, live-rundata-100.json=>3, live-rundata-11.json=>120, live-rundata-12.json=>145, live-rundata-13.json=>114, live-rundata-14.json=>120, live-rundata-15.json=>113, live-rundata-16.json=>118, live-rundata-17.json=>0, live-rundata-18.json=>0, live-rundata-19.json=>0, live-rundata-2.json=>71, live-rundata-20.json=>0, live-rundata-21.json=>0, live-rundata-22.json=>0, live-rundata-23.json=>0, live-rundata-24.json=>3, live-rundata-25.json=>11, live-rundata-26.json=>0, live-rundata-27.json=>0, live-rundata-29.json=>0, live-rundata-3.json=>154, live-rundata-30.json=>0, live-rundata-31.json=>1, live-rundata-33.json=>55, live-rundata-34.json=>89, live-rundata-35.json=>80, live-rundata-36.json=>111, live-rundata-37.json=>52, live-rundata-38.json=>96, live-rundata-39.json=>55, live-rundata-4.json=>197, live-rundata-40.json=>82, live-rundata-41.json=>89, live-rundata-42.json=>57, live-rundata-43.json=>107, live-rundata-44.json=>50, live-rundata-45.json=>55, live-rundata-46.json=>62, live-rundata-47.json=>90, live-rundata-48.json=>62, live-rundata-49.json=>65, live-rundata-5.json=>130, live-rundata-50.json=>51, live-rundata-51.json=>46, live-rundata-52.json=>52, live-rundata-53.json=>55, live-rundata-54.json=>76, live-rundata-55.json=>54, live-rundata-56.json=>50, live-rundata-57.json=>49, live-rundata-58.json=>89, live-rundata-59.json=>55, live-rundata-6.json=>124, live-rundata-60.json=>42, live-rundata-61.json=>37, live-rundata-62.json=>64, live-rundata-63.json=>62, live-rundata-64.json=>48, live-rundata-7.json=>121, live-rundata-8.json=>174, live-rundata-9.json=>102] which now has 4091 runs (1 local)
  File "/mnt/local/smack-project/smack/bin/../share/smack/utils.py", line 69, in try_command
12:52:50.353 [CLI TAE (STDERR Thread - #0)] WARN  c.u.c.b.a.t.b.c.CommandLineAlgorithmRun - [PROCESS-ERR]      raise Exception(output)
12:52:50.353 [CLI TAE (STDERR Thread - #0)] WARN  c.u.c.b.a.t.b.c.CommandLineAlgorithmRun - [PROCESS-ERR]  Exception: Single threaded program detected
12:52:50.353 [CLI TAE (STDERR Thread - #0)] WARN  c.u.c.b.a.t.b.c.CommandLineAlgorithmRun - [PROCESS-ERR]  Verifying 48 impls
12:52:50.353 [CLI TAE (STDERR Thread - #0)] WARN  c.u.c.b.a.t.b.c.CommandLineAlgorithmRun - [PROCESS-ERR]  LB: Took 31.65 s
12:52:50.354 [CLI TAE (STDERR Thread - #0)] WARN  c.u.c.b.a.t.b.c.CommandLineAlgorithmRun - [PROCESS-ERR]  Verifying program while tracking: {assertsPassed, $M.0, $M.1, $M.2, $M.3, $M.4, $M.5, $M.6, $M.7, $M.8, $M.9, $M.10, $M.11, $M.12, $M.13, $M.14, $M.15, $M.16, $M.17, $M.18, $M.19, $M.20, $M.21, $M.22, $M.24, $M.25, $M.26, $M.27, $M.28, $M.29, $M.30, $M.31, $M.32, $M.33, $M.34, $M.35, $M.36, $M.41, $M.43, $M.39, $M.37, $M.38, $M.40, $M.42, $M.44, $M.46, $M.47, $M.48, $M.49, $M.50, $M.51, $M.52, $M.53, $M.54, $M.55, $M.56, $M.57, $CurrAddr, $M.59, $M.60, $M.61, $M.62, $M.63, $M.64, $M.65}
12:52:50.354 [CLI TAE (STDERR Thread - #0)] WARN  c.u.c.b.a.t.b.c.CommandLineAlgorithmRun - [PROCESS-ERR]  /usr/local/bin/corral: line 2: 60340 Killed                  $CORRAL "$@"
12:52:50.354 [CLI TAE (STDERR Thread - #0)] WARN  c.u.c.b.a.t.b.c.CommandLineAlgorithmRun - [PROCESS-ERR]  
12:52:50.842 [main] WARN  c.u.c.b.a.r.FileSharingRunHistoryDecorator - Error occurred reading file in shared run history /proj/SMACK/smac/smac-output/smack-scenario_ldv/live-rundata-18.json. We will keep trying to read this file, but will only log another error after it succeeds once. We may not be able to get it's run data but we should be able to continue
com.fasterxml.jackson.core.JsonParseException: Illegal unquoted character ((CTRL-CHAR, code 10)): has to be escaped using backslash to be included in name
 at [Source: /proj/SMACK/smac/smac-output/smack-scenario_ldv/live-rundata-18.json; line: 16990, column: 18]
	at com.fasterxml.jackson.core.JsonParser._constructError(JsonParser.java:1524) ~[jackson-core-2.3.1.jar:2.3.1]
	at com.fasterxml.jackson.core.base.ParserMinimalBase._reportError(ParserMinimalBase.java:557) ~[jackson-core-2.3.1.jar:2.3.1]
	at com.fasterxml.jackson.core.base.ParserMinimalBase._throwUnquotedSpace(ParserMinimalBase.java:518) ~[jackson-core-2.3.1.jar:2.3.1]
	at com.fasterxml.jackson.core.json.UTF8StreamJsonParser.parseEscapedName(UTF8StreamJsonParser.java:1694) ~[jackson-core-2.3.1.jar:2.3.1]
	at com.fasterxml.jackson.core.json.UTF8StreamJsonParser.parseLongName(UTF8StreamJsonParser.java:1600) ~[jackson-core-2.3.1.jar:2.3.1]
	at com.fasterxml.jackson.core.json.UTF8StreamJsonParser.parseMediumName(UTF8StreamJsonParser.java:1576) ~[jackson-core-2.3.1.jar:2.3.1]
	at com.fasterxml.jackson.core.json.UTF8StreamJsonParser._parseName(UTF8StreamJsonParser.java:1512) ~[jackson-core-2.3.1.jar:2.3.1]
	at com.fasterxml.jackson.core.json.UTF8StreamJsonParser.nextToken(UTF8StreamJsonParser.java:701) ~[jackson-core-2.3.1.jar:2.3.1]
	at com.fasterxml.jackson.core.base.ParserMinimalBase.nextValue(ParserMinimalBase.java:123) ~[jackson-core-2.3.1.jar:2.3.1]
	at ca.ubc.cs.beta.aeatk.json.serializers.AlgorithmRunResultJson$AlgorithmRunDeserializer.deserialize(AlgorithmRunResultJson.java:57) ~[aeatk.jar:na]
	at ca.ubc.cs.beta.aeatk.json.serializers.AlgorithmRunResultJson$AlgorithmRunDeserializer.deserialize(AlgorithmRunResultJson.java:30) ~[aeatk.jar:na]
	at com.fasterxml.jackson.databind.MappingIterator.nextValue(MappingIterator.java:189) ~[jackson-databind-2.3.1.jar:2.3.1]
	at ca.ubc.cs.beta.aeatk.runhistory.FileSharingRunHistoryDecorator.readRunsFromFile(FileSharingRunHistoryDecorator.java:421) [aeatk.jar:na]
	at ca.ubc.cs.beta.aeatk.runhistory.FileSharingRunHistoryDecorator.reReadFiles(FileSharingRunHistoryDecorator.java:339) [aeatk.jar:na]
	at ca.ubc.cs.beta.aeatk.runhistory.FileSharingRunHistoryDecorator.append(FileSharingRunHistoryDecorator.java:239) [aeatk.jar:na]
	at ca.ubc.cs.beta.aeatk.runhistory.FileSharingRunHistoryDecorator.append(FileSharingRunHistoryDecorator.java:502) [aeatk.jar:na]
	at ca.ubc.cs.beta.aeatk.runhistory.TeeRunHistory.append(TeeRunHistory.java:33) [aeatk.jar:na]
	at ca.ubc.cs.beta.aeatk.runhistory.ThreadSafeRunHistoryWrapper.append(ThreadSafeRunHistoryWrapper.java:60) [aeatk.jar:na]
	at ca.ubc.cs.beta.smac.configurator.AbstractAlgorithmFramework.updateRunHistory(AbstractAlgorithmFramework.java:1229) [smac.jar:na]
	at ca.ubc.cs.beta.smac.configurator.AbstractAlgorithmFramework.evaluateRun(AbstractAlgorithmFramework.java:1279) [smac.jar:na]
	at ca.ubc.cs.beta.smac.configurator.AbstractAlgorithmFramework.evaluateRun(AbstractAlgorithmFramework.java:1245) [smac.jar:na]
	at ca.ubc.cs.beta.smac.configurator.AbstractAlgorithmFramework.challengeIncumbent(AbstractAlgorithmFramework.java:804) [smac.jar:na]
	at ca.ubc.cs.beta.smac.configurator.AbstractAlgorithmFramework.challengeIncumbent(AbstractAlgorithmFramework.java:778) [smac.jar:na]
	at ca.ubc.cs.beta.smac.configurator.AbstractAlgorithmFramework.intensify(AbstractAlgorithmFramework.java:766) [smac.jar:na]
	at ca.ubc.cs.beta.smac.configurator.AbstractAlgorithmFramework.run(AbstractAlgorithmFramework.java:580) [smac.jar:na]
	at ca.ubc.cs.beta.smac.executors.SMACExecutor.oldMain(SMACExecutor.java:140) [smac.jar:na]
	at ca.ubc.cs.beta.smac.executors.SMACExecutor.main(SMACExecutor.java:104) [smac.jar:na]
	at sun.reflect.NativeMethodAccessorImpl.invoke0(Native Method) ~[na:1.8.0_141]
	at sun.reflect.NativeMethodAccessorImpl.invoke(NativeMethodAccessorImpl.java:62) ~[na:1.8.0_141]
	at sun.reflect.DelegatingMethodAccessorImpl.invoke(DelegatingMethodAccessorImpl.java:43) ~[na:1.8.0_141]
	at java.lang.reflect.Method.invoke(Method.java:498) ~[na:1.8.0_141]
	at ca.ubc.cs.beta.aeatk.ant.execscript.Launcher.main(Launcher.java:37) [aeatk.jar:na]
13:23:52.619 [CLI TAE (STDERR Thread - #0)] WARN  c.u.c.b.a.t.b.c.CommandLineAlgorithmRun - [PROCESS-ERR]  SMACK timed out.
13:23:52.672 [CLI TAE Callback Threads (3-5)] WARN  c.u.c.b.a.t.d.s.TimingCheckerTargetAlgorithmEvaluator - Algorithm Run Result reported a runtime of 1860.09395981 (secs) that exceeded it's cutoff time of 811.1580556150258 (secs) by 1048.9359041949742 (secs). Next warning at 1049.9359041949742 (secs)  
13:23:52.673 [CLI TAE Callback Threads (3-5)] WARN  c.u.c.b.a.t.d.s.TimingCheckerTargetAlgorithmEvaluator - Algorithm Run Result reported wallclock time of 1860.166 (secs) that exceeded it's cutoff time of 811.1580556150258 (secs) by 1049.007944384974 (secs). Next warning at 1050.007944384974 (secs)  
13:23:53.319 [main] WARN  c.u.c.b.a.r.FileSharingRunHistoryDecorator - Error occurred reading file in shared run history /proj/SMACK/smac/smac-output/smack-scenario_ldv/live-rundata-23.json. We will keep trying to read this file, but will only log another error after it succeeds once. We may not be able to get it's run data but we should be able to continue
java.lang.RuntimeException: Unexpected close marker '}': expected ']' (for ROOT starting at [Source: /proj/SMACK/smac/smac-output/smack-scenario_ldv/live-rundata-23.json; line: 1, column: 0])
 at [Source: /proj/SMACK/smac/smac-output/smack-scenario_ldv/live-rundata-23.json; line: 16831, column: 2]
	at com.fasterxml.jackson.databind.MappingIterator.hasNext(MappingIterator.java:112) ~[jackson-databind-2.3.1.jar:2.3.1]
	at ca.ubc.cs.beta.aeatk.runhistory.FileSharingRunHistoryDecorator.readRunsFromFile(FileSharingRunHistoryDecorator.java:418) [aeatk.jar:na]
	at ca.ubc.cs.beta.aeatk.runhistory.FileSharingRunHistoryDecorator.reReadFiles(FileSharingRunHistoryDecorator.java:339) [aeatk.jar:na]
	at ca.ubc.cs.beta.aeatk.runhistory.FileSharingRunHistoryDecorator.append(FileSharingRunHistoryDecorator.java:239) [aeatk.jar:na]
	at ca.ubc.cs.beta.aeatk.runhistory.FileSharingRunHistoryDecorator.append(FileSharingRunHistoryDecorator.java:502) [aeatk.jar:na]
	at ca.ubc.cs.beta.aeatk.runhistory.TeeRunHistory.append(TeeRunHistory.java:33) [aeatk.jar:na]
	at ca.ubc.cs.beta.aeatk.runhistory.ThreadSafeRunHistoryWrapper.append(ThreadSafeRunHistoryWrapper.java:60) [aeatk.jar:na]
	at ca.ubc.cs.beta.smac.configurator.AbstractAlgorithmFramework.updateRunHistory(AbstractAlgorithmFramework.java:1229) [smac.jar:na]
	at ca.ubc.cs.beta.smac.configurator.AbstractAlgorithmFramework.evaluateRun(AbstractAlgorithmFramework.java:1279) [smac.jar:na]
	at ca.ubc.cs.beta.smac.configurator.AbstractAlgorithmFramework.challengeIncumbent(AbstractAlgorithmFramework.java:948) [smac.jar:na]
	at ca.ubc.cs.beta.smac.configurator.AbstractAlgorithmFramework.challengeIncumbent(AbstractAlgorithmFramework.java:778) [smac.jar:na]
	at ca.ubc.cs.beta.smac.configurator.AbstractAlgorithmFramework.intensify(AbstractAlgorithmFramework.java:766) [smac.jar:na]
	at ca.ubc.cs.beta.smac.configurator.AbstractAlgorithmFramework.run(AbstractAlgorithmFramework.java:580) [smac.jar:na]
	at ca.ubc.cs.beta.smac.executors.SMACExecutor.oldMain(SMACExecutor.java:140) [smac.jar:na]
	at ca.ubc.cs.beta.smac.executors.SMACExecutor.main(SMACExecutor.java:104) [smac.jar:na]
	at sun.reflect.NativeMethodAccessorImpl.invoke0(Native Method) ~[na:1.8.0_141]
	at sun.reflect.NativeMethodAccessorImpl.invoke(NativeMethodAccessorImpl.java:62) ~[na:1.8.0_141]
	at sun.reflect.DelegatingMethodAccessorImpl.invoke(DelegatingMethodAccessorImpl.java:43) ~[na:1.8.0_141]
	at java.lang.reflect.Method.invoke(Method.java:498) ~[na:1.8.0_141]
	at ca.ubc.cs.beta.aeatk.ant.execscript.Launcher.main(Launcher.java:37) [aeatk.jar:na]
Caused by: com.fasterxml.jackson.core.JsonParseException: Unexpected close marker '}': expected ']' (for ROOT starting at [Source: /proj/SMACK/smac/smac-output/smack-scenario_ldv/live-rundata-23.json; line: 1, column: 0])
 at [Source: /proj/SMACK/smac/smac-output/smack-scenario_ldv/live-rundata-23.json; line: 16831, column: 2]
	at com.fasterxml.jackson.core.JsonParser._constructError(JsonParser.java:1524) ~[jackson-core-2.3.1.jar:2.3.1]
	at com.fasterxml.jackson.core.base.ParserMinimalBase._reportError(ParserMinimalBase.java:557) ~[jackson-core-2.3.1.jar:2.3.1]
	at com.fasterxml.jackson.core.base.ParserBase._reportMismatchedEndMarker(ParserBase.java:501) ~[jackson-core-2.3.1.jar:2.3.1]
	at com.fasterxml.jackson.core.json.UTF8StreamJsonParser.nextToken(UTF8StreamJsonParser.java:679) ~[jackson-core-2.3.1.jar:2.3.1]
	at com.fasterxml.jackson.databind.MappingIterator.hasNextValue(MappingIterator.java:159) ~[jackson-databind-2.3.1.jar:2.3.1]
	at com.fasterxml.jackson.databind.MappingIterator.hasNext(MappingIterator.java:108) ~[jackson-databind-2.3.1.jar:2.3.1]
	... 19 common frames omitted
14:25:43.294 [CLI TAE (STDERR Thread - #0)] WARN  c.u.c.b.a.t.b.c.CommandLineAlgorithmRun - [PROCESS-ERR]  SMACK timed out.
14:25:43.389 [CLI TAE Callback Threads (3-6)] WARN  c.u.c.b.a.t.d.s.TimingCheckerTargetAlgorithmEvaluator - Algorithm Run Result reported a runtime of 3704.42463398 (secs) that exceeded it's cutoff time of 2000.0 (secs) by 1704.4246339800002 (secs). Next warning at 1705.4246339800002 (secs)  
14:25:43.391 [CLI TAE Callback Threads (3-6)] WARN  c.u.c.b.a.t.d.s.TimingCheckerTargetAlgorithmEvaluator - Algorithm Run Result reported wallclock time of 3704.469 (secs) that exceeded it's cutoff time of 2000.0 (secs) by 1704.469 (secs). Next warning at 1705.469 (secs)  
14:25:43.965 [main] WARN  c.u.c.b.a.r.FileSharingRunHistoryDecorator - Error occurred reading file in shared run history /proj/SMACK/smac/smac-output/smack-scenario_ldv/live-rundata-24.json. We will keep trying to read this file, but will only log another error after it succeeds once. We may not be able to get it's run data but we should be able to continue
com.fasterxml.jackson.core.JsonParseException: Unexpected character ('{' (code 123)): was expecting comma to separate OBJECT entries
 at [Source: /proj/SMACK/smac/smac-output/smack-scenario_ldv/live-rundata-24.json; line: 16970, column: 4]
	at com.fasterxml.jackson.core.JsonParser._constructError(JsonParser.java:1524) ~[jackson-core-2.3.1.jar:2.3.1]
	at com.fasterxml.jackson.core.base.ParserMinimalBase._reportError(ParserMinimalBase.java:557) ~[jackson-core-2.3.1.jar:2.3.1]
	at com.fasterxml.jackson.core.base.ParserMinimalBase._reportUnexpectedChar(ParserMinimalBase.java:475) ~[jackson-core-2.3.1.jar:2.3.1]
	at com.fasterxml.jackson.core.json.UTF8StreamJsonParser.nextToken(UTF8StreamJsonParser.java:688) ~[jackson-core-2.3.1.jar:2.3.1]
	at com.fasterxml.jackson.core.base.ParserMinimalBase.nextValue(ParserMinimalBase.java:123) ~[jackson-core-2.3.1.jar:2.3.1]
	at ca.ubc.cs.beta.aeatk.json.serializers.AlgorithmRunResultJson$AlgorithmRunDeserializer.deserialize(AlgorithmRunResultJson.java:57) ~[aeatk.jar:na]
	at ca.ubc.cs.beta.aeatk.json.serializers.AlgorithmRunResultJson$AlgorithmRunDeserializer.deserialize(AlgorithmRunResultJson.java:30) ~[aeatk.jar:na]
	at com.fasterxml.jackson.databind.MappingIterator.nextValue(MappingIterator.java:189) ~[jackson-databind-2.3.1.jar:2.3.1]
	at ca.ubc.cs.beta.aeatk.runhistory.FileSharingRunHistoryDecorator.readRunsFromFile(FileSharingRunHistoryDecorator.java:421) [aeatk.jar:na]
	at ca.ubc.cs.beta.aeatk.runhistory.FileSharingRunHistoryDecorator.reReadFiles(FileSharingRunHistoryDecorator.java:339) [aeatk.jar:na]
	at ca.ubc.cs.beta.aeatk.runhistory.FileSharingRunHistoryDecorator.append(FileSharingRunHistoryDecorator.java:239) [aeatk.jar:na]
	at ca.ubc.cs.beta.aeatk.runhistory.FileSharingRunHistoryDecorator.append(FileSharingRunHistoryDecorator.java:502) [aeatk.jar:na]
	at ca.ubc.cs.beta.aeatk.runhistory.TeeRunHistory.append(TeeRunHistory.java:33) [aeatk.jar:na]
	at ca.ubc.cs.beta.aeatk.runhistory.ThreadSafeRunHistoryWrapper.append(ThreadSafeRunHistoryWrapper.java:60) [aeatk.jar:na]
	at ca.ubc.cs.beta.smac.configurator.AbstractAlgorithmFramework.updateRunHistory(AbstractAlgorithmFramework.java:1229) [smac.jar:na]
	at ca.ubc.cs.beta.smac.configurator.AbstractAlgorithmFramework.evaluateRun(AbstractAlgorithmFramework.java:1279) [smac.jar:na]
	at ca.ubc.cs.beta.smac.configurator.AbstractAlgorithmFramework.challengeIncumbent(AbstractAlgorithmFramework.java:948) [smac.jar:na]
	at ca.ubc.cs.beta.smac.configurator.AbstractAlgorithmFramework.challengeIncumbent(AbstractAlgorithmFramework.java:778) [smac.jar:na]
	at ca.ubc.cs.beta.smac.configurator.AbstractAlgorithmFramework.intensify(AbstractAlgorithmFramework.java:766) [smac.jar:na]
	at ca.ubc.cs.beta.smac.configurator.AbstractAlgorithmFramework.run(AbstractAlgorithmFramework.java:580) [smac.jar:na]
	at ca.ubc.cs.beta.smac.executors.SMACExecutor.oldMain(SMACExecutor.java:140) [smac.jar:na]
	at ca.ubc.cs.beta.smac.executors.SMACExecutor.main(SMACExecutor.java:104) [smac.jar:na]
	at sun.reflect.NativeMethodAccessorImpl.invoke0(Native Method) ~[na:1.8.0_141]
	at sun.reflect.NativeMethodAccessorImpl.invoke(NativeMethodAccessorImpl.java:62) ~[na:1.8.0_141]
	at sun.reflect.DelegatingMethodAccessorImpl.invoke(DelegatingMethodAccessorImpl.java:43) ~[na:1.8.0_141]
	at java.lang.reflect.Method.invoke(Method.java:498) ~[na:1.8.0_141]
	at ca.ubc.cs.beta.aeatk.ant.execscript.Launcher.main(Launcher.java:37) [aeatk.jar:na]
14:25:44.332 [main] INFO  c.u.c.b.a.r.FileSharingRunHistoryDecorator - Detected new source(s) of run data which we will read from : [live-rundata-26.json]
14:33:13.677 [CLI TAE (STDERR Thread - #0)] WARN  c.u.c.b.a.t.b.c.CommandLineAlgorithmRun - [PROCESS-ERR] Traceback (most recent call last):
  File "/mnt/local/smack-project/smack/bin/smack", line 13, in <module>
    smack.top.main()
  File "/mnt/local/smack-project/smack/bin/../share/smack/top.py", line 679, in main
    verify_bpl(args)
  File "/mnt/local/smack-project/smack/bin/../share/smack/top.py", line 548, in verify_bpl
    verifier_output = try_command(command, timeout=args.time_limit)
  File "/mnt/local/smack-project/smack/bin/../share/smack/utils.py", line 69, in try_command
    raise Exception(output)
Exception: Single threaded program detected
Verifying 11 impls
LB: Took 4.64 s
Verifying program while tracking: {assertsPassed, $M.0, $M.1, $M.2, $M.3, $M.4, $M.5, $M.6, $M.7, $M.8, $M.9, $M.10, $M.11, $M.12, $M.13, $M.14, $M.15, $M.16, $M.17, $M.18, $M.19, $M.20, $M.21, $M.22, $M.23, $M.24, $M.29, $M.30, $M.31, $M.32, $M.34, $M.36, $M.38, $M.39, $M.40, $M.41, $M.45, $M.46, $M.47, $M.48, $M.49, $M.50, $M.51, $M.52, $M.53, $M.54, $M.55, $M.56, $M.57, $M.58, $M.59, $M.60, $M.61, $M.62, $M.63, $M.64, $M.65, $M.66, $M.67, $M.68, $M.69, $M.70, $M.71, $M.72, $M.73, $M.74, $M.75, $M.76, $M.77, $M.78, $M.79, $M.80, $M.81, $M.82, $M.83, $M.84, $M.85, $M.86, $M.87, $M.88, $M.89, $M.90, $M.91, $M.92, $M.93, $M.94, $M.95, $M.96, $M.97, $M.98, $M.99, $M.100, $M.101, $M.102, $M.103, $M.104, $M.105, $M.106, $M.107, $M.108, $CurrAddr, $M.126, $M.127, $M.128}

Stopping: Out of memory
14:45:38.163 [CLI TAE (STDERR Thread - #0)] WARN  c.u.c.b.a.t.b.c.CommandLineAlgorithmRun - [PROCESS-ERR] SMACK found an error.
15:39:32.375 [CLI TAE (STDERR Thread - #0)] WARN  c.u.c.b.a.t.b.c.CommandLineAlgorithmRun - [PROCESS-ERR] SMACK timed out.
15:51:13.908 [CLI TAE (STDERR Thread - #0)] WARN  c.u.c.b.a.t.b.c.CommandLineAlgorithmRun - [PROCESS-ERR] Traceback (most recent call last):
  File "/mnt/local/smack-project/smack/bin/smack", line 13, in <module>
    smack.top.main()
  File "/mnt/local/smack-project/smack/bin/../share/smack/top.py", line 679, in main
    verify_bpl(args)
  File "/mnt/local/smack-project/smack/bin/../share/smack/top.py", line 548, in verify_bpl
    verifier_output = try_command(command, timeout=args.time_limit)
  File "/mnt/local/smack-project/smack/bin/../share/smack/utils.py", line 69, in try_command
    raise Exception(output)
Exception: Single threaded program detected
Verifying 26 impls
LB: Took 2.60 s
Verifying program while tracking: {assertsPassed, $M.1, $M.0, $M.3, $M.4, $M.5, $M.6, $M.7, $M.9, $M.10, $M.12, $M.13, $M.17, $M.18, $M.19, $M.20, $M.21, $M.22, $M.23, $M.24, $M.25, $M.26, $M.27, $M.28, $M.29, $M.30, $M.31, $M.32, $M.33, $M.34, $M.35, $M.36, $M.37, $M.38, $M.39, $CurrAddr, $M.44, $M.47, $M.56, $M.57, $M.58, $M.59, $M.60, $M.61, $M.62, $M.87, $M.88}
/usr/local/bin/corral: line 2: 81152 Killed                  $CORRAL "$@"
16:21:28.266 [CLI TAE (STDERR Thread - #0)] WARN  c.u.c.b.a.t.b.c.CommandLineAlgorithmRun - [PROCESS-ERR] SMACK timed out.
16:21:29.983 [main] INFO  c.u.c.b.s.c.SequentialModelBasedAlgorithmConfiguration - Updated estimated penalized average runtime (PAR10) of the same incumbent: 2766.7979742721845; estimate now based on 10 runs.
16:41:58.583 [CLI TAE (STDERR Thread - #0)] WARN  c.u.c.b.a.t.b.c.CommandLineAlgorithmRun - [PROCESS-ERR]  Traceback (most recent call last):
16:41:58.592 [CLI TAE (STDERR Thread - #0)] WARN  c.u.c.b.a.t.b.c.CommandLineAlgorithmRun - [PROCESS-ERR]    File "/mnt/local/smack-project/smack/bin/smack", line 13, in <module>
16:41:58.592 [CLI TAE (STDERR Thread - #0)] WARN  c.u.c.b.a.t.b.c.CommandLineAlgorithmRun - [PROCESS-ERR]      smack.top.main()
16:41:58.592 [CLI TAE (STDERR Thread - #0)] WARN  c.u.c.b.a.t.b.c.CommandLineAlgorithmRun - [PROCESS-ERR]    File "/mnt/local/smack-project/smack/bin/../share/smack/top.py", line 679, in main
16:41:58.592 [CLI TAE (STDERR Thread - #0)] WARN  c.u.c.b.a.t.b.c.CommandLineAlgorithmRun - [PROCESS-ERR]      verify_bpl(args)
16:41:58.592 [CLI TAE (STDERR Thread - #0)] WARN  c.u.c.b.a.t.b.c.CommandLineAlgorithmRun - [PROCESS-ERR]    File "/mnt/local/smack-project/smack/bin/../share/smack/top.py", line 548, in verify_bpl
16:41:58.592 [CLI TAE (STDERR Thread - #0)] WARN  c.u.c.b.a.t.b.c.CommandLineAlgorithmRun - [PROCESS-ERR]      verifier_output = try_command(command, timeout=args.time_limit)
16:41:58.593 [CLI TAE (STDERR Thread - #0)] WARN  c.u.c.b.a.t.b.c.CommandLineAlgorithmRun - [PROCESS-ERR]    File "/mnt/local/smack-project/smack/bin/../share/smack/utils.py", line 69, in try_command
16:41:58.593 [CLI TAE (STDERR Thread - #0)] WARN  c.u.c.b.a.t.b.c.CommandLineAlgorithmRun - [PROCESS-ERR]      raise Exception(output)
16:41:58.593 [CLI TAE (STDERR Thread - #0)] WARN  c.u.c.b.a.t.b.c.CommandLineAlgorithmRun - [PROCESS-ERR]  Exception: Single threaded program detected
16:41:58.593 [CLI TAE (STDERR Thread - #0)] WARN  c.u.c.b.a.t.b.c.CommandLineAlgorithmRun - [PROCESS-ERR]  Verifying 11 impls
16:41:58.593 [CLI TAE (STDERR Thread - #0)] WARN  c.u.c.b.a.t.b.c.CommandLineAlgorithmRun - [PROCESS-ERR]  LB: Took 4.28 s
16:41:58.593 [CLI TAE (STDERR Thread - #0)] WARN  c.u.c.b.a.t.b.c.CommandLineAlgorithmRun - [PROCESS-ERR]  Verifying program while tracking: {assertsPassed, $M.0, $M.1, $M.2, $M.3, $M.4, $M.5, $M.6, $M.7, $M.8, $M.9, $M.10, $M.11, $M.12, $M.13, $M.14, $M.15, $M.16, $M.17, $M.18, $M.19, $M.20, $M.21, $M.22, $M.23, $M.24, $M.29, $M.30, $M.31, $M.32, $M.34, $M.36, $M.38, $M.39, $M.40, $M.41, $M.45, $M.46, $M.47, $M.48, $M.49, $M.50, $M.51, $M.52, $M.53, $M.54, $M.55, $M.56, $M.57, $M.58, $M.59, $M.60, $M.61, $M.62, $M.63, $M.64, $M.65, $M.66, $M.67, $M.68, $M.69, $M.70, $M.71, $M.72, $M.73, $M.74, $M.75, $M.76, $M.77, $M.78, $M.79, $M.80, $M.81, $M.82, $M.83, $M.84, $M.85, $M.86, $M.87, $M.88, $M.89, $M.90, $M.91, $M.92, $M.93, $M.94, $M.95, $M.96, $M.97, $M.98, $M.99, $M.100, $M.101, $M.102, $M.103, $M.104, $M.105, $M.106, $M.107, $M.108, $CurrAddr, $M.126, $M.127, $M.128}
16:41:58.593 [CLI TAE (STDERR Thread - #0)] WARN  c.u.c.b.a.t.b.c.CommandLineAlgorithmRun - [PROCESS-ERR]  /usr/local/bin/corral: line 2: 86297 Killed                  $CORRAL "$@"
16:41:58.595 [CLI TAE (STDERR Thread - #0)] WARN  c.u.c.b.a.t.b.c.CommandLineAlgorithmRun - [PROCESS-ERR]  
17:03:20.527 [CLI TAE (STDERR Thread - #0)] WARN  c.u.c.b.a.t.b.c.CommandLineAlgorithmRun - [PROCESS-ERR] Traceback (most recent call last):
  File "/mnt/local/smack-project/smack/bin/smack", line 13, in <module>
    smack.top.main()
  File "/mnt/local/smack-project/smack/bin/../share/smack/top.py", line 679, in main
    verify_bpl(args)
  File "/mnt/local/smack-project/smack/bin/../share/smack/top.py", line 548, in verify_bpl
    verifier_output = try_command(command, timeout=args.time_limit)
  File "/mnt/local/smack-project/smack/bin/../share/smack/utils.py", line 69, in try_command
    raise Exception(output)
Exception: Single threaded program detected
Verifying 153 impls
LB: Took 57.14 s
Verifying program while tracking: {assertsPassed, $M.0, $M.1, $M.2, $M.3, $M.4, $M.5, $M.6, $M.7, $M.8, $M.9, $M.10, $M.11, $M.12, $M.13, $M.14, $M.15, $M.16, $M.17, $M.18, $M.19, $M.20, $M.21, $M.22, $M.23, $M.24, $M.25, $M.26, $M.27, $M.28, $M.29, $M.30, $M.31, $M.32, $M.33, $M.34, $M.35, $M.36, $M.37, $M.38, $M.39, $M.40, $M.41, $M.42, $M.43, $M.44, $M.45, $M.46, $M.47, $M.48, $M.49, $M.50, $M.51, $M.52, $M.53, $M.54, $M.55, $M.56, $M.57, $M.58, $M.59, $M.60, $M.61, $M.62, $M.63, $M.64, $M.65, $M.66, $M.67, $M.68, $M.69, $M.70, $M.71, $M.72, $M.73, $M.74, $M.75, $M.76, $M.77, $M.78, $M.79, $M.80, $M.81, $M.82, $M.83, $M.84, $M.85, $M.86, $M.87, $M.88, $M.89, $M.90, $M.91, $M.92, $M.93, $M.94, $M.95, $M.96, $M.97, $M.98, $M.99, $M.100, $M.101, $M.102, $M.103, $M.104, $M.105, $M.106, $M.107, $M.109, $M.110, $M.111, $M.112, $M.113, $M.114, $M.115, $M.116, $M.117, $M.118, $M.119, $M.120, $M.121, $M.122, $M.123, $M.124, $M.125, $M.126, $M.127, $M.128, $M.129, $M.130, $CurrAddr, $M.135, $M.136, $M.137, $M.138, $M.139, $M.140, $M.141, $M.157, $M.158, $M.159, $M.160, $M.161, $M.162, $M.163, $M.164, $M.165}
/usr/local/bin/corral: line 2: 88107 Killed                  $CORRAL "$@"
17:03:20.843 [main] WARN  c.u.c.b.a.r.FileSharingRunHistoryDecorator - Error occurred reading file in shared run history /proj/SMACK/smac/smac-output/smack-scenario_ldv/live-rundata-31.json. We will keep trying to read this file, but will only log another error after it succeeds once. We may not be able to get it's run data but we should be able to continue
java.lang.RuntimeException: Unrecognized token 'c': was expecting ('true', 'false' or 'null')
 at [Source: /proj/SMACK/smac/smac-output/smack-scenario_ldv/live-rundata-31.json; line: 16926, column: 4]
	at com.fasterxml.jackson.databind.MappingIterator.hasNext(MappingIterator.java:112) ~[jackson-databind-2.3.1.jar:2.3.1]
	at ca.ubc.cs.beta.aeatk.runhistory.FileSharingRunHistoryDecorator.readRunsFromFile(FileSharingRunHistoryDecorator.java:418) [aeatk.jar:na]
	at ca.ubc.cs.beta.aeatk.runhistory.FileSharingRunHistoryDecorator.reReadFiles(FileSharingRunHistoryDecorator.java:339) [aeatk.jar:na]
	at ca.ubc.cs.beta.aeatk.runhistory.FileSharingRunHistoryDecorator.append(FileSharingRunHistoryDecorator.java:239) [aeatk.jar:na]
	at ca.ubc.cs.beta.aeatk.runhistory.FileSharingRunHistoryDecorator.append(FileSharingRunHistoryDecorator.java:502) [aeatk.jar:na]
	at ca.ubc.cs.beta.aeatk.runhistory.TeeRunHistory.append(TeeRunHistory.java:33) [aeatk.jar:na]
	at ca.ubc.cs.beta.aeatk.runhistory.ThreadSafeRunHistoryWrapper.append(ThreadSafeRunHistoryWrapper.java:60) [aeatk.jar:na]
	at ca.ubc.cs.beta.smac.configurator.AbstractAlgorithmFramework.updateRunHistory(AbstractAlgorithmFramework.java:1229) [smac.jar:na]
	at ca.ubc.cs.beta.smac.configurator.AbstractAlgorithmFramework.evaluateRun(AbstractAlgorithmFramework.java:1279) [smac.jar:na]
	at ca.ubc.cs.beta.smac.configurator.AbstractAlgorithmFramework.evaluateRun(AbstractAlgorithmFramework.java:1245) [smac.jar:na]
	at ca.ubc.cs.beta.smac.configurator.AbstractAlgorithmFramework.challengeIncumbent(AbstractAlgorithmFramework.java:804) [smac.jar:na]
	at ca.ubc.cs.beta.smac.configurator.AbstractAlgorithmFramework.challengeIncumbent(AbstractAlgorithmFramework.java:778) [smac.jar:na]
	at ca.ubc.cs.beta.smac.configurator.AbstractAlgorithmFramework.intensify(AbstractAlgorithmFramework.java:766) [smac.jar:na]
	at ca.ubc.cs.beta.smac.configurator.AbstractAlgorithmFramework.run(AbstractAlgorithmFramework.java:580) [smac.jar:na]
	at ca.ubc.cs.beta.smac.executors.SMACExecutor.oldMain(SMACExecutor.java:140) [smac.jar:na]
	at ca.ubc.cs.beta.smac.executors.SMACExecutor.main(SMACExecutor.java:104) [smac.jar:na]
	at sun.reflect.NativeMethodAccessorImpl.invoke0(Native Method) ~[na:1.8.0_141]
	at sun.reflect.NativeMethodAccessorImpl.invoke(NativeMethodAccessorImpl.java:62) ~[na:1.8.0_141]
	at sun.reflect.DelegatingMethodAccessorImpl.invoke(DelegatingMethodAccessorImpl.java:43) ~[na:1.8.0_141]
	at java.lang.reflect.Method.invoke(Method.java:498) ~[na:1.8.0_141]
	at ca.ubc.cs.beta.aeatk.ant.execscript.Launcher.main(Launcher.java:37) [aeatk.jar:na]
Caused by: com.fasterxml.jackson.core.JsonParseException: Unrecognized token 'c': was expecting ('true', 'false' or 'null')
 at [Source: /proj/SMACK/smac/smac-output/smack-scenario_ldv/live-rundata-31.json; line: 16926, column: 4]
	at com.fasterxml.jackson.core.JsonParser._constructError(JsonParser.java:1524) ~[jackson-core-2.3.1.jar:2.3.1]
	at com.fasterxml.jackson.core.base.ParserMinimalBase._reportError(ParserMinimalBase.java:557) ~[jackson-core-2.3.1.jar:2.3.1]
	at com.fasterxml.jackson.core.json.UTF8StreamJsonParser._reportInvalidToken(UTF8StreamJsonParser.java:3095) ~[jackson-core-2.3.1.jar:2.3.1]
	at com.fasterxml.jackson.core.json.UTF8StreamJsonParser._handleUnexpectedValue(UTF8StreamJsonParser.java:2340) ~[jackson-core-2.3.1.jar:2.3.1]
	at com.fasterxml.jackson.core.json.UTF8StreamJsonParser._nextTokenNotInObject(UTF8StreamJsonParser.java:818) ~[jackson-core-2.3.1.jar:2.3.1]
	at com.fasterxml.jackson.core.json.UTF8StreamJsonParser.nextToken(UTF8StreamJsonParser.java:698) ~[jackson-core-2.3.1.jar:2.3.1]
	at com.fasterxml.jackson.databind.MappingIterator.hasNextValue(MappingIterator.java:159) ~[jackson-databind-2.3.1.jar:2.3.1]
	at com.fasterxml.jackson.databind.MappingIterator.hasNext(MappingIterator.java:108) ~[jackson-databind-2.3.1.jar:2.3.1]
	... 20 common frames omitted
17:18:40.421 [CLI TAE (STDERR Thread - #0)] WARN  c.u.c.b.a.t.b.c.CommandLineAlgorithmRun - [PROCESS-ERR]  Traceback (most recent call last):
17:18:40.430 [CLI TAE (STDERR Thread - #0)] WARN  c.u.c.b.a.t.b.c.CommandLineAlgorithmRun - [PROCESS-ERR]    File "/mnt/local/smack-project/smack/bin/smack", line 13, in <module>
17:18:40.431 [CLI TAE (STDERR Thread - #0)] WARN  c.u.c.b.a.t.b.c.CommandLineAlgorithmRun - [PROCESS-ERR]      smack.top.main()
17:18:40.431 [CLI TAE (STDERR Thread - #0)] WARN  c.u.c.b.a.t.b.c.CommandLineAlgorithmRun - [PROCESS-ERR]    File "/mnt/local/smack-project/smack/bin/../share/smack/top.py", line 679, in main
17:18:40.431 [CLI TAE (STDERR Thread - #0)] WARN  c.u.c.b.a.t.b.c.CommandLineAlgorithmRun - [PROCESS-ERR]      verify_bpl(args)
17:18:40.431 [CLI TAE (STDERR Thread - #0)] WARN  c.u.c.b.a.t.b.c.CommandLineAlgorithmRun - [PROCESS-ERR]    File "/mnt/local/smack-project/smack/bin/../share/smack/top.py", line 548, in verify_bpl
17:18:40.431 [CLI TAE (STDERR Thread - #0)] WARN  c.u.c.b.a.t.b.c.CommandLineAlgorithmRun - [PROCESS-ERR]      verifier_output = try_command(command, timeout=args.time_limit)
17:18:40.431 [CLI TAE (STDERR Thread - #0)] WARN  c.u.c.b.a.t.b.c.CommandLineAlgorithmRun - [PROCESS-ERR]    File "/mnt/local/smack-project/smack/bin/../share/smack/utils.py", line 69, in try_command
17:18:40.432 [CLI TAE (STDERR Thread - #0)] WARN  c.u.c.b.a.t.b.c.CommandLineAlgorithmRun - [PROCESS-ERR]      raise Exception(output)
17:18:40.432 [CLI TAE (STDERR Thread - #0)] WARN  c.u.c.b.a.t.b.c.CommandLineAlgorithmRun - [PROCESS-ERR]  Exception: Single threaded program detected
17:18:40.432 [CLI TAE (STDERR Thread - #0)] WARN  c.u.c.b.a.t.b.c.CommandLineAlgorithmRun - [PROCESS-ERR]  Verifying 11 impls
17:18:40.432 [CLI TAE (STDERR Thread - #0)] WARN  c.u.c.b.a.t.b.c.CommandLineAlgorithmRun - [PROCESS-ERR]  LB: Took 3.30 s
17:18:40.432 [CLI TAE (STDERR Thread - #0)] WARN  c.u.c.b.a.t.b.c.CommandLineAlgorithmRun - [PROCESS-ERR]  Verifying program while tracking: {assertsPassed, $M.0, $M.1, $M.2, $M.3, $M.4, $M.5, $M.6, $M.7, $M.8, $M.9, $M.10, $M.11, $M.12, $M.13, $M.14, $M.15, $M.16, $M.17, $M.18, $M.19, $M.20, $M.21, $M.22, $M.23, $M.24, $M.29, $M.30, $M.31, $M.32, $M.34, $M.36, $M.38, $M.39, $M.40, $M.41, $M.45, $M.46, $M.47, $M.48, $M.49, $M.50, $M.51, $M.52, $M.53, $M.54, $M.55, $M.56, $M.57, $M.58, $M.59, $M.60, $M.61, $M.62, $M.63, $M.64, $M.65, $M.66, $M.67, $M.68, $M.69, $M.70, $M.71, $M.72, $M.73, $M.74, $M.75, $M.76, $M.77, $M.78, $M.79, $M.80, $M.81, $M.82, $M.83, $M.84, $M.85, $M.86, $M.87, $M.88, $M.89, $M.90, $M.91, $M.92, $M.93, $M.94, $M.95, $M.96, $M.97, $M.98, $M.99, $M.100, $M.101, $M.102, $M.103, $M.104, $M.105, $M.106, $M.107, $M.108, $CurrAddr, $M.126, $M.127, $M.128}
17:18:40.432 [CLI TAE (STDERR Thread - #0)] WARN  c.u.c.b.a.t.b.c.CommandLineAlgorithmRun - [PROCESS-ERR]  /usr/local/bin/corral: line 2: 90609 Killed                  $CORRAL "$@"
17:18:40.433 [CLI TAE (STDERR Thread - #0)] WARN  c.u.c.b.a.t.b.c.CommandLineAlgorithmRun - [PROCESS-ERR]  
17:52:02.607 [CLI TAE (STDERR Thread - #0)] WARN  c.u.c.b.a.t.b.c.CommandLineAlgorithmRun - [PROCESS-ERR] SMACK timed out.
18:22:34.127 [CLI TAE (STDERR Thread - #0)] WARN  c.u.c.b.a.t.b.c.CommandLineAlgorithmRun - [PROCESS-ERR]  SMACK timed out.
18:53:00.097 [CLI TAE (STDERR Thread - #0)] WARN  c.u.c.b.a.t.b.c.CommandLineAlgorithmRun - [PROCESS-ERR] SMACK timed out.
19:26:22.698 [CLI TAE (STDERR Thread - #0)] WARN  c.u.c.b.a.t.b.c.CommandLineAlgorithmRun - [PROCESS-ERR]  SMACK timed out.
19:29:24.649 [CLI TAE Observer Threads (2-1)] WARN  c.u.c.b.a.t.d.s.TimingCheckerTargetAlgorithmEvaluator - We have been waiting for 180.074 seconds for a run that should have taken at most 36.48019795154333 seconds.
 The sample call for the run that is delayed is: cd "/proj/SMACK/smac" ;  example_scenarios/filesSmac/wrapper.py /proj/SMACK/sv-benchmarks/c/ldv-linux-3.4-simple/43_1a_cilled_true-unreach-call_ok_nondet_linux-43_1a-drivers--mfd--wl1273-core.ko-ldv_main0_sequence_infinite_withcheck_stateful.cil.out.c 0 36.48019795154333 2147483647 -1 -/bopt:boolControlVC 'False' -/bopt:z3opt:SMT.MBQI 'True' -/bopt:z3opt:SMT.MBQI.MAX_ITERATIONS '23643' -/deepAsserts 'False' -/di 'False' -/doNotUseLabels 'True' -/noCallTreeReuse 'False' -/noInitPruning 'True' -/nonUniformUnfolding 'False' -/staticInlining 'True' -/trackAllVars 'False' -/useArrayTheoryCheck '2' -bit-precise 'True' -unroll '16'  
19:32:52.043 [CLI TAE Observer Threads (2-1)] WARN  c.u.c.b.a.t.d.h.KillCaptimeExceedingRunsRunsTargetAlgorithmEvaluatorDecorator - Killed run <Instance:944, Seed:-1, Config:0x4015C, Kappa:36.48019795154333, Execution Config: 0x0001> at 364.97004999999996 for exceeding 10.0 times its cutoff time of 36.48019795154333 (secs)
19:34:20.533 [main] INFO  c.u.c.b.a.r.FileSharingRunHistoryDecorator - Successfully read file: /proj/SMACK/smac/smac-output/smack-scenario_ldv/live-rundata-31.json after previously logged error
19:46:14.680 [CLI TAE (STDERR Thread - #0)] WARN  c.u.c.b.a.t.b.c.CommandLineAlgorithmRun - [PROCESS-ERR]  Traceback (most recent call last):
19:46:14.685 [CLI TAE (STDERR Thread - #0)] WARN  c.u.c.b.a.t.b.c.CommandLineAlgorithmRun - [PROCESS-ERR]    File "/mnt/local/smack-project/smack/bin/smack", line 13, in <module>
19:46:14.686 [CLI TAE (STDERR Thread - #0)] WARN  c.u.c.b.a.t.b.c.CommandLineAlgorithmRun - [PROCESS-ERR]      smack.top.main()
19:46:14.686 [CLI TAE (STDERR Thread - #0)] WARN  c.u.c.b.a.t.b.c.CommandLineAlgorithmRun - [PROCESS-ERR]    File "/mnt/local/smack-project/smack/bin/../share/smack/top.py", line 679, in main
19:46:14.687 [CLI TAE (STDERR Thread - #0)] WARN  c.u.c.b.a.t.b.c.CommandLineAlgorithmRun - [PROCESS-ERR]      verify_bpl(args)
19:46:14.688 [CLI TAE (STDERR Thread - #0)] WARN  c.u.c.b.a.t.b.c.CommandLineAlgorithmRun - [PROCESS-ERR]    File "/mnt/local/smack-project/smack/bin/../share/smack/top.py", line 548, in verify_bpl
19:46:14.688 [CLI TAE (STDERR Thread - #0)] WARN  c.u.c.b.a.t.b.c.CommandLineAlgorithmRun - [PROCESS-ERR]      verifier_output = try_command(command, timeout=args.time_limit)
19:46:14.688 [CLI TAE (STDERR Thread - #0)] WARN  c.u.c.b.a.t.b.c.CommandLineAlgorithmRun - [PROCESS-ERR]    File "/mnt/local/smack-project/smack/bin/../share/smack/utils.py", line 69, in try_command
19:46:14.688 [CLI TAE (STDERR Thread - #0)] WARN  c.u.c.b.a.t.b.c.CommandLineAlgorithmRun - [PROCESS-ERR]      raise Exception(output)
19:46:14.688 [CLI TAE (STDERR Thread - #0)] WARN  c.u.c.b.a.t.b.c.CommandLineAlgorithmRun - [PROCESS-ERR]  Exception: Single threaded program detected
19:46:14.688 [CLI TAE (STDERR Thread - #0)] WARN  c.u.c.b.a.t.b.c.CommandLineAlgorithmRun - [PROCESS-ERR]  Verifying 14 impls
19:46:14.688 [CLI TAE (STDERR Thread - #0)] WARN  c.u.c.b.a.t.b.c.CommandLineAlgorithmRun - [PROCESS-ERR]  LB: Took 32.13 s
19:46:14.688 [CLI TAE (STDERR Thread - #0)] WARN  c.u.c.b.a.t.b.c.CommandLineAlgorithmRun - [PROCESS-ERR]  Verifying program while tracking: {assertsPassed, $M.0, $M.1, $M.2, $M.3, $M.4, $M.5, $M.6, $M.7, $M.8, $M.9, $M.10, $M.11, $M.12, $M.13, $M.14, $M.15, $M.16, $M.17, $M.18, $M.19, $M.20, $M.21, $M.22, $M.23, $M.24, $M.25, $M.26, $M.27, $M.28, $M.29, $M.30, $M.31, $M.32, $CurrAddr}
19:46:14.688 [CLI TAE (STDERR Thread - #0)] WARN  c.u.c.b.a.t.b.c.CommandLineAlgorithmRun - [PROCESS-ERR]  /usr/local/bin/corral: line 2: 113074 Killed                  $CORRAL "$@"
19:46:14.688 [CLI TAE (STDERR Thread - #0)] WARN  c.u.c.b.a.t.b.c.CommandLineAlgorithmRun - [PROCESS-ERR]  
19:46:15.018 [main] WARN  c.u.c.b.a.r.FileSharingRunHistoryDecorator - Error occurred reading file in shared run history /proj/SMACK/smac/smac-output/smack-scenario_ldv/live-rundata-31.json. We will keep trying to read this file, but will only log another error after it succeeds once. We may not be able to get it's run data but we should be able to continue
com.fasterxml.jackson.core.JsonParseException: Unexpected character ('{' (code 123)): was expecting comma to separate OBJECT entries
 at [Source: /proj/SMACK/smac/smac-output/smack-scenario_ldv/live-rundata-31.json; line: 17013, column: 33]
	at com.fasterxml.jackson.core.JsonParser._constructError(JsonParser.java:1524) ~[jackson-core-2.3.1.jar:2.3.1]
	at com.fasterxml.jackson.core.base.ParserMinimalBase._reportError(ParserMinimalBase.java:557) ~[jackson-core-2.3.1.jar:2.3.1]
	at com.fasterxml.jackson.core.base.ParserMinimalBase._reportUnexpectedChar(ParserMinimalBase.java:475) ~[jackson-core-2.3.1.jar:2.3.1]
	at com.fasterxml.jackson.core.json.UTF8StreamJsonParser.nextToken(UTF8StreamJsonParser.java:688) ~[jackson-core-2.3.1.jar:2.3.1]
	at com.fasterxml.jackson.core.base.ParserMinimalBase.nextValue(ParserMinimalBase.java:123) ~[jackson-core-2.3.1.jar:2.3.1]
	at ca.ubc.cs.beta.aeatk.json.serializers.AlgorithmRunResultJson$AlgorithmRunDeserializer.deserialize(AlgorithmRunResultJson.java:57) ~[aeatk.jar:na]
	at ca.ubc.cs.beta.aeatk.json.serializers.AlgorithmRunResultJson$AlgorithmRunDeserializer.deserialize(AlgorithmRunResultJson.java:30) ~[aeatk.jar:na]
	at com.fasterxml.jackson.databind.MappingIterator.nextValue(MappingIterator.java:189) ~[jackson-databind-2.3.1.jar:2.3.1]
	at ca.ubc.cs.beta.aeatk.runhistory.FileSharingRunHistoryDecorator.readRunsFromFile(FileSharingRunHistoryDecorator.java:421) [aeatk.jar:na]
	at ca.ubc.cs.beta.aeatk.runhistory.FileSharingRunHistoryDecorator.reReadFiles(FileSharingRunHistoryDecorator.java:339) [aeatk.jar:na]
	at ca.ubc.cs.beta.aeatk.runhistory.FileSharingRunHistoryDecorator.append(FileSharingRunHistoryDecorator.java:239) [aeatk.jar:na]
	at ca.ubc.cs.beta.aeatk.runhistory.FileSharingRunHistoryDecorator.append(FileSharingRunHistoryDecorator.java:502) [aeatk.jar:na]
	at ca.ubc.cs.beta.aeatk.runhistory.TeeRunHistory.append(TeeRunHistory.java:33) [aeatk.jar:na]
	at ca.ubc.cs.beta.aeatk.runhistory.ThreadSafeRunHistoryWrapper.append(ThreadSafeRunHistoryWrapper.java:60) [aeatk.jar:na]
	at ca.ubc.cs.beta.smac.configurator.AbstractAlgorithmFramework.updateRunHistory(AbstractAlgorithmFramework.java:1229) [smac.jar:na]
	at ca.ubc.cs.beta.smac.configurator.AbstractAlgorithmFramework.evaluateRun(AbstractAlgorithmFramework.java:1279) [smac.jar:na]
	at ca.ubc.cs.beta.smac.configurator.AbstractAlgorithmFramework.evaluateRun(AbstractAlgorithmFramework.java:1245) [smac.jar:na]
	at ca.ubc.cs.beta.smac.configurator.AbstractAlgorithmFramework.challengeIncumbent(AbstractAlgorithmFramework.java:804) [smac.jar:na]
	at ca.ubc.cs.beta.smac.configurator.AbstractAlgorithmFramework.challengeIncumbent(AbstractAlgorithmFramework.java:778) [smac.jar:na]
	at ca.ubc.cs.beta.smac.configurator.AbstractAlgorithmFramework.intensify(AbstractAlgorithmFramework.java:766) [smac.jar:na]
	at ca.ubc.cs.beta.smac.configurator.AbstractAlgorithmFramework.run(AbstractAlgorithmFramework.java:580) [smac.jar:na]
	at ca.ubc.cs.beta.smac.executors.SMACExecutor.oldMain(SMACExecutor.java:140) [smac.jar:na]
	at ca.ubc.cs.beta.smac.executors.SMACExecutor.main(SMACExecutor.java:104) [smac.jar:na]
	at sun.reflect.NativeMethodAccessorImpl.invoke0(Native Method) ~[na:1.8.0_141]
	at sun.reflect.NativeMethodAccessorImpl.invoke(NativeMethodAccessorImpl.java:62) ~[na:1.8.0_141]
	at sun.reflect.DelegatingMethodAccessorImpl.invoke(DelegatingMethodAccessorImpl.java:43) ~[na:1.8.0_141]
	at java.lang.reflect.Method.invoke(Method.java:498) ~[na:1.8.0_141]
	at ca.ubc.cs.beta.aeatk.ant.execscript.Launcher.main(Launcher.java:37) [aeatk.jar:na]
20:17:01.798 [CLI TAE (STDERR Thread - #0)] WARN  c.u.c.b.a.t.b.c.CommandLineAlgorithmRun - [PROCESS-ERR]  SMACK timed out.
20:33:00.601 [CLI TAE (STDERR Thread - #0)] WARN  c.u.c.b.a.t.b.c.CommandLineAlgorithmRun - [PROCESS-ERR]  Traceback (most recent call last):
20:33:00.603 [CLI TAE (STDERR Thread - #0)] WARN  c.u.c.b.a.t.b.c.CommandLineAlgorithmRun - [PROCESS-ERR]    File "/mnt/local/smack-project/smack/bin/smack", line 13, in <module>
20:33:00.604 [CLI TAE (STDERR Thread - #0)] WARN  c.u.c.b.a.t.b.c.CommandLineAlgorithmRun - [PROCESS-ERR]      smack.top.main()
20:33:00.604 [CLI TAE (STDERR Thread - #0)] WARN  c.u.c.b.a.t.b.c.CommandLineAlgorithmRun - [PROCESS-ERR]    File "/mnt/local/smack-project/smack/bin/../share/smack/top.py", line 679, in main
20:33:00.604 [CLI TAE (STDERR Thread - #0)] WARN  c.u.c.b.a.t.b.c.CommandLineAlgorithmRun - [PROCESS-ERR]      verify_bpl(args)
20:33:00.604 [CLI TAE (STDERR Thread - #0)] WARN  c.u.c.b.a.t.b.c.CommandLineAlgorithmRun - [PROCESS-ERR]    File "/mnt/local/smack-project/smack/bin/../share/smack/top.py", line 548, in verify_bpl
20:33:00.604 [CLI TAE (STDERR Thread - #0)] WARN  c.u.c.b.a.t.b.c.CommandLineAlgorithmRun - [PROCESS-ERR]      verifier_output = try_command(command, timeout=args.time_limit)
20:33:00.604 [CLI TAE (STDERR Thread - #0)] WARN  c.u.c.b.a.t.b.c.CommandLineAlgorithmRun - [PROCESS-ERR]    File "/mnt/local/smack-project/smack/bin/../share/smack/utils.py", line 69, in try_command
20:33:00.604 [CLI TAE (STDERR Thread - #0)] WARN  c.u.c.b.a.t.b.c.CommandLineAlgorithmRun - [PROCESS-ERR]      raise Exception(output)
20:33:00.604 [CLI TAE (STDERR Thread - #0)] WARN  c.u.c.b.a.t.b.c.CommandLineAlgorithmRun - [PROCESS-ERR]  Exception: Single threaded program detected
20:33:00.605 [CLI TAE (STDERR Thread - #0)] WARN  c.u.c.b.a.t.b.c.CommandLineAlgorithmRun - [PROCESS-ERR]  LB: Took 0.37 s
20:33:00.605 [CLI TAE (STDERR Thread - #0)] WARN  c.u.c.b.a.t.b.c.CommandLineAlgorithmRun - [PROCESS-ERR]  Verifying program while tracking: {assertsPassed, $M.0, $M.3}
20:33:00.605 [CLI TAE (STDERR Thread - #0)] WARN  c.u.c.b.a.t.b.c.CommandLineAlgorithmRun - [PROCESS-ERR]  /usr/local/bin/corral: line 2: 121391 Killed                  $CORRAL "$@"
20:33:00.605 [CLI TAE (STDERR Thread - #0)] WARN  c.u.c.b.a.t.b.c.CommandLineAlgorithmRun - [PROCESS-ERR]  
21:03:29.822 [CLI TAE (STDERR Thread - #0)] WARN  c.u.c.b.a.t.b.c.CommandLineAlgorithmRun - [PROCESS-ERR]  SMACK timed out.
21:18:42.185 [CLI TAE (STDERR Thread - #0)] WARN  c.u.c.b.a.t.b.c.CommandLineAlgorithmRun - [PROCESS-ERR]  Traceback (most recent call last):
21:18:42.188 [CLI TAE (STDERR Thread - #0)] WARN  c.u.c.b.a.t.b.c.CommandLineAlgorithmRun - [PROCESS-ERR]    File "/mnt/local/smack-project/smack/bin/smack", line 13, in <module>
21:18:42.188 [CLI TAE (STDERR Thread - #0)] WARN  c.u.c.b.a.t.b.c.CommandLineAlgorithmRun - [PROCESS-ERR]      smack.top.main()
21:18:42.188 [CLI TAE (STDERR Thread - #0)] WARN  c.u.c.b.a.t.b.c.CommandLineAlgorithmRun - [PROCESS-ERR]    File "/mnt/local/smack-project/smack/bin/../share/smack/top.py", line 679, in main
21:18:42.188 [CLI TAE (STDERR Thread - #0)] WARN  c.u.c.b.a.t.b.c.CommandLineAlgorithmRun - [PROCESS-ERR]      verify_bpl(args)
21:18:42.188 [CLI TAE (STDERR Thread - #0)] WARN  c.u.c.b.a.t.b.c.CommandLineAlgorithmRun - [PROCESS-ERR]    File "/mnt/local/smack-project/smack/bin/../share/smack/top.py", line 548, in verify_bpl
21:18:42.188 [CLI TAE (STDERR Thread - #0)] WARN  c.u.c.b.a.t.b.c.CommandLineAlgorithmRun - [PROCESS-ERR]      verifier_output = try_command(command, timeout=args.time_limit)
21:18:42.188 [CLI TAE (STDERR Thread - #0)] WARN  c.u.c.b.a.t.b.c.CommandLineAlgorithmRun - [PROCESS-ERR]    File "/mnt/local/smack-project/smack/bin/../share/smack/utils.py", line 69, in try_command
21:18:42.189 [CLI TAE (STDERR Thread - #0)] WARN  c.u.c.b.a.t.b.c.CommandLineAlgorithmRun - [PROCESS-ERR]      raise Exception(output)
21:18:42.189 [CLI TAE (STDERR Thread - #0)] WARN  c.u.c.b.a.t.b.c.CommandLineAlgorithmRun - [PROCESS-ERR]  Exception: Single threaded program detected
21:18:42.189 [CLI TAE (STDERR Thread - #0)] WARN  c.u.c.b.a.t.b.c.CommandLineAlgorithmRun - [PROCESS-ERR]  Verifying 11 impls
21:18:42.189 [CLI TAE (STDERR Thread - #0)] WARN  c.u.c.b.a.t.b.c.CommandLineAlgorithmRun - [PROCESS-ERR]  LB: Took 1.76 s
21:18:42.191 [CLI TAE (STDERR Thread - #0)] WARN  c.u.c.b.a.t.b.c.CommandLineAlgorithmRun - [PROCESS-ERR]  Verifying program while tracking: {assertsPassed, $M.0, $M.1, $M.2, $M.3, $M.5, $M.7, $M.9, $M.10, $M.12, $M.13, $M.14, $M.15, $M.16, $M.17, $M.18, $M.19, $M.20, $M.22, $M.24, $M.23, $M.26, $M.25, $M.27, $M.28, $M.29, $M.31, $M.32, $M.36, $M.33, $M.34, $M.35, $M.37, $M.39, $M.41, $M.42, $M.43, $M.44, $M.45, $M.46, $M.47, $M.48, $M.49, $M.50, $M.51, $M.52, $M.54, $M.55, $M.56, $M.57, $M.58, $M.59, $M.60, $M.61, $M.62, $M.63, $M.64, $M.65, $M.66, $M.67, $M.68, $M.69, $M.70, $M.71, $M.72, $M.73, $M.74, $M.75, $M.76, $M.77, $M.78, $M.79, $M.80, $M.81, $M.82, $M.83, $M.84, $M.85, $M.86, $M.87, $M.88, $M.89, $M.90, $M.91, $M.92, $M.93, $M.94, $M.95, $M.96, $M.97, $M.98, $M.99, $M.100, $M.101, $M.102, $M.103, $M.104, $M.105, $M.106, $M.107, $M.108, $M.109, $M.110, $M.111, $M.112, $M.113, $M.114, $M.115, $M.116, $CurrAddr, $M.124, $M.125, $M.126}
21:18:42.191 [CLI TAE (STDERR Thread - #0)] WARN  c.u.c.b.a.t.b.c.CommandLineAlgorithmRun - [PROCESS-ERR]  /usr/local/bin/corral: line 2: 131738 Killed                  $CORRAL "$@"
21:18:42.191 [CLI TAE (STDERR Thread - #0)] WARN  c.u.c.b.a.t.b.c.CommandLineAlgorithmRun - [PROCESS-ERR]  
21:47:53.083 [CLI TAE Observer Threads (2-2)] WARN  c.u.c.b.a.t.d.s.TimingCheckerTargetAlgorithmEvaluator - We have been waiting for 1749.72 seconds for a run that should have taken at most 583.1540285501361 seconds.
 The sample call for the run that is delayed is: cd "/proj/SMACK/smac" ;  example_scenarios/filesSmac/wrapper.py /proj/SMACK/sv-benchmarks/c/ldv-challenges/linux-3.14__complex_emg__linux-alloc-spinlock__drivers-net-xen-netfront_false-unreach-call.cil.c 0 583.1540285501361 2147483647 -1 -/bopt:boolControlVC 'False' -/bopt:z3opt:SMT.MBQI 'False' -/deepAsserts 'False' -/di 'True' -/doNotUseLabels 'True' -/noCallTreeReuse 'False' -/noInitPruning 'False' -/nonUniformUnfolding 'False' -/staticInlining 'False' -/trackAllVars 'False' -/useArrayTheoryCheck '0' -bit-precise 'False' -unroll '16'  
21:49:32.700 [CLI TAE (STDERR Thread - #0)] WARN  c.u.c.b.a.t.b.c.CommandLineAlgorithmRun - [PROCESS-ERR] SMACK timed out.
21:52:42.832 [CLI TAE Observer Threads (2-2)] WARN  c.u.c.b.a.t.d.s.TimingCheckerTargetAlgorithmEvaluator - We have been waiting for 180.181 seconds for a run that should have taken at most 21.803963359791044 seconds.
 The sample call for the run that is delayed is: cd "/proj/SMACK/smac" ;  example_scenarios/filesSmac/wrapper.py /proj/SMACK/sv-benchmarks/c/ldv-linux-3.4-simple/43_1a_cilled_true-unreach-call_ok_nondet_linux-43_1a-drivers--mfd--wl1273-core.ko-ldv_main0_sequence_infinite_withcheck_stateful.cil.out.c 0 21.803963359791044 2147483647 -1 -/bopt:boolControlVC 'False' -/bopt:z3opt:SMT.MBQI 'False' -/deepAsserts 'False' -/di 'False' -/doNotUseLabels 'False' -/noCallTreeReuse 'False' -/noInitPruning 'True' -/nonUniformUnfolding 'True' -/staticInlining 'True' -/trackAllVars 'False' -/useArrayTheoryCheck '1' -bit-precise 'True' -unroll '16'  
21:53:32.242 [CLI TAE Observer Threads (2-2)] WARN  c.u.c.b.a.t.d.h.KillCaptimeExceedingRunsRunsTargetAlgorithmEvaluatorDecorator - Killed run <Instance:944, Seed:-1, Config:0x545AC, Kappa:21.803963359791044, Execution Config: 0x0001> at 218.2112 for exceeding 10.0 times its cutoff time of 21.803963359791044 (secs)
21:53:34.263 [main] INFO  c.u.c.b.s.c.SequentialModelBasedAlgorithmConfiguration - Updated estimated penalized average runtime (PAR10) of the same incumbent: 2664.6426738850396; estimate now based on 20 runs.
22:08:43.660 [CLI TAE (STDERR Thread - #0)] WARN  c.u.c.b.a.t.b.c.CommandLineAlgorithmRun - [PROCESS-ERR]  Traceback (most recent call last):
22:08:43.673 [CLI TAE (STDERR Thread - #0)] WARN  c.u.c.b.a.t.b.c.CommandLineAlgorithmRun - [PROCESS-ERR]    File "/mnt/local/smack-project/smack/bin/smack", line 13, in <module>
22:08:43.674 [CLI TAE (STDERR Thread - #0)] WARN  c.u.c.b.a.t.b.c.CommandLineAlgorithmRun - [PROCESS-ERR]      smack.top.main()
22:08:43.674 [CLI TAE (STDERR Thread - #0)] WARN  c.u.c.b.a.t.b.c.CommandLineAlgorithmRun - [PROCESS-ERR]    File "/mnt/local/smack-project/smack/bin/../share/smack/top.py", line 679, in main
22:08:43.674 [CLI TAE (STDERR Thread - #0)] WARN  c.u.c.b.a.t.b.c.CommandLineAlgorithmRun - [PROCESS-ERR]      verify_bpl(args)
22:08:43.674 [CLI TAE (STDERR Thread - #0)] WARN  c.u.c.b.a.t.b.c.CommandLineAlgorithmRun - [PROCESS-ERR]    File "/mnt/local/smack-project/smack/bin/../share/smack/top.py", line 548, in verify_bpl
22:08:43.675 [CLI TAE (STDERR Thread - #0)] WARN  c.u.c.b.a.t.b.c.CommandLineAlgorithmRun - [PROCESS-ERR]      verifier_output = try_command(command, timeout=args.time_limit)
22:08:43.675 [CLI TAE (STDERR Thread - #0)] WARN  c.u.c.b.a.t.b.c.CommandLineAlgorithmRun - [PROCESS-ERR]    File "/mnt/local/smack-project/smack/bin/../share/smack/utils.py", line 69, in try_command
22:08:43.675 [CLI TAE (STDERR Thread - #0)] WARN  c.u.c.b.a.t.b.c.CommandLineAlgorithmRun - [PROCESS-ERR]      raise Exception(output)
22:08:43.675 [CLI TAE (STDERR Thread - #0)] WARN  c.u.c.b.a.t.b.c.CommandLineAlgorithmRun - [PROCESS-ERR]  Exception: Single threaded program detected
22:08:43.675 [CLI TAE (STDERR Thread - #0)] WARN  c.u.c.b.a.t.b.c.CommandLineAlgorithmRun - [PROCESS-ERR]  Verifying 8 impls
22:08:43.675 [CLI TAE (STDERR Thread - #0)] WARN  c.u.c.b.a.t.b.c.CommandLineAlgorithmRun - [PROCESS-ERR]  LB: Took 1.53 s
22:08:43.675 [CLI TAE (STDERR Thread - #0)] WARN  c.u.c.b.a.t.b.c.CommandLineAlgorithmRun - [PROCESS-ERR]  Verifying program while tracking: {assertsPassed}
22:08:43.675 [CLI TAE (STDERR Thread - #0)] WARN  c.u.c.b.a.t.b.c.CommandLineAlgorithmRun - [PROCESS-ERR]  /usr/local/bin/corral: line 2: 138358 Killed                  $CORRAL "$@"
22:08:43.676 [CLI TAE (STDERR Thread - #0)] WARN  c.u.c.b.a.t.b.c.CommandLineAlgorithmRun - [PROCESS-ERR]  
22:40:38.340 [CLI TAE (STDERR Thread - #0)] WARN  c.u.c.b.a.t.b.c.CommandLineAlgorithmRun - [PROCESS-ERR]  SMACK timed out.
22:58:01.715 [CLI TAE (STDERR Thread - #0)] WARN  c.u.c.b.a.t.b.c.CommandLineAlgorithmRun - [PROCESS-ERR]  Traceback (most recent call last):
22:58:01.721 [CLI TAE (STDERR Thread - #0)] WARN  c.u.c.b.a.t.b.c.CommandLineAlgorithmRun - [PROCESS-ERR]    File "/mnt/local/smack-project/smack/bin/smack", line 13, in <module>
22:58:01.723 [CLI TAE (STDERR Thread - #0)] WARN  c.u.c.b.a.t.b.c.CommandLineAlgorithmRun - [PROCESS-ERR]      smack.top.main()
22:58:01.723 [CLI TAE (STDERR Thread - #0)] WARN  c.u.c.b.a.t.b.c.CommandLineAlgorithmRun - [PROCESS-ERR]    File "/mnt/local/smack-project/smack/bin/../share/smack/top.py", line 679, in main
22:58:01.724 [CLI TAE (STDERR Thread - #0)] WARN  c.u.c.b.a.t.b.c.CommandLineAlgorithmRun - [PROCESS-ERR]      verify_bpl(args)
22:58:01.724 [CLI TAE (STDERR Thread - #0)] WARN  c.u.c.b.a.t.b.c.CommandLineAlgorithmRun - [PROCESS-ERR]    File "/mnt/local/smack-project/smack/bin/../share/smack/top.py", line 548, in verify_bpl
22:58:01.724 [CLI TAE (STDERR Thread - #0)] WARN  c.u.c.b.a.t.b.c.CommandLineAlgorithmRun - [PROCESS-ERR]      verifier_output = try_command(command, timeout=args.time_limit)
22:58:01.724 [CLI TAE (STDERR Thread - #0)] WARN  c.u.c.b.a.t.b.c.CommandLineAlgorithmRun - [PROCESS-ERR]    File "/mnt/local/smack-project/smack/bin/../share/smack/utils.py", line 69, in try_command
22:58:01.724 [CLI TAE (STDERR Thread - #0)] WARN  c.u.c.b.a.t.b.c.CommandLineAlgorithmRun - [PROCESS-ERR]      raise Exception(output)
22:58:01.724 [CLI TAE (STDERR Thread - #0)] WARN  c.u.c.b.a.t.b.c.CommandLineAlgorithmRun - [PROCESS-ERR]  Exception: Single threaded program detected
22:58:01.724 [CLI TAE (STDERR Thread - #0)] WARN  c.u.c.b.a.t.b.c.CommandLineAlgorithmRun - [PROCESS-ERR]  LB: Took 0.34 s
22:58:01.724 [CLI TAE (STDERR Thread - #0)] WARN  c.u.c.b.a.t.b.c.CommandLineAlgorithmRun - [PROCESS-ERR]  Verifying program while tracking: {assertsPassed}
22:58:01.724 [CLI TAE (STDERR Thread - #0)] WARN  c.u.c.b.a.t.b.c.CommandLineAlgorithmRun - [PROCESS-ERR]  /usr/local/bin/corral: line 2: 142998 Killed                  $CORRAL "$@"
22:58:01.724 [CLI TAE (STDERR Thread - #0)] WARN  c.u.c.b.a.t.b.c.CommandLineAlgorithmRun - [PROCESS-ERR]  
23:11:17.018 [CLI TAE (STDERR Thread - #0)] WARN  c.u.c.b.a.t.b.c.CommandLineAlgorithmRun - [PROCESS-ERR]  Traceback (most recent call last):
23:11:17.024 [CLI TAE (STDERR Thread - #0)] WARN  c.u.c.b.a.t.b.c.CommandLineAlgorithmRun - [PROCESS-ERR]    File "/mnt/local/smack-project/smack/bin/smack", line 13, in <module>
23:11:17.025 [CLI TAE (STDERR Thread - #0)] WARN  c.u.c.b.a.t.b.c.CommandLineAlgorithmRun - [PROCESS-ERR]      smack.top.main()
23:11:17.025 [CLI TAE (STDERR Thread - #0)] WARN  c.u.c.b.a.t.b.c.CommandLineAlgorithmRun - [PROCESS-ERR]    File "/mnt/local/smack-project/smack/bin/../share/smack/top.py", line 679, in main
23:11:17.025 [CLI TAE (STDERR Thread - #0)] WARN  c.u.c.b.a.t.b.c.CommandLineAlgorithmRun - [PROCESS-ERR]      verify_bpl(args)
23:11:17.025 [CLI TAE (STDERR Thread - #0)] WARN  c.u.c.b.a.t.b.c.CommandLineAlgorithmRun - [PROCESS-ERR]    File "/mnt/local/smack-project/smack/bin/../share/smack/top.py", line 548, in verify_bpl
23:11:17.026 [CLI TAE (STDERR Thread - #0)] WARN  c.u.c.b.a.t.b.c.CommandLineAlgorithmRun - [PROCESS-ERR]      verifier_output = try_command(command, timeout=args.time_limit)
23:11:17.026 [CLI TAE (STDERR Thread - #0)] WARN  c.u.c.b.a.t.b.c.CommandLineAlgorithmRun - [PROCESS-ERR]    File "/mnt/local/smack-project/smack/bin/../share/smack/utils.py", line 69, in try_command
23:11:17.026 [CLI TAE (STDERR Thread - #0)] WARN  c.u.c.b.a.t.b.c.CommandLineAlgorithmRun - [PROCESS-ERR]      raise Exception(output)
23:11:17.026 [CLI TAE (STDERR Thread - #0)] WARN  c.u.c.b.a.t.b.c.CommandLineAlgorithmRun - [PROCESS-ERR]  Exception: Single threaded program detected
23:11:17.026 [CLI TAE (STDERR Thread - #0)] WARN  c.u.c.b.a.t.b.c.CommandLineAlgorithmRun - [PROCESS-ERR]  Verifying 8 impls
23:11:17.026 [CLI TAE (STDERR Thread - #0)] WARN  c.u.c.b.a.t.b.c.CommandLineAlgorithmRun - [PROCESS-ERR]  LB: Took 1.58 s
23:11:17.026 [CLI TAE (STDERR Thread - #0)] WARN  c.u.c.b.a.t.b.c.CommandLineAlgorithmRun - [PROCESS-ERR]  Verifying program while tracking: {assertsPassed, $M.0, $M.1, $M.2, $M.3, $M.4, $M.5, $M.6, $M.7, $M.8, $M.9, $M.10, $M.11, $M.12, $M.13, $M.14, $M.15, $M.16, $M.17, $M.19, $M.20, $M.21, $M.22, $M.23, $M.24, $M.25, $M.26, $M.27, $M.28, $M.29, $M.30, $M.31, $CurrAddr, $M.32}
23:11:17.026 [CLI TAE (STDERR Thread - #0)] WARN  c.u.c.b.a.t.b.c.CommandLineAlgorithmRun - [PROCESS-ERR]  /usr/local/bin/corral: line 2: 144543 Killed                  $CORRAL "$@"
23:11:17.026 [CLI TAE (STDERR Thread - #0)] WARN  c.u.c.b.a.t.b.c.CommandLineAlgorithmRun - [PROCESS-ERR]  
23:25:04.774 [CLI TAE (STDERR Thread - #0)] WARN  c.u.c.b.a.t.b.c.CommandLineAlgorithmRun - [PROCESS-ERR]  Traceback (most recent call last):
23:25:04.775 [CLI TAE (STDERR Thread - #0)] WARN  c.u.c.b.a.t.b.c.CommandLineAlgorithmRun - [PROCESS-ERR]    File "/mnt/local/smack-project/smack/bin/smack", line 13, in <module>
23:25:04.775 [CLI TAE (STDERR Thread - #0)] WARN  c.u.c.b.a.t.b.c.CommandLineAlgorithmRun - [PROCESS-ERR]      smack.top.main()
23:25:04.776 [CLI TAE (STDERR Thread - #0)] WARN  c.u.c.b.a.t.b.c.CommandLineAlgorithmRun - [PROCESS-ERR]    File "/mnt/local/smack-project/smack/bin/../share/smack/top.py", line 679, in main
23:25:04.776 [CLI TAE (STDERR Thread - #0)] WARN  c.u.c.b.a.t.b.c.CommandLineAlgorithmRun - [PROCESS-ERR]      verify_bpl(args)
23:25:04.776 [CLI TAE (STDERR Thread - #0)] WARN  c.u.c.b.a.t.b.c.CommandLineAlgorithmRun - [PROCESS-ERR]    File "/mnt/local/smack-project/smack/bin/../share/smack/top.py", line 548, in verify_bpl
23:25:04.776 [CLI TAE (STDERR Thread - #0)] WARN  c.u.c.b.a.t.b.c.CommandLineAlgorithmRun - [PROCESS-ERR]      verifier_output = try_command(command, timeout=args.time_limit)
23:25:04.776 [CLI TAE (STDERR Thread - #0)] WARN  c.u.c.b.a.t.b.c.CommandLineAlgorithmRun - [PROCESS-ERR]    File "/mnt/local/smack-project/smack/bin/../share/smack/utils.py", line 69, in try_command
23:25:04.776 [CLI TAE (STDERR Thread - #0)] WARN  c.u.c.b.a.t.b.c.CommandLineAlgorithmRun - [PROCESS-ERR]      raise Exception(output)
23:25:04.776 [CLI TAE (STDERR Thread - #0)] WARN  c.u.c.b.a.t.b.c.CommandLineAlgorithmRun - [PROCESS-ERR]  Exception: Single threaded program detected
23:25:04.776 [CLI TAE (STDERR Thread - #0)] WARN  c.u.c.b.a.t.b.c.CommandLineAlgorithmRun - [PROCESS-ERR]  Verifying 11 impls
23:25:04.776 [CLI TAE (STDERR Thread - #0)] WARN  c.u.c.b.a.t.b.c.CommandLineAlgorithmRun - [PROCESS-ERR]  LB: Took 157.88 s
23:25:04.776 [CLI TAE (STDERR Thread - #0)] WARN  c.u.c.b.a.t.b.c.CommandLineAlgorithmRun - [PROCESS-ERR]  Verifying program while tracking: {assertsPassed, $M.0, $M.1, $M.2, $M.3, $M.4, $M.5, $M.6, $M.7, $M.8, $M.9, $M.10, $M.11, $M.12, $M.13, $M.14, $M.15, $M.16, $M.17, $M.18, $M.19, $M.20, $M.21, $M.22, $M.23, $M.24, $M.29, $M.30, $M.31, $M.32, $M.34, $M.36, $M.38, $M.39, $M.40, $M.41, $M.45, $M.46, $M.47, $M.48, $M.49, $M.50, $M.51, $M.52, $M.53, $M.54, $M.55, $M.56, $M.57, $M.58, $M.59, $M.60, $M.61, $M.62, $M.63, $M.64, $M.65, $M.66, $M.67, $M.68, $M.69, $M.70, $M.71, $M.72, $M.73, $M.74, $M.75, $M.76, $M.77, $M.78, $M.79, $M.80, $M.81, $M.82, $M.83, $M.84, $M.85, $M.86, $M.87, $M.88, $M.89, $M.90, $M.91, $M.92, $M.93, $M.94, $M.95, $M.96, $M.97, $M.98, $M.99, $M.100, $M.101, $M.102, $M.103, $M.104, $M.105, $M.106, $M.107, $M.108, $CurrAddr, $M.126, $M.127, $M.128}
23:25:04.776 [CLI TAE (STDERR Thread - #0)] WARN  c.u.c.b.a.t.b.c.CommandLineAlgorithmRun - [PROCESS-ERR]  
23:25:04.777 [CLI TAE (STDERR Thread - #0)] WARN  c.u.c.b.a.t.b.c.CommandLineAlgorithmRun - [PROCESS-ERR]  Stopping: Out of memory
23:25:04.777 [CLI TAE (STDERR Thread - #0)] WARN  c.u.c.b.a.t.b.c.CommandLineAlgorithmRun - [PROCESS-ERR]  
23:39:39.838 [CLI TAE (STDERR Thread - #0)] WARN  c.u.c.b.a.t.b.c.CommandLineAlgorithmRun - [PROCESS-ERR]  Traceback (most recent call last):
23:39:39.839 [CLI TAE (STDERR Thread - #0)] WARN  c.u.c.b.a.t.b.c.CommandLineAlgorithmRun - [PROCESS-ERR]    File "/mnt/local/smack-project/smack/bin/smack", line 13, in <module>
23:39:39.840 [CLI TAE (STDERR Thread - #0)] WARN  c.u.c.b.a.t.b.c.CommandLineAlgorithmRun - [PROCESS-ERR]      smack.top.main()
23:39:39.842 [CLI TAE (STDERR Thread - #0)] WARN  c.u.c.b.a.t.b.c.CommandLineAlgorithmRun - [PROCESS-ERR]    File "/mnt/local/smack-project/smack/bin/../share/smack/top.py", line 679, in main
23:39:39.842 [CLI TAE (STDERR Thread - #0)] WARN  c.u.c.b.a.t.b.c.CommandLineAlgorithmRun - [PROCESS-ERR]      verify_bpl(args)
23:39:39.842 [CLI TAE (STDERR Thread - #0)] WARN  c.u.c.b.a.t.b.c.CommandLineAlgorithmRun - [PROCESS-ERR]    File "/mnt/local/smack-project/smack/bin/../share/smack/top.py", line 548, in verify_bpl
23:39:39.842 [CLI TAE (STDERR Thread - #0)] WARN  c.u.c.b.a.t.b.c.CommandLineAlgorithmRun - [PROCESS-ERR]      verifier_output = try_command(command, timeout=args.time_limit)
23:39:39.842 [CLI TAE (STDERR Thread - #0)] WARN  c.u.c.b.a.t.b.c.CommandLineAlgorithmRun - [PROCESS-ERR]    File "/mnt/local/smack-project/smack/bin/../share/smack/utils.py", line 69, in try_command
23:39:39.842 [CLI TAE (STDERR Thread - #0)] WARN  c.u.c.b.a.t.b.c.CommandLineAlgorithmRun - [PROCESS-ERR]      raise Exception(output)
23:39:39.842 [CLI TAE (STDERR Thread - #0)] WARN  c.u.c.b.a.t.b.c.CommandLineAlgorithmRun - [PROCESS-ERR]  Exception: Single threaded program detected
23:39:39.842 [CLI TAE (STDERR Thread - #0)] WARN  c.u.c.b.a.t.b.c.CommandLineAlgorithmRun - [PROCESS-ERR]  LB: Took 0.34 s
23:39:39.842 [CLI TAE (STDERR Thread - #0)] WARN  c.u.c.b.a.t.b.c.CommandLineAlgorithmRun - [PROCESS-ERR]  Verifying program while tracking: {assertsPassed, $M.0, $M.3}
23:39:39.843 [CLI TAE (STDERR Thread - #0)] WARN  c.u.c.b.a.t.b.c.CommandLineAlgorithmRun - [PROCESS-ERR]  /usr/local/bin/corral: line 2: 145758 Killed                  $CORRAL "$@"
23:39:39.843 [CLI TAE (STDERR Thread - #0)] WARN  c.u.c.b.a.t.b.c.CommandLineAlgorithmRun - [PROCESS-ERR]  
00:10:19.783 [CLI TAE (STDERR Thread - #0)] WARN  c.u.c.b.a.t.b.c.CommandLineAlgorithmRun - [PROCESS-ERR] SMACK timed out.
00:34:16.054 [CLI TAE (STDERR Thread - #0)] WARN  c.u.c.b.a.t.b.c.CommandLineAlgorithmRun - [PROCESS-ERR]  Traceback (most recent call last):
00:34:16.063 [CLI TAE (STDERR Thread - #0)] WARN  c.u.c.b.a.t.b.c.CommandLineAlgorithmRun - [PROCESS-ERR]    File "/mnt/local/smack-project/smack/bin/smack", line 13, in <module>
00:34:16.063 [CLI TAE (STDERR Thread - #0)] WARN  c.u.c.b.a.t.b.c.CommandLineAlgorithmRun - [PROCESS-ERR]      smack.top.main()
00:34:16.063 [CLI TAE (STDERR Thread - #0)] WARN  c.u.c.b.a.t.b.c.CommandLineAlgorithmRun - [PROCESS-ERR]    File "/mnt/local/smack-project/smack/bin/../share/smack/top.py", line 679, in main
00:34:16.064 [CLI TAE (STDERR Thread - #0)] WARN  c.u.c.b.a.t.b.c.CommandLineAlgorithmRun - [PROCESS-ERR]      verify_bpl(args)
00:34:16.064 [CLI TAE (STDERR Thread - #0)] WARN  c.u.c.b.a.t.b.c.CommandLineAlgorithmRun - [PROCESS-ERR]    File "/mnt/local/smack-project/smack/bin/../share/smack/top.py", line 548, in verify_bpl
00:34:16.064 [CLI TAE (STDERR Thread - #0)] WARN  c.u.c.b.a.t.b.c.CommandLineAlgorithmRun - [PROCESS-ERR]      verifier_output = try_command(command, timeout=args.time_limit)
00:34:16.064 [CLI TAE (STDERR Thread - #0)] WARN  c.u.c.b.a.t.b.c.CommandLineAlgorithmRun - [PROCESS-ERR]    File "/mnt/local/smack-project/smack/bin/../share/smack/utils.py", line 69, in try_command
00:34:16.064 [CLI TAE (STDERR Thread - #0)] WARN  c.u.c.b.a.t.b.c.CommandLineAlgorithmRun - [PROCESS-ERR]      raise Exception(output)
00:34:16.064 [CLI TAE (STDERR Thread - #0)] WARN  c.u.c.b.a.t.b.c.CommandLineAlgorithmRun - [PROCESS-ERR]  Exception: Single threaded program detected
00:34:16.064 [CLI TAE (STDERR Thread - #0)] WARN  c.u.c.b.a.t.b.c.CommandLineAlgorithmRun - [PROCESS-ERR]  Verifying 91 impls
00:34:16.064 [CLI TAE (STDERR Thread - #0)] WARN  c.u.c.b.a.t.b.c.CommandLineAlgorithmRun - [PROCESS-ERR]  LB: Took 33.33 s
00:34:16.065 [CLI TAE (STDERR Thread - #0)] WARN  c.u.c.b.a.t.b.c.CommandLineAlgorithmRun - [PROCESS-ERR]  Verifying program while tracking: {assertsPassed, $M.0, $M.1, $M.2, $M.3, $M.4, $M.5, $M.6, $M.7, $M.8, $M.9, $M.10, $M.11, $M.12, $M.13, $M.14, $M.15, $M.16, $M.17, $M.18, $M.19, $M.20, $M.21, $M.22, $M.23, $M.24, $M.25, $M.26, $M.27, $M.28, $M.29, $M.30, $M.31, $M.32, $M.33, $M.34, $M.35, $M.36, $M.37, $M.38, $M.39, $M.40, $M.41, $M.42, $M.43, $M.44, $M.45, $M.46, $M.47, $M.48, $M.49, $M.50, $M.51, $M.52, $M.53, $M.54, $M.55, $M.56, $M.57, $M.58, $M.59, $M.60, $M.61, $M.62, $M.63, $M.64, $M.65, $M.66, $M.67, $M.68, $M.69, $M.70, $M.71, $M.72, $M.73, $M.74, $M.75, $M.76, $M.77, $M.78, $M.79, $M.80, $M.81, $M.82, $M.83, $M.84, $M.85, $M.86, $M.87, $M.88, $M.89, $M.90, $M.91, $M.92, $M.93, $M.94, $M.95, $M.96, $M.97, $M.98, $M.99, $M.100, $M.101, $M.102, $M.103, $M.104, $M.105, $M.108, $M.109, $M.110, $M.111, $M.114, $M.115, $M.116, $M.117, $M.118, $M.119, $M.120, $M.121, $M.122, $M.123, $M.124, $M.106, $M.107, $M.112, $M.113, $M.126, $M.127, $M.128, $M.130, $M.125, $M.129, $M.131, $M.132, $CurrAddr, $M.133, $M.134, $M.135, $M.143, $M.144, $M.145, $M.146}
00:34:16.065 [CLI TAE (STDERR Thread - #0)] WARN  c.u.c.b.a.t.b.c.CommandLineAlgorithmRun - [PROCESS-ERR]  /usr/local/bin/corral: line 2:  3529 Killed                  $CORRAL "$@"
00:34:16.065 [CLI TAE (STDERR Thread - #0)] WARN  c.u.c.b.a.t.b.c.CommandLineAlgorithmRun - [PROCESS-ERR]  
01:08:03.866 [CLI TAE (STDERR Thread - #0)] WARN  c.u.c.b.a.t.b.c.CommandLineAlgorithmRun - [PROCESS-ERR] SMACK timed out.
01:19:34.303 [CLI TAE (STDERR Thread - #0)] WARN  c.u.c.b.a.t.b.c.CommandLineAlgorithmRun - [PROCESS-ERR]  Traceback (most recent call last):
01:19:34.310 [CLI TAE (STDERR Thread - #0)] WARN  c.u.c.b.a.t.b.c.CommandLineAlgorithmRun - [PROCESS-ERR]    File "/mnt/local/smack-project/smack/bin/smack", line 13, in <module>
01:19:34.310 [CLI TAE (STDERR Thread - #0)] WARN  c.u.c.b.a.t.b.c.CommandLineAlgorithmRun - [PROCESS-ERR]      smack.top.main()
01:19:34.311 [CLI TAE (STDERR Thread - #0)] WARN  c.u.c.b.a.t.b.c.CommandLineAlgorithmRun - [PROCESS-ERR]    File "/mnt/local/smack-project/smack/bin/../share/smack/top.py", line 679, in main
01:19:34.311 [CLI TAE (STDERR Thread - #0)] WARN  c.u.c.b.a.t.b.c.CommandLineAlgorithmRun - [PROCESS-ERR]      verify_bpl(args)
01:19:34.311 [CLI TAE (STDERR Thread - #0)] WARN  c.u.c.b.a.t.b.c.CommandLineAlgorithmRun - [PROCESS-ERR]    File "/mnt/local/smack-project/smack/bin/../share/smack/top.py", line 548, in verify_bpl
01:19:34.311 [CLI TAE (STDERR Thread - #0)] WARN  c.u.c.b.a.t.b.c.CommandLineAlgorithmRun - [PROCESS-ERR]      verifier_output = try_command(command, timeout=args.time_limit)
01:19:34.311 [CLI TAE (STDERR Thread - #0)] WARN  c.u.c.b.a.t.b.c.CommandLineAlgorithmRun - [PROCESS-ERR]    File "/mnt/local/smack-project/smack/bin/../share/smack/utils.py", line 69, in try_command
01:19:34.311 [CLI TAE (STDERR Thread - #0)] WARN  c.u.c.b.a.t.b.c.CommandLineAlgorithmRun - [PROCESS-ERR]      raise Exception(output)
01:19:34.311 [CLI TAE (STDERR Thread - #0)] WARN  c.u.c.b.a.t.b.c.CommandLineAlgorithmRun - [PROCESS-ERR]  Exception: Single threaded program detected
01:19:34.311 [CLI TAE (STDERR Thread - #0)] WARN  c.u.c.b.a.t.b.c.CommandLineAlgorithmRun - [PROCESS-ERR]  Verifying 23 impls
01:19:34.311 [CLI TAE (STDERR Thread - #0)] WARN  c.u.c.b.a.t.b.c.CommandLineAlgorithmRun - [PROCESS-ERR]  LB: Took 2.45 s
01:19:34.311 [CLI TAE (STDERR Thread - #0)] WARN  c.u.c.b.a.t.b.c.CommandLineAlgorithmRun - [PROCESS-ERR]  Verifying program while tracking: {assertsPassed, $M.0, $M.1, $M.2, $M.3, $M.4, $M.5, $M.6, $M.7, $M.8, $M.9, $M.10, $M.11, $M.12, $M.13, $M.14, $M.15, $M.16, $M.18, $M.20, $M.21, $M.22, $M.23, $M.25, $M.26, $M.27, $M.28, $M.29, $M.30, $M.31, $M.32, $M.34, $M.35, $M.37, $M.38, $M.39, $M.40, $M.41, $M.42, $M.43, $M.44, $M.45, $M.46, $M.47, $M.48, $M.49, $M.50, $M.51, $M.52, $M.53, $M.54, $M.55, $M.56, $M.57, $M.58, $M.60, $M.59, $M.61, $M.62, $CurrAddr, $M.70, $M.71}
01:19:34.312 [CLI TAE (STDERR Thread - #0)] WARN  c.u.c.b.a.t.b.c.CommandLineAlgorithmRun - [PROCESS-ERR]  /usr/local/bin/corral: line 2: 11659 Killed                  $CORRAL "$@"
01:19:34.312 [CLI TAE (STDERR Thread - #0)] WARN  c.u.c.b.a.t.b.c.CommandLineAlgorithmRun - [PROCESS-ERR]  
02:21:11.258 [CLI TAE (STDERR Thread - #0)] WARN  c.u.c.b.a.t.b.c.CommandLineAlgorithmRun - [PROCESS-ERR]  Traceback (most recent call last):
02:21:11.262 [CLI TAE (STDERR Thread - #0)] WARN  c.u.c.b.a.t.b.c.CommandLineAlgorithmRun - [PROCESS-ERR]    File "/mnt/local/smack-project/smack/bin/smack", line 13, in <module>
02:21:11.262 [CLI TAE (STDERR Thread - #0)] WARN  c.u.c.b.a.t.b.c.CommandLineAlgorithmRun - [PROCESS-ERR]      smack.top.main()
02:21:11.262 [CLI TAE (STDERR Thread - #0)] WARN  c.u.c.b.a.t.b.c.CommandLineAlgorithmRun - [PROCESS-ERR]    File "/mnt/local/smack-project/smack/bin/../share/smack/top.py", line 679, in main
02:21:11.262 [CLI TAE (STDERR Thread - #0)] WARN  c.u.c.b.a.t.b.c.CommandLineAlgorithmRun - [PROCESS-ERR]      verify_bpl(args)
02:21:11.263 [CLI TAE (STDERR Thread - #0)] WARN  c.u.c.b.a.t.b.c.CommandLineAlgorithmRun - [PROCESS-ERR]    File "/mnt/local/smack-project/smack/bin/../share/smack/top.py", line 548, in verify_bpl
02:21:11.263 [CLI TAE (STDERR Thread - #0)] WARN  c.u.c.b.a.t.b.c.CommandLineAlgorithmRun - [PROCESS-ERR]      verifier_output = try_command(command, timeout=args.time_limit)
02:21:11.263 [CLI TAE (STDERR Thread - #0)] WARN  c.u.c.b.a.t.b.c.CommandLineAlgorithmRun - [PROCESS-ERR]    File "/mnt/local/smack-project/smack/bin/../share/smack/utils.py", line 69, in try_command
02:21:11.263 [CLI TAE (STDERR Thread - #0)] WARN  c.u.c.b.a.t.b.c.CommandLineAlgorithmRun - [PROCESS-ERR]      raise Exception(output)
02:21:11.263 [CLI TAE (STDERR Thread - #0)] WARN  c.u.c.b.a.t.b.c.CommandLineAlgorithmRun - [PROCESS-ERR]  Exception: Single threaded program detected
02:21:11.263 [CLI TAE (STDERR Thread - #0)] WARN  c.u.c.b.a.t.b.c.CommandLineAlgorithmRun - [PROCESS-ERR]  Verifying 138 impls
02:21:11.263 [CLI TAE (STDERR Thread - #0)] WARN  c.u.c.b.a.t.b.c.CommandLineAlgorithmRun - [PROCESS-ERR]  LB: Took 36.68 s
02:21:11.264 [CLI TAE (STDERR Thread - #0)] WARN  c.u.c.b.a.t.b.c.CommandLineAlgorithmRun - [PROCESS-ERR]  Verifying program while tracking: {assertsPassed, $M.0, $M.1, $M.2, $M.3, $M.4, $M.5, $M.6, $M.7, $M.8, $M.9, $M.10, $M.11, $M.12, $M.13, $M.14, $M.15, $M.16, $M.17, $M.18, $M.19, $M.20, $M.23, $M.21, $M.22, $M.25, $M.28, $M.29, $M.30, $M.31, $M.32, $M.33, $M.34, $M.35, $M.36, $M.37, $M.38, $M.39, $M.40, $M.41, $M.42, $M.43, $M.44, $M.45, $M.46, $M.47, $M.48, $M.49, $M.50, $M.51, $M.52, $M.53, $M.54, $M.55, $M.57, $M.58, $M.59, $M.60, $M.61, $M.63, $M.64, $M.65, $M.66, $M.68, $M.69, $M.70, $M.73, $M.71, $M.72, $M.74, $M.75, $M.76, $M.77, $M.78, $M.79, $M.80, $M.81, $M.82, $M.83, $M.84, $M.85, $M.86, $M.87, $M.88, $M.89, $M.90, $M.91, $M.92, $M.93, $M.94, $M.95, $M.96, $M.97, $M.100, $M.101, $M.102, $M.103, $M.113, $M.114, $M.115, $M.116, $M.117, $M.118, $M.119, $M.120, $M.121, $M.122, $M.123, $M.124, $M.125, $M.126, $M.127, $M.128, $M.129, $M.130, $M.131, $M.132, $M.133, $M.134, $M.135, $M.136, $M.137, $M.138, $M.139, $M.140, $M.141, $M.142, $M.143, $M.144, $M.145, $M.146, $M.147, $M.148, $M.149, $M.150, $M.151, $M.152, $M.153, $M.154, $M.155, $M.156, $M.157, $M.158, $M.159, $M.160, $M.161, $M.162, $M.163, $M.164, $M.165, $M.166, $M.167, $M.169, $M.168, $M.170, $M.171, $M.172, $M.173, $M.174, $M.175, $M.176, $M.177, $M.178, $M.179, $M.180, $M.181, $M.182, $M.183, $M.184, $M.185, $M.186, $M.187, $M.188, $M.189, $M.190, $M.191, $M.192, $M.193, $M.194, $M.195, $M.196, $M.197, $M.198, $M.199, $M.200, $M.201, $M.202, $M.203, $M.204, $M.205, $M.206, $M.207, $M.208, $M.209, $M.210, $M.211, $M.212, $M.213, $M.214, $M.215, $M.216, $M.217, $M.218, $M.219, $M.220, $M.221, $M.222, $M.223, $M.224, $M.225, $M.226, $M.227, $M.228, $M.229, $M.230, $M.231, $M.232, $M.233, $M.234, $M.235, $M.236, $M.237, $M.238, $M.239, $M.240, $M.241, $M.242, $M.243, $M.244, $M.245, $M.246, $M.247, $M.248, $M.249, $M.250, $M.251, $M.252, $M.254, $M.255, $M.256, $M.257, $M.258, $M.259, $M.260, $M.261, $M.262, $M.263, $M.264, $M.265, $M.266, $M.267, $M.253, $M.269, $M.270, $M.271, $M.272, $M.273, $M.274, $M.275, $M.268, $M.276, $M.277, $M.279, $M.280, $M.281, $M.282, $M.283, $M.285, $M.286, $M.287, $M.288, $M.289, $M.291, $M.292, $M.293, $M.294, $M.295, $M.296, $M.297, $M.298, $M.299, $M.278, $M.284, $M.290, $M.300, $M.301, $M.302, $M.303, $M.304, $M.305, $M.306, $M.307, $M.308, $M.309, $M.310, $M.311, $M.312, $M.313, $M.314, $M.315, $M.316, $M.317, $M.318, $M.319, $M.320, $M.321, $M.322, $M.323, $M.324, $M.325, $M.326, $M.327, $M.328, $M.329, $M.330, $M.331, $M.332, $M.333, $M.334, $M.335, $M.336, $M.337, $M.338, $CurrAddr, $M.339, $M.340, $M.341, $M.342, $M.350, $M.351, $M.352, $M.353, $M.354, $M.355, $M.356, $M.357, $M.358, $M.359, $M.360, $M.361, $M.362, $M.363, $M.364, $M.365, $M.366, $M.367, $M.368, $M.369, $M.370, $M.371, $M.372, $M.373}
02:21:11.264 [CLI TAE (STDERR Thread - #0)] WARN  c.u.c.b.a.t.b.c.CommandLineAlgorithmRun - [PROCESS-ERR]  Prover error: (error "out of memory")
02:21:11.264 [CLI TAE (STDERR Thread - #0)] WARN  c.u.c.b.a.t.b.c.CommandLineAlgorithmRun - [PROCESS-ERR]  
02:21:11.264 [CLI TAE (STDERR Thread - #0)] WARN  c.u.c.b.a.t.b.c.CommandLineAlgorithmRun - [PROCESS-ERR]  Unhandled Exception:
02:21:11.264 [CLI TAE (STDERR Thread - #0)] WARN  c.u.c.b.a.t.b.c.CommandLineAlgorithmRun - [PROCESS-ERR]  System.IO.IOException: Write fault on path /proj/SMACK/smac/[Unknown]
02:21:11.264 [CLI TAE (STDERR Thread - #0)] WARN  c.u.c.b.a.t.b.c.CommandLineAlgorithmRun - [PROCESS-ERR]    at System.IO.FileStream.WriteInternal (System.Byte[] src, System.Int32 offset, System.Int32 count) [0x00077] in <9689214c1e4645be91df75196bac3cbb>:0 
02:21:11.265 [CLI TAE (STDERR Thread - #0)] WARN  c.u.c.b.a.t.b.c.CommandLineAlgorithmRun - [PROCESS-ERR]    at System.IO.FileStream.Write (System.Byte[] array, System.Int32 offset, System.Int32 count) [0x00090] in <9689214c1e4645be91df75196bac3cbb>:0 
02:21:11.265 [CLI TAE (STDERR Thread - #0)] WARN  c.u.c.b.a.t.b.c.CommandLineAlgorithmRun - [PROCESS-ERR]    at System.IO.StreamWriter.Flush (System.Boolean flushStream, System.Boolean flushEncoder) [0x0007e] in <9689214c1e4645be91df75196bac3cbb>:0 
02:21:11.265 [CLI TAE (STDERR Thread - #0)] WARN  c.u.c.b.a.t.b.c.CommandLineAlgorithmRun - [PROCESS-ERR]    at System.IO.StreamWriter.Write (System.Char[] buffer, System.Int32 index, System.Int32 count) [0x000d3] in <9689214c1e4645be91df75196bac3cbb>:0 
02:21:11.265 [CLI TAE (STDERR Thread - #0)] WARN  c.u.c.b.a.t.b.c.CommandLineAlgorithmRun - [PROCESS-ERR]    at System.IO.TextWriter.WriteLine (System.String value) [0x00070] in <9689214c1e4645be91df75196bac3cbb>:0 
02:21:11.266 [CLI TAE (STDERR Thread - #0)] WARN  c.u.c.b.a.t.b.c.CommandLineAlgorithmRun - [PROCESS-ERR]    at Microsoft.Boogie.SMTLib.SMTLibProcess.Send (System.String cmd) [0x00064] in <55ca17d974574bcfbefcc79320c22d1a>:0 
02:21:11.266 [CLI TAE (STDERR Thread - #0)] WARN  c.u.c.b.a.t.b.c.CommandLineAlgorithmRun - [PROCESS-ERR]    at Microsoft.Boogie.SMTLib.SMTLibProcessTheoremProver.Send (System.String s, System.Boolean isCommon) [0x0002b] in <55ca17d974574bcfbefcc79320c22d1a>:0 
02:21:11.266 [CLI TAE (STDERR Thread - #0)] WARN  c.u.c.b.a.t.b.c.CommandLineAlgorithmRun - [PROCESS-ERR]    at Microsoft.Boogie.SMTLib.SMTLibProcessTheoremProver.SendThisVC (System.String s) [0x00000] in <55ca17d974574bcfbefcc79320c22d1a>:0 
02:21:11.266 [CLI TAE (STDERR Thread - #0)] WARN  c.u.c.b.a.t.b.c.CommandLineAlgorithmRun - [PROCESS-ERR]    at Microsoft.Boogie.SMTLib.SMTLibProcessTheoremProver.Pop () [0x00000] in <55ca17d974574bcfbefcc79320c22d1a>:0 
02:21:11.266 [CLI TAE (STDERR Thread - #0)] WARN  c.u.c.b.a.t.b.c.CommandLineAlgorithmRun - [PROCESS-ERR]    at CoreLib.StratifiedInlining.Pop () [0x00013] in <d6763a94c8cf4ed1ab4eb9fb8e563ab9>:0 
02:21:11.266 [CLI TAE (STDERR Thread - #0)] WARN  c.u.c.b.a.t.b.c.CommandLineAlgorithmRun - [PROCESS-ERR]    at CoreLib.StratifiedInlining.Fwd (System.Collections.Generic.HashSet`1[T] openCallSites, CoreLib.StratifiedInliningErrorReporter reporter, System.Boolean main, System.Int32 recBound) [0x00224] in <d6763a94c8cf4ed1ab4eb9fb8e563ab9>:0 
02:21:11.267 [CLI TAE (STDERR Thread - #0)] WARN  c.u.c.b.a.t.b.c.CommandLineAlgorithmRun - [PROCESS-ERR]    at CoreLib.StratifiedInlining.VerifyImplementation (Microsoft.Boogie.Implementation impl, Microsoft.Boogie.VerifierCallback callback) [0x00550] in <d6763a94c8cf4ed1ab4eb9fb8e563ab9>:0 
02:21:11.267 [CLI TAE (STDERR Thread - #0)] WARN  c.u.c.b.a.t.b.c.CommandLineAlgorithmRun - [PROCESS-ERR]    at VC.ConditionGeneration.VerifyImplementation (Microsoft.Boogie.Implementation impl, System.Collections.Generic.List`1[Microsoft.Boogie.Counterexample]& errors, System.String requestId) [0x00017] in <b5d928f9c26b4f8e917553da8c7f3eaa>:0 
02:21:11.267 [CLI TAE (STDERR Thread - #0)] WARN  c.u.c.b.a.t.b.c.CommandLineAlgorithmRun - [PROCESS-ERR]    at cba.Util.BoogieVerify.Verify (Microsoft.Boogie.Program program, System.Boolean needErrorTraces, System.Collections.Generic.List`1[cba.Util.BoogieErrorTrace]& allErrors, System.Collections.Generic.List`1[System.String]& timedOut, System.Boolean isCBA) [0x00336] in <d6763a94c8cf4ed1ab4eb9fb8e563ab9>:0 
02:21:11.267 [CLI TAE (STDERR Thread - #0)] WARN  c.u.c.b.a.t.b.c.CommandLineAlgorithmRun - [PROCESS-ERR]    at cba.Util.BoogieVerify.Verify (Microsoft.Boogie.Program program, System.Collections.Generic.List`1[cba.Util.BoogieErrorTrace]& allErrors, System.Boolean isCBA) [0x00006] in <d6763a94c8cf4ed1ab4eb9fb8e563ab9>:0 
02:21:11.267 [CLI TAE (STDERR Thread - #0)] WARN  c.u.c.b.a.t.b.c.CommandLineAlgorithmRun - [PROCESS-ERR]    at cba.VerificationPass.feedToBoogie (cba.CBAProgram p) [0x0004f] in <d6763a94c8cf4ed1ab4eb9fb8e563ab9>:0 
02:21:11.267 [CLI TAE (STDERR Thread - #0)] WARN  c.u.c.b.a.t.b.c.CommandLineAlgorithmRun - [PROCESS-ERR]    at cba.VerificationPass.runCBAPass (cba.CBAProgram prog) [0x00019] in <d6763a94c8cf4ed1ab4eb9fb8e563ab9>:0 
02:21:11.267 [CLI TAE (STDERR Thread - #0)] WARN  c.u.c.b.a.t.b.c.CommandLineAlgorithmRun - [PROCESS-ERR]    at cba.CompilerPass.runPass (Microsoft.Boogie.Program inp) [0x00007] in <d6763a94c8cf4ed1ab4eb9fb8e563ab9>:0 
02:21:11.267 [CLI TAE (STDERR Thread - #0)] WARN  c.u.c.b.a.t.b.c.CommandLineAlgorithmRun - [PROCESS-ERR]    at ProgTransformation.TransformationPass.run (ProgTransformation.PersistentProgram inp) [0x00086] in <e2e91c08b21348908e5a9d3751d56907>:0 
02:21:11.268 [CLI TAE (STDERR Thread - #0)] WARN  c.u.c.b.a.t.b.c.CommandLineAlgorithmRun - [PROCESS-ERR]    at cba.CompilerPass.run (cba.PersistentCBAProgram inp) [0x00006] in <d6763a94c8cf4ed1ab4eb9fb8e563ab9>:0 
02:21:11.268 [CLI TAE (STDERR Thread - #0)] WARN  c.u.c.b.a.t.b.c.CommandLineAlgorithmRun - [PROCESS-ERR]    at cba.CBADriver.VerifyProgram (cba.PersistentCBAProgram& prog, cba.VarSet trackedVars, System.Boolean returnTrace, cba.PersistentCBAProgram& pout, cba.InsertionTrans& tinfo, cba.ErrorTrace& cex) [0x0011a] in <fb227d9af2a1446abb318a31ae1ac83f>:0 
02:21:11.268 [CLI TAE (STDERR Thread - #0)] WARN  c.u.c.b.a.t.b.c.CommandLineAlgorithmRun - [PROCESS-ERR]    at cba.CBADriver.checkProgram (cba.PersistentCBAProgram& prog, cba.VarSet trackedVars, System.Boolean returnTrace, cba.PersistentCBAProgram& pout, cba.InsertionTrans& tinfo, cba.ErrorTrace& cex) [0x00022] in <fb227d9af2a1446abb318a31ae1ac83f>:0 
02:21:11.268 [CLI TAE (STDERR Thread - #0)] WARN  c.u.c.b.a.t.b.c.CommandLineAlgorithmRun - [PROCESS-ERR]    at cba.Driver.checkAndRefine (cba.PersistentCBAProgram prog, cba.RefinementState refinementState, System.Action`2[T1,T2] printTrace, cba.ErrorTrace& cexTrace) [0x000de] in <fb227d9af2a1446abb318a31ae1ac83f>:0 
02:21:11.268 [CLI TAE (STDERR Thread - #0)] WARN  c.u.c.b.a.t.b.c.CommandLineAlgorithmRun - [PROCESS-ERR]    at cba.Driver.run (System.String[] args) [0x003f1] in <fb227d9af2a1446abb318a31ae1ac83f>:0 
02:21:11.268 [CLI TAE (STDERR Thread - #0)] WARN  c.u.c.b.a.t.b.c.CommandLineAlgorithmRun - [PROCESS-ERR]    at cba.Driver.Main (System.String[] args) [0x0005a] in <fb227d9af2a1446abb318a31ae1ac83f>:0 
02:21:11.268 [CLI TAE (STDERR Thread - #0)] WARN  c.u.c.b.a.t.b.c.CommandLineAlgorithmRun - [PROCESS-ERR]  [ERROR] FATAL UNHANDLED EXCEPTION: System.IO.IOException: Write fault on path /proj/SMACK/smac/[Unknown]
02:21:11.269 [CLI TAE (STDERR Thread - #0)] WARN  c.u.c.b.a.t.b.c.CommandLineAlgorithmRun - [PROCESS-ERR]    at System.IO.FileStream.WriteInternal (System.Byte[] src, System.Int32 offset, System.Int32 count) [0x00077] in <9689214c1e4645be91df75196bac3cbb>:0 
02:21:11.269 [CLI TAE (STDERR Thread - #0)] WARN  c.u.c.b.a.t.b.c.CommandLineAlgorithmRun - [PROCESS-ERR]    at System.IO.FileStream.Write (System.Byte[] array, System.Int32 offset, System.Int32 count) [0x00090] in <9689214c1e4645be91df75196bac3cbb>:0 
02:21:11.269 [CLI TAE (STDERR Thread - #0)] WARN  c.u.c.b.a.t.b.c.CommandLineAlgorithmRun - [PROCESS-ERR]    at System.IO.StreamWriter.Flush (System.Boolean flushStream, System.Boolean flushEncoder) [0x0007e] in <9689214c1e4645be91df75196bac3cbb>:0 
02:21:11.269 [CLI TAE (STDERR Thread - #0)] WARN  c.u.c.b.a.t.b.c.CommandLineAlgorithmRun - [PROCESS-ERR]    at System.IO.StreamWriter.Write (System.Char[] buffer, System.Int32 index, System.Int32 count) [0x000d3] in <9689214c1e4645be91df75196bac3cbb>:0 
02:21:11.269 [CLI TAE (STDERR Thread - #0)] WARN  c.u.c.b.a.t.b.c.CommandLineAlgorithmRun - [PROCESS-ERR]    at System.IO.TextWriter.WriteLine (System.String value) [0x00070] in <9689214c1e4645be91df75196bac3cbb>:0 
02:21:11.269 [CLI TAE (STDERR Thread - #0)] WARN  c.u.c.b.a.t.b.c.CommandLineAlgorithmRun - [PROCESS-ERR]    at Microsoft.Boogie.SMTLib.SMTLibProcess.Send (System.String cmd) [0x00064] in <55ca17d974574bcfbefcc79320c22d1a>:0 
02:21:11.270 [CLI TAE (STDERR Thread - #0)] WARN  c.u.c.b.a.t.b.c.CommandLineAlgorithmRun - [PROCESS-ERR]    at Microsoft.Boogie.SMTLib.SMTLibProcessTheoremProver.Send (System.String s, System.Boolean isCommon) [0x0002b] in <55ca17d974574bcfbefcc79320c22d1a>:0 
02:21:11.270 [CLI TAE (STDERR Thread - #0)] WARN  c.u.c.b.a.t.b.c.CommandLineAlgorithmRun - [PROCESS-ERR]    at Microsoft.Boogie.SMTLib.SMTLibProcessTheoremProver.SendThisVC (System.String s) [0x00000] in <55ca17d974574bcfbefcc79320c22d1a>:0 
02:21:11.270 [CLI TAE (STDERR Thread - #0)] WARN  c.u.c.b.a.t.b.c.CommandLineAlgorithmRun - [PROCESS-ERR]    at Microsoft.Boogie.SMTLib.SMTLibProcessTheoremProver.Pop () [0x00000] in <55ca17d974574bcfbefcc79320c22d1a>:0 
02:21:11.270 [CLI TAE (STDERR Thread - #0)] WARN  c.u.c.b.a.t.b.c.CommandLineAlgorithmRun - [PROCESS-ERR]    at CoreLib.StratifiedInlining.Pop () [0x00013] in <d6763a94c8cf4ed1ab4eb9fb8e563ab9>:0 
02:21:11.270 [CLI TAE (STDERR Thread - #0)] WARN  c.u.c.b.a.t.b.c.CommandLineAlgorithmRun - [PROCESS-ERR]    at CoreLib.StratifiedInlining.Fwd (System.Collections.Generic.HashSet`1[T] openCallSites, CoreLib.StratifiedInliningErrorReporter reporter, System.Boolean main, System.Int32 recBound) [0x00224] in <d6763a94c8cf4ed1ab4eb9fb8e563ab9>:0 
02:21:11.270 [CLI TAE (STDERR Thread - #0)] WARN  c.u.c.b.a.t.b.c.CommandLineAlgorithmRun - [PROCESS-ERR]    at CoreLib.StratifiedInlining.VerifyImplementation (Microsoft.Boogie.Implementation impl, Microsoft.Boogie.VerifierCallback callback) [0x00550] in <d6763a94c8cf4ed1ab4eb9fb8e563ab9>:0 
02:21:11.270 [CLI TAE (STDERR Thread - #0)] WARN  c.u.c.b.a.t.b.c.CommandLineAlgorithmRun - [PROCESS-ERR]    at VC.ConditionGeneration.VerifyImplementation (Microsoft.Boogie.Implementation impl, System.Collections.Generic.List`1[Microsoft.Boogie.Counterexample]& errors, System.String requestId) [0x00017] in <b5d928f9c26b4f8e917553da8c7f3eaa>:0 
02:21:11.270 [CLI TAE (STDERR Thread - #0)] WARN  c.u.c.b.a.t.b.c.CommandLineAlgorithmRun - [PROCESS-ERR]    at cba.Util.BoogieVerify.Verify (Microsoft.Boogie.Program program, System.Boolean needErrorTraces, System.Collections.Generic.List`1[cba.Util.BoogieErrorTrace]& allErrors, System.Collections.Generic.List`1[System.String]& timedOut, System.Boolean isCBA) [0x00336] in <d6763a94c8cf4ed1ab4eb9fb8e563ab9>:0 
02:21:11.271 [CLI TAE (STDERR Thread - #0)] WARN  c.u.c.b.a.t.b.c.CommandLineAlgorithmRun - [PROCESS-ERR]    at cba.Util.BoogieVerify.Verify (Microsoft.Boogie.Program program, System.Collections.Generic.List`1[cba.Util.BoogieErrorTrace]& allErrors, System.Boolean isCBA) [0x00006] in <d6763a94c8cf4ed1ab4eb9fb8e563ab9>:0 
02:21:11.271 [CLI TAE (STDERR Thread - #0)] WARN  c.u.c.b.a.t.b.c.CommandLineAlgorithmRun - [PROCESS-ERR]    at cba.VerificationPass.feedToBoogie (cba.CBAProgram p) [0x0004f] in <d6763a94c8cf4ed1ab4eb9fb8e563ab9>:0 
02:21:11.271 [CLI TAE (STDERR Thread - #0)] WARN  c.u.c.b.a.t.b.c.CommandLineAlgorithmRun - [PROCESS-ERR]    at cba.VerificationPass.runCBAPass (cba.CBAProgram prog) [0x00019] in <d6763a94c8cf4ed1ab4eb9fb8e563ab9>:0 
02:21:11.271 [CLI TAE (STDERR Thread - #0)] WARN  c.u.c.b.a.t.b.c.CommandLineAlgorithmRun - [PROCESS-ERR]    at cba.CompilerPass.runPass (Microsoft.Boogie.Program inp) [0x00007] in <d6763a94c8cf4ed1ab4eb9fb8e563ab9>:0 
02:21:11.271 [CLI TAE (STDERR Thread - #0)] WARN  c.u.c.b.a.t.b.c.CommandLineAlgorithmRun - [PROCESS-ERR]    at ProgTransformation.TransformationPass.run (ProgTransformation.PersistentProgram inp) [0x00086] in <e2e91c08b21348908e5a9d3751d56907>:0 
02:21:11.272 [CLI TAE (STDERR Thread - #0)] WARN  c.u.c.b.a.t.b.c.CommandLineAlgorithmRun - [PROCESS-ERR]    at cba.CompilerPass.run (cba.PersistentCBAProgram inp) [0x00006] in <d6763a94c8cf4ed1ab4eb9fb8e563ab9>:0 
02:21:11.272 [CLI TAE (STDERR Thread - #0)] WARN  c.u.c.b.a.t.b.c.CommandLineAlgorithmRun - [PROCESS-ERR]    at cba.CBADriver.VerifyProgram (cba.PersistentCBAProgram& prog, cba.VarSet trackedVars, System.Boolean returnTrace, cba.PersistentCBAProgram& pout, cba.InsertionTrans& tinfo, cba.ErrorTrace& cex) [0x0011a] in <fb227d9af2a1446abb318a31ae1ac83f>:0 
02:21:11.272 [CLI TAE (STDERR Thread - #0)] WARN  c.u.c.b.a.t.b.c.CommandLineAlgorithmRun - [PROCESS-ERR]    at cba.CBADriver.checkProgram (cba.PersistentCBAProgram& prog, cba.VarSet trackedVars, System.Boolean returnTrace, cba.PersistentCBAProgram& pout, cba.InsertionTrans& tinfo, cba.ErrorTrace& cex) [0x00022] in <fb227d9af2a1446abb318a31ae1ac83f>:0 
02:21:11.272 [CLI TAE (STDERR Thread - #0)] WARN  c.u.c.b.a.t.b.c.CommandLineAlgorithmRun - [PROCESS-ERR]    at cba.Driver.checkAndRefine (cba.PersistentCBAProgram prog, cba.RefinementState refinementState, System.Action`2[T1,T2] printTrace, cba.ErrorTrace& cexTrace) [0x000de] in <fb227d9af2a1446abb318a31ae1ac83f>:0 
02:21:11.272 [CLI TAE (STDERR Thread - #0)] WARN  c.u.c.b.a.t.b.c.CommandLineAlgorithmRun - [PROCESS-ERR]    at cba.Driver.run (System.String[] args) [0x003f1] in <fb227d9af2a1446abb318a31ae1ac83f>:0 
02:21:11.272 [CLI TAE (STDERR Thread - #0)] WARN  c.u.c.b.a.t.b.c.CommandLineAlgorithmRun - [PROCESS-ERR]    at cba.Driver.Main (System.String[] args) [0x0005a] in <fb227d9af2a1446abb318a31ae1ac83f>:0 
02:21:11.272 [CLI TAE (STDERR Thread - #0)] WARN  c.u.c.b.a.t.b.c.CommandLineAlgorithmRun - [PROCESS-ERR]  
02:39:59.121 [CLI TAE (STDERR Thread - #0)] WARN  c.u.c.b.a.t.b.c.CommandLineAlgorithmRun - [PROCESS-ERR] SMACK found an error.
03:13:14.919 [CLI TAE (STDERR Thread - #0)] WARN  c.u.c.b.a.t.b.c.CommandLineAlgorithmRun - [PROCESS-ERR] SMACK timed out.
03:44:16.235 [CLI TAE (STDERR Thread - #0)] WARN  c.u.c.b.a.t.b.c.CommandLineAlgorithmRun - [PROCESS-ERR]  SMACK timed out.
04:17:06.829 [CLI TAE (STDERR Thread - #0)] WARN  c.u.c.b.a.t.b.c.CommandLineAlgorithmRun - [PROCESS-ERR] SMACK timed out.
04:53:14.297 [CLI TAE (STDERR Thread - #0)] WARN  c.u.c.b.a.t.b.c.CommandLineAlgorithmRun - [PROCESS-ERR] SMACK timed out.
05:23:28.458 [CLI TAE (STDERR Thread - #0)] WARN  c.u.c.b.a.t.b.c.CommandLineAlgorithmRun - [PROCESS-ERR]  SMACK timed out.
06:35:58.101 [CLI TAE (STDERR Thread - #0)] WARN  c.u.c.b.a.t.b.c.CommandLineAlgorithmRun - [PROCESS-ERR]  SMACK timed out.
06:35:58.289 [CLI TAE Callback Threads (3-50)] WARN  c.u.c.b.a.t.d.s.TimingCheckerTargetAlgorithmEvaluator - Algorithm Run Result reported a runtime of 4348.33114004 (secs) that exceeded it's cutoff time of 2000.0 (secs) by 2348.33114004 (secs). Next warning at 2349.33114004 (secs)  
06:35:58.292 [CLI TAE Callback Threads (3-50)] WARN  c.u.c.b.a.t.d.s.TimingCheckerTargetAlgorithmEvaluator - Algorithm Run Result reported wallclock time of 4348.406 (secs) that exceeded it's cutoff time of 2000.0 (secs) by 2348.406 (secs). Next warning at 2349.406 (secs)  
07:07:27.340 [CLI TAE (STDERR Thread - #0)] WARN  c.u.c.b.a.t.b.c.CommandLineAlgorithmRun - [PROCESS-ERR]  SMACK timed out.
07:37:51.733 [CLI TAE (STDERR Thread - #0)] WARN  c.u.c.b.a.t.b.c.CommandLineAlgorithmRun - [PROCESS-ERR] SMACK timed out.
08:08:03.315 [CLI TAE (STDERR Thread - #0)] WARN  c.u.c.b.a.t.b.c.CommandLineAlgorithmRun - [PROCESS-ERR] SMACK timed out.
08:17:08.815 [CLI TAE (STDERR Thread - #0)] WARN  c.u.c.b.a.t.b.c.CommandLineAlgorithmRun - [PROCESS-ERR] Traceback (most recent call last):
  File "/mnt/local/smack-project/smack/bin/smack", line 13, in <module>
    smack.top.main()
  File "/mnt/local/smack-project/smack/bin/../share/smack/top.py", line 679, in main
    verify_bpl(args)
  File "/mnt/local/smack-project/smack/bin/../share/smack/top.py", line 548, in verify_bpl
    verifier_output = try_command(command, timeout=args.time_limit)
  File "/mnt/local/smack-project/smack/bin/../share/smack/utils.py", line 69, in try_command
    raise Exception(output)
Exception: Single threaded program detected
LB: Took 0.42 s
Verifying program while tracking: {assertsPassed, $M.0, $M.2, $M.3, $M.36, $M.37, $M.38, $M.39, $M.40, $M.41, $M.42, $M.43, $M.44, $M.45, $M.46, $M.47}
/usr/local/bin/corral: line 2: 53434 Killed                  $CORRAL "$@"
08:37:02.798 [CLI TAE (STDERR Thread - #0)] WARN  c.u.c.b.a.t.b.c.CommandLineAlgorithmRun - [PROCESS-ERR]  Traceback (most recent call last):
08:37:02.802 [CLI TAE (STDERR Thread - #0)] WARN  c.u.c.b.a.t.b.c.CommandLineAlgorithmRun - [PROCESS-ERR]    File "/mnt/local/smack-project/smack/bin/smack", line 13, in <module>
08:37:02.802 [CLI TAE (STDERR Thread - #0)] WARN  c.u.c.b.a.t.b.c.CommandLineAlgorithmRun - [PROCESS-ERR]      smack.top.main()
08:37:02.802 [CLI TAE (STDERR Thread - #0)] WARN  c.u.c.b.a.t.b.c.CommandLineAlgorithmRun - [PROCESS-ERR]    File "/mnt/local/smack-project/smack/bin/../share/smack/top.py", line 679, in main
08:37:02.803 [CLI TAE (STDERR Thread - #0)] WARN  c.u.c.b.a.t.b.c.CommandLineAlgorithmRun - [PROCESS-ERR]      verify_bpl(args)
08:37:02.803 [CLI TAE (STDERR Thread - #0)] WARN  c.u.c.b.a.t.b.c.CommandLineAlgorithmRun - [PROCESS-ERR]    File "/mnt/local/smack-project/smack/bin/../share/smack/top.py", line 548, in verify_bpl
08:37:02.803 [CLI TAE (STDERR Thread - #0)] WARN  c.u.c.b.a.t.b.c.CommandLineAlgorithmRun - [PROCESS-ERR]      verifier_output = try_command(command, timeout=args.time_limit)
08:37:02.803 [CLI TAE (STDERR Thread - #0)] WARN  c.u.c.b.a.t.b.c.CommandLineAlgorithmRun - [PROCESS-ERR]    File "/mnt/local/smack-project/smack/bin/../share/smack/utils.py", line 69, in try_command
08:37:02.803 [CLI TAE (STDERR Thread - #0)] WARN  c.u.c.b.a.t.b.c.CommandLineAlgorithmRun - [PROCESS-ERR]      raise Exception(output)
08:37:02.803 [CLI TAE (STDERR Thread - #0)] WARN  c.u.c.b.a.t.b.c.CommandLineAlgorithmRun - [PROCESS-ERR]  Exception: Single threaded program detected
08:37:02.803 [CLI TAE (STDERR Thread - #0)] WARN  c.u.c.b.a.t.b.c.CommandLineAlgorithmRun - [PROCESS-ERR]  Verifying 48 impls
08:37:02.803 [CLI TAE (STDERR Thread - #0)] WARN  c.u.c.b.a.t.b.c.CommandLineAlgorithmRun - [PROCESS-ERR]  LB: Took 14.14 s
08:37:02.803 [CLI TAE (STDERR Thread - #0)] WARN  c.u.c.b.a.t.b.c.CommandLineAlgorithmRun - [PROCESS-ERR]  Verifying program while tracking: {assertsPassed}
08:37:02.803 [CLI TAE (STDERR Thread - #0)] WARN  c.u.c.b.a.t.b.c.CommandLineAlgorithmRun - [PROCESS-ERR]  /usr/local/bin/corral: line 2: 54452 Killed                  $CORRAL "$@"
08:37:02.804 [CLI TAE (STDERR Thread - #0)] WARN  c.u.c.b.a.t.b.c.CommandLineAlgorithmRun - [PROCESS-ERR]  
09:07:46.518 [CLI TAE (STDERR Thread - #0)] WARN  c.u.c.b.a.t.b.c.CommandLineAlgorithmRun - [PROCESS-ERR]  SMACK timed out.
09:41:44.701 [CLI TAE (STDERR Thread - #0)] WARN  c.u.c.b.a.t.b.c.CommandLineAlgorithmRun - [PROCESS-ERR] SMACK timed out.
10:44:31.779 [CLI TAE (STDERR Thread - #0)] WARN  c.u.c.b.a.t.b.c.CommandLineAlgorithmRun - [PROCESS-ERR]  SMACK timed out.
11:49:21.076 [CLI TAE (STDERR Thread - #0)] WARN  c.u.c.b.a.t.b.c.CommandLineAlgorithmRun - [PROCESS-ERR]  SMACK timed out.
