10:39:29.425 [CLI TAE (STDERR Thread - #0)] WARN  c.u.c.b.a.t.b.c.CommandLineAlgorithmRun - [PROCESS-ERR]  usage: smack [-h] [--version] [-q | -v | -d | --debug-only MODULES] [-t]
10:39:29.472 [CLI TAE (STDERR Thread - #0)] WARN  c.u.c.b.a.t.b.c.CommandLineAlgorithmRun - [PROCESS-ERR]               [-w FILE] [-x LANG] [-bc FILE] [-ll FILE]
10:39:29.474 [CLI TAE (STDERR Thread - #0)] WARN  c.u.c.b.a.t.b.c.CommandLineAlgorithmRun - [PROCESS-ERR]               [--clang-options OPTIONS] [-bpl FILE] [--no-memory-splitting]
10:39:29.474 [CLI TAE (STDERR Thread - #0)] WARN  c.u.c.b.a.t.b.c.CommandLineAlgorithmRun - [PROCESS-ERR]               [--mem-mod {no-reuse,no-reuse-impls,reuse}] [--static-unroll]
10:39:29.475 [CLI TAE (STDERR Thread - #0)] WARN  c.u.c.b.a.t.b.c.CommandLineAlgorithmRun - [PROCESS-ERR]               [--pthread] [--bit-precise] [--timing-annotations]
10:39:29.475 [CLI TAE (STDERR Thread - #0)] WARN  c.u.c.b.a.t.b.c.CommandLineAlgorithmRun - [PROCESS-ERR]               [--bit-precise-pointers] [--no-byte-access-inference]
10:39:29.475 [CLI TAE (STDERR Thread - #0)] WARN  c.u.c.b.a.t.b.c.CommandLineAlgorithmRun - [PROCESS-ERR]               [--entry-points PROC [PROC ...]] [--memory-safety]
10:39:29.482 [CLI TAE (STDERR Thread - #0)] WARN  c.u.c.b.a.t.b.c.CommandLineAlgorithmRun - [PROCESS-ERR]               [--only-check-valid-deref] [--only-check-valid-free]
10:39:29.482 [CLI TAE (STDERR Thread - #0)] WARN  c.u.c.b.a.t.b.c.CommandLineAlgorithmRun - [PROCESS-ERR]               [--only-check-memleak] [--signed-integer-overflow] [--float]
10:39:29.482 [CLI TAE (STDERR Thread - #0)] WARN  c.u.c.b.a.t.b.c.CommandLineAlgorithmRun - [PROCESS-ERR]               [--split-aggregate-values]
10:39:29.483 [CLI TAE (STDERR Thread - #0)] WARN  c.u.c.b.a.t.b.c.CommandLineAlgorithmRun - [PROCESS-ERR]               [--verifier {boogie,corral,duality,svcomp}] [--unroll N]
10:39:29.483 [CLI TAE (STDERR Thread - #0)] WARN  c.u.c.b.a.t.b.c.CommandLineAlgorithmRun - [PROCESS-ERR]               [--loop-limit N] [--context-bound K] [--verifier-options OPTIONS]
10:39:29.483 [CLI TAE (STDERR Thread - #0)] WARN  c.u.c.b.a.t.b.c.CommandLineAlgorithmRun - [PROCESS-ERR]               [--time-limit N] [--max-violations N] [--smackd]
10:39:29.483 [CLI TAE (STDERR Thread - #0)] WARN  c.u.c.b.a.t.b.c.CommandLineAlgorithmRun - [PROCESS-ERR]               [--svcomp-property FILE] [--modular] [--replay]
10:39:29.483 [CLI TAE (STDERR Thread - #0)] WARN  c.u.c.b.a.t.b.c.CommandLineAlgorithmRun - [PROCESS-ERR]               [--transform-bpl COMMAND] [--transform-out COMMAND]
10:39:29.483 [CLI TAE (STDERR Thread - #0)] WARN  c.u.c.b.a.t.b.c.CommandLineAlgorithmRun - [PROCESS-ERR]               input-files [input-files ...]
10:39:29.483 [CLI TAE (STDERR Thread - #0)] WARN  c.u.c.b.a.t.b.c.CommandLineAlgorithmRun - [PROCESS-ERR]  smack: error: unrecognized arguments: --/useArrayTheoryCheck
10:39:29.620 [CLI TAE (Master Thread - #0)] ERROR c.u.c.b.a.t.b.c.CommandLineAlgorithmRun - The following algorithm call failed: cd "/home/ankit/smac" ;  example_scenarios/filesSmac/wrapper.py /benchmark_testing/ldv/32_1_cilled_true-unreach-call_ok_nondet_linux-3.4-32_1-drivers--usb--storage--ums-jumpshot.ko-ldv_main0_sequence_infinite_withcheck_stateful.cil.out.c 0 2000.0 2147483647 -1 -/bopt:boolControlVC 'False' -/bopt:z3opt:SMT.MBQI 'False' -/di 'True' -/staticInlining 'True' -/trackAllVars 'True' -/useArrayTheoryCheck '2' -bit-precise 'False' -unroll '32'  
10:39:29.621 [CLI TAE (Master Thread - #0)] ERROR c.u.c.b.a.t.b.c.CommandLineAlgorithmRun - The last 2 lines of output we saw were:
10:39:29.621 [CLI TAE (Master Thread - #0)] ERROR c.u.c.b.a.t.b.c.CommandLineAlgorithmRun - > cmd=  ['/home/ankit/smack/smack/bin/smack', '-x=svcomp', '--time-limit', '1800', '/benchmark_testing/ldv/32_1_cilled_true-unreach-call_ok_nondet_linux-3.4-32_1-drivers--usb--storage--ums-jumpshot.ko-ldv_main0_sequence_infinite_withcheck_stateful.cil.out.c', '--verifier-options', ' /di /staticInlining /trackAllVars', '--/useArrayTheoryCheck', '--unroll', '32']
10:39:29.621 [CLI TAE (Master Thread - #0)] ERROR c.u.c.b.a.t.b.c.CommandLineAlgorithmRun - > Result for SMAC: CRASHED, 1.84498500824, 0, 0, -1
10:39:36.743 [main] ERROR c.u.c.b.smac.executors.SMACExecutor - Message: First Run Crashed : [<Instance:798, Seed:-1, Config:0x000B, Kappa:2000.0, Execution Config: 0x0001> ==> <CRASHED, 1.84498500824, 0.0, 0.0, -1> W:(2.488)]
10:39:36.863 [main] ERROR c.u.c.b.smac.executors.SMACExecutor - A serious problem occured during target algorithm execution and we are aborting execution 
ca.ubc.cs.beta.aeatk.targetalgorithmevaluator.exceptions.TargetAlgorithmAbortException: First Run Crashed : [<Instance:798, Seed:-1, Config:0x000B, Kappa:2000.0, Execution Config: 0x0001> ==> <CRASHED, 1.84498500824, 0.0, 0.0, -1> W:(2.488)]
	at ca.ubc.cs.beta.aeatk.targetalgorithmevaluator.decorators.safety.AbortOnFirstRunCrashTargetAlgorithmEvaluator.validate(AbortOnFirstRunCrashTargetAlgorithmEvaluator.java:59) ~[aeatk.jar:na]
	at ca.ubc.cs.beta.aeatk.targetalgorithmevaluator.decorators.safety.AbortOnFirstRunCrashTargetAlgorithmEvaluator.access$000(AbortOnFirstRunCrashTargetAlgorithmEvaluator.java:23) ~[aeatk.jar:na]
	at ca.ubc.cs.beta.aeatk.targetalgorithmevaluator.decorators.safety.AbortOnFirstRunCrashTargetAlgorithmEvaluator$1.onSuccess(AbortOnFirstRunCrashTargetAlgorithmEvaluator.java:80) ~[aeatk.jar:na]
	at ca.ubc.cs.beta.aeatk.targetalgorithmevaluator.base.cli.CommandLineTargetAlgorithmEvaluator$1$1.run(CommandLineTargetAlgorithmEvaluator.java:164) ~[aeatk.jar:na]
	at java.util.concurrent.ThreadPoolExecutor.runWorker(ThreadPoolExecutor.java:1152) ~[na:1.7.0_151]
	at java.util.concurrent.ThreadPoolExecutor$Worker.run(ThreadPoolExecutor.java:622) ~[na:1.7.0_151]
	at java.lang.Thread.run(Thread.java:748) ~[na:1.7.0_151]
10:39:36.864 [main] ERROR c.u.c.b.smac.executors.SMACExecutor - We tried to call the target algorithm wrapper, but this call failed.
10:39:36.898 [main] ERROR c.u.c.b.smac.executors.SMACExecutor - The problem is (most likely) somewhere in the wrapper or with the arguments to SMAC.
10:39:36.913 [main] ERROR c.u.c.b.smac.executors.SMACExecutor - The easiest way to debug this problem is to manually execute the call we tried and see why it did not return the correct result
10:39:36.928 [main] ERROR c.u.c.b.smac.executors.SMACExecutor - The required output of the wrapper is something like "Result for ParamILS: x,x,x,x,x".);
