15:27:33.394 [CLI TAE (STDERR Thread - #0)] WARN  c.u.c.b.a.t.b.c.CommandLineAlgorithmRun - [PROCESS-ERR]  Traceback (most recent call last):
15:27:33.410 [CLI TAE (STDERR Thread - #0)] WARN  c.u.c.b.a.t.b.c.CommandLineAlgorithmRun - [PROCESS-ERR]    File "/mnt/local/smack-project/smack/bin/smack", line 13, in <module>
15:27:33.411 [CLI TAE (STDERR Thread - #0)] WARN  c.u.c.b.a.t.b.c.CommandLineAlgorithmRun - [PROCESS-ERR]      smack.top.main()
15:27:33.412 [CLI TAE (STDERR Thread - #0)] WARN  c.u.c.b.a.t.b.c.CommandLineAlgorithmRun - [PROCESS-ERR]    File "/mnt/local/smack-project/smack/bin/../share/smack/top.py", line 679, in main
15:27:33.412 [CLI TAE (STDERR Thread - #0)] WARN  c.u.c.b.a.t.b.c.CommandLineAlgorithmRun - [PROCESS-ERR]      verify_bpl(args)
15:27:33.412 [CLI TAE (STDERR Thread - #0)] WARN  c.u.c.b.a.t.b.c.CommandLineAlgorithmRun - [PROCESS-ERR]    File "/mnt/local/smack-project/smack/bin/../share/smack/top.py", line 548, in verify_bpl
15:27:33.412 [CLI TAE (STDERR Thread - #0)] WARN  c.u.c.b.a.t.b.c.CommandLineAlgorithmRun - [PROCESS-ERR]      verifier_output = try_command(command, timeout=args.time_limit)
15:27:33.413 [CLI TAE (STDERR Thread - #0)] WARN  c.u.c.b.a.t.b.c.CommandLineAlgorithmRun - [PROCESS-ERR]    File "/mnt/local/smack-project/smack/bin/../share/smack/utils.py", line 69, in try_command
15:27:33.413 [CLI TAE (STDERR Thread - #0)] WARN  c.u.c.b.a.t.b.c.CommandLineAlgorithmRun - [PROCESS-ERR]      raise Exception(output)
15:27:33.413 [CLI TAE (STDERR Thread - #0)] WARN  c.u.c.b.a.t.b.c.CommandLineAlgorithmRun - [PROCESS-ERR]  Exception: Single threaded program detected
15:27:33.413 [CLI TAE (STDERR Thread - #0)] WARN  c.u.c.b.a.t.b.c.CommandLineAlgorithmRun - [PROCESS-ERR]  Verifying 37 impls
15:27:33.414 [CLI TAE (STDERR Thread - #0)] WARN  c.u.c.b.a.t.b.c.CommandLineAlgorithmRun - [PROCESS-ERR]  LB: Took 33.05 s
15:27:33.414 [CLI TAE (STDERR Thread - #0)] WARN  c.u.c.b.a.t.b.c.CommandLineAlgorithmRun - [PROCESS-ERR]  Verifying program while tracking: {assertsPassed, $M.1, $M.3, $M.4, $M.5, $M.6, $M.7, $M.8, $M.9, $M.2, $M.10, $M.11, $M.14, $M.12, $M.13, $M.15, $M.16, $M.17, $M.18, $M.19, $M.20, $M.21, $M.22, $M.23, $M.24, $M.25, $M.26, $M.27, $M.28, $M.29, $M.30, $M.31, $M.32, $M.33, $M.34, $M.35, $M.36, $M.37, $M.38, $M.39, $M.40, $M.41, $M.42, $M.43, $M.44, $M.45, $M.46, $M.56, $M.57, $M.58, $CurrAddr, $M.67, $M.79, $M.68, $M.80, $M.81, $M.82, $M.83, $M.84, $M.85, $M.55, $M.54, $M.51, $M.60, $M.59, $M.86, $M.87, $M.88, $M.89, $M.90, $M.91, $M.92, $M.93, $M.94, $M.95, $M.96, $M.97, $M.98, $M.99, $M.100, $M.101, $M.102, $M.103, $M.104, $M.105, $M.106, $M.107, $M.108, $M.109, $M.110, $M.111, $M.112, $M.113, $M.114, $M.115, $M.116, $M.117, $M.118, $M.119, $M.120, $M.121, $M.122, $M.123, $M.124, $M.125, $M.126, $M.127, $M.128, $M.129, $M.130, $M.131, $M.132, $M.133, $M.134, $M.135, $M.136, $M.137, $M.138, $M.139, $M.140, $M.141, $M.142, $M.143, $M.144, $M.145, $M.146, $M.147, $M.148, $M.149, $M.150, $M.151, $M.152, $M.153, $M.154, $M.155, $M.156}
15:27:33.414 [CLI TAE (STDERR Thread - #0)] WARN  c.u.c.b.a.t.b.c.CommandLineAlgorithmRun - [PROCESS-ERR]  /usr/local/bin/corral: line 2: 11330 Killed                  $CORRAL "$@"
15:27:33.415 [CLI TAE (STDERR Thread - #0)] WARN  c.u.c.b.a.t.b.c.CommandLineAlgorithmRun - [PROCESS-ERR]  
15:49:44.263 [CLI TAE (STDERR Thread - #0)] WARN  c.u.c.b.a.t.b.c.CommandLineAlgorithmRun - [PROCESS-ERR]  Traceback (most recent call last):
15:49:44.266 [CLI TAE (STDERR Thread - #0)] WARN  c.u.c.b.a.t.b.c.CommandLineAlgorithmRun - [PROCESS-ERR]    File "/mnt/local/smack-project/smack/bin/smack", line 13, in <module>
15:49:44.266 [CLI TAE (STDERR Thread - #0)] WARN  c.u.c.b.a.t.b.c.CommandLineAlgorithmRun - [PROCESS-ERR]      smack.top.main()
15:49:44.266 [CLI TAE (STDERR Thread - #0)] WARN  c.u.c.b.a.t.b.c.CommandLineAlgorithmRun - [PROCESS-ERR]    File "/mnt/local/smack-project/smack/bin/../share/smack/top.py", line 679, in main
15:49:44.267 [CLI TAE (STDERR Thread - #0)] WARN  c.u.c.b.a.t.b.c.CommandLineAlgorithmRun - [PROCESS-ERR]      verify_bpl(args)
15:49:44.267 [CLI TAE (STDERR Thread - #0)] WARN  c.u.c.b.a.t.b.c.CommandLineAlgorithmRun - [PROCESS-ERR]    File "/mnt/local/smack-project/smack/bin/../share/smack/top.py", line 548, in verify_bpl
15:49:44.267 [CLI TAE (STDERR Thread - #0)] WARN  c.u.c.b.a.t.b.c.CommandLineAlgorithmRun - [PROCESS-ERR]      verifier_output = try_command(command, timeout=args.time_limit)
15:49:44.268 [CLI TAE (STDERR Thread - #0)] WARN  c.u.c.b.a.t.b.c.CommandLineAlgorithmRun - [PROCESS-ERR]    File "/mnt/local/smack-project/smack/bin/../share/smack/utils.py", line 69, in try_command
15:49:44.268 [CLI TAE (STDERR Thread - #0)] WARN  c.u.c.b.a.t.b.c.CommandLineAlgorithmRun - [PROCESS-ERR]      raise Exception(output)
15:49:44.268 [CLI TAE (STDERR Thread - #0)] WARN  c.u.c.b.a.t.b.c.CommandLineAlgorithmRun - [PROCESS-ERR]  Exception: Single threaded program detected
15:49:44.268 [CLI TAE (STDERR Thread - #0)] WARN  c.u.c.b.a.t.b.c.CommandLineAlgorithmRun - [PROCESS-ERR]  Verifying 96 impls
15:49:44.269 [CLI TAE (STDERR Thread - #0)] WARN  c.u.c.b.a.t.b.c.CommandLineAlgorithmRun - [PROCESS-ERR]  LB: Took 12.42 s
15:49:44.269 [CLI TAE (STDERR Thread - #0)] WARN  c.u.c.b.a.t.b.c.CommandLineAlgorithmRun - [PROCESS-ERR]  Verifying program while tracking: {assertsPassed, $M.0, $M.1, $M.2, $M.5, $M.6, $M.12, $M.13, $M.14, $M.15, $M.16, $M.17, $M.18, $M.19, $M.20, $M.22, $M.23, $M.24, $M.25, $M.26, $M.27, $M.28, $M.31, $M.41, $M.42, $M.44, $M.45, $M.46, $M.47, $M.49, $M.48, $M.50, $M.51, $M.52, $M.53, $M.54, $M.55, $M.56, $M.57, $M.58, $M.60, $M.61, $M.62, $M.63, $M.64, $M.65, $M.66, $M.76, $M.77, $M.78, $M.79, $M.80, $M.81, $M.82, $M.83, $M.84, $M.85, $M.86, $M.87, $M.88, $M.89, $M.90, $M.91, $M.92, $M.94, $M.95, $M.96, $M.97, $M.98, $M.110, $M.132, $M.133, $M.134, $M.59, $M.135, $M.136, $M.74, $M.138, $CurrAddr, $M.144, $M.145, $M.146, $M.147, $M.148, $M.149, $M.150, $M.151, $M.152, $M.153, $M.75, $M.154, $M.155, $M.156, $M.157, $M.158, $M.159, $M.160, $M.161, $M.162, $M.163, $M.164, $M.165, $M.166, $M.167, $M.168, $M.172, $M.173, $M.174, $M.175, $M.176, $M.177, $M.178, $M.205, $M.206, $M.207, $M.208, $M.212, $M.214, $M.117, $M.118, $M.119, $M.120, $M.121, $M.122, $M.123, $M.124, $M.215, $M.216, $M.217, $M.218, $M.219, $M.356, $M.363, $M.364, $M.365, $M.366, $M.367, $M.368, $M.369, $M.370, $M.371, $M.372, $M.373, $M.374, $M.375, $M.376, $M.377, $M.378, $M.379, $M.380, $M.381, $M.382, $M.383, $M.384, $M.385, $M.386, $M.387, $M.388, $M.389, $M.390, $M.391, $M.392}
15:49:44.269 [CLI TAE (STDERR Thread - #0)] WARN  c.u.c.b.a.t.b.c.CommandLineAlgorithmRun - [PROCESS-ERR]  /usr/local/bin/corral: line 2: 13443 Killed                  $CORRAL "$@"
15:49:44.269 [CLI TAE (STDERR Thread - #0)] WARN  c.u.c.b.a.t.b.c.CommandLineAlgorithmRun - [PROCESS-ERR]  
16:21:36.805 [CLI TAE (STDERR Thread - #0)] WARN  c.u.c.b.a.t.b.c.CommandLineAlgorithmRun - [PROCESS-ERR]  SMACK timed out.
16:21:36.871 [CLI TAE Callback Threads (3-3)] WARN  c.u.c.b.a.t.d.s.TimingCheckerTargetAlgorithmEvaluator - Algorithm Run Result reported a runtime of 1910.65739107 (secs) that exceeded it's cutoff time of 1225.735217415142 (secs) by 684.9221736548579 (secs). Next warning at 685.9221736548579 (secs)  
16:21:36.872 [CLI TAE Callback Threads (3-3)] WARN  c.u.c.b.a.t.d.s.TimingCheckerTargetAlgorithmEvaluator - Algorithm Run Result reported wallclock time of 1910.758 (secs) that exceeded it's cutoff time of 1225.735217415142 (secs) by 685.0227825848581 (secs). Next warning at 686.0227825848581 (secs)  
16:27:04.894 [CLI TAE (STDERR Thread - #0)] WARN  c.u.c.b.a.t.b.c.CommandLineAlgorithmRun - [PROCESS-ERR]  Traceback (most recent call last):
16:27:04.899 [CLI TAE (STDERR Thread - #0)] WARN  c.u.c.b.a.t.b.c.CommandLineAlgorithmRun - [PROCESS-ERR]    File "/mnt/local/smack-project/smack/bin/smack", line 13, in <module>
16:27:04.899 [CLI TAE (STDERR Thread - #0)] WARN  c.u.c.b.a.t.b.c.CommandLineAlgorithmRun - [PROCESS-ERR]      smack.top.main()
16:27:04.900 [CLI TAE (STDERR Thread - #0)] WARN  c.u.c.b.a.t.b.c.CommandLineAlgorithmRun - [PROCESS-ERR]    File "/mnt/local/smack-project/smack/bin/../share/smack/top.py", line 679, in main
16:27:04.900 [CLI TAE (STDERR Thread - #0)] WARN  c.u.c.b.a.t.b.c.CommandLineAlgorithmRun - [PROCESS-ERR]      verify_bpl(args)
16:27:04.900 [CLI TAE (STDERR Thread - #0)] WARN  c.u.c.b.a.t.b.c.CommandLineAlgorithmRun - [PROCESS-ERR]    File "/mnt/local/smack-project/smack/bin/../share/smack/top.py", line 548, in verify_bpl
16:27:04.900 [CLI TAE (STDERR Thread - #0)] WARN  c.u.c.b.a.t.b.c.CommandLineAlgorithmRun - [PROCESS-ERR]      verifier_output = try_command(command, timeout=args.time_limit)
16:27:04.900 [CLI TAE (STDERR Thread - #0)] WARN  c.u.c.b.a.t.b.c.CommandLineAlgorithmRun - [PROCESS-ERR]    File "/mnt/local/smack-project/smack/bin/../share/smack/utils.py", line 69, in try_command
16:27:04.900 [CLI TAE (STDERR Thread - #0)] WARN  c.u.c.b.a.t.b.c.CommandLineAlgorithmRun - [PROCESS-ERR]      raise Exception(output)
16:27:04.900 [CLI TAE (STDERR Thread - #0)] WARN  c.u.c.b.a.t.b.c.CommandLineAlgorithmRun - [PROCESS-ERR]  Exception: Single threaded program detected
16:27:04.900 [CLI TAE (STDERR Thread - #0)] WARN  c.u.c.b.a.t.b.c.CommandLineAlgorithmRun - [PROCESS-ERR]  Verifying 3 impls
16:27:04.900 [CLI TAE (STDERR Thread - #0)] WARN  c.u.c.b.a.t.b.c.CommandLineAlgorithmRun - [PROCESS-ERR]  LB: Took 0.96 s
16:27:04.901 [CLI TAE (STDERR Thread - #0)] WARN  c.u.c.b.a.t.b.c.CommandLineAlgorithmRun - [PROCESS-ERR]  Verifying program while tracking: {assertsPassed, $M.0, $M.2, $M.3}
16:27:04.901 [CLI TAE (STDERR Thread - #0)] WARN  c.u.c.b.a.t.b.c.CommandLineAlgorithmRun - [PROCESS-ERR]  /usr/local/bin/corral: line 2: 17355 Killed                  $CORRAL "$@"
16:27:04.901 [CLI TAE (STDERR Thread - #0)] WARN  c.u.c.b.a.t.b.c.CommandLineAlgorithmRun - [PROCESS-ERR]  
16:31:23.203 [CLI TAE (STDERR Thread - #0)] WARN  c.u.c.b.a.t.b.c.CommandLineAlgorithmRun - [PROCESS-ERR]  Traceback (most recent call last):
16:31:23.218 [CLI TAE (STDERR Thread - #0)] WARN  c.u.c.b.a.t.b.c.CommandLineAlgorithmRun - [PROCESS-ERR]    File "/mnt/local/smack-project/smack/bin/smack", line 13, in <module>
16:31:23.218 [CLI TAE (STDERR Thread - #0)] WARN  c.u.c.b.a.t.b.c.CommandLineAlgorithmRun - [PROCESS-ERR]      smack.top.main()
16:31:23.218 [CLI TAE (STDERR Thread - #0)] WARN  c.u.c.b.a.t.b.c.CommandLineAlgorithmRun - [PROCESS-ERR]    File "/mnt/local/smack-project/smack/bin/../share/smack/top.py", line 679, in main
16:31:23.218 [CLI TAE (STDERR Thread - #0)] WARN  c.u.c.b.a.t.b.c.CommandLineAlgorithmRun - [PROCESS-ERR]      verify_bpl(args)
16:31:23.219 [CLI TAE (STDERR Thread - #0)] WARN  c.u.c.b.a.t.b.c.CommandLineAlgorithmRun - [PROCESS-ERR]    File "/mnt/local/smack-project/smack/bin/../share/smack/top.py", line 548, in verify_bpl
16:31:23.219 [CLI TAE (STDERR Thread - #0)] WARN  c.u.c.b.a.t.b.c.CommandLineAlgorithmRun - [PROCESS-ERR]      verifier_output = try_command(command, timeout=args.time_limit)
16:31:23.219 [CLI TAE (STDERR Thread - #0)] WARN  c.u.c.b.a.t.b.c.CommandLineAlgorithmRun - [PROCESS-ERR]    File "/mnt/local/smack-project/smack/bin/../share/smack/utils.py", line 69, in try_command
16:31:23.219 [CLI TAE (STDERR Thread - #0)] WARN  c.u.c.b.a.t.b.c.CommandLineAlgorithmRun - [PROCESS-ERR]      raise Exception(output)
16:31:23.219 [CLI TAE (STDERR Thread - #0)] WARN  c.u.c.b.a.t.b.c.CommandLineAlgorithmRun - [PROCESS-ERR]  Exception: Single threaded program detected
16:31:23.219 [CLI TAE (STDERR Thread - #0)] WARN  c.u.c.b.a.t.b.c.CommandLineAlgorithmRun - [PROCESS-ERR]  Verifying 3 impls
16:31:23.219 [CLI TAE (STDERR Thread - #0)] WARN  c.u.c.b.a.t.b.c.CommandLineAlgorithmRun - [PROCESS-ERR]  LB: Took 0.95 s
16:31:23.219 [CLI TAE (STDERR Thread - #0)] WARN  c.u.c.b.a.t.b.c.CommandLineAlgorithmRun - [PROCESS-ERR]  Verifying program while tracking: {assertsPassed}
16:31:23.219 [CLI TAE (STDERR Thread - #0)] WARN  c.u.c.b.a.t.b.c.CommandLineAlgorithmRun - [PROCESS-ERR]  /usr/local/bin/corral: line 2: 18000 Killed                  $CORRAL "$@"
16:31:23.220 [CLI TAE (STDERR Thread - #0)] WARN  c.u.c.b.a.t.b.c.CommandLineAlgorithmRun - [PROCESS-ERR]  
16:49:05.678 [CLI TAE (STDERR Thread - #0)] WARN  c.u.c.b.a.t.b.c.CommandLineAlgorithmRun - [PROCESS-ERR]  Traceback (most recent call last):
16:49:05.681 [CLI TAE (STDERR Thread - #0)] WARN  c.u.c.b.a.t.b.c.CommandLineAlgorithmRun - [PROCESS-ERR]    File "/mnt/local/smack-project/smack/bin/smack", line 13, in <module>
16:49:05.682 [CLI TAE (STDERR Thread - #0)] WARN  c.u.c.b.a.t.b.c.CommandLineAlgorithmRun - [PROCESS-ERR]      smack.top.main()
16:49:05.683 [CLI TAE (STDERR Thread - #0)] WARN  c.u.c.b.a.t.b.c.CommandLineAlgorithmRun - [PROCESS-ERR]    File "/mnt/local/smack-project/smack/bin/../share/smack/top.py", line 679, in main
16:49:05.683 [CLI TAE (STDERR Thread - #0)] WARN  c.u.c.b.a.t.b.c.CommandLineAlgorithmRun - [PROCESS-ERR]      verify_bpl(args)
16:49:05.683 [CLI TAE (STDERR Thread - #0)] WARN  c.u.c.b.a.t.b.c.CommandLineAlgorithmRun - [PROCESS-ERR]    File "/mnt/local/smack-project/smack/bin/../share/smack/top.py", line 548, in verify_bpl
16:49:05.683 [CLI TAE (STDERR Thread - #0)] WARN  c.u.c.b.a.t.b.c.CommandLineAlgorithmRun - [PROCESS-ERR]      verifier_output = try_command(command, timeout=args.time_limit)
16:49:05.683 [CLI TAE (STDERR Thread - #0)] WARN  c.u.c.b.a.t.b.c.CommandLineAlgorithmRun - [PROCESS-ERR]    File "/mnt/local/smack-project/smack/bin/../share/smack/utils.py", line 69, in try_command
16:49:05.683 [CLI TAE (STDERR Thread - #0)] WARN  c.u.c.b.a.t.b.c.CommandLineAlgorithmRun - [PROCESS-ERR]      raise Exception(output)
16:49:05.683 [CLI TAE (STDERR Thread - #0)] WARN  c.u.c.b.a.t.b.c.CommandLineAlgorithmRun - [PROCESS-ERR]  Exception: Single threaded program detected
16:49:05.683 [CLI TAE (STDERR Thread - #0)] WARN  c.u.c.b.a.t.b.c.CommandLineAlgorithmRun - [PROCESS-ERR]  Verifying 37 impls
16:49:05.684 [CLI TAE (STDERR Thread - #0)] WARN  c.u.c.b.a.t.b.c.CommandLineAlgorithmRun - [PROCESS-ERR]  LB: Took 38.29 s
16:49:05.684 [CLI TAE (STDERR Thread - #0)] WARN  c.u.c.b.a.t.b.c.CommandLineAlgorithmRun - [PROCESS-ERR]  Verifying program while tracking: {assertsPassed}
16:49:05.684 [CLI TAE (STDERR Thread - #0)] WARN  c.u.c.b.a.t.b.c.CommandLineAlgorithmRun - [PROCESS-ERR]  /usr/local/bin/corral: line 2: 18553 Killed                  $CORRAL "$@"
16:49:05.684 [CLI TAE (STDERR Thread - #0)] WARN  c.u.c.b.a.t.b.c.CommandLineAlgorithmRun - [PROCESS-ERR]  
17:03:54.612 [CLI TAE (STDERR Thread - #0)] WARN  c.u.c.b.a.t.b.c.CommandLineAlgorithmRun - [PROCESS-ERR] Traceback (most recent call last):
  File "/mnt/local/smack-project/smack/bin/smack", line 13, in <module>
    smack.top.main()
  File "/mnt/local/smack-project/smack/bin/../share/smack/top.py", line 679, in main
    verify_bpl(args)
  File "/mnt/local/smack-project/smack/bin/../share/smack/top.py", line 548, in verify_bpl
    verifier_output = try_command(command, timeout=args.time_limit)
  File "/mnt/local/smack-project/smack/bin/../share/smack/utils.py", line 69, in try_command
    raise Exception(output)
Exception: Single threaded program detected
Verifying 96 impls
LB: Took 14.62 s
Verifying program while tracking: {assertsPassed}
/usr/local/bin/corral: line 2: 19122 Killed                  $CORRAL "$@"
17:22:12.924 [CLI TAE (STDERR Thread - #0)] WARN  c.u.c.b.a.t.b.c.CommandLineAlgorithmRun - [PROCESS-ERR]  Traceback (most recent call last):
17:22:12.925 [CLI TAE (STDERR Thread - #0)] WARN  c.u.c.b.a.t.b.c.CommandLineAlgorithmRun - [PROCESS-ERR]    File "/mnt/local/smack-project/smack/bin/smack", line 13, in <module>
17:22:12.929 [CLI TAE (STDERR Thread - #0)] WARN  c.u.c.b.a.t.b.c.CommandLineAlgorithmRun - [PROCESS-ERR]      smack.top.main()
17:22:12.929 [CLI TAE (STDERR Thread - #0)] WARN  c.u.c.b.a.t.b.c.CommandLineAlgorithmRun - [PROCESS-ERR]    File "/mnt/local/smack-project/smack/bin/../share/smack/top.py", line 679, in main
17:22:12.930 [CLI TAE (STDERR Thread - #0)] WARN  c.u.c.b.a.t.b.c.CommandLineAlgorithmRun - [PROCESS-ERR]      verify_bpl(args)
17:22:12.930 [CLI TAE (STDERR Thread - #0)] WARN  c.u.c.b.a.t.b.c.CommandLineAlgorithmRun - [PROCESS-ERR]    File "/mnt/local/smack-project/smack/bin/../share/smack/top.py", line 548, in verify_bpl
17:22:12.930 [CLI TAE (STDERR Thread - #0)] WARN  c.u.c.b.a.t.b.c.CommandLineAlgorithmRun - [PROCESS-ERR]      verifier_output = try_command(command, timeout=args.time_limit)
17:22:12.931 [CLI TAE (STDERR Thread - #0)] WARN  c.u.c.b.a.t.b.c.CommandLineAlgorithmRun - [PROCESS-ERR]    File "/mnt/local/smack-project/smack/bin/../share/smack/utils.py", line 69, in try_command
17:22:12.931 [CLI TAE (STDERR Thread - #0)] WARN  c.u.c.b.a.t.b.c.CommandLineAlgorithmRun - [PROCESS-ERR]      raise Exception(output)
17:22:12.931 [CLI TAE (STDERR Thread - #0)] WARN  c.u.c.b.a.t.b.c.CommandLineAlgorithmRun - [PROCESS-ERR]  Exception: Single threaded program detected
17:22:12.931 [CLI TAE (STDERR Thread - #0)] WARN  c.u.c.b.a.t.b.c.CommandLineAlgorithmRun - [PROCESS-ERR]  Verifying 10 impls
17:22:12.932 [CLI TAE (STDERR Thread - #0)] WARN  c.u.c.b.a.t.b.c.CommandLineAlgorithmRun - [PROCESS-ERR]  LB: Took 1.03 s
17:22:12.932 [CLI TAE (STDERR Thread - #0)] WARN  c.u.c.b.a.t.b.c.CommandLineAlgorithmRun - [PROCESS-ERR]  Verifying program while tracking: {assertsPassed}
17:22:12.932 [CLI TAE (STDERR Thread - #0)] WARN  c.u.c.b.a.t.b.c.CommandLineAlgorithmRun - [PROCESS-ERR]  /usr/local/bin/corral: line 2: 20556 Killed                  $CORRAL "$@"
17:22:12.932 [CLI TAE (STDERR Thread - #0)] WARN  c.u.c.b.a.t.b.c.CommandLineAlgorithmRun - [PROCESS-ERR]  
17:54:07.431 [CLI TAE (STDERR Thread - #0)] WARN  c.u.c.b.a.t.b.c.CommandLineAlgorithmRun - [PROCESS-ERR]  SMACK timed out.
18:12:49.090 [CLI TAE Observer Threads (2-1)] WARN  c.u.c.b.a.t.d.s.TimingCheckerTargetAlgorithmEvaluator - We have been waiting for 1120.676 seconds for a run that should have taken at most 373.4583602178573 seconds.
 The sample call for the run that is delayed is: cd "/proj/SMACK/smac" ;  example_scenarios/filesSmac/wrapper.py /proj/SMACK/sv-benchmarks/c/ldv-consumption/32_7a_cilled_true-unreach-call_linux-3.8-rc1-32_7a-drivers--net--wireless--ipw2x00--ipw2100.ko-ldv_main0_sequence_infinite_withcheck_stateful.cil.out.c 0 373.4583602178573 2147483647 -1 -/bopt:boolControlVC 'True' -/bopt:z3opt:SMT.MBQI 'False' -/deepAsserts 'False' -/di 'True' -/doNotUseLabels 'True' -/noCallTreeReuse 'True' -/noInitPruning 'True' -/nonUniformUnfolding 'False' -/staticInlining 'False' -/trackAllVars 'True' -/useArrayTheoryCheck '1' -bit-precise 'False' -unroll '16'  
18:25:25.901 [CLI TAE (STDERR Thread - #0)] WARN  c.u.c.b.a.t.b.c.CommandLineAlgorithmRun - [PROCESS-ERR] Traceback (most recent call last):
  File "/mnt/local/smack-project/smack/bin/smack", line 13, in <module>
    smack.top.main()
  File "/mnt/local/smack-project/smack/bin/../share/smack/top.py", line 679, in main
    verify_bpl(args)
  File "/mnt/local/smack-project/smack/bin/../share/smack/top.py", line 548, in verify_bpl
    verifier_output = try_command(command, timeout=args.time_limit)
  File "/mnt/local/smack-project/smack/bin/../share/smack/utils.py", line 69, in try_command
    raise Exception(output)
Exception: Single threaded program detected
Verifying 37 impls
LB: Took 43.96 s
Verifying program while tracking: {assertsPassed, $M.1, $M.3, $M.4, $M.5, $M.6, $M.7, $M.8, $M.9, $M.2, $M.10, $M.11, $M.14, $M.12, $M.13, $M.15, $M.16, $M.17, $M.18, $M.19, $M.20, $M.21, $M.22, $M.23, $M.24, $M.25, $M.26, $M.27, $M.28, $M.29, $M.30, $M.31, $M.32, $M.33, $M.34, $M.35, $M.36, $M.37, $M.38, $M.39, $M.40, $M.41, $M.42, $M.43, $M.44, $M.45, $M.46, $M.56, $M.57, $M.58, $CurrAddr, $M.67, $M.79, $M.68, $M.80, $M.81, $M.82, $M.83, $M.84, $M.85, $M.55, $M.54, $M.51, $M.60, $M.59, $M.86, $M.87, $M.88, $M.89, $M.90, $M.91, $M.92, $M.93, $M.94, $M.95, $M.96, $M.97, $M.98, $M.99, $M.100, $M.101, $M.102, $M.103, $M.104, $M.105, $M.106, $M.107, $M.108, $M.109, $M.110, $M.111, $M.112, $M.113, $M.114, $M.115, $M.116, $M.117, $M.118, $M.119, $M.120, $M.121, $M.122, $M.123, $M.124, $M.125, $M.126, $M.127, $M.128, $M.129, $M.130, $M.131, $M.132, $M.133, $M.134, $M.135, $M.136, $M.137, $M.138, $M.139, $M.140, $M.141, $M.142, $M.143, $M.144, $M.145, $M.146, $M.147, $M.148, $M.149, $M.150, $M.151, $M.152, $M.153, $M.154, $M.155, $M.156}

Unhandled Exception:
System.IO.IOException: Write fault on path /proj/SMACK/smac/[Unknown]
  at System.IO.FileStream.WriteInternal (System.Byte[] src, System.Int32 offset, System.Int32 count) [0x00077] in <9689214c1e4645be91df75196bac3cbb>:0 
  at System.IO.FileStream.Write (System.Byte[] array, System.Int32 offset, System.Int32 count) [0x00090] in <9689214c1e4645be91df75196bac3cbb>:0 
  at System.IO.StreamWriter.Flush (System.Boolean flushStream, System.Boolean flushEncoder) [0x0007e] in <9689214c1e4645be91df75196bac3cbb>:0 
  at System.IO.StreamWriter.Write (System.Char[] buffer, System.Int32 index, System.Int32 count) [0x000d3] in <9689214c1e4645be91df75196bac3cbb>:0 
  at System.IO.TextWriter.WriteLine (System.String value) [0x00070] in <9689214c1e4645be91df75196bac3cbb>:0 
  at Microsoft.Boogie.SMTLib.SMTLibProcess.Send (System.String cmd) [0x00064] in <f5accb802ed44cb3947f56724970b5d2>:0 
  at Microsoft.Boogie.SMTLib.SMTLibProcessTheoremProver.Send (System.String s, System.Boolean isCommon) [0x0002b] in <f5accb802ed44cb3947f56724970b5d2>:0 
  at Microsoft.Boogie.SMTLib.SMTLibProcessTheoremProver.SendThisVC (System.String s) [0x00000] in <f5accb802ed44cb3947f56724970b5d2>:0 
  at Microsoft.Boogie.SMTLib.SMTLibProcessTheoremProver.Pop () [0x00000] in <f5accb802ed44cb3947f56724970b5d2>:0 
  at CoreLib.StratifiedInlining.Pop () [0x00013] in <e9d33484b060443aa2670e74b0ba3ea2>:0 
  at CoreLib.StratifiedInlining.Fwd (System.Collections.Generic.HashSet`1[T] openCallSites, CoreLib.StratifiedInliningErrorReporter reporter, System.Boolean main, System.Int32 recBound) [0x00224] in <e9d33484b060443aa2670e74b0ba3ea2>:0 
  at CoreLib.StratifiedInlining.VerifyImplementation (Microsoft.Boogie.Implementation impl, Microsoft.Boogie.VerifierCallback callback) [0x00550] in <e9d33484b060443aa2670e74b0ba3ea2>:0 
  at VC.ConditionGeneration.VerifyImplementation (Microsoft.Boogie.Implementation impl, System.Collections.Generic.List`1[Microsoft.Boogie.Counterexample]& errors, System.String requestId) [0x00017] in <a8da882063844e99976e093a7115484b>:0 
  at cba.Util.BoogieVerify.Verify (Microsoft.Boogie.Program program, System.Boolean needErrorTraces, System.Collections.Generic.List`1[cba.Util.BoogieErrorTrace]& allErrors, System.Collections.Generic.List`1[System.String]& timedOut, System.Boolean isCBA) [0x00336] in <e9d33484b060443aa2670e74b0ba3ea2>:0 
  at cba.Util.BoogieVerify.Verify (Microsoft.Boogie.Program program, System.Collections.Generic.List`1[cba.Util.BoogieErrorTrace]& allErrors, System.Boolean isCBA) [0x00006] in <e9d33484b060443aa2670e74b0ba3ea2>:0 
  at cba.VerificationPass.feedToBoogie (cba.CBAProgram p) [0x0004f] in <e9d33484b060443aa2670e74b0ba3ea2>:0 
  at cba.VerificationPass.runCBAPass (cba.CBAProgram prog) [0x00019] in <e9d33484b060443aa2670e74b0ba3ea2>:0 
  at cba.CompilerPass.runPass (Microsoft.Boogie.Program inp) [0x00007] in <e9d33484b060443aa2670e74b0ba3ea2>:0 
  at ProgTransformation.TransformationPass.run (ProgTransformation.PersistentProgram inp) [0x00086] in <406a9b8545cf418dbe45b9439c4edba7>:0 
  at cba.CompilerPass.run (cba.PersistentCBAProgram inp) [0x00006] in <e9d33484b060443aa2670e74b0ba3ea2>:0 
  at cba.CBADriver.VerifyProgram (cba.PersistentCBAProgram& prog, cba.VarSet trackedVars, System.Boolean returnTrace, cba.PersistentCBAProgram& pout, cba.InsertionTrans& tinfo, cba.ErrorTrace& cex) [0x0011a] in <ed2f6684bfbf4b8d95407d3c35be8319>:0 
  at cba.CBADriver.checkProgram (cba.PersistentCBAProgram& prog, cba.VarSet trackedVars, System.Boolean returnTrace, cba.PersistentCBAProgram& pout, cba.InsertionTrans& tinfo, cba.ErrorTrace& cex) [0x00022] in <ed2f6684bfbf4b8d95407d3c35be8319>:0 
  at cba.Driver.checkAndRefine (cba.PersistentCBAProgram prog, cba.RefinementState refinementState, System.Action`2[T1,T2] printTrace, cba.ErrorTrace& cexTrace) [0x000de] in <ed2f6684bfbf4b8d95407d3c35be8319>:0 
  at cba.Driver.run (System.String[] args) [0x003f1] in <ed2f6684bfbf4b8d95407d3c35be8319>:0 
  at cba.Driver.Main (System.String[] args) [0x0005a] in <ed2f6684bfbf4b8d95407d3c35be8319>:0 
[ERROR] FATAL UNHANDLED EXCEPTION: System.IO.IOException: Write fault on path /proj/SMACK/smac/[Unknown]
  at System.IO.FileStream.WriteInternal (System.Byte[] src, System.Int32 offset, System.Int32 count) [0x00077] in <9689214c1e4645be91df75196bac3cbb>:0 
  at System.IO.FileStream.Write (System.Byte[] array, System.Int32 offset, System.Int32 count) [0x00090] in <9689214c1e4645be91df75196bac3cbb>:0 
  at System.IO.StreamWriter.Flush (System.Boolean flushStream, System.Boolean flushEncoder) [0x0007e] in <9689214c1e4645be91df75196bac3cbb>:0 
  at System.IO.StreamWriter.Write (System.Char[] buffer, System.Int32 index, System.Int32 count) [0x000d3] in <9689214c1e4645be91df75196bac3cbb>:0 
  at System.IO.TextWriter.WriteLine (System.String value) [0x00070] in <9689214c1e4645be91df75196bac3cbb>:0 
  at Microsoft.Boogie.SMTLib.SMTLibProcess.Send (System.String cmd) [0x00064] in <f5accb802ed44cb3947f56724970b5d2>:0 
  at Microsoft.Boogie.SMTLib.SMTLibProcessTheoremProver.Send (System.String s, System.Boolean isCommon) [0x0002b] in <f5accb802ed44cb3947f56724970b5d2>:0 
  at Microsoft.Boogie.SMTLib.SMTLibProcessTheoremProver.SendThisVC (System.String s) [0x00000] in <f5accb802ed44cb3947f56724970b5d2>:0 
  at Microsoft.Boogie.SMTLib.SMTLibProcessTheoremProver.Pop () [0x00000] in <f5accb802ed44cb3947f56724970b5d2>:0 
  at CoreLib.StratifiedInlining.Pop () [0x00013] in <e9d33484b060443aa2670e74b0ba3ea2>:0 
  at CoreLib.StratifiedInlining.Fwd (System.Collections.Generic.HashSet`1[T] openCallSites, CoreLib.StratifiedInliningErrorReporter reporter, System.Boolean main, System.Int32 recBound) [0x00224] in <e9d33484b060443aa2670e74b0ba3ea2>:0 
  at CoreLib.StratifiedInlining.VerifyImplementation (Microsoft.Boogie.Implementation impl, Microsoft.Boogie.VerifierCallback callback) [0x00550] in <e9d33484b060443aa2670e74b0ba3ea2>:0 
  at VC.ConditionGeneration.VerifyImplementation (Microsoft.Boogie.Implementation impl, System.Collections.Generic.List`1[Microsoft.Boogie.Counterexample]& errors, System.String requestId) [0x00017] in <a8da882063844e99976e093a7115484b>:0 
  at cba.Util.BoogieVerify.Verify (Microsoft.Boogie.Program program, System.Boolean needErrorTraces, System.Collections.Generic.List`1[cba.Util.BoogieErrorTrace]& allErrors, System.Collections.Generic.List`1[System.String]& timedOut, System.Boolean isCBA) [0x00336] in <e9d33484b060443aa2670e74b0ba3ea2>:0 
  at cba.Util.BoogieVerify.Verify (Microsoft.Boogie.Program program, System.Collections.Generic.List`1[cba.Util.BoogieErrorTrace]& allErrors, System.Boolean isCBA) [0x00006] in <e9d33484b060443aa2670e74b0ba3ea2>:0 
  at cba.VerificationPass.feedToBoogie (cba.CBAProgram p) [0x0004f] in <e9d33484b060443aa2670e74b0ba3ea2>:0 
  at cba.VerificationPass.runCBAPass (cba.CBAProgram prog) [0x00019] in <e9d33484b060443aa2670e74b0ba3ea2>:0 
  at cba.CompilerPass.runPass (Microsoft.Boogie.Program inp) [0x00007] in <e9d33484b060443aa2670e74b0ba3ea2>:0 
  at ProgTransformation.TransformationPass.run (ProgTransformation.PersistentProgram inp) [0x00086] in <406a9b8545cf418dbe45b9439c4edba7>:0 
  at cba.CompilerPass.run (cba.PersistentCBAProgram inp) [0x00006] in <e9d33484b060443aa2670e74b0ba3ea2>:0 
  at cba.CBADriver.VerifyProgram (cba.PersistentCBAProgram& prog, cba.VarSet trackedVars, System.Boolean returnTrace, cba.PersistentCBAProgram& pout, cba.InsertionTrans& tinfo, cba.ErrorTrace& cex) [0x0011a] in <ed2f6684bfbf4b8d95407d3c35be8319>:0 
  at cba.CBADriver.checkProgram (cba.PersistentCBAProgram& prog, cba.VarSet trackedVars, System.Boolean returnTrace, cba.PersistentCBAProgram& pout, cba.InsertionTrans& tinfo, cba.ErrorTrace& cex) [0x00022] in <ed2f6684bfbf4b8d95407d3c35be8319>:0 
  at cba.Driver.checkAndRefine (cba.PersistentCBAProgram prog, cba.RefinementState refinementState, System.Action`2[T1,T2] printTrace, cba.ErrorTrace& cexTrace) [0x000de] in <ed2f6684bfbf4b8d95407d3c35be8319>:0 
  at cba.Driver.run (System.String[] args) [0x003f1] in <ed2f6684bfbf4b8d95407d3c35be8319>:0 
  at cba.Driver.Main (System.String[] args) [0x0005a] in <ed2f6684bfbf4b8d95407d3c35be8319>:0
18:25:25.908 [CLI TAE Callback Threads (3-10)] WARN  c.u.c.b.a.t.d.s.TimingCheckerTargetAlgorithmEvaluator - Algorithm Run Result reported a runtime of 1877.61283517 (secs) that exceeded it's cutoff time of 373.4583602178573 (secs) by 1504.1544749521427 (secs). Next warning at 1505.1544749521427 (secs)  
18:25:25.908 [CLI TAE Callback Threads (3-10)] WARN  c.u.c.b.a.t.d.s.TimingCheckerTargetAlgorithmEvaluator - Algorithm Run Result reported wallclock time of 1877.639 (secs) that exceeded it's cutoff time of 373.4583602178573 (secs) by 1504.1806397821426 (secs). Next warning at 1505.1806397821426 (secs)  
18:39:17.621 [CLI TAE (STDERR Thread - #0)] WARN  c.u.c.b.a.t.b.c.CommandLineAlgorithmRun - [PROCESS-ERR]  Traceback (most recent call last):
18:39:17.624 [CLI TAE (STDERR Thread - #0)] WARN  c.u.c.b.a.t.b.c.CommandLineAlgorithmRun - [PROCESS-ERR]    File "/mnt/local/smack-project/smack/bin/smack", line 13, in <module>
18:39:17.624 [CLI TAE (STDERR Thread - #0)] WARN  c.u.c.b.a.t.b.c.CommandLineAlgorithmRun - [PROCESS-ERR]      smack.top.main()
18:39:17.624 [CLI TAE (STDERR Thread - #0)] WARN  c.u.c.b.a.t.b.c.CommandLineAlgorithmRun - [PROCESS-ERR]    File "/mnt/local/smack-project/smack/bin/../share/smack/top.py", line 679, in main
18:39:17.624 [CLI TAE (STDERR Thread - #0)] WARN  c.u.c.b.a.t.b.c.CommandLineAlgorithmRun - [PROCESS-ERR]      verify_bpl(args)
18:39:17.624 [CLI TAE (STDERR Thread - #0)] WARN  c.u.c.b.a.t.b.c.CommandLineAlgorithmRun - [PROCESS-ERR]    File "/mnt/local/smack-project/smack/bin/../share/smack/top.py", line 548, in verify_bpl
18:39:17.624 [CLI TAE (STDERR Thread - #0)] WARN  c.u.c.b.a.t.b.c.CommandLineAlgorithmRun - [PROCESS-ERR]      verifier_output = try_command(command, timeout=args.time_limit)
18:39:17.625 [CLI TAE (STDERR Thread - #0)] WARN  c.u.c.b.a.t.b.c.CommandLineAlgorithmRun - [PROCESS-ERR]    File "/mnt/local/smack-project/smack/bin/../share/smack/utils.py", line 69, in try_command
18:39:17.625 [CLI TAE (STDERR Thread - #0)] WARN  c.u.c.b.a.t.b.c.CommandLineAlgorithmRun - [PROCESS-ERR]      raise Exception(output)
18:39:17.625 [CLI TAE (STDERR Thread - #0)] WARN  c.u.c.b.a.t.b.c.CommandLineAlgorithmRun - [PROCESS-ERR]  Exception: Single threaded program detected
18:39:17.625 [CLI TAE (STDERR Thread - #0)] WARN  c.u.c.b.a.t.b.c.CommandLineAlgorithmRun - [PROCESS-ERR]  LB: Took 0.40 s
18:39:17.630 [CLI TAE (STDERR Thread - #0)] WARN  c.u.c.b.a.t.b.c.CommandLineAlgorithmRun - [PROCESS-ERR]  Verifying program while tracking: {assertsPassed}
18:39:17.630 [CLI TAE (STDERR Thread - #0)] WARN  c.u.c.b.a.t.b.c.CommandLineAlgorithmRun - [PROCESS-ERR]  /usr/local/bin/corral: line 2: 28876 Killed                  $CORRAL "$@"
18:39:17.630 [CLI TAE (STDERR Thread - #0)] WARN  c.u.c.b.a.t.b.c.CommandLineAlgorithmRun - [PROCESS-ERR]  
19:11:04.880 [CLI TAE (STDERR Thread - #0)] WARN  c.u.c.b.a.t.b.c.CommandLineAlgorithmRun - [PROCESS-ERR]  SMACK timed out.
19:46:18.932 [CLI TAE (STDERR Thread - #0)] WARN  c.u.c.b.a.t.b.c.CommandLineAlgorithmRun - [PROCESS-ERR] SMACK timed out.
20:02:38.021 [CLI TAE (STDERR Thread - #0)] WARN  c.u.c.b.a.t.b.c.CommandLineAlgorithmRun - [PROCESS-ERR]  Traceback (most recent call last):
20:02:38.024 [CLI TAE (STDERR Thread - #0)] WARN  c.u.c.b.a.t.b.c.CommandLineAlgorithmRun - [PROCESS-ERR]    File "/mnt/local/smack-project/smack/bin/smack", line 13, in <module>
20:02:38.024 [CLI TAE (STDERR Thread - #0)] WARN  c.u.c.b.a.t.b.c.CommandLineAlgorithmRun - [PROCESS-ERR]      smack.top.main()
20:02:38.026 [CLI TAE (STDERR Thread - #0)] WARN  c.u.c.b.a.t.b.c.CommandLineAlgorithmRun - [PROCESS-ERR]    File "/mnt/local/smack-project/smack/bin/../share/smack/top.py", line 679, in main
20:02:38.026 [CLI TAE (STDERR Thread - #0)] WARN  c.u.c.b.a.t.b.c.CommandLineAlgorithmRun - [PROCESS-ERR]      verify_bpl(args)
20:02:38.026 [CLI TAE (STDERR Thread - #0)] WARN  c.u.c.b.a.t.b.c.CommandLineAlgorithmRun - [PROCESS-ERR]    File "/mnt/local/smack-project/smack/bin/../share/smack/top.py", line 548, in verify_bpl
20:02:38.026 [CLI TAE (STDERR Thread - #0)] WARN  c.u.c.b.a.t.b.c.CommandLineAlgorithmRun - [PROCESS-ERR]      verifier_output = try_command(command, timeout=args.time_limit)
20:02:38.026 [CLI TAE (STDERR Thread - #0)] WARN  c.u.c.b.a.t.b.c.CommandLineAlgorithmRun - [PROCESS-ERR]    File "/mnt/local/smack-project/smack/bin/../share/smack/utils.py", line 69, in try_command
20:02:38.026 [CLI TAE (STDERR Thread - #0)] WARN  c.u.c.b.a.t.b.c.CommandLineAlgorithmRun - [PROCESS-ERR]      raise Exception(output)
20:02:38.027 [CLI TAE (STDERR Thread - #0)] WARN  c.u.c.b.a.t.b.c.CommandLineAlgorithmRun - [PROCESS-ERR]  Exception: Single threaded program detected
20:02:38.027 [CLI TAE (STDERR Thread - #0)] WARN  c.u.c.b.a.t.b.c.CommandLineAlgorithmRun - [PROCESS-ERR]  Verifying 41 impls
20:02:38.027 [CLI TAE (STDERR Thread - #0)] WARN  c.u.c.b.a.t.b.c.CommandLineAlgorithmRun - [PROCESS-ERR]  LB: Took 7.12 s
20:02:38.027 [CLI TAE (STDERR Thread - #0)] WARN  c.u.c.b.a.t.b.c.CommandLineAlgorithmRun - [PROCESS-ERR]  Verifying program while tracking: {assertsPassed}
20:02:38.029 [CLI TAE (STDERR Thread - #0)] WARN  c.u.c.b.a.t.b.c.CommandLineAlgorithmRun - [PROCESS-ERR]  /usr/local/bin/corral: line 2: 33857 Killed                  $CORRAL "$@"
20:02:38.029 [CLI TAE (STDERR Thread - #0)] WARN  c.u.c.b.a.t.b.c.CommandLineAlgorithmRun - [PROCESS-ERR]  
20:32:54.772 [CLI TAE (STDERR Thread - #0)] WARN  c.u.c.b.a.t.b.c.CommandLineAlgorithmRun - [PROCESS-ERR]  SMACK timed out.
21:05:02.758 [CLI TAE (STDERR Thread - #0)] WARN  c.u.c.b.a.t.b.c.CommandLineAlgorithmRun - [PROCESS-ERR] SMACK timed out.
21:35:31.833 [CLI TAE (STDERR Thread - #0)] WARN  c.u.c.b.a.t.b.c.CommandLineAlgorithmRun - [PROCESS-ERR]  SMACK timed out.
22:06:05.713 [CLI TAE Observer Threads (2-1)] WARN  c.u.c.b.a.t.d.s.TimingCheckerTargetAlgorithmEvaluator - We have been waiting for 1832.649 seconds for a run that should have taken at most 610.8780741583288 seconds.
 The sample call for the run that is delayed is: cd "/proj/SMACK/smac" ;  example_scenarios/filesSmac/wrapper.py /proj/SMACK/sv-benchmarks/c/ldv-consumption/32_7a_cilled_true-unreach-call_linux-3.8-rc1-32_7a-drivers--net--wireless--ipw2x00--ipw2100.ko-ldv_main0_sequence_infinite_withcheck_stateful.cil.out.c 0 610.8780741583288 2147483647 -1 -/bopt:boolControlVC 'True' -/bopt:z3opt:SMT.MBQI 'True' -/bopt:z3opt:SMT.MBQI.MAX_ITERATIONS '5547' -/deepAsserts 'False' -/di 'False' -/doNotUseLabels 'True' -/noCallTreeReuse 'True' -/noInitPruning 'True' -/nonUniformUnfolding 'False' -/staticInlining 'False' -/trackAllVars 'False' -/useArrayTheoryCheck '0' -bit-precise 'False' -unroll '16'  
22:07:12.362 [CLI TAE (STDERR Thread - #0)] WARN  c.u.c.b.a.t.b.c.CommandLineAlgorithmRun - [PROCESS-ERR]  SMACK timed out.
22:37:28.262 [CLI TAE (STDERR Thread - #0)] WARN  c.u.c.b.a.t.b.c.CommandLineAlgorithmRun - [PROCESS-ERR] SMACK timed out.
23:10:37.331 [CLI TAE (STDERR Thread - #0)] WARN  c.u.c.b.a.t.b.c.CommandLineAlgorithmRun - [PROCESS-ERR]  SMACK timed out.
23:41:16.823 [CLI TAE (STDERR Thread - #0)] WARN  c.u.c.b.a.t.b.c.CommandLineAlgorithmRun - [PROCESS-ERR]  Traceback (most recent call last):
23:41:16.827 [CLI TAE (STDERR Thread - #0)] WARN  c.u.c.b.a.t.b.c.CommandLineAlgorithmRun - [PROCESS-ERR]    File "/mnt/local/smack-project/smack/bin/smack", line 13, in <module>
23:41:16.827 [CLI TAE (STDERR Thread - #0)] WARN  c.u.c.b.a.t.b.c.CommandLineAlgorithmRun - [PROCESS-ERR]      smack.top.main()
23:41:16.827 [CLI TAE (STDERR Thread - #0)] WARN  c.u.c.b.a.t.b.c.CommandLineAlgorithmRun - [PROCESS-ERR]    File "/mnt/local/smack-project/smack/bin/../share/smack/top.py", line 679, in main
23:41:16.827 [CLI TAE (STDERR Thread - #0)] WARN  c.u.c.b.a.t.b.c.CommandLineAlgorithmRun - [PROCESS-ERR]      verify_bpl(args)
23:41:16.827 [CLI TAE (STDERR Thread - #0)] WARN  c.u.c.b.a.t.b.c.CommandLineAlgorithmRun - [PROCESS-ERR]    File "/mnt/local/smack-project/smack/bin/../share/smack/top.py", line 548, in verify_bpl
23:41:16.827 [CLI TAE (STDERR Thread - #0)] WARN  c.u.c.b.a.t.b.c.CommandLineAlgorithmRun - [PROCESS-ERR]      verifier_output = try_command(command, timeout=args.time_limit)
23:41:16.827 [CLI TAE (STDERR Thread - #0)] WARN  c.u.c.b.a.t.b.c.CommandLineAlgorithmRun - [PROCESS-ERR]    File "/mnt/local/smack-project/smack/bin/../share/smack/utils.py", line 69, in try_command
23:41:16.827 [CLI TAE (STDERR Thread - #0)] WARN  c.u.c.b.a.t.b.c.CommandLineAlgorithmRun - [PROCESS-ERR]      raise Exception(output)
23:41:16.827 [CLI TAE (STDERR Thread - #0)] WARN  c.u.c.b.a.t.b.c.CommandLineAlgorithmRun - [PROCESS-ERR]  Exception: Single threaded program detected
23:41:16.827 [CLI TAE (STDERR Thread - #0)] WARN  c.u.c.b.a.t.b.c.CommandLineAlgorithmRun - [PROCESS-ERR]  Verifying 96 impls
23:41:16.827 [CLI TAE (STDERR Thread - #0)] WARN  c.u.c.b.a.t.b.c.CommandLineAlgorithmRun - [PROCESS-ERR]  LB: Took 12.20 s
23:41:16.827 [CLI TAE (STDERR Thread - #0)] WARN  c.u.c.b.a.t.b.c.CommandLineAlgorithmRun - [PROCESS-ERR]  Verifying program while tracking: {assertsPassed, $M.0, $M.1, $M.2, $M.5, $M.6, $M.12, $M.13, $M.14, $M.15, $M.16, $M.17, $M.18, $M.19, $M.20, $M.22, $M.23, $M.24, $M.25, $M.26, $M.27, $M.28, $M.31, $M.41, $M.42, $M.44, $M.45, $M.46, $M.47, $M.49, $M.48, $M.50, $M.51, $M.52, $M.53, $M.54, $M.55, $M.56, $M.57, $M.58, $M.60, $M.61, $M.62, $M.63, $M.64, $M.65, $M.66, $M.76, $M.77, $M.78, $M.79, $M.80, $M.81, $M.82, $M.83, $M.84, $M.85, $M.86, $M.87, $M.88, $M.89, $M.90, $M.91, $M.92, $M.94, $M.95, $M.96, $M.97, $M.98, $M.110, $M.132, $M.133, $M.134, $M.59, $M.135, $M.136, $M.74, $M.138, $CurrAddr, $M.144, $M.145, $M.146, $M.147, $M.148, $M.149, $M.150, $M.151, $M.152, $M.153, $M.75, $M.154, $M.155, $M.156, $M.157, $M.158, $M.159, $M.160, $M.161, $M.162, $M.163, $M.164, $M.165, $M.166, $M.167, $M.168, $M.172, $M.173, $M.174, $M.175, $M.176, $M.177, $M.178, $M.205, $M.206, $M.207, $M.208, $M.212, $M.214, $M.117, $M.118, $M.119, $M.120, $M.121, $M.122, $M.123, $M.124, $M.215, $M.216, $M.217, $M.218, $M.219, $M.356, $M.363, $M.364, $M.365, $M.366, $M.367, $M.368, $M.369, $M.370, $M.371, $M.372, $M.373, $M.374, $M.375, $M.376, $M.377, $M.378, $M.379, $M.380, $M.381, $M.382, $M.383, $M.384, $M.385, $M.386, $M.387, $M.388, $M.389, $M.390, $M.391, $M.392}
23:41:16.827 [CLI TAE (STDERR Thread - #0)] WARN  c.u.c.b.a.t.b.c.CommandLineAlgorithmRun - [PROCESS-ERR]  /usr/local/bin/corral: line 2: 59278 Killed                  $CORRAL "$@"
23:41:16.827 [CLI TAE (STDERR Thread - #0)] WARN  c.u.c.b.a.t.b.c.CommandLineAlgorithmRun - [PROCESS-ERR]  
00:02:17.588 [CLI TAE (STDERR Thread - #0)] WARN  c.u.c.b.a.t.b.c.CommandLineAlgorithmRun - [PROCESS-ERR]  Traceback (most recent call last):
00:02:17.593 [CLI TAE (STDERR Thread - #0)] WARN  c.u.c.b.a.t.b.c.CommandLineAlgorithmRun - [PROCESS-ERR]    File "/mnt/local/smack-project/smack/bin/smack", line 13, in <module>
00:02:17.593 [CLI TAE (STDERR Thread - #0)] WARN  c.u.c.b.a.t.b.c.CommandLineAlgorithmRun - [PROCESS-ERR]      smack.top.main()
00:02:17.593 [CLI TAE (STDERR Thread - #0)] WARN  c.u.c.b.a.t.b.c.CommandLineAlgorithmRun - [PROCESS-ERR]    File "/mnt/local/smack-project/smack/bin/../share/smack/top.py", line 679, in main
00:02:17.594 [CLI TAE (STDERR Thread - #0)] WARN  c.u.c.b.a.t.b.c.CommandLineAlgorithmRun - [PROCESS-ERR]      verify_bpl(args)
00:02:17.595 [CLI TAE (STDERR Thread - #0)] WARN  c.u.c.b.a.t.b.c.CommandLineAlgorithmRun - [PROCESS-ERR]    File "/mnt/local/smack-project/smack/bin/../share/smack/top.py", line 548, in verify_bpl
00:02:17.595 [CLI TAE (STDERR Thread - #0)] WARN  c.u.c.b.a.t.b.c.CommandLineAlgorithmRun - [PROCESS-ERR]      verifier_output = try_command(command, timeout=args.time_limit)
00:02:17.595 [CLI TAE (STDERR Thread - #0)] WARN  c.u.c.b.a.t.b.c.CommandLineAlgorithmRun - [PROCESS-ERR]    File "/mnt/local/smack-project/smack/bin/../share/smack/utils.py", line 69, in try_command
00:02:17.595 [CLI TAE (STDERR Thread - #0)] WARN  c.u.c.b.a.t.b.c.CommandLineAlgorithmRun - [PROCESS-ERR]      raise Exception(output)
00:02:17.595 [CLI TAE (STDERR Thread - #0)] WARN  c.u.c.b.a.t.b.c.CommandLineAlgorithmRun - [PROCESS-ERR]  Exception: Single threaded program detected
00:02:17.595 [CLI TAE (STDERR Thread - #0)] WARN  c.u.c.b.a.t.b.c.CommandLineAlgorithmRun - [PROCESS-ERR]  Verifying 96 impls
00:02:17.595 [CLI TAE (STDERR Thread - #0)] WARN  c.u.c.b.a.t.b.c.CommandLineAlgorithmRun - [PROCESS-ERR]  LB: Took 13.24 s
00:02:17.595 [CLI TAE (STDERR Thread - #0)] WARN  c.u.c.b.a.t.b.c.CommandLineAlgorithmRun - [PROCESS-ERR]  Verifying program while tracking: {assertsPassed, $M.0, $M.1, $M.2, $M.5, $M.6, $M.12, $M.13, $M.14, $M.15, $M.16, $M.17, $M.18, $M.19, $M.20, $M.22, $M.23, $M.24, $M.25, $M.26, $M.27, $M.28, $M.31, $M.41, $M.42, $M.44, $M.45, $M.46, $M.47, $M.49, $M.48, $M.50, $M.51, $M.52, $M.53, $M.54, $M.55, $M.56, $M.57, $M.58, $M.60, $M.61, $M.62, $M.63, $M.64, $M.65, $M.66, $M.76, $M.77, $M.78, $M.79, $M.80, $M.81, $M.82, $M.83, $M.84, $M.85, $M.86, $M.87, $M.88, $M.89, $M.90, $M.91, $M.92, $M.94, $M.95, $M.96, $M.97, $M.98, $M.110, $M.132, $M.133, $M.134, $M.59, $M.135, $M.136, $M.74, $M.138, $CurrAddr, $M.144, $M.145, $M.146, $M.147, $M.148, $M.149, $M.150, $M.151, $M.152, $M.153, $M.75, $M.154, $M.155, $M.156, $M.157, $M.158, $M.159, $M.160, $M.161, $M.162, $M.163, $M.164, $M.165, $M.166, $M.167, $M.168, $M.172, $M.173, $M.174, $M.175, $M.176, $M.177, $M.178, $M.205, $M.206, $M.207, $M.208, $M.212, $M.214, $M.117, $M.118, $M.119, $M.120, $M.121, $M.122, $M.123, $M.124, $M.215, $M.216, $M.217, $M.218, $M.219, $M.356, $M.363, $M.364, $M.365, $M.366, $M.367, $M.368, $M.369, $M.370, $M.371, $M.372, $M.373, $M.374, $M.375, $M.376, $M.377, $M.378, $M.379, $M.380, $M.381, $M.382, $M.383, $M.384, $M.385, $M.386, $M.387, $M.388, $M.389, $M.390, $M.391, $M.392}
00:02:17.595 [CLI TAE (STDERR Thread - #0)] WARN  c.u.c.b.a.t.b.c.CommandLineAlgorithmRun - [PROCESS-ERR]  /usr/local/bin/corral: line 2: 62154 Killed                  $CORRAL "$@"
00:02:17.595 [CLI TAE (STDERR Thread - #0)] WARN  c.u.c.b.a.t.b.c.CommandLineAlgorithmRun - [PROCESS-ERR]  
01:15:47.385 [CLI TAE (STDERR Thread - #0)] WARN  c.u.c.b.a.t.b.c.CommandLineAlgorithmRun - [PROCESS-ERR]  SMACK timed out.
01:15:47.452 [CLI TAE Callback Threads (3-24)] WARN  c.u.c.b.a.t.d.s.TimingCheckerTargetAlgorithmEvaluator - Algorithm Run Result reported a runtime of 4407.60978389 (secs) that exceeded it's cutoff time of 2000.0 (secs) by 2407.6097838899996 (secs). Next warning at 2408.6097838899996 (secs)  
01:15:47.453 [CLI TAE Callback Threads (3-24)] WARN  c.u.c.b.a.t.d.s.TimingCheckerTargetAlgorithmEvaluator - Algorithm Run Result reported wallclock time of 4407.695 (secs) that exceeded it's cutoff time of 2000.0 (secs) by 2407.6949999999997 (secs). Next warning at 2408.6949999999997 (secs)  
01:21:59.422 [CLI TAE (STDERR Thread - #0)] WARN  c.u.c.b.a.t.b.c.CommandLineAlgorithmRun - [PROCESS-ERR]  Traceback (most recent call last):
01:21:59.422 [CLI TAE (STDERR Thread - #0)] WARN  c.u.c.b.a.t.b.c.CommandLineAlgorithmRun - [PROCESS-ERR]    File "/mnt/local/smack-project/smack/bin/smack", line 13, in <module>
01:21:59.423 [CLI TAE (STDERR Thread - #0)] WARN  c.u.c.b.a.t.b.c.CommandLineAlgorithmRun - [PROCESS-ERR]      smack.top.main()
01:21:59.423 [CLI TAE (STDERR Thread - #0)] WARN  c.u.c.b.a.t.b.c.CommandLineAlgorithmRun - [PROCESS-ERR]    File "/mnt/local/smack-project/smack/bin/../share/smack/top.py", line 679, in main
01:21:59.423 [CLI TAE (STDERR Thread - #0)] WARN  c.u.c.b.a.t.b.c.CommandLineAlgorithmRun - [PROCESS-ERR]      verify_bpl(args)
01:21:59.423 [CLI TAE (STDERR Thread - #0)] WARN  c.u.c.b.a.t.b.c.CommandLineAlgorithmRun - [PROCESS-ERR]    File "/mnt/local/smack-project/smack/bin/../share/smack/top.py", line 548, in verify_bpl
01:21:59.423 [CLI TAE (STDERR Thread - #0)] WARN  c.u.c.b.a.t.b.c.CommandLineAlgorithmRun - [PROCESS-ERR]      verifier_output = try_command(command, timeout=args.time_limit)
01:21:59.423 [CLI TAE (STDERR Thread - #0)] WARN  c.u.c.b.a.t.b.c.CommandLineAlgorithmRun - [PROCESS-ERR]    File "/mnt/local/smack-project/smack/bin/../share/smack/utils.py", line 69, in try_command
01:21:59.423 [CLI TAE (STDERR Thread - #0)] WARN  c.u.c.b.a.t.b.c.CommandLineAlgorithmRun - [PROCESS-ERR]      raise Exception(output)
01:21:59.423 [CLI TAE (STDERR Thread - #0)] WARN  c.u.c.b.a.t.b.c.CommandLineAlgorithmRun - [PROCESS-ERR]  Exception: Single threaded program detected
01:21:59.423 [CLI TAE (STDERR Thread - #0)] WARN  c.u.c.b.a.t.b.c.CommandLineAlgorithmRun - [PROCESS-ERR]  Verifying 3 impls
01:21:59.423 [CLI TAE (STDERR Thread - #0)] WARN  c.u.c.b.a.t.b.c.CommandLineAlgorithmRun - [PROCESS-ERR]  LB: Took 1.03 s
01:21:59.423 [CLI TAE (STDERR Thread - #0)] WARN  c.u.c.b.a.t.b.c.CommandLineAlgorithmRun - [PROCESS-ERR]  Verifying program while tracking: {assertsPassed}
01:21:59.423 [CLI TAE (STDERR Thread - #0)] WARN  c.u.c.b.a.t.b.c.CommandLineAlgorithmRun - [PROCESS-ERR]  /usr/local/bin/corral: line 2: 74635 Killed                  $CORRAL "$@"
01:21:59.423 [CLI TAE (STDERR Thread - #0)] WARN  c.u.c.b.a.t.b.c.CommandLineAlgorithmRun - [PROCESS-ERR]  
02:00:47.355 [CLI TAE (STDERR Thread - #0)] WARN  c.u.c.b.a.t.b.c.CommandLineAlgorithmRun - [PROCESS-ERR]  SMACK timed out.
02:27:44.653 [CLI TAE (STDERR Thread - #0)] WARN  c.u.c.b.a.t.b.c.CommandLineAlgorithmRun - [PROCESS-ERR]  Traceback (most recent call last):
02:27:44.658 [CLI TAE (STDERR Thread - #0)] WARN  c.u.c.b.a.t.b.c.CommandLineAlgorithmRun - [PROCESS-ERR]    File "/mnt/local/smack-project/smack/bin/smack", line 13, in <module>
02:27:44.658 [CLI TAE (STDERR Thread - #0)] WARN  c.u.c.b.a.t.b.c.CommandLineAlgorithmRun - [PROCESS-ERR]      smack.top.main()
02:27:44.658 [CLI TAE (STDERR Thread - #0)] WARN  c.u.c.b.a.t.b.c.CommandLineAlgorithmRun - [PROCESS-ERR]    File "/mnt/local/smack-project/smack/bin/../share/smack/top.py", line 679, in main
02:27:44.658 [CLI TAE (STDERR Thread - #0)] WARN  c.u.c.b.a.t.b.c.CommandLineAlgorithmRun - [PROCESS-ERR]      verify_bpl(args)
02:27:44.658 [CLI TAE (STDERR Thread - #0)] WARN  c.u.c.b.a.t.b.c.CommandLineAlgorithmRun - [PROCESS-ERR]    File "/mnt/local/smack-project/smack/bin/../share/smack/top.py", line 548, in verify_bpl
02:27:44.658 [CLI TAE (STDERR Thread - #0)] WARN  c.u.c.b.a.t.b.c.CommandLineAlgorithmRun - [PROCESS-ERR]      verifier_output = try_command(command, timeout=args.time_limit)
02:27:44.658 [CLI TAE (STDERR Thread - #0)] WARN  c.u.c.b.a.t.b.c.CommandLineAlgorithmRun - [PROCESS-ERR]    File "/mnt/local/smack-project/smack/bin/../share/smack/utils.py", line 69, in try_command
02:27:44.658 [CLI TAE (STDERR Thread - #0)] WARN  c.u.c.b.a.t.b.c.CommandLineAlgorithmRun - [PROCESS-ERR]      raise Exception(output)
02:27:44.658 [CLI TAE (STDERR Thread - #0)] WARN  c.u.c.b.a.t.b.c.CommandLineAlgorithmRun - [PROCESS-ERR]  Exception: Single threaded program detected
02:27:44.658 [CLI TAE (STDERR Thread - #0)] WARN  c.u.c.b.a.t.b.c.CommandLineAlgorithmRun - [PROCESS-ERR]  Verifying 35 impls
02:27:44.658 [CLI TAE (STDERR Thread - #0)] WARN  c.u.c.b.a.t.b.c.CommandLineAlgorithmRun - [PROCESS-ERR]  LB: Took 5.13 s
02:27:44.658 [CLI TAE (STDERR Thread - #0)] WARN  c.u.c.b.a.t.b.c.CommandLineAlgorithmRun - [PROCESS-ERR]  Verifying program while tracking: {assertsPassed}
02:27:44.659 [CLI TAE (STDERR Thread - #0)] WARN  c.u.c.b.a.t.b.c.CommandLineAlgorithmRun - [PROCESS-ERR]  /usr/local/bin/corral: line 2: 83164 Killed                  $CORRAL "$@"
02:27:44.659 [CLI TAE (STDERR Thread - #0)] WARN  c.u.c.b.a.t.b.c.CommandLineAlgorithmRun - [PROCESS-ERR]  
02:59:46.944 [CLI TAE (STDERR Thread - #0)] WARN  c.u.c.b.a.t.b.c.CommandLineAlgorithmRun - [PROCESS-ERR]  SMACK timed out.
03:32:25.166 [CLI TAE (STDERR Thread - #0)] WARN  c.u.c.b.a.t.b.c.CommandLineAlgorithmRun - [PROCESS-ERR]  Traceback (most recent call last):
03:32:25.167 [CLI TAE (STDERR Thread - #0)] WARN  c.u.c.b.a.t.b.c.CommandLineAlgorithmRun - [PROCESS-ERR]    File "/mnt/local/smack-project/smack/bin/smack", line 13, in <module>
03:32:25.167 [CLI TAE (STDERR Thread - #0)] WARN  c.u.c.b.a.t.b.c.CommandLineAlgorithmRun - [PROCESS-ERR]      smack.top.main()
03:32:25.167 [CLI TAE (STDERR Thread - #0)] WARN  c.u.c.b.a.t.b.c.CommandLineAlgorithmRun - [PROCESS-ERR]    File "/mnt/local/smack-project/smack/bin/../share/smack/top.py", line 679, in main
03:32:25.167 [CLI TAE (STDERR Thread - #0)] WARN  c.u.c.b.a.t.b.c.CommandLineAlgorithmRun - [PROCESS-ERR]      verify_bpl(args)
03:32:25.167 [CLI TAE (STDERR Thread - #0)] WARN  c.u.c.b.a.t.b.c.CommandLineAlgorithmRun - [PROCESS-ERR]    File "/mnt/local/smack-project/smack/bin/../share/smack/top.py", line 548, in verify_bpl
03:32:25.167 [CLI TAE (STDERR Thread - #0)] WARN  c.u.c.b.a.t.b.c.CommandLineAlgorithmRun - [PROCESS-ERR]      verifier_output = try_command(command, timeout=args.time_limit)
03:32:25.167 [CLI TAE (STDERR Thread - #0)] WARN  c.u.c.b.a.t.b.c.CommandLineAlgorithmRun - [PROCESS-ERR]    File "/mnt/local/smack-project/smack/bin/../share/smack/utils.py", line 69, in try_command
03:32:25.168 [CLI TAE (STDERR Thread - #0)] WARN  c.u.c.b.a.t.b.c.CommandLineAlgorithmRun - [PROCESS-ERR]      raise Exception(output)
03:32:25.168 [CLI TAE (STDERR Thread - #0)] WARN  c.u.c.b.a.t.b.c.CommandLineAlgorithmRun - [PROCESS-ERR]  Exception: Single threaded program detected
03:32:25.168 [CLI TAE (STDERR Thread - #0)] WARN  c.u.c.b.a.t.b.c.CommandLineAlgorithmRun - [PROCESS-ERR]  Verifying 96 impls
03:32:25.168 [CLI TAE (STDERR Thread - #0)] WARN  c.u.c.b.a.t.b.c.CommandLineAlgorithmRun - [PROCESS-ERR]  LB: Took 12.13 s
03:32:25.168 [CLI TAE (STDERR Thread - #0)] WARN  c.u.c.b.a.t.b.c.CommandLineAlgorithmRun - [PROCESS-ERR]  Verifying program while tracking: {assertsPassed, $M.0, $M.1, $M.2, $M.5, $M.6, $M.12, $M.13, $M.14, $M.15, $M.16, $M.17, $M.18, $M.19, $M.20, $M.22, $M.23, $M.24, $M.25, $M.26, $M.27, $M.28, $M.31, $M.41, $M.42, $M.44, $M.45, $M.46, $M.47, $M.49, $M.48, $M.50, $M.51, $M.52, $M.53, $M.54, $M.55, $M.56, $M.57, $M.58, $M.60, $M.61, $M.62, $M.63, $M.64, $M.65, $M.66, $M.76, $M.77, $M.78, $M.79, $M.80, $M.81, $M.82, $M.83, $M.84, $M.85, $M.86, $M.87, $M.88, $M.89, $M.90, $M.91, $M.92, $M.94, $M.95, $M.96, $M.97, $M.98, $M.110, $M.132, $M.133, $M.134, $M.59, $M.135, $M.136, $M.74, $M.138, $CurrAddr, $M.144, $M.145, $M.146, $M.147, $M.148, $M.149, $M.150, $M.151, $M.152, $M.153, $M.75, $M.154, $M.155, $M.156, $M.157, $M.158, $M.159, $M.160, $M.161, $M.162, $M.163, $M.164, $M.165, $M.166, $M.167, $M.168, $M.172, $M.173, $M.174, $M.175, $M.176, $M.177, $M.178, $M.205, $M.206, $M.207, $M.208, $M.212, $M.214, $M.117, $M.118, $M.119, $M.120, $M.121, $M.122, $M.123, $M.124, $M.215, $M.216, $M.217, $M.218, $M.219, $M.356, $M.363, $M.364, $M.365, $M.366, $M.367, $M.368, $M.369, $M.370, $M.371, $M.372, $M.373, $M.374, $M.375, $M.376, $M.377, $M.378, $M.379, $M.380, $M.381, $M.382, $M.383, $M.384, $M.385, $M.386, $M.387, $M.388, $M.389, $M.390, $M.391, $M.392}
03:32:25.168 [CLI TAE (STDERR Thread - #0)] WARN  c.u.c.b.a.t.b.c.CommandLineAlgorithmRun - [PROCESS-ERR]  /usr/local/bin/corral: line 2: 95836 Killed                  $CORRAL "$@"
03:32:25.168 [CLI TAE (STDERR Thread - #0)] WARN  c.u.c.b.a.t.b.c.CommandLineAlgorithmRun - [PROCESS-ERR]  
03:58:12.381 [CLI TAE (STDERR Thread - #0)] WARN  c.u.c.b.a.t.b.c.CommandLineAlgorithmRun - [PROCESS-ERR] Traceback (most recent call last):
  File "/mnt/local/smack-project/smack/bin/smack", line 13, in <module>
    smack.top.main()
  File "/mnt/local/smack-project/smack/bin/../share/smack/top.py", line 679, in main
    verify_bpl(args)
  File "/mnt/local/smack-project/smack/bin/../share/smack/top.py", line 548, in verify_bpl
    verifier_output = try_command(command, timeout=args.time_limit)
  File "/mnt/local/smack-project/smack/bin/../share/smack/utils.py", line 69, in try_command
    raise Exception(output)
Exception: Single threaded program detected
Verifying 102 impls
LB: Took 103.22 s
Verifying program while tracking: {assertsPassed}
/usr/local/bin/corral: line 2: 98249 Killed                  $CORRAL "$@"
05:02:35.958 [CLI TAE (STDERR Thread - #0)] WARN  c.u.c.b.a.t.b.c.CommandLineAlgorithmRun - [PROCESS-ERR]  SMACK timed out.
05:35:43.594 [CLI TAE (STDERR Thread - #0)] WARN  c.u.c.b.a.t.b.c.CommandLineAlgorithmRun - [PROCESS-ERR] SMACK timed out.
05:58:17.263 [CLI TAE (Master Thread - #0)] ERROR c.u.c.b.a.t.b.c.CommandLineAlgorithmRun - The following algorithm call failed: cd "/proj/SMACK/smac" ;  example_scenarios/filesSmac/wrapper.py /proj/SMACK/sv-benchmarks/c/ldv-linux-3.14/linux-3.14__linux-usb-dev__drivers-net-ethernet-marvell-skge_true-unreach-call.cil.c 0 2000.0 2147483647 -1 -/bopt:boolControlVC 'True' -/bopt:z3opt:SMT.MBQI 'False' -/deepAsserts 'False' -/di 'False' -/doNotUseLabels 'False' -/noCallTreeReuse 'False' -/noInitPruning 'False' -/nonUniformUnfolding 'True' -/staticInlining 'False' -/trackAllVars 'True' -/useArrayTheoryCheck '1' -bit-precise 'False' -unroll '16'  
