# JRE version: OpenJDK Runtime Environment (8.0_171-b11) (build 1.8.0_171-8u171-b11-2~14.04-b11)
# Java VM: OpenJDK 64-Bit Server VM (25.171-b11 mixed mode linux-amd64 compressed oops)
Heap:
 PSYoungGen      total 131072K, used 0K [0x00000000eab00000, 0x0000000100000000, 0x0000000100000000)
  eden space 126976K, 0% used [0x00000000eab00000,0x00000000eab00000,0x00000000f2700000)
  from space 4096K, 0% used [0x00000000f2700000,0x00000000f2700000,0x00000000f2b00000)
  to   space 116224K, 0% used [0x00000000f8e80000,0x00000000f8e80000,0x0000000100000000)
 ParOldGen       total 552960K, used 427162K [0x00000000c0000000, 0x00000000e1c00000, 0x00000000eab00000)
  object space 552960K, 77% used [0x00000000c0000000,0x00000000da126ae0,0x00000000e1c00000)
 Metaspace       used 16097K, capacity 16345K, committed 16512K, reserved 1064960K
  class space    used 1781K, capacity 1858K, committed 1920K, reserved 1048576K
GC Heap History (10 events):
Event: 18836.649 GC heap after
Heap after GC invocations=91 (full 2):
 PSYoungGen      total 238592K, used 78816K [0x00000000eab00000, 0x00000000ffe80000, 0x0000000100000000)
  eden space 129024K, 0% used [0x00000000eab00000,0x00000000eab00000,0x00000000f2900000)
  from space 109568K, 71% used [0x00000000f2900000,0x00000000f75f8160,0x00000000f9400000)
  to   space 108544K, 0% used [0x00000000f9480000,0x00000000f9480000,0x00000000ffe80000)
 ParOldGen       total 552960K, used 511053K [0x00000000c0000000, 0x00000000e1c00000, 0x00000000eab00000)
  object space 552960K, 92% used [0x00000000c0000000,0x00000000df3136c0,0x00000000e1c00000)
 Metaspace       used 16067K, capacity 16327K, committed 16512K, reserved 1064960K
  class space    used 1779K, capacity 1855K, committed 1920K, reserved 1048576K
}
Event: 18844.206 GC heap before
{Heap before GC invocations=92 (full 2):
 PSYoungGen      total 238592K, used 207840K [0x00000000eab00000, 0x00000000ffe80000, 0x0000000100000000)
  eden space 129024K, 100% used [0x00000000eab00000,0x00000000f2900000,0x00000000f2900000)
  from space 109568K, 71% used [0x00000000f2900000,0x00000000f75f8160,0x00000000f9400000)
  to   space 108544K, 0% used [0x00000000f9480000,0x00000000f9480000,0x00000000ffe80000)
 ParOldGen       total 552960K, used 511053K [0x00000000c0000000, 0x00000000e1c00000, 0x00000000eab00000)
  object space 552960K, 92% used [0x00000000c0000000,0x00000000df3136c0,0x00000000e1c00000)
 Metaspace       used 16067K, capacity 16327K, committed 16512K, reserved 1064960K
  class space    used 1779K, capacity 1855K, committed 1920K, reserved 1048576K
Event: 18844.269 GC heap after
Heap after GC invocations=92 (full 2):
 PSYoungGen      total 238080K, used 78992K [0x00000000eab00000, 0x00000000ffd00000, 0x0000000100000000)
  eden space 131072K, 0% used [0x00000000eab00000,0x00000000eab00000,0x00000000f2b00000)
  from space 107008K, 73% used [0x00000000f9480000,0x00000000fe1a4150,0x00000000ffd00000)
  to   space 107520K, 0% used [0x00000000f2b00000,0x00000000f2b00000,0x00000000f9400000)
 ParOldGen       total 552960K, used 515245K [0x00000000c0000000, 0x00000000e1c00000, 0x00000000eab00000)
  object space 552960K, 93% used [0x00000000c0000000,0x00000000df72b6d0,0x00000000e1c00000)
 Metaspace       used 16067K, capacity 16327K, committed 16512K, reserved 1064960K
  class space    used 1779K, capacity 1855K, committed 1920K, reserved 1048576K
}
Event: 18845.565 GC heap before
{Heap before GC invocations=93 (full 2):
 PSYoungGen      total 238080K, used 210064K [0x00000000eab00000, 0x00000000ffd00000, 0x0000000100000000)
  eden space 131072K, 100% used [0x00000000eab00000,0x00000000f2b00000,0x00000000f2b00000)
  from space 107008K, 73% used [0x00000000f9480000,0x00000000fe1a4150,0x00000000ffd00000)
  to   space 107520K, 0% used [0x00000000f2b00000,0x00000000f2b00000,0x00000000f9400000)
 ParOldGen       total 552960K, used 515245K [0x00000000c0000000, 0x00000000e1c00000, 0x00000000eab00000)
  object space 552960K, 93% used [0x00000000c0000000,0x00000000df72b6d0,0x00000000e1c00000)
 Metaspace       used 16067K, capacity 16327K, committed 16512K, reserved 1064960K
  class space    used 1779K, capacity 1855K, committed 1920K, reserved 1048576K
Event: 18845.633 GC heap after
Heap after GC invocations=93 (full 2):
 PSYoungGen      total 238592K, used 79632K [0x00000000eab00000, 0x00000000fff80000, 0x0000000100000000)
  eden space 131072K, 0% used [0x00000000eab00000,0x00000000eab00000,0x00000000f2b00000)
  from space 107520K, 74% used [0x00000000f2b00000,0x00000000f78c4130,0x00000000f9400000)
  to   space 107008K, 0% used [0x00000000f9700000,0x00000000f9700000,0x00000000fff80000)
 ParOldGen       total 552960K, used 517653K [0x00000000c0000000, 0x00000000e1c00000, 0x00000000eab00000)
  object space 552960K, 93% used [0x00000000c0000000,0x00000000df9856d0,0x00000000e1c00000)
 Metaspace       used 16067K, capacity 16327K, committed 16512K, reserved 1064960K
  class space    used 1779K, capacity 1855K, committed 1920K, reserved 1048576K
}
Event: 18853.068 GC heap before
{Heap before GC invocations=94 (full 2):
 PSYoungGen      total 238592K, used 210704K [0x00000000eab00000, 0x00000000fff80000, 0x0000000100000000)
  eden space 131072K, 100% used [0x00000000eab00000,0x00000000f2b00000,0x00000000f2b00000)
  from space 107520K, 74% used [0x00000000f2b00000,0x00000000f78c4130,0x00000000f9400000)
  to   space 107008K, 0% used [0x00000000f9700000,0x00000000f9700000,0x00000000fff80000)
 ParOldGen       total 552960K, used 517653K [0x00000000c0000000, 0x00000000e1c00000, 0x00000000eab00000)
  object space 552960K, 93% used [0x00000000c0000000,0x00000000df9856d0,0x00000000e1c00000)
 Metaspace       used 16091K, capacity 16345K, committed 16512K, reserved 1064960K
  class space    used 1780K, capacity 1858K, committed 1920K, reserved 1048576K
Event: 18853.100 GC heap after
Heap after GC invocations=94 (full 2):
 PSYoungGen      total 233984K, used 27941K [0x00000000eab00000, 0x0000000100000000, 0x0000000100000000)
  eden space 126976K, 0% used [0x00000000eab00000,0x00000000eab00000,0x00000000f2700000)
  from space 107008K, 26% used [0x00000000f9700000,0x00000000fb249438,0x00000000fff80000)
  to   space 111104K, 0% used [0x00000000f2700000,0x00000000f2700000,0x00000000f9380000)
 ParOldGen       total 552960K, used 520957K [0x00000000c0000000, 0x00000000e1c00000, 0x00000000eab00000)
  object space 552960K, 94% used [0x00000000c0000000,0x00000000dfcbf6e0,0x00000000e1c00000)
 Metaspace       used 16091K, capacity 16345K, committed 16512K, reserved 1064960K
  class space    used 1780K, capacity 1858K, committed 1920K, reserved 1048576K
}
Event: 18854.260 GC heap before
{Heap before GC invocations=95 (full 2):
 PSYoungGen      total 233984K, used 154917K [0x00000000eab00000, 0x0000000100000000, 0x0000000100000000)
  eden space 126976K, 100% used [0x00000000eab00000,0x00000000f2700000,0x00000000f2700000)
  from space 107008K, 26% used [0x00000000f9700000,0x00000000fb249438,0x00000000fff80000)
  to   space 111104K, 0% used [0x00000000f2700000,0x00000000f2700000,0x00000000f9380000)
 ParOldGen       total 552960K, used 520957K [0x00000000c0000000, 0x00000000e1c00000, 0x00000000eab00000)
  object space 552960K, 94% used [0x00000000c0000000,0x00000000dfcbf6e0,0x00000000e1c00000)
 Metaspace       used 16097K, capacity 16345K, committed 16512K, reserved 1064960K
  class space    used 1781K, capacity 1858K, committed 1920K, reserved 1048576K
Event: 18854.296 GC heap after
Heap after GC invocations=95 (full 2):
 PSYoungGen      total 131072K, used 3754K [0x00000000eab00000, 0x0000000100000000, 0x0000000100000000)
  eden space 126976K, 0% used [0x00000000eab00000,0x00000000eab00000,0x00000000f2700000)
  from space 4096K, 91% used [0x00000000f2700000,0x00000000f2aaa820,0x00000000f2b00000)
  to   space 116224K, 0% used [0x00000000f8e80000,0x00000000f8e80000,0x0000000100000000)
 ParOldGen       total 552960K, used 542842K [0x00000000c0000000, 0x00000000e1c00000, 0x00000000eab00000)
  object space 552960K, 98% used [0x00000000c0000000,0x00000000e121e850,0x00000000e1c00000)
 Metaspace       used 16097K, capacity 16345K, committed 16512K, reserved 1064960K
  class space    used 1781K, capacity 1858K, committed 1920K, reserved 1048576K
}
Event: 18854.297 GC heap before
{Heap before GC invocations=96 (full 3):
 PSYoungGen      total 131072K, used 3754K [0x00000000eab00000, 0x0000000100000000, 0x0000000100000000)
  eden space 126976K, 0% used [0x00000000eab00000,0x00000000eab00000,0x00000000f2700000)
  from space 4096K, 91% used [0x00000000f2700000,0x00000000f2aaa820,0x00000000f2b00000)
  to   space 116224K, 0% used [0x00000000f8e80000,0x00000000f8e80000,0x0000000100000000)
 ParOldGen       total 552960K, used 542842K [0x00000000c0000000, 0x00000000e1c00000, 0x00000000eab00000)
  object space 552960K, 98% used [0x00000000c0000000,0x00000000e121e850,0x00000000e1c00000)
 Metaspace       used 16097K, capacity 16345K, committed 16512K, reserved 1064960K
  class space    used 1781K, capacity 1858K, committed 1920K, reserved 1048576K

