# JRE version: OpenJDK Runtime Environment (8.0_171-b11) (build 1.8.0_171-8u171-b11-2~14.04-b11)
# Java VM: OpenJDK 64-Bit Server VM (25.171-b11 mixed mode linux-amd64 compressed oops)
Heap:
 PSYoungGen      total 279040K, used 29156K [0x00000000eab00000, 0x00000000fe080000, 0x0000000100000000)
  eden space 249856K, 0% used [0x00000000eab00000,0x00000000eab00000,0x00000000f9f00000)
  from space 29184K, 99% used [0x00000000fc400000,0x00000000fe0790c0,0x00000000fe080000)
  to   space 30208K, 0% used [0x00000000f9f00000,0x00000000f9f00000,0x00000000fbc80000)
 ParOldGen       total 699392K, used 635925K [0x00000000c0000000, 0x00000000eab00000, 0x00000000eab00000)
  object space 699392K, 90% used [0x00000000c0000000,0x00000000e6d057f0,0x00000000eab00000)
 Metaspace       used 16377K, capacity 16589K, committed 16768K, reserved 1064960K
  class space    used 1780K, capacity 1856K, committed 1920K, reserved 1048576K
GC Heap History (10 events):
Event: 85656.535 GC heap after
Heap after GC invocations=495 (full 30):
 PSYoungGen      total 272384K, used 7762K [0x00000000eab00000, 0x00000000fda00000, 0x0000000100000000)
  eden space 237568K, 0% used [0x00000000eab00000,0x00000000eab00000,0x00000000f9300000)
  from space 34816K, 22% used [0x00000000f9300000,0x00000000f9a94830,0x00000000fb500000)
  to   space 33792K, 0% used [0x00000000fb900000,0x00000000fb900000,0x00000000fda00000)
 ParOldGen       total 699392K, used 611009K [0x00000000c0000000, 0x00000000eab00000, 0x00000000eab00000)
  object space 699392K, 87% used [0x00000000c0000000,0x00000000e54b07d0,0x00000000eab00000)
 Metaspace       used 16374K, capacity 16589K, committed 16768K, reserved 1064960K
  class space    used 1780K, capacity 1856K, committed 1920K, reserved 1048576K
}
Event: 85656.959 GC heap before
{Heap before GC invocations=496 (full 30):
 PSYoungGen      total 272384K, used 245330K [0x00000000eab00000, 0x00000000fda00000, 0x0000000100000000)
  eden space 237568K, 100% used [0x00000000eab00000,0x00000000f9300000,0x00000000f9300000)
  from space 34816K, 22% used [0x00000000f9300000,0x00000000f9a94830,0x00000000fb500000)
  to   space 33792K, 0% used [0x00000000fb900000,0x00000000fb900000,0x00000000fda00000)
 ParOldGen       total 699392K, used 611009K [0x00000000c0000000, 0x00000000eab00000, 0x00000000eab00000)
  object space 699392K, 87% used [0x00000000c0000000,0x00000000e54b07d0,0x00000000eab00000)
 Metaspace       used 16374K, capacity 16589K, committed 16768K, reserved 1064960K
  class space    used 1780K, capacity 1856K, committed 1920K, reserved 1048576K
Event: 85656.974 GC heap after
Heap after GC invocations=496 (full 30):
 PSYoungGen      total 274432K, used 8970K [0x00000000eab00000, 0x00000000fd800000, 0x0000000100000000)
  eden space 242688K, 0% used [0x00000000eab00000,0x00000000eab00000,0x00000000f9800000)
  from space 31744K, 28% used [0x00000000fb900000,0x00000000fc1c2930,0x00000000fd800000)
  to   space 32768K, 0% used [0x00000000f9800000,0x00000000f9800000,0x00000000fb800000)
 ParOldGen       total 699392K, used 611009K [0x00000000c0000000, 0x00000000eab00000, 0x00000000eab00000)
  object space 699392K, 87% used [0x00000000c0000000,0x00000000e54b07d0,0x00000000eab00000)
 Metaspace       used 16374K, capacity 16589K, committed 16768K, reserved 1064960K
  class space    used 1780K, capacity 1856K, committed 1920K, reserved 1048576K
}
Event: 85663.565 GC heap before
{Heap before GC invocations=497 (full 30):
 PSYoungGen      total 274432K, used 251658K [0x00000000eab00000, 0x00000000fd800000, 0x0000000100000000)
  eden space 242688K, 100% used [0x00000000eab00000,0x00000000f9800000,0x00000000f9800000)
  from space 31744K, 28% used [0x00000000fb900000,0x00000000fc1c2930,0x00000000fd800000)
  to   space 32768K, 0% used [0x00000000f9800000,0x00000000f9800000,0x00000000fb800000)
 ParOldGen       total 699392K, used 611009K [0x00000000c0000000, 0x00000000eab00000, 0x00000000eab00000)
  object space 699392K, 87% used [0x00000000c0000000,0x00000000e54b07d0,0x00000000eab00000)
 Metaspace       used 16374K, capacity 16589K, committed 16768K, reserved 1064960K
  class space    used 1780K, capacity 1856K, committed 1920K, reserved 1048576K
Event: 85667.032 GC heap after
Heap after GC invocations=497 (full 30):
 PSYoungGen      total 275456K, used 8009K [0x00000000eab00000, 0x00000000fde80000, 0x0000000100000000)
  eden space 242688K, 0% used [0x00000000eab00000,0x00000000eab00000,0x00000000f9800000)
  from space 32768K, 24% used [0x00000000f9800000,0x00000000f9fd2670,0x00000000fb800000)
  to   space 31744K, 0% used [0x00000000fbf80000,0x00000000fbf80000,0x00000000fde80000)
 ParOldGen       total 699392K, used 612337K [0x00000000c0000000, 0x00000000eab00000, 0x00000000eab00000)
  object space 699392K, 87% used [0x00000000c0000000,0x00000000e55fc400,0x00000000eab00000)
 Metaspace       used 16374K, capacity 16589K, committed 16768K, reserved 1064960K
  class space    used 1780K, capacity 1856K, committed 1920K, reserved 1048576K
}
Event: 85678.697 GC heap before
{Heap before GC invocations=498 (full 30):
 PSYoungGen      total 275456K, used 250697K [0x00000000eab00000, 0x00000000fde80000, 0x0000000100000000)
  eden space 242688K, 100% used [0x00000000eab00000,0x00000000f9800000,0x00000000f9800000)
  from space 32768K, 24% used [0x00000000f9800000,0x00000000f9fd2670,0x00000000fb800000)
  to   space 31744K, 0% used [0x00000000fbf80000,0x00000000fbf80000,0x00000000fde80000)
 ParOldGen       total 699392K, used 612337K [0x00000000c0000000, 0x00000000eab00000, 0x00000000eab00000)
  object space 699392K, 87% used [0x00000000c0000000,0x00000000e55fc400,0x00000000eab00000)
 Metaspace       used 16374K, capacity 16589K, committed 16768K, reserved 1064960K
  class space    used 1780K, capacity 1856K, committed 1920K, reserved 1048576K
Event: 85679.929 GC heap after
Heap after GC invocations=498 (full 30):
 PSYoungGen      total 276992K, used 9324K [0x00000000eab00000, 0x00000000fda00000, 0x0000000100000000)
  eden space 249856K, 0% used [0x00000000eab00000,0x00000000eab00000,0x00000000f9f00000)
  from space 27136K, 34% used [0x00000000fbf80000,0x00000000fc89b080,0x00000000fda00000)
  to   space 30208K, 0% used [0x00000000f9f00000,0x00000000f9f00000,0x00000000fbc80000)
 ParOldGen       total 699392K, used 612337K [0x00000000c0000000, 0x00000000eab00000, 0x00000000eab00000)
  object space 699392K, 87% used [0x00000000c0000000,0x00000000e55fc400,0x00000000eab00000)
 Metaspace       used 16374K, capacity 16589K, committed 16768K, reserved 1064960K
  class space    used 1780K, capacity 1856K, committed 1920K, reserved 1048576K
}
Event: 85691.527 GC heap before
{Heap before GC invocations=499 (full 30):
 PSYoungGen      total 276992K, used 259180K [0x00000000eab00000, 0x00000000fda00000, 0x0000000100000000)
  eden space 249856K, 100% used [0x00000000eab00000,0x00000000f9f00000,0x00000000f9f00000)
  from space 27136K, 34% used [0x00000000fbf80000,0x00000000fc89b080,0x00000000fda00000)
  to   space 30208K, 0% used [0x00000000f9f00000,0x00000000f9f00000,0x00000000fbc80000)
 ParOldGen       total 699392K, used 612337K [0x00000000c0000000, 0x00000000eab00000, 0x00000000eab00000)
  object space 699392K, 87% used [0x00000000c0000000,0x00000000e55fc400,0x00000000eab00000)
 Metaspace       used 16374K, capacity 16589K, committed 16768K, reserved 1064960K
  class space    used 1780K, capacity 1856K, committed 1920K, reserved 1048576K
Event: 85693.897 GC heap after
Heap after GC invocations=499 (full 30):
 PSYoungGen      total 280064K, used 7982K [0x00000000eab00000, 0x00000000fe080000, 0x0000000100000000)
  eden space 249856K, 0% used [0x00000000eab00000,0x00000000eab00000,0x00000000f9f00000)
  from space 30208K, 26% used [0x00000000f9f00000,0x00000000fa6cb870,0x00000000fbc80000)
  to   space 29184K, 0% used [0x00000000fc400000,0x00000000fc400000,0x00000000fe080000)
 ParOldGen       total 699392K, used 613613K [0x00000000c0000000, 0x00000000eab00000, 0x00000000eab00000)
  object space 699392K, 87% used [0x00000000c0000000,0x00000000e573b518,0x00000000eab00000)
 Metaspace       used 16374K, capacity 16589K, committed 16768K, reserved 1064960K
  class space    used 1780K, capacity 1856K, committed 1920K, reserved 1048576K
}
Event: 87785.458 GC heap before
{Heap before GC invocations=500 (full 30):
 PSYoungGen      total 280064K, used 257838K [0x00000000eab00000, 0x00000000fe080000, 0x0000000100000000)
  eden space 249856K, 100% used [0x00000000eab00000,0x00000000f9f00000,0x00000000f9f00000)
  from space 30208K, 26% used [0x00000000f9f00000,0x00000000fa6cb870,0x00000000fbc80000)
  to   space 29184K, 0% used [0x00000000fc400000,0x00000000fc400000,0x00000000fe080000)
 ParOldGen       total 699392K, used 613613K [0x00000000c0000000, 0x00000000eab00000, 0x00000000eab00000)
  object space 699392K, 87% used [0x00000000c0000000,0x00000000e573b518,0x00000000eab00000)
 Metaspace       used 16377K, capacity 16589K, committed 16768K, reserved 1064960K
  class space    used 1780K, capacity 1856K, committed 1920K, reserved 1048576K

